{
    "inputs": [
        {
            "user_id": "21202575",
            "session_id": "21202575_1478051815420",
            "timestamp": 1478038984287,
            "sequence_id": 1,
            "section_id": 1,
            "activity_id": 0,
            "activity_kind": "dragdrop",
            "data": {
                "kind": "Input",
                "user_input": [
                    {
                        "slot": 0,
                        "stickers": []
                    },
                    {
                        "slot": 1,
                        "stickers": []
                    },
                    {
                        "slot": 2,
                        "stickers": []
                    },
                    {
                        "slot": 3,
                        "stickers": []
                    }
                ]
            }
        },
        {
            "user_id": "21202575",
            "session_id": "21202575_1478051815420",
            "timestamp": 1478038989895,
            "sequence_id": 1,
            "section_id": 1,
            "activity_id": 1,
            "activity_kind": "curvetest",
            "data": {
                "kind": "Input",
                "user_input": [
                    2020.408163265306,
                    2020.408163265306,
                    2020.408163265306,
                    2020.408163265306,
                    2020.408163265306,
                    2020.408163265306
                ]
            }
        },
        {
            "user_id": "21202575",
            "session_id": "21202575_1478051815420",
            "timestamp": 1478039247806,
            "sequence_id": 1,
            "section_id": 2,
            "activity_id": 5,
            "activity_kind": "pipette",
            "data": {
                "kind": "Input",
                "user_input": [
                    199682,
                    0.27,
                    0.3,
                    3
                ]
            }
        },
        {
            "user_id": "21202575",
            "session_id": "21202575_1478051815420",
            "timestamp": 1478039331141,
            "sequence_id": 1,
            "section_id": 2,
            "activity_id": 5,
            "activity_kind": "pipette",
            "data": {
                "kind": "Input",
                "user_input": [
                    199682,
                    3.2,
                    0.01,
                    35.239999999999995
                ]
            }
        },
        {
            "user_id": "21202575",
            "session_id": "21202575_1478051815420",
            "timestamp": 1478039352461,
            "sequence_id": 1,
            "section_id": 2,
            "activity_id": 5,
            "activity_kind": "pipette",
            "data": {
                "kind": "Input",
                "user_input": [
                    199682,
                    3.2,
                    0.01,
                    35.239999999999995
                ]
            }
        },
        {
            "user_id": "21202575",
            "session_id": "21202575_1478051815420",
            "timestamp": 1478039437005,
            "sequence_id": 1,
            "section_id": 4,
            "activity_id": 1,
            "activity_kind": "curvestar",
            "data": {
                "kind": "Input",
                "user_input": [
                    2020.408163265306,
                    2020.408163265306,
                    2020.408163265306,
                    2020.408163265306,
                    2020.408163265306,
                    2020.408163265306
                ]
            }
        },
        {
            "user_id": "21202575",
            "session_id": "21202575_1478051815420",
            "timestamp": 1478039437724,
            "sequence_id": 1,
            "section_id": 4,
            "activity_id": 3,
            "activity_kind": "dragdrop",
            "data": {
                "kind": "Input",
                "user_input": [
                    {
                        "slot": 0,
                        "stickers": []
                    },
                    {
                        "slot": 1,
                        "stickers": []
                    },
                    {
                        "slot": 2,
                        "stickers": []
                    },
                    {
                        "slot": 3,
                        "stickers": []
                    }
                ]
            }
        },
        {
            "user_id": "21202575",
            "session_id": "21202575_1478051815420",
            "timestamp": 1478039445405,
            "sequence_id": 1,
            "section_id": 5,
            "activity_id": 0,
            "activity_kind": "synthesis",
            "data": {
                "kind": "Input",
                "user_input": [
                    "none",
                    "none",
                    "none",
                    "none",
                    "none",
                    "none",
                    "none",
                    "none",
                    "none",
                    "none"
                ]
            }
        },
        {
            "user_id": "21202575",
            "session_id": "21202575_1478051815420",
            "timestamp": 1478039445770,
            "sequence_id": 1,
            "section_id": 5,
            "activity_id": 0,
            "activity_kind": "synthesis",
            "data": {
                "kind": "Input",
                "user_input": [
                    "none",
                    "none",
                    "none",
                    "none",
                    "none",
                    "none",
                    "none",
                    "none",
                    "none",
                    "none"
                ]
            }
        },
        {
            "user_id": "21202575",
            "session_id": "21202575_1478051815420",
            "timestamp": 1478039446118,
            "sequence_id": 1,
            "section_id": 5,
            "activity_id": 0,
            "activity_kind": "synthesis",
            "data": {
                "kind": "Input",
                "user_input": [
                    "none",
                    "none",
                    "none",
                    "none",
                    "none",
                    "none",
                    "none",
                    "none",
                    "none",
                    "none"
                ]
            }
        }
    ]
}