{
    "inputs": [
        {
            "user_id": "21201966",
            "session_id": "21201966_1478101614330",
            "timestamp": 1478088828232,
            "sequence_id": 1,
            "section_id": 0,
            "activity_id": 0,
            "activity_kind": "dragdrop",
            "data": {
                "kind": "Input",
                "user_input": [
                    {
                        "slot": 0,
                        "stickers": [
                            "0"
                        ]
                    },
                    {
                        "slot": 1,
                        "stickers": [
                            "1"
                        ]
                    },
                    {
                        "slot": 2,
                        "stickers": [
                            "2"
                        ]
                    },
                    {
                        "slot": 3,
                        "stickers": [
                            "3"
                        ]
                    },
                    {
                        "slot": 4,
                        "stickers": [
                            "4"
                        ]
                    },
                    {
                        "slot": 5,
                        "stickers": [
                            "9"
                        ]
                    },
                    {
                        "slot": 6,
                        "stickers": [
                            "12"
                        ]
                    },
                    {
                        "slot": 7,
                        "stickers": [
                            "10"
                        ]
                    },
                    {
                        "slot": 8,
                        "stickers": [
                            "11"
                        ]
                    }
                ]
            }
        },
        {
            "user_id": "21201966",
            "session_id": "21201966_1478101614330",
            "timestamp": 1478088865815,
            "sequence_id": 1,
            "section_id": 1,
            "activity_id": 0,
            "activity_kind": "dragdrop",
            "data": {
                "kind": "Input",
                "user_input": [
                    {
                        "slot": 0,
                        "stickers": [
                            "4"
                        ]
                    },
                    {
                        "slot": 1,
                        "stickers": [
                            "2"
                        ]
                    },
                    {
                        "slot": 2,
                        "stickers": [
                            "3"
                        ]
                    },
                    {
                        "slot": 3,
                        "stickers": [
                            "0"
                        ]
                    }
                ]
            }
        },
        {
            "user_id": "21201966",
            "session_id": "21201966_1478101614330",
            "timestamp": 1478089044107,
            "sequence_id": 1,
            "section_id": 1,
            "activity_id": 1,
            "activity_kind": "curvetest",
            "data": {
                "kind": "Input",
                "user_input": [
                    1010.204081632653,
                    979.5918367346939,
                    2020.408163265306,
                    2020.408163265306,
                    2005.1020408163265,
                    2020.408163265306
                ]
            }
        },
        {
            "user_id": "21201966",
            "session_id": "21201966_1478101614330",
            "timestamp": 1478089086561,
            "sequence_id": 1,
            "section_id": 2,
            "activity_id": 2,
            "activity_kind": "counttest",
            "data": {
                "kind": "Input",
                "user_input": [
                    12,
                    8,
                    0,
                    0
                ]
            }
        },
        {
            "user_id": "21201966",
            "session_id": "21201966_1478101614330",
            "timestamp": 1478089108803,
            "sequence_id": 1,
            "section_id": 2,
            "activity_id": 2,
            "activity_kind": "counttest",
            "data": {
                "kind": "Input",
                "user_input": [
                    12,
                    8,
                    11,
                    12
                ]
            }
        },
        {
            "user_id": "21201966",
            "session_id": "21201966_1478101614330",
            "timestamp": 1478089123237,
            "sequence_id": 1,
            "section_id": 2,
            "activity_id": 2,
            "activity_kind": "counttest",
            "data": {
                "kind": "Input",
                "user_input": [
                    12,
                    8,
                    13,
                    12
                ]
            }
        },
        {
            "user_id": "21201966",
            "session_id": "21201966_1478101614330",
            "timestamp": 1478089257425,
            "sequence_id": 1,
            "section_id": 2,
            "activity_id": 3,
            "activity_kind": "input",
            "data": {
                "kind": "Input",
                "user_input": "1150000"
            }
        },
        {
            "user_id": "21201966",
            "session_id": "21201966_1478101614330",
            "timestamp": 1478089608204,
            "sequence_id": 1,
            "section_id": 2,
            "activity_id": 5,
            "activity_kind": "pipette",
            "data": {
                "kind": "Input",
                "user_input": [
                    199682,
                    3.49,
                    0.1,
                    38.41
                ]
            }
        },
        {
            "user_id": "21201966",
            "session_id": "21201966_1478101614330",
            "timestamp": 1478089718004,
            "sequence_id": 1,
            "section_id": 2,
            "activity_id": 5,
            "activity_kind": "pipette",
            "data": {
                "kind": "Input",
                "user_input": [
                    199682,
                    3.17,
                    0.11,
                    34.91
                ]
            }
        },
        {
            "user_id": "21201966",
            "session_id": "21201966_1478101614330",
            "timestamp": 1478089723092,
            "sequence_id": 1,
            "section_id": 2,
            "activity_id": 5,
            "activity_kind": "pipette",
            "data": {
                "kind": "Input",
                "user_input": [
                    199682,
                    3.17,
                    0.11,
                    34.91
                ]
            }
        },
        {
            "user_id": "21201966",
            "session_id": "21201966_1478101614330",
            "timestamp": 1478089778982,
            "sequence_id": 1,
            "section_id": 4,
            "activity_id": 0,
            "activity_kind": "dragdrop",
            "data": {
                "kind": "Input",
                "user_input": [
                    {
                        "slot": 0,
                        "stickers": [
                            "4"
                        ]
                    },
                    {
                        "slot": 1,
                        "stickers": [
                            "0"
                        ]
                    },
                    {
                        "slot": 2,
                        "stickers": [
                            "1"
                        ]
                    },
                    {
                        "slot": 3,
                        "stickers": [
                            "2"
                        ]
                    },
                    {
                        "slot": 4,
                        "stickers": [
                            "3"
                        ]
                    },
                    {
                        "slot": 5,
                        "stickers": [
                            "5"
                        ]
                    }
                ]
            }
        },
        {
            "user_id": "21201966",
            "session_id": "21201966_1478101614330",
            "timestamp": 1478089781192,
            "sequence_id": 1,
            "section_id": 4,
            "activity_id": 1,
            "activity_kind": "curvestar",
            "data": {
                "kind": "Input",
                "user_input": [
                    1010.204081632653,
                    979.5918367346939,
                    2020.408163265306,
                    2020.408163265306,
                    2005.1020408163265,
                    2020.408163265306
                ]
            }
        },
        {
            "user_id": "21201966",
            "session_id": "21201966_1478101614330",
            "timestamp": 1478089788749,
            "sequence_id": 1,
            "section_id": 4,
            "activity_id": 1,
            "activity_kind": "curvestar",
            "data": {
                "kind": "Input",
                "user_input": [
                    1010.204081632653,
                    979.5918367346939,
                    2020.408163265306,
                    2020.408163265306,
                    2005.1020408163265,
                    2020.408163265306
                ]
            }
        },
        {
            "user_id": "21201966",
            "session_id": "21201966_1478101614330",
            "timestamp": 1478089791631,
            "sequence_id": 1,
            "section_id": 4,
            "activity_id": 1,
            "activity_kind": "curvestar",
            "data": {
                "kind": "Input",
                "user_input": [
                    1010.204081632653,
                    979.5918367346939,
                    1454.0816326530612,
                    2020.408163265306,
                    2005.1020408163265,
                    2020.408163265306
                ]
            }
        },
        {
            "user_id": "21201966",
            "session_id": "21201966_1478101614330",
            "timestamp": 1478089797400,
            "sequence_id": 1,
            "section_id": 4,
            "activity_id": 1,
            "activity_kind": "curvestar",
            "data": {
                "kind": "Input",
                "user_input": [
                    1010.204081632653,
                    979.5918367346939,
                    1454.0816326530612,
                    2020.408163265306,
                    3015.3061224489797,
                    2020.408163265306
                ]
            }
        },
        {
            "user_id": "21201966",
            "session_id": "21201966_1478101614330",
            "timestamp": 1478089800532,
            "sequence_id": 1,
            "section_id": 4,
            "activity_id": 1,
            "activity_kind": "curvestar",
            "data": {
                "kind": "Input",
                "user_input": [
                    1010.204081632653,
                    979.5918367346939,
                    1454.0816326530612,
                    2020.408163265306,
                    3015.3061224489797,
                    3015.3061224489797
                ]
            }
        },
        {
            "user_id": "21201966",
            "session_id": "21201966_1478101614330",
            "timestamp": 1478089822621,
            "sequence_id": 1,
            "section_id": 4,
            "activity_id": 2,
            "activity_kind": "dragdrop",
            "data": {
                "kind": "Input",
                "user_input": [
                    {
                        "slot": 0,
                        "stickers": [
                            "3"
                        ]
                    },
                    {
                        "slot": 1,
                        "stickers": [
                            "4"
                        ]
                    },
                    {
                        "slot": 2,
                        "stickers": [
                            "2"
                        ]
                    }
                ]
            }
        },
        {
            "user_id": "21201966",
            "session_id": "21201966_1478101614330",
            "timestamp": 1478089825097,
            "sequence_id": 1,
            "section_id": 4,
            "activity_id": 3,
            "activity_kind": "dragdrop",
            "data": {
                "kind": "Input",
                "user_input": [
                    {
                        "slot": 0,
                        "stickers": [
                            "4"
                        ]
                    },
                    {
                        "slot": 1,
                        "stickers": [
                            "2"
                        ]
                    },
                    {
                        "slot": 2,
                        "stickers": [
                            "3"
                        ]
                    },
                    {
                        "slot": 3,
                        "stickers": [
                            "0"
                        ]
                    }
                ]
            }
        },
        {
            "user_id": "21201966",
            "session_id": "21201966_1478101614330",
            "timestamp": 1478089840466,
            "sequence_id": 1,
            "section_id": 4,
            "activity_id": 3,
            "activity_kind": "dragdrop",
            "data": {
                "kind": "Input",
                "user_input": [
                    {
                        "slot": 0,
                        "stickers": [
                            "4"
                        ]
                    },
                    {
                        "slot": 1,
                        "stickers": [
                            "2"
                        ]
                    },
                    {
                        "slot": 2,
                        "stickers": [
                            "3"
                        ]
                    },
                    {
                        "slot": 3,
                        "stickers": [
                            "0"
                        ]
                    }
                ]
            }
        },
        {
            "user_id": "21201966",
            "session_id": "21201966_1478101614330",
            "timestamp": 1478089840473,
            "sequence_id": 1,
            "section_id": 4,
            "activity_id": 3,
            "activity_kind": "dragdrop",
            "data": {
                "kind": "Input",
                "user_input": [
                    {
                        "slot": 0,
                        "stickers": [
                            "4"
                        ]
                    },
                    {
                        "slot": 1,
                        "stickers": [
                            "2"
                        ]
                    },
                    {
                        "slot": 2,
                        "stickers": [
                            "2"
                        ]
                    },
                    {
                        "slot": 3,
                        "stickers": [
                            "0"
                        ]
                    }
                ]
            }
        },
        {
            "user_id": "21201966",
            "session_id": "21201966_1478101614330",
            "timestamp": 1478089899823,
            "sequence_id": 1,
            "section_id": 5,
            "activity_id": 0,
            "activity_kind": "synthesis",
            "data": {
                "kind": "Input",
                "user_input": [
                    "latence",
                    "exponentielle",
                    "la courbe de croissance",
                    "une phase stationnaire",
                    "l'inhibition de contact",
                    "asynchrone",
                    "le profil de cytométrie de flux",
                    "G1",
                    "désordonnées",
                    "G1, S, G2, M"
                ]
            }
        },
        {
            "user_id": "21201966",
            "session_id": "21201966_1478101614330",
            "timestamp": 1478089902538,
            "sequence_id": 1,
            "section_id": 5,
            "activity_id": 0,
            "activity_kind": "synthesis",
            "data": {
                "kind": "Input",
                "user_input": [
                    "latence",
                    "exponentielle",
                    "la courbe de croissance",
                    "une phase stationnaire",
                    "l'inhibition de contact",
                    "asynchrone",
                    "le profil de cytométrie de flux",
                    "G1",
                    "ordonnées",
                    "G1, S, G2, M"
                ]
            }
        }
    ]
}