{
    "events": [
        {
            "user_id": "21608718",
            "session_id": "21608718_1474991583433",
            "timestamp": 1474978797105,
            "sequence_id": 1,
            "section_id": 0,
            "activity_id": -1,
            "activity_kind": "transition",
            "data": {
                "kind": "Click",
                "what": "interface_pane",
                "which": "iconbar_wrapper",
                "x": 171,
                "y": 187
            }
        },
        {
            "user_id": "21608718",
            "session_id": "21608718_1474991583433",
            "timestamp": 1474978797632,
            "sequence_id": 1,
            "section_id": 0,
            "activity_id": -1,
            "activity_kind": "transition",
            "data": {
                "kind": "Click",
                "what": "interface_pane",
                "which": "iconbar_wrapper",
                "x": 191,
                "y": 329
            }
        },
        {
            "user_id": "21608718",
            "session_id": "21608718_1474991583433",
            "timestamp": 1474978797944,
            "sequence_id": 1,
            "section_id": 0,
            "activity_id": -1,
            "activity_kind": "transition",
            "data": {
                "kind": "Click",
                "what": "interface_pane",
                "which": "iconbar_wrapper",
                "x": 174,
                "y": 350
            }
        },
        {
            "user_id": "21608718",
            "session_id": "21608718_1474991583433",
            "timestamp": 1474978798184,
            "sequence_id": 1,
            "section_id": 0,
            "activity_id": -1,
            "activity_kind": "transition",
            "data": {
                "kind": "Click",
                "what": "interface_pane",
                "which": "iconbar_wrapper",
                "x": 173,
                "y": 371
            }
        },
        {
            "user_id": "21608718",
            "session_id": "21608718_1474991583433",
            "timestamp": 1474978809472,
            "sequence_id": 1,
            "section_id": 0,
            "activity_id": -1,
            "activity_kind": "transition",
            "data": {
                "kind": "Click",
                "what": "interface_pane",
                "which": "iconbar_wrapper",
                "x": 315,
                "y": 277
            }
        },
        {
            "user_id": "21608718",
            "session_id": "21608718_1474991583433",
            "timestamp": 1474978809832,
            "sequence_id": 1,
            "section_id": 0,
            "activity_id": -1,
            "activity_kind": "transition",
            "data": {
                "kind": "Click",
                "what": "interface_pane",
                "which": "iconbar_wrapper",
                "x": 313,
                "y": 345
            }
        },
        {
            "user_id": "21608718",
            "session_id": "21608718_1474991583433",
            "timestamp": 1474978810424,
            "sequence_id": 1,
            "section_id": 0,
            "activity_id": -1,
            "activity_kind": "transition",
            "data": {
                "kind": "Click",
                "what": "interface_pane",
                "which": "iconbar_wrapper",
                "x": 313,
                "y": 485
            }
        },
        {
            "user_id": "21608718",
            "session_id": "21608718_1474991583433",
            "timestamp": 1474978811952,
            "sequence_id": 1,
            "section_id": 0,
            "activity_id": -1,
            "activity_kind": "transition",
            "data": {
                "kind": "Click",
                "what": "navigation_pane",
                "which": "menubar",
                "x": 327,
                "y": 684
            }
        },
        {
            "user_id": "21608718",
            "session_id": "21608718_1474991583433",
            "timestamp": 1474978812312,
            "sequence_id": 1,
            "section_id": 0,
            "activity_id": -1,
            "activity_kind": "transition",
            "data": {
                "kind": "Click",
                "what": "navigation_pane",
                "which": "menubar",
                "x": 316,
                "y": 611
            }
        },
        {
            "user_id": "21608718",
            "session_id": "21608718_1474991583433",
            "timestamp": 1474978813058,
            "sequence_id": 1,
            "section_id": 0,
            "activity_id": -1,
            "activity_kind": "transition",
            "data": {
                "kind": "Click",
                "what": "notepad_btn",
                "which": "appbar",
                "x": 750,
                "y": 371
            }
        },
        {
            "user_id": "21608718",
            "session_id": "21608718_1474991583433",
            "timestamp": 1474978814781,
            "sequence_id": 1,
            "section_id": 0,
            "activity_id": -1,
            "activity_kind": "transition",
            "data": {
                "kind": "Click",
                "what": "interface_pane",
                "which": "iconbar_wrapper",
                "x": 410,
                "y": 16
            }
        },
        {
            "user_id": "21608718",
            "session_id": "21608718_1474991583433",
            "timestamp": 1474978815728,
            "sequence_id": 1,
            "section_id": 0,
            "activity_id": -1,
            "activity_kind": "transition",
            "data": {
                "kind": "Click",
                "what": "interface_pane",
                "which": "iconbar_wrapper",
                "x": 752,
                "y": 218
            }
        },
        {
            "user_id": "21608718",
            "session_id": "21608718_1474991583433",
            "timestamp": 1474978817237,
            "sequence_id": 1,
            "section_id": 0,
            "activity_id": -1,
            "activity_kind": "transition",
            "data": {
                "kind": "Click",
                "what": "shadow_pane",
                "which": "info_pane",
                "x": 609,
                "y": 136
            }
        },
        {
            "user_id": "21608718",
            "session_id": "21608718_1474991583433",
            "timestamp": 1474978819482,
            "sequence_id": 1,
            "section_id": 0,
            "activity_id": -1,
            "activity_kind": "transition",
            "data": {
                "kind": "Click",
                "what": "interface_pane",
                "which": "iconbar_wrapper",
                "x": 1090,
                "y": 71
            }
        },
        {
            "user_id": "21608718",
            "session_id": "21608718_1474991583433",
            "timestamp": 1474978820304,
            "sequence_id": 1,
            "section_id": 0,
            "activity_id": -1,
            "activity_kind": "transition",
            "data": {
                "kind": "Click",
                "what": "interface_pane",
                "which": "iconbar_wrapper",
                "x": 202,
                "y": 179
            }
        },
        {
            "user_id": "21608718",
            "session_id": "21608718_1474991583433",
            "timestamp": 1474978820576,
            "sequence_id": 1,
            "section_id": 0,
            "activity_id": -1,
            "activity_kind": "transition",
            "data": {
                "kind": "Click",
                "what": "interface_pane",
                "which": "iconbar_wrapper",
                "x": 183,
                "y": 182
            }
        },
        {
            "user_id": "21608718",
            "session_id": "21608718_1474991583433",
            "timestamp": 1474978820952,
            "sequence_id": 1,
            "section_id": 0,
            "activity_id": -1,
            "activity_kind": "transition",
            "data": {
                "kind": "Click",
                "what": "interface_pane",
                "which": "iconbar_wrapper",
                "x": 180,
                "y": 293
            }
        },
        {
            "user_id": "21608718",
            "session_id": "21608718_1474991583433",
            "timestamp": 1474978821752,
            "sequence_id": 1,
            "section_id": 0,
            "activity_id": -1,
            "activity_kind": "transition",
            "data": {
                "kind": "Click",
                "what": "interface_pane",
                "which": "iconbar_wrapper",
                "x": 166,
                "y": 370
            }
        },
        {
            "user_id": "21608718",
            "session_id": "21608718_1474991583433",
            "timestamp": 1474978822240,
            "sequence_id": 1,
            "section_id": 0,
            "activity_id": -1,
            "activity_kind": "transition",
            "data": {
                "kind": "Click",
                "what": "interface_pane",
                "which": "iconbar_wrapper",
                "x": 159,
                "y": 527
            }
        },
        {
            "user_id": "21608718",
            "session_id": "21608718_1474991583433",
            "timestamp": 1474978824494,
            "sequence_id": 1,
            "section_id": 0,
            "activity_id": -1,
            "activity_kind": "transition",
            "data": {
                "kind": "Click",
                "what": "calc_btn",
                "which": "appbar",
                "x": 767,
                "y": 494
            }
        },
        {
            "user_id": "21608718",
            "session_id": "21608718_1474991583433",
            "timestamp": 1474978826114,
            "sequence_id": 1,
            "section_id": 0,
            "activity_id": -1,
            "activity_kind": "transition",
            "data": {
                "kind": "Click",
                "what": "interface_pane",
                "which": "iconbar_wrapper",
                "x": 273,
                "y": 19
            }
        },
        {
            "user_id": "21608718",
            "session_id": "21608718_1474991583433",
            "timestamp": 1474978829392,
            "sequence_id": 1,
            "section_id": 0,
            "activity_id": -1,
            "activity_kind": "transition",
            "data": {
                "kind": "Click",
                "what": "interface_pane",
                "which": "iconbar_wrapper",
                "x": 168,
                "y": 121
            }
        },
        {
            "user_id": "21608718",
            "session_id": "21608718_1474991583433",
            "timestamp": 1474978830098,
            "sequence_id": 1,
            "section_id": 0,
            "activity_id": -1,
            "activity_kind": "transition",
            "data": {
                "kind": "Click",
                "what": "navigation_pane",
                "which": "menubar",
                "x": 165,
                "y": 113
            }
        },
        {
            "user_id": "21608718",
            "session_id": "21608718_1474991583433",
            "timestamp": 1474978832825,
            "sequence_id": 1,
            "section_id": 0,
            "activity_id": -1,
            "activity_kind": "transition",
            "data": {
                "kind": "Click",
                "what": "navigation_pane",
                "which": "menubar",
                "x": 170,
                "y": 112
            }
        },
        {
            "user_id": "21608718",
            "session_id": "21608718_1474991583433",
            "timestamp": 1474978843176,
            "sequence_id": 1,
            "section_id": 0,
            "activity_id": -1,
            "activity_kind": "transition",
            "data": {
                "kind": "Click",
                "what": "navigation_pane",
                "which": "menubar",
                "x": 177,
                "y": 700
            }
        },
        {
            "user_id": "21608718",
            "session_id": "21608718_1474991583433",
            "timestamp": 1474978843552,
            "sequence_id": 1,
            "section_id": 0,
            "activity_id": -1,
            "activity_kind": "transition",
            "data": {
                "kind": "Click",
                "what": "navigation_pane",
                "which": "menubar",
                "x": 169,
                "y": 653
            }
        },
        {
            "user_id": "21608718",
            "session_id": "21608718_1474991583433",
            "timestamp": 1474978895296,
            "sequence_id": 1,
            "section_id": 0,
            "activity_id": -1,
            "activity_kind": "transition",
            "data": {
                "kind": "Click",
                "what": "interface_pane",
                "which": "iconbar_wrapper",
                "x": 159,
                "y": 161
            }
        },
        {
            "user_id": "21608718",
            "session_id": "21608718_1474991583433",
            "timestamp": 1474978895736,
            "sequence_id": 1,
            "section_id": 0,
            "activity_id": -1,
            "activity_kind": "transition",
            "data": {
                "kind": "Click",
                "what": "interface_pane",
                "which": "iconbar_wrapper",
                "x": 202,
                "y": 155
            }
        },
        {
            "user_id": "21608718",
            "session_id": "21608718_1474991583433",
            "timestamp": 1474978896896,
            "sequence_id": 1,
            "section_id": 0,
            "activity_id": -1,
            "activity_kind": "transition",
            "data": {
                "kind": "Click",
                "what": "interface_pane",
                "which": "iconbar_wrapper",
                "x": 164,
                "y": 115
            }
        },
        {
            "user_id": "21608718",
            "session_id": "21608718_1474991583433",
            "timestamp": 1474978898241,
            "sequence_id": 1,
            "section_id": 0,
            "activity_id": -1,
            "activity_kind": "transition",
            "data": {
                "kind": "Click",
                "what": "navigation_pane",
                "which": "menubar",
                "x": 154,
                "y": 112
            }
        },
        {
            "user_id": "21608718",
            "session_id": "21608718_1474991583433",
            "timestamp": 1474978899033,
            "sequence_id": 1,
            "section_id": 0,
            "activity_id": -1,
            "activity_kind": "transition",
            "data": {
                "kind": "Click",
                "what": "navigation_pane",
                "which": "menubar",
                "x": 140,
                "y": 108
            }
        },
        {
            "user_id": "21608718",
            "session_id": "21608718_1474991583433",
            "timestamp": 1474978899745,
            "sequence_id": 1,
            "section_id": 0,
            "activity_id": -1,
            "activity_kind": "transition",
            "data": {
                "kind": "Click",
                "what": "navigation_pane",
                "which": "menubar",
                "x": 329,
                "y": 114
            }
        },
        {
            "user_id": "21608718",
            "session_id": "21608718_1474991583433",
            "timestamp": 1474978900161,
            "sequence_id": 1,
            "section_id": 0,
            "activity_id": -1,
            "activity_kind": "transition",
            "data": {
                "kind": "Click",
                "what": "navigation_pane",
                "which": "menubar",
                "x": 378,
                "y": 110
            }
        },
        {
            "user_id": "21608718",
            "session_id": "21608718_1474991583433",
            "timestamp": 1474978900409,
            "sequence_id": 1,
            "section_id": 0,
            "activity_id": -1,
            "activity_kind": "transition",
            "data": {
                "kind": "Click",
                "what": "navigation_pane",
                "which": "menubar",
                "x": 398,
                "y": 112
            }
        },
        {
            "user_id": "21608718",
            "session_id": "21608718_1474991583433",
            "timestamp": 1474978900586,
            "sequence_id": 1,
            "section_id": 0,
            "activity_id": -1,
            "activity_kind": "transition",
            "data": {
                "kind": "Click",
                "what": "navigation_pane",
                "which": "menubar",
                "x": 398,
                "y": 112
            }
        },
        {
            "user_id": "21608718",
            "session_id": "21608718_1474991583433",
            "timestamp": 1474978929233,
            "sequence_id": 1,
            "section_id": 0,
            "activity_id": -1,
            "activity_kind": "transition",
            "data": {
                "kind": "Click",
                "what": "navigation_pane",
                "which": "menubar",
                "x": 179,
                "y": 109
            }
        },
        {
            "user_id": "21608718",
            "session_id": "21608718_1474991583433",
            "timestamp": 1474978932201,
            "sequence_id": 1,
            "section_id": 0,
            "activity_id": -1,
            "activity_kind": "transition",
            "data": {
                "kind": "Click",
                "what": "navigation_pane",
                "which": "menubar",
                "x": 165,
                "y": 113
            }
        },
        {
            "user_id": "21608718",
            "session_id": "21608718_1474991583433",
            "timestamp": 1474978944762,
            "sequence_id": 1,
            "section_id": 0,
            "activity_id": -1,
            "activity_kind": "transition",
            "data": {
                "kind": "Click",
                "what": "toggle_btn",
                "which": "timer",
                "x": 779,
                "y": 227
            }
        },
        {
            "user_id": "21608718",
            "session_id": "21608718_1474991583433",
            "timestamp": 1474978981153,
            "sequence_id": 1,
            "section_id": 0,
            "activity_id": -1,
            "activity_kind": "transition",
            "data": {
                "kind": "Click",
                "what": "interface_pane",
                "which": "iconbar_wrapper",
                "x": 432,
                "y": 381
            }
        }
    ]
}