{
    "inputs": [
        {
            "user_id": "cclensdrruc",
            "session_id": "cclensdrruc_1467293788759",
            "timestamp": 1467293865483,
            "sequence_id": 1,
            "section_id": 0,
            "activity_id": 0,
            "activity_kind": "dragdrop",
            "data": {
                "kind": "Input",
                "user_input": [
                    {
                        "slot": 0,
                        "stickers": [
                            "0"
                        ]
                    },
                    {
                        "slot": 1,
                        "stickers": [
                            "1"
                        ]
                    },
                    {
                        "slot": 2,
                        "stickers": [
                            "2"
                        ]
                    },
                    {
                        "slot": 3,
                        "stickers": [
                            "3"
                        ]
                    },
                    {
                        "slot": 4,
                        "stickers": [
                            "4"
                        ]
                    },
                    {
                        "slot": 5,
                        "stickers": [
                            "9"
                        ]
                    },
                    {
                        "slot": 6,
                        "stickers": [
                            "12"
                        ]
                    },
                    {
                        "slot": 7,
                        "stickers": [
                            "10"
                        ]
                    },
                    {
                        "slot": 8,
                        "stickers": [
                            "11"
                        ]
                    }
                ]
            }
        },
        {
            "user_id": "cclensdrruc",
            "session_id": "cclensdrruc_1467293788759",
            "timestamp": 1467294070054,
            "sequence_id": 1,
            "section_id": 1,
            "activity_id": 0,
            "activity_kind": "dragdrop",
            "data": {
                "kind": "Input",
                "user_input": [
                    {
                        "slot": 0,
                        "stickers": [
                            "4"
                        ]
                    },
                    {
                        "slot": 1,
                        "stickers": [
                            "3"
                        ]
                    },
                    {
                        "slot": 2,
                        "stickers": []
                    },
                    {
                        "slot": 3,
                        "stickers": [
                            "1"
                        ]
                    }
                ]
            }
        },
        {
            "user_id": "cclensdrruc",
            "session_id": "cclensdrruc_1467293788759",
            "timestamp": 1467294130339,
            "sequence_id": 1,
            "section_id": 1,
            "activity_id": 1,
            "activity_kind": "curvetest",
            "data": {
                "kind": "Input",
                "user_input": [
                    1010.204081632653,
                    1147.9591836734694,
                    2020.408163265306,
                    2556.122448979592,
                    3933.673469387755,
                    4270.408163265306
                ]
            }
        },
        {
            "user_id": "cclensdrruc",
            "session_id": "cclensdrruc_1467293788759",
            "timestamp": 1467294477504,
            "sequence_id": 1,
            "section_id": 2,
            "activity_id": 2,
            "activity_kind": "counttest",
            "data": {
                "kind": "Input",
                "user_input": [
                    10,
                    11,
                    14,
                    10
                ]
            }
        },
        {
            "user_id": "cclensdrruc",
            "session_id": "cclensdrruc_1467293788759",
            "timestamp": 1467294499092,
            "sequence_id": 1,
            "section_id": 2,
            "activity_id": 2,
            "activity_kind": "counttest",
            "data": {
                "kind": "Input",
                "user_input": [
                    10,
                    11,
                    13,
                    10
                ]
            }
        },
        {
            "user_id": "cclensdrruc",
            "session_id": "cclensdrruc_1467293788759",
            "timestamp": 1467294667170,
            "sequence_id": 1,
            "section_id": 2,
            "activity_id": 3,
            "activity_kind": "input",
            "data": {
                "kind": "Input",
                "user_input": "11500"
            }
        }
    ]
}