{
    "inputs": [
        {
            "user_id": "cclensdrruc",
            "session_id": "cclensdrruc_1467294844344",
            "timestamp": 1467294783532,
            "sequence_id": 1,
            "section_id": 0,
            "activity_id": 0,
            "activity_kind": "dragdrop",
            "data": {
                "kind": "Input",
                "user_input": [
                    {
                        "slot": 0,
                        "stickers": [
                            "0"
                        ]
                    },
                    {
                        "slot": 1,
                        "stickers": [
                            "3"
                        ]
                    },
                    {
                        "slot": 2,
                        "stickers": [
                            "2"
                        ]
                    },
                    {
                        "slot": 3,
                        "stickers": [
                            "3"
                        ]
                    },
                    {
                        "slot": 4,
                        "stickers": [
                            "4"
                        ]
                    },
                    {
                        "slot": 5,
                        "stickers": [
                            "9"
                        ]
                    },
                    {
                        "slot": 6,
                        "stickers": [
                            "12"
                        ]
                    },
                    {
                        "slot": 7,
                        "stickers": [
                            "11"
                        ]
                    },
                    {
                        "slot": 8,
                        "stickers": [
                            "10"
                        ]
                    }
                ]
            }
        },
        {
            "user_id": "cclensdrruc",
            "session_id": "cclensdrruc_1467294844344",
            "timestamp": 1467294784268,
            "sequence_id": 1,
            "section_id": 0,
            "activity_id": 0,
            "activity_kind": "dragdrop",
            "data": {
                "kind": "Input",
                "user_input": [
                    {
                        "slot": 0,
                        "stickers": [
                            "0"
                        ]
                    },
                    {
                        "slot": 1,
                        "stickers": [
                            "3"
                        ]
                    },
                    {
                        "slot": 2,
                        "stickers": [
                            "2"
                        ]
                    },
                    {
                        "slot": 3,
                        "stickers": [
                            "3"
                        ]
                    },
                    {
                        "slot": 4,
                        "stickers": [
                            "4"
                        ]
                    },
                    {
                        "slot": 5,
                        "stickers": [
                            "9"
                        ]
                    },
                    {
                        "slot": 6,
                        "stickers": [
                            "12"
                        ]
                    },
                    {
                        "slot": 7,
                        "stickers": [
                            "11"
                        ]
                    },
                    {
                        "slot": 8,
                        "stickers": [
                            "10"
                        ]
                    }
                ]
            }
        },
        {
            "user_id": "cclensdrruc",
            "session_id": "cclensdrruc_1467294844344",
            "timestamp": 1467294792579,
            "sequence_id": 1,
            "section_id": 0,
            "activity_id": 0,
            "activity_kind": "dragdrop",
            "data": {
                "kind": "Input",
                "user_input": [
                    {
                        "slot": 0,
                        "stickers": [
                            "0"
                        ]
                    },
                    {
                        "slot": 1,
                        "stickers": [
                            "1"
                        ]
                    },
                    {
                        "slot": 2,
                        "stickers": [
                            "2"
                        ]
                    },
                    {
                        "slot": 3,
                        "stickers": [
                            "3"
                        ]
                    },
                    {
                        "slot": 4,
                        "stickers": [
                            "4"
                        ]
                    },
                    {
                        "slot": 5,
                        "stickers": [
                            "9"
                        ]
                    },
                    {
                        "slot": 6,
                        "stickers": [
                            "12"
                        ]
                    },
                    {
                        "slot": 7,
                        "stickers": [
                            "11"
                        ]
                    },
                    {
                        "slot": 8,
                        "stickers": [
                            "10"
                        ]
                    }
                ]
            }
        },
        {
            "user_id": "cclensdrruc",
            "session_id": "cclensdrruc_1467294844344",
            "timestamp": 1467294835626,
            "sequence_id": 1,
            "section_id": 1,
            "activity_id": 0,
            "activity_kind": "dragdrop",
            "data": {
                "kind": "Input",
                "user_input": [
                    {
                        "slot": 0,
                        "stickers": [
                            "4"
                        ]
                    },
                    {
                        "slot": 1,
                        "stickers": [
                            "3"
                        ]
                    },
                    {
                        "slot": 2,
                        "stickers": []
                    },
                    {
                        "slot": 3,
                        "stickers": [
                            "1"
                        ]
                    }
                ]
            }
        },
        {
            "user_id": "cclensdrruc",
            "session_id": "cclensdrruc_1467294844344",
            "timestamp": 1467294862507,
            "sequence_id": 1,
            "section_id": 1,
            "activity_id": 1,
            "activity_kind": "curvetest",
            "data": {
                "kind": "Input",
                "user_input": [
                    1086.734693877551,
                    1239.795918367347,
                    2020.408163265306,
                    2801.020408163265,
                    3994.8979591836733,
                    4500
                ]
            }
        },
        {
            "user_id": "cclensdrruc",
            "session_id": "cclensdrruc_1467294844344",
            "timestamp": 1467294870083,
            "sequence_id": 1,
            "section_id": 2,
            "activity_id": 2,
            "activity_kind": "counttest",
            "data": {
                "kind": "Input",
                "user_input": [
                    0,
                    0,
                    0,
                    0
                ]
            }
        },
        {
            "user_id": "cclensdrruc",
            "session_id": "cclensdrruc_1467294844344",
            "timestamp": 1467294870875,
            "sequence_id": 1,
            "section_id": 2,
            "activity_id": 2,
            "activity_kind": "counttest",
            "data": {
                "kind": "Input",
                "user_input": [
                    0,
                    0,
                    0,
                    0
                ]
            }
        },
        {
            "user_id": "cclensdrruc",
            "session_id": "cclensdrruc_1467294844344",
            "timestamp": 1467294881707,
            "sequence_id": 1,
            "section_id": 2,
            "activity_id": 2,
            "activity_kind": "counttest",
            "data": {
                "kind": "Input",
                "user_input": [
                    13,
                    8,
                    0,
                    0
                ]
            }
        },
        {
            "user_id": "cclensdrruc",
            "session_id": "cclensdrruc_1467294844344",
            "timestamp": 1467294885035,
            "sequence_id": 1,
            "section_id": 2,
            "activity_id": 3,
            "activity_kind": "input",
            "data": {
                "kind": "Input",
                "user_input": ""
            }
        },
        {
            "user_id": "cclensdrruc",
            "session_id": "cclensdrruc_1467294844344",
            "timestamp": 1467294958979,
            "sequence_id": 1,
            "section_id": 2,
            "activity_id": 3,
            "activity_kind": "input",
            "data": {
                "kind": "Input",
                "user_input": "11500000"
            }
        },
        {
            "user_id": "cclensdrruc",
            "session_id": "cclensdrruc_1467294844344",
            "timestamp": 1467294966327,
            "sequence_id": 1,
            "section_id": 2,
            "activity_id": 3,
            "activity_kind": "input",
            "data": {
                "kind": "Input",
                "user_input": "1150000"
            }
        },
        {
            "user_id": "cclensdrruc",
            "session_id": "cclensdrruc_1467294844344",
            "timestamp": 1467295406679,
            "sequence_id": 1,
            "section_id": 2,
            "activity_id": 5,
            "activity_kind": "pipette",
            "data": {
                "kind": "Input",
                "user_input": [
                    199682,
                    3.17,
                    0.1,
                    34.91
                ]
            }
        },
        {
            "user_id": "cclensdrruc",
            "session_id": "cclensdrruc_1467294844344",
            "timestamp": 1467295497029,
            "sequence_id": 1,
            "section_id": 2,
            "activity_id": 5,
            "activity_kind": "pipette",
            "data": {
                "kind": "Input",
                "user_input": [
                    199682,
                    3.17,
                    0.1,
                    34.91
                ]
            }
        },
        {
            "user_id": "cclensdrruc",
            "session_id": "cclensdrruc_1467294844344",
            "timestamp": 1467295977335,
            "sequence_id": 1,
            "section_id": 2,
            "activity_id": 5,
            "activity_kind": "pipette",
            "data": {
                "kind": "Input",
                "user_input": [
                    198636,
                    3.09,
                    0.1,
                    34
                ]
            }
        },
        {
            "user_id": "cclensdrruc",
            "session_id": "cclensdrruc_1467294844344",
            "timestamp": 1467296059282,
            "sequence_id": 1,
            "section_id": 4,
            "activity_id": 0,
            "activity_kind": "dragdrop",
            "data": {
                "kind": "Input",
                "user_input": [
                    {
                        "slot": 0,
                        "stickers": [
                            "4"
                        ]
                    },
                    {
                        "slot": 1,
                        "stickers": [
                            "0"
                        ]
                    },
                    {
                        "slot": 2,
                        "stickers": [
                            "1"
                        ]
                    },
                    {
                        "slot": 3,
                        "stickers": [
                            "2"
                        ]
                    },
                    {
                        "slot": 4,
                        "stickers": [
                            "3"
                        ]
                    },
                    {
                        "slot": 5,
                        "stickers": [
                            "5"
                        ]
                    }
                ]
            }
        },
        {
            "user_id": "cclensdrruc",
            "session_id": "cclensdrruc_1467294844344",
            "timestamp": 1467296069683,
            "sequence_id": 1,
            "section_id": 4,
            "activity_id": 1,
            "activity_kind": "curvestar",
            "data": {
                "kind": "Input",
                "user_input": [
                    1086.734693877551,
                    1239.795918367347,
                    2020.408163265306,
                    2801.020408163265,
                    3994.8979591836733,
                    4500
                ]
            }
        },
        {
            "user_id": "cclensdrruc",
            "session_id": "cclensdrruc_1467294844344",
            "timestamp": 1467296088414,
            "sequence_id": 1,
            "section_id": 4,
            "activity_id": 1,
            "activity_kind": "curvestar",
            "data": {
                "kind": "Input",
                "user_input": [
                    964.2857142857142,
                    1239.795918367347,
                    2020.408163265306,
                    2801.020408163265,
                    3994.8979591836733,
                    4500
                ]
            }
        },
        {
            "user_id": "cclensdrruc",
            "session_id": "cclensdrruc_1467294844344",
            "timestamp": 1467296093934,
            "sequence_id": 1,
            "section_id": 4,
            "activity_id": 1,
            "activity_kind": "curvestar",
            "data": {
                "kind": "Input",
                "user_input": [
                    964.2857142857142,
                    994.8979591836735,
                    2020.408163265306,
                    2801.020408163265,
                    3994.8979591836733,
                    4500
                ]
            }
        },
        {
            "user_id": "cclensdrruc",
            "session_id": "cclensdrruc_1467294844344",
            "timestamp": 1467296098758,
            "sequence_id": 1,
            "section_id": 4,
            "activity_id": 1,
            "activity_kind": "curvestar",
            "data": {
                "kind": "Input",
                "user_input": [
                    964.2857142857142,
                    994.8979591836735,
                    2020.408163265306,
                    2020.408163265306,
                    3994.8979591836733,
                    4500
                ]
            }
        },
        {
            "user_id": "cclensdrruc",
            "session_id": "cclensdrruc_1467294844344",
            "timestamp": 1467296101886,
            "sequence_id": 1,
            "section_id": 4,
            "activity_id": 1,
            "activity_kind": "curvestar",
            "data": {
                "kind": "Input",
                "user_input": [
                    964.2857142857142,
                    994.8979591836735,
                    2020.408163265306,
                    2678.5714285714284,
                    3994.8979591836733,
                    4500
                ]
            }
        },
        {
            "user_id": "cclensdrruc",
            "session_id": "cclensdrruc_1467294844344",
            "timestamp": 1467296104390,
            "sequence_id": 1,
            "section_id": 4,
            "activity_id": 1,
            "activity_kind": "curvestar",
            "data": {
                "kind": "Input",
                "user_input": [
                    964.2857142857142,
                    994.8979591836735,
                    2020.408163265306,
                    3581.6326530612246,
                    3994.8979591836733,
                    4500
                ]
            }
        },
        {
            "user_id": "cclensdrruc",
            "session_id": "cclensdrruc_1467294844344",
            "timestamp": 1467296107134,
            "sequence_id": 1,
            "section_id": 4,
            "activity_id": 1,
            "activity_kind": "curvestar",
            "data": {
                "kind": "Input",
                "user_input": [
                    964.2857142857142,
                    994.8979591836735,
                    2020.408163265306,
                    3948.9795918367345,
                    3994.8979591836733,
                    4500
                ]
            }
        },
        {
            "user_id": "cclensdrruc",
            "session_id": "cclensdrruc_1467294844344",
            "timestamp": 1467296112845,
            "sequence_id": 1,
            "section_id": 4,
            "activity_id": 1,
            "activity_kind": "curvestar",
            "data": {
                "kind": "Input",
                "user_input": [
                    964.2857142857142,
                    1882.6530612244896,
                    2020.408163265306,
                    3948.9795918367345,
                    3994.8979591836733,
                    4500
                ]
            }
        },
        {
            "user_id": "cclensdrruc",
            "session_id": "cclensdrruc_1467294844344",
            "timestamp": 1467296114647,
            "sequence_id": 1,
            "section_id": 4,
            "activity_id": 1,
            "activity_kind": "curvestar",
            "data": {
                "kind": "Input",
                "user_input": [
                    964.2857142857142,
                    1882.6530612244896,
                    2020.408163265306,
                    3948.9795918367345,
                    3994.8979591836733,
                    4500
                ]
            }
        },
        {
            "user_id": "cclensdrruc",
            "session_id": "cclensdrruc_1467294844344",
            "timestamp": 1467296116966,
            "sequence_id": 1,
            "section_id": 4,
            "activity_id": 1,
            "activity_kind": "curvestar",
            "data": {
                "kind": "Input",
                "user_input": [
                    964.2857142857142,
                    1882.6530612244896,
                    2020.408163265306,
                    3948.9795918367345,
                    3994.8979591836733,
                    5923.469387755102
                ]
            }
        },
        {
            "user_id": "cclensdrruc",
            "session_id": "cclensdrruc_1467294844344",
            "timestamp": 1467296119349,
            "sequence_id": 1,
            "section_id": 4,
            "activity_id": 1,
            "activity_kind": "curvestar",
            "data": {
                "kind": "Input",
                "user_input": [
                    964.2857142857142,
                    1882.6530612244896,
                    2020.408163265306,
                    3948.9795918367345,
                    3994.8979591836733,
                    4943.877551020408
                ]
            }
        },
        {
            "user_id": "cclensdrruc",
            "session_id": "cclensdrruc_1467294844344",
            "timestamp": 1467296127047,
            "sequence_id": 1,
            "section_id": 4,
            "activity_id": 1,
            "activity_kind": "curvestar",
            "data": {
                "kind": "Input",
                "user_input": [
                    964.2857142857142,
                    1882.6530612244896,
                    3168.3673469387754,
                    3948.9795918367345,
                    3994.8979591836733,
                    4943.877551020408
                ]
            }
        },
        {
            "user_id": "cclensdrruc",
            "session_id": "cclensdrruc_1467294844344",
            "timestamp": 1467296130021,
            "sequence_id": 1,
            "section_id": 4,
            "activity_id": 1,
            "activity_kind": "curvestar",
            "data": {
                "kind": "Input",
                "user_input": [
                    964.2857142857142,
                    1882.6530612244896,
                    2051.020408163265,
                    3948.9795918367345,
                    3994.8979591836733,
                    4943.877551020408
                ]
            }
        },
        {
            "user_id": "cclensdrruc",
            "session_id": "cclensdrruc_1467294844344",
            "timestamp": 1467296133476,
            "sequence_id": 1,
            "section_id": 4,
            "activity_id": 1,
            "activity_kind": "curvestar",
            "data": {
                "kind": "Input",
                "user_input": [
                    964.2857142857142,
                    1882.6530612244896,
                    2035.7142857142858,
                    3948.9795918367345,
                    3994.8979591836733,
                    4943.877551020408
                ]
            }
        },
        {
            "user_id": "cclensdrruc",
            "session_id": "cclensdrruc_1467294844344",
            "timestamp": 1467296142044,
            "sequence_id": 1,
            "section_id": 4,
            "activity_id": 1,
            "activity_kind": "curvestar",
            "data": {
                "kind": "Input",
                "user_input": [
                    964.2857142857142,
                    1882.6530612244896,
                    2035.7142857142858,
                    3948.9795918367345,
                    3994.8979591836733,
                    5954.081632653061
                ]
            }
        },
        {
            "user_id": "cclensdrruc",
            "session_id": "cclensdrruc_1467294844344",
            "timestamp": 1467296144107,
            "sequence_id": 1,
            "section_id": 4,
            "activity_id": 1,
            "activity_kind": "curvestar",
            "data": {
                "kind": "Input",
                "user_input": [
                    964.2857142857142,
                    1882.6530612244896,
                    2035.7142857142858,
                    3948.9795918367345,
                    3994.8979591836733,
                    5954.081632653061
                ]
            }
        },
        {
            "user_id": "cclensdrruc",
            "session_id": "cclensdrruc_1467294844344",
            "timestamp": 1467296145443,
            "sequence_id": 1,
            "section_id": 4,
            "activity_id": 1,
            "activity_kind": "curvestar",
            "data": {
                "kind": "Input",
                "user_input": [
                    964.2857142857142,
                    1882.6530612244896,
                    2035.7142857142858,
                    3948.9795918367345,
                    3994.8979591836733,
                    5617.34693877551
                ]
            }
        },
        {
            "user_id": "cclensdrruc",
            "session_id": "cclensdrruc_1467294844344",
            "timestamp": 1467296249968,
            "sequence_id": 1,
            "section_id": 4,
            "activity_id": 2,
            "activity_kind": "dragdrop",
            "data": {
                "kind": "Input",
                "user_input": [
                    {
                        "slot": 0,
                        "stickers": [
                            "3"
                        ]
                    },
                    {
                        "slot": 1,
                        "stickers": [
                            "4"
                        ]
                    },
                    {
                        "slot": 2,
                        "stickers": [
                            "2"
                        ]
                    }
                ]
            }
        },
        {
            "user_id": "cclensdrruc",
            "session_id": "cclensdrruc_1467294844344",
            "timestamp": 1467296271492,
            "sequence_id": 1,
            "section_id": 4,
            "activity_id": 3,
            "activity_kind": "dragdrop",
            "data": {
                "kind": "Input",
                "user_input": [
                    {
                        "slot": 0,
                        "stickers": [
                            "4"
                        ]
                    },
                    {
                        "slot": 1,
                        "stickers": [
                            "3"
                        ]
                    },
                    {
                        "slot": 2,
                        "stickers": []
                    },
                    {
                        "slot": 3,
                        "stickers": [
                            "1"
                        ]
                    }
                ]
            }
        },
        {
            "user_id": "cclensdrruc",
            "session_id": "cclensdrruc_1467294844344",
            "timestamp": 1467296297344,
            "sequence_id": 1,
            "section_id": 4,
            "activity_id": 3,
            "activity_kind": "dragdrop",
            "data": {
                "kind": "Input",
                "user_input": [
                    {
                        "slot": 0,
                        "stickers": [
                            "4"
                        ]
                    },
                    {
                        "slot": 1,
                        "stickers": [
                            "3"
                        ]
                    },
                    {
                        "slot": 2,
                        "stickers": []
                    },
                    {
                        "slot": 3,
                        "stickers": [
                            "1"
                        ]
                    }
                ]
            }
        },
        {
            "user_id": "cclensdrruc",
            "session_id": "cclensdrruc_1467294844344",
            "timestamp": 1467296297350,
            "sequence_id": 1,
            "section_id": 4,
            "activity_id": 3,
            "activity_kind": "dragdrop",
            "data": {
                "kind": "Input",
                "user_input": [
                    {
                        "slot": 0,
                        "stickers": [
                            "5"
                        ]
                    },
                    {
                        "slot": 1,
                        "stickers": [
                            "3"
                        ]
                    },
                    {
                        "slot": 2,
                        "stickers": []
                    },
                    {
                        "slot": 3,
                        "stickers": [
                            "1"
                        ]
                    }
                ]
            }
        },
        {
            "user_id": "cclensdrruc",
            "session_id": "cclensdrruc_1467294844344",
            "timestamp": 1467296309776,
            "sequence_id": 1,
            "section_id": 4,
            "activity_id": 3,
            "activity_kind": "dragdrop",
            "data": {
                "kind": "Input",
                "user_input": [
                    {
                        "slot": 0,
                        "stickers": [
                            "5"
                        ]
                    },
                    {
                        "slot": 1,
                        "stickers": [
                            "3"
                        ]
                    },
                    {
                        "slot": 2,
                        "stickers": []
                    },
                    {
                        "slot": 3,
                        "stickers": [
                            "1"
                        ]
                    }
                ]
            }
        },
        {
            "user_id": "cclensdrruc",
            "session_id": "cclensdrruc_1467294844344",
            "timestamp": 1467296309783,
            "sequence_id": 1,
            "section_id": 4,
            "activity_id": 3,
            "activity_kind": "dragdrop",
            "data": {
                "kind": "Input",
                "user_input": [
                    {
                        "slot": 0,
                        "stickers": [
                            "5"
                        ]
                    },
                    {
                        "slot": 1,
                        "stickers": [
                            "2"
                        ]
                    },
                    {
                        "slot": 2,
                        "stickers": []
                    },
                    {
                        "slot": 3,
                        "stickers": [
                            "1"
                        ]
                    }
                ]
            }
        },
        {
            "user_id": "cclensdrruc",
            "session_id": "cclensdrruc_1467294844344",
            "timestamp": 1467296314902,
            "sequence_id": 1,
            "section_id": 4,
            "activity_id": 3,
            "activity_kind": "dragdrop",
            "data": {
                "kind": "Input",
                "user_input": [
                    {
                        "slot": 0,
                        "stickers": [
                            "5"
                        ]
                    },
                    {
                        "slot": 1,
                        "stickers": [
                            "2"
                        ]
                    },
                    {
                        "slot": 2,
                        "stickers": []
                    },
                    {
                        "slot": 3,
                        "stickers": [
                            "1"
                        ]
                    }
                ]
            }
        },
        {
            "user_id": "cclensdrruc",
            "session_id": "cclensdrruc_1467294844344",
            "timestamp": 1467296314906,
            "sequence_id": 1,
            "section_id": 4,
            "activity_id": 3,
            "activity_kind": "dragdrop",
            "data": {
                "kind": "Input",
                "user_input": [
                    {
                        "slot": 0,
                        "stickers": [
                            "5"
                        ]
                    },
                    {
                        "slot": 1,
                        "stickers": [
                            "2"
                        ]
                    },
                    {
                        "slot": 2,
                        "stickers": [
                            "3"
                        ]
                    },
                    {
                        "slot": 3,
                        "stickers": [
                            "1"
                        ]
                    }
                ]
            }
        },
        {
            "user_id": "cclensdrruc",
            "session_id": "cclensdrruc_1467294844344",
            "timestamp": 1467296319614,
            "sequence_id": 1,
            "section_id": 4,
            "activity_id": 3,
            "activity_kind": "dragdrop",
            "data": {
                "kind": "Input",
                "user_input": [
                    {
                        "slot": 0,
                        "stickers": [
                            "5"
                        ]
                    },
                    {
                        "slot": 1,
                        "stickers": [
                            "2"
                        ]
                    },
                    {
                        "slot": 2,
                        "stickers": [
                            "3"
                        ]
                    },
                    {
                        "slot": 3,
                        "stickers": [
                            "1"
                        ]
                    }
                ]
            }
        },
        {
            "user_id": "cclensdrruc",
            "session_id": "cclensdrruc_1467294844344",
            "timestamp": 1467296319620,
            "sequence_id": 1,
            "section_id": 4,
            "activity_id": 3,
            "activity_kind": "dragdrop",
            "data": {
                "kind": "Input",
                "user_input": [
                    {
                        "slot": 0,
                        "stickers": [
                            "2"
                        ]
                    },
                    {
                        "slot": 1,
                        "stickers": [
                            "2"
                        ]
                    },
                    {
                        "slot": 2,
                        "stickers": [
                            "3"
                        ]
                    },
                    {
                        "slot": 3,
                        "stickers": [
                            "1"
                        ]
                    }
                ]
            }
        },
        {
            "user_id": "cclensdrruc",
            "session_id": "cclensdrruc_1467294844344",
            "timestamp": 1467296324375,
            "sequence_id": 1,
            "section_id": 4,
            "activity_id": 3,
            "activity_kind": "dragdrop",
            "data": {
                "kind": "Input",
                "user_input": [
                    {
                        "slot": 0,
                        "stickers": [
                            "2"
                        ]
                    },
                    {
                        "slot": 1,
                        "stickers": [
                            "2"
                        ]
                    },
                    {
                        "slot": 2,
                        "stickers": [
                            "3"
                        ]
                    },
                    {
                        "slot": 3,
                        "stickers": [
                            "1"
                        ]
                    }
                ]
            }
        },
        {
            "user_id": "cclensdrruc",
            "session_id": "cclensdrruc_1467294844344",
            "timestamp": 1467296324380,
            "sequence_id": 1,
            "section_id": 4,
            "activity_id": 3,
            "activity_kind": "dragdrop",
            "data": {
                "kind": "Input",
                "user_input": [
                    {
                        "slot": 0,
                        "stickers": [
                            "2"
                        ]
                    },
                    {
                        "slot": 1,
                        "stickers": [
                            "2"
                        ]
                    },
                    {
                        "slot": 2,
                        "stickers": [
                            "3"
                        ]
                    },
                    {
                        "slot": 3,
                        "stickers": [
                            "0"
                        ]
                    }
                ]
            }
        },
        {
            "user_id": "cclensdrruc",
            "session_id": "cclensdrruc_1467294844344",
            "timestamp": 1467296343404,
            "sequence_id": 1,
            "section_id": 4,
            "activity_id": 3,
            "activity_kind": "dragdrop",
            "data": {
                "kind": "Input",
                "user_input": [
                    {
                        "slot": 0,
                        "stickers": [
                            "2"
                        ]
                    },
                    {
                        "slot": 1,
                        "stickers": [
                            "2"
                        ]
                    },
                    {
                        "slot": 2,
                        "stickers": [
                            "3"
                        ]
                    },
                    {
                        "slot": 3,
                        "stickers": [
                            "0"
                        ]
                    }
                ]
            }
        },
        {
            "user_id": "cclensdrruc",
            "session_id": "cclensdrruc_1467294844344",
            "timestamp": 1467296343409,
            "sequence_id": 1,
            "section_id": 4,
            "activity_id": 3,
            "activity_kind": "dragdrop",
            "data": {
                "kind": "Input",
                "user_input": [
                    {
                        "slot": 0,
                        "stickers": [
                            "2"
                        ]
                    },
                    {
                        "slot": 1,
                        "stickers": [
                            "2"
                        ]
                    },
                    {
                        "slot": 2,
                        "stickers": [
                            "2"
                        ]
                    },
                    {
                        "slot": 3,
                        "stickers": [
                            "0"
                        ]
                    }
                ]
            }
        },
        {
            "user_id": "cclensdrruc",
            "session_id": "cclensdrruc_1467294844344",
            "timestamp": 1467296350281,
            "sequence_id": 1,
            "section_id": 4,
            "activity_id": 3,
            "activity_kind": "dragdrop",
            "data": {
                "kind": "Input",
                "user_input": [
                    {
                        "slot": 0,
                        "stickers": [
                            "2"
                        ]
                    },
                    {
                        "slot": 1,
                        "stickers": [
                            "2"
                        ]
                    },
                    {
                        "slot": 2,
                        "stickers": [
                            "2"
                        ]
                    },
                    {
                        "slot": 3,
                        "stickers": [
                            "0"
                        ]
                    }
                ]
            }
        },
        {
            "user_id": "cclensdrruc",
            "session_id": "cclensdrruc_1467294844344",
            "timestamp": 1467296350290,
            "sequence_id": 1,
            "section_id": 4,
            "activity_id": 3,
            "activity_kind": "dragdrop",
            "data": {
                "kind": "Input",
                "user_input": [
                    {
                        "slot": 0,
                        "stickers": [
                            "3"
                        ]
                    },
                    {
                        "slot": 1,
                        "stickers": [
                            "2"
                        ]
                    },
                    {
                        "slot": 2,
                        "stickers": [
                            "2"
                        ]
                    },
                    {
                        "slot": 3,
                        "stickers": [
                            "0"
                        ]
                    }
                ]
            }
        },
        {
            "user_id": "cclensdrruc",
            "session_id": "cclensdrruc_1467294844344",
            "timestamp": 1467296354927,
            "sequence_id": 1,
            "section_id": 4,
            "activity_id": 3,
            "activity_kind": "dragdrop",
            "data": {
                "kind": "Input",
                "user_input": [
                    {
                        "slot": 0,
                        "stickers": [
                            "3"
                        ]
                    },
                    {
                        "slot": 1,
                        "stickers": [
                            "2"
                        ]
                    },
                    {
                        "slot": 2,
                        "stickers": [
                            "2"
                        ]
                    },
                    {
                        "slot": 3,
                        "stickers": [
                            "0"
                        ]
                    }
                ]
            }
        },
        {
            "user_id": "cclensdrruc",
            "session_id": "cclensdrruc_1467294844344",
            "timestamp": 1467296354936,
            "sequence_id": 1,
            "section_id": 4,
            "activity_id": 3,
            "activity_kind": "dragdrop",
            "data": {
                "kind": "Input",
                "user_input": [
                    {
                        "slot": 0,
                        "stickers": [
                            "3"
                        ]
                    },
                    {
                        "slot": 1,
                        "stickers": [
                            "2"
                        ]
                    },
                    {
                        "slot": 2,
                        "stickers": [
                            "2"
                        ]
                    },
                    {
                        "slot": 3,
                        "stickers": [
                            "1"
                        ]
                    }
                ]
            }
        },
        {
            "user_id": "cclensdrruc",
            "session_id": "cclensdrruc_1467294844344",
            "timestamp": 1467296358020,
            "sequence_id": 1,
            "section_id": 4,
            "activity_id": 3,
            "activity_kind": "dragdrop",
            "data": {
                "kind": "Input",
                "user_input": [
                    {
                        "slot": 0,
                        "stickers": [
                            "3"
                        ]
                    },
                    {
                        "slot": 1,
                        "stickers": [
                            "2"
                        ]
                    },
                    {
                        "slot": 2,
                        "stickers": [
                            "2"
                        ]
                    },
                    {
                        "slot": 3,
                        "stickers": [
                            "1"
                        ]
                    }
                ]
            }
        },
        {
            "user_id": "cclensdrruc",
            "session_id": "cclensdrruc_1467294844344",
            "timestamp": 1467296358026,
            "sequence_id": 1,
            "section_id": 4,
            "activity_id": 3,
            "activity_kind": "dragdrop",
            "data": {
                "kind": "Input",
                "user_input": [
                    {
                        "slot": 0,
                        "stickers": [
                            "3"
                        ]
                    },
                    {
                        "slot": 1,
                        "stickers": [
                            "2"
                        ]
                    },
                    {
                        "slot": 2,
                        "stickers": [
                            "2"
                        ]
                    },
                    {
                        "slot": 3,
                        "stickers": [
                            "0"
                        ]
                    }
                ]
            }
        },
        {
            "user_id": "cclensdrruc",
            "session_id": "cclensdrruc_1467294844344",
            "timestamp": 1467296362596,
            "sequence_id": 1,
            "section_id": 4,
            "activity_id": 3,
            "activity_kind": "dragdrop",
            "data": {
                "kind": "Input",
                "user_input": [
                    {
                        "slot": 0,
                        "stickers": [
                            "3"
                        ]
                    },
                    {
                        "slot": 1,
                        "stickers": [
                            "2"
                        ]
                    },
                    {
                        "slot": 2,
                        "stickers": [
                            "2"
                        ]
                    },
                    {
                        "slot": 3,
                        "stickers": [
                            "0"
                        ]
                    }
                ]
            }
        },
        {
            "user_id": "cclensdrruc",
            "session_id": "cclensdrruc_1467294844344",
            "timestamp": 1467296362601,
            "sequence_id": 1,
            "section_id": 4,
            "activity_id": 3,
            "activity_kind": "dragdrop",
            "data": {
                "kind": "Input",
                "user_input": [
                    {
                        "slot": 0,
                        "stickers": [
                            "4"
                        ]
                    },
                    {
                        "slot": 1,
                        "stickers": [
                            "2"
                        ]
                    },
                    {
                        "slot": 2,
                        "stickers": [
                            "2"
                        ]
                    },
                    {
                        "slot": 3,
                        "stickers": [
                            "0"
                        ]
                    }
                ]
            }
        },
        {
            "user_id": "cclensdrruc",
            "session_id": "cclensdrruc_1467294844344",
            "timestamp": 1467296495177,
            "sequence_id": 1,
            "section_id": 5,
            "activity_id": 0,
            "activity_kind": "synthesis",
            "data": {
                "kind": "Input",
                "user_input": [
                    "latence",
                    "exponentielle",
                    "la courbe de croissance",
                    "une phase stationnaire",
                    "l'inhibition de contact",
                    "désynchronisée",
                    "le profil de cytométrie de flux",
                    "G1",
                    "ordonnées",
                    "G1, S, G2, M"
                ]
            }
        },
        {
            "user_id": "cclensdrruc",
            "session_id": "cclensdrruc_1467294844344",
            "timestamp": 1467296503233,
            "sequence_id": 1,
            "section_id": 5,
            "activity_id": 0,
            "activity_kind": "synthesis",
            "data": {
                "kind": "Input",
                "user_input": [
                    "latence",
                    "exponentielle",
                    "la courbe de croissance",
                    "une phase stationnaire",
                    "l'inhibition de contact",
                    "asynchrone",
                    "le profil de cytométrie de flux",
                    "G1",
                    "ordonnées",
                    "G1, S, G2, M"
                ]
            }
        }
    ]
}