{
    "inputs": [
        {
            "user_id": "Cecyle",
            "session_id": "Cecyle_1480340024354",
            "timestamp": 1480327267078,
            "sequence_id": 2,
            "section_id": 0,
            "activity_id": 0,
            "activity_kind": "dragdrop",
            "data": {
                "kind": "Input",
                "user_input": [
                    {
                        "slot": 0,
                        "stickers": []
                    },
                    {
                        "slot": 1,
                        "stickers": []
                    },
                    {
                        "slot": 2,
                        "stickers": [
                            "1"
                        ]
                    },
                    {
                        "slot": 3,
                        "stickers": [
                            "6"
                        ]
                    },
                    {
                        "slot": 4,
                        "stickers": [
                            "0"
                        ]
                    },
                    {
                        "slot": 5,
                        "stickers": [
                            "3"
                        ]
                    },
                    {
                        "slot": 6,
                        "stickers": []
                    },
                    {
                        "slot": 7,
                        "stickers": []
                    }
                ]
            }
        },
        {
            "user_id": "Cecyle",
            "session_id": "Cecyle_1480340024354",
            "timestamp": 1480327333622,
            "sequence_id": 2,
            "section_id": 0,
            "activity_id": 0,
            "activity_kind": "dragdrop",
            "data": {
                "kind": "Input",
                "user_input": [
                    {
                        "slot": 0,
                        "stickers": [
                            "5"
                        ]
                    },
                    {
                        "slot": 1,
                        "stickers": []
                    },
                    {
                        "slot": 2,
                        "stickers": [
                            "1"
                        ]
                    },
                    {
                        "slot": 3,
                        "stickers": []
                    },
                    {
                        "slot": 4,
                        "stickers": [
                            "0"
                        ]
                    },
                    {
                        "slot": 5,
                        "stickers": [
                            "3"
                        ]
                    },
                    {
                        "slot": 6,
                        "stickers": []
                    },
                    {
                        "slot": 7,
                        "stickers": [
                            "2"
                        ]
                    }
                ]
            }
        },
        {
            "user_id": "Cecyle",
            "session_id": "Cecyle_1480340024354",
            "timestamp": 1480327355430,
            "sequence_id": 2,
            "section_id": 0,
            "activity_id": 0,
            "activity_kind": "dragdrop",
            "data": {
                "kind": "Input",
                "user_input": [
                    {
                        "slot": 0,
                        "stickers": []
                    },
                    {
                        "slot": 1,
                        "stickers": [
                            "2"
                        ]
                    },
                    {
                        "slot": 2,
                        "stickers": [
                            "1"
                        ]
                    },
                    {
                        "slot": 3,
                        "stickers": []
                    },
                    {
                        "slot": 4,
                        "stickers": [
                            "0"
                        ]
                    },
                    {
                        "slot": 5,
                        "stickers": [
                            "3"
                        ]
                    },
                    {
                        "slot": 6,
                        "stickers": []
                    },
                    {
                        "slot": 7,
                        "stickers": []
                    }
                ]
            }
        },
        {
            "user_id": "Cecyle",
            "session_id": "Cecyle_1480340024354",
            "timestamp": 1480327508197,
            "sequence_id": 2,
            "section_id": 0,
            "activity_id": 1,
            "activity_kind": "dragdrop",
            "data": {
                "kind": "Input",
                "user_input": [
                    {
                        "slot": 0,
                        "stickers": [
                            "0",
                            "2"
                        ]
                    },
                    {
                        "slot": 1,
                        "stickers": [
                            "3"
                        ]
                    },
                    {
                        "slot": 2,
                        "stickers": [
                            "1"
                        ]
                    }
                ]
            }
        },
        {
            "user_id": "Cecyle",
            "session_id": "Cecyle_1480340024354",
            "timestamp": 1480327512941,
            "sequence_id": 2,
            "section_id": 0,
            "activity_id": 1,
            "activity_kind": "dragdrop",
            "data": {
                "kind": "Input",
                "user_input": [
                    {
                        "slot": 0,
                        "stickers": [
                            "0"
                        ]
                    },
                    {
                        "slot": 1,
                        "stickers": [
                            "3"
                        ]
                    },
                    {
                        "slot": 2,
                        "stickers": [
                            "1",
                            "2"
                        ]
                    }
                ]
            }
        },
        {
            "user_id": "Cecyle",
            "session_id": "Cecyle_1480340024354",
            "timestamp": 1480327576397,
            "sequence_id": 2,
            "section_id": 1,
            "activity_id": 0,
            "activity_kind": "dragdrop",
            "data": {
                "kind": "Input",
                "user_input": [
                    {
                        "slot": 0,
                        "stickers": []
                    },
                    {
                        "slot": 1,
                        "stickers": []
                    },
                    {
                        "slot": 2,
                        "stickers": [
                            "0"
                        ]
                    },
                    {
                        "slot": 3,
                        "stickers": [
                            "0"
                        ]
                    }
                ]
            }
        },
        {
            "user_id": "Cecyle",
            "session_id": "Cecyle_1480340024354",
            "timestamp": 1480327674463,
            "sequence_id": 2,
            "section_id": 1,
            "activity_id": 1,
            "activity_kind": "curvetest",
            "data": {
                "kind": "Input",
                "user_input": [
                    0.29743589743589743,
                    0.2948717948717949,
                    0.44871794871794873,
                    0.5897435897435898,
                    0.5974358974358974,
                    0.7025641025641025,
                    0.8
                ]
            }
        },
        {
            "user_id": "Cecyle",
            "session_id": "Cecyle_1480340024354",
            "timestamp": 1480327928596,
            "sequence_id": 2,
            "section_id": 2,
            "activity_id": 0,
            "activity_kind": "planif",
            "data": {
                "kind": "Input",
                "user_input": {
                    "protocol": [
                        "-36",
                        "96",
                        "12"
                    ],
                    "temoincheck": false,
                    "culture": [],
                    "temoin": []
                }
            }
        },
        {
            "user_id": "Cecyle",
            "session_id": "Cecyle_1480340024354",
            "timestamp": 1480327948109,
            "sequence_id": 2,
            "section_id": 2,
            "activity_id": 0,
            "activity_kind": "planif",
            "data": {
                "kind": "Input",
                "user_input": {
                    "protocol": [
                        "-36",
                        "84",
                        "12"
                    ],
                    "temoincheck": false,
                    "culture": [
                        {
                            "condition": "+ sérum",
                            "time": "0"
                        }
                    ],
                    "temoin": []
                }
            }
        },
        {
            "user_id": "Cecyle",
            "session_id": "Cecyle_1480340024354",
            "timestamp": 1480327953940,
            "sequence_id": 2,
            "section_id": 2,
            "activity_id": 0,
            "activity_kind": "planif",
            "data": {
                "kind": "Input",
                "user_input": {
                    "protocol": [
                        "-36",
                        "120",
                        "12"
                    ],
                    "temoincheck": false,
                    "culture": [
                        {
                            "condition": "+ sérum",
                            "time": "0"
                        }
                    ],
                    "temoin": []
                }
            }
        },
        {
            "user_id": "Cecyle",
            "session_id": "Cecyle_1480340024354",
            "timestamp": 1480328059485,
            "sequence_id": 2,
            "section_id": 2,
            "activity_id": 1,
            "activity_kind": "dragdrop",
            "data": {
                "kind": "Input",
                "user_input": [
                    {
                        "slot": 0,
                        "stickers": [
                            "9"
                        ]
                    }
                ]
            }
        },
        {
            "user_id": "Cecyle",
            "session_id": "Cecyle_1480340024354",
            "timestamp": 1480328072197,
            "sequence_id": 2,
            "section_id": 2,
            "activity_id": 1,
            "activity_kind": "dragdrop",
            "data": {
                "kind": "Input",
                "user_input": [
                    {
                        "slot": 0,
                        "stickers": [
                            "11"
                        ]
                    }
                ]
            }
        },
        {
            "user_id": "Cecyle",
            "session_id": "Cecyle_1480340024354",
            "timestamp": 1480328088607,
            "sequence_id": 2,
            "section_id": 2,
            "activity_id": 1,
            "activity_kind": "dragdrop",
            "data": {
                "kind": "Input",
                "user_input": [
                    {
                        "slot": 0,
                        "stickers": [
                            "6"
                        ]
                    }
                ]
            }
        },
        {
            "user_id": "Cecyle",
            "session_id": "Cecyle_1480340024354",
            "timestamp": 1480328666932,
            "sequence_id": 2,
            "section_id": 2,
            "activity_id": 5,
            "activity_kind": "doublepipette",
            "data": {
                "kind": "Input",
                "user_input": [
                    2.983333333333333,
                    0.09497206703910616,
                    17.9,
                    3.0014285714285713,
                    0.005235602094240838,
                    21.009999999999998
                ]
            }
        },
        {
            "user_id": "Cecyle",
            "session_id": "Cecyle_1480340024354",
            "timestamp": 1480328792564,
            "sequence_id": 2,
            "section_id": 2,
            "activity_id": 5,
            "activity_kind": "doublepipette",
            "data": {
                "kind": "Input",
                "user_input": [
                    3,
                    0.1,
                    18,
                    3.142857142857143,
                    0.09545454545454546,
                    22
                ]
            }
        },
        {
            "user_id": "Cecyle",
            "session_id": "Cecyle_1480340024354",
            "timestamp": 1480329051997,
            "sequence_id": 2,
            "section_id": 2,
            "activity_id": 5,
            "activity_kind": "doublepipette",
            "data": {
                "kind": "Input",
                "user_input": [
                    2.8333333333333335,
                    0.052941176470588235,
                    17,
                    3,
                    0.1,
                    21
                ]
            }
        },
        {
            "user_id": "Cecyle",
            "session_id": "Cecyle_1480340024354",
            "timestamp": 1480329186053,
            "sequence_id": 2,
            "section_id": 4,
            "activity_id": 0,
            "activity_kind": "dragdrop",
            "data": {
                "kind": "Input",
                "user_input": [
                    {
                        "slot": 0,
                        "stickers": [
                            "0"
                        ]
                    },
                    {
                        "slot": 1,
                        "stickers": [
                            "1"
                        ]
                    },
                    {
                        "slot": 2,
                        "stickers": [
                            "2"
                        ]
                    },
                    {
                        "slot": 3,
                        "stickers": [
                            "3"
                        ]
                    },
                    {
                        "slot": 4,
                        "stickers": [
                            "4"
                        ]
                    }
                ]
            }
        },
        {
            "user_id": "Cecyle",
            "session_id": "Cecyle_1480340024354",
            "timestamp": 1480329198990,
            "sequence_id": 2,
            "section_id": 4,
            "activity_id": 1,
            "activity_kind": "dragdrop",
            "data": {
                "kind": "Input",
                "user_input": [
                    {
                        "slot": 0,
                        "stickers": []
                    },
                    {
                        "slot": 1,
                        "stickers": []
                    },
                    {
                        "slot": 2,
                        "stickers": [
                            "0"
                        ]
                    },
                    {
                        "slot": 3,
                        "stickers": [
                            "0"
                        ]
                    }
                ]
            }
        },
        {
            "user_id": "Cecyle",
            "session_id": "Cecyle_1480340024354",
            "timestamp": 1480329213866,
            "sequence_id": 2,
            "section_id": 4,
            "activity_id": 1,
            "activity_kind": "dragdrop",
            "data": {
                "kind": "Input",
                "user_input": [
                    {
                        "slot": 0,
                        "stickers": []
                    },
                    {
                        "slot": 1,
                        "stickers": []
                    },
                    {
                        "slot": 2,
                        "stickers": [
                            "0"
                        ]
                    },
                    {
                        "slot": 3,
                        "stickers": [
                            "0"
                        ]
                    }
                ]
            }
        },
        {
            "user_id": "Cecyle",
            "session_id": "Cecyle_1480340024354",
            "timestamp": 1480329213871,
            "sequence_id": 2,
            "section_id": 4,
            "activity_id": 1,
            "activity_kind": "dragdrop",
            "data": {
                "kind": "Input",
                "user_input": [
                    {
                        "slot": 0,
                        "stickers": []
                    },
                    {
                        "slot": 1,
                        "stickers": []
                    },
                    {
                        "slot": 2,
                        "stickers": []
                    },
                    {
                        "slot": 3,
                        "stickers": [
                            "0"
                        ]
                    }
                ]
            }
        },
        {
            "user_id": "Cecyle",
            "session_id": "Cecyle_1480340024354",
            "timestamp": 1480329232024,
            "sequence_id": 2,
            "section_id": 4,
            "activity_id": 2,
            "activity_kind": "curvestar",
            "data": {
                "kind": "Input",
                "user_input": [
                    0.29743589743589743,
                    0.2948717948717949,
                    0.44871794871794873,
                    0.5897435897435898,
                    0.5974358974358974,
                    0.7025641025641025,
                    0.8
                ]
            }
        },
        {
            "user_id": "Cecyle",
            "session_id": "Cecyle_1480340024354",
            "timestamp": 1480329240516,
            "sequence_id": 2,
            "section_id": 4,
            "activity_id": 2,
            "activity_kind": "curvestar",
            "data": {
                "kind": "Input",
                "user_input": [
                    0.29743589743589743,
                    0.2948717948717949,
                    0.44871794871794873,
                    0.5897435897435898,
                    0.5974358974358974,
                    0.7025641025641025,
                    0.9794871794871794
                ]
            }
        },
        {
            "user_id": "Cecyle",
            "session_id": "Cecyle_1480340024354",
            "timestamp": 1480329243964,
            "sequence_id": 2,
            "section_id": 4,
            "activity_id": 2,
            "activity_kind": "curvestar",
            "data": {
                "kind": "Input",
                "user_input": [
                    0.29743589743589743,
                    0.2948717948717949,
                    0.44871794871794873,
                    0.5897435897435898,
                    0.5974358974358974,
                    0.8487179487179487,
                    0.9794871794871794
                ]
            }
        },
        {
            "user_id": "Cecyle",
            "session_id": "Cecyle_1480340024354",
            "timestamp": 1480329246164,
            "sequence_id": 2,
            "section_id": 4,
            "activity_id": 2,
            "activity_kind": "curvestar",
            "data": {
                "kind": "Input",
                "user_input": [
                    0.29743589743589743,
                    0.2948717948717949,
                    0.44871794871794873,
                    0.5897435897435898,
                    0.5974358974358974,
                    0.8487179487179487,
                    0.9794871794871794
                ]
            }
        },
        {
            "user_id": "Cecyle",
            "session_id": "Cecyle_1480340024354",
            "timestamp": 1480329249283,
            "sequence_id": 2,
            "section_id": 4,
            "activity_id": 2,
            "activity_kind": "curvestar",
            "data": {
                "kind": "Input",
                "user_input": [
                    0.29743589743589743,
                    0.2948717948717949,
                    0.44871794871794873,
                    0.5897435897435898,
                    0.5974358974358974,
                    0.8512820512820513,
                    0.9794871794871794
                ]
            }
        },
        {
            "user_id": "Cecyle",
            "session_id": "Cecyle_1480340024354",
            "timestamp": 1480329251092,
            "sequence_id": 2,
            "section_id": 4,
            "activity_id": 2,
            "activity_kind": "curvestar",
            "data": {
                "kind": "Input",
                "user_input": [
                    0.29743589743589743,
                    0.2948717948717949,
                    0.44871794871794873,
                    0.5897435897435898,
                    0.5974358974358974,
                    0.8512820512820513,
                    1
                ]
            }
        },
        {
            "user_id": "Cecyle",
            "session_id": "Cecyle_1480340024354",
            "timestamp": 1480329256819,
            "sequence_id": 2,
            "section_id": 4,
            "activity_id": 2,
            "activity_kind": "curvestar",
            "data": {
                "kind": "Input",
                "user_input": [
                    0.29743589743589743,
                    0.2948717948717949,
                    0.44871794871794873,
                    0.5897435897435898,
                    0.841025641025641,
                    0.8512820512820513,
                    1
                ]
            }
        },
        {
            "user_id": "Cecyle",
            "session_id": "Cecyle_1480340024354",
            "timestamp": 1480329258707,
            "sequence_id": 2,
            "section_id": 4,
            "activity_id": 2,
            "activity_kind": "curvestar",
            "data": {
                "kind": "Input",
                "user_input": [
                    0.29743589743589743,
                    0.2948717948717949,
                    0.44871794871794873,
                    0.5897435897435898,
                    0.841025641025641,
                    0.9384615384615385,
                    1
                ]
            }
        },
        {
            "user_id": "Cecyle",
            "session_id": "Cecyle_1480340024354",
            "timestamp": 1480329262411,
            "sequence_id": 2,
            "section_id": 4,
            "activity_id": 2,
            "activity_kind": "curvestar",
            "data": {
                "kind": "Input",
                "user_input": [
                    0.29743589743589743,
                    0.2948717948717949,
                    0.5846153846153846,
                    0.5897435897435898,
                    0.841025641025641,
                    0.9384615384615385,
                    1
                ]
            }
        },
        {
            "user_id": "Cecyle",
            "session_id": "Cecyle_1480340024354",
            "timestamp": 1480329264356,
            "sequence_id": 2,
            "section_id": 4,
            "activity_id": 2,
            "activity_kind": "curvestar",
            "data": {
                "kind": "Input",
                "user_input": [
                    0.29743589743589743,
                    0.2948717948717949,
                    0.5846153846153846,
                    0.5897435897435898,
                    0.8,
                    0.9384615384615385,
                    1
                ]
            }
        },
        {
            "user_id": "Cecyle",
            "session_id": "Cecyle_1480340024354",
            "timestamp": 1480329265628,
            "sequence_id": 2,
            "section_id": 4,
            "activity_id": 2,
            "activity_kind": "curvestar",
            "data": {
                "kind": "Input",
                "user_input": [
                    0.29743589743589743,
                    0.2948717948717949,
                    0.5846153846153846,
                    0.5897435897435898,
                    0.9128205128205128,
                    0.9384615384615385,
                    1
                ]
            }
        },
        {
            "user_id": "Cecyle",
            "session_id": "Cecyle_1480340024354",
            "timestamp": 1480329270059,
            "sequence_id": 2,
            "section_id": 4,
            "activity_id": 2,
            "activity_kind": "curvestar",
            "data": {
                "kind": "Input",
                "user_input": [
                    0.29743589743589743,
                    0.2948717948717949,
                    0.5846153846153846,
                    0.5897435897435898,
                    0.8666666666666667,
                    0.9384615384615385,
                    1
                ]
            }
        },
        {
            "user_id": "Cecyle",
            "session_id": "Cecyle_1480340024354",
            "timestamp": 1480329271707,
            "sequence_id": 2,
            "section_id": 4,
            "activity_id": 2,
            "activity_kind": "curvestar",
            "data": {
                "kind": "Input",
                "user_input": [
                    0.29743589743589743,
                    0.2948717948717949,
                    0.5846153846153846,
                    0.5897435897435898,
                    0.8666666666666667,
                    0.9974358974358974,
                    1
                ]
            }
        },
        {
            "user_id": "Cecyle",
            "session_id": "Cecyle_1480340024354",
            "timestamp": 1480329277124,
            "sequence_id": 2,
            "section_id": 4,
            "activity_id": 2,
            "activity_kind": "curvestar",
            "data": {
                "kind": "Input",
                "user_input": [
                    0.5564102564102564,
                    0.2948717948717949,
                    0.5846153846153846,
                    0.5897435897435898,
                    0.8666666666666667,
                    0.9974358974358974,
                    1
                ]
            }
        },
        {
            "user_id": "Cecyle",
            "session_id": "Cecyle_1480340024354",
            "timestamp": 1480329278916,
            "sequence_id": 2,
            "section_id": 4,
            "activity_id": 2,
            "activity_kind": "curvestar",
            "data": {
                "kind": "Input",
                "user_input": [
                    0.5564102564102564,
                    0.5641025641025641,
                    0.5846153846153846,
                    0.5897435897435898,
                    0.8666666666666667,
                    0.9974358974358974,
                    1
                ]
            }
        },
        {
            "user_id": "Cecyle",
            "session_id": "Cecyle_1480340024354",
            "timestamp": 1480329339764,
            "sequence_id": 2,
            "section_id": 5,
            "activity_id": 0,
            "activity_kind": "synthesis",
            "data": {
                "kind": "Input",
                "user_input": [
                    "prolifération",
                    "agents génotoxiques",
                    "le point de restriction",
                    "G1",
                    "désynchronisées",
                    "G0"
                ]
            }
        },
        {
            "user_id": "Cecyle",
            "session_id": "Cecyle_1480340024354",
            "timestamp": 1480329355684,
            "sequence_id": 2,
            "section_id": 5,
            "activity_id": 0,
            "activity_kind": "synthesis",
            "data": {
                "kind": "Input",
                "user_input": [
                    "prolifération",
                    "oxygène",
                    "le point de restriction",
                    "G1",
                    "asynchronisées",
                    "G0"
                ]
            }
        },
        {
            "user_id": "Cecyle",
            "session_id": "Cecyle_1480340024354",
            "timestamp": 1480329367092,
            "sequence_id": 2,
            "section_id": 5,
            "activity_id": 0,
            "activity_kind": "synthesis",
            "data": {
                "kind": "Input",
                "user_input": [
                    "prolifération",
                    "glucose",
                    "le point de restriction",
                    "G1",
                    "synchronisées",
                    "G0"
                ]
            }
        }
    ]
}