{
    "events": [
        {
            "user_id": "cecyle",
            "session_id": "cecyle_1480954985557",
            "timestamp": 1480942127816,
            "sequence_id": 1,
            "section_id": "0",
            "activity_id": "-1",
            "activity_kind": "dragdrop",
            "data": {
                "kind": "Click",
                "what": "next_btn",
                "which": "requirements",
                "x": 1217,
                "y": 704
            }
        },
        {
            "user_id": "cecyle",
            "session_id": "cecyle_1480954985557",
            "timestamp": 1480942142487,
            "sequence_id": 1,
            "section_id": "0",
            "activity_id": "0",
            "activity_kind": "dragdrop",
            "data": {
                "kind": "MousePressed",
                "what": "DD_sticker",
                "which": "G1",
                "x": 1073,
                "y": 302
            }
        },
        {
            "user_id": "cecyle",
            "session_id": "cecyle_1480954985557",
            "timestamp": 1480942143772,
            "sequence_id": 1,
            "section_id": "0",
            "activity_id": "0",
            "activity_kind": "dragdrop",
            "data": {
                "kind": "MouseReleased",
                "what": "DD_sticker",
                "which": "G1",
                "x": 749,
                "y": 317
            }
        },
        {
            "user_id": "cecyle",
            "session_id": "cecyle_1480954985557",
            "timestamp": 1480942146781,
            "sequence_id": 1,
            "section_id": "0",
            "activity_id": "0",
            "activity_kind": "dragdrop",
            "data": {
                "kind": "MousePressed",
                "what": "DD_sticker",
                "which": "S",
                "x": 1202,
                "y": 247
            }
        },
        {
            "user_id": "cecyle",
            "session_id": "cecyle_1480954985557",
            "timestamp": 1480942148365,
            "sequence_id": 1,
            "section_id": "0",
            "activity_id": "0",
            "activity_kind": "dragdrop",
            "data": {
                "kind": "MouseReleased",
                "what": "DD_sticker",
                "which": "S",
                "x": 674,
                "y": 522
            }
        },
        {
            "user_id": "cecyle",
            "session_id": "cecyle_1480954985557",
            "timestamp": 1480942150901,
            "sequence_id": 1,
            "section_id": "0",
            "activity_id": "0",
            "activity_kind": "dragdrop",
            "data": {
                "kind": "MousePressed",
                "what": "DD_sticker",
                "which": "G2",
                "x": 1151,
                "y": 245
            }
        },
        {
            "user_id": "cecyle",
            "session_id": "cecyle_1480954985557",
            "timestamp": 1480942152748,
            "sequence_id": 1,
            "section_id": "0",
            "activity_id": "0",
            "activity_kind": "dragdrop",
            "data": {
                "kind": "MouseReleased",
                "what": "DD_sticker",
                "which": "G2",
                "x": 476,
                "y": 475
            }
        },
        {
            "user_id": "cecyle",
            "session_id": "cecyle_1480954985557",
            "timestamp": 1480942157405,
            "sequence_id": 1,
            "section_id": "0",
            "activity_id": "0",
            "activity_kind": "dragdrop",
            "data": {
                "kind": "MousePressed",
                "what": "DD_sticker",
                "which": "M",
                "x": 1045,
                "y": 244
            }
        },
        {
            "user_id": "cecyle",
            "session_id": "cecyle_1480954985557",
            "timestamp": 1480942162164,
            "sequence_id": 1,
            "section_id": "0",
            "activity_id": "0",
            "activity_kind": "dragdrop",
            "data": {
                "kind": "MouseReleased",
                "what": "DD_sticker",
                "which": "M",
                "x": 530,
                "y": 258
            }
        },
        {
            "user_id": "cecyle",
            "session_id": "cecyle_1480954985557",
            "timestamp": 1480942171941,
            "sequence_id": 1,
            "section_id": "0",
            "activity_id": "0",
            "activity_kind": "dragdrop",
            "data": {
                "kind": "MousePressed",
                "what": "DD_sticker",
                "which": "/ressources/act0/dd2.png",
                "x": 1171,
                "y": 513
            }
        },
        {
            "user_id": "cecyle",
            "session_id": "cecyle_1480954985557",
            "timestamp": 1480942174492,
            "sequence_id": 1,
            "section_id": "0",
            "activity_id": "0",
            "activity_kind": "dragdrop",
            "data": {
                "kind": "MouseReleased",
                "what": "DD_sticker",
                "which": "/ressources/act0/dd2.png",
                "x": 786,
                "y": 588
            }
        },
        {
            "user_id": "cecyle",
            "session_id": "cecyle_1480954985557",
            "timestamp": 1480942186111,
            "sequence_id": 1,
            "section_id": "0",
            "activity_id": "0",
            "activity_kind": "dragdrop",
            "data": {
                "kind": "MousePressed",
                "what": "DD_sticker",
                "which": "/ressources/act0/dd1.png",
                "x": 1057,
                "y": 508
            }
        },
        {
            "user_id": "cecyle",
            "session_id": "cecyle_1480954985557",
            "timestamp": 1480942187868,
            "sequence_id": 1,
            "section_id": "0",
            "activity_id": "0",
            "activity_kind": "dragdrop",
            "data": {
                "kind": "MouseReleased",
                "what": "DD_sticker",
                "which": "/ressources/act0/dd1.png",
                "x": 507,
                "y": 146
            }
        },
        {
            "user_id": "cecyle",
            "session_id": "cecyle_1480954985557",
            "timestamp": 1480942191740,
            "sequence_id": 1,
            "section_id": "0",
            "activity_id": "0",
            "activity_kind": "dragdrop",
            "data": {
                "kind": "MousePressed",
                "what": "DD_sticker",
                "which": "/ressources/act0/dd3.png",
                "x": 1154,
                "y": 412
            }
        },
        {
            "user_id": "cecyle",
            "session_id": "cecyle_1480954985557",
            "timestamp": 1480942194581,
            "sequence_id": 1,
            "section_id": "0",
            "activity_id": "0",
            "activity_kind": "dragdrop",
            "data": {
                "kind": "MouseReleased",
                "what": "DD_sticker",
                "which": "/ressources/act0/dd3.png",
                "x": 863,
                "y": 382
            }
        },
        {
            "user_id": "cecyle",
            "session_id": "cecyle_1480954985557",
            "timestamp": 1480942197916,
            "sequence_id": 1,
            "section_id": "0",
            "activity_id": "0",
            "activity_kind": "dragdrop",
            "data": {
                "kind": "MousePressed",
                "what": "DD_sticker",
                "which": "R",
                "x": 1110,
                "y": 249
            }
        },
        {
            "user_id": "cecyle",
            "session_id": "cecyle_1480954985557",
            "timestamp": 1480942199019,
            "sequence_id": 1,
            "section_id": "0",
            "activity_id": "0",
            "activity_kind": "dragdrop",
            "data": {
                "kind": "MouseReleased",
                "what": "DD_sticker",
                "which": "R",
                "x": 866,
                "y": 252
            }
        },
        {
            "user_id": "cecyle",
            "session_id": "cecyle_1480954985557",
            "timestamp": 1480942206028,
            "sequence_id": 1,
            "section_id": "0",
            "activity_id": "0",
            "activity_kind": "dragdrop",
            "data": {
                "kind": "MousePressed",
                "what": "DD_sticker",
                "which": "/ressources/act0/dd2.png",
                "x": 1143,
                "y": 511
            }
        },
        {
            "user_id": "cecyle",
            "session_id": "cecyle_1480954985557",
            "timestamp": 1480942210051,
            "sequence_id": 1,
            "section_id": "0",
            "activity_id": "0",
            "activity_kind": "dragdrop",
            "data": {
                "kind": "MouseReleased",
                "what": "DD_sticker",
                "which": "/ressources/act0/dd2.png",
                "x": 353,
                "y": 507
            }
        },
        {
            "user_id": "cecyle",
            "session_id": "cecyle_1480954985557",
            "timestamp": 1480942216172,
            "sequence_id": 1,
            "section_id": "0",
            "activity_id": "0",
            "activity_kind": "dragdrop",
            "data": {
                "kind": "MousePressed",
                "what": "DD_sticker",
                "which": "/ressources/act0/dd2.png",
                "x": 395,
                "y": 499
            }
        },
        {
            "user_id": "cecyle",
            "session_id": "cecyle_1480954985557",
            "timestamp": 1480942217627,
            "sequence_id": 1,
            "section_id": "0",
            "activity_id": "0",
            "activity_kind": "dragdrop",
            "data": {
                "kind": "MouseReleased",
                "what": "DD_sticker",
                "which": "/ressources/act0/dd2.png",
                "x": 1165,
                "y": 516
            }
        },
        {
            "user_id": "cecyle",
            "session_id": "cecyle_1480954985557",
            "timestamp": 1480942223852,
            "sequence_id": 1,
            "section_id": "0",
            "activity_id": "0",
            "activity_kind": "dragdrop",
            "data": {
                "kind": "MousePressed",
                "what": "DD_sticker",
                "which": "R",
                "x": 861,
                "y": 242
            }
        },
        {
            "user_id": "cecyle",
            "session_id": "cecyle_1480954985557",
            "timestamp": 1480942224581,
            "sequence_id": 1,
            "section_id": "0",
            "activity_id": "0",
            "activity_kind": "dragdrop",
            "data": {
                "kind": "MouseReleased",
                "what": "DD_sticker",
                "which": "R",
                "x": 1045,
                "y": 318
            }
        },
        {
            "user_id": "cecyle",
            "session_id": "cecyle_1480954985557",
            "timestamp": 1480942225300,
            "sequence_id": 1,
            "section_id": "0",
            "activity_id": "0",
            "activity_kind": "dragdrop",
            "data": {
                "kind": "MousePressed",
                "what": "DD_sticker",
                "which": "P",
                "x": 1012,
                "y": 310
            }
        },
        {
            "user_id": "cecyle",
            "session_id": "cecyle_1480954985557",
            "timestamp": 1480942226163,
            "sequence_id": 1,
            "section_id": "0",
            "activity_id": "0",
            "activity_kind": "dragdrop",
            "data": {
                "kind": "MouseReleased",
                "what": "DD_sticker",
                "which": "P",
                "x": 872,
                "y": 240
            }
        },
        {
            "user_id": "cecyle",
            "session_id": "cecyle_1480954985557",
            "timestamp": 1480942230275,
            "sequence_id": 1,
            "section_id": "0",
            "activity_id": "0",
            "activity_kind": "dragdrop",
            "data": {
                "kind": "MousePressed",
                "what": "correct_btn",
                "which": "Les phases du cycle cellulaire",
                "x": 1216,
                "y": 677
            }
        },
        {
            "user_id": "cecyle",
            "session_id": "cecyle_1480954985557",
            "timestamp": 1480942230403,
            "sequence_id": 1,
            "section_id": "0",
            "activity_id": "0",
            "activity_kind": "dragdrop",
            "data": {
                "kind": "MouseReleased",
                "what": "correct_btn",
                "which": "Les phases du cycle cellulaire",
                "x": 1216,
                "y": 677
            }
        },
        {
            "user_id": "cecyle",
            "session_id": "cecyle_1480954985557",
            "timestamp": 1480942230413,
            "sequence_id": 1,
            "section_id": "0",
            "activity_id": "0",
            "activity_kind": "dragdrop",
            "data": {
                "kind": "Click",
                "what": "correct_btn",
                "which": "Les phases du cycle cellulaire",
                "x": 1216,
                "y": 677
            }
        },
        {
            "user_id": "cecyle",
            "session_id": "cecyle_1480954985557",
            "timestamp": 1480942234367,
            "sequence_id": 1,
            "section_id": "0",
            "activity_id": "0",
            "activity_kind": "dragdrop",
            "data": {
                "kind": "MousePressed",
                "what": "DD_sticker",
                "which": "P",
                "x": 876,
                "y": 257
            }
        },
        {
            "user_id": "cecyle",
            "session_id": "cecyle_1480954985557",
            "timestamp": 1480942235299,
            "sequence_id": 1,
            "section_id": "0",
            "activity_id": "0",
            "activity_kind": "dragdrop",
            "data": {
                "kind": "MouseReleased",
                "what": "DD_sticker",
                "which": "P",
                "x": 1043,
                "y": 367
            }
        },
        {
            "user_id": "cecyle",
            "session_id": "cecyle_1480954985557",
            "timestamp": 1480942236916,
            "sequence_id": 1,
            "section_id": "0",
            "activity_id": "0",
            "activity_kind": "dragdrop",
            "data": {
                "kind": "MousePressed",
                "what": "DD_sticker",
                "which": "R",
                "x": 1092,
                "y": 244
            }
        },
        {
            "user_id": "cecyle",
            "session_id": "cecyle_1480954985557",
            "timestamp": 1480942237580,
            "sequence_id": 1,
            "section_id": "0",
            "activity_id": "0",
            "activity_kind": "dragdrop",
            "data": {
                "kind": "MouseReleased",
                "what": "DD_sticker",
                "which": "R",
                "x": 836,
                "y": 260
            }
        },
        {
            "user_id": "cecyle",
            "session_id": "cecyle_1480954985557",
            "timestamp": 1480942239307,
            "sequence_id": 1,
            "section_id": "0",
            "activity_id": "0",
            "activity_kind": "dragdrop",
            "data": {
                "kind": "MousePressed",
                "what": "correct_btn",
                "which": "Les phases du cycle cellulaire",
                "x": 1231,
                "y": 681
            }
        },
        {
            "user_id": "cecyle",
            "session_id": "cecyle_1480954985557",
            "timestamp": 1480942239451,
            "sequence_id": 1,
            "section_id": "0",
            "activity_id": "0",
            "activity_kind": "dragdrop",
            "data": {
                "kind": "MouseReleased",
                "what": "correct_btn",
                "which": "Les phases du cycle cellulaire",
                "x": 1231,
                "y": 681
            }
        },
        {
            "user_id": "cecyle",
            "session_id": "cecyle_1480954985557",
            "timestamp": 1480942239463,
            "sequence_id": 1,
            "section_id": "0",
            "activity_id": "0",
            "activity_kind": "dragdrop",
            "data": {
                "kind": "Click",
                "what": "correct_btn",
                "which": "Les phases du cycle cellulaire",
                "x": 1231,
                "y": 681
            }
        },
        {
            "user_id": "cecyle",
            "session_id": "cecyle_1480954985557",
            "timestamp": 1480942330731,
            "sequence_id": 1,
            "section_id": "0",
            "activity_id": "0",
            "activity_kind": "dragdrop",
            "data": {
                "kind": "MousePressed",
                "what": "DD_sticker",
                "which": "/ressources/act0/dd3.png",
                "x": 1155,
                "y": 434
            }
        },
        {
            "user_id": "cecyle",
            "session_id": "cecyle_1480954985557",
            "timestamp": 1480942331746,
            "sequence_id": 1,
            "section_id": "0",
            "activity_id": "0",
            "activity_kind": "dragdrop",
            "data": {
                "kind": "MouseReleased",
                "what": "DD_sticker",
                "which": "/ressources/act0/dd3.png",
                "x": 476,
                "y": 200
            }
        },
        {
            "user_id": "cecyle",
            "session_id": "cecyle_1480954985557",
            "timestamp": 1480942340323,
            "sequence_id": 1,
            "section_id": "0",
            "activity_id": "0",
            "activity_kind": "dragdrop",
            "data": {
                "kind": "MousePressed",
                "what": "DD_sticker",
                "which": "/ressources/act0/dd4.png",
                "x": 1039,
                "y": 427
            }
        },
        {
            "user_id": "cecyle",
            "session_id": "cecyle_1480954985557",
            "timestamp": 1480942341548,
            "sequence_id": 1,
            "section_id": "0",
            "activity_id": "0",
            "activity_kind": "dragdrop",
            "data": {
                "kind": "MouseReleased",
                "what": "DD_sticker",
                "which": "/ressources/act0/dd4.png",
                "x": 764,
                "y": 622
            }
        },
        {
            "user_id": "cecyle",
            "session_id": "cecyle_1480954985557",
            "timestamp": 1480942346189,
            "sequence_id": 1,
            "section_id": "0",
            "activity_id": "0",
            "activity_kind": "dragdrop",
            "data": {
                "kind": "MousePressed",
                "what": "DD_sticker",
                "which": "/ressources/act0/dd1.png",
                "x": 1065,
                "y": 528
            }
        },
        {
            "user_id": "cecyle",
            "session_id": "cecyle_1480954985557",
            "timestamp": 1480942348569,
            "sequence_id": 1,
            "section_id": "0",
            "activity_id": "0",
            "activity_kind": "dragdrop",
            "data": {
                "kind": "MouseReleased",
                "what": "DD_sticker",
                "which": "/ressources/act0/dd1.png",
                "x": 881,
                "y": 383
            }
        },
        {
            "user_id": "cecyle",
            "session_id": "cecyle_1480954985557",
            "timestamp": 1480942350498,
            "sequence_id": 1,
            "section_id": "0",
            "activity_id": "0",
            "activity_kind": "dragdrop",
            "data": {
                "kind": "MousePressed",
                "what": "correct_btn",
                "which": "Les phases du cycle cellulaire",
                "x": 1222,
                "y": 685
            }
        },
        {
            "user_id": "cecyle",
            "session_id": "cecyle_1480954985557",
            "timestamp": 1480942350614,
            "sequence_id": 1,
            "section_id": "0",
            "activity_id": "0",
            "activity_kind": "dragdrop",
            "data": {
                "kind": "MouseReleased",
                "what": "correct_btn",
                "which": "Les phases du cycle cellulaire",
                "x": 1222,
                "y": 685
            }
        },
        {
            "user_id": "cecyle",
            "session_id": "cecyle_1480954985557",
            "timestamp": 1480942350622,
            "sequence_id": 1,
            "section_id": "0",
            "activity_id": "0",
            "activity_kind": "dragdrop",
            "data": {
                "kind": "Click",
                "what": "correct_btn",
                "which": "Les phases du cycle cellulaire",
                "x": 1222,
                "y": 685
            }
        },
        {
            "user_id": "cecyle",
            "session_id": "cecyle_1480954985557",
            "timestamp": 1480942409827,
            "sequence_id": 1,
            "section_id": "0",
            "activity_id": "0",
            "activity_kind": "dragdrop",
            "data": {
                "kind": "MousePressed",
                "what": "DD_sticker",
                "which": "G0",
                "x": 1195,
                "y": 321
            }
        },
        {
            "user_id": "cecyle",
            "session_id": "cecyle_1480954985557",
            "timestamp": 1480942410921,
            "sequence_id": 1,
            "section_id": "0",
            "activity_id": "0",
            "activity_kind": "dragdrop",
            "data": {
                "kind": "MouseReleased",
                "what": "DD_sticker",
                "which": "R",
                "x": 853,
                "y": 248
            }
        },
        {
            "user_id": "cecyle",
            "session_id": "cecyle_1480954985557",
            "timestamp": 1480942411530,
            "sequence_id": 1,
            "section_id": "0",
            "activity_id": "0",
            "activity_kind": "dragdrop",
            "data": {
                "kind": "MousePressed",
                "what": "DD_sticker",
                "which": "R",
                "x": 854,
                "y": 248
            }
        },
        {
            "user_id": "cecyle",
            "session_id": "cecyle_1480954985557",
            "timestamp": 1480942411969,
            "sequence_id": 1,
            "section_id": "0",
            "activity_id": "0",
            "activity_kind": "dragdrop",
            "data": {
                "kind": "MouseReleased",
                "what": "statement_pane",
                "which": "Les phases du cycle cellulaire",
                "x": 979,
                "y": 311
            }
        },
        {
            "user_id": "cecyle",
            "session_id": "cecyle_1480954985557",
            "timestamp": 1480942412761,
            "sequence_id": 1,
            "section_id": "0",
            "activity_id": "0",
            "activity_kind": "dragdrop",
            "data": {
                "kind": "MousePressed",
                "what": "DD_sticker",
                "which": "G0",
                "x": 1179,
                "y": 321
            }
        },
        {
            "user_id": "cecyle",
            "session_id": "cecyle_1480954985557",
            "timestamp": 1480942413235,
            "sequence_id": 1,
            "section_id": "0",
            "activity_id": "0",
            "activity_kind": "dragdrop",
            "data": {
                "kind": "MouseReleased",
                "what": "DD_sticker",
                "which": "G3",
                "x": 1116,
                "y": 298
            }
        },
        {
            "user_id": "cecyle",
            "session_id": "cecyle_1480954985557",
            "timestamp": 1480942413913,
            "sequence_id": 1,
            "section_id": "0",
            "activity_id": "0",
            "activity_kind": "dragdrop",
            "data": {
                "kind": "MousePressed",
                "what": "DD_sticker",
                "which": "G0",
                "x": 1186,
                "y": 315
            }
        },
        {
            "user_id": "cecyle",
            "session_id": "cecyle_1480954985557",
            "timestamp": 1480942414152,
            "sequence_id": 1,
            "section_id": "0",
            "activity_id": "0",
            "activity_kind": "dragdrop",
            "data": {
                "kind": "MouseReleased",
                "what": "DD_sticker",
                "which": "G0",
                "x": 1174,
                "y": 304
            }
        },
        {
            "user_id": "cecyle",
            "session_id": "cecyle_1480954985557",
            "timestamp": 1480942414157,
            "sequence_id": 1,
            "section_id": "0",
            "activity_id": "0",
            "activity_kind": "dragdrop",
            "data": {
                "kind": "Click",
                "what": "DD_sticker",
                "which": "G0",
                "x": 1174,
                "y": 304
            }
        },
        {
            "user_id": "cecyle",
            "session_id": "cecyle_1480954985557",
            "timestamp": 1480942414913,
            "sequence_id": 1,
            "section_id": "0",
            "activity_id": "0",
            "activity_kind": "dragdrop",
            "data": {
                "kind": "MousePressed",
                "what": "DD_sticker",
                "which": "R",
                "x": 864,
                "y": 236
            }
        },
        {
            "user_id": "cecyle",
            "session_id": "cecyle_1480954985557",
            "timestamp": 1480942415440,
            "sequence_id": 1,
            "section_id": "0",
            "activity_id": "0",
            "activity_kind": "dragdrop",
            "data": {
                "kind": "MouseReleased",
                "what": "DD_sticker",
                "which": "R",
                "x": 870,
                "y": 262
            }
        },
        {
            "user_id": "cecyle",
            "session_id": "cecyle_1480954985557",
            "timestamp": 1480942415444,
            "sequence_id": 1,
            "section_id": "0",
            "activity_id": "0",
            "activity_kind": "dragdrop",
            "data": {
                "kind": "Click",
                "what": "DD_sticker",
                "which": "R",
                "x": 870,
                "y": 262
            }
        },
        {
            "user_id": "cecyle",
            "session_id": "cecyle_1480954985557",
            "timestamp": 1480942417793,
            "sequence_id": 1,
            "section_id": "0",
            "activity_id": "0",
            "activity_kind": "dragdrop",
            "data": {
                "kind": "MousePressed",
                "what": "DD_sticker",
                "which": "G0",
                "x": 1175,
                "y": 311
            }
        },
        {
            "user_id": "cecyle",
            "session_id": "cecyle_1480954985557",
            "timestamp": 1480942417888,
            "sequence_id": 1,
            "section_id": "0",
            "activity_id": "0",
            "activity_kind": "dragdrop",
            "data": {
                "kind": "MouseReleased",
                "what": "DD_sticker",
                "which": "G0",
                "x": 1175,
                "y": 311
            }
        },
        {
            "user_id": "cecyle",
            "session_id": "cecyle_1480954985557",
            "timestamp": 1480942417892,
            "sequence_id": 1,
            "section_id": "0",
            "activity_id": "0",
            "activity_kind": "dragdrop",
            "data": {
                "kind": "Click",
                "what": "DD_sticker",
                "which": "G0",
                "x": 1175,
                "y": 311
            }
        },
        {
            "user_id": "cecyle",
            "session_id": "cecyle_1480954985557",
            "timestamp": 1480942418009,
            "sequence_id": 1,
            "section_id": "0",
            "activity_id": "0",
            "activity_kind": "dragdrop",
            "data": {
                "kind": "MousePressed",
                "what": "DD_sticker",
                "which": "G0",
                "x": 1175,
                "y": 311
            }
        },
        {
            "user_id": "cecyle",
            "session_id": "cecyle_1480954985557",
            "timestamp": 1480942418128,
            "sequence_id": 1,
            "section_id": "0",
            "activity_id": "0",
            "activity_kind": "dragdrop",
            "data": {
                "kind": "MouseReleased",
                "what": "DD_sticker",
                "which": "G0",
                "x": 1175,
                "y": 317
            }
        },
        {
            "user_id": "cecyle",
            "session_id": "cecyle_1480954985557",
            "timestamp": 1480942418132,
            "sequence_id": 1,
            "section_id": "0",
            "activity_id": "0",
            "activity_kind": "dragdrop",
            "data": {
                "kind": "Click",
                "what": "DD_sticker",
                "which": "G0",
                "x": 1175,
                "y": 317
            }
        },
        {
            "user_id": "cecyle",
            "session_id": "cecyle_1480954985557",
            "timestamp": 1480942419921,
            "sequence_id": 1,
            "section_id": "0",
            "activity_id": "0",
            "activity_kind": "dragdrop",
            "data": {
                "kind": "MousePressed",
                "what": "DD_sticker",
                "which": "R",
                "x": 871,
                "y": 260
            }
        },
        {
            "user_id": "cecyle",
            "session_id": "cecyle_1480954985557",
            "timestamp": 1480942420248,
            "sequence_id": 1,
            "section_id": "0",
            "activity_id": "0",
            "activity_kind": "dragdrop",
            "data": {
                "kind": "MouseReleased",
                "what": "DD_sticker",
                "which": "R",
                "x": 869,
                "y": 262
            }
        },
        {
            "user_id": "cecyle",
            "session_id": "cecyle_1480954985557",
            "timestamp": 1480942420252,
            "sequence_id": 1,
            "section_id": "0",
            "activity_id": "0",
            "activity_kind": "dragdrop",
            "data": {
                "kind": "Click",
                "what": "DD_sticker",
                "which": "R",
                "x": 869,
                "y": 262
            }
        },
        {
            "user_id": "cecyle",
            "session_id": "cecyle_1480954985557",
            "timestamp": 1480942421145,
            "sequence_id": 1,
            "section_id": "0",
            "activity_id": "0",
            "activity_kind": "dragdrop",
            "data": {
                "kind": "MousePressed",
                "what": "DD_sticker",
                "which": "G0",
                "x": 1168,
                "y": 320
            }
        },
        {
            "user_id": "cecyle",
            "session_id": "cecyle_1480954985557",
            "timestamp": 1480942421266,
            "sequence_id": 1,
            "section_id": "0",
            "activity_id": "0",
            "activity_kind": "dragdrop",
            "data": {
                "kind": "MouseReleased",
                "what": "DD_sticker",
                "which": "G0",
                "x": 1180,
                "y": 319
            }
        },
        {
            "user_id": "cecyle",
            "session_id": "cecyle_1480954985557",
            "timestamp": 1480942421269,
            "sequence_id": 1,
            "section_id": "0",
            "activity_id": "0",
            "activity_kind": "dragdrop",
            "data": {
                "kind": "Click",
                "what": "DD_sticker",
                "which": "G0",
                "x": 1180,
                "y": 319
            }
        },
        {
            "user_id": "cecyle",
            "session_id": "cecyle_1480954985557",
            "timestamp": 1480942421353,
            "sequence_id": 1,
            "section_id": "0",
            "activity_id": "0",
            "activity_kind": "dragdrop",
            "data": {
                "kind": "MousePressed",
                "what": "DD_sticker",
                "which": "G0",
                "x": 1180,
                "y": 318
            }
        },
        {
            "user_id": "cecyle",
            "session_id": "cecyle_1480954985557",
            "timestamp": 1480942421480,
            "sequence_id": 1,
            "section_id": "0",
            "activity_id": "0",
            "activity_kind": "dragdrop",
            "data": {
                "kind": "MouseReleased",
                "what": "DD_sticker",
                "which": "G0",
                "x": 1180,
                "y": 318
            }
        },
        {
            "user_id": "cecyle",
            "session_id": "cecyle_1480954985557",
            "timestamp": 1480942421484,
            "sequence_id": 1,
            "section_id": "0",
            "activity_id": "0",
            "activity_kind": "dragdrop",
            "data": {
                "kind": "Click",
                "what": "DD_sticker",
                "which": "G0",
                "x": 1180,
                "y": 318
            }
        },
        {
            "user_id": "cecyle",
            "session_id": "cecyle_1480954985557",
            "timestamp": 1480942421753,
            "sequence_id": 1,
            "section_id": "0",
            "activity_id": "0",
            "activity_kind": "dragdrop",
            "data": {
                "kind": "MousePressed",
                "what": "DD_sticker",
                "which": "/ressources/act0/dd4.png",
                "x": 1061,
                "y": 381
            }
        },
        {
            "user_id": "cecyle",
            "session_id": "cecyle_1480954985557",
            "timestamp": 1480942423129,
            "sequence_id": 1,
            "section_id": "0",
            "activity_id": "0",
            "activity_kind": "dragdrop",
            "data": {
                "kind": "MousePressed",
                "what": "DD_sticker",
                "which": "G0",
                "x": 1180,
                "y": 310
            }
        },
        {
            "user_id": "cecyle",
            "session_id": "cecyle_1480954985557",
            "timestamp": 1480942423547,
            "sequence_id": 1,
            "section_id": "0",
            "activity_id": "0",
            "activity_kind": "dragdrop",
            "data": {
                "kind": "MouseReleased",
                "what": "DD_sticker",
                "which": "G3",
                "x": 1141,
                "y": 310
            }
        },
        {
            "user_id": "cecyle",
            "session_id": "cecyle_1480954985557",
            "timestamp": 1480942424625,
            "sequence_id": 1,
            "section_id": "0",
            "activity_id": "0",
            "activity_kind": "dragdrop",
            "data": {
                "kind": "MousePressed",
                "what": "DD_sticker",
                "which": "G3",
                "x": 1121,
                "y": 300
            }
        },
        {
            "user_id": "cecyle",
            "session_id": "cecyle_1480954985557",
            "timestamp": 1480942424912,
            "sequence_id": 1,
            "section_id": "0",
            "activity_id": "0",
            "activity_kind": "dragdrop",
            "data": {
                "kind": "MouseReleased",
                "what": "statement_pane",
                "which": "Les phases du cycle cellulaire",
                "x": 1103,
                "y": 324
            }
        },
        {
            "user_id": "cecyle",
            "session_id": "cecyle_1480954985557",
            "timestamp": 1480942425121,
            "sequence_id": 1,
            "section_id": "0",
            "activity_id": "0",
            "activity_kind": "dragdrop",
            "data": {
                "kind": "MousePressed",
                "what": "DD_sticker",
                "which": "G1",
                "x": 1075,
                "y": 318
            }
        },
        {
            "user_id": "cecyle",
            "session_id": "cecyle_1480954985557",
            "timestamp": 1480942425376,
            "sequence_id": 1,
            "section_id": "0",
            "activity_id": "0",
            "activity_kind": "dragdrop",
            "data": {
                "kind": "MouseReleased",
                "what": "DD_sticker",
                "which": "P",
                "x": 1015,
                "y": 317
            }
        },
        {
            "user_id": "cecyle",
            "session_id": "cecyle_1480954985557",
            "timestamp": 1480942425529,
            "sequence_id": 1,
            "section_id": "0",
            "activity_id": "0",
            "activity_kind": "dragdrop",
            "data": {
                "kind": "MousePressed",
                "what": "DD_sticker",
                "which": "P",
                "x": 1000,
                "y": 313
            }
        },
        {
            "user_id": "cecyle",
            "session_id": "cecyle_1480954985557",
            "timestamp": 1480942425688,
            "sequence_id": 1,
            "section_id": "0",
            "activity_id": "0",
            "activity_kind": "dragdrop",
            "data": {
                "kind": "MouseReleased",
                "what": "DD_sticker",
                "which": "P",
                "x": 998,
                "y": 311
            }
        },
        {
            "user_id": "cecyle",
            "session_id": "cecyle_1480954985557",
            "timestamp": 1480942425691,
            "sequence_id": 1,
            "section_id": "0",
            "activity_id": "0",
            "activity_kind": "dragdrop",
            "data": {
                "kind": "Click",
                "what": "DD_sticker",
                "which": "P",
                "x": 998,
                "y": 311
            }
        },
        {
            "user_id": "cecyle",
            "session_id": "cecyle_1480954985557",
            "timestamp": 1480942426297,
            "sequence_id": 1,
            "section_id": "0",
            "activity_id": "0",
            "activity_kind": "dragdrop",
            "data": {
                "kind": "MousePressed",
                "what": "DD_sticker",
                "which": "R",
                "x": 857,
                "y": 251
            }
        },
        {
            "user_id": "cecyle",
            "session_id": "cecyle_1480954985557",
            "timestamp": 1480942426720,
            "sequence_id": 1,
            "section_id": "0",
            "activity_id": "0",
            "activity_kind": "dragdrop",
            "data": {
                "kind": "MouseReleased",
                "what": "statement_pane",
                "which": "Les phases du cycle cellulaire",
                "x": 957,
                "y": 290
            }
        },
        {
            "user_id": "cecyle",
            "session_id": "cecyle_1480954985557",
            "timestamp": 1480942427620,
            "sequence_id": 1,
            "section_id": "0",
            "activity_id": "0",
            "activity_kind": "dragdrop",
            "data": {
                "kind": "MousePressed",
                "what": "DD_sticker",
                "which": "G0",
                "x": 1182,
                "y": 325
            }
        },
        {
            "user_id": "cecyle",
            "session_id": "cecyle_1480954985557",
            "timestamp": 1480942427736,
            "sequence_id": 1,
            "section_id": "0",
            "activity_id": "0",
            "activity_kind": "dragdrop",
            "data": {
                "kind": "MouseReleased",
                "what": "DD_sticker",
                "which": "G0",
                "x": 1183,
                "y": 336
            }
        },
        {
            "user_id": "cecyle",
            "session_id": "cecyle_1480954985557",
            "timestamp": 1480942427741,
            "sequence_id": 1,
            "section_id": "0",
            "activity_id": "0",
            "activity_kind": "dragdrop",
            "data": {
                "kind": "Click",
                "what": "DD_sticker",
                "which": "G0",
                "x": 1183,
                "y": 336
            }
        },
        {
            "user_id": "cecyle",
            "session_id": "cecyle_1480954985557",
            "timestamp": 1480942428664,
            "sequence_id": 1,
            "section_id": "0",
            "activity_id": "0",
            "activity_kind": "dragdrop",
            "data": {
                "kind": "MousePressed",
                "what": "next_btn",
                "which": "Les phases du cycle cellulaire",
                "x": 1219,
                "y": 674
            }
        },
        {
            "user_id": "cecyle",
            "session_id": "cecyle_1480954985557",
            "timestamp": 1480942428816,
            "sequence_id": 1,
            "section_id": "0",
            "activity_id": "0",
            "activity_kind": "dragdrop",
            "data": {
                "kind": "MouseReleased",
                "what": "next_btn",
                "which": "Les phases du cycle cellulaire",
                "x": 1219,
                "y": 674
            }
        },
        {
            "user_id": "cecyle",
            "session_id": "cecyle_1480954985557",
            "timestamp": 1480942428846,
            "sequence_id": 1,
            "section_id": "0",
            "activity_id": "0",
            "activity_kind": "dragdrop",
            "data": {
                "kind": "Click",
                "what": "next_btn",
                "which": "Les phases du cycle cellulaire",
                "x": 1219,
                "y": 674
            }
        },
        {
            "user_id": "cecyle",
            "session_id": "cecyle_1480954985557",
            "timestamp": 1480942443225,
            "sequence_id": 1,
            "section_id": "0",
            "activity_id": "0",
            "activity_kind": "dragdrop",
            "data": {
                "kind": "MousePressed",
                "what": "next_btn",
                "which": "Les phases du cycle cellulaire",
                "x": 1219,
                "y": 674
            }
        },
        {
            "user_id": "cecyle",
            "session_id": "cecyle_1480954985557",
            "timestamp": 1480942443456,
            "sequence_id": 1,
            "section_id": "0",
            "activity_id": "0",
            "activity_kind": "dragdrop",
            "data": {
                "kind": "MouseReleased",
                "what": "next_btn",
                "which": "Les phases du cycle cellulaire",
                "x": 1219,
                "y": 674
            }
        },
        {
            "user_id": "cecyle",
            "session_id": "cecyle_1480954985557",
            "timestamp": 1480942443473,
            "sequence_id": 1,
            "section_id": "0",
            "activity_id": "0",
            "activity_kind": "transition",
            "data": {
                "kind": "Click",
                "what": "next_btn",
                "which": "Les phases du cycle cellulaire",
                "x": 1219,
                "y": 674
            }
        },
        {
            "user_id": "cecyle",
            "session_id": "cecyle_1480954985557",
            "timestamp": 1480942447941,
            "sequence_id": 1,
            "section_id": "1",
            "activity_id": "-1",
            "activity_kind": "dragdrop",
            "data": {
                "kind": "Click",
                "what": "next_btn",
                "which": "hypothesis",
                "x": 1219,
                "y": 674
            }
        },
        {
            "user_id": "cecyle",
            "session_id": "cecyle_1480954985557",
            "timestamp": 1480942501297,
            "sequence_id": 1,
            "section_id": "1",
            "activity_id": "0",
            "activity_kind": "dragdrop",
            "data": {
                "kind": "MousePressed",
                "what": "DD_sticker",
                "which": "14h",
                "x": 1142,
                "y": 521
            }
        },
        {
            "user_id": "cecyle",
            "session_id": "cecyle_1480954985557",
            "timestamp": 1480942502671,
            "sequence_id": 1,
            "section_id": "1",
            "activity_id": "0",
            "activity_kind": "dragdrop",
            "data": {
                "kind": "MouseReleased",
                "what": "DD_sticker",
                "which": "14h",
                "x": 868,
                "y": 375
            }
        },
        {
            "user_id": "cecyle",
            "session_id": "cecyle_1480954985557",
            "timestamp": 1480942508985,
            "sequence_id": 1,
            "section_id": "1",
            "activity_id": "0",
            "activity_kind": "dragdrop",
            "data": {
                "kind": "MousePressed",
                "what": "DD_sticker",
                "which": "4h45",
                "x": 1066,
                "y": 436
            }
        },
        {
            "user_id": "cecyle",
            "session_id": "cecyle_1480954985557",
            "timestamp": 1480942510639,
            "sequence_id": 1,
            "section_id": "1",
            "activity_id": "0",
            "activity_kind": "dragdrop",
            "data": {
                "kind": "MouseReleased",
                "what": "DD_sticker",
                "which": "4h45",
                "x": 746,
                "y": 587
            }
        },
        {
            "user_id": "cecyle",
            "session_id": "cecyle_1480954985557",
            "timestamp": 1480942516614,
            "sequence_id": 1,
            "section_id": "1",
            "activity_id": "0",
            "activity_kind": "dragdrop",
            "data": {
                "kind": "MousePressed",
                "what": "DD_sticker",
                "which": "4h45",
                "x": 1071,
                "y": 433
            }
        },
        {
            "user_id": "cecyle",
            "session_id": "cecyle_1480954985557",
            "timestamp": 1480942518991,
            "sequence_id": 1,
            "section_id": "1",
            "activity_id": "0",
            "activity_kind": "dragdrop",
            "data": {
                "kind": "MouseReleased",
                "what": "DD_sticker",
                "which": "4h45",
                "x": 439,
                "y": 480
            }
        },
        {
            "user_id": "cecyle",
            "session_id": "cecyle_1480954985557",
            "timestamp": 1480942527920,
            "sequence_id": 1,
            "section_id": "1",
            "activity_id": "0",
            "activity_kind": "dragdrop",
            "data": {
                "kind": "MousePressed",
                "what": "DD_sticker",
                "which": "1h00",
                "x": 973,
                "y": 433
            }
        },
        {
            "user_id": "cecyle",
            "session_id": "cecyle_1480954985557",
            "timestamp": 1480942529351,
            "sequence_id": 1,
            "section_id": "1",
            "activity_id": "0",
            "activity_kind": "dragdrop",
            "data": {
                "kind": "MouseReleased",
                "what": "DD_sticker",
                "which": "1h00",
                "x": 547,
                "y": 173
            }
        },
        {
            "user_id": "cecyle",
            "session_id": "cecyle_1480954985557",
            "timestamp": 1480942531007,
            "sequence_id": 1,
            "section_id": "1",
            "activity_id": "0",
            "activity_kind": "dragdrop",
            "data": {
                "kind": "MousePressed",
                "what": "next_btn",
                "which": "La durée des phases du cycle cellulaire",
                "x": 1258,
                "y": 693
            }
        },
        {
            "user_id": "cecyle",
            "session_id": "cecyle_1480954985557",
            "timestamp": 1480942531127,
            "sequence_id": 1,
            "section_id": "1",
            "activity_id": "0",
            "activity_kind": "dragdrop",
            "data": {
                "kind": "MouseReleased",
                "what": "next_btn",
                "which": "La durée des phases du cycle cellulaire",
                "x": 1258,
                "y": 693
            }
        },
        {
            "user_id": "cecyle",
            "session_id": "cecyle_1480954985557",
            "timestamp": 1480942531143,
            "sequence_id": 1,
            "section_id": "1",
            "activity_id": "0",
            "activity_kind": "dragdrop",
            "data": {
                "kind": "Click",
                "what": "next_btn",
                "which": "La durée des phases du cycle cellulaire",
                "x": 1258,
                "y": 693
            }
        },
        {
            "user_id": "cecyle",
            "session_id": "cecyle_1480954985557",
            "timestamp": 1480942538863,
            "sequence_id": 1,
            "section_id": "1",
            "activity_id": "0",
            "activity_kind": "dragdrop",
            "data": {
                "kind": "MousePressed",
                "what": "next_btn",
                "which": "La durée des phases du cycle cellulaire",
                "x": 1255,
                "y": 692
            }
        },
        {
            "user_id": "cecyle",
            "session_id": "cecyle_1480954985557",
            "timestamp": 1480942539039,
            "sequence_id": 1,
            "section_id": "1",
            "activity_id": "0",
            "activity_kind": "dragdrop",
            "data": {
                "kind": "MouseReleased",
                "what": "next_btn",
                "which": "La durée des phases du cycle cellulaire",
                "x": 1255,
                "y": 692
            }
        },
        {
            "user_id": "cecyle",
            "session_id": "cecyle_1480954985557",
            "timestamp": 1480942539068,
            "sequence_id": 1,
            "section_id": "1",
            "activity_id": "0",
            "activity_kind": "curvetest",
            "data": {
                "kind": "Click",
                "what": "next_btn",
                "which": "La durée des phases du cycle cellulaire",
                "x": 1255,
                "y": 692
            }
        },
        {
            "user_id": "cecyle",
            "session_id": "cecyle_1480954985557",
            "timestamp": 1480942690412,
            "sequence_id": 1,
            "section_id": "1",
            "activity_id": "1",
            "activity_kind": "dragdrop",
            "data": {
                "kind": "Click",
                "what": "previous_btn",
                "which": "Courbe de croissance dans des conditions optimales",
                "x": 393,
                "y": 696
            }
        },
        {
            "user_id": "cecyle",
            "session_id": "cecyle_1480954985557",
            "timestamp": 1480942692622,
            "sequence_id": 1,
            "section_id": "1",
            "activity_id": "0",
            "activity_kind": "dragdrop",
            "data": {
                "kind": "MousePressed",
                "what": "previous_btn",
                "which": "La durée des phases du cycle cellulaire",
                "x": 393,
                "y": 696
            }
        },
        {
            "user_id": "cecyle",
            "session_id": "cecyle_1480954985557",
            "timestamp": 1480942692772,
            "sequence_id": 1,
            "section_id": "1",
            "activity_id": "0",
            "activity_kind": "dragdrop",
            "data": {
                "kind": "MouseReleased",
                "what": "previous_btn",
                "which": "La durée des phases du cycle cellulaire",
                "x": 393,
                "y": 696
            }
        },
        {
            "user_id": "cecyle",
            "session_id": "cecyle_1480954985557",
            "timestamp": 1480942692782,
            "sequence_id": 1,
            "section_id": "1",
            "activity_id": "0",
            "activity_kind": "transition",
            "data": {
                "kind": "Click",
                "what": "previous_btn",
                "which": "La durée des phases du cycle cellulaire",
                "x": 393,
                "y": 696
            }
        },
        {
            "user_id": "cecyle",
            "session_id": "cecyle_1480954985557",
            "timestamp": 1480942694908,
            "sequence_id": 1,
            "section_id": "1",
            "activity_id": "-1",
            "activity_kind": "dragdrop",
            "data": {
                "kind": "Click",
                "what": "next_btn",
                "which": "hypothesis",
                "x": 1230,
                "y": 692
            }
        },
        {
            "user_id": "cecyle",
            "session_id": "cecyle_1480954985557",
            "timestamp": 1480942696286,
            "sequence_id": 1,
            "section_id": "1",
            "activity_id": "0",
            "activity_kind": "dragdrop",
            "data": {
                "kind": "MousePressed",
                "what": "DD_sticker",
                "which": "14h",
                "x": 872,
                "y": 372
            }
        },
        {
            "user_id": "cecyle",
            "session_id": "cecyle_1480954985557",
            "timestamp": 1480942696596,
            "sequence_id": 1,
            "section_id": "1",
            "activity_id": "0",
            "activity_kind": "dragdrop",
            "data": {
                "kind": "MouseReleased",
                "what": "main_pane",
                "which": "La durée des phases du cycle cellulaire",
                "x": 871,
                "y": 417
            }
        },
        {
            "user_id": "cecyle",
            "session_id": "cecyle_1480954985557",
            "timestamp": 1480942696957,
            "sequence_id": 1,
            "section_id": "1",
            "activity_id": "0",
            "activity_kind": "dragdrop",
            "data": {
                "kind": "MousePressed",
                "what": "DD_sticker",
                "which": "14h",
                "x": 848,
                "y": 370
            }
        },
        {
            "user_id": "cecyle",
            "session_id": "cecyle_1480954985557",
            "timestamp": 1480942697068,
            "sequence_id": 1,
            "section_id": "1",
            "activity_id": "0",
            "activity_kind": "dragdrop",
            "data": {
                "kind": "MouseReleased",
                "what": "DD_sticker",
                "which": "14h",
                "x": 853,
                "y": 368
            }
        },
        {
            "user_id": "cecyle",
            "session_id": "cecyle_1480954985557",
            "timestamp": 1480942697072,
            "sequence_id": 1,
            "section_id": "1",
            "activity_id": "0",
            "activity_kind": "dragdrop",
            "data": {
                "kind": "Click",
                "what": "DD_sticker",
                "which": "14h",
                "x": 853,
                "y": 368
            }
        },
        {
            "user_id": "cecyle",
            "session_id": "cecyle_1480954985557",
            "timestamp": 1480942697189,
            "sequence_id": 1,
            "section_id": "1",
            "activity_id": "0",
            "activity_kind": "dragdrop",
            "data": {
                "kind": "MousePressed",
                "what": "DD_sticker",
                "which": "14h",
                "x": 856,
                "y": 367
            }
        },
        {
            "user_id": "cecyle",
            "session_id": "cecyle_1480954985557",
            "timestamp": 1480942697312,
            "sequence_id": 1,
            "section_id": "1",
            "activity_id": "0",
            "activity_kind": "dragdrop",
            "data": {
                "kind": "Click",
                "what": "DD_sticker",
                "which": "14h",
                "x": 856,
                "y": 367
            }
        },
        {
            "user_id": "cecyle",
            "session_id": "cecyle_1480954985557",
            "timestamp": 1480942697308,
            "sequence_id": 1,
            "section_id": "1",
            "activity_id": "0",
            "activity_kind": "dragdrop",
            "data": {
                "kind": "MouseReleased",
                "what": "DD_sticker",
                "which": "14h",
                "x": 856,
                "y": 367
            }
        },
        {
            "user_id": "cecyle",
            "session_id": "cecyle_1480954985557",
            "timestamp": 1480942698982,
            "sequence_id": 1,
            "section_id": "1",
            "activity_id": "0",
            "activity_kind": "dragdrop",
            "data": {
                "kind": "MousePressed",
                "what": "DD_sticker",
                "which": "14h",
                "x": 864,
                "y": 377
            }
        },
        {
            "user_id": "cecyle",
            "session_id": "cecyle_1480954985557",
            "timestamp": 1480942699437,
            "sequence_id": 1,
            "section_id": "1",
            "activity_id": "0",
            "activity_kind": "dragdrop",
            "data": {
                "kind": "MouseReleased",
                "what": "main_pane",
                "which": "La durée des phases du cycle cellulaire",
                "x": 855,
                "y": 439
            }
        },
        {
            "user_id": "cecyle",
            "session_id": "cecyle_1480954985557",
            "timestamp": 1480942699748,
            "sequence_id": 1,
            "section_id": "1",
            "activity_id": "0",
            "activity_kind": "dragdrop",
            "data": {
                "kind": "MousePressed",
                "what": "statement_pane",
                "which": "La durée des phases du cycle cellulaire",
                "x": 1112,
                "y": 489
            }
        },
        {
            "user_id": "cecyle",
            "session_id": "cecyle_1480954985557",
            "timestamp": 1480942700228,
            "sequence_id": 1,
            "section_id": "1",
            "activity_id": "0",
            "activity_kind": "dragdrop",
            "data": {
                "kind": "MouseReleased",
                "what": "statement_pane",
                "which": "La durée des phases du cycle cellulaire",
                "x": 1024,
                "y": 445
            }
        },
        {
            "user_id": "cecyle",
            "session_id": "cecyle_1480954985557",
            "timestamp": 1480942700231,
            "sequence_id": 1,
            "section_id": "1",
            "activity_id": "0",
            "activity_kind": "dragdrop",
            "data": {
                "kind": "Click",
                "what": "statement_pane",
                "which": "La durée des phases du cycle cellulaire",
                "x": 1024,
                "y": 445
            }
        },
        {
            "user_id": "cecyle",
            "session_id": "cecyle_1480954985557",
            "timestamp": 1480942700669,
            "sequence_id": 1,
            "section_id": "1",
            "activity_id": "0",
            "activity_kind": "dragdrop",
            "data": {
                "kind": "MousePressed",
                "what": "statement_pane",
                "which": "La durée des phases du cycle cellulaire",
                "x": 1136,
                "y": 432
            }
        },
        {
            "user_id": "cecyle",
            "session_id": "cecyle_1480954985557",
            "timestamp": 1480942700748,
            "sequence_id": 1,
            "section_id": "1",
            "activity_id": "0",
            "activity_kind": "dragdrop",
            "data": {
                "kind": "MouseReleased",
                "what": "statement_pane",
                "which": "La durée des phases du cycle cellulaire",
                "x": 1136,
                "y": 432
            }
        },
        {
            "user_id": "cecyle",
            "session_id": "cecyle_1480954985557",
            "timestamp": 1480942700751,
            "sequence_id": 1,
            "section_id": "1",
            "activity_id": "0",
            "activity_kind": "dragdrop",
            "data": {
                "kind": "Click",
                "what": "statement_pane",
                "which": "La durée des phases du cycle cellulaire",
                "x": 1136,
                "y": 432
            }
        },
        {
            "user_id": "cecyle",
            "session_id": "cecyle_1480954985557",
            "timestamp": 1480942708037,
            "sequence_id": 1,
            "section_id": "1",
            "activity_id": "0",
            "activity_kind": "dragdrop",
            "data": {
                "kind": "MousePressed",
                "what": "next_btn",
                "which": "La durée des phases du cycle cellulaire",
                "x": 1213,
                "y": 685
            }
        },
        {
            "user_id": "cecyle",
            "session_id": "cecyle_1480954985557",
            "timestamp": 1480942708188,
            "sequence_id": 1,
            "section_id": "1",
            "activity_id": "0",
            "activity_kind": "dragdrop",
            "data": {
                "kind": "MouseReleased",
                "what": "next_btn",
                "which": "La durée des phases du cycle cellulaire",
                "x": 1213,
                "y": 685
            }
        },
        {
            "user_id": "cecyle",
            "session_id": "cecyle_1480954985557",
            "timestamp": 1480942708197,
            "sequence_id": 1,
            "section_id": "1",
            "activity_id": "0",
            "activity_kind": "curvetest",
            "data": {
                "kind": "Click",
                "what": "next_btn",
                "which": "La durée des phases du cycle cellulaire",
                "x": 1213,
                "y": 685
            }
        },
        {
            "user_id": "cecyle",
            "session_id": "cecyle_1480954985557",
            "timestamp": 1480942723163,
            "sequence_id": 1,
            "section_id": "1",
            "activity_id": "1",
            "activity_kind": "dragdrop",
            "data": {
                "kind": "Click",
                "what": "previous_btn",
                "which": "Courbe de croissance dans des conditions optimales",
                "x": 390,
                "y": 702
            }
        },
        {
            "user_id": "cecyle",
            "session_id": "cecyle_1480954985557",
            "timestamp": 1480942725263,
            "sequence_id": 1,
            "section_id": "1",
            "activity_id": "0",
            "activity_kind": "dragdrop",
            "data": {
                "kind": "MousePressed",
                "what": "main_pane",
                "which": "La durée des phases du cycle cellulaire",
                "x": 736,
                "y": 611
            }
        },
        {
            "user_id": "cecyle",
            "session_id": "cecyle_1480954985557",
            "timestamp": 1480942725380,
            "sequence_id": 1,
            "section_id": "1",
            "activity_id": "0",
            "activity_kind": "dragdrop",
            "data": {
                "kind": "MouseReleased",
                "what": "DD_slot",
                "which": "1",
                "x": 736,
                "y": 606
            }
        },
        {
            "user_id": "cecyle",
            "session_id": "cecyle_1480954985557",
            "timestamp": 1480942725384,
            "sequence_id": 1,
            "section_id": "1",
            "activity_id": "0",
            "activity_kind": "dragdrop",
            "data": {
                "kind": "Click",
                "what": "DD_slot",
                "which": "1",
                "x": 736,
                "y": 606
            }
        },
        {
            "user_id": "cecyle",
            "session_id": "cecyle_1480954985557",
            "timestamp": 1480942725508,
            "sequence_id": 1,
            "section_id": "1",
            "activity_id": "0",
            "activity_kind": "dragdrop",
            "data": {
                "kind": "MousePressed",
                "what": "DD_sticker",
                "which": "4h45",
                "x": 737,
                "y": 598
            }
        },
        {
            "user_id": "cecyle",
            "session_id": "cecyle_1480954985557",
            "timestamp": 1480942725644,
            "sequence_id": 1,
            "section_id": "1",
            "activity_id": "0",
            "activity_kind": "dragdrop",
            "data": {
                "kind": "MouseReleased",
                "what": "DD_sticker",
                "which": "4h45",
                "x": 737,
                "y": 595
            }
        },
        {
            "user_id": "cecyle",
            "session_id": "cecyle_1480954985557",
            "timestamp": 1480942725647,
            "sequence_id": 1,
            "section_id": "1",
            "activity_id": "0",
            "activity_kind": "dragdrop",
            "data": {
                "kind": "Click",
                "what": "DD_sticker",
                "which": "4h45",
                "x": 737,
                "y": 595
            }
        },
        {
            "user_id": "cecyle",
            "session_id": "cecyle_1480954985557",
            "timestamp": 1480942729556,
            "sequence_id": 1,
            "section_id": "1",
            "activity_id": "0",
            "activity_kind": "dragdrop",
            "data": {
                "kind": "MousePressed",
                "what": "DD_sticker",
                "which": "14h",
                "x": 865,
                "y": 360
            }
        },
        {
            "user_id": "cecyle",
            "session_id": "cecyle_1480954985557",
            "timestamp": 1480942732180,
            "sequence_id": 1,
            "section_id": "1",
            "activity_id": "0",
            "activity_kind": "dragdrop",
            "data": {
                "kind": "MouseReleased",
                "what": "main_pane",
                "which": "La durée des phases du cycle cellulaire",
                "x": 918,
                "y": 367
            }
        },
        {
            "user_id": "cecyle",
            "session_id": "cecyle_1480954985557",
            "timestamp": 1480942744670,
            "sequence_id": 1,
            "section_id": 1,
            "activity_id": 0,
            "activity_kind": "dragdrop",
            "data": {
                "kind": "MousePressed",
                "what": "logout_btn",
                "which": "appbar",
                "x": 1240,
                "y": 58
            }
        }
    ]
}