{
    "inputs": [
        {
            "user_id": "Cecyle",
            "session_id": "Cecyle_1480337242794",
            "timestamp": 1480324456336,
            "sequence_id": 1,
            "section_id": 0,
            "activity_id": 0,
            "activity_kind": "dragdrop",
            "data": {
                "kind": "Input",
                "user_input": [
                    {
                        "slot": 0,
                        "stickers": []
                    },
                    {
                        "slot": 1,
                        "stickers": []
                    },
                    {
                        "slot": 2,
                        "stickers": []
                    },
                    {
                        "slot": 3,
                        "stickers": []
                    },
                    {
                        "slot": 4,
                        "stickers": []
                    },
                    {
                        "slot": 5,
                        "stickers": [
                            "10"
                        ]
                    },
                    {
                        "slot": 6,
                        "stickers": [
                            "11"
                        ]
                    },
                    {
                        "slot": 7,
                        "stickers": [
                            "9"
                        ]
                    },
                    {
                        "slot": 8,
                        "stickers": [
                            "12"
                        ]
                    }
                ]
            }
        },
        {
            "user_id": "Cecyle",
            "session_id": "Cecyle_1480337242794",
            "timestamp": 1480324638765,
            "sequence_id": 1,
            "section_id": 0,
            "activity_id": 0,
            "activity_kind": "dragdrop",
            "data": {
                "kind": "Input",
                "user_input": [
                    {
                        "slot": 0,
                        "stickers": [
                            "0"
                        ]
                    },
                    {
                        "slot": 1,
                        "stickers": [
                            "1"
                        ]
                    },
                    {
                        "slot": 2,
                        "stickers": [
                            "2"
                        ]
                    },
                    {
                        "slot": 3,
                        "stickers": [
                            "3"
                        ]
                    },
                    {
                        "slot": 4,
                        "stickers": [
                            "4"
                        ]
                    },
                    {
                        "slot": 5,
                        "stickers": [
                            "9"
                        ]
                    },
                    {
                        "slot": 6,
                        "stickers": [
                            "12"
                        ]
                    },
                    {
                        "slot": 7,
                        "stickers": [
                            "11"
                        ]
                    },
                    {
                        "slot": 8,
                        "stickers": [
                            "10"
                        ]
                    }
                ]
            }
        },
        {
            "user_id": "Cecyle",
            "session_id": "Cecyle_1480337242794",
            "timestamp": 1480324647222,
            "sequence_id": 1,
            "section_id": 0,
            "activity_id": 0,
            "activity_kind": "dragdrop",
            "data": {
                "kind": "Input",
                "user_input": [
                    {
                        "slot": 0,
                        "stickers": [
                            "0"
                        ]
                    },
                    {
                        "slot": 1,
                        "stickers": [
                            "1"
                        ]
                    },
                    {
                        "slot": 2,
                        "stickers": [
                            "2"
                        ]
                    },
                    {
                        "slot": 3,
                        "stickers": [
                            "3"
                        ]
                    },
                    {
                        "slot": 4,
                        "stickers": [
                            "4"
                        ]
                    },
                    {
                        "slot": 5,
                        "stickers": [
                            "9"
                        ]
                    },
                    {
                        "slot": 6,
                        "stickers": [
                            "12"
                        ]
                    },
                    {
                        "slot": 7,
                        "stickers": [
                            "10"
                        ]
                    },
                    {
                        "slot": 8,
                        "stickers": [
                            "11"
                        ]
                    }
                ]
            }
        },
        {
            "user_id": "Cecyle",
            "session_id": "Cecyle_1480337242794",
            "timestamp": 1480324979673,
            "sequence_id": 1,
            "section_id": 1,
            "activity_id": 0,
            "activity_kind": "dragdrop",
            "data": {
                "kind": "Input",
                "user_input": [
                    {
                        "slot": 0,
                        "stickers": [
                            "4"
                        ]
                    },
                    {
                        "slot": 1,
                        "stickers": [
                            "2"
                        ]
                    },
                    {
                        "slot": 2,
                        "stickers": [
                            "2"
                        ]
                    },
                    {
                        "slot": 3,
                        "stickers": [
                            "1"
                        ]
                    }
                ]
            }
        },
        {
            "user_id": "Cecyle",
            "session_id": "Cecyle_1480337242794",
            "timestamp": 1480325181282,
            "sequence_id": 1,
            "section_id": 1,
            "activity_id": 1,
            "activity_kind": "curvetest",
            "data": {
                "kind": "Input",
                "user_input": [
                    1025.5102040816325,
                    1484.6938775510205,
                    2020.408163265306,
                    2525.5102040816328,
                    3015.3061224489797,
                    3505.1020408163263
                ]
            }
        },
        {
            "user_id": "Cecyle",
            "session_id": "Cecyle_1480337242794",
            "timestamp": 1480325456919,
            "sequence_id": 1,
            "section_id": 2,
            "activity_id": 2,
            "activity_kind": "counttest",
            "data": {
                "kind": "Input",
                "user_input": [
                    10,
                    8,
                    11,
                    12
                ]
            }
        },
        {
            "user_id": "Cecyle",
            "session_id": "Cecyle_1480337242794",
            "timestamp": 1480325471258,
            "sequence_id": 1,
            "section_id": 2,
            "activity_id": 2,
            "activity_kind": "counttest",
            "data": {
                "kind": "Input",
                "user_input": [
                    10,
                    8,
                    12,
                    12
                ]
            }
        },
        {
            "user_id": "Cecyle",
            "session_id": "Cecyle_1480337242794",
            "timestamp": 1480325761624,
            "sequence_id": 1,
            "section_id": 2,
            "activity_id": 3,
            "activity_kind": "input",
            "data": {
                "kind": "Input",
                "user_input": "0.06"
            }
        },
        {
            "user_id": "Cecyle",
            "session_id": "Cecyle_1480337242794",
            "timestamp": 1480325896203,
            "sequence_id": 1,
            "section_id": 2,
            "activity_id": 3,
            "activity_kind": "input",
            "data": {
                "kind": "Input",
                "user_input": "1300000"
            }
        },
        {
            "user_id": "Cecyle",
            "session_id": "Cecyle_1480337242794",
            "timestamp": 1480326062336,
            "sequence_id": 1,
            "section_id": 2,
            "activity_id": 3,
            "activity_kind": "input",
            "data": {
                "kind": "Input",
                "user_input": "1150000"
            }
        },
        {
            "user_id": "Cecyle",
            "session_id": "Cecyle_1480337242794",
            "timestamp": 1480327037170,
            "sequence_id": 1,
            "section_id": 2,
            "activity_id": 5,
            "activity_kind": "pipette",
            "data": {
                "kind": "Input",
                "user_input": [
                    199682,
                    3,
                    0.1,
                    33
                ]
            }
        },
        {
            "user_id": "Cecyle",
            "session_id": "Cecyle_1480337242794",
            "timestamp": 1480327133380,
            "sequence_id": 1,
            "section_id": 4,
            "activity_id": 0,
            "activity_kind": "dragdrop",
            "data": {
                "kind": "Input",
                "user_input": [
                    {
                        "slot": 0,
                        "stickers": [
                            "0"
                        ]
                    },
                    {
                        "slot": 1,
                        "stickers": [
                            "4"
                        ]
                    },
                    {
                        "slot": 2,
                        "stickers": [
                            "1"
                        ]
                    },
                    {
                        "slot": 3,
                        "stickers": [
                            "2"
                        ]
                    },
                    {
                        "slot": 4,
                        "stickers": [
                            "5"
                        ]
                    },
                    {
                        "slot": 5,
                        "stickers": [
                            "3"
                        ]
                    }
                ]
            }
        },
        {
            "user_id": "Cecyle",
            "session_id": "Cecyle_1480337242794",
            "timestamp": 1480327201033,
            "sequence_id": 1,
            "section_id": 4,
            "activity_id": 1,
            "activity_kind": "curvestar",
            "data": {
                "kind": "Input",
                "user_input": [
                    1025.5102040816325,
                    1484.6938775510205,
                    2020.408163265306,
                    2525.5102040816328,
                    3015.3061224489797,
                    3505.1020408163263
                ]
            }
        },
        {
            "user_id": "Cecyle",
            "session_id": "Cecyle_1480337242794",
            "timestamp": 1480327218561,
            "sequence_id": 1,
            "section_id": 4,
            "activity_id": 1,
            "activity_kind": "curvestar",
            "data": {
                "kind": "Input",
                "user_input": [
                    1025.5102040816325,
                    1484.6938775510205,
                    2020.408163265306,
                    2525.5102040816328,
                    3015.3061224489797,
                    3030.612244897959
                ]
            }
        },
        {
            "user_id": "Cecyle",
            "session_id": "Cecyle_1480337242794",
            "timestamp": 1480327223309,
            "sequence_id": 1,
            "section_id": 4,
            "activity_id": 1,
            "activity_kind": "curvestar",
            "data": {
                "kind": "Input",
                "user_input": [
                    1025.5102040816325,
                    1484.6938775510205,
                    2020.408163265306,
                    2005.1020408163265,
                    3015.3061224489797,
                    3030.612244897959
                ]
            }
        },
        {
            "user_id": "Cecyle",
            "session_id": "Cecyle_1480337242794",
            "timestamp": 1480327226880,
            "sequence_id": 1,
            "section_id": 4,
            "activity_id": 1,
            "activity_kind": "curvestar",
            "data": {
                "kind": "Input",
                "user_input": [
                    1025.5102040816325,
                    1484.6938775510205,
                    1469.3877551020407,
                    2005.1020408163265,
                    3015.3061224489797,
                    3030.612244897959
                ]
            }
        },
        {
            "user_id": "Cecyle",
            "session_id": "Cecyle_1480337242794",
            "timestamp": 1480327232029,
            "sequence_id": 1,
            "section_id": 4,
            "activity_id": 1,
            "activity_kind": "curvestar",
            "data": {
                "kind": "Input",
                "user_input": [
                    1025.5102040816325,
                    994.8979591836735,
                    1469.3877551020407,
                    2005.1020408163265,
                    3015.3061224489797,
                    3030.612244897959
                ]
            }
        },
        {
            "user_id": "Cecyle",
            "session_id": "Cecyle_1480337242794",
            "timestamp": 1480327239613,
            "sequence_id": 1,
            "section_id": 4,
            "activity_id": 1,
            "activity_kind": "curvestar",
            "data": {
                "kind": "Input",
                "user_input": [
                    1025.5102040816325,
                    994.8979591836735,
                    1469.3877551020407,
                    2005.1020408163265,
                    3015.3061224489797,
                    3030.612244897959
                ]
            }
        },
        {
            "user_id": "Cecyle",
            "session_id": "Cecyle_1480337242794",
            "timestamp": 1480327240982,
            "sequence_id": 1,
            "section_id": 4,
            "activity_id": 1,
            "activity_kind": "curvestar",
            "data": {
                "kind": "Input",
                "user_input": [
                    1025.5102040816325,
                    994.8979591836735,
                    1469.3877551020407,
                    2005.1020408163265,
                    3015.3061224489797,
                    3030.612244897959
                ]
            }
        },
        {
            "user_id": "Cecyle",
            "session_id": "Cecyle_1480337242794",
            "timestamp": 1480327242308,
            "sequence_id": 1,
            "section_id": 4,
            "activity_id": 1,
            "activity_kind": "curvestar",
            "data": {
                "kind": "Input",
                "user_input": [
                    1025.5102040816325,
                    994.8979591836735,
                    1469.3877551020407,
                    2005.1020408163265,
                    3015.3061224489797,
                    3030.612244897959
                ]
            }
        },
        {
            "user_id": "Cecyle",
            "session_id": "Cecyle_1480337242794",
            "timestamp": 1480327391033,
            "sequence_id": 1,
            "section_id": 4,
            "activity_id": 2,
            "activity_kind": "dragdrop",
            "data": {
                "kind": "Input",
                "user_input": [
                    {
                        "slot": 0,
                        "stickers": [
                            "3"
                        ]
                    },
                    {
                        "slot": 1,
                        "stickers": [
                            "4"
                        ]
                    },
                    {
                        "slot": 2,
                        "stickers": [
                            "2"
                        ]
                    }
                ]
            }
        },
        {
            "user_id": "Cecyle",
            "session_id": "Cecyle_1480337242794",
            "timestamp": 1480327402403,
            "sequence_id": 1,
            "section_id": 4,
            "activity_id": 3,
            "activity_kind": "dragdrop",
            "data": {
                "kind": "Input",
                "user_input": [
                    {
                        "slot": 0,
                        "stickers": [
                            "4"
                        ]
                    },
                    {
                        "slot": 1,
                        "stickers": [
                            "2"
                        ]
                    },
                    {
                        "slot": 2,
                        "stickers": [
                            "2"
                        ]
                    },
                    {
                        "slot": 3,
                        "stickers": [
                            "1"
                        ]
                    }
                ]
            }
        },
        {
            "user_id": "Cecyle",
            "session_id": "Cecyle_1480337242794",
            "timestamp": 1480327427693,
            "sequence_id": 1,
            "section_id": 4,
            "activity_id": 3,
            "activity_kind": "dragdrop",
            "data": {
                "kind": "Input",
                "user_input": [
                    {
                        "slot": 0,
                        "stickers": [
                            "4"
                        ]
                    },
                    {
                        "slot": 1,
                        "stickers": [
                            "2"
                        ]
                    },
                    {
                        "slot": 2,
                        "stickers": [
                            "2"
                        ]
                    },
                    {
                        "slot": 3,
                        "stickers": [
                            "1"
                        ]
                    }
                ]
            }
        },
        {
            "user_id": "Cecyle",
            "session_id": "Cecyle_1480337242794",
            "timestamp": 1480327427702,
            "sequence_id": 1,
            "section_id": 4,
            "activity_id": 3,
            "activity_kind": "dragdrop",
            "data": {
                "kind": "Input",
                "user_input": [
                    {
                        "slot": 0,
                        "stickers": [
                            "4"
                        ]
                    },
                    {
                        "slot": 1,
                        "stickers": [
                            "2"
                        ]
                    },
                    {
                        "slot": 2,
                        "stickers": [
                            "2"
                        ]
                    },
                    {
                        "slot": 3,
                        "stickers": [
                            "0"
                        ]
                    }
                ]
            }
        },
        {
            "user_id": "Cecyle",
            "session_id": "Cecyle_1480337242794",
            "timestamp": 1480327587213,
            "sequence_id": 1,
            "section_id": 5,
            "activity_id": 0,
            "activity_kind": "synthesis",
            "data": {
                "kind": "Input",
                "user_input": [
                    "latence",
                    "exponentielle",
                    "la courbe de croissance",
                    "une phase stationnaire",
                    "l'inhibition de contact",
                    "asynchrone",
                    "le profil de cytométrie de flux",
                    "G1",
                    "ordonnées",
                    "G1, S, G2, M"
                ]
            }
        }
    ]
}