{
    "inputs": [
        {
            "user_id": "Cecyle",
            "session_id": "Cecyle_1480353098640",
            "timestamp": 1480340405127,
            "sequence_id": 2,
            "section_id": 0,
            "activity_id": 0,
            "activity_kind": "dragdrop",
            "data": {
                "kind": "Input",
                "user_input": [
                    {
                        "slot": 0,
                        "stickers": [
                            "4"
                        ]
                    },
                    {
                        "slot": 1,
                        "stickers": [
                            "2"
                        ]
                    },
                    {
                        "slot": 2,
                        "stickers": [
                            "1"
                        ]
                    },
                    {
                        "slot": 3,
                        "stickers": [
                            "6"
                        ]
                    },
                    {
                        "slot": 4,
                        "stickers": [
                            "0"
                        ]
                    },
                    {
                        "slot": 5,
                        "stickers": [
                            "3"
                        ]
                    },
                    {
                        "slot": 6,
                        "stickers": []
                    },
                    {
                        "slot": 7,
                        "stickers": [
                            "5"
                        ]
                    }
                ]
            }
        },
        {
            "user_id": "Cecyle",
            "session_id": "Cecyle_1480353098640",
            "timestamp": 1480340700686,
            "sequence_id": 2,
            "section_id": 0,
            "activity_id": 0,
            "activity_kind": "dragdrop",
            "data": {
                "kind": "Input",
                "user_input": [
                    {
                        "slot": 0,
                        "stickers": []
                    },
                    {
                        "slot": 1,
                        "stickers": [
                            "2"
                        ]
                    },
                    {
                        "slot": 2,
                        "stickers": [
                            "1"
                        ]
                    },
                    {
                        "slot": 3,
                        "stickers": []
                    },
                    {
                        "slot": 4,
                        "stickers": [
                            "0"
                        ]
                    },
                    {
                        "slot": 5,
                        "stickers": [
                            "3"
                        ]
                    },
                    {
                        "slot": 6,
                        "stickers": []
                    },
                    {
                        "slot": 7,
                        "stickers": []
                    }
                ]
            }
        },
        {
            "user_id": "Cecyle",
            "session_id": "Cecyle_1480353098640",
            "timestamp": 1480340908780,
            "sequence_id": 2,
            "section_id": 0,
            "activity_id": 1,
            "activity_kind": "dragdrop",
            "data": {
                "kind": "Input",
                "user_input": [
                    {
                        "slot": 0,
                        "stickers": [
                            "0"
                        ]
                    },
                    {
                        "slot": 1,
                        "stickers": [
                            "3"
                        ]
                    },
                    {
                        "slot": 2,
                        "stickers": [
                            "1"
                        ]
                    }
                ]
            }
        },
        {
            "user_id": "Cecyle",
            "session_id": "Cecyle_1480353098640",
            "timestamp": 1480340920425,
            "sequence_id": 2,
            "section_id": 0,
            "activity_id": 1,
            "activity_kind": "dragdrop",
            "data": {
                "kind": "Input",
                "user_input": [
                    {
                        "slot": 0,
                        "stickers": [
                            "0"
                        ]
                    },
                    {
                        "slot": 1,
                        "stickers": [
                            "3"
                        ]
                    },
                    {
                        "slot": 2,
                        "stickers": [
                            "2"
                        ]
                    }
                ]
            }
        },
        {
            "user_id": "Cecyle",
            "session_id": "Cecyle_1480353098640",
            "timestamp": 1480340967441,
            "sequence_id": 2,
            "section_id": 0,
            "activity_id": 1,
            "activity_kind": "dragdrop",
            "data": {
                "kind": "Input",
                "user_input": [
                    {
                        "slot": 0,
                        "stickers": [
                            "0"
                        ]
                    },
                    {
                        "slot": 1,
                        "stickers": [
                            "3"
                        ]
                    },
                    {
                        "slot": 2,
                        "stickers": [
                            "2",
                            "1"
                        ]
                    }
                ]
            }
        },
        {
            "user_id": "Cecyle",
            "session_id": "Cecyle_1480353098640",
            "timestamp": 1480341119231,
            "sequence_id": 2,
            "section_id": 1,
            "activity_id": 0,
            "activity_kind": "dragdrop",
            "data": {
                "kind": "Input",
                "user_input": [
                    {
                        "slot": 0,
                        "stickers": []
                    },
                    {
                        "slot": 1,
                        "stickers": []
                    },
                    {
                        "slot": 2,
                        "stickers": []
                    },
                    {
                        "slot": 3,
                        "stickers": [
                            "0"
                        ]
                    }
                ]
            }
        },
        {
            "user_id": "Cecyle",
            "session_id": "Cecyle_1480353098640",
            "timestamp": 1480341423109,
            "sequence_id": 2,
            "section_id": 1,
            "activity_id": 1,
            "activity_kind": "curvetest",
            "data": {
                "kind": "Input",
                "user_input": [
                    0.2948717948717949,
                    0.2948717948717949,
                    1,
                    1,
                    1,
                    1,
                    1
                ]
            }
        },
        {
            "user_id": "Cecyle",
            "session_id": "Cecyle_1480353098640",
            "timestamp": 1480341688851,
            "sequence_id": 2,
            "section_id": 2,
            "activity_id": 0,
            "activity_kind": "planif",
            "data": {
                "kind": "Input",
                "user_input": {
                    "protocol": [
                        "-36",
                        "72",
                        "12"
                    ],
                    "temoincheck": true,
                    "culture": [
                        {
                            "condition": "- sérum",
                            "time": "0"
                        }
                    ],
                    "temoin": []
                }
            }
        },
        {
            "user_id": "Cecyle",
            "session_id": "Cecyle_1480353098640",
            "timestamp": 1480341696652,
            "sequence_id": 2,
            "section_id": 2,
            "activity_id": 0,
            "activity_kind": "planif",
            "data": {
                "kind": "Input",
                "user_input": {
                    "protocol": [
                        "-36",
                        "72",
                        "12"
                    ],
                    "temoincheck": true,
                    "culture": [
                        {
                            "condition": "- sérum",
                            "time": "0"
                        }
                    ],
                    "temoin": []
                }
            }
        },
        {
            "user_id": "Cecyle",
            "session_id": "Cecyle_1480353098640",
            "timestamp": 1480341721657,
            "sequence_id": 2,
            "section_id": 2,
            "activity_id": 0,
            "activity_kind": "planif",
            "data": {
                "kind": "Input",
                "user_input": {
                    "protocol": [
                        "-36",
                        "72",
                        "12"
                    ],
                    "temoincheck": true,
                    "culture": [
                        {
                            "condition": "- sérum",
                            "time": "0"
                        }
                    ],
                    "temoin": [
                        {
                            "condition": "+ sérum",
                            "time": "0"
                        }
                    ]
                }
            }
        },
        {
            "user_id": "Cecyle",
            "session_id": "Cecyle_1480353098640",
            "timestamp": 1480341821188,
            "sequence_id": 2,
            "section_id": 2,
            "activity_id": 1,
            "activity_kind": "dragdrop",
            "data": {
                "kind": "Input",
                "user_input": [
                    {
                        "slot": 0,
                        "stickers": [
                            "12"
                        ]
                    }
                ]
            }
        },
        {
            "user_id": "Cecyle",
            "session_id": "Cecyle_1480353098640",
            "timestamp": 1480341942810,
            "sequence_id": 2,
            "section_id": 2,
            "activity_id": 1,
            "activity_kind": "dragdrop",
            "data": {
                "kind": "Input",
                "user_input": [
                    {
                        "slot": 0,
                        "stickers": [
                            "8"
                        ]
                    }
                ]
            }
        },
        {
            "user_id": "Cecyle",
            "session_id": "Cecyle_1480353098640",
            "timestamp": 1480342602493,
            "sequence_id": 2,
            "section_id": 2,
            "activity_id": 5,
            "activity_kind": "doublepipette",
            "data": {
                "kind": "Input",
                "user_input": [
                    3,
                    0.1,
                    18,
                    3,
                    0.1,
                    21
                ]
            }
        },
        {
            "user_id": "Cecyle",
            "session_id": "Cecyle_1480353098640",
            "timestamp": 1480342786174,
            "sequence_id": 2,
            "section_id": 2,
            "activity_id": 5,
            "activity_kind": "doublepipette",
            "data": {
                "kind": "Input",
                "user_input": [
                    2.715,
                    0.0055248618784530384,
                    16.29,
                    0,
                    0,
                    0
                ]
            }
        },
        {
            "user_id": "Cecyle",
            "session_id": "Cecyle_1480353098640",
            "timestamp": 1480342911744,
            "sequence_id": 2,
            "section_id": 2,
            "activity_id": 5,
            "activity_kind": "doublepipette",
            "data": {
                "kind": "Input",
                "user_input": [
                    3,
                    0.005,
                    18,
                    0,
                    0,
                    0
                ]
            }
        },
        {
            "user_id": "Cecyle",
            "session_id": "Cecyle_1480353098640",
            "timestamp": 1480342965297,
            "sequence_id": 2,
            "section_id": 4,
            "activity_id": 0,
            "activity_kind": "dragdrop",
            "data": {
                "kind": "Input",
                "user_input": [
                    {
                        "slot": 0,
                        "stickers": [
                            "1"
                        ]
                    },
                    {
                        "slot": 1,
                        "stickers": [
                            "0"
                        ]
                    },
                    {
                        "slot": 2,
                        "stickers": [
                            "2"
                        ]
                    },
                    {
                        "slot": 3,
                        "stickers": [
                            "3"
                        ]
                    },
                    {
                        "slot": 4,
                        "stickers": [
                            "4"
                        ]
                    }
                ]
            }
        },
        {
            "user_id": "Cecyle",
            "session_id": "Cecyle_1480353098640",
            "timestamp": 1480342976913,
            "sequence_id": 2,
            "section_id": 4,
            "activity_id": 0,
            "activity_kind": "dragdrop",
            "data": {
                "kind": "Input",
                "user_input": [
                    {
                        "slot": 0,
                        "stickers": [
                            "0"
                        ]
                    },
                    {
                        "slot": 1,
                        "stickers": [
                            "1"
                        ]
                    },
                    {
                        "slot": 2,
                        "stickers": [
                            "2"
                        ]
                    },
                    {
                        "slot": 3,
                        "stickers": [
                            "3"
                        ]
                    },
                    {
                        "slot": 4,
                        "stickers": [
                            "4"
                        ]
                    }
                ]
            }
        },
        {
            "user_id": "Cecyle",
            "session_id": "Cecyle_1480353098640",
            "timestamp": 1480342985569,
            "sequence_id": 2,
            "section_id": 4,
            "activity_id": 1,
            "activity_kind": "dragdrop",
            "data": {
                "kind": "Input",
                "user_input": [
                    {
                        "slot": 0,
                        "stickers": []
                    },
                    {
                        "slot": 1,
                        "stickers": []
                    },
                    {
                        "slot": 2,
                        "stickers": []
                    },
                    {
                        "slot": 3,
                        "stickers": [
                            "0"
                        ]
                    }
                ]
            }
        },
        {
            "user_id": "Cecyle",
            "session_id": "Cecyle_1480353098640",
            "timestamp": 1480343134926,
            "sequence_id": 2,
            "section_id": 4,
            "activity_id": 2,
            "activity_kind": "curvestar",
            "data": {
                "kind": "Input",
                "user_input": [
                    0.2948717948717949,
                    0.2948717948717949,
                    1,
                    1,
                    1,
                    1,
                    1
                ]
            }
        },
        {
            "user_id": "Cecyle",
            "session_id": "Cecyle_1480353098640",
            "timestamp": 1480343140837,
            "sequence_id": 2,
            "section_id": 4,
            "activity_id": 2,
            "activity_kind": "curvestar",
            "data": {
                "kind": "Input",
                "user_input": [
                    0.2948717948717949,
                    0.2948717948717949,
                    0.20256410256410257,
                    1,
                    1,
                    1,
                    1
                ]
            }
        },
        {
            "user_id": "Cecyle",
            "session_id": "Cecyle_1480353098640",
            "timestamp": 1480343144664,
            "sequence_id": 2,
            "section_id": 4,
            "activity_id": 2,
            "activity_kind": "curvestar",
            "data": {
                "kind": "Input",
                "user_input": [
                    0.2948717948717949,
                    0.2948717948717949,
                    0.33076923076923076,
                    1,
                    1,
                    1,
                    1
                ]
            }
        },
        {
            "user_id": "Cecyle",
            "session_id": "Cecyle_1480353098640",
            "timestamp": 1480343152381,
            "sequence_id": 2,
            "section_id": 4,
            "activity_id": 2,
            "activity_kind": "curvestar",
            "data": {
                "kind": "Input",
                "user_input": [
                    0.5666666666666667,
                    0.2948717948717949,
                    0.33076923076923076,
                    1,
                    1,
                    1,
                    1
                ]
            }
        },
        {
            "user_id": "Cecyle",
            "session_id": "Cecyle_1480353098640",
            "timestamp": 1480343160646,
            "sequence_id": 2,
            "section_id": 4,
            "activity_id": 2,
            "activity_kind": "curvestar",
            "data": {
                "kind": "Input",
                "user_input": [
                    0.5666666666666667,
                    0.5641025641025641,
                    0.33076923076923076,
                    1,
                    1,
                    1,
                    1
                ]
            }
        },
        {
            "user_id": "Cecyle",
            "session_id": "Cecyle_1480353098640",
            "timestamp": 1480343163246,
            "sequence_id": 2,
            "section_id": 4,
            "activity_id": 2,
            "activity_kind": "curvestar",
            "data": {
                "kind": "Input",
                "user_input": [
                    0.5666666666666667,
                    0.5641025641025641,
                    0.5923076923076923,
                    1,
                    1,
                    1,
                    1
                ]
            }
        },
        {
            "user_id": "Cecyle",
            "session_id": "Cecyle_1480353098640",
            "timestamp": 1480343168349,
            "sequence_id": 2,
            "section_id": 4,
            "activity_id": 2,
            "activity_kind": "curvestar",
            "data": {
                "kind": "Input",
                "user_input": [
                    0.5666666666666667,
                    0.5641025641025641,
                    0.5923076923076923,
                    0.8666666666666667,
                    1,
                    1,
                    1
                ]
            }
        },
        {
            "user_id": "Cecyle",
            "session_id": "Cecyle_1480353098640",
            "timestamp": 1480343172960,
            "sequence_id": 2,
            "section_id": 4,
            "activity_id": 2,
            "activity_kind": "curvestar",
            "data": {
                "kind": "Input",
                "user_input": [
                    0.5666666666666667,
                    0.5641025641025641,
                    0.5923076923076923,
                    0.8666666666666667,
                    0.8743589743589744,
                    1,
                    1
                ]
            }
        },
        {
            "user_id": "Cecyle",
            "session_id": "Cecyle_1480353098640",
            "timestamp": 1480343174717,
            "sequence_id": 2,
            "section_id": 4,
            "activity_id": 2,
            "activity_kind": "curvestar",
            "data": {
                "kind": "Input",
                "user_input": [
                    0.5666666666666667,
                    0.5641025641025641,
                    0.5923076923076923,
                    0.8666666666666667,
                    0.8743589743589744,
                    1,
                    1
                ]
            }
        },
        {
            "user_id": "Cecyle",
            "session_id": "Cecyle_1480353098640",
            "timestamp": 1480343287063,
            "sequence_id": 2,
            "section_id": 5,
            "activity_id": 0,
            "activity_kind": "synthesis",
            "data": {
                "kind": "Input",
                "user_input": [
                    "prolifération",
                    "facteurs de croissance",
                    "le point de restriction",
                    "G1",
                    "synchronisées",
                    "G0"
                ]
            }
        }
    ]
}