{
    "inputs": [
        {
            "user_id": "cecyle",
            "session_id": "cecyle_1480957123076",
            "timestamp": 1480944327304,
            "sequence_id": 2,
            "section_id": 0,
            "activity_id": 0,
            "activity_kind": "dragdrop",
            "data": {
                "kind": "Input",
                "user_input": [
                    {
                        "slot": 0,
                        "stickers": [
                            "4"
                        ]
                    },
                    {
                        "slot": 1,
                        "stickers": [
                            "2"
                        ]
                    },
                    {
                        "slot": 2,
                        "stickers": [
                            "1"
                        ]
                    },
                    {
                        "slot": 3,
                        "stickers": [
                            "6"
                        ]
                    },
                    {
                        "slot": 4,
                        "stickers": [
                            "0"
                        ]
                    },
                    {
                        "slot": 5,
                        "stickers": [
                            "3"
                        ]
                    },
                    {
                        "slot": 6,
                        "stickers": [
                            "2"
                        ]
                    },
                    {
                        "slot": 7,
                        "stickers": [
                            "5"
                        ]
                    }
                ]
            }
        },
        {
            "user_id": "cecyle",
            "session_id": "cecyle_1480957123076",
            "timestamp": 1480944474505,
            "sequence_id": 2,
            "section_id": 0,
            "activity_id": 0,
            "activity_kind": "dragdrop",
            "data": {
                "kind": "Input",
                "user_input": [
                    {
                        "slot": 0,
                        "stickers": []
                    },
                    {
                        "slot": 1,
                        "stickers": [
                            "2"
                        ]
                    },
                    {
                        "slot": 2,
                        "stickers": [
                            "1"
                        ]
                    },
                    {
                        "slot": 3,
                        "stickers": [
                            "5"
                        ]
                    },
                    {
                        "slot": 4,
                        "stickers": [
                            "0"
                        ]
                    },
                    {
                        "slot": 5,
                        "stickers": [
                            "3"
                        ]
                    },
                    {
                        "slot": 6,
                        "stickers": [
                            "4"
                        ]
                    },
                    {
                        "slot": 7,
                        "stickers": [
                            "2"
                        ]
                    }
                ]
            }
        },
        {
            "user_id": "cecyle",
            "session_id": "cecyle_1480957123076",
            "timestamp": 1480944488296,
            "sequence_id": 2,
            "section_id": 0,
            "activity_id": 0,
            "activity_kind": "dragdrop",
            "data": {
                "kind": "Input",
                "user_input": [
                    {
                        "slot": 0,
                        "stickers": []
                    },
                    {
                        "slot": 1,
                        "stickers": [
                            "2"
                        ]
                    },
                    {
                        "slot": 2,
                        "stickers": [
                            "1"
                        ]
                    },
                    {
                        "slot": 3,
                        "stickers": []
                    },
                    {
                        "slot": 4,
                        "stickers": [
                            "0"
                        ]
                    },
                    {
                        "slot": 5,
                        "stickers": [
                            "3"
                        ]
                    },
                    {
                        "slot": 6,
                        "stickers": []
                    },
                    {
                        "slot": 7,
                        "stickers": []
                    }
                ]
            }
        },
        {
            "user_id": "cecyle",
            "session_id": "cecyle_1480957123076",
            "timestamp": 1480944523684,
            "sequence_id": 2,
            "section_id": 0,
            "activity_id": 1,
            "activity_kind": "dragdrop",
            "data": {
                "kind": "Input",
                "user_input": [
                    {
                        "slot": 0,
                        "stickers": [
                            "0",
                            "2"
                        ]
                    },
                    {
                        "slot": 1,
                        "stickers": [
                            "3"
                        ]
                    },
                    {
                        "slot": 2,
                        "stickers": [
                            "1"
                        ]
                    }
                ]
            }
        },
        {
            "user_id": "cecyle",
            "session_id": "cecyle_1480957123076",
            "timestamp": 1480944533491,
            "sequence_id": 2,
            "section_id": 0,
            "activity_id": 1,
            "activity_kind": "dragdrop",
            "data": {
                "kind": "Input",
                "user_input": [
                    {
                        "slot": 0,
                        "stickers": [
                            "0"
                        ]
                    },
                    {
                        "slot": 1,
                        "stickers": [
                            "3"
                        ]
                    },
                    {
                        "slot": 2,
                        "stickers": [
                            "1",
                            "2"
                        ]
                    }
                ]
            }
        },
        {
            "user_id": "cecyle",
            "session_id": "cecyle_1480957123076",
            "timestamp": 1480944579009,
            "sequence_id": 2,
            "section_id": 1,
            "activity_id": 0,
            "activity_kind": "dragdrop",
            "data": {
                "kind": "Input",
                "user_input": [
                    {
                        "slot": 0,
                        "stickers": []
                    },
                    {
                        "slot": 1,
                        "stickers": []
                    },
                    {
                        "slot": 2,
                        "stickers": [
                            "0"
                        ]
                    },
                    {
                        "slot": 3,
                        "stickers": []
                    }
                ]
            }
        },
        {
            "user_id": "cecyle",
            "session_id": "cecyle_1480957123076",
            "timestamp": 1480944713237,
            "sequence_id": 2,
            "section_id": 1,
            "activity_id": 1,
            "activity_kind": "curvetest",
            "data": {
                "kind": "Input",
                "user_input": [
                    0.3,
                    0.29743589743589743,
                    0.2923076923076923,
                    0.2923076923076923,
                    0.3,
                    0.28974358974358977,
                    0.29743589743589743
                ]
            }
        },
        {
            "user_id": "cecyle",
            "session_id": "cecyle_1480957123076",
            "timestamp": 1480945099874,
            "sequence_id": 2,
            "section_id": 2,
            "activity_id": 0,
            "activity_kind": "planif",
            "data": {
                "kind": "Input",
                "user_input": {
                    "protocol": [
                        "-36",
                        "72",
                        "12"
                    ],
                    "temoincheck": false,
                    "culture": [],
                    "temoin": []
                }
            }
        },
        {
            "user_id": "cecyle",
            "session_id": "cecyle_1480957123076",
            "timestamp": 1480945117642,
            "sequence_id": 2,
            "section_id": 2,
            "activity_id": 0,
            "activity_kind": "planif",
            "data": {
                "kind": "Input",
                "user_input": {
                    "protocol": [
                        "-36",
                        "72",
                        "12"
                    ],
                    "temoincheck": true,
                    "culture": [
                        {
                            "condition": "- sérum",
                            "time": "0"
                        }
                    ],
                    "temoin": [
                        {
                            "condition": "+ sérum",
                            "time": "0"
                        }
                    ]
                }
            }
        },
        {
            "user_id": "cecyle",
            "session_id": "cecyle_1480957123076",
            "timestamp": 1480945202875,
            "sequence_id": 2,
            "section_id": 2,
            "activity_id": 1,
            "activity_kind": "dragdrop",
            "data": {
                "kind": "Input",
                "user_input": [
                    {
                        "slot": 0,
                        "stickers": [
                            "9"
                        ]
                    }
                ]
            }
        },
        {
            "user_id": "cecyle",
            "session_id": "cecyle_1480957123076",
            "timestamp": 1480945226964,
            "sequence_id": 2,
            "section_id": 2,
            "activity_id": 1,
            "activity_kind": "dragdrop",
            "data": {
                "kind": "Input",
                "user_input": [
                    {
                        "slot": 0,
                        "stickers": [
                            "11"
                        ]
                    }
                ]
            }
        },
        {
            "user_id": "cecyle",
            "session_id": "cecyle_1480957123076",
            "timestamp": 1480945298978,
            "sequence_id": 2,
            "section_id": 2,
            "activity_id": 1,
            "activity_kind": "dragdrop",
            "data": {
                "kind": "Input",
                "user_input": [
                    {
                        "slot": 0,
                        "stickers": [
                            "8"
                        ]
                    }
                ]
            }
        },
        {
            "user_id": "cecyle",
            "session_id": "cecyle_1480957123076",
            "timestamp": 1480945855783,
            "sequence_id": 2,
            "section_id": 2,
            "activity_id": 5,
            "activity_kind": "doublepipette",
            "data": {
                "kind": "Input",
                "user_input": [
                    3,
                    0.005,
                    18,
                    3,
                    0.1,
                    21
                ]
            }
        },
        {
            "user_id": "cecyle",
            "session_id": "cecyle_1480957123076",
            "timestamp": 1480945911352,
            "sequence_id": 2,
            "section_id": 4,
            "activity_id": 0,
            "activity_kind": "dragdrop",
            "data": {
                "kind": "Input",
                "user_input": [
                    {
                        "slot": 0,
                        "stickers": [
                            "3"
                        ]
                    },
                    {
                        "slot": 1,
                        "stickers": [
                            "3"
                        ]
                    },
                    {
                        "slot": 2,
                        "stickers": [
                            "3"
                        ]
                    },
                    {
                        "slot": 3,
                        "stickers": [
                            "3"
                        ]
                    },
                    {
                        "slot": 4,
                        "stickers": [
                            "4"
                        ]
                    }
                ]
            }
        },
        {
            "user_id": "cecyle",
            "session_id": "cecyle_1480957123076",
            "timestamp": 1480945924744,
            "sequence_id": 2,
            "section_id": 4,
            "activity_id": 0,
            "activity_kind": "dragdrop",
            "data": {
                "kind": "Input",
                "user_input": [
                    {
                        "slot": 0,
                        "stickers": [
                            "1"
                        ]
                    },
                    {
                        "slot": 1,
                        "stickers": [
                            "0"
                        ]
                    },
                    {
                        "slot": 2,
                        "stickers": [
                            "2"
                        ]
                    },
                    {
                        "slot": 3,
                        "stickers": [
                            "3"
                        ]
                    },
                    {
                        "slot": 4,
                        "stickers": [
                            "4"
                        ]
                    }
                ]
            }
        },
        {
            "user_id": "cecyle",
            "session_id": "cecyle_1480957123076",
            "timestamp": 1480945953672,
            "sequence_id": 2,
            "section_id": 4,
            "activity_id": 0,
            "activity_kind": "dragdrop",
            "data": {
                "kind": "Input",
                "user_input": [
                    {
                        "slot": 0,
                        "stickers": [
                            "0"
                        ]
                    },
                    {
                        "slot": 1,
                        "stickers": [
                            "1"
                        ]
                    },
                    {
                        "slot": 2,
                        "stickers": [
                            "2"
                        ]
                    },
                    {
                        "slot": 3,
                        "stickers": [
                            "3"
                        ]
                    },
                    {
                        "slot": 4,
                        "stickers": [
                            "4"
                        ]
                    }
                ]
            }
        },
        {
            "user_id": "cecyle",
            "session_id": "cecyle_1480957123076",
            "timestamp": 1480945968716,
            "sequence_id": 2,
            "section_id": 4,
            "activity_id": 1,
            "activity_kind": "dragdrop",
            "data": {
                "kind": "Input",
                "user_input": [
                    {
                        "slot": 0,
                        "stickers": []
                    },
                    {
                        "slot": 1,
                        "stickers": []
                    },
                    {
                        "slot": 2,
                        "stickers": [
                            "0"
                        ]
                    },
                    {
                        "slot": 3,
                        "stickers": []
                    }
                ]
            }
        },
        {
            "user_id": "cecyle",
            "session_id": "cecyle_1480957123076",
            "timestamp": 1480945978564,
            "sequence_id": 2,
            "section_id": 4,
            "activity_id": 1,
            "activity_kind": "dragdrop",
            "data": {
                "kind": "Input",
                "user_input": [
                    {
                        "slot": 0,
                        "stickers": []
                    },
                    {
                        "slot": 1,
                        "stickers": []
                    },
                    {
                        "slot": 2,
                        "stickers": [
                            "0"
                        ]
                    },
                    {
                        "slot": 3,
                        "stickers": []
                    }
                ]
            }
        },
        {
            "user_id": "cecyle",
            "session_id": "cecyle_1480957123076",
            "timestamp": 1480945978570,
            "sequence_id": 2,
            "section_id": 4,
            "activity_id": 1,
            "activity_kind": "dragdrop",
            "data": {
                "kind": "Input",
                "user_input": [
                    {
                        "slot": 0,
                        "stickers": []
                    },
                    {
                        "slot": 1,
                        "stickers": []
                    },
                    {
                        "slot": 2,
                        "stickers": []
                    },
                    {
                        "slot": 3,
                        "stickers": [
                            "0"
                        ]
                    }
                ]
            }
        },
        {
            "user_id": "cecyle",
            "session_id": "cecyle_1480957123076",
            "timestamp": 1480945998053,
            "sequence_id": 2,
            "section_id": 4,
            "activity_id": 2,
            "activity_kind": "curvestar",
            "data": {
                "kind": "Input",
                "user_input": [
                    0.3,
                    0.29743589743589743,
                    0.2923076923076923,
                    0.2923076923076923,
                    0.3,
                    0.28974358974358977,
                    0.29743589743589743
                ]
            }
        },
        {
            "user_id": "cecyle",
            "session_id": "cecyle_1480957123076",
            "timestamp": 1480946006574,
            "sequence_id": 2,
            "section_id": 4,
            "activity_id": 2,
            "activity_kind": "curvestar",
            "data": {
                "kind": "Input",
                "user_input": [
                    0.5692307692307692,
                    0.29743589743589743,
                    0.2923076923076923,
                    0.2923076923076923,
                    0.3,
                    0.28974358974358977,
                    0.29743589743589743
                ]
            }
        },
        {
            "user_id": "cecyle",
            "session_id": "cecyle_1480957123076",
            "timestamp": 1480946010606,
            "sequence_id": 2,
            "section_id": 4,
            "activity_id": 2,
            "activity_kind": "curvestar",
            "data": {
                "kind": "Input",
                "user_input": [
                    0.5692307692307692,
                    0.5948717948717949,
                    0.2923076923076923,
                    0.2923076923076923,
                    0.3,
                    0.28974358974358977,
                    0.29743589743589743
                ]
            }
        },
        {
            "user_id": "cecyle",
            "session_id": "cecyle_1480957123076",
            "timestamp": 1480946014174,
            "sequence_id": 2,
            "section_id": 4,
            "activity_id": 2,
            "activity_kind": "curvestar",
            "data": {
                "kind": "Input",
                "user_input": [
                    0.5692307692307692,
                    0.5948717948717949,
                    0.8538461538461538,
                    0.2923076923076923,
                    0.3,
                    0.28974358974358977,
                    0.29743589743589743
                ]
            }
        },
        {
            "user_id": "cecyle",
            "session_id": "cecyle_1480957123076",
            "timestamp": 1480946017150,
            "sequence_id": 2,
            "section_id": 4,
            "activity_id": 2,
            "activity_kind": "curvestar",
            "data": {
                "kind": "Input",
                "user_input": [
                    0.5692307692307692,
                    0.5948717948717949,
                    0.8538461538461538,
                    0.8589743589743589,
                    0.3,
                    0.28974358974358977,
                    0.29743589743589743
                ]
            }
        },
        {
            "user_id": "cecyle",
            "session_id": "cecyle_1480957123076",
            "timestamp": 1480946026678,
            "sequence_id": 2,
            "section_id": 4,
            "activity_id": 2,
            "activity_kind": "curvestar",
            "data": {
                "kind": "Input",
                "user_input": [
                    0.5692307692307692,
                    0.5692307692307692,
                    0.8538461538461538,
                    0.8589743589743589,
                    0.3,
                    0.28974358974358977,
                    0.29743589743589743
                ]
            }
        },
        {
            "user_id": "cecyle",
            "session_id": "cecyle_1480957123076",
            "timestamp": 1480946027294,
            "sequence_id": 2,
            "section_id": 4,
            "activity_id": 2,
            "activity_kind": "curvestar",
            "data": {
                "kind": "Input",
                "user_input": [
                    0.5692307692307692,
                    0.5692307692307692,
                    0.8538461538461538,
                    0.8589743589743589,
                    0.3,
                    0.28974358974358977,
                    0.29743589743589743
                ]
            }
        },
        {
            "user_id": "cecyle",
            "session_id": "cecyle_1480957123076",
            "timestamp": 1480946028574,
            "sequence_id": 2,
            "section_id": 4,
            "activity_id": 2,
            "activity_kind": "curvestar",
            "data": {
                "kind": "Input",
                "user_input": [
                    0.5692307692307692,
                    0.5692307692307692,
                    0.6025641025641025,
                    0.8589743589743589,
                    0.3,
                    0.28974358974358977,
                    0.29743589743589743
                ]
            }
        },
        {
            "user_id": "cecyle",
            "session_id": "cecyle_1480957123076",
            "timestamp": 1480946030941,
            "sequence_id": 2,
            "section_id": 4,
            "activity_id": 2,
            "activity_kind": "curvestar",
            "data": {
                "kind": "Input",
                "user_input": [
                    0.5692307692307692,
                    0.5692307692307692,
                    0.6025641025641025,
                    0.5948717948717949,
                    0.3,
                    0.28974358974358977,
                    0.29743589743589743
                ]
            }
        },
        {
            "user_id": "cecyle",
            "session_id": "cecyle_1480957123076",
            "timestamp": 1480946032725,
            "sequence_id": 2,
            "section_id": 4,
            "activity_id": 2,
            "activity_kind": "curvestar",
            "data": {
                "kind": "Input",
                "user_input": [
                    0.5692307692307692,
                    0.5692307692307692,
                    0.5948717948717949,
                    0.5948717948717949,
                    0.3,
                    0.28974358974358977,
                    0.29743589743589743
                ]
            }
        },
        {
            "user_id": "cecyle",
            "session_id": "cecyle_1480957123076",
            "timestamp": 1480946036118,
            "sequence_id": 2,
            "section_id": 4,
            "activity_id": 2,
            "activity_kind": "curvestar",
            "data": {
                "kind": "Input",
                "user_input": [
                    0.5692307692307692,
                    0.5692307692307692,
                    0.5948717948717949,
                    0.5948717948717949,
                    0.8564102564102564,
                    0.28974358974358977,
                    0.29743589743589743
                ]
            }
        },
        {
            "user_id": "cecyle",
            "session_id": "cecyle_1480957123076",
            "timestamp": 1480946038139,
            "sequence_id": 2,
            "section_id": 4,
            "activity_id": 2,
            "activity_kind": "curvestar",
            "data": {
                "kind": "Input",
                "user_input": [
                    0.5692307692307692,
                    0.5692307692307692,
                    0.5948717948717949,
                    0.5948717948717949,
                    0.8564102564102564,
                    0.8538461538461538,
                    0.29743589743589743
                ]
            }
        },
        {
            "user_id": "cecyle",
            "session_id": "cecyle_1480957123076",
            "timestamp": 1480946039693,
            "sequence_id": 2,
            "section_id": 4,
            "activity_id": 2,
            "activity_kind": "curvestar",
            "data": {
                "kind": "Input",
                "user_input": [
                    0.5692307692307692,
                    0.5692307692307692,
                    0.5948717948717949,
                    0.5948717948717949,
                    0.8564102564102564,
                    0.8538461538461538,
                    0.29743589743589743
                ]
            }
        },
        {
            "user_id": "cecyle",
            "session_id": "cecyle_1480957123076",
            "timestamp": 1480946041349,
            "sequence_id": 2,
            "section_id": 4,
            "activity_id": 2,
            "activity_kind": "curvestar",
            "data": {
                "kind": "Input",
                "user_input": [
                    0.5692307692307692,
                    0.5692307692307692,
                    0.5948717948717949,
                    0.5948717948717949,
                    0.8564102564102564,
                    0.8538461538461538,
                    0.9948717948717949
                ]
            }
        },
        {
            "user_id": "cecyle",
            "session_id": "cecyle_1480957123076",
            "timestamp": 1480946043933,
            "sequence_id": 2,
            "section_id": 4,
            "activity_id": 2,
            "activity_kind": "curvestar",
            "data": {
                "kind": "Input",
                "user_input": [
                    0.5692307692307692,
                    0.5692307692307692,
                    0.5948717948717949,
                    0.5948717948717949,
                    0.8564102564102564,
                    0.8538461538461538,
                    0.9948717948717949
                ]
            }
        },
        {
            "user_id": "cecyle",
            "session_id": "cecyle_1480957123076",
            "timestamp": 1480946045174,
            "sequence_id": 2,
            "section_id": 4,
            "activity_id": 2,
            "activity_kind": "curvestar",
            "data": {
                "kind": "Input",
                "user_input": [
                    0.5692307692307692,
                    0.5692307692307692,
                    0.5948717948717949,
                    0.5948717948717949,
                    0.8564102564102564,
                    0.8538461538461538,
                    0.9948717948717949
                ]
            }
        },
        {
            "user_id": "cecyle",
            "session_id": "cecyle_1480957123076",
            "timestamp": 1480946047909,
            "sequence_id": 2,
            "section_id": 4,
            "activity_id": 2,
            "activity_kind": "curvestar",
            "data": {
                "kind": "Input",
                "user_input": [
                    0.5692307692307692,
                    0.5692307692307692,
                    0.5948717948717949,
                    0.5948717948717949,
                    0.8564102564102564,
                    0.8615384615384616,
                    0.9948717948717949
                ]
            }
        },
        {
            "user_id": "cecyle",
            "session_id": "cecyle_1480957123076",
            "timestamp": 1480946049461,
            "sequence_id": 2,
            "section_id": 4,
            "activity_id": 2,
            "activity_kind": "curvestar",
            "data": {
                "kind": "Input",
                "user_input": [
                    0.5692307692307692,
                    0.5692307692307692,
                    0.5948717948717949,
                    0.5948717948717949,
                    0.8564102564102564,
                    0.8615384615384616,
                    1
                ]
            }
        },
        {
            "user_id": "cecyle",
            "session_id": "cecyle_1480957123076",
            "timestamp": 1480946051285,
            "sequence_id": 2,
            "section_id": 4,
            "activity_id": 2,
            "activity_kind": "curvestar",
            "data": {
                "kind": "Input",
                "user_input": [
                    0.5692307692307692,
                    0.5692307692307692,
                    0.5948717948717949,
                    0.5948717948717949,
                    0.8564102564102564,
                    0.8615384615384616,
                    1
                ]
            }
        },
        {
            "user_id": "cecyle",
            "session_id": "cecyle_1480957123076",
            "timestamp": 1480946053173,
            "sequence_id": 2,
            "section_id": 4,
            "activity_id": 2,
            "activity_kind": "curvestar",
            "data": {
                "kind": "Input",
                "user_input": [
                    0.5692307692307692,
                    0.5769230769230769,
                    0.5948717948717949,
                    0.5948717948717949,
                    0.8564102564102564,
                    0.8615384615384616,
                    1
                ]
            }
        },
        {
            "user_id": "cecyle",
            "session_id": "cecyle_1480957123076",
            "timestamp": 1480946054165,
            "sequence_id": 2,
            "section_id": 4,
            "activity_id": 2,
            "activity_kind": "curvestar",
            "data": {
                "kind": "Input",
                "user_input": [
                    0.5692307692307692,
                    0.5717948717948718,
                    0.5948717948717949,
                    0.5948717948717949,
                    0.8564102564102564,
                    0.8615384615384616,
                    1
                ]
            }
        },
        {
            "user_id": "cecyle",
            "session_id": "cecyle_1480957123076",
            "timestamp": 1480946101091,
            "sequence_id": 2,
            "section_id": 5,
            "activity_id": 0,
            "activity_kind": "synthesis",
            "data": {
                "kind": "Input",
                "user_input": [
                    "dégénérescence",
                    "facteurs de croissance",
                    "le point de restriction",
                    "G1",
                    "synchronisées",
                    "G0"
                ]
            }
        },
        {
            "user_id": "cecyle",
            "session_id": "cecyle_1480957123076",
            "timestamp": 1480946105099,
            "sequence_id": 2,
            "section_id": 5,
            "activity_id": 0,
            "activity_kind": "synthesis",
            "data": {
                "kind": "Input",
                "user_input": [
                    "mort cellulaire",
                    "facteurs de croissance",
                    "le point de restriction",
                    "G1",
                    "synchronisées",
                    "G0"
                ]
            }
        },
        {
            "user_id": "cecyle",
            "session_id": "cecyle_1480957123076",
            "timestamp": 1480946108661,
            "sequence_id": 2,
            "section_id": 5,
            "activity_id": 0,
            "activity_kind": "synthesis",
            "data": {
                "kind": "Input",
                "user_input": [
                    "prolifération",
                    "facteurs de croissance",
                    "le point de restriction",
                    "G1",
                    "synchronisées",
                    "G0"
                ]
            }
        }
    ]
}