{
    "events": [
        {
            "user_id": "cecyle",
            "session_id": "cecyle_1480954802093",
            "timestamp": 1480941923981,
            "sequence_id": 1,
            "section_id": "0",
            "activity_id": "-1",
            "activity_kind": "dragdrop",
            "data": {
                "kind": "Click",
                "what": "next_btn",
                "which": "requirements",
                "x": 1195,
                "y": 709
            }
        },
        {
            "user_id": "cecyle",
            "session_id": "cecyle_1480954802093",
            "timestamp": 1480941925257,
            "sequence_id": 1,
            "section_id": "0",
            "activity_id": "0",
            "activity_kind": "dragdrop",
            "data": {
                "kind": "MousePressed",
                "what": "statement_pane",
                "which": "Les phases du cycle cellulaire",
                "x": 968,
                "y": 215
            }
        },
        {
            "user_id": "cecyle",
            "session_id": "cecyle_1480954802093",
            "timestamp": 1480941925520,
            "sequence_id": 1,
            "section_id": "0",
            "activity_id": "0",
            "activity_kind": "dragdrop",
            "data": {
                "kind": "MouseReleased",
                "what": "DD_sticker",
                "which": "G1",
                "x": 958,
                "y": 235
            }
        },
        {
            "user_id": "cecyle",
            "session_id": "cecyle_1480954802093",
            "timestamp": 1480941925786,
            "sequence_id": 1,
            "section_id": "0",
            "activity_id": "0",
            "activity_kind": "dragdrop",
            "data": {
                "kind": "MousePressed",
                "what": "DD_sticker",
                "which": "G1",
                "x": 995,
                "y": 233
            }
        },
        {
            "user_id": "cecyle",
            "session_id": "cecyle_1480954802093",
            "timestamp": 1480941926545,
            "sequence_id": 1,
            "section_id": "0",
            "activity_id": "0",
            "activity_kind": "dragdrop",
            "data": {
                "kind": "MouseReleased",
                "what": "DD_sticker",
                "which": "G1",
                "x": 748,
                "y": 316
            }
        },
        {
            "user_id": "cecyle",
            "session_id": "cecyle_1480954802093",
            "timestamp": 1480941928204,
            "sequence_id": 1,
            "section_id": "0",
            "activity_id": "0",
            "activity_kind": "dragdrop",
            "data": {
                "kind": "MousePressed",
                "what": "DD_sticker",
                "which": "S",
                "x": 1054,
                "y": 246
            }
        },
        {
            "user_id": "cecyle",
            "session_id": "cecyle_1480954802093",
            "timestamp": 1480941928912,
            "sequence_id": 1,
            "section_id": "0",
            "activity_id": "0",
            "activity_kind": "dragdrop",
            "data": {
                "kind": "MouseReleased",
                "what": "DD_sticker",
                "which": "S",
                "x": 698,
                "y": 520
            }
        },
        {
            "user_id": "cecyle",
            "session_id": "cecyle_1480954802093",
            "timestamp": 1480941929785,
            "sequence_id": 1,
            "section_id": "0",
            "activity_id": "0",
            "activity_kind": "dragdrop",
            "data": {
                "kind": "MousePressed",
                "what": "DD_sticker",
                "which": "G2",
                "x": 1215,
                "y": 249
            }
        },
        {
            "user_id": "cecyle",
            "session_id": "cecyle_1480954802093",
            "timestamp": 1480941930504,
            "sequence_id": 1,
            "section_id": "0",
            "activity_id": "0",
            "activity_kind": "dragdrop",
            "data": {
                "kind": "MouseReleased",
                "what": "DD_sticker",
                "which": "G2",
                "x": 453,
                "y": 468
            }
        },
        {
            "user_id": "cecyle",
            "session_id": "cecyle_1480954802093",
            "timestamp": 1480941931601,
            "sequence_id": 1,
            "section_id": "0",
            "activity_id": "0",
            "activity_kind": "dragdrop",
            "data": {
                "kind": "MousePressed",
                "what": "DD_sticker",
                "which": "M",
                "x": 1162,
                "y": 237
            }
        },
        {
            "user_id": "cecyle",
            "session_id": "cecyle_1480954802093",
            "timestamp": 1480941932474,
            "sequence_id": 1,
            "section_id": "0",
            "activity_id": "0",
            "activity_kind": "dragdrop",
            "data": {
                "kind": "MouseReleased",
                "what": "DD_sticker",
                "which": "M",
                "x": 518,
                "y": 255
            }
        },
        {
            "user_id": "cecyle",
            "session_id": "cecyle_1480954802093",
            "timestamp": 1480941933297,
            "sequence_id": 1,
            "section_id": "0",
            "activity_id": "0",
            "activity_kind": "dragdrop",
            "data": {
                "kind": "MousePressed",
                "what": "DD_sticker",
                "which": "G0",
                "x": 1018,
                "y": 323
            }
        },
        {
            "user_id": "cecyle",
            "session_id": "cecyle_1480954802093",
            "timestamp": 1480941933688,
            "sequence_id": 1,
            "section_id": "0",
            "activity_id": "0",
            "activity_kind": "dragdrop",
            "data": {
                "kind": "MouseReleased",
                "what": "DD_sticker",
                "which": "G0",
                "x": 851,
                "y": 255
            }
        },
        {
            "user_id": "cecyle",
            "session_id": "cecyle_1480954802093",
            "timestamp": 1480941938113,
            "sequence_id": 1,
            "section_id": "0",
            "activity_id": "0",
            "activity_kind": "dragdrop",
            "data": {
                "kind": "MousePressed",
                "what": "DD_sticker",
                "which": "/ressources/act0/dd1.png",
                "x": 1173,
                "y": 426
            }
        },
        {
            "user_id": "cecyle",
            "session_id": "cecyle_1480954802093",
            "timestamp": 1480941939296,
            "sequence_id": 1,
            "section_id": "0",
            "activity_id": "0",
            "activity_kind": "dragdrop",
            "data": {
                "kind": "MouseReleased",
                "what": "DD_sticker",
                "which": "/ressources/act0/dd1.png",
                "x": 861,
                "y": 398
            }
        },
        {
            "user_id": "cecyle",
            "session_id": "cecyle_1480954802093",
            "timestamp": 1480941941761,
            "sequence_id": 1,
            "section_id": "0",
            "activity_id": "0",
            "activity_kind": "dragdrop",
            "data": {
                "kind": "MousePressed",
                "what": "DD_sticker",
                "which": "/ressources/act0/dd2.png",
                "x": 1077,
                "y": 519
            }
        },
        {
            "user_id": "cecyle",
            "session_id": "cecyle_1480954802093",
            "timestamp": 1480941942432,
            "sequence_id": 1,
            "section_id": "0",
            "activity_id": "0",
            "activity_kind": "dragdrop",
            "data": {
                "kind": "MouseReleased",
                "what": "DD_sticker",
                "which": "/ressources/act0/dd2.png",
                "x": 791,
                "y": 593
            }
        },
        {
            "user_id": "cecyle",
            "session_id": "cecyle_1480954802093",
            "timestamp": 1480941943090,
            "sequence_id": 1,
            "section_id": "0",
            "activity_id": "0",
            "activity_kind": "dragdrop",
            "data": {
                "kind": "MousePressed",
                "what": "DD_sticker",
                "which": "/ressources/act0/dd4.png",
                "x": 1136,
                "y": 512
            }
        },
        {
            "user_id": "cecyle",
            "session_id": "cecyle_1480954802093",
            "timestamp": 1480941943888,
            "sequence_id": 1,
            "section_id": "0",
            "activity_id": "0",
            "activity_kind": "dragdrop",
            "data": {
                "kind": "MouseReleased",
                "what": "DD_sticker",
                "which": "/ressources/act0/dd4.png",
                "x": 377,
                "y": 516
            }
        },
        {
            "user_id": "cecyle",
            "session_id": "cecyle_1480954802093",
            "timestamp": 1480941945313,
            "sequence_id": 1,
            "section_id": "0",
            "activity_id": "0",
            "activity_kind": "dragdrop",
            "data": {
                "kind": "MousePressed",
                "what": "DD_sticker",
                "which": "/ressources/act0/dd4.png",
                "x": 375,
                "y": 523
            }
        },
        {
            "user_id": "cecyle",
            "session_id": "cecyle_1480954802093",
            "timestamp": 1480941945906,
            "sequence_id": 1,
            "section_id": "0",
            "activity_id": "0",
            "activity_kind": "dragdrop",
            "data": {
                "kind": "MouseReleased",
                "what": "DD_sticker",
                "which": "/ressources/act0/dd4.png",
                "x": 752,
                "y": 583
            }
        },
        {
            "user_id": "cecyle",
            "session_id": "cecyle_1480954802093",
            "timestamp": 1480941946729,
            "sequence_id": 1,
            "section_id": "0",
            "activity_id": "0",
            "activity_kind": "dragdrop",
            "data": {
                "kind": "MousePressed",
                "what": "DD_sticker",
                "which": "/ressources/act0/dd2.png",
                "x": 1011,
                "y": 525
            }
        },
        {
            "user_id": "cecyle",
            "session_id": "cecyle_1480954802093",
            "timestamp": 1480941947568,
            "sequence_id": 1,
            "section_id": "0",
            "activity_id": "0",
            "activity_kind": "dragdrop",
            "data": {
                "kind": "MouseReleased",
                "what": "DD_sticker",
                "which": "/ressources/act0/dd2.png",
                "x": 365,
                "y": 533
            }
        },
        {
            "user_id": "cecyle",
            "session_id": "cecyle_1480954802093",
            "timestamp": 1480941948369,
            "sequence_id": 1,
            "section_id": "0",
            "activity_id": "0",
            "activity_kind": "dragdrop",
            "data": {
                "kind": "MousePressed",
                "what": "DD_sticker",
                "which": "/ressources/act0/dd3.png",
                "x": 1064,
                "y": 400
            }
        },
        {
            "user_id": "cecyle",
            "session_id": "cecyle_1480954802093",
            "timestamp": 1480941948888,
            "sequence_id": 1,
            "section_id": "0",
            "activity_id": "0",
            "activity_kind": "dragdrop",
            "data": {
                "kind": "MouseReleased",
                "what": "DD_sticker",
                "which": "/ressources/act0/dd3.png",
                "x": 472,
                "y": 163
            }
        },
        {
            "user_id": "cecyle",
            "session_id": "cecyle_1480954802093",
            "timestamp": 1480941949760,
            "sequence_id": 1,
            "section_id": "0",
            "activity_id": "0",
            "activity_kind": "dragdrop",
            "data": {
                "kind": "MousePressed",
                "what": "correct_btn",
                "which": "Les phases du cycle cellulaire",
                "x": 1224,
                "y": 687
            }
        },
        {
            "user_id": "cecyle",
            "session_id": "cecyle_1480954802093",
            "timestamp": 1480941949840,
            "sequence_id": 1,
            "section_id": "0",
            "activity_id": "0",
            "activity_kind": "dragdrop",
            "data": {
                "kind": "MouseReleased",
                "what": "correct_btn",
                "which": "Les phases du cycle cellulaire",
                "x": 1224,
                "y": 687
            }
        },
        {
            "user_id": "cecyle",
            "session_id": "cecyle_1480954802093",
            "timestamp": 1480941949849,
            "sequence_id": 1,
            "section_id": "0",
            "activity_id": "0",
            "activity_kind": "dragdrop",
            "data": {
                "kind": "Click",
                "what": "correct_btn",
                "which": "Les phases du cycle cellulaire",
                "x": 1224,
                "y": 687
            }
        },
        {
            "user_id": "cecyle",
            "session_id": "cecyle_1480954802093",
            "timestamp": 1480941955888,
            "sequence_id": 1,
            "section_id": "0",
            "activity_id": "0",
            "activity_kind": "dragdrop",
            "data": {
                "kind": "MousePressed",
                "what": "next_btn",
                "which": "Les phases du cycle cellulaire",
                "x": 1228,
                "y": 683
            }
        },
        {
            "user_id": "cecyle",
            "session_id": "cecyle_1480954802093",
            "timestamp": 1480941955976,
            "sequence_id": 1,
            "section_id": "0",
            "activity_id": "0",
            "activity_kind": "dragdrop",
            "data": {
                "kind": "MouseReleased",
                "what": "next_btn",
                "which": "Les phases du cycle cellulaire",
                "x": 1228,
                "y": 683
            }
        },
        {
            "user_id": "cecyle",
            "session_id": "cecyle_1480954802093",
            "timestamp": 1480941955998,
            "sequence_id": 1,
            "section_id": "0",
            "activity_id": "0",
            "activity_kind": "dragdrop",
            "data": {
                "kind": "Click",
                "what": "next_btn",
                "which": "Les phases du cycle cellulaire",
                "x": 1228,
                "y": 683
            }
        },
        {
            "user_id": "cecyle",
            "session_id": "cecyle_1480954802093",
            "timestamp": 1480941964376,
            "sequence_id": 1,
            "section_id": "0",
            "activity_id": "0",
            "activity_kind": "dragdrop",
            "data": {
                "kind": "MousePressed",
                "what": "next_btn",
                "which": "Les phases du cycle cellulaire",
                "x": 1222,
                "y": 689
            }
        },
        {
            "user_id": "cecyle",
            "session_id": "cecyle_1480954802093",
            "timestamp": 1480941964487,
            "sequence_id": 1,
            "section_id": "0",
            "activity_id": "0",
            "activity_kind": "dragdrop",
            "data": {
                "kind": "MouseReleased",
                "what": "next_btn",
                "which": "Les phases du cycle cellulaire",
                "x": 1222,
                "y": 689
            }
        },
        {
            "user_id": "cecyle",
            "session_id": "cecyle_1480954802093",
            "timestamp": 1480941964500,
            "sequence_id": 1,
            "section_id": "0",
            "activity_id": "0",
            "activity_kind": "transition",
            "data": {
                "kind": "Click",
                "what": "next_btn",
                "which": "Les phases du cycle cellulaire",
                "x": 1222,
                "y": 689
            }
        },
        {
            "user_id": "cecyle",
            "session_id": "cecyle_1480954802093",
            "timestamp": 1480941966784,
            "sequence_id": 1,
            "section_id": "1",
            "activity_id": "-1",
            "activity_kind": "dragdrop",
            "data": {
                "kind": "Click",
                "what": "next_btn",
                "which": "hypothesis",
                "x": 1222,
                "y": 689
            }
        },
        {
            "user_id": "cecyle",
            "session_id": "cecyle_1480954802093",
            "timestamp": 1480942063533,
            "sequence_id": 1,
            "section_id": "1",
            "activity_id": "0",
            "activity_kind": "dragdrop",
            "data": {
                "kind": "MousePressed",
                "what": "DD_sticker",
                "which": "4h45",
                "x": 1136,
                "y": 511
            }
        },
        {
            "user_id": "cecyle",
            "session_id": "cecyle_1480954802093",
            "timestamp": 1480942064671,
            "sequence_id": 1,
            "section_id": "1",
            "activity_id": "0",
            "activity_kind": "dragdrop",
            "data": {
                "kind": "MouseReleased",
                "what": "DD_sticker",
                "which": "4h45",
                "x": 841,
                "y": 366
            }
        },
        {
            "user_id": "cecyle",
            "session_id": "cecyle_1480954802093",
            "timestamp": 1480942093663,
            "sequence_id": 1,
            "section_id": "1",
            "activity_id": "0",
            "activity_kind": "dragdrop",
            "data": {
                "kind": "MousePressed",
                "what": "DD_sticker",
                "which": "9h",
                "x": 994,
                "y": 429
            }
        },
        {
            "user_id": "cecyle",
            "session_id": "cecyle_1480954802093",
            "timestamp": 1480942100774,
            "sequence_id": 1,
            "section_id": "1",
            "activity_id": "0",
            "activity_kind": "dragdrop",
            "data": {
                "kind": "MouseReleased",
                "what": "DD_sticker",
                "which": "9h",
                "x": 973,
                "y": 437
            }
        },
        {
            "user_id": "cecyle",
            "session_id": "cecyle_1480954802093",
            "timestamp": 1480942111287,
            "sequence_id": 1,
            "section_id": "1",
            "activity_id": "0",
            "activity_kind": "dragdrop",
            "data": {
                "kind": "MousePressed",
                "what": "DD_sticker",
                "which": "1h00",
                "x": 1203,
                "y": 422
            }
        },
        {
            "user_id": "cecyle",
            "session_id": "cecyle_1480954802093",
            "timestamp": 1480942111974,
            "sequence_id": 1,
            "section_id": "1",
            "activity_id": "0",
            "activity_kind": "dragdrop",
            "data": {
                "kind": "MouseReleased",
                "what": "DD_sticker",
                "which": "1h00",
                "x": 550,
                "y": 152
            }
        },
        {
            "user_id": "cecyle",
            "session_id": "cecyle_1480954802093",
            "timestamp": 1480942168887,
            "sequence_id": 1,
            "section_id": "1",
            "activity_id": "0",
            "activity_kind": "dragdrop",
            "data": {
                "kind": "MousePressed",
                "what": "DD_sticker",
                "which": "9h",
                "x": 981,
                "y": 448
            }
        },
        {
            "user_id": "cecyle",
            "session_id": "cecyle_1480954802093",
            "timestamp": 1480942169535,
            "sequence_id": 1,
            "section_id": "1",
            "activity_id": "0",
            "activity_kind": "dragdrop",
            "data": {
                "kind": "MouseReleased",
                "what": "DD_sticker",
                "which": "9h",
                "x": 759,
                "y": 601
            }
        },
        {
            "user_id": "cecyle",
            "session_id": "cecyle_1480954802093",
            "timestamp": 1480942170182,
            "sequence_id": 1,
            "section_id": "1",
            "activity_id": "0",
            "activity_kind": "dragdrop",
            "data": {
                "kind": "MousePressed",
                "what": "DD_sticker",
                "which": "14h",
                "x": 1077,
                "y": 448
            }
        },
        {
            "user_id": "cecyle",
            "session_id": "cecyle_1480954802093",
            "timestamp": 1480942170885,
            "sequence_id": 1,
            "section_id": "1",
            "activity_id": "0",
            "activity_kind": "dragdrop",
            "data": {
                "kind": "MouseReleased",
                "what": "DD_sticker",
                "which": "14h",
                "x": 458,
                "y": 506
            }
        },
        {
            "user_id": "cecyle",
            "session_id": "cecyle_1480954802093",
            "timestamp": 1480942171925,
            "sequence_id": 1,
            "section_id": "1",
            "activity_id": "0",
            "activity_kind": "dragdrop",
            "data": {
                "kind": "MousePressed",
                "what": "next_btn",
                "which": "La durée des phases du cycle cellulaire",
                "x": 1204,
                "y": 697
            }
        },
        {
            "user_id": "cecyle",
            "session_id": "cecyle_1480954802093",
            "timestamp": 1480942172006,
            "sequence_id": 1,
            "section_id": "1",
            "activity_id": "0",
            "activity_kind": "dragdrop",
            "data": {
                "kind": "MouseReleased",
                "what": "next_btn",
                "which": "La durée des phases du cycle cellulaire",
                "x": 1204,
                "y": 697
            }
        },
        {
            "user_id": "cecyle",
            "session_id": "cecyle_1480954802093",
            "timestamp": 1480942172029,
            "sequence_id": 1,
            "section_id": "1",
            "activity_id": "0",
            "activity_kind": "dragdrop",
            "data": {
                "kind": "Click",
                "what": "next_btn",
                "which": "La durée des phases du cycle cellulaire",
                "x": 1204,
                "y": 697
            }
        },
        {
            "user_id": "cecyle",
            "session_id": "cecyle_1480954802093",
            "timestamp": 1480942179261,
            "sequence_id": 1,
            "section_id": "1",
            "activity_id": "0",
            "activity_kind": "dragdrop",
            "data": {
                "kind": "MousePressed",
                "what": "previous_btn",
                "which": "La durée des phases du cycle cellulaire",
                "x": 398,
                "y": 691
            }
        },
        {
            "user_id": "cecyle",
            "session_id": "cecyle_1480954802093",
            "timestamp": 1480942179340,
            "sequence_id": 1,
            "section_id": "1",
            "activity_id": "0",
            "activity_kind": "dragdrop",
            "data": {
                "kind": "MouseReleased",
                "what": "previous_btn",
                "which": "La durée des phases du cycle cellulaire",
                "x": 398,
                "y": 691
            }
        },
        {
            "user_id": "cecyle",
            "session_id": "cecyle_1480954802093",
            "timestamp": 1480942179361,
            "sequence_id": 1,
            "section_id": "1",
            "activity_id": "0",
            "activity_kind": "transition",
            "data": {
                "kind": "Click",
                "what": "previous_btn",
                "which": "La durée des phases du cycle cellulaire",
                "x": 398,
                "y": 691
            }
        },
        {
            "user_id": "cecyle",
            "session_id": "cecyle_1480954802093",
            "timestamp": 1480942180884,
            "sequence_id": 1,
            "section_id": "1",
            "activity_id": "-1",
            "activity_kind": "dragdrop",
            "data": {
                "kind": "Click",
                "what": "next_btn",
                "which": "hypothesis",
                "x": 1202,
                "y": 686
            }
        },
        {
            "user_id": "cecyle",
            "session_id": "cecyle_1480954802093",
            "timestamp": 1480942181996,
            "sequence_id": 1,
            "section_id": "1",
            "activity_id": "0",
            "activity_kind": "dragdrop",
            "data": {
                "kind": "MousePressed",
                "what": "DD_sticker",
                "which": "9h",
                "x": 754,
                "y": 593
            }
        },
        {
            "user_id": "cecyle",
            "session_id": "cecyle_1480954802093",
            "timestamp": 1480942182090,
            "sequence_id": 1,
            "section_id": "1",
            "activity_id": "0",
            "activity_kind": "dragdrop",
            "data": {
                "kind": "MouseReleased",
                "what": "DD_sticker",
                "which": "9h",
                "x": 754,
                "y": 593
            }
        },
        {
            "user_id": "cecyle",
            "session_id": "cecyle_1480954802093",
            "timestamp": 1480942182094,
            "sequence_id": 1,
            "section_id": "1",
            "activity_id": "0",
            "activity_kind": "dragdrop",
            "data": {
                "kind": "Click",
                "what": "DD_sticker",
                "which": "9h",
                "x": 754,
                "y": 593
            }
        },
        {
            "user_id": "cecyle",
            "session_id": "cecyle_1480954802093",
            "timestamp": 1480942182156,
            "sequence_id": 1,
            "section_id": "1",
            "activity_id": "0",
            "activity_kind": "dragdrop",
            "data": {
                "kind": "MousePressed",
                "what": "DD_sticker",
                "which": "9h",
                "x": 752,
                "y": 592
            }
        },
        {
            "user_id": "cecyle",
            "session_id": "cecyle_1480954802093",
            "timestamp": 1480942182221,
            "sequence_id": 1,
            "section_id": "1",
            "activity_id": "0",
            "activity_kind": "dragdrop",
            "data": {
                "kind": "MouseReleased",
                "what": "DD_sticker",
                "which": "9h",
                "x": 743,
                "y": 588
            }
        },
        {
            "user_id": "cecyle",
            "session_id": "cecyle_1480954802093",
            "timestamp": 1480942182225,
            "sequence_id": 1,
            "section_id": "1",
            "activity_id": "0",
            "activity_kind": "dragdrop",
            "data": {
                "kind": "Click",
                "what": "DD_sticker",
                "which": "9h",
                "x": 743,
                "y": 588
            }
        },
        {
            "user_id": "cecyle",
            "session_id": "cecyle_1480954802093",
            "timestamp": 1480942182637,
            "sequence_id": 1,
            "section_id": "1",
            "activity_id": "0",
            "activity_kind": "dragdrop",
            "data": {
                "kind": "MousePressed",
                "what": "DD_sticker",
                "which": "9h",
                "x": 743,
                "y": 585
            }
        },
        {
            "user_id": "cecyle",
            "session_id": "cecyle_1480954802093",
            "timestamp": 1480942182725,
            "sequence_id": 1,
            "section_id": "1",
            "activity_id": "0",
            "activity_kind": "dragdrop",
            "data": {
                "kind": "MouseReleased",
                "what": "DD_sticker",
                "which": "9h",
                "x": 743,
                "y": 585
            }
        },
        {
            "user_id": "cecyle",
            "session_id": "cecyle_1480954802093",
            "timestamp": 1480942182728,
            "sequence_id": 1,
            "section_id": "1",
            "activity_id": "0",
            "activity_kind": "dragdrop",
            "data": {
                "kind": "Click",
                "what": "DD_sticker",
                "which": "9h",
                "x": 743,
                "y": 585
            }
        },
        {
            "user_id": "cecyle",
            "session_id": "cecyle_1480954802093",
            "timestamp": 1480942185725,
            "sequence_id": 1,
            "section_id": "1",
            "activity_id": "0",
            "activity_kind": "dragdrop",
            "data": {
                "kind": "MousePressed",
                "what": "DD_sticker",
                "which": "9h",
                "x": 732,
                "y": 580
            }
        },
        {
            "user_id": "cecyle",
            "session_id": "cecyle_1480954802093",
            "timestamp": 1480942186132,
            "sequence_id": 1,
            "section_id": "1",
            "activity_id": "0",
            "activity_kind": "dragdrop",
            "data": {
                "kind": "MouseReleased",
                "what": "main_pane",
                "which": "La durée des phases du cycle cellulaire",
                "x": 815,
                "y": 521
            }
        },
        {
            "user_id": "cecyle",
            "session_id": "cecyle_1480954802093",
            "timestamp": 1480942199733,
            "sequence_id": 1,
            "section_id": "1",
            "activity_id": "0",
            "activity_kind": "dragdrop",
            "data": {
                "kind": "MousePressed",
                "what": "previous_btn",
                "which": "La durée des phases du cycle cellulaire",
                "x": 387,
                "y": 693
            }
        },
        {
            "user_id": "cecyle",
            "session_id": "cecyle_1480954802093",
            "timestamp": 1480942199812,
            "sequence_id": 1,
            "section_id": "1",
            "activity_id": "0",
            "activity_kind": "dragdrop",
            "data": {
                "kind": "MouseReleased",
                "what": "previous_btn",
                "which": "La durée des phases du cycle cellulaire",
                "x": 387,
                "y": 693
            }
        },
        {
            "user_id": "cecyle",
            "session_id": "cecyle_1480954802093",
            "timestamp": 1480942199823,
            "sequence_id": 1,
            "section_id": "1",
            "activity_id": "0",
            "activity_kind": "transition",
            "data": {
                "kind": "Click",
                "what": "previous_btn",
                "which": "La durée des phases du cycle cellulaire",
                "x": 387,
                "y": 693
            }
        },
        {
            "user_id": "cecyle",
            "session_id": "cecyle_1480954802093",
            "timestamp": 1480942202637,
            "sequence_id": 1,
            "section_id": "1",
            "activity_id": "-1",
            "activity_kind": "dragdrop",
            "data": {
                "kind": "Click",
                "what": "next_btn",
                "which": "hypothesis",
                "x": 1220,
                "y": 696
            }
        },
        {
            "user_id": "cecyle",
            "session_id": "cecyle_1480954802093",
            "timestamp": 1480942210181,
            "sequence_id": 1,
            "section_id": 1,
            "activity_id": 0,
            "activity_kind": "dragdrop",
            "data": {
                "kind": "MousePressed",
                "what": "interface_pane",
                "which": "iconbar_wrapper",
                "x": 195,
                "y": 49
            }
        },
        {
            "user_id": "cecyle",
            "session_id": "cecyle_1480954802093",
            "timestamp": 1480942210260,
            "sequence_id": 1,
            "section_id": 1,
            "activity_id": 0,
            "activity_kind": "dragdrop",
            "data": {
                "kind": "MouseReleased",
                "what": "interface_pane",
                "which": "iconbar_wrapper",
                "x": 195,
                "y": 49
            }
        },
        {
            "user_id": "cecyle",
            "session_id": "cecyle_1480954802093",
            "timestamp": 1480942210263,
            "sequence_id": 1,
            "section_id": 1,
            "activity_id": 0,
            "activity_kind": "dragdrop",
            "data": {
                "kind": "Click",
                "what": "interface_pane",
                "which": "iconbar_wrapper",
                "x": 195,
                "y": 49
            }
        },
        {
            "user_id": "cecyle",
            "session_id": "cecyle_1480954802093",
            "timestamp": 1480942210693,
            "sequence_id": 1,
            "section_id": 1,
            "activity_id": 0,
            "activity_kind": "dragdrop",
            "data": {
                "kind": "MousePressed",
                "what": "interface_pane",
                "which": "iconbar_wrapper",
                "x": 174,
                "y": 49
            }
        },
        {
            "user_id": "cecyle",
            "session_id": "cecyle_1480954802093",
            "timestamp": 1480942210780,
            "sequence_id": 1,
            "section_id": 1,
            "activity_id": 0,
            "activity_kind": "dragdrop",
            "data": {
                "kind": "MouseReleased",
                "what": "interface_pane",
                "which": "iconbar_wrapper",
                "x": 173,
                "y": 49
            }
        },
        {
            "user_id": "cecyle",
            "session_id": "cecyle_1480954802093",
            "timestamp": 1480942210784,
            "sequence_id": 1,
            "section_id": 1,
            "activity_id": 0,
            "activity_kind": "dragdrop",
            "data": {
                "kind": "Click",
                "what": "interface_pane",
                "which": "iconbar_wrapper",
                "x": 173,
                "y": 49
            }
        },
        {
            "user_id": "cecyle",
            "session_id": "cecyle_1480954802093",
            "timestamp": 1480942210852,
            "sequence_id": 1,
            "section_id": 1,
            "activity_id": 0,
            "activity_kind": "dragdrop",
            "data": {
                "kind": "MousePressed",
                "what": "interface_pane",
                "which": "iconbar_wrapper",
                "x": 173,
                "y": 49
            }
        },
        {
            "user_id": "cecyle",
            "session_id": "cecyle_1480954802093",
            "timestamp": 1480942210916,
            "sequence_id": 1,
            "section_id": 1,
            "activity_id": 0,
            "activity_kind": "dragdrop",
            "data": {
                "kind": "MouseReleased",
                "what": "interface_pane",
                "which": "iconbar_wrapper",
                "x": 173,
                "y": 49
            }
        },
        {
            "user_id": "cecyle",
            "session_id": "cecyle_1480954802093",
            "timestamp": 1480942210920,
            "sequence_id": 1,
            "section_id": 1,
            "activity_id": 0,
            "activity_kind": "dragdrop",
            "data": {
                "kind": "Click",
                "what": "interface_pane",
                "which": "iconbar_wrapper",
                "x": 173,
                "y": 49
            }
        },
        {
            "user_id": "cecyle",
            "session_id": "cecyle_1480954802093",
            "timestamp": 1480942215612,
            "sequence_id": 1,
            "section_id": 1,
            "activity_id": 0,
            "activity_kind": "dragdrop",
            "data": {
                "kind": "MousePressed",
                "what": "logout_btn",
                "which": "appbar",
                "x": 1247,
                "y": 52
            }
        }
    ]
}