{
    "inputs": [
        {
            "user_id": "Cecyle",
            "session_id": "Cecyle_1480957440507",
            "timestamp": 1480944664422,
            "sequence_id": 2,
            "section_id": 0,
            "activity_id": 0,
            "activity_kind": "dragdrop",
            "data": {
                "kind": "Input",
                "user_input": [
                    {
                        "slot": 0,
                        "stickers": []
                    },
                    {
                        "slot": 1,
                        "stickers": [
                            "2"
                        ]
                    },
                    {
                        "slot": 2,
                        "stickers": [
                            "1"
                        ]
                    },
                    {
                        "slot": 3,
                        "stickers": [
                            "6"
                        ]
                    },
                    {
                        "slot": 4,
                        "stickers": [
                            "0"
                        ]
                    },
                    {
                        "slot": 5,
                        "stickers": [
                            "3"
                        ]
                    },
                    {
                        "slot": 6,
                        "stickers": [
                            "4"
                        ]
                    },
                    {
                        "slot": 7,
                        "stickers": [
                            "5"
                        ]
                    }
                ]
            }
        },
        {
            "user_id": "Cecyle",
            "session_id": "Cecyle_1480957440507",
            "timestamp": 1480944739644,
            "sequence_id": 2,
            "section_id": 0,
            "activity_id": 0,
            "activity_kind": "dragdrop",
            "data": {
                "kind": "Input",
                "user_input": [
                    {
                        "slot": 0,
                        "stickers": []
                    },
                    {
                        "slot": 1,
                        "stickers": [
                            "2"
                        ]
                    },
                    {
                        "slot": 2,
                        "stickers": [
                            "1"
                        ]
                    },
                    {
                        "slot": 3,
                        "stickers": [
                            "5"
                        ]
                    },
                    {
                        "slot": 4,
                        "stickers": [
                            "0"
                        ]
                    },
                    {
                        "slot": 5,
                        "stickers": [
                            "3"
                        ]
                    },
                    {
                        "slot": 6,
                        "stickers": [
                            "6"
                        ]
                    },
                    {
                        "slot": 7,
                        "stickers": [
                            "4"
                        ]
                    }
                ]
            }
        },
        {
            "user_id": "Cecyle",
            "session_id": "Cecyle_1480957440507",
            "timestamp": 1480944741894,
            "sequence_id": 2,
            "section_id": 0,
            "activity_id": 0,
            "activity_kind": "dragdrop",
            "data": {
                "kind": "Input",
                "user_input": [
                    {
                        "slot": 0,
                        "stickers": []
                    },
                    {
                        "slot": 1,
                        "stickers": [
                            "2"
                        ]
                    },
                    {
                        "slot": 2,
                        "stickers": [
                            "1"
                        ]
                    },
                    {
                        "slot": 3,
                        "stickers": [
                            "5"
                        ]
                    },
                    {
                        "slot": 4,
                        "stickers": [
                            "0"
                        ]
                    },
                    {
                        "slot": 5,
                        "stickers": [
                            "3"
                        ]
                    },
                    {
                        "slot": 6,
                        "stickers": [
                            "6"
                        ]
                    },
                    {
                        "slot": 7,
                        "stickers": [
                            "4"
                        ]
                    }
                ]
            }
        },
        {
            "user_id": "Cecyle",
            "session_id": "Cecyle_1480957440507",
            "timestamp": 1480944858460,
            "sequence_id": 2,
            "section_id": 0,
            "activity_id": 1,
            "activity_kind": "dragdrop",
            "data": {
                "kind": "Input",
                "user_input": [
                    {
                        "slot": 0,
                        "stickers": [
                            "0",
                            "2"
                        ]
                    },
                    {
                        "slot": 1,
                        "stickers": [
                            "3"
                        ]
                    },
                    {
                        "slot": 2,
                        "stickers": [
                            "1"
                        ]
                    }
                ]
            }
        },
        {
            "user_id": "Cecyle",
            "session_id": "Cecyle_1480957440507",
            "timestamp": 1480944867878,
            "sequence_id": 2,
            "section_id": 0,
            "activity_id": 1,
            "activity_kind": "dragdrop",
            "data": {
                "kind": "Input",
                "user_input": [
                    {
                        "slot": 0,
                        "stickers": [
                            "0"
                        ]
                    },
                    {
                        "slot": 1,
                        "stickers": [
                            "3"
                        ]
                    },
                    {
                        "slot": 2,
                        "stickers": [
                            "1",
                            "2"
                        ]
                    }
                ]
            }
        },
        {
            "user_id": "Cecyle",
            "session_id": "Cecyle_1480957440507",
            "timestamp": 1480944923664,
            "sequence_id": 2,
            "section_id": 1,
            "activity_id": 0,
            "activity_kind": "dragdrop",
            "data": {
                "kind": "Input",
                "user_input": [
                    {
                        "slot": 0,
                        "stickers": []
                    },
                    {
                        "slot": 1,
                        "stickers": []
                    },
                    {
                        "slot": 2,
                        "stickers": []
                    },
                    {
                        "slot": 3,
                        "stickers": [
                            "0"
                        ]
                    }
                ]
            }
        },
        {
            "user_id": "Cecyle",
            "session_id": "Cecyle_1480957440507",
            "timestamp": 1480945082525,
            "sequence_id": 2,
            "section_id": 1,
            "activity_id": 1,
            "activity_kind": "curvetest",
            "data": {
                "kind": "Input",
                "user_input": [
                    0.29743589743589743,
                    0.29743589743589743,
                    0.40512820512820513,
                    0.5948717948717949,
                    0.7948717948717948,
                    1,
                    0.9974358974358974
                ]
            }
        },
        {
            "user_id": "Cecyle",
            "session_id": "Cecyle_1480957440507",
            "timestamp": 1480945410948,
            "sequence_id": 2,
            "section_id": 2,
            "activity_id": 0,
            "activity_kind": "planif",
            "data": {
                "kind": "Input",
                "user_input": {
                    "protocol": [
                        "-36",
                        "72",
                        "12"
                    ],
                    "temoincheck": true,
                    "culture": [
                        {
                            "condition": "- sérum",
                            "time": "0"
                        }
                    ],
                    "temoin": [
                        {
                            "condition": "+ sérum",
                            "time": "0"
                        }
                    ]
                }
            }
        },
        {
            "user_id": "Cecyle",
            "session_id": "Cecyle_1480957440507",
            "timestamp": 1480945462798,
            "sequence_id": 2,
            "section_id": 2,
            "activity_id": 1,
            "activity_kind": "dragdrop",
            "data": {
                "kind": "Input",
                "user_input": [
                    {
                        "slot": 0,
                        "stickers": [
                            "9"
                        ]
                    }
                ]
            }
        },
        {
            "user_id": "Cecyle",
            "session_id": "Cecyle_1480957440507",
            "timestamp": 1480945474950,
            "sequence_id": 2,
            "section_id": 2,
            "activity_id": 1,
            "activity_kind": "dragdrop",
            "data": {
                "kind": "Input",
                "user_input": [
                    {
                        "slot": 0,
                        "stickers": [
                            "11"
                        ]
                    }
                ]
            }
        },
        {
            "user_id": "Cecyle",
            "session_id": "Cecyle_1480957440507",
            "timestamp": 1480945619821,
            "sequence_id": 2,
            "section_id": 2,
            "activity_id": 1,
            "activity_kind": "dragdrop",
            "data": {
                "kind": "Input",
                "user_input": [
                    {
                        "slot": 0,
                        "stickers": [
                            "3"
                        ]
                    }
                ]
            }
        },
        {
            "user_id": "Cecyle",
            "session_id": "Cecyle_1480957440507",
            "timestamp": 1480946162517,
            "sequence_id": 2,
            "section_id": 2,
            "activity_id": 5,
            "activity_kind": "doublepipette",
            "data": {
                "kind": "Input",
                "user_input": [
                    5.905,
                    0.005080440304826418,
                    35.43,
                    5.061428571428571,
                    0.09991532599491956,
                    35.43
                ]
            }
        },
        {
            "user_id": "Cecyle",
            "session_id": "Cecyle_1480957440507",
            "timestamp": 1480946224427,
            "sequence_id": 2,
            "section_id": 2,
            "activity_id": 5,
            "activity_kind": "doublepipette",
            "data": {
                "kind": "Input",
                "user_input": [
                    5.905,
                    0.005080440304826418,
                    35.43,
                    5.061428571428571,
                    0.09991532599491956,
                    35.43
                ]
            }
        },
        {
            "user_id": "Cecyle",
            "session_id": "Cecyle_1480957440507",
            "timestamp": 1480946225019,
            "sequence_id": 2,
            "section_id": 2,
            "activity_id": 5,
            "activity_kind": "doublepipette",
            "data": {
                "kind": "Input",
                "user_input": [
                    5.905,
                    0.005080440304826418,
                    35.43,
                    5.061428571428571,
                    0.09991532599491956,
                    35.43
                ]
            }
        },
        {
            "user_id": "Cecyle",
            "session_id": "Cecyle_1480957440507",
            "timestamp": 1480946313657,
            "sequence_id": 2,
            "section_id": 4,
            "activity_id": 0,
            "activity_kind": "dragdrop",
            "data": {
                "kind": "Input",
                "user_input": [
                    {
                        "slot": 0,
                        "stickers": [
                            "3"
                        ]
                    },
                    {
                        "slot": 1,
                        "stickers": [
                            "2"
                        ]
                    },
                    {
                        "slot": 2,
                        "stickers": [
                            "0"
                        ]
                    },
                    {
                        "slot": 3,
                        "stickers": [
                            "1"
                        ]
                    },
                    {
                        "slot": 4,
                        "stickers": [
                            "4"
                        ]
                    }
                ]
            }
        },
        {
            "user_id": "Cecyle",
            "session_id": "Cecyle_1480957440507",
            "timestamp": 1480946337677,
            "sequence_id": 2,
            "section_id": 4,
            "activity_id": 0,
            "activity_kind": "dragdrop",
            "data": {
                "kind": "Input",
                "user_input": [
                    {
                        "slot": 0,
                        "stickers": [
                            "0"
                        ]
                    },
                    {
                        "slot": 1,
                        "stickers": [
                            "1"
                        ]
                    },
                    {
                        "slot": 2,
                        "stickers": [
                            "2"
                        ]
                    },
                    {
                        "slot": 3,
                        "stickers": [
                            "3"
                        ]
                    },
                    {
                        "slot": 4,
                        "stickers": [
                            "4"
                        ]
                    }
                ]
            }
        },
        {
            "user_id": "Cecyle",
            "session_id": "Cecyle_1480957440507",
            "timestamp": 1480946359784,
            "sequence_id": 2,
            "section_id": 4,
            "activity_id": 1,
            "activity_kind": "dragdrop",
            "data": {
                "kind": "Input",
                "user_input": [
                    {
                        "slot": 0,
                        "stickers": []
                    },
                    {
                        "slot": 1,
                        "stickers": []
                    },
                    {
                        "slot": 2,
                        "stickers": []
                    },
                    {
                        "slot": 3,
                        "stickers": [
                            "0"
                        ]
                    }
                ]
            }
        },
        {
            "user_id": "Cecyle",
            "session_id": "Cecyle_1480957440507",
            "timestamp": 1480946371539,
            "sequence_id": 2,
            "section_id": 4,
            "activity_id": 2,
            "activity_kind": "curvestar",
            "data": {
                "kind": "Input",
                "user_input": [
                    0.29743589743589743,
                    0.29743589743589743,
                    0.40512820512820513,
                    0.5948717948717949,
                    0.7948717948717948,
                    1,
                    0.9974358974358974
                ]
            }
        },
        {
            "user_id": "Cecyle",
            "session_id": "Cecyle_1480957440507",
            "timestamp": 1480946381835,
            "sequence_id": 2,
            "section_id": 4,
            "activity_id": 2,
            "activity_kind": "curvestar",
            "data": {
                "kind": "Input",
                "user_input": [
                    0.29743589743589743,
                    0.29743589743589743,
                    0.40512820512820513,
                    0.5948717948717949,
                    0.8384615384615385,
                    1,
                    0.9974358974358974
                ]
            }
        },
        {
            "user_id": "Cecyle",
            "session_id": "Cecyle_1480957440507",
            "timestamp": 1480946383596,
            "sequence_id": 2,
            "section_id": 4,
            "activity_id": 2,
            "activity_kind": "curvestar",
            "data": {
                "kind": "Input",
                "user_input": [
                    0.29743589743589743,
                    0.29743589743589743,
                    0.40512820512820513,
                    0.5948717948717949,
                    0.8641025641025641,
                    1,
                    0.9974358974358974
                ]
            }
        },
        {
            "user_id": "Cecyle",
            "session_id": "Cecyle_1480957440507",
            "timestamp": 1480946390019,
            "sequence_id": 2,
            "section_id": 4,
            "activity_id": 2,
            "activity_kind": "curvestar",
            "data": {
                "kind": "Input",
                "user_input": [
                    0.29743589743589743,
                    0.29743589743589743,
                    0.5897435897435898,
                    0.5948717948717949,
                    0.8641025641025641,
                    1,
                    0.9974358974358974
                ]
            }
        },
        {
            "user_id": "Cecyle",
            "session_id": "Cecyle_1480957440507",
            "timestamp": 1480946391931,
            "sequence_id": 2,
            "section_id": 4,
            "activity_id": 2,
            "activity_kind": "curvestar",
            "data": {
                "kind": "Input",
                "user_input": [
                    0.29743589743589743,
                    0.29743589743589743,
                    0.5974358974358974,
                    0.5948717948717949,
                    0.8641025641025641,
                    1,
                    0.9974358974358974
                ]
            }
        },
        {
            "user_id": "Cecyle",
            "session_id": "Cecyle_1480957440507",
            "timestamp": 1480946394679,
            "sequence_id": 2,
            "section_id": 4,
            "activity_id": 2,
            "activity_kind": "curvestar",
            "data": {
                "kind": "Input",
                "user_input": [
                    0.29743589743589743,
                    0.29743589743589743,
                    0.5974358974358974,
                    0.7282051282051282,
                    0.8641025641025641,
                    1,
                    0.9974358974358974
                ]
            }
        },
        {
            "user_id": "Cecyle",
            "session_id": "Cecyle_1480957440507",
            "timestamp": 1480946399659,
            "sequence_id": 2,
            "section_id": 4,
            "activity_id": 2,
            "activity_kind": "curvestar",
            "data": {
                "kind": "Input",
                "user_input": [
                    0.5435897435897435,
                    0.29743589743589743,
                    0.5974358974358974,
                    0.7282051282051282,
                    0.8641025641025641,
                    1,
                    0.9974358974358974
                ]
            }
        },
        {
            "user_id": "Cecyle",
            "session_id": "Cecyle_1480957440507",
            "timestamp": 1480946402092,
            "sequence_id": 2,
            "section_id": 4,
            "activity_id": 2,
            "activity_kind": "curvestar",
            "data": {
                "kind": "Input",
                "user_input": [
                    0.5435897435897435,
                    0.5538461538461539,
                    0.5974358974358974,
                    0.7282051282051282,
                    0.8641025641025641,
                    1,
                    0.9974358974358974
                ]
            }
        },
        {
            "user_id": "Cecyle",
            "session_id": "Cecyle_1480957440507",
            "timestamp": 1480946472187,
            "sequence_id": 2,
            "section_id": 5,
            "activity_id": 0,
            "activity_kind": "synthesis",
            "data": {
                "kind": "Input",
                "user_input": [
                    "prolifération",
                    "facteurs de croissance",
                    "G1/S",
                    "G1",
                    "synchronisées",
                    "G0"
                ]
            }
        },
        {
            "user_id": "Cecyle",
            "session_id": "Cecyle_1480957440507",
            "timestamp": 1480946478443,
            "sequence_id": 2,
            "section_id": 5,
            "activity_id": 0,
            "activity_kind": "synthesis",
            "data": {
                "kind": "Input",
                "user_input": [
                    "prolifération",
                    "facteurs de croissance",
                    "le point de restriction",
                    "G1",
                    "synchronisées",
                    "G0"
                ]
            }
        }
    ]
}