{
    "events": [
        {
            "user_id": "cecyle",
            "session_id": "cecyle_1481224099284",
            "timestamp": 1481211223612,
            "sequence_id": 2,
            "section_id": "0",
            "activity_id": "-1",
            "activity_kind": "dragdrop",
            "data": {
                "kind": "Click",
                "what": "next_btn",
                "which": "requirements",
                "x": 1683,
                "y": 709
            }
        },
        {
            "user_id": "cecyle",
            "session_id": "cecyle_1481224099284",
            "timestamp": 1481211226534,
            "sequence_id": 2,
            "section_id": "0",
            "activity_id": "0",
            "activity_kind": "dragdrop",
            "data": {
                "kind": "MousePressed",
                "what": "DD_sticker",
                "which": "S/G2",
                "x": 1509,
                "y": 328
            }
        },
        {
            "user_id": "cecyle",
            "session_id": "cecyle_1481224099284",
            "timestamp": 1481211227968,
            "sequence_id": 2,
            "section_id": "0",
            "activity_id": "0",
            "activity_kind": "dragdrop",
            "data": {
                "kind": "MouseReleased",
                "what": "DD_sticker",
                "which": "S/G2",
                "x": 922,
                "y": 583
            }
        },
        {
            "user_id": "cecyle",
            "session_id": "cecyle_1481224099284",
            "timestamp": 1481211228979,
            "sequence_id": 2,
            "section_id": "0",
            "activity_id": "0",
            "activity_kind": "dragdrop",
            "data": {
                "kind": "MousePressed",
                "what": "DD_sticker",
                "which": "R",
                "x": 1410,
                "y": 276
            }
        },
        {
            "user_id": "cecyle",
            "session_id": "cecyle_1481224099284",
            "timestamp": 1481211229917,
            "sequence_id": 2,
            "section_id": "0",
            "activity_id": "0",
            "activity_kind": "dragdrop",
            "data": {
                "kind": "MouseReleased",
                "what": "DD_sticker",
                "which": "R",
                "x": 1187,
                "y": 540
            }
        },
        {
            "user_id": "cecyle",
            "session_id": "cecyle_1481224099284",
            "timestamp": 1481211230756,
            "sequence_id": 2,
            "section_id": "0",
            "activity_id": "0",
            "activity_kind": "dragdrop",
            "data": {
                "kind": "MousePressed",
                "what": "DD_sticker",
                "which": "iM",
                "x": 1655,
                "y": 271
            }
        },
        {
            "user_id": "cecyle",
            "session_id": "cecyle_1481224099284",
            "timestamp": 1481211231777,
            "sequence_id": 2,
            "section_id": "0",
            "activity_id": "0",
            "activity_kind": "dragdrop",
            "data": {
                "kind": "MouseReleased",
                "what": "DD_sticker",
                "which": "iM",
                "x": 959,
                "y": 188
            }
        },
        {
            "user_id": "cecyle",
            "session_id": "cecyle_1481224099284",
            "timestamp": 1481211232633,
            "sequence_id": 2,
            "section_id": "0",
            "activity_id": "0",
            "activity_kind": "dragdrop",
            "data": {
                "kind": "MousePressed",
                "what": "DD_sticker",
                "which": "G2/M",
                "x": 1595,
                "y": 260
            }
        },
        {
            "user_id": "cecyle",
            "session_id": "cecyle_1481224099284",
            "timestamp": 1481211233536,
            "sequence_id": 2,
            "section_id": "0",
            "activity_id": "0",
            "activity_kind": "dragdrop",
            "data": {
                "kind": "MouseReleased",
                "what": "DD_sticker",
                "which": "G2/M",
                "x": 913,
                "y": 208
            }
        },
        {
            "user_id": "cecyle",
            "session_id": "cecyle_1481224099284",
            "timestamp": 1481211236072,
            "sequence_id": 2,
            "section_id": "0",
            "activity_id": "0",
            "activity_kind": "dragdrop",
            "data": {
                "kind": "MousePressed",
                "what": "correct_btn",
                "which": "Les checkpoints du cycle cellulaire",
                "x": 1648,
                "y": 683
            }
        },
        {
            "user_id": "cecyle",
            "session_id": "cecyle_1481224099284",
            "timestamp": 1481211236176,
            "sequence_id": 2,
            "section_id": "0",
            "activity_id": "0",
            "activity_kind": "dragdrop",
            "data": {
                "kind": "MouseReleased",
                "what": "correct_btn",
                "which": "Les checkpoints du cycle cellulaire",
                "x": 1648,
                "y": 683
            }
        },
        {
            "user_id": "cecyle",
            "session_id": "cecyle_1481224099284",
            "timestamp": 1481211236189,
            "sequence_id": 2,
            "section_id": "0",
            "activity_id": "0",
            "activity_kind": "dragdrop",
            "data": {
                "kind": "Click",
                "what": "correct_btn",
                "which": "Les checkpoints du cycle cellulaire",
                "x": 1648,
                "y": 683
            }
        },
        {
            "user_id": "cecyle",
            "session_id": "cecyle_1481224099284",
            "timestamp": 1481211240656,
            "sequence_id": 2,
            "section_id": "0",
            "activity_id": "0",
            "activity_kind": "dragdrop",
            "data": {
                "kind": "MousePressed",
                "what": "DD_sticker",
                "which": "S/G2",
                "x": 910,
                "y": 590
            }
        },
        {
            "user_id": "cecyle",
            "session_id": "cecyle_1481224099284",
            "timestamp": 1481211241577,
            "sequence_id": 2,
            "section_id": "0",
            "activity_id": "0",
            "activity_kind": "dragdrop",
            "data": {
                "kind": "MouseReleased",
                "what": "DD_sticker",
                "which": "S/G2",
                "x": 1484,
                "y": 350
            }
        },
        {
            "user_id": "cecyle",
            "session_id": "cecyle_1481224099284",
            "timestamp": 1481211242626,
            "sequence_id": 2,
            "section_id": "0",
            "activity_id": "0",
            "activity_kind": "dragdrop",
            "data": {
                "kind": "MousePressed",
                "what": "DD_sticker",
                "which": "S/G2",
                "x": 918,
                "y": 577
            }
        },
        {
            "user_id": "cecyle",
            "session_id": "cecyle_1481224099284",
            "timestamp": 1481211243760,
            "sequence_id": 2,
            "section_id": "0",
            "activity_id": "0",
            "activity_kind": "dragdrop",
            "data": {
                "kind": "MouseReleased",
                "what": "DD_sticker",
                "which": "S/G2",
                "x": 1532,
                "y": 319
            }
        },
        {
            "user_id": "cecyle",
            "session_id": "cecyle_1481224099284",
            "timestamp": 1481211244295,
            "sequence_id": 2,
            "section_id": "0",
            "activity_id": "0",
            "activity_kind": "dragdrop",
            "data": {
                "kind": "MousePressed",
                "what": "statement_pane",
                "which": "Les checkpoints du cycle cellulaire",
                "x": 1591,
                "y": 346
            }
        },
        {
            "user_id": "cecyle",
            "session_id": "cecyle_1481224099284",
            "timestamp": 1481211244456,
            "sequence_id": 2,
            "section_id": "0",
            "activity_id": "0",
            "activity_kind": "dragdrop",
            "data": {
                "kind": "MouseReleased",
                "what": "DD_sticker",
                "which": "G1/S",
                "x": 1578,
                "y": 350
            }
        },
        {
            "user_id": "cecyle",
            "session_id": "cecyle_1481224099284",
            "timestamp": 1481211244700,
            "sequence_id": 2,
            "section_id": "0",
            "activity_id": "0",
            "activity_kind": "dragdrop",
            "data": {
                "kind": "MousePressed",
                "what": "DD_sticker",
                "which": "G1/S",
                "x": 1563,
                "y": 335
            }
        },
        {
            "user_id": "cecyle",
            "session_id": "cecyle_1481224099284",
            "timestamp": 1481211245130,
            "sequence_id": 2,
            "section_id": "0",
            "activity_id": "0",
            "activity_kind": "dragdrop",
            "data": {
                "kind": "MouseReleased",
                "what": "DD_sticker",
                "which": "G1/S",
                "x": 1021,
                "y": 534
            }
        },
        {
            "user_id": "cecyle",
            "session_id": "cecyle_1481224099284",
            "timestamp": 1481211246050,
            "sequence_id": 2,
            "section_id": "0",
            "activity_id": "0",
            "activity_kind": "dragdrop",
            "data": {
                "kind": "MousePressed",
                "what": "DD_sticker",
                "which": "G1/S",
                "x": 1573,
                "y": 337
            }
        },
        {
            "user_id": "cecyle",
            "session_id": "cecyle_1481224099284",
            "timestamp": 1481211247320,
            "sequence_id": 2,
            "section_id": "0",
            "activity_id": "0",
            "activity_kind": "dragdrop",
            "data": {
                "kind": "MouseReleased",
                "what": "DD_sticker",
                "which": "G1/S",
                "x": 928,
                "y": 588
            }
        },
        {
            "user_id": "cecyle",
            "session_id": "cecyle_1481224099284",
            "timestamp": 1481211248704,
            "sequence_id": 2,
            "section_id": "0",
            "activity_id": "0",
            "activity_kind": "dragdrop",
            "data": {
                "kind": "MousePressed",
                "what": "correct_btn",
                "which": "Les checkpoints du cycle cellulaire",
                "x": 1671,
                "y": 691
            }
        },
        {
            "user_id": "cecyle",
            "session_id": "cecyle_1481224099284",
            "timestamp": 1481211248791,
            "sequence_id": 2,
            "section_id": "0",
            "activity_id": "0",
            "activity_kind": "dragdrop",
            "data": {
                "kind": "MouseReleased",
                "what": "correct_btn",
                "which": "Les checkpoints du cycle cellulaire",
                "x": 1671,
                "y": 690
            }
        },
        {
            "user_id": "cecyle",
            "session_id": "cecyle_1481224099284",
            "timestamp": 1481211248809,
            "sequence_id": 2,
            "section_id": "0",
            "activity_id": "0",
            "activity_kind": "dragdrop",
            "data": {
                "kind": "Click",
                "what": "correct_btn",
                "which": "Les checkpoints du cycle cellulaire",
                "x": 1671,
                "y": 690
            }
        },
        {
            "user_id": "cecyle",
            "session_id": "cecyle_1481224099284",
            "timestamp": 1481211250753,
            "sequence_id": 2,
            "section_id": "0",
            "activity_id": "0",
            "activity_kind": "dragdrop",
            "data": {
                "kind": "MousePressed",
                "what": "next_btn",
                "which": "Les checkpoints du cycle cellulaire",
                "x": 1636,
                "y": 679
            }
        },
        {
            "user_id": "cecyle",
            "session_id": "cecyle_1481224099284",
            "timestamp": 1481211250855,
            "sequence_id": 2,
            "section_id": "0",
            "activity_id": "0",
            "activity_kind": "dragdrop",
            "data": {
                "kind": "MouseReleased",
                "what": "next_btn",
                "which": "Les checkpoints du cycle cellulaire",
                "x": 1639,
                "y": 679
            }
        },
        {
            "user_id": "cecyle",
            "session_id": "cecyle_1481224099284",
            "timestamp": 1481211250883,
            "sequence_id": 2,
            "section_id": "0",
            "activity_id": "0",
            "activity_kind": "dragdrop",
            "data": {
                "kind": "Click",
                "what": "next_btn",
                "which": "Les checkpoints du cycle cellulaire",
                "x": 1639,
                "y": 679
            }
        }
    ]
}