{
    "events": [
        {
            "user_id": "cecyle",
            "session_id": "cecyle_1480957264479",
            "timestamp": 1480944387235,
            "sequence_id": 1,
            "section_id": "0",
            "activity_id": "-1",
            "activity_kind": "dragdrop",
            "data": {
                "kind": "Click",
                "what": "next_btn",
                "which": "requirements",
                "x": 1239,
                "y": 675
            }
        },
        {
            "user_id": "cecyle",
            "session_id": "cecyle_1480957264479",
            "timestamp": 1480944396431,
            "sequence_id": 1,
            "section_id": "0",
            "activity_id": "0",
            "activity_kind": "dragdrop",
            "data": {
                "kind": "MousePressed",
                "what": "DD_sticker",
                "which": "M",
                "x": 1091,
                "y": 249
            }
        },
        {
            "user_id": "cecyle",
            "session_id": "cecyle_1480957264479",
            "timestamp": 1480944397290,
            "sequence_id": 1,
            "section_id": "0",
            "activity_id": "0",
            "activity_kind": "dragdrop",
            "data": {
                "kind": "MouseReleased",
                "what": "DD_sticker",
                "which": "M",
                "x": 505,
                "y": 187
            }
        },
        {
            "user_id": "cecyle",
            "session_id": "cecyle_1480957264479",
            "timestamp": 1480944409613,
            "sequence_id": 1,
            "section_id": "0",
            "activity_id": "0",
            "activity_kind": "dragdrop",
            "data": {
                "kind": "MousePressed",
                "what": "DD_sticker",
                "which": "M",
                "x": 1102,
                "y": 245
            }
        },
        {
            "user_id": "cecyle",
            "session_id": "cecyle_1480957264479",
            "timestamp": 1480944410946,
            "sequence_id": 1,
            "section_id": "0",
            "activity_id": "0",
            "activity_kind": "dragdrop",
            "data": {
                "kind": "MouseReleased",
                "what": "DD_sticker",
                "which": "M",
                "x": 538,
                "y": 271
            }
        },
        {
            "user_id": "cecyle",
            "session_id": "cecyle_1480957264479",
            "timestamp": 1480944415059,
            "sequence_id": 1,
            "section_id": "0",
            "activity_id": "0",
            "activity_kind": "dragdrop",
            "data": {
                "kind": "MousePressed",
                "what": "DD_sticker",
                "which": "G2",
                "x": 1230,
                "y": 250
            }
        },
        {
            "user_id": "cecyle",
            "session_id": "cecyle_1480957264479",
            "timestamp": 1480944416076,
            "sequence_id": 1,
            "section_id": "0",
            "activity_id": "0",
            "activity_kind": "dragdrop",
            "data": {
                "kind": "MouseReleased",
                "what": "DD_sticker",
                "which": "G2",
                "x": 486,
                "y": 479
            }
        },
        {
            "user_id": "cecyle",
            "session_id": "cecyle_1480957264479",
            "timestamp": 1480944418435,
            "sequence_id": 1,
            "section_id": "0",
            "activity_id": "0",
            "activity_kind": "dragdrop",
            "data": {
                "kind": "MousePressed",
                "what": "DD_sticker",
                "which": "G1",
                "x": 1188,
                "y": 312
            }
        },
        {
            "user_id": "cecyle",
            "session_id": "cecyle_1480957264479",
            "timestamp": 1480944419314,
            "sequence_id": 1,
            "section_id": "0",
            "activity_id": "0",
            "activity_kind": "dragdrop",
            "data": {
                "kind": "MouseReleased",
                "what": "DD_sticker",
                "which": "G1",
                "x": 736,
                "y": 321
            }
        },
        {
            "user_id": "cecyle",
            "session_id": "cecyle_1480957264479",
            "timestamp": 1480944420346,
            "sequence_id": 1,
            "section_id": "0",
            "activity_id": "0",
            "activity_kind": "dragdrop",
            "data": {
                "kind": "MousePressed",
                "what": "DD_sticker",
                "which": "S",
                "x": 1059,
                "y": 305
            }
        },
        {
            "user_id": "cecyle",
            "session_id": "cecyle_1480957264479",
            "timestamp": 1480944421315,
            "sequence_id": 1,
            "section_id": "0",
            "activity_id": "0",
            "activity_kind": "dragdrop",
            "data": {
                "kind": "MouseReleased",
                "what": "DD_sticker",
                "which": "S",
                "x": 686,
                "y": 519
            }
        },
        {
            "user_id": "cecyle",
            "session_id": "cecyle_1480957264479",
            "timestamp": 1480944441275,
            "sequence_id": 1,
            "section_id": "0",
            "activity_id": "0",
            "activity_kind": "dragdrop",
            "data": {
                "kind": "MousePressed",
                "what": "DD_sticker",
                "which": "/ressources/act0/dd3.png",
                "x": 1061,
                "y": 520
            }
        },
        {
            "user_id": "cecyle",
            "session_id": "cecyle_1480957264479",
            "timestamp": 1480944442049,
            "sequence_id": 1,
            "section_id": "0",
            "activity_id": "0",
            "activity_kind": "dragdrop",
            "data": {
                "kind": "MouseReleased",
                "what": "DD_sticker",
                "which": "/ressources/act0/dd3.png",
                "x": 791,
                "y": 597
            }
        },
        {
            "user_id": "cecyle",
            "session_id": "cecyle_1480957264479",
            "timestamp": 1480944443571,
            "sequence_id": 1,
            "section_id": "0",
            "activity_id": "0",
            "activity_kind": "dragdrop",
            "data": {
                "kind": "MousePressed",
                "what": "DD_sticker",
                "which": "/ressources/act0/dd3.png",
                "x": 778,
                "y": 595
            }
        },
        {
            "user_id": "cecyle",
            "session_id": "cecyle_1480957264479",
            "timestamp": 1480944444353,
            "sequence_id": 1,
            "section_id": "0",
            "activity_id": "0",
            "activity_kind": "dragdrop",
            "data": {
                "kind": "MouseReleased",
                "what": "DD_sticker",
                "which": "/ressources/act0/dd3.png",
                "x": 1072,
                "y": 524
            }
        },
        {
            "user_id": "cecyle",
            "session_id": "cecyle_1480957264479",
            "timestamp": 1480944445834,
            "sequence_id": 1,
            "section_id": "0",
            "activity_id": "0",
            "activity_kind": "dragdrop",
            "data": {
                "kind": "MousePressed",
                "what": "DD_sticker",
                "which": "/ressources/act0/dd3.png",
                "x": 784,
                "y": 597
            }
        },
        {
            "user_id": "cecyle",
            "session_id": "cecyle_1480957264479",
            "timestamp": 1480944449259,
            "sequence_id": 1,
            "section_id": "0",
            "activity_id": "0",
            "activity_kind": "dragdrop",
            "data": {
                "kind": "MouseReleased",
                "what": "DD_sticker",
                "which": "/ressources/act0/dd3.png",
                "x": 849,
                "y": 686
            }
        },
        {
            "user_id": "cecyle",
            "session_id": "cecyle_1480957264479",
            "timestamp": 1480944464394,
            "sequence_id": 1,
            "section_id": "0",
            "activity_id": "0",
            "activity_kind": "dragdrop",
            "data": {
                "kind": "MousePressed",
                "what": "DD_sticker",
                "which": "/ressources/act0/dd1.png",
                "x": 1063,
                "y": 393
            }
        },
        {
            "user_id": "cecyle",
            "session_id": "cecyle_1480957264479",
            "timestamp": 1480944467963,
            "sequence_id": 1,
            "section_id": "0",
            "activity_id": "0",
            "activity_kind": "dragdrop",
            "data": {
                "kind": "MouseReleased",
                "what": "DD_sticker",
                "which": "/ressources/act0/dd1.png",
                "x": 1067,
                "y": 403
            }
        },
        {
            "user_id": "cecyle",
            "session_id": "cecyle_1480957264479",
            "timestamp": 1480944477338,
            "sequence_id": 1,
            "section_id": "0",
            "activity_id": "0",
            "activity_kind": "dragdrop",
            "data": {
                "kind": "MousePressed",
                "what": "DD_sticker",
                "which": "/ressources/act0/dd2.png",
                "x": 1152,
                "y": 539
            }
        },
        {
            "user_id": "cecyle",
            "session_id": "cecyle_1480957264479",
            "timestamp": 1480944483921,
            "sequence_id": 1,
            "section_id": "0",
            "activity_id": "0",
            "activity_kind": "dragdrop",
            "data": {
                "kind": "MouseReleased",
                "what": "DD_sticker",
                "which": "/ressources/act0/dd2.png",
                "x": 758,
                "y": 611
            }
        },
        {
            "user_id": "cecyle",
            "session_id": "cecyle_1480957264479",
            "timestamp": 1480944484850,
            "sequence_id": 1,
            "section_id": "0",
            "activity_id": "0",
            "activity_kind": "dragdrop",
            "data": {
                "kind": "MousePressed",
                "what": "DD_sticker",
                "which": "/ressources/act0/dd3.png",
                "x": 1038,
                "y": 540
            }
        },
        {
            "user_id": "cecyle",
            "session_id": "cecyle_1480957264479",
            "timestamp": 1480944486153,
            "sequence_id": 1,
            "section_id": "0",
            "activity_id": "0",
            "activity_kind": "dragdrop",
            "data": {
                "kind": "MouseReleased",
                "what": "DD_sticker",
                "which": "/ressources/act0/dd3.png",
                "x": 474,
                "y": 181
            }
        },
        {
            "user_id": "cecyle",
            "session_id": "cecyle_1480957264479",
            "timestamp": 1480944489778,
            "sequence_id": 1,
            "section_id": "0",
            "activity_id": "0",
            "activity_kind": "dragdrop",
            "data": {
                "kind": "MousePressed",
                "what": "DD_sticker",
                "which": "/ressources/act0/dd4.png",
                "x": 1160,
                "y": 404
            }
        },
        {
            "user_id": "cecyle",
            "session_id": "cecyle_1480957264479",
            "timestamp": 1480944490689,
            "sequence_id": 1,
            "section_id": "0",
            "activity_id": "0",
            "activity_kind": "dragdrop",
            "data": {
                "kind": "MouseReleased",
                "what": "DD_sticker",
                "which": "/ressources/act0/dd4.png",
                "x": 879,
                "y": 387
            }
        },
        {
            "user_id": "cecyle",
            "session_id": "cecyle_1480957264479",
            "timestamp": 1480944491442,
            "sequence_id": 1,
            "section_id": "0",
            "activity_id": "0",
            "activity_kind": "dragdrop",
            "data": {
                "kind": "MousePressed",
                "what": "DD_sticker",
                "which": "/ressources/act0/dd1.png",
                "x": 1053,
                "y": 416
            }
        },
        {
            "user_id": "cecyle",
            "session_id": "cecyle_1480957264479",
            "timestamp": 1480944495129,
            "sequence_id": 1,
            "section_id": "0",
            "activity_id": "0",
            "activity_kind": "dragdrop",
            "data": {
                "kind": "MouseReleased",
                "what": "DD_sticker",
                "which": "/ressources/act0/dd1.png",
                "x": 392,
                "y": 539
            }
        },
        {
            "user_id": "cecyle",
            "session_id": "cecyle_1480957264479",
            "timestamp": 1480944499026,
            "sequence_id": 1,
            "section_id": "0",
            "activity_id": "0",
            "activity_kind": "dragdrop",
            "data": {
                "kind": "MousePressed",
                "what": "DD_sticker",
                "which": "P",
                "x": 1003,
                "y": 310
            }
        },
        {
            "user_id": "cecyle",
            "session_id": "cecyle_1480957264479",
            "timestamp": 1480944499577,
            "sequence_id": 1,
            "section_id": "0",
            "activity_id": "0",
            "activity_kind": "dragdrop",
            "data": {
                "kind": "MouseReleased",
                "what": "DD_sticker",
                "which": "P",
                "x": 840,
                "y": 253
            }
        },
        {
            "user_id": "cecyle",
            "session_id": "cecyle_1480957264479",
            "timestamp": 1480944500524,
            "sequence_id": 1,
            "section_id": "0",
            "activity_id": "0",
            "activity_kind": "dragdrop",
            "data": {
                "kind": "MouseReleased",
                "what": "correct_btn",
                "which": "Les phases du cycle cellulaire",
                "x": 1229,
                "y": 691
            }
        },
        {
            "user_id": "cecyle",
            "session_id": "cecyle_1480957264479",
            "timestamp": 1480944500533,
            "sequence_id": 1,
            "section_id": "0",
            "activity_id": "0",
            "activity_kind": "dragdrop",
            "data": {
                "kind": "Click",
                "what": "correct_btn",
                "which": "Les phases du cycle cellulaire",
                "x": 1229,
                "y": 691
            }
        },
        {
            "user_id": "cecyle",
            "session_id": "cecyle_1480957264479",
            "timestamp": 1480944500425,
            "sequence_id": 1,
            "section_id": "0",
            "activity_id": "0",
            "activity_kind": "dragdrop",
            "data": {
                "kind": "MousePressed",
                "what": "correct_btn",
                "which": "Les phases du cycle cellulaire",
                "x": 1229,
                "y": 691
            }
        },
        {
            "user_id": "cecyle",
            "session_id": "cecyle_1480957264479",
            "timestamp": 1480944504467,
            "sequence_id": 1,
            "section_id": "0",
            "activity_id": "0",
            "activity_kind": "dragdrop",
            "data": {
                "kind": "MousePressed",
                "what": "DD_sticker",
                "which": "/ressources/act0/dd4.png",
                "x": 876,
                "y": 391
            }
        },
        {
            "user_id": "cecyle",
            "session_id": "cecyle_1480957264479",
            "timestamp": 1480944505249,
            "sequence_id": 1,
            "section_id": "0",
            "activity_id": "0",
            "activity_kind": "dragdrop",
            "data": {
                "kind": "MouseReleased",
                "what": "DD_sticker",
                "which": "/ressources/act0/dd4.png",
                "x": 851,
                "y": 703
            }
        },
        {
            "user_id": "cecyle",
            "session_id": "cecyle_1480957264479",
            "timestamp": 1480944511074,
            "sequence_id": 1,
            "section_id": "0",
            "activity_id": "0",
            "activity_kind": "dragdrop",
            "data": {
                "kind": "MousePressed",
                "what": "DD_sticker",
                "which": "/ressources/act0/dd1.png",
                "x": 395,
                "y": 533
            }
        },
        {
            "user_id": "cecyle",
            "session_id": "cecyle_1480957264479",
            "timestamp": 1480944512345,
            "sequence_id": 1,
            "section_id": "0",
            "activity_id": "0",
            "activity_kind": "dragdrop",
            "data": {
                "kind": "MouseReleased",
                "what": "DD_sticker",
                "which": "/ressources/act0/dd1.png",
                "x": 863,
                "y": 394
            }
        },
        {
            "user_id": "cecyle",
            "session_id": "cecyle_1480957264479",
            "timestamp": 1480944513506,
            "sequence_id": 1,
            "section_id": "0",
            "activity_id": "0",
            "activity_kind": "dragdrop",
            "data": {
                "kind": "MousePressed",
                "what": "DD_sticker",
                "which": "/ressources/act0/dd2.png",
                "x": 775,
                "y": 613
            }
        },
        {
            "user_id": "cecyle",
            "session_id": "cecyle_1480957264479",
            "timestamp": 1480944514401,
            "sequence_id": 1,
            "section_id": "0",
            "activity_id": "0",
            "activity_kind": "dragdrop",
            "data": {
                "kind": "MouseReleased",
                "what": "DD_slot",
                "which": "7",
                "x": 411,
                "y": 563
            }
        },
        {
            "user_id": "cecyle",
            "session_id": "cecyle_1480957264479",
            "timestamp": 1480944515122,
            "sequence_id": 1,
            "section_id": "0",
            "activity_id": "0",
            "activity_kind": "dragdrop",
            "data": {
                "kind": "MousePressed",
                "what": "DD_sticker",
                "which": "/ressources/act0/dd4.png",
                "x": 1152,
                "y": 423
            }
        },
        {
            "user_id": "cecyle",
            "session_id": "cecyle_1480957264479",
            "timestamp": 1480944516417,
            "sequence_id": 1,
            "section_id": "0",
            "activity_id": "0",
            "activity_kind": "dragdrop",
            "data": {
                "kind": "MouseReleased",
                "what": "DD_sticker",
                "which": "/ressources/act0/dd4.png",
                "x": 754,
                "y": 613
            }
        },
        {
            "user_id": "cecyle",
            "session_id": "cecyle_1480957264479",
            "timestamp": 1480944519850,
            "sequence_id": 1,
            "section_id": "0",
            "activity_id": "0",
            "activity_kind": "dragdrop",
            "data": {
                "kind": "MousePressed",
                "what": "DD_sticker",
                "which": "P",
                "x": 849,
                "y": 252
            }
        },
        {
            "user_id": "cecyle",
            "session_id": "cecyle_1480957264479",
            "timestamp": 1480944520866,
            "sequence_id": 1,
            "section_id": "0",
            "activity_id": "0",
            "activity_kind": "dragdrop",
            "data": {
                "kind": "MouseReleased",
                "what": "DD_sticker",
                "which": "P",
                "x": 800,
                "y": 692
            }
        },
        {
            "user_id": "cecyle",
            "session_id": "cecyle_1480957264479",
            "timestamp": 1480944522449,
            "sequence_id": 1,
            "section_id": "0",
            "activity_id": "0",
            "activity_kind": "dragdrop",
            "data": {
                "kind": "MousePressed",
                "what": "DD_sticker",
                "which": "G0",
                "x": 985,
                "y": 254
            }
        },
        {
            "user_id": "cecyle",
            "session_id": "cecyle_1480957264479",
            "timestamp": 1480944523312,
            "sequence_id": 1,
            "section_id": "0",
            "activity_id": "0",
            "activity_kind": "dragdrop",
            "data": {
                "kind": "MouseReleased",
                "what": "DD_sticker",
                "which": "G0",
                "x": 983,
                "y": 254
            }
        },
        {
            "user_id": "cecyle",
            "session_id": "cecyle_1480957264479",
            "timestamp": 1480944523809,
            "sequence_id": 1,
            "section_id": "0",
            "activity_id": "0",
            "activity_kind": "dragdrop",
            "data": {
                "kind": "MousePressed",
                "what": "DD_sticker",
                "which": "R",
                "x": 1165,
                "y": 248
            }
        },
        {
            "user_id": "cecyle",
            "session_id": "cecyle_1480957264479",
            "timestamp": 1480944524512,
            "sequence_id": 1,
            "section_id": "0",
            "activity_id": "0",
            "activity_kind": "dragdrop",
            "data": {
                "kind": "MouseReleased",
                "what": "DD_sticker",
                "which": "R",
                "x": 872,
                "y": 259
            }
        },
        {
            "user_id": "cecyle",
            "session_id": "cecyle_1480957264479",
            "timestamp": 1480944525385,
            "sequence_id": 1,
            "section_id": "0",
            "activity_id": "0",
            "activity_kind": "dragdrop",
            "data": {
                "kind": "MousePressed",
                "what": "correct_btn",
                "which": "Les phases du cycle cellulaire",
                "x": 1247,
                "y": 694
            }
        },
        {
            "user_id": "cecyle",
            "session_id": "cecyle_1480957264479",
            "timestamp": 1480944525456,
            "sequence_id": 1,
            "section_id": "0",
            "activity_id": "0",
            "activity_kind": "dragdrop",
            "data": {
                "kind": "MouseReleased",
                "what": "correct_btn",
                "which": "Les phases du cycle cellulaire",
                "x": 1247,
                "y": 694
            }
        },
        {
            "user_id": "cecyle",
            "session_id": "cecyle_1480957264479",
            "timestamp": 1480944525466,
            "sequence_id": 1,
            "section_id": "0",
            "activity_id": "0",
            "activity_kind": "dragdrop",
            "data": {
                "kind": "Click",
                "what": "correct_btn",
                "which": "Les phases du cycle cellulaire",
                "x": 1247,
                "y": 694
            }
        },
        {
            "user_id": "cecyle",
            "session_id": "cecyle_1480957264479",
            "timestamp": 1480944528850,
            "sequence_id": 1,
            "section_id": "0",
            "activity_id": "0",
            "activity_kind": "dragdrop",
            "data": {
                "kind": "MousePressed",
                "what": "DD_sticker",
                "which": "R",
                "x": 877,
                "y": 246
            }
        },
        {
            "user_id": "cecyle",
            "session_id": "cecyle_1480957264479",
            "timestamp": 1480944530249,
            "sequence_id": 1,
            "section_id": "0",
            "activity_id": "0",
            "activity_kind": "dragdrop",
            "data": {
                "kind": "MouseReleased",
                "what": "DD_sticker",
                "which": "R",
                "x": 832,
                "y": 675
            }
        },
        {
            "user_id": "cecyle",
            "session_id": "cecyle_1480957264479",
            "timestamp": 1480944540170,
            "sequence_id": 1,
            "section_id": "0",
            "activity_id": "0",
            "activity_kind": "dragdrop",
            "data": {
                "kind": "MousePressed",
                "what": "DD_sticker",
                "which": "L",
                "x": 1046,
                "y": 248
            }
        },
        {
            "user_id": "cecyle",
            "session_id": "cecyle_1480957264479",
            "timestamp": 1480944540968,
            "sequence_id": 1,
            "section_id": "0",
            "activity_id": "0",
            "activity_kind": "dragdrop",
            "data": {
                "kind": "MouseReleased",
                "what": "DD_sticker",
                "which": "L",
                "x": 856,
                "y": 256
            }
        },
        {
            "user_id": "cecyle",
            "session_id": "cecyle_1480957264479",
            "timestamp": 1480944542850,
            "sequence_id": 1,
            "section_id": "0",
            "activity_id": "0",
            "activity_kind": "dragdrop",
            "data": {
                "kind": "MousePressed",
                "what": "DD_sticker",
                "which": "L",
                "x": 862,
                "y": 234
            }
        },
        {
            "user_id": "cecyle",
            "session_id": "cecyle_1480957264479",
            "timestamp": 1480944544560,
            "sequence_id": 1,
            "section_id": "0",
            "activity_id": "0",
            "activity_kind": "dragdrop",
            "data": {
                "kind": "MouseReleased",
                "what": "DD_sticker",
                "which": "L",
                "x": 804,
                "y": 691
            }
        },
        {
            "user_id": "cecyle",
            "session_id": "cecyle_1480957264479",
            "timestamp": 1480944545362,
            "sequence_id": 1,
            "section_id": "0",
            "activity_id": "0",
            "activity_kind": "dragdrop",
            "data": {
                "kind": "MousePressed",
                "what": "DD_sticker",
                "which": "P",
                "x": 1008,
                "y": 306
            }
        },
        {
            "user_id": "cecyle",
            "session_id": "cecyle_1480957264479",
            "timestamp": 1480944546147,
            "sequence_id": 1,
            "section_id": "0",
            "activity_id": "0",
            "activity_kind": "dragdrop",
            "data": {
                "kind": "MouseReleased",
                "what": "DD_sticker",
                "which": "P",
                "x": 859,
                "y": 235
            }
        },
        {
            "user_id": "cecyle",
            "session_id": "cecyle_1480957264479",
            "timestamp": 1480944547073,
            "sequence_id": 1,
            "section_id": "0",
            "activity_id": "0",
            "activity_kind": "dragdrop",
            "data": {
                "kind": "MousePressed",
                "what": "reset_btn",
                "which": "Les phases du cycle cellulaire",
                "x": 834,
                "y": 678
            }
        },
        {
            "user_id": "cecyle",
            "session_id": "cecyle_1480957264479",
            "timestamp": 1480944547179,
            "sequence_id": 1,
            "section_id": "0",
            "activity_id": "0",
            "activity_kind": "dragdrop",
            "data": {
                "kind": "MouseReleased",
                "what": "reset_btn",
                "which": "Les phases du cycle cellulaire",
                "x": 833,
                "y": 678
            }
        },
        {
            "user_id": "cecyle",
            "session_id": "cecyle_1480957264479",
            "timestamp": 1480944547196,
            "sequence_id": 1,
            "section_id": "0",
            "activity_id": "0",
            "activity_kind": "dragdrop",
            "data": {
                "kind": "Click",
                "what": "reset_btn",
                "which": "Les phases du cycle cellulaire",
                "x": 833,
                "y": 678
            }
        },
        {
            "user_id": "cecyle",
            "session_id": "cecyle_1480957264479",
            "timestamp": 1480944551274,
            "sequence_id": 1,
            "section_id": "0",
            "activity_id": "0",
            "activity_kind": "dragdrop",
            "data": {
                "kind": "MousePressed",
                "what": "DD_sticker",
                "which": "/ressources/act0/dd1.png",
                "x": 1039,
                "y": 416
            }
        },
        {
            "user_id": "cecyle",
            "session_id": "cecyle_1480957264479",
            "timestamp": 1480944551608,
            "sequence_id": 1,
            "section_id": "0",
            "activity_id": "0",
            "activity_kind": "dragdrop",
            "data": {
                "kind": "MouseReleased",
                "what": "DD_sticker",
                "which": "/ressources/act0/dd1.png",
                "x": 907,
                "y": 414
            }
        },
        {
            "user_id": "cecyle",
            "session_id": "cecyle_1480957264479",
            "timestamp": 1480944552169,
            "sequence_id": 1,
            "section_id": "0",
            "activity_id": "0",
            "activity_kind": "dragdrop",
            "data": {
                "kind": "MousePressed",
                "what": "statement_pane",
                "which": "Les phases du cycle cellulaire",
                "x": 985,
                "y": 405
            }
        },
        {
            "user_id": "cecyle",
            "session_id": "cecyle_1480957264479",
            "timestamp": 1480944552264,
            "sequence_id": 1,
            "section_id": "0",
            "activity_id": "0",
            "activity_kind": "dragdrop",
            "data": {
                "kind": "MouseReleased",
                "what": "statement_pane",
                "which": "Les phases du cycle cellulaire",
                "x": 986,
                "y": 405
            }
        },
        {
            "user_id": "cecyle",
            "session_id": "cecyle_1480957264479",
            "timestamp": 1480944552268,
            "sequence_id": 1,
            "section_id": "0",
            "activity_id": "0",
            "activity_kind": "dragdrop",
            "data": {
                "kind": "Click",
                "what": "statement_pane",
                "which": "Les phases du cycle cellulaire",
                "x": 986,
                "y": 405
            }
        },
        {
            "user_id": "cecyle",
            "session_id": "cecyle_1480957264479",
            "timestamp": 1480944552489,
            "sequence_id": 1,
            "section_id": "0",
            "activity_id": "0",
            "activity_kind": "dragdrop",
            "data": {
                "kind": "MousePressed",
                "what": "DD_sticker",
                "which": "/ressources/act0/dd1.png",
                "x": 1036,
                "y": 401
            }
        },
        {
            "user_id": "cecyle",
            "session_id": "cecyle_1480957264479",
            "timestamp": 1480944553040,
            "sequence_id": 1,
            "section_id": "0",
            "activity_id": "0",
            "activity_kind": "dragdrop",
            "data": {
                "kind": "MouseReleased",
                "what": "DD_sticker",
                "which": "/ressources/act0/dd1.png",
                "x": 832,
                "y": 395
            }
        },
        {
            "user_id": "cecyle",
            "session_id": "cecyle_1480957264479",
            "timestamp": 1480944553617,
            "sequence_id": 1,
            "section_id": "0",
            "activity_id": "0",
            "activity_kind": "dragdrop",
            "data": {
                "kind": "MousePressed",
                "what": "DD_sticker",
                "which": "/ressources/act0/dd4.png",
                "x": 1149,
                "y": 385
            }
        },
        {
            "user_id": "cecyle",
            "session_id": "cecyle_1480957264479",
            "timestamp": 1480944554385,
            "sequence_id": 1,
            "section_id": "0",
            "activity_id": "0",
            "activity_kind": "dragdrop",
            "data": {
                "kind": "MouseReleased",
                "what": "DD_sticker",
                "which": "/ressources/act0/dd4.png",
                "x": 768,
                "y": 561
            }
        },
        {
            "user_id": "cecyle",
            "session_id": "cecyle_1480957264479",
            "timestamp": 1480944555385,
            "sequence_id": 1,
            "section_id": "0",
            "activity_id": "0",
            "activity_kind": "dragdrop",
            "data": {
                "kind": "MousePressed",
                "what": "DD_sticker",
                "which": "/ressources/act0/dd2.png",
                "x": 1187,
                "y": 504
            }
        },
        {
            "user_id": "cecyle",
            "session_id": "cecyle_1480957264479",
            "timestamp": 1480944556321,
            "sequence_id": 1,
            "section_id": "0",
            "activity_id": "0",
            "activity_kind": "dragdrop",
            "data": {
                "kind": "MouseReleased",
                "what": "DD_sticker",
                "which": "/ressources/act0/dd2.png",
                "x": 412,
                "y": 510
            }
        },
        {
            "user_id": "cecyle",
            "session_id": "cecyle_1480957264479",
            "timestamp": 1480944557113,
            "sequence_id": 1,
            "section_id": "0",
            "activity_id": "0",
            "activity_kind": "dragdrop",
            "data": {
                "kind": "MousePressed",
                "what": "DD_sticker",
                "which": "/ressources/act0/dd3.png",
                "x": 1036,
                "y": 506
            }
        },
        {
            "user_id": "cecyle",
            "session_id": "cecyle_1480957264479",
            "timestamp": 1480944558001,
            "sequence_id": 1,
            "section_id": "0",
            "activity_id": "0",
            "activity_kind": "dragdrop",
            "data": {
                "kind": "MouseReleased",
                "what": "DD_sticker",
                "which": "/ressources/act0/dd3.png",
                "x": 485,
                "y": 159
            }
        },
        {
            "user_id": "cecyle",
            "session_id": "cecyle_1480957264479",
            "timestamp": 1480944559050,
            "sequence_id": 1,
            "section_id": "0",
            "activity_id": "0",
            "activity_kind": "dragdrop",
            "data": {
                "kind": "MousePressed",
                "what": "DD_sticker",
                "which": "M",
                "x": 1101,
                "y": 237
            }
        },
        {
            "user_id": "cecyle",
            "session_id": "cecyle_1480957264479",
            "timestamp": 1480944560040,
            "sequence_id": 1,
            "section_id": "0",
            "activity_id": "0",
            "activity_kind": "dragdrop",
            "data": {
                "kind": "MouseReleased",
                "what": "DD_sticker",
                "which": "M",
                "x": 529,
                "y": 255
            }
        },
        {
            "user_id": "cecyle",
            "session_id": "cecyle_1480957264479",
            "timestamp": 1480944561265,
            "sequence_id": 1,
            "section_id": "0",
            "activity_id": "0",
            "activity_kind": "dragdrop",
            "data": {
                "kind": "MousePressed",
                "what": "DD_sticker",
                "which": "G2",
                "x": 1208,
                "y": 237
            }
        },
        {
            "user_id": "cecyle",
            "session_id": "cecyle_1480957264479",
            "timestamp": 1480944562168,
            "sequence_id": 1,
            "section_id": "0",
            "activity_id": "0",
            "activity_kind": "dragdrop",
            "data": {
                "kind": "MouseReleased",
                "what": "DD_sticker",
                "which": "G2",
                "x": 478,
                "y": 469
            }
        },
        {
            "user_id": "cecyle",
            "session_id": "cecyle_1480957264479",
            "timestamp": 1480944563770,
            "sequence_id": 1,
            "section_id": "0",
            "activity_id": "0",
            "activity_kind": "dragdrop",
            "data": {
                "kind": "MousePressed",
                "what": "DD_sticker",
                "which": "G1",
                "x": 1190,
                "y": 302
            }
        },
        {
            "user_id": "cecyle",
            "session_id": "cecyle_1480957264479",
            "timestamp": 1480944564560,
            "sequence_id": 1,
            "section_id": "0",
            "activity_id": "0",
            "activity_kind": "dragdrop",
            "data": {
                "kind": "MouseReleased",
                "what": "DD_sticker",
                "which": "G1",
                "x": 762,
                "y": 325
            }
        },
        {
            "user_id": "cecyle",
            "session_id": "cecyle_1480957264479",
            "timestamp": 1480944567143,
            "sequence_id": 1,
            "section_id": "0",
            "activity_id": "0",
            "activity_kind": "dragdrop",
            "data": {
                "kind": "MousePressed",
                "what": "DD_sticker",
                "which": "S",
                "x": 1070,
                "y": 303
            }
        },
        {
            "user_id": "cecyle",
            "session_id": "cecyle_1480957264479",
            "timestamp": 1480944568058,
            "sequence_id": 1,
            "section_id": "0",
            "activity_id": "0",
            "activity_kind": "dragdrop",
            "data": {
                "kind": "MouseReleased",
                "what": "DD_sticker",
                "which": "S",
                "x": 688,
                "y": 505
            }
        },
        {
            "user_id": "cecyle",
            "session_id": "cecyle_1480957264479",
            "timestamp": 1480944571835,
            "sequence_id": 1,
            "section_id": "0",
            "activity_id": "0",
            "activity_kind": "dragdrop",
            "data": {
                "kind": "MousePressed",
                "what": "DD_sticker",
                "which": "P",
                "x": 1005,
                "y": 313
            }
        },
        {
            "user_id": "cecyle",
            "session_id": "cecyle_1480957264479",
            "timestamp": 1480944572448,
            "sequence_id": 1,
            "section_id": "0",
            "activity_id": "0",
            "activity_kind": "dragdrop",
            "data": {
                "kind": "MouseReleased",
                "what": "DD_sticker",
                "which": "P",
                "x": 852,
                "y": 260
            }
        },
        {
            "user_id": "cecyle",
            "session_id": "cecyle_1480957264479",
            "timestamp": 1480944573353,
            "sequence_id": 1,
            "section_id": "0",
            "activity_id": "0",
            "activity_kind": "dragdrop",
            "data": {
                "kind": "MousePressed",
                "what": "correct_btn",
                "which": "Les phases du cycle cellulaire",
                "x": 1251,
                "y": 695
            }
        },
        {
            "user_id": "cecyle",
            "session_id": "cecyle_1480957264479",
            "timestamp": 1480944573417,
            "sequence_id": 1,
            "section_id": "0",
            "activity_id": "0",
            "activity_kind": "dragdrop",
            "data": {
                "kind": "MouseReleased",
                "what": "correct_btn",
                "which": "Les phases du cycle cellulaire",
                "x": 1251,
                "y": 695
            }
        },
        {
            "user_id": "cecyle",
            "session_id": "cecyle_1480957264479",
            "timestamp": 1480944573429,
            "sequence_id": 1,
            "section_id": "0",
            "activity_id": "0",
            "activity_kind": "dragdrop",
            "data": {
                "kind": "Click",
                "what": "correct_btn",
                "which": "Les phases du cycle cellulaire",
                "x": 1251,
                "y": 695
            }
        },
        {
            "user_id": "cecyle",
            "session_id": "cecyle_1480957264479",
            "timestamp": 1480944574834,
            "sequence_id": 1,
            "section_id": "0",
            "activity_id": "0",
            "activity_kind": "dragdrop",
            "data": {
                "kind": "MousePressed",
                "what": "next_btn",
                "which": "Les phases du cycle cellulaire",
                "x": 1233,
                "y": 695
            }
        },
        {
            "user_id": "cecyle",
            "session_id": "cecyle_1480957264479",
            "timestamp": 1480944574920,
            "sequence_id": 1,
            "section_id": "0",
            "activity_id": "0",
            "activity_kind": "dragdrop",
            "data": {
                "kind": "MouseReleased",
                "what": "next_btn",
                "which": "Les phases du cycle cellulaire",
                "x": 1233,
                "y": 695
            }
        },
        {
            "user_id": "cecyle",
            "session_id": "cecyle_1480957264479",
            "timestamp": 1480944574954,
            "sequence_id": 1,
            "section_id": "0",
            "activity_id": "0",
            "activity_kind": "dragdrop",
            "data": {
                "kind": "Click",
                "what": "next_btn",
                "which": "Les phases du cycle cellulaire",
                "x": 1233,
                "y": 695
            }
        },
        {
            "user_id": "cecyle",
            "session_id": "cecyle_1480957264479",
            "timestamp": 1480944575984,
            "sequence_id": 1,
            "section_id": "0",
            "activity_id": "0",
            "activity_kind": "dragdrop",
            "data": {
                "kind": "MousePressed",
                "what": "next_btn",
                "which": "Les phases du cycle cellulaire",
                "x": 1233,
                "y": 695
            }
        },
        {
            "user_id": "cecyle",
            "session_id": "cecyle_1480957264479",
            "timestamp": 1480944576072,
            "sequence_id": 1,
            "section_id": "0",
            "activity_id": "0",
            "activity_kind": "dragdrop",
            "data": {
                "kind": "MouseReleased",
                "what": "next_btn",
                "which": "Les phases du cycle cellulaire",
                "x": 1233,
                "y": 695
            }
        },
        {
            "user_id": "cecyle",
            "session_id": "cecyle_1480957264479",
            "timestamp": 1480944576088,
            "sequence_id": 1,
            "section_id": "0",
            "activity_id": "0",
            "activity_kind": "transition",
            "data": {
                "kind": "Click",
                "what": "next_btn",
                "which": "Les phases du cycle cellulaire",
                "x": 1233,
                "y": 695
            }
        },
        {
            "user_id": "cecyle",
            "session_id": "cecyle_1480957264479",
            "timestamp": 1480944579958,
            "sequence_id": 1,
            "section_id": "1",
            "activity_id": "-1",
            "activity_kind": "dragdrop",
            "data": {
                "kind": "Click",
                "what": "next_btn",
                "which": "hypothesis",
                "x": 1225,
                "y": 693
            }
        },
        {
            "user_id": "cecyle",
            "session_id": "cecyle_1480957264479",
            "timestamp": 1480944581210,
            "sequence_id": 1,
            "section_id": "1",
            "activity_id": "0",
            "activity_kind": "dragdrop",
            "data": {
                "kind": "MousePressed",
                "what": "next_btn",
                "which": "La durée des phases du cycle cellulaire",
                "x": 1224,
                "y": 693
            }
        },
        {
            "user_id": "cecyle",
            "session_id": "cecyle_1480957264479",
            "timestamp": 1480944581288,
            "sequence_id": 1,
            "section_id": "1",
            "activity_id": "0",
            "activity_kind": "dragdrop",
            "data": {
                "kind": "MouseReleased",
                "what": "next_btn",
                "which": "La durée des phases du cycle cellulaire",
                "x": 1224,
                "y": 693
            }
        },
        {
            "user_id": "cecyle",
            "session_id": "cecyle_1480957264479",
            "timestamp": 1480944581301,
            "sequence_id": 1,
            "section_id": "1",
            "activity_id": "0",
            "activity_kind": "dragdrop",
            "data": {
                "kind": "Click",
                "what": "next_btn",
                "which": "La durée des phases du cycle cellulaire",
                "x": 1224,
                "y": 693
            }
        },
        {
            "user_id": "cecyle",
            "session_id": "cecyle_1480957264479",
            "timestamp": 1480944581792,
            "sequence_id": 1,
            "section_id": "1",
            "activity_id": "0",
            "activity_kind": "dragdrop",
            "data": {
                "kind": "MousePressed",
                "what": "next_btn",
                "which": "La durée des phases du cycle cellulaire",
                "x": 1224,
                "y": 693
            }
        },
        {
            "user_id": "cecyle",
            "session_id": "cecyle_1480957264479",
            "timestamp": 1480944581888,
            "sequence_id": 1,
            "section_id": "1",
            "activity_id": "0",
            "activity_kind": "dragdrop",
            "data": {
                "kind": "MouseReleased",
                "what": "next_btn",
                "which": "La durée des phases du cycle cellulaire",
                "x": 1224,
                "y": 693
            }
        },
        {
            "user_id": "cecyle",
            "session_id": "cecyle_1480957264479",
            "timestamp": 1480944581912,
            "sequence_id": 1,
            "section_id": "1",
            "activity_id": "0",
            "activity_kind": "curvetest",
            "data": {
                "kind": "Click",
                "what": "next_btn",
                "which": "La durée des phases du cycle cellulaire",
                "x": 1224,
                "y": 693
            }
        },
        {
            "user_id": "cecyle",
            "session_id": "cecyle_1480957264479",
            "timestamp": 1480944583074,
            "sequence_id": 1,
            "section_id": "1",
            "activity_id": "1",
            "activity_kind": "curvetest",
            "data": {
                "kind": "Click",
                "what": "next_btn",
                "which": "Courbe de croissance dans des conditions optimales",
                "x": 1224,
                "y": 694
            }
        },
        {
            "user_id": "cecyle",
            "session_id": "cecyle_1480957264479",
            "timestamp": 1480944583242,
            "sequence_id": 1,
            "section_id": "1",
            "activity_id": "1",
            "activity_kind": "transition",
            "data": {
                "kind": "Click",
                "what": "next_btn",
                "which": "Courbe de croissance dans des conditions optimales",
                "x": 1224,
                "y": 694
            }
        },
        {
            "user_id": "cecyle",
            "session_id": "cecyle_1480957264479",
            "timestamp": 1480944584403,
            "sequence_id": 1,
            "section_id": "2",
            "activity_id": "-1",
            "activity_kind": "transition",
            "data": {
                "kind": "Click",
                "what": "next_btn",
                "which": "protocol",
                "x": 1224,
                "y": 694
            }
        },
        {
            "user_id": "cecyle",
            "session_id": "cecyle_1480957264479",
            "timestamp": 1480944584570,
            "sequence_id": 1,
            "section_id": "2",
            "activity_id": "0",
            "activity_kind": "transition",
            "data": {
                "kind": "Click",
                "what": "transition_pane",
                "which": "Planification du protocole expérimental",
                "x": 1224,
                "y": 694
            }
        },
        {
            "user_id": "cecyle",
            "session_id": "cecyle_1480957264479",
            "timestamp": 1480944585684,
            "sequence_id": 1,
            "section_id": "2",
            "activity_id": "0",
            "activity_kind": "transition",
            "data": {
                "kind": "Click",
                "what": "next_btn",
                "which": "Planification du protocole expérimental",
                "x": 1224,
                "y": 698
            }
        },
        {
            "user_id": "cecyle",
            "session_id": "cecyle_1480957264479",
            "timestamp": 1480944585836,
            "sequence_id": 1,
            "section_id": "2",
            "activity_id": "1",
            "activity_kind": "transition",
            "data": {
                "kind": "Click",
                "what": "transition_pane",
                "which": "Nombres de boîtes de Pétri",
                "x": 1224,
                "y": 698
            }
        },
        {
            "user_id": "cecyle",
            "session_id": "cecyle_1480957264479",
            "timestamp": 1480944586751,
            "sequence_id": 1,
            "section_id": "2",
            "activity_id": "1",
            "activity_kind": "counttest",
            "data": {
                "kind": "Click",
                "what": "next_btn",
                "which": "Nombres de boîtes de Pétri",
                "x": 1224,
                "y": 698
            }
        },
        {
            "user_id": "cecyle",
            "session_id": "cecyle_1480957264479",
            "timestamp": 1480944586900,
            "sequence_id": 1,
            "section_id": "2",
            "activity_id": "2",
            "activity_kind": "counttest",
            "data": {
                "kind": "Click",
                "what": "statement_pane",
                "which": "Comptage",
                "x": 1224,
                "y": 698
            }
        },
        {
            "user_id": "cecyle",
            "session_id": "cecyle_1480957264479",
            "timestamp": 1480944587905,
            "sequence_id": 1,
            "section_id": "2",
            "activity_id": "2",
            "activity_kind": "counttest",
            "data": {
                "kind": "Click",
                "what": "correct_btn",
                "which": "Comptage",
                "x": 1224,
                "y": 698
            }
        },
        {
            "user_id": "cecyle",
            "session_id": "cecyle_1480957264479",
            "timestamp": 1480944588179,
            "sequence_id": 1,
            "section_id": "2",
            "activity_id": "2",
            "activity_kind": "counttest",
            "data": {
                "kind": "Click",
                "what": "correct_btn",
                "which": "Comptage",
                "x": 1224,
                "y": 698
            }
        },
        {
            "user_id": "cecyle",
            "session_id": "cecyle_1480957264479",
            "timestamp": 1480944588595,
            "sequence_id": 1,
            "section_id": "2",
            "activity_id": "2",
            "activity_kind": "counttest",
            "data": {
                "kind": "Click",
                "what": "correct_btn",
                "which": "Comptage",
                "x": 1224,
                "y": 698
            }
        },
        {
            "user_id": "cecyle",
            "session_id": "cecyle_1480957264479",
            "timestamp": 1480944589124,
            "sequence_id": 1,
            "section_id": "2",
            "activity_id": "2",
            "activity_kind": "counttest",
            "data": {
                "kind": "Click",
                "what": "next_btn",
                "which": "Comptage",
                "x": 1224,
                "y": 698
            }
        },
        {
            "user_id": "cecyle",
            "session_id": "cecyle_1480957264479",
            "timestamp": 1480944589746,
            "sequence_id": 1,
            "section_id": "2",
            "activity_id": "2",
            "activity_kind": "input",
            "data": {
                "kind": "Click",
                "what": "next_btn",
                "which": "Comptage",
                "x": 1224,
                "y": 698
            }
        },
        {
            "user_id": "cecyle",
            "session_id": "cecyle_1480957264479",
            "timestamp": 1480944590861,
            "sequence_id": 1,
            "section_id": "2",
            "activity_id": "3",
            "activity_kind": "input",
            "data": {
                "kind": "Click",
                "what": "correct_btn",
                "which": "Densité Cellulaire",
                "x": 1224,
                "y": 698
            }
        },
        {
            "user_id": "cecyle",
            "session_id": "cecyle_1480957264479",
            "timestamp": 1480944591009,
            "sequence_id": 1,
            "section_id": "2",
            "activity_id": "3",
            "activity_kind": "input",
            "data": {
                "kind": "Click",
                "what": "correct_btn",
                "which": "Densité Cellulaire",
                "x": 1224,
                "y": 698
            }
        },
        {
            "user_id": "cecyle",
            "session_id": "cecyle_1480957264479",
            "timestamp": 1480944591177,
            "sequence_id": 1,
            "section_id": "2",
            "activity_id": "3",
            "activity_kind": "input",
            "data": {
                "kind": "Click",
                "what": "correct_btn",
                "which": "Densité Cellulaire",
                "x": 1224,
                "y": 698
            }
        },
        {
            "user_id": "cecyle",
            "session_id": "cecyle_1480957264479",
            "timestamp": 1480944591570,
            "sequence_id": 1,
            "section_id": "2",
            "activity_id": "3",
            "activity_kind": "input",
            "data": {
                "kind": "Click",
                "what": "next_btn",
                "which": "Densité Cellulaire",
                "x": 1224,
                "y": 698
            }
        },
        {
            "user_id": "cecyle",
            "session_id": "cecyle_1480957264479",
            "timestamp": 1480944592313,
            "sequence_id": 1,
            "section_id": "2",
            "activity_id": "3",
            "activity_kind": "transition",
            "data": {
                "kind": "Click",
                "what": "next_btn",
                "which": "Densité Cellulaire",
                "x": 1224,
                "y": 698
            }
        },
        {
            "user_id": "cecyle",
            "session_id": "cecyle_1480957264479",
            "timestamp": 1480944593433,
            "sequence_id": 1,
            "section_id": "2",
            "activity_id": "4",
            "activity_kind": "pipette",
            "data": {
                "kind": "Click",
                "what": "next_btn",
                "which": "Nombre de cellules par boite et tailles des boites",
                "x": 1224,
                "y": 698
            }
        },
        {
            "user_id": "cecyle",
            "session_id": "cecyle_1480957264479",
            "timestamp": 1480944594453,
            "sequence_id": 1,
            "section_id": "2",
            "activity_id": "5",
            "activity_kind": "pipette",
            "data": {
                "kind": "Click",
                "what": "correct_btn",
                "which": "Ensemencement",
                "x": 1224,
                "y": 698
            }
        },
        {
            "user_id": "cecyle",
            "session_id": "cecyle_1480957264479",
            "timestamp": 1480944594735,
            "sequence_id": 1,
            "section_id": "2",
            "activity_id": "5",
            "activity_kind": "pipette",
            "data": {
                "kind": "Click",
                "what": "correct_btn",
                "which": "Ensemencement",
                "x": 1224,
                "y": 698
            }
        },
        {
            "user_id": "cecyle",
            "session_id": "cecyle_1480957264479",
            "timestamp": 1480944594878,
            "sequence_id": 1,
            "section_id": "2",
            "activity_id": "5",
            "activity_kind": "pipette",
            "data": {
                "kind": "Click",
                "what": "correct_btn",
                "which": "Ensemencement",
                "x": 1224,
                "y": 698
            }
        },
        {
            "user_id": "cecyle",
            "session_id": "cecyle_1480957264479",
            "timestamp": 1480944595365,
            "sequence_id": 1,
            "section_id": "2",
            "activity_id": "5",
            "activity_kind": "pipette",
            "data": {
                "kind": "Click",
                "what": "next_btn",
                "which": "Ensemencement",
                "x": 1224,
                "y": 698
            }
        },
        {
            "user_id": "cecyle",
            "session_id": "cecyle_1480957264479",
            "timestamp": 1480944595963,
            "sequence_id": 1,
            "section_id": "2",
            "activity_id": "5",
            "activity_kind": "transition",
            "data": {
                "kind": "Click",
                "what": "next_btn",
                "which": "Ensemencement",
                "x": 1224,
                "y": 698
            }
        },
        {
            "user_id": "cecyle",
            "session_id": "cecyle_1480957264479",
            "timestamp": 1480944597092,
            "sequence_id": 1,
            "section_id": "3",
            "activity_id": "-1",
            "activity_kind": "transition",
            "data": {
                "kind": "Click",
                "what": "next_btn",
                "which": "experiment",
                "x": 1224,
                "y": 698
            }
        },
        {
            "user_id": "cecyle",
            "session_id": "cecyle_1480957264479",
            "timestamp": 1480944598145,
            "sequence_id": 1,
            "section_id": "4",
            "activity_id": "-1",
            "activity_kind": "dragdrop",
            "data": {
                "kind": "Click",
                "what": "next_btn",
                "which": "results",
                "x": 1224,
                "y": 698
            }
        },
        {
            "user_id": "cecyle",
            "session_id": "cecyle_1480957264479",
            "timestamp": 1480944599279,
            "sequence_id": 1,
            "section_id": "4",
            "activity_id": "0",
            "activity_kind": "dragdrop",
            "data": {
                "kind": "MousePressed",
                "what": "correct_btn",
                "which": "Comptages",
                "x": 1224,
                "y": 698
            }
        },
        {
            "user_id": "cecyle",
            "session_id": "cecyle_1480957264479",
            "timestamp": 1480944599339,
            "sequence_id": 1,
            "section_id": "4",
            "activity_id": "0",
            "activity_kind": "dragdrop",
            "data": {
                "kind": "MouseReleased",
                "what": "correct_btn",
                "which": "Comptages",
                "x": 1224,
                "y": 698
            }
        },
        {
            "user_id": "cecyle",
            "session_id": "cecyle_1480957264479",
            "timestamp": 1480944599350,
            "sequence_id": 1,
            "section_id": "4",
            "activity_id": "0",
            "activity_kind": "dragdrop",
            "data": {
                "kind": "Click",
                "what": "correct_btn",
                "which": "Comptages",
                "x": 1224,
                "y": 698
            }
        },
        {
            "user_id": "cecyle",
            "session_id": "cecyle_1480957264479",
            "timestamp": 1480944599480,
            "sequence_id": 1,
            "section_id": "4",
            "activity_id": "0",
            "activity_kind": "dragdrop",
            "data": {
                "kind": "MouseReleased",
                "what": "correct_btn",
                "which": "Comptages",
                "x": 1224,
                "y": 698
            }
        },
        {
            "user_id": "cecyle",
            "session_id": "cecyle_1480957264479",
            "timestamp": 1480944599490,
            "sequence_id": 1,
            "section_id": "4",
            "activity_id": "0",
            "activity_kind": "dragdrop",
            "data": {
                "kind": "Click",
                "what": "correct_btn",
                "which": "Comptages",
                "x": 1224,
                "y": 698
            }
        },
        {
            "user_id": "cecyle",
            "session_id": "cecyle_1480957264479",
            "timestamp": 1480944599568,
            "sequence_id": 1,
            "section_id": "4",
            "activity_id": "0",
            "activity_kind": "dragdrop",
            "data": {
                "kind": "MousePressed",
                "what": "correct_btn",
                "which": "Comptages",
                "x": 1224,
                "y": 698
            }
        },
        {
            "user_id": "cecyle",
            "session_id": "cecyle_1480957264479",
            "timestamp": 1480944599648,
            "sequence_id": 1,
            "section_id": "4",
            "activity_id": "0",
            "activity_kind": "dragdrop",
            "data": {
                "kind": "MouseReleased",
                "what": "correct_btn",
                "which": "Comptages",
                "x": 1224,
                "y": 698
            }
        },
        {
            "user_id": "cecyle",
            "session_id": "cecyle_1480957264479",
            "timestamp": 1480944599657,
            "sequence_id": 1,
            "section_id": "4",
            "activity_id": "0",
            "activity_kind": "dragdrop",
            "data": {
                "kind": "Click",
                "what": "correct_btn",
                "which": "Comptages",
                "x": 1224,
                "y": 698
            }
        },
        {
            "user_id": "cecyle",
            "session_id": "cecyle_1480957264479",
            "timestamp": 1480944600024,
            "sequence_id": 1,
            "section_id": "4",
            "activity_id": "0",
            "activity_kind": "dragdrop",
            "data": {
                "kind": "MousePressed",
                "what": "next_btn",
                "which": "Comptages",
                "x": 1224,
                "y": 698
            }
        },
        {
            "user_id": "cecyle",
            "session_id": "cecyle_1480957264479",
            "timestamp": 1480944600112,
            "sequence_id": 1,
            "section_id": "4",
            "activity_id": "0",
            "activity_kind": "dragdrop",
            "data": {
                "kind": "MouseReleased",
                "what": "next_btn",
                "which": "Comptages",
                "x": 1224,
                "y": 698
            }
        },
        {
            "user_id": "cecyle",
            "session_id": "cecyle_1480957264479",
            "timestamp": 1480944600133,
            "sequence_id": 1,
            "section_id": "4",
            "activity_id": "0",
            "activity_kind": "dragdrop",
            "data": {
                "kind": "Click",
                "what": "next_btn",
                "which": "Comptages",
                "x": 1224,
                "y": 698
            }
        },
        {
            "user_id": "cecyle",
            "session_id": "cecyle_1480957264479",
            "timestamp": 1480944600608,
            "sequence_id": 1,
            "section_id": "4",
            "activity_id": "0",
            "activity_kind": "dragdrop",
            "data": {
                "kind": "MousePressed",
                "what": "next_btn",
                "which": "Comptages",
                "x": 1224,
                "y": 698
            }
        },
        {
            "user_id": "cecyle",
            "session_id": "cecyle_1480957264479",
            "timestamp": 1480944600696,
            "sequence_id": 1,
            "section_id": "4",
            "activity_id": "0",
            "activity_kind": "dragdrop",
            "data": {
                "kind": "MouseReleased",
                "what": "next_btn",
                "which": "Comptages",
                "x": 1224,
                "y": 698
            }
        },
        {
            "user_id": "cecyle",
            "session_id": "cecyle_1480957264479",
            "timestamp": 1480944600720,
            "sequence_id": 1,
            "section_id": "4",
            "activity_id": "0",
            "activity_kind": "curvestar",
            "data": {
                "kind": "Click",
                "what": "next_btn",
                "which": "Comptages",
                "x": 1224,
                "y": 698
            }
        },
        {
            "user_id": "cecyle",
            "session_id": "cecyle_1480957264479",
            "timestamp": 1480944607811,
            "sequence_id": 1,
            "section_id": "4",
            "activity_id": "1",
            "activity_kind": "curvestar",
            "data": {
                "kind": "MousePressed",
                "what": "Curve_canvas",
                "which": "Comptages et courbe de croissance dans des conditions optimales",
                "x": 388,
                "y": 433
            }
        },
        {
            "user_id": "cecyle",
            "session_id": "cecyle_1480957264479",
            "timestamp": 1480944609343,
            "sequence_id": 1,
            "section_id": "4",
            "activity_id": "1",
            "activity_kind": "curvestar",
            "data": {
                "kind": "MouseReleased",
                "what": "Curve_canvas",
                "which": "Comptages et courbe de croissance dans des conditions optimales",
                "x": 390,
                "y": 500
            }
        },
        {
            "user_id": "cecyle",
            "session_id": "cecyle_1480957264479",
            "timestamp": 1480944609347,
            "sequence_id": 1,
            "section_id": "4",
            "activity_id": "1",
            "activity_kind": "curvestar",
            "data": {
                "kind": "Click",
                "what": "Curve_canvas",
                "which": "Comptages et courbe de croissance dans des conditions optimales",
                "x": 390,
                "y": 500
            }
        },
        {
            "user_id": "cecyle",
            "session_id": "cecyle_1480957264479",
            "timestamp": 1480944610062,
            "sequence_id": 1,
            "section_id": "4",
            "activity_id": "1",
            "activity_kind": "curvestar",
            "data": {
                "kind": "MousePressed",
                "what": "Curve_canvas",
                "which": "Comptages et courbe de croissance dans des conditions optimales",
                "x": 479,
                "y": 436
            }
        },
        {
            "user_id": "cecyle",
            "session_id": "cecyle_1480957264479",
            "timestamp": 1480944611879,
            "sequence_id": 1,
            "section_id": "4",
            "activity_id": "1",
            "activity_kind": "curvestar",
            "data": {
                "kind": "MouseReleased",
                "what": "Curve_canvas",
                "which": "Comptages et courbe de croissance dans des conditions optimales",
                "x": 479,
                "y": 503
            }
        },
        {
            "user_id": "cecyle",
            "session_id": "cecyle_1480957264479",
            "timestamp": 1480944611888,
            "sequence_id": 1,
            "section_id": "4",
            "activity_id": "1",
            "activity_kind": "curvestar",
            "data": {
                "kind": "Click",
                "what": "Curve_canvas",
                "which": "Comptages et courbe de croissance dans des conditions optimales",
                "x": 479,
                "y": 503
            }
        },
        {
            "user_id": "cecyle",
            "session_id": "cecyle_1480957264479",
            "timestamp": 1480944612587,
            "sequence_id": 1,
            "section_id": "4",
            "activity_id": "1",
            "activity_kind": "curvestar",
            "data": {
                "kind": "MousePressed",
                "what": "Curve_canvas",
                "which": "Comptages et courbe de croissance dans des conditions optimales",
                "x": 842,
                "y": 436
            }
        },
        {
            "user_id": "cecyle",
            "session_id": "cecyle_1480957264479",
            "timestamp": 1480944613497,
            "sequence_id": 1,
            "section_id": "4",
            "activity_id": "1",
            "activity_kind": "curvestar",
            "data": {
                "kind": "MouseReleased",
                "what": "Curve_canvas",
                "which": "Comptages et courbe de croissance dans des conditions optimales",
                "x": 841,
                "y": 370
            }
        },
        {
            "user_id": "cecyle",
            "session_id": "cecyle_1480957264479",
            "timestamp": 1480944613501,
            "sequence_id": 1,
            "section_id": "4",
            "activity_id": "1",
            "activity_kind": "curvestar",
            "data": {
                "kind": "Click",
                "what": "Curve_canvas",
                "which": "Comptages et courbe de croissance dans des conditions optimales",
                "x": 841,
                "y": 370
            }
        },
        {
            "user_id": "cecyle",
            "session_id": "cecyle_1480957264479",
            "timestamp": 1480944614446,
            "sequence_id": 1,
            "section_id": "4",
            "activity_id": "1",
            "activity_kind": "curvestar",
            "data": {
                "kind": "MousePressed",
                "what": "Curve_canvas",
                "which": "Comptages et courbe de croissance dans des conditions optimales",
                "x": 752,
                "y": 432
            }
        },
        {
            "user_id": "cecyle",
            "session_id": "cecyle_1480957264479",
            "timestamp": 1480944616635,
            "sequence_id": 1,
            "section_id": "4",
            "activity_id": "1",
            "activity_kind": "curvestar",
            "data": {
                "kind": "Click",
                "what": "Curve_canvas",
                "which": "Comptages et courbe de croissance dans des conditions optimales",
                "x": 749,
                "y": 365
            }
        },
        {
            "user_id": "cecyle",
            "session_id": "cecyle_1480957264479",
            "timestamp": 1480944616631,
            "sequence_id": 1,
            "section_id": "4",
            "activity_id": "1",
            "activity_kind": "curvestar",
            "data": {
                "kind": "MouseReleased",
                "what": "Curve_canvas",
                "which": "Comptages et courbe de croissance dans des conditions optimales",
                "x": 749,
                "y": 365
            }
        },
        {
            "user_id": "cecyle",
            "session_id": "cecyle_1480957264479",
            "timestamp": 1480944617499,
            "sequence_id": 1,
            "section_id": "4",
            "activity_id": "1",
            "activity_kind": "curvestar",
            "data": {
                "kind": "MousePressed",
                "what": "Curve_canvas",
                "which": "Comptages et courbe de croissance dans des conditions optimales",
                "x": 572,
                "y": 436
            }
        },
        {
            "user_id": "cecyle",
            "session_id": "cecyle_1480957264479",
            "timestamp": 1480944618231,
            "sequence_id": 1,
            "section_id": "4",
            "activity_id": "1",
            "activity_kind": "curvestar",
            "data": {
                "kind": "MouseReleased",
                "what": "Curve_canvas",
                "which": "Comptages et courbe de croissance dans des conditions optimales",
                "x": 571,
                "y": 475
            }
        },
        {
            "user_id": "cecyle",
            "session_id": "cecyle_1480957264479",
            "timestamp": 1480944618235,
            "sequence_id": 1,
            "section_id": "4",
            "activity_id": "1",
            "activity_kind": "curvestar",
            "data": {
                "kind": "Click",
                "what": "Curve_canvas",
                "which": "Comptages et courbe de croissance dans des conditions optimales",
                "x": 571,
                "y": 475
            }
        },
        {
            "user_id": "cecyle",
            "session_id": "cecyle_1480957264479",
            "timestamp": 1480944619303,
            "sequence_id": 1,
            "section_id": "4",
            "activity_id": "1",
            "activity_kind": "curvestar",
            "data": {
                "kind": "MouseReleased",
                "what": "next_btn",
                "which": "Comptages et courbe de croissance dans des conditions optimales",
                "x": 1229,
                "y": 693
            }
        },
        {
            "user_id": "cecyle",
            "session_id": "cecyle_1480957264479",
            "timestamp": 1480944619317,
            "sequence_id": 1,
            "section_id": "4",
            "activity_id": "1",
            "activity_kind": "curvestar",
            "data": {
                "kind": "Click",
                "what": "next_btn",
                "which": "Comptages et courbe de croissance dans des conditions optimales",
                "x": 1229,
                "y": 693
            }
        },
        {
            "user_id": "cecyle",
            "session_id": "cecyle_1480957264479",
            "timestamp": 1480944619232,
            "sequence_id": 1,
            "section_id": "4",
            "activity_id": "1",
            "activity_kind": "curvestar",
            "data": {
                "kind": "MousePressed",
                "what": "next_btn",
                "which": "Comptages et courbe de croissance dans des conditions optimales",
                "x": 1229,
                "y": 693
            }
        },
        {
            "user_id": "cecyle",
            "session_id": "cecyle_1480957264479",
            "timestamp": 1480944620464,
            "sequence_id": 1,
            "section_id": "4",
            "activity_id": "1",
            "activity_kind": "curvestar",
            "data": {
                "kind": "MousePressed",
                "what": "next_btn",
                "which": "Comptages et courbe de croissance dans des conditions optimales",
                "x": 1236,
                "y": 687
            }
        },
        {
            "user_id": "cecyle",
            "session_id": "cecyle_1480957264479",
            "timestamp": 1480944620573,
            "sequence_id": 1,
            "section_id": "4",
            "activity_id": "1",
            "activity_kind": "dragdrop",
            "data": {
                "kind": "Click",
                "what": "next_btn",
                "which": "Comptages et courbe de croissance dans des conditions optimales",
                "x": 1236,
                "y": 687
            }
        },
        {
            "user_id": "cecyle",
            "session_id": "cecyle_1480957264479",
            "timestamp": 1480944620551,
            "sequence_id": 1,
            "section_id": "4",
            "activity_id": "1",
            "activity_kind": "curvestar",
            "data": {
                "kind": "MouseReleased",
                "what": "next_btn",
                "which": "Comptages et courbe de croissance dans des conditions optimales",
                "x": 1236,
                "y": 687
            }
        },
        {
            "user_id": "cecyle",
            "session_id": "cecyle_1480957264479",
            "timestamp": 1480944621652,
            "sequence_id": 1,
            "section_id": "4",
            "activity_id": "2",
            "activity_kind": "dragdrop",
            "data": {
                "kind": "MouseReleased",
                "what": "correct_btn",
                "which": "Proportions des phases dans le cycle cellulaire",
                "x": 1229,
                "y": 705
            }
        },
        {
            "user_id": "cecyle",
            "session_id": "cecyle_1480957264479",
            "timestamp": 1480944621661,
            "sequence_id": 1,
            "section_id": "4",
            "activity_id": "2",
            "activity_kind": "dragdrop",
            "data": {
                "kind": "Click",
                "what": "correct_btn",
                "which": "Proportions des phases dans le cycle cellulaire",
                "x": 1229,
                "y": 705
            }
        },
        {
            "user_id": "cecyle",
            "session_id": "cecyle_1480957264479",
            "timestamp": 1480944621848,
            "sequence_id": 1,
            "section_id": "4",
            "activity_id": "2",
            "activity_kind": "dragdrop",
            "data": {
                "kind": "MousePressed",
                "what": "correct_btn",
                "which": "Proportions des phases dans le cycle cellulaire",
                "x": 1229,
                "y": 701
            }
        },
        {
            "user_id": "cecyle",
            "session_id": "cecyle_1480957264479",
            "timestamp": 1480944621943,
            "sequence_id": 1,
            "section_id": "4",
            "activity_id": "2",
            "activity_kind": "dragdrop",
            "data": {
                "kind": "MouseReleased",
                "what": "correct_btn",
                "which": "Proportions des phases dans le cycle cellulaire",
                "x": 1229,
                "y": 701
            }
        },
        {
            "user_id": "cecyle",
            "session_id": "cecyle_1480957264479",
            "timestamp": 1480944621952,
            "sequence_id": 1,
            "section_id": "4",
            "activity_id": "2",
            "activity_kind": "dragdrop",
            "data": {
                "kind": "Click",
                "what": "correct_btn",
                "which": "Proportions des phases dans le cycle cellulaire",
                "x": 1229,
                "y": 701
            }
        },
        {
            "user_id": "cecyle",
            "session_id": "cecyle_1480957264479",
            "timestamp": 1480944622040,
            "sequence_id": 1,
            "section_id": "4",
            "activity_id": "2",
            "activity_kind": "dragdrop",
            "data": {
                "kind": "MousePressed",
                "what": "correct_btn",
                "which": "Proportions des phases dans le cycle cellulaire",
                "x": 1229,
                "y": 701
            }
        },
        {
            "user_id": "cecyle",
            "session_id": "cecyle_1480957264479",
            "timestamp": 1480944621556,
            "sequence_id": 1,
            "section_id": "4",
            "activity_id": "2",
            "activity_kind": "dragdrop",
            "data": {
                "kind": "MousePressed",
                "what": "correct_btn",
                "which": "Proportions des phases dans le cycle cellulaire",
                "x": 1229,
                "y": 705
            }
        },
        {
            "user_id": "cecyle",
            "session_id": "cecyle_1480957264479",
            "timestamp": 1480944622151,
            "sequence_id": 1,
            "section_id": "4",
            "activity_id": "2",
            "activity_kind": "dragdrop",
            "data": {
                "kind": "MouseReleased",
                "what": "correct_btn",
                "which": "Proportions des phases dans le cycle cellulaire",
                "x": 1229,
                "y": 701
            }
        },
        {
            "user_id": "cecyle",
            "session_id": "cecyle_1480957264479",
            "timestamp": 1480944622160,
            "sequence_id": 1,
            "section_id": "4",
            "activity_id": "2",
            "activity_kind": "dragdrop",
            "data": {
                "kind": "Click",
                "what": "correct_btn",
                "which": "Proportions des phases dans le cycle cellulaire",
                "x": 1229,
                "y": 701
            }
        },
        {
            "user_id": "cecyle",
            "session_id": "cecyle_1480957264479",
            "timestamp": 1480944622296,
            "sequence_id": 1,
            "section_id": "4",
            "activity_id": "2",
            "activity_kind": "dragdrop",
            "data": {
                "kind": "MousePressed",
                "what": "next_btn",
                "which": "Proportions des phases dans le cycle cellulaire",
                "x": 1229,
                "y": 701
            }
        },
        {
            "user_id": "cecyle",
            "session_id": "cecyle_1480957264479",
            "timestamp": 1480944622401,
            "sequence_id": 1,
            "section_id": "4",
            "activity_id": "2",
            "activity_kind": "dragdrop",
            "data": {
                "kind": "Click",
                "what": "next_btn",
                "which": "Proportions des phases dans le cycle cellulaire",
                "x": 1229,
                "y": 701
            }
        },
        {
            "user_id": "cecyle",
            "session_id": "cecyle_1480957264479",
            "timestamp": 1480944622391,
            "sequence_id": 1,
            "section_id": "4",
            "activity_id": "2",
            "activity_kind": "dragdrop",
            "data": {
                "kind": "MouseReleased",
                "what": "next_btn",
                "which": "Proportions des phases dans le cycle cellulaire",
                "x": 1229,
                "y": 701
            }
        },
        {
            "user_id": "cecyle",
            "session_id": "cecyle_1480957264479",
            "timestamp": 1480944622768,
            "sequence_id": 1,
            "section_id": "4",
            "activity_id": "2",
            "activity_kind": "dragdrop",
            "data": {
                "kind": "MousePressed",
                "what": "next_btn",
                "which": "Proportions des phases dans le cycle cellulaire",
                "x": 1229,
                "y": 701
            }
        },
        {
            "user_id": "cecyle",
            "session_id": "cecyle_1480957264479",
            "timestamp": 1480944622879,
            "sequence_id": 1,
            "section_id": "4",
            "activity_id": "2",
            "activity_kind": "dragdrop",
            "data": {
                "kind": "Click",
                "what": "next_btn",
                "which": "Proportions des phases dans le cycle cellulaire",
                "x": 1229,
                "y": 701
            }
        },
        {
            "user_id": "cecyle",
            "session_id": "cecyle_1480957264479",
            "timestamp": 1480944622847,
            "sequence_id": 1,
            "section_id": "4",
            "activity_id": "2",
            "activity_kind": "dragdrop",
            "data": {
                "kind": "MouseReleased",
                "what": "next_btn",
                "which": "Proportions des phases dans le cycle cellulaire",
                "x": 1229,
                "y": 701
            }
        },
        {
            "user_id": "cecyle",
            "session_id": "cecyle_1480957264479",
            "timestamp": 1480944625569,
            "sequence_id": 1,
            "section_id": "4",
            "activity_id": "3",
            "activity_kind": "dragdrop",
            "data": {
                "kind": "MousePressed",
                "what": "DD_sticker",
                "which": "0h30",
                "x": 982,
                "y": 296
            }
        },
        {
            "user_id": "cecyle",
            "session_id": "cecyle_1480957264479",
            "timestamp": 1480944626528,
            "sequence_id": 1,
            "section_id": "4",
            "activity_id": "3",
            "activity_kind": "dragdrop",
            "data": {
                "kind": "MouseReleased",
                "what": "DD_sticker",
                "which": "0h30",
                "x": 570,
                "y": 183
            }
        },
        {
            "user_id": "cecyle",
            "session_id": "cecyle_1480957264479",
            "timestamp": 1480944629146,
            "sequence_id": 1,
            "section_id": "4",
            "activity_id": "3",
            "activity_kind": "dragdrop",
            "data": {
                "kind": "MousePressed",
                "what": "DD_sticker",
                "which": "4h45",
                "x": 1148,
                "y": 374
            }
        },
        {
            "user_id": "cecyle",
            "session_id": "cecyle_1480957264479",
            "timestamp": 1480944630210,
            "sequence_id": 1,
            "section_id": "4",
            "activity_id": "3",
            "activity_kind": "dragdrop",
            "data": {
                "kind": "MouseReleased",
                "what": "DD_sticker",
                "which": "4h45",
                "x": 474,
                "y": 542
            }
        },
        {
            "user_id": "cecyle",
            "session_id": "cecyle_1480957264479",
            "timestamp": 1480944631897,
            "sequence_id": 1,
            "section_id": "4",
            "activity_id": "3",
            "activity_kind": "dragdrop",
            "data": {
                "kind": "MousePressed",
                "what": "DD_sticker",
                "which": "4h45",
                "x": 439,
                "y": 538
            }
        },
        {
            "user_id": "cecyle",
            "session_id": "cecyle_1480957264479",
            "timestamp": 1480944633704,
            "sequence_id": 1,
            "section_id": "4",
            "activity_id": "3",
            "activity_kind": "dragdrop",
            "data": {
                "kind": "MouseReleased",
                "what": "DD_sticker",
                "which": "4h45",
                "x": 1129,
                "y": 383
            }
        },
        {
            "user_id": "cecyle",
            "session_id": "cecyle_1480957264479",
            "timestamp": 1480944635147,
            "sequence_id": 1,
            "section_id": "4",
            "activity_id": "3",
            "activity_kind": "dragdrop",
            "data": {
                "kind": "MousePressed",
                "what": "DD_sticker",
                "which": "14h",
                "x": 1221,
                "y": 287
            }
        },
        {
            "user_id": "cecyle",
            "session_id": "cecyle_1480957264479",
            "timestamp": 1480944635792,
            "sequence_id": 1,
            "section_id": "4",
            "activity_id": "3",
            "activity_kind": "dragdrop",
            "data": {
                "kind": "MouseReleased",
                "what": "DD_sticker",
                "which": "14h",
                "x": 854,
                "y": 306
            }
        },
        {
            "user_id": "cecyle",
            "session_id": "cecyle_1480957264479",
            "timestamp": 1480944639400,
            "sequence_id": 1,
            "section_id": "4",
            "activity_id": "3",
            "activity_kind": "dragdrop",
            "data": {
                "kind": "MousePressed",
                "what": "DD_sticker",
                "which": "4h45",
                "x": 1144,
                "y": 377
            }
        },
        {
            "user_id": "cecyle",
            "session_id": "cecyle_1480957264479",
            "timestamp": 1480944640239,
            "sequence_id": 1,
            "section_id": "4",
            "activity_id": "3",
            "activity_kind": "dragdrop",
            "data": {
                "kind": "MouseReleased",
                "what": "DD_sticker",
                "which": "4h45",
                "x": 418,
                "y": 303
            }
        },
        {
            "user_id": "cecyle",
            "session_id": "cecyle_1480957264479",
            "timestamp": 1480944642320,
            "sequence_id": 1,
            "section_id": "4",
            "activity_id": "3",
            "activity_kind": "dragdrop",
            "data": {
                "kind": "MousePressed",
                "what": "next_btn",
                "which": "Proportions et durée des phases dans le cycle cellulaire",
                "x": 1218,
                "y": 681
            }
        },
        {
            "user_id": "cecyle",
            "session_id": "cecyle_1480957264479",
            "timestamp": 1480944642392,
            "sequence_id": 1,
            "section_id": "4",
            "activity_id": "3",
            "activity_kind": "dragdrop",
            "data": {
                "kind": "MouseReleased",
                "what": "next_btn",
                "which": "Proportions et durée des phases dans le cycle cellulaire",
                "x": 1218,
                "y": 681
            }
        },
        {
            "user_id": "cecyle",
            "session_id": "cecyle_1480957264479",
            "timestamp": 1480944642406,
            "sequence_id": 1,
            "section_id": "4",
            "activity_id": "3",
            "activity_kind": "dragdrop",
            "data": {
                "kind": "Click",
                "what": "next_btn",
                "which": "Proportions et durée des phases dans le cycle cellulaire",
                "x": 1218,
                "y": 681
            }
        },
        {
            "user_id": "cecyle",
            "session_id": "cecyle_1480957264479",
            "timestamp": 1480944642896,
            "sequence_id": 1,
            "section_id": "4",
            "activity_id": "3",
            "activity_kind": "dragdrop",
            "data": {
                "kind": "MousePressed",
                "what": "next_btn",
                "which": "Proportions et durée des phases dans le cycle cellulaire",
                "x": 1218,
                "y": 681
            }
        },
        {
            "user_id": "cecyle",
            "session_id": "cecyle_1480957264479",
            "timestamp": 1480944642980,
            "sequence_id": 1,
            "section_id": "4",
            "activity_id": "3",
            "activity_kind": "transition",
            "data": {
                "kind": "Click",
                "what": "next_btn",
                "which": "Proportions et durée des phases dans le cycle cellulaire",
                "x": 1218,
                "y": 681
            }
        },
        {
            "user_id": "cecyle",
            "session_id": "cecyle_1480957264479",
            "timestamp": 1480944642967,
            "sequence_id": 1,
            "section_id": "4",
            "activity_id": "3",
            "activity_kind": "dragdrop",
            "data": {
                "kind": "MouseReleased",
                "what": "next_btn",
                "which": "Proportions et durée des phases dans le cycle cellulaire",
                "x": 1218,
                "y": 681
            }
        },
        {
            "user_id": "cecyle",
            "session_id": "cecyle_1480957264479",
            "timestamp": 1480944644335,
            "sequence_id": 1,
            "section_id": "5",
            "activity_id": "-1",
            "activity_kind": "synthesis",
            "data": {
                "kind": "Click",
                "what": "next_btn",
                "which": "synthesis",
                "x": 1208,
                "y": 691
            }
        },
        {
            "user_id": "cecyle",
            "session_id": "cecyle_1480957264479",
            "timestamp": 1480944645598,
            "sequence_id": 1,
            "section_id": "5",
            "activity_id": "0",
            "activity_kind": "synthesis",
            "data": {
                "kind": "Click",
                "what": "correct_btn",
                "which": "Synthèse",
                "x": 1208,
                "y": 691
            }
        },
        {
            "user_id": "cecyle",
            "session_id": "cecyle_1480957264479",
            "timestamp": 1480944645771,
            "sequence_id": 1,
            "section_id": "5",
            "activity_id": "0",
            "activity_kind": "synthesis",
            "data": {
                "kind": "Click",
                "what": "correct_btn",
                "which": "Synthèse",
                "x": 1208,
                "y": 691
            }
        },
        {
            "user_id": "cecyle",
            "session_id": "cecyle_1480957264479",
            "timestamp": 1480944645939,
            "sequence_id": 1,
            "section_id": "5",
            "activity_id": "0",
            "activity_kind": "synthesis",
            "data": {
                "kind": "Click",
                "what": "correct_btn",
                "which": "Synthèse",
                "x": 1208,
                "y": 691
            }
        },
        {
            "user_id": "cecyle",
            "session_id": "cecyle_1480957264479",
            "timestamp": 1480944646552,
            "sequence_id": 1,
            "section_id": "5",
            "activity_id": "0",
            "activity_kind": "synthesis",
            "data": {
                "kind": "Click",
                "what": "end_btn",
                "which": "Synthèse",
                "x": 1208,
                "y": 691
            }
        },
        {
            "user_id": "cecyle",
            "session_id": "cecyle_1480957264479",
            "timestamp": 1480944649992,
            "sequence_id": 1,
            "section_id": 5,
            "activity_id": 0,
            "activity_kind": "synthesis",
            "data": {
                "kind": "EndSession",
                "note": [
                    " ",
                    "",
                    "",
                    "",
                    "",
                    "",
                    "",
                    "",
                    "",
                    "",
                    "",
                    "",
                    "",
                    "",
                    "",
                    "",
                    "",
                    "",
                    "",
                    ""
                ],
                "score": 186666.6666666667
            }
        },
        {
            "user_id": "cecyle",
            "session_id": "cecyle_1480957264479",
            "timestamp": 1480944649996,
            "sequence_id": 1,
            "section_id": "5",
            "activity_id": "0",
            "activity_kind": "synthesis",
            "data": {
                "kind": "Click",
                "what": "end_btn",
                "which": "Synthèse",
                "x": 1214,
                "y": 696
            }
        }
    ]
}