{
    "inputs": [
        {
            "user_id": "Cecyle",
            "session_id": "Cecyle_1480957333845",
            "timestamp": 1480944806837,
            "sequence_id": 2,
            "section_id": 0,
            "activity_id": 0,
            "activity_kind": "dragdrop",
            "data": {
                "kind": "Input",
                "user_input": [
                    {
                        "slot": 0,
                        "stickers": []
                    },
                    {
                        "slot": 1,
                        "stickers": [
                            "2"
                        ]
                    },
                    {
                        "slot": 2,
                        "stickers": [
                            "1"
                        ]
                    },
                    {
                        "slot": 3,
                        "stickers": []
                    },
                    {
                        "slot": 4,
                        "stickers": [
                            "0"
                        ]
                    },
                    {
                        "slot": 5,
                        "stickers": [
                            "3"
                        ]
                    },
                    {
                        "slot": 6,
                        "stickers": []
                    },
                    {
                        "slot": 7,
                        "stickers": []
                    }
                ]
            }
        },
        {
            "user_id": "Cecyle",
            "session_id": "Cecyle_1480957333845",
            "timestamp": 1480944869139,
            "sequence_id": 2,
            "section_id": 0,
            "activity_id": 1,
            "activity_kind": "dragdrop",
            "data": {
                "kind": "Input",
                "user_input": [
                    {
                        "slot": 0,
                        "stickers": [
                            "0"
                        ]
                    },
                    {
                        "slot": 1,
                        "stickers": [
                            "3"
                        ]
                    },
                    {
                        "slot": 2,
                        "stickers": [
                            "2",
                            "1"
                        ]
                    }
                ]
            }
        },
        {
            "user_id": "Cecyle",
            "session_id": "Cecyle_1480957333845",
            "timestamp": 1480944937578,
            "sequence_id": 2,
            "section_id": 1,
            "activity_id": 0,
            "activity_kind": "dragdrop",
            "data": {
                "kind": "Input",
                "user_input": [
                    {
                        "slot": 0,
                        "stickers": []
                    },
                    {
                        "slot": 1,
                        "stickers": []
                    },
                    {
                        "slot": 2,
                        "stickers": []
                    },
                    {
                        "slot": 3,
                        "stickers": [
                            "0"
                        ]
                    }
                ]
            }
        },
        {
            "user_id": "Cecyle",
            "session_id": "Cecyle_1480957333845",
            "timestamp": 1480945064893,
            "sequence_id": 2,
            "section_id": 1,
            "activity_id": 1,
            "activity_kind": "curvetest",
            "data": {
                "kind": "Input",
                "user_input": [
                    0.517948717948718,
                    0.7589743589743589,
                    1,
                    1,
                    1,
                    1,
                    0.9948717948717949
                ]
            }
        },
        {
            "user_id": "Cecyle",
            "session_id": "Cecyle_1480957333845",
            "timestamp": 1480945331187,
            "sequence_id": 2,
            "section_id": 2,
            "activity_id": 0,
            "activity_kind": "planif",
            "data": {
                "kind": "Input",
                "user_input": {
                    "protocol": [
                        "-36",
                        "72",
                        "12"
                    ],
                    "temoincheck": true,
                    "culture": [
                        {
                            "condition": "- sérum",
                            "time": "0"
                        }
                    ],
                    "temoin": [
                        {
                            "condition": "+ sérum",
                            "time": "0"
                        }
                    ]
                }
            }
        },
        {
            "user_id": "Cecyle",
            "session_id": "Cecyle_1480957333845",
            "timestamp": 1480945484931,
            "sequence_id": 2,
            "section_id": 2,
            "activity_id": 1,
            "activity_kind": "dragdrop",
            "data": {
                "kind": "Input",
                "user_input": [
                    {
                        "slot": 0,
                        "stickers": [
                            "11"
                        ]
                    }
                ]
            }
        },
        {
            "user_id": "Cecyle",
            "session_id": "Cecyle_1480957333845",
            "timestamp": 1480945525764,
            "sequence_id": 2,
            "section_id": 2,
            "activity_id": 1,
            "activity_kind": "dragdrop",
            "data": {
                "kind": "Input",
                "user_input": [
                    {
                        "slot": 0,
                        "stickers": [
                            "8"
                        ]
                    }
                ]
            }
        },
        {
            "user_id": "Cecyle",
            "session_id": "Cecyle_1480957333845",
            "timestamp": 1480946089258,
            "sequence_id": 2,
            "section_id": 2,
            "activity_id": 5,
            "activity_kind": "doublepipette",
            "data": {
                "kind": "Input",
                "user_input": [
                    3,
                    0.005,
                    18,
                    3,
                    0.1,
                    21
                ]
            }
        },
        {
            "user_id": "Cecyle",
            "session_id": "Cecyle_1480957333845",
            "timestamp": 1480946236137,
            "sequence_id": 2,
            "section_id": 4,
            "activity_id": 0,
            "activity_kind": "dragdrop",
            "data": {
                "kind": "Input",
                "user_input": [
                    {
                        "slot": 0,
                        "stickers": [
                            "0"
                        ]
                    },
                    {
                        "slot": 1,
                        "stickers": [
                            "2"
                        ]
                    },
                    {
                        "slot": 2,
                        "stickers": [
                            "3"
                        ]
                    },
                    {
                        "slot": 3,
                        "stickers": [
                            "3"
                        ]
                    },
                    {
                        "slot": 4,
                        "stickers": [
                            "4"
                        ]
                    }
                ]
            }
        },
        {
            "user_id": "Cecyle",
            "session_id": "Cecyle_1480957333845",
            "timestamp": 1480946266167,
            "sequence_id": 2,
            "section_id": 4,
            "activity_id": 0,
            "activity_kind": "dragdrop",
            "data": {
                "kind": "Input",
                "user_input": [
                    {
                        "slot": 0,
                        "stickers": [
                            "0"
                        ]
                    },
                    {
                        "slot": 1,
                        "stickers": [
                            "1"
                        ]
                    },
                    {
                        "slot": 2,
                        "stickers": [
                            "2"
                        ]
                    },
                    {
                        "slot": 3,
                        "stickers": [
                            "3"
                        ]
                    },
                    {
                        "slot": 4,
                        "stickers": [
                            "4"
                        ]
                    }
                ]
            }
        },
        {
            "user_id": "Cecyle",
            "session_id": "Cecyle_1480957333845",
            "timestamp": 1480946326591,
            "sequence_id": 2,
            "section_id": 4,
            "activity_id": 1,
            "activity_kind": "dragdrop",
            "data": {
                "kind": "Input",
                "user_input": [
                    {
                        "slot": 0,
                        "stickers": []
                    },
                    {
                        "slot": 1,
                        "stickers": []
                    },
                    {
                        "slot": 2,
                        "stickers": []
                    },
                    {
                        "slot": 3,
                        "stickers": [
                            "0"
                        ]
                    }
                ]
            }
        },
        {
            "user_id": "Cecyle",
            "session_id": "Cecyle_1480957333845",
            "timestamp": 1480946374783,
            "sequence_id": 2,
            "section_id": 4,
            "activity_id": 2,
            "activity_kind": "curvestar",
            "data": {
                "kind": "Input",
                "user_input": [
                    0.517948717948718,
                    0.7589743589743589,
                    1,
                    1,
                    1,
                    1,
                    0.9948717948717949
                ]
            }
        },
        {
            "user_id": "Cecyle",
            "session_id": "Cecyle_1480957333845",
            "timestamp": 1480946384124,
            "sequence_id": 2,
            "section_id": 4,
            "activity_id": 2,
            "activity_kind": "curvestar",
            "data": {
                "kind": "Input",
                "user_input": [
                    0.576923076923077,
                    0.7589743589743589,
                    1,
                    1,
                    1,
                    1,
                    0.9948717948717949
                ]
            }
        },
        {
            "user_id": "Cecyle",
            "session_id": "Cecyle_1480957333845",
            "timestamp": 1480946386493,
            "sequence_id": 2,
            "section_id": 4,
            "activity_id": 2,
            "activity_kind": "curvestar",
            "data": {
                "kind": "Input",
                "user_input": [
                    0.576923076923077,
                    0.6,
                    1,
                    1,
                    1,
                    1,
                    0.9948717948717949
                ]
            }
        },
        {
            "user_id": "Cecyle",
            "session_id": "Cecyle_1480957333845",
            "timestamp": 1480946391124,
            "sequence_id": 2,
            "section_id": 4,
            "activity_id": 2,
            "activity_kind": "curvestar",
            "data": {
                "kind": "Input",
                "user_input": [
                    0.576923076923077,
                    0.6,
                    0.8615384615384616,
                    1,
                    1,
                    1,
                    0.9948717948717949
                ]
            }
        },
        {
            "user_id": "Cecyle",
            "session_id": "Cecyle_1480957333845",
            "timestamp": 1480946395445,
            "sequence_id": 2,
            "section_id": 4,
            "activity_id": 2,
            "activity_kind": "curvestar",
            "data": {
                "kind": "Input",
                "user_input": [
                    0.576923076923077,
                    0.6,
                    0.8615384615384616,
                    0.9256410256410257,
                    1,
                    1,
                    0.9948717948717949
                ]
            }
        },
        {
            "user_id": "Cecyle",
            "session_id": "Cecyle_1480957333845",
            "timestamp": 1480946397388,
            "sequence_id": 2,
            "section_id": 4,
            "activity_id": 2,
            "activity_kind": "curvestar",
            "data": {
                "kind": "Input",
                "user_input": [
                    0.576923076923077,
                    0.6,
                    0.8615384615384616,
                    0.9256410256410257,
                    0.9564102564102565,
                    1,
                    0.9948717948717949
                ]
            }
        },
        {
            "user_id": "Cecyle",
            "session_id": "Cecyle_1480957333845",
            "timestamp": 1480946399277,
            "sequence_id": 2,
            "section_id": 4,
            "activity_id": 2,
            "activity_kind": "curvestar",
            "data": {
                "kind": "Input",
                "user_input": [
                    0.576923076923077,
                    0.6,
                    0.8615384615384616,
                    0.9256410256410257,
                    0.9564102564102565,
                    0.958974358974359,
                    0.9948717948717949
                ]
            }
        },
        {
            "user_id": "Cecyle",
            "session_id": "Cecyle_1480957333845",
            "timestamp": 1480946400980,
            "sequence_id": 2,
            "section_id": 4,
            "activity_id": 2,
            "activity_kind": "curvestar",
            "data": {
                "kind": "Input",
                "user_input": [
                    0.576923076923077,
                    0.6,
                    0.8615384615384616,
                    0.9256410256410257,
                    0.9564102564102565,
                    0.9846153846153847,
                    0.9948717948717949
                ]
            }
        },
        {
            "user_id": "Cecyle",
            "session_id": "Cecyle_1480957333845",
            "timestamp": 1480946402940,
            "sequence_id": 2,
            "section_id": 4,
            "activity_id": 2,
            "activity_kind": "curvestar",
            "data": {
                "kind": "Input",
                "user_input": [
                    0.576923076923077,
                    0.6,
                    0.8615384615384616,
                    0.9256410256410257,
                    0.9564102564102565,
                    0.9923076923076923,
                    0.9948717948717949
                ]
            }
        },
        {
            "user_id": "Cecyle",
            "session_id": "Cecyle_1480957333845",
            "timestamp": 1480946404428,
            "sequence_id": 2,
            "section_id": 4,
            "activity_id": 2,
            "activity_kind": "curvestar",
            "data": {
                "kind": "Input",
                "user_input": [
                    0.576923076923077,
                    0.6,
                    0.8615384615384616,
                    0.9256410256410257,
                    0.9564102564102565,
                    1,
                    0.9948717948717949
                ]
            }
        },
        {
            "user_id": "Cecyle",
            "session_id": "Cecyle_1480957333845",
            "timestamp": 1480946406260,
            "sequence_id": 2,
            "section_id": 4,
            "activity_id": 2,
            "activity_kind": "curvestar",
            "data": {
                "kind": "Input",
                "user_input": [
                    0.576923076923077,
                    0.6,
                    0.8615384615384616,
                    0.9256410256410257,
                    0.9692307692307692,
                    1,
                    0.9948717948717949
                ]
            }
        },
        {
            "user_id": "Cecyle",
            "session_id": "Cecyle_1480957333845",
            "timestamp": 1480946407844,
            "sequence_id": 2,
            "section_id": 4,
            "activity_id": 2,
            "activity_kind": "curvestar",
            "data": {
                "kind": "Input",
                "user_input": [
                    0.576923076923077,
                    0.6,
                    0.8615384615384616,
                    0.9256410256410257,
                    0.9512820512820512,
                    1,
                    0.9948717948717949
                ]
            }
        },
        {
            "user_id": "Cecyle",
            "session_id": "Cecyle_1480957333845",
            "timestamp": 1480946410068,
            "sequence_id": 2,
            "section_id": 4,
            "activity_id": 2,
            "activity_kind": "curvestar",
            "data": {
                "kind": "Input",
                "user_input": [
                    0.576923076923077,
                    0.6,
                    0.8615384615384616,
                    0.9230769230769231,
                    0.9512820512820512,
                    1,
                    0.9948717948717949
                ]
            }
        },
        {
            "user_id": "Cecyle",
            "session_id": "Cecyle_1480957333845",
            "timestamp": 1480946411020,
            "sequence_id": 2,
            "section_id": 4,
            "activity_id": 2,
            "activity_kind": "curvestar",
            "data": {
                "kind": "Input",
                "user_input": [
                    0.576923076923077,
                    0.6,
                    0.8615384615384616,
                    0.9461538461538461,
                    0.9512820512820512,
                    1,
                    0.9948717948717949
                ]
            }
        },
        {
            "user_id": "Cecyle",
            "session_id": "Cecyle_1480957333845",
            "timestamp": 1480946412112,
            "sequence_id": 2,
            "section_id": 4,
            "activity_id": 2,
            "activity_kind": "curvestar",
            "data": {
                "kind": "Input",
                "user_input": [
                    0.576923076923077,
                    0.6,
                    0.8615384615384616,
                    1,
                    0.9512820512820512,
                    1,
                    0.9948717948717949
                ]
            }
        },
        {
            "user_id": "Cecyle",
            "session_id": "Cecyle_1480957333845",
            "timestamp": 1480946413340,
            "sequence_id": 2,
            "section_id": 4,
            "activity_id": 2,
            "activity_kind": "curvestar",
            "data": {
                "kind": "Input",
                "user_input": [
                    0.576923076923077,
                    0.6,
                    0.8615384615384616,
                    1,
                    1,
                    1,
                    0.9948717948717949
                ]
            }
        },
        {
            "user_id": "Cecyle",
            "session_id": "Cecyle_1480957333845",
            "timestamp": 1480946423636,
            "sequence_id": 2,
            "section_id": 4,
            "activity_id": 2,
            "activity_kind": "curvestar",
            "data": {
                "kind": "Input",
                "user_input": [
                    0.576923076923077,
                    0.6,
                    0.8615384615384616,
                    1,
                    0.8769230769230769,
                    1,
                    0.9948717948717949
                ]
            }
        },
        {
            "user_id": "Cecyle",
            "session_id": "Cecyle_1480957333845",
            "timestamp": 1480946424980,
            "sequence_id": 2,
            "section_id": 4,
            "activity_id": 2,
            "activity_kind": "curvestar",
            "data": {
                "kind": "Input",
                "user_input": [
                    0.576923076923077,
                    0.6,
                    0.8615384615384616,
                    1,
                    0.8769230769230769,
                    1,
                    0.9948717948717949
                ]
            }
        },
        {
            "user_id": "Cecyle",
            "session_id": "Cecyle_1480957333845",
            "timestamp": 1480946430988,
            "sequence_id": 2,
            "section_id": 4,
            "activity_id": 2,
            "activity_kind": "curvestar",
            "data": {
                "kind": "Input",
                "user_input": [
                    0.576923076923077,
                    0.6,
                    0.6,
                    1,
                    0.8769230769230769,
                    1,
                    0.9948717948717949
                ]
            }
        },
        {
            "user_id": "Cecyle",
            "session_id": "Cecyle_1480957333845",
            "timestamp": 1480946436788,
            "sequence_id": 2,
            "section_id": 4,
            "activity_id": 2,
            "activity_kind": "curvestar",
            "data": {
                "kind": "Input",
                "user_input": [
                    0.576923076923077,
                    0.6,
                    0.6,
                    0.7333333333333333,
                    0.8769230769230769,
                    1,
                    0.9948717948717949
                ]
            }
        },
        {
            "user_id": "Cecyle",
            "session_id": "Cecyle_1480957333845",
            "timestamp": 1480946562180,
            "sequence_id": 2,
            "section_id": 5,
            "activity_id": 0,
            "activity_kind": "synthesis",
            "data": {
                "kind": "Input",
                "user_input": [
                    "prolifération",
                    "facteurs de croissance",
                    "le point de restriction",
                    "G1",
                    "synchronisées",
                    "G0"
                ]
            }
        }
    ]
}