{
    "inputs": [
        {
            "user_id": "champo_02",
            "session_id": "champo_02_1463141814494",
            "timestamp": 1463141997070,
            "sequence_id": 1,
            "section_id": 0,
            "activity_id": 0,
            "activity_kind": "dragdrop",
            "data": {
                "kind": "Input",
                "user_input": [
                    {
                        "slot": 0,
                        "stickers": [
                            "0"
                        ]
                    },
                    {
                        "slot": 1,
                        "stickers": [
                            "1"
                        ]
                    },
                    {
                        "slot": 2,
                        "stickers": [
                            "3"
                        ]
                    },
                    {
                        "slot": 3,
                        "stickers": [
                            "2"
                        ]
                    },
                    {
                        "slot": 4,
                        "stickers": [
                            "8"
                        ]
                    },
                    {
                        "slot": 5,
                        "stickers": [
                            "10"
                        ]
                    },
                    {
                        "slot": 6,
                        "stickers": [
                            "12"
                        ]
                    },
                    {
                        "slot": 7,
                        "stickers": [
                            "11"
                        ]
                    },
                    {
                        "slot": 8,
                        "stickers": [
                            "9"
                        ]
                    }
                ]
            }
        },
        {
            "user_id": "champo_02",
            "session_id": "champo_02_1463141814494",
            "timestamp": 1463142177887,
            "sequence_id": 1,
            "section_id": 0,
            "activity_id": 0,
            "activity_kind": "dragdrop",
            "data": {
                "kind": "Input",
                "user_input": [
                    {
                        "slot": 0,
                        "stickers": [
                            "0"
                        ]
                    },
                    {
                        "slot": 1,
                        "stickers": [
                            "1"
                        ]
                    },
                    {
                        "slot": 2,
                        "stickers": [
                            "2"
                        ]
                    },
                    {
                        "slot": 3,
                        "stickers": [
                            "3"
                        ]
                    },
                    {
                        "slot": 4,
                        "stickers": [
                            "4"
                        ]
                    },
                    {
                        "slot": 5,
                        "stickers": [
                            "9"
                        ]
                    },
                    {
                        "slot": 6,
                        "stickers": [
                            "12"
                        ]
                    },
                    {
                        "slot": 7,
                        "stickers": [
                            "10"
                        ]
                    },
                    {
                        "slot": 8,
                        "stickers": [
                            "11"
                        ]
                    }
                ]
            }
        },
        {
            "user_id": "champo_02",
            "session_id": "champo_02_1463141814494",
            "timestamp": 1463142473715,
            "sequence_id": 1,
            "section_id": 1,
            "activity_id": 0,
            "activity_kind": "dragdrop",
            "data": {
                "kind": "Input",
                "user_input": [
                    {
                        "slot": 0,
                        "stickers": [
                            "4"
                        ]
                    },
                    {
                        "slot": 1,
                        "stickers": [
                            "0"
                        ]
                    },
                    {
                        "slot": 2,
                        "stickers": [
                            "2"
                        ]
                    },
                    {
                        "slot": 3,
                        "stickers": [
                            "1"
                        ]
                    }
                ]
            }
        },
        {
            "user_id": "champo_02",
            "session_id": "champo_02_1463141814494",
            "timestamp": 1463142729539,
            "sequence_id": 1,
            "section_id": 1,
            "activity_id": 1,
            "activity_kind": "curvetest",
            "data": {
                "kind": "Input",
                "user_input": [
                    933.6734693877551,
                    1132.6530612244899,
                    2005.1020408163265,
                    3000,
                    4025.5102040816328,
                    4010.204081632653
                ]
            }
        },
        {
            "user_id": "champo_02",
            "session_id": "champo_02_1463141814494",
            "timestamp": 1463142928914,
            "sequence_id": 1,
            "section_id": 2,
            "activity_id": 2,
            "activity_kind": "counttest",
            "data": {
                "kind": "Input",
                "user_input": [
                    12,
                    8,
                    0,
                    0
                ]
            }
        },
        {
            "user_id": "champo_02",
            "session_id": "champo_02_1463141814494",
            "timestamp": 1463142970834,
            "sequence_id": 1,
            "section_id": 2,
            "activity_id": 2,
            "activity_kind": "counttest",
            "data": {
                "kind": "Input",
                "user_input": [
                    12,
                    8,
                    13,
                    12
                ]
            }
        },
        {
            "user_id": "champo_02",
            "session_id": "champo_02_1463141814494",
            "timestamp": 1463143358565,
            "sequence_id": 1,
            "section_id": 2,
            "activity_id": 3,
            "activity_kind": "input",
            "data": {
                "kind": "Input",
                "user_input": "4600000"
            }
        },
        {
            "user_id": "champo_02",
            "session_id": "champo_02_1463141814494",
            "timestamp": 1463143388127,
            "sequence_id": 1,
            "section_id": 2,
            "activity_id": 3,
            "activity_kind": "input",
            "data": {
                "kind": "Input",
                "user_input": "1150000"
            }
        },
        {
            "user_id": "champo_02",
            "session_id": "champo_02_1463141814494",
            "timestamp": 1463144522025,
            "sequence_id": 1,
            "section_id": 2,
            "activity_id": 5,
            "activity_kind": "pipette",
            "data": {
                "kind": "Input",
                "user_input": [
                    199682,
                    3,
                    0.1,
                    33
                ]
            }
        },
        {
            "user_id": "champo_02",
            "session_id": "champo_02_1463141814494",
            "timestamp": 1463144639573,
            "sequence_id": 1,
            "section_id": 4,
            "activity_id": 0,
            "activity_kind": "dragdrop",
            "data": {
                "kind": "Input",
                "user_input": [
                    {
                        "slot": 0,
                        "stickers": [
                            "4"
                        ]
                    },
                    {
                        "slot": 1,
                        "stickers": [
                            "0"
                        ]
                    },
                    {
                        "slot": 2,
                        "stickers": [
                            "2"
                        ]
                    },
                    {
                        "slot": 3,
                        "stickers": [
                            "1"
                        ]
                    },
                    {
                        "slot": 4,
                        "stickers": [
                            "3"
                        ]
                    },
                    {
                        "slot": 5,
                        "stickers": [
                            "5"
                        ]
                    }
                ]
            }
        },
        {
            "user_id": "champo_02",
            "session_id": "champo_02_1463141814494",
            "timestamp": 1463144658438,
            "sequence_id": 1,
            "section_id": 4,
            "activity_id": 0,
            "activity_kind": "dragdrop",
            "data": {
                "kind": "Input",
                "user_input": [
                    {
                        "slot": 0,
                        "stickers": [
                            "4"
                        ]
                    },
                    {
                        "slot": 1,
                        "stickers": [
                            "0"
                        ]
                    },
                    {
                        "slot": 2,
                        "stickers": [
                            "1"
                        ]
                    },
                    {
                        "slot": 3,
                        "stickers": [
                            "2"
                        ]
                    },
                    {
                        "slot": 4,
                        "stickers": [
                            "3"
                        ]
                    },
                    {
                        "slot": 5,
                        "stickers": [
                            "5"
                        ]
                    }
                ]
            }
        },
        {
            "user_id": "champo_02",
            "session_id": "champo_02_1463141814494",
            "timestamp": 1463144681800,
            "sequence_id": 1,
            "section_id": 4,
            "activity_id": 1,
            "activity_kind": "curvestar",
            "data": {
                "kind": "Input",
                "user_input": [
                    933.6734693877551,
                    1132.6530612244899,
                    2005.1020408163265,
                    3000,
                    4025.5102040816328,
                    4010.204081632653
                ]
            }
        },
        {
            "user_id": "champo_02",
            "session_id": "champo_02_1463141814494",
            "timestamp": 1463144697484,
            "sequence_id": 1,
            "section_id": 4,
            "activity_id": 1,
            "activity_kind": "curvestar",
            "data": {
                "kind": "Input",
                "user_input": [
                    933.6734693877551,
                    1132.6530612244899,
                    2005.1020408163265,
                    3000,
                    4285.714285714285,
                    4010.204081632653
                ]
            }
        },
        {
            "user_id": "champo_02",
            "session_id": "champo_02_1463141814494",
            "timestamp": 1463144700446,
            "sequence_id": 1,
            "section_id": 4,
            "activity_id": 1,
            "activity_kind": "curvestar",
            "data": {
                "kind": "Input",
                "user_input": [
                    933.6734693877551,
                    1132.6530612244899,
                    2005.1020408163265,
                    3000,
                    4285.714285714285,
                    4576.530612244898
                ]
            }
        },
        {
            "user_id": "champo_02",
            "session_id": "champo_02_1463141814494",
            "timestamp": 1463144703237,
            "sequence_id": 1,
            "section_id": 4,
            "activity_id": 1,
            "activity_kind": "curvestar",
            "data": {
                "kind": "Input",
                "user_input": [
                    933.6734693877551,
                    1132.6530612244899,
                    2005.1020408163265,
                    3000,
                    4913.265306122449,
                    4576.530612244898
                ]
            }
        },
        {
            "user_id": "champo_02",
            "session_id": "champo_02_1463141814494",
            "timestamp": 1463144706118,
            "sequence_id": 1,
            "section_id": 4,
            "activity_id": 1,
            "activity_kind": "curvestar",
            "data": {
                "kind": "Input",
                "user_input": [
                    933.6734693877551,
                    1132.6530612244899,
                    2005.1020408163265,
                    3000,
                    4913.265306122449,
                    5020.408163265306
                ]
            }
        },
        {
            "user_id": "champo_02",
            "session_id": "champo_02_1463141814494",
            "timestamp": 1463144708528,
            "sequence_id": 1,
            "section_id": 4,
            "activity_id": 1,
            "activity_kind": "curvestar",
            "data": {
                "kind": "Input",
                "user_input": [
                    933.6734693877551,
                    1132.6530612244899,
                    2005.1020408163265,
                    3000,
                    5005.102040816327,
                    5020.408163265306
                ]
            }
        },
        {
            "user_id": "champo_02",
            "session_id": "champo_02_1463141814494",
            "timestamp": 1463144710125,
            "sequence_id": 1,
            "section_id": 4,
            "activity_id": 1,
            "activity_kind": "curvestar",
            "data": {
                "kind": "Input",
                "user_input": [
                    933.6734693877551,
                    1132.6530612244899,
                    2005.1020408163265,
                    3000,
                    5005.102040816327,
                    5142.857142857143
                ]
            }
        },
        {
            "user_id": "champo_02",
            "session_id": "champo_02_1463141814494",
            "timestamp": 1463144711550,
            "sequence_id": 1,
            "section_id": 4,
            "activity_id": 1,
            "activity_kind": "curvestar",
            "data": {
                "kind": "Input",
                "user_input": [
                    933.6734693877551,
                    1132.6530612244899,
                    2005.1020408163265,
                    3000,
                    5005.102040816327,
                    5051.0204081632655
                ]
            }
        },
        {
            "user_id": "champo_02",
            "session_id": "champo_02_1463141814494",
            "timestamp": 1463144713253,
            "sequence_id": 1,
            "section_id": 4,
            "activity_id": 1,
            "activity_kind": "curvestar",
            "data": {
                "kind": "Input",
                "user_input": [
                    933.6734693877551,
                    1132.6530612244899,
                    2005.1020408163265,
                    3183.673469387755,
                    5005.102040816327,
                    5051.0204081632655
                ]
            }
        },
        {
            "user_id": "champo_02",
            "session_id": "champo_02_1463141814494",
            "timestamp": 1463144714926,
            "sequence_id": 1,
            "section_id": 4,
            "activity_id": 1,
            "activity_kind": "curvestar",
            "data": {
                "kind": "Input",
                "user_input": [
                    933.6734693877551,
                    1132.6530612244899,
                    2005.1020408163265,
                    3306.122448979592,
                    5005.102040816327,
                    5051.0204081632655
                ]
            }
        },
        {
            "user_id": "champo_02",
            "session_id": "champo_02_1463141814494",
            "timestamp": 1463144716830,
            "sequence_id": 1,
            "section_id": 4,
            "activity_id": 1,
            "activity_kind": "curvestar",
            "data": {
                "kind": "Input",
                "user_input": [
                    933.6734693877551,
                    1132.6530612244899,
                    2005.1020408163265,
                    3367.3469387755104,
                    5005.102040816327,
                    5051.0204081632655
                ]
            }
        },
        {
            "user_id": "champo_02",
            "session_id": "champo_02_1463141814494",
            "timestamp": 1463144775616,
            "sequence_id": 1,
            "section_id": 4,
            "activity_id": 2,
            "activity_kind": "dragdrop",
            "data": {
                "kind": "Input",
                "user_input": [
                    {
                        "slot": 0,
                        "stickers": [
                            "3"
                        ]
                    },
                    {
                        "slot": 1,
                        "stickers": [
                            "4"
                        ]
                    },
                    {
                        "slot": 2,
                        "stickers": [
                            "2"
                        ]
                    }
                ]
            }
        },
        {
            "user_id": "champo_02",
            "session_id": "champo_02_1463141814494",
            "timestamp": 1463144778883,
            "sequence_id": 1,
            "section_id": 4,
            "activity_id": 3,
            "activity_kind": "dragdrop",
            "data": {
                "kind": "Input",
                "user_input": [
                    {
                        "slot": 0,
                        "stickers": [
                            "4"
                        ]
                    },
                    {
                        "slot": 1,
                        "stickers": [
                            "0"
                        ]
                    },
                    {
                        "slot": 2,
                        "stickers": [
                            "2"
                        ]
                    },
                    {
                        "slot": 3,
                        "stickers": [
                            "1"
                        ]
                    }
                ]
            }
        },
        {
            "user_id": "champo_02",
            "session_id": "champo_02_1463141814494",
            "timestamp": 1463144836074,
            "sequence_id": 1,
            "section_id": 4,
            "activity_id": 3,
            "activity_kind": "dragdrop",
            "data": {
                "kind": "Input",
                "user_input": [
                    {
                        "slot": 0,
                        "stickers": [
                            "4"
                        ]
                    },
                    {
                        "slot": 1,
                        "stickers": [
                            "0"
                        ]
                    },
                    {
                        "slot": 2,
                        "stickers": [
                            "2"
                        ]
                    },
                    {
                        "slot": 3,
                        "stickers": [
                            "1"
                        ]
                    }
                ]
            }
        },
        {
            "user_id": "champo_02",
            "session_id": "champo_02_1463141814494",
            "timestamp": 1463144836101,
            "sequence_id": 1,
            "section_id": 4,
            "activity_id": 3,
            "activity_kind": "dragdrop",
            "data": {
                "kind": "Input",
                "user_input": [
                    {
                        "slot": 0,
                        "stickers": [
                            "4"
                        ]
                    },
                    {
                        "slot": 1,
                        "stickers": [
                            "2"
                        ]
                    },
                    {
                        "slot": 2,
                        "stickers": []
                    },
                    {
                        "slot": 3,
                        "stickers": [
                            "1"
                        ]
                    }
                ]
            }
        },
        {
            "user_id": "champo_02",
            "session_id": "champo_02_1463141814494",
            "timestamp": 1463144840823,
            "sequence_id": 1,
            "section_id": 4,
            "activity_id": 3,
            "activity_kind": "dragdrop",
            "data": {
                "kind": "Input",
                "user_input": [
                    {
                        "slot": 0,
                        "stickers": [
                            "4"
                        ]
                    },
                    {
                        "slot": 1,
                        "stickers": [
                            "2"
                        ]
                    },
                    {
                        "slot": 2,
                        "stickers": []
                    },
                    {
                        "slot": 3,
                        "stickers": [
                            "1"
                        ]
                    }
                ]
            }
        },
        {
            "user_id": "champo_02",
            "session_id": "champo_02_1463141814494",
            "timestamp": 1463144840844,
            "sequence_id": 1,
            "section_id": 4,
            "activity_id": 3,
            "activity_kind": "dragdrop",
            "data": {
                "kind": "Input",
                "user_input": [
                    {
                        "slot": 0,
                        "stickers": [
                            "4"
                        ]
                    },
                    {
                        "slot": 1,
                        "stickers": [
                            "2"
                        ]
                    },
                    {
                        "slot": 2,
                        "stickers": [
                            "2"
                        ]
                    },
                    {
                        "slot": 3,
                        "stickers": [
                            "1"
                        ]
                    }
                ]
            }
        },
        {
            "user_id": "champo_02",
            "session_id": "champo_02_1463141814494",
            "timestamp": 1463144853511,
            "sequence_id": 1,
            "section_id": 4,
            "activity_id": 3,
            "activity_kind": "dragdrop",
            "data": {
                "kind": "Input",
                "user_input": [
                    {
                        "slot": 0,
                        "stickers": [
                            "4"
                        ]
                    },
                    {
                        "slot": 1,
                        "stickers": [
                            "2"
                        ]
                    },
                    {
                        "slot": 2,
                        "stickers": [
                            "2"
                        ]
                    },
                    {
                        "slot": 3,
                        "stickers": [
                            "1"
                        ]
                    }
                ]
            }
        },
        {
            "user_id": "champo_02",
            "session_id": "champo_02_1463141814494",
            "timestamp": 1463144853532,
            "sequence_id": 1,
            "section_id": 4,
            "activity_id": 3,
            "activity_kind": "dragdrop",
            "data": {
                "kind": "Input",
                "user_input": [
                    {
                        "slot": 0,
                        "stickers": [
                            "4"
                        ]
                    },
                    {
                        "slot": 1,
                        "stickers": [
                            "2"
                        ]
                    },
                    {
                        "slot": 2,
                        "stickers": [
                            "2"
                        ]
                    },
                    {
                        "slot": 3,
                        "stickers": [
                            "0"
                        ]
                    }
                ]
            }
        },
        {
            "user_id": "champo_02",
            "session_id": "champo_02_1463141814494",
            "timestamp": 1463144983612,
            "sequence_id": 1,
            "section_id": 5,
            "activity_id": 0,
            "activity_kind": "synthesis",
            "data": {
                "kind": "Input",
                "user_input": [
                    "latence",
                    "exponentielle",
                    "la courbe de croissance",
                    "une phase stationnaire",
                    "l'inhibition de contact",
                    "asynchrone",
                    "le profil de cytométrie de flux",
                    "G1",
                    "désordonnées",
                    "G1, S, G2, M"
                ]
            }
        },
        {
            "user_id": "champo_02",
            "session_id": "champo_02_1463141814494",
            "timestamp": 1463144992875,
            "sequence_id": 1,
            "section_id": 5,
            "activity_id": 0,
            "activity_kind": "synthesis",
            "data": {
                "kind": "Input",
                "user_input": [
                    "latence",
                    "exponentielle",
                    "la courbe de croissance",
                    "une phase stationnaire",
                    "l'inhibition de contact",
                    "asynchrone",
                    "le profil de cytométrie de flux",
                    "G1",
                    "ordonnées",
                    "G1, S, G2, M"
                ]
            }
        }
    ]
}