{
    "inputs": [
        {
            "user_id": "champo_14",
            "session_id": "champo_14_1463145644262",
            "timestamp": 1463145694092,
            "sequence_id": 2,
            "section_id": 0,
            "activity_id": 0,
            "activity_kind": "dragdrop",
            "data": {
                "kind": "Input",
                "user_input": [
                    {
                        "slot": 0,
                        "stickers": []
                    },
                    {
                        "slot": 1,
                        "stickers": []
                    },
                    {
                        "slot": 2,
                        "stickers": [
                            "1"
                        ]
                    },
                    {
                        "slot": 3,
                        "stickers": [
                            "6"
                        ]
                    },
                    {
                        "slot": 4,
                        "stickers": [
                            "0"
                        ]
                    },
                    {
                        "slot": 5,
                        "stickers": [
                            "3"
                        ]
                    },
                    {
                        "slot": 6,
                        "stickers": []
                    },
                    {
                        "slot": 7,
                        "stickers": [
                            "2"
                        ]
                    }
                ]
            }
        },
        {
            "user_id": "champo_14",
            "session_id": "champo_14_1463145644262",
            "timestamp": 1463145734611,
            "sequence_id": 2,
            "section_id": 0,
            "activity_id": 0,
            "activity_kind": "dragdrop",
            "data": {
                "kind": "Input",
                "user_input": [
                    {
                        "slot": 0,
                        "stickers": []
                    },
                    {
                        "slot": 1,
                        "stickers": [
                            "2"
                        ]
                    },
                    {
                        "slot": 2,
                        "stickers": [
                            "1"
                        ]
                    },
                    {
                        "slot": 3,
                        "stickers": [
                            "6"
                        ]
                    },
                    {
                        "slot": 4,
                        "stickers": [
                            "0"
                        ]
                    },
                    {
                        "slot": 5,
                        "stickers": [
                            "3"
                        ]
                    },
                    {
                        "slot": 6,
                        "stickers": []
                    },
                    {
                        "slot": 7,
                        "stickers": [
                            "5"
                        ]
                    }
                ]
            }
        },
        {
            "user_id": "champo_14",
            "session_id": "champo_14_1463145644262",
            "timestamp": 1463145829587,
            "sequence_id": 2,
            "section_id": 0,
            "activity_id": 0,
            "activity_kind": "dragdrop",
            "data": {
                "kind": "Input",
                "user_input": [
                    {
                        "slot": 0,
                        "stickers": []
                    },
                    {
                        "slot": 1,
                        "stickers": [
                            "2"
                        ]
                    },
                    {
                        "slot": 2,
                        "stickers": [
                            "1"
                        ]
                    },
                    {
                        "slot": 3,
                        "stickers": [
                            "6"
                        ]
                    },
                    {
                        "slot": 4,
                        "stickers": [
                            "0"
                        ]
                    },
                    {
                        "slot": 5,
                        "stickers": [
                            "3"
                        ]
                    },
                    {
                        "slot": 6,
                        "stickers": []
                    },
                    {
                        "slot": 7,
                        "stickers": [
                            "5"
                        ]
                    }
                ]
            }
        },
        {
            "user_id": "champo_14",
            "session_id": "champo_14_1463145644262",
            "timestamp": 1463145967170,
            "sequence_id": 2,
            "section_id": 0,
            "activity_id": 1,
            "activity_kind": "dragdrop",
            "data": {
                "kind": "Input",
                "user_input": [
                    {
                        "slot": 0,
                        "stickers": [
                            "0",
                            "2"
                        ]
                    },
                    {
                        "slot": 1,
                        "stickers": [
                            "3"
                        ]
                    },
                    {
                        "slot": 2,
                        "stickers": [
                            "1"
                        ]
                    }
                ]
            }
        },
        {
            "user_id": "champo_14",
            "session_id": "champo_14_1463145644262",
            "timestamp": 1463145996090,
            "sequence_id": 2,
            "section_id": 0,
            "activity_id": 1,
            "activity_kind": "dragdrop",
            "data": {
                "kind": "Input",
                "user_input": [
                    {
                        "slot": 0,
                        "stickers": [
                            "0"
                        ]
                    },
                    {
                        "slot": 1,
                        "stickers": [
                            "3"
                        ]
                    },
                    {
                        "slot": 2,
                        "stickers": [
                            "1",
                            "2"
                        ]
                    }
                ]
            }
        },
        {
            "user_id": "champo_14",
            "session_id": "champo_14_1463145644262",
            "timestamp": 1463146153430,
            "sequence_id": 2,
            "section_id": 1,
            "activity_id": 0,
            "activity_kind": "dragdrop",
            "data": {
                "kind": "Input",
                "user_input": [
                    {
                        "slot": 0,
                        "stickers": [
                            "0"
                        ]
                    },
                    {
                        "slot": 1,
                        "stickers": []
                    },
                    {
                        "slot": 2,
                        "stickers": []
                    },
                    {
                        "slot": 3,
                        "stickers": []
                    }
                ]
            }
        },
        {
            "user_id": "champo_14",
            "session_id": "champo_14_1463145644262",
            "timestamp": 1463146479122,
            "sequence_id": 2,
            "section_id": 1,
            "activity_id": 1,
            "activity_kind": "curvetest",
            "data": {
                "kind": "Input",
                "user_input": [
                    0.558974358974359,
                    0.24358974358974358,
                    0.0641025641025641,
                    0.5615384615384615,
                    0.19743589743589743,
                    0.03333333333333333,
                    0.5461538461538461
                ]
            }
        },
        {
            "user_id": "champo_14",
            "session_id": "champo_14_1463145644262",
            "timestamp": 1463146661113,
            "sequence_id": 2,
            "section_id": 2,
            "activity_id": 0,
            "activity_kind": "planif",
            "data": {
                "kind": "Input",
                "user_input": {
                    "protocol": [
                        "-36",
                        "72",
                        "12"
                    ],
                    "temoincheck": true,
                    "culture": [],
                    "temoin": []
                }
            }
        },
        {
            "user_id": "champo_14",
            "session_id": "champo_14_1463145644262",
            "timestamp": 1463146730484,
            "sequence_id": 2,
            "section_id": 2,
            "activity_id": 0,
            "activity_kind": "planif",
            "data": {
                "kind": "Input",
                "user_input": {
                    "protocol": [
                        "-36",
                        "72",
                        "12"
                    ],
                    "temoincheck": true,
                    "culture": [],
                    "temoin": []
                }
            }
        },
        {
            "user_id": "champo_14",
            "session_id": "champo_14_1463145644262",
            "timestamp": 1463146750359,
            "sequence_id": 2,
            "section_id": 2,
            "activity_id": 0,
            "activity_kind": "planif",
            "data": {
                "kind": "Input",
                "user_input": {
                    "protocol": [
                        "-36",
                        "72",
                        "12"
                    ],
                    "temoincheck": true,
                    "culture": [
                        {
                            "condition": "- sérum",
                            "time": "0"
                        }
                    ],
                    "temoin": [
                        {
                            "condition": "+ sérum",
                            "time": "0"
                        }
                    ]
                }
            }
        },
        {
            "user_id": "champo_14",
            "session_id": "champo_14_1463145644262",
            "timestamp": 1463146780763,
            "sequence_id": 2,
            "section_id": 2,
            "activity_id": 1,
            "activity_kind": "dragdrop",
            "data": {
                "kind": "Input",
                "user_input": [
                    {
                        "slot": 0,
                        "stickers": [
                            "9"
                        ]
                    }
                ]
            }
        },
        {
            "user_id": "champo_14",
            "session_id": "champo_14_1463145644262",
            "timestamp": 1463146846773,
            "sequence_id": 2,
            "section_id": 2,
            "activity_id": 1,
            "activity_kind": "dragdrop",
            "data": {
                "kind": "Input",
                "user_input": [
                    {
                        "slot": 0,
                        "stickers": [
                            "3"
                        ]
                    }
                ]
            }
        },
        {
            "user_id": "champo_14",
            "session_id": "champo_14_1463145644262",
            "timestamp": 1463146912211,
            "sequence_id": 2,
            "section_id": 2,
            "activity_id": 1,
            "activity_kind": "dragdrop",
            "data": {
                "kind": "Input",
                "user_input": [
                    {
                        "slot": 0,
                        "stickers": [
                            "8"
                        ]
                    }
                ]
            }
        },
        {
            "user_id": "champo_14",
            "session_id": "champo_14_1463145644262",
            "timestamp": 1463147584824,
            "sequence_id": 2,
            "section_id": 2,
            "activity_id": 5,
            "activity_kind": "doublepipette",
            "data": {
                "kind": "Input",
                "user_input": [
                    3,
                    0.05,
                    18,
                    2.5714285714285716,
                    0.10000000000000003,
                    18
                ]
            }
        },
        {
            "user_id": "champo_14",
            "session_id": "champo_14_1463145644262",
            "timestamp": 1463147621114,
            "sequence_id": 2,
            "section_id": 2,
            "activity_id": 5,
            "activity_kind": "doublepipette",
            "data": {
                "kind": "Input",
                "user_input": [
                    3,
                    0.05,
                    18,
                    2.5714285714285716,
                    0.10000000000000003,
                    18
                ]
            }
        },
        {
            "user_id": "champo_14",
            "session_id": "champo_14_1463145644262",
            "timestamp": 1463147621671,
            "sequence_id": 2,
            "section_id": 2,
            "activity_id": 5,
            "activity_kind": "doublepipette",
            "data": {
                "kind": "Input",
                "user_input": [
                    3,
                    0.05,
                    18,
                    2.5714285714285716,
                    0.10000000000000003,
                    18
                ]
            }
        },
        {
            "user_id": "champo_14",
            "session_id": "champo_14_1463145644262",
            "timestamp": 1463147712321,
            "sequence_id": 2,
            "section_id": 4,
            "activity_id": 0,
            "activity_kind": "dragdrop",
            "data": {
                "kind": "Input",
                "user_input": [
                    {
                        "slot": 0,
                        "stickers": [
                            "0"
                        ]
                    },
                    {
                        "slot": 1,
                        "stickers": [
                            "1"
                        ]
                    },
                    {
                        "slot": 2,
                        "stickers": [
                            "2"
                        ]
                    },
                    {
                        "slot": 3,
                        "stickers": [
                            "3"
                        ]
                    },
                    {
                        "slot": 4,
                        "stickers": [
                            "4"
                        ]
                    }
                ]
            }
        },
        {
            "user_id": "champo_14",
            "session_id": "champo_14_1463145644262",
            "timestamp": 1463147716845,
            "sequence_id": 2,
            "section_id": 4,
            "activity_id": 1,
            "activity_kind": "dragdrop",
            "data": {
                "kind": "Input",
                "user_input": [
                    {
                        "slot": 0,
                        "stickers": [
                            "0"
                        ]
                    },
                    {
                        "slot": 1,
                        "stickers": []
                    },
                    {
                        "slot": 2,
                        "stickers": []
                    },
                    {
                        "slot": 3,
                        "stickers": []
                    }
                ]
            }
        },
        {
            "user_id": "champo_14",
            "session_id": "champo_14_1463145644262",
            "timestamp": 1463147737524,
            "sequence_id": 2,
            "section_id": 4,
            "activity_id": 1,
            "activity_kind": "dragdrop",
            "data": {
                "kind": "Input",
                "user_input": [
                    {
                        "slot": 0,
                        "stickers": [
                            "0"
                        ]
                    },
                    {
                        "slot": 1,
                        "stickers": []
                    },
                    {
                        "slot": 2,
                        "stickers": []
                    },
                    {
                        "slot": 3,
                        "stickers": []
                    }
                ]
            }
        },
        {
            "user_id": "champo_14",
            "session_id": "champo_14_1463145644262",
            "timestamp": 1463147737551,
            "sequence_id": 2,
            "section_id": 4,
            "activity_id": 1,
            "activity_kind": "dragdrop",
            "data": {
                "kind": "Input",
                "user_input": [
                    {
                        "slot": 0,
                        "stickers": [
                            "0"
                        ]
                    },
                    {
                        "slot": 1,
                        "stickers": []
                    },
                    {
                        "slot": 2,
                        "stickers": []
                    },
                    {
                        "slot": 3,
                        "stickers": [
                            "0"
                        ]
                    }
                ]
            }
        },
        {
            "user_id": "champo_14",
            "session_id": "champo_14_1463145644262",
            "timestamp": 1463147754205,
            "sequence_id": 2,
            "section_id": 4,
            "activity_id": 1,
            "activity_kind": "dragdrop",
            "data": {
                "kind": "Input",
                "user_input": [
                    {
                        "slot": 0,
                        "stickers": [
                            "0"
                        ]
                    },
                    {
                        "slot": 1,
                        "stickers": []
                    },
                    {
                        "slot": 2,
                        "stickers": []
                    },
                    {
                        "slot": 3,
                        "stickers": [
                            "0"
                        ]
                    }
                ]
            }
        },
        {
            "user_id": "champo_14",
            "session_id": "champo_14_1463145644262",
            "timestamp": 1463147754225,
            "sequence_id": 2,
            "section_id": 4,
            "activity_id": 1,
            "activity_kind": "dragdrop",
            "data": {
                "kind": "Input",
                "user_input": [
                    {
                        "slot": 0,
                        "stickers": []
                    },
                    {
                        "slot": 1,
                        "stickers": []
                    },
                    {
                        "slot": 2,
                        "stickers": []
                    },
                    {
                        "slot": 3,
                        "stickers": [
                            "0"
                        ]
                    }
                ]
            }
        },
        {
            "user_id": "champo_14",
            "session_id": "champo_14_1463145644262",
            "timestamp": 1463147758291,
            "sequence_id": 2,
            "section_id": 4,
            "activity_id": 2,
            "activity_kind": "curvestar",
            "data": {
                "kind": "Input",
                "user_input": [
                    0.558974358974359,
                    0.24358974358974358,
                    0.0641025641025641,
                    0.5615384615384615,
                    0.19743589743589743,
                    0.03333333333333333,
                    0.5461538461538461
                ]
            }
        },
        {
            "user_id": "champo_14",
            "session_id": "champo_14_1463145644262",
            "timestamp": 1463147767106,
            "sequence_id": 2,
            "section_id": 4,
            "activity_id": 2,
            "activity_kind": "curvestar",
            "data": {
                "kind": "Input",
                "user_input": [
                    0.558974358974359,
                    0.24358974358974358,
                    0.5923076923076923,
                    0.5615384615384615,
                    0.19743589743589743,
                    0.03333333333333333,
                    0.5461538461538461
                ]
            }
        },
        {
            "user_id": "champo_14",
            "session_id": "champo_14_1463145644262",
            "timestamp": 1463147770836,
            "sequence_id": 2,
            "section_id": 4,
            "activity_id": 2,
            "activity_kind": "curvestar",
            "data": {
                "kind": "Input",
                "user_input": [
                    0.558974358974359,
                    0.5794871794871795,
                    0.5923076923076923,
                    0.5615384615384615,
                    0.19743589743589743,
                    0.03333333333333333,
                    0.5461538461538461
                ]
            }
        },
        {
            "user_id": "champo_14",
            "session_id": "champo_14_1463145644262",
            "timestamp": 1463147775308,
            "sequence_id": 2,
            "section_id": 4,
            "activity_id": 2,
            "activity_kind": "curvestar",
            "data": {
                "kind": "Input",
                "user_input": [
                    0.558974358974359,
                    0.5794871794871795,
                    0.5923076923076923,
                    0.5615384615384615,
                    0.8461538461538461,
                    0.03333333333333333,
                    0.5461538461538461
                ]
            }
        },
        {
            "user_id": "champo_14",
            "session_id": "champo_14_1463145644262",
            "timestamp": 1463147778036,
            "sequence_id": 2,
            "section_id": 4,
            "activity_id": 2,
            "activity_kind": "curvestar",
            "data": {
                "kind": "Input",
                "user_input": [
                    0.558974358974359,
                    0.5794871794871795,
                    0.5923076923076923,
                    0.7076923076923077,
                    0.8461538461538461,
                    0.03333333333333333,
                    0.5461538461538461
                ]
            }
        },
        {
            "user_id": "champo_14",
            "session_id": "champo_14_1463145644262",
            "timestamp": 1463147781880,
            "sequence_id": 2,
            "section_id": 4,
            "activity_id": 2,
            "activity_kind": "curvestar",
            "data": {
                "kind": "Input",
                "user_input": [
                    0.558974358974359,
                    0.5794871794871795,
                    0.5923076923076923,
                    0.7076923076923077,
                    0.8461538461538461,
                    0.03333333333333333,
                    1
                ]
            }
        },
        {
            "user_id": "champo_14",
            "session_id": "champo_14_1463145644262",
            "timestamp": 1463147785619,
            "sequence_id": 2,
            "section_id": 4,
            "activity_id": 2,
            "activity_kind": "curvestar",
            "data": {
                "kind": "Input",
                "user_input": [
                    0.558974358974359,
                    0.5794871794871795,
                    0.5923076923076923,
                    0.7076923076923077,
                    0.8461538461538461,
                    0.9282051282051282,
                    1
                ]
            }
        },
        {
            "user_id": "champo_14",
            "session_id": "champo_14_1463145644262",
            "timestamp": 1463147837431,
            "sequence_id": 2,
            "section_id": 5,
            "activity_id": 0,
            "activity_kind": "synthesis",
            "data": {
                "kind": "Input",
                "user_input": [
                    "prolifération",
                    "facteurs de croissance",
                    "le point de restriction",
                    "G1",
                    "désynchronisées",
                    "G0"
                ]
            }
        },
        {
            "user_id": "champo_14",
            "session_id": "champo_14_1463145644262",
            "timestamp": 1463147844695,
            "sequence_id": 2,
            "section_id": 5,
            "activity_id": 0,
            "activity_kind": "synthesis",
            "data": {
                "kind": "Input",
                "user_input": [
                    "prolifération",
                    "facteurs de croissance",
                    "le point de restriction",
                    "G1",
                    "asynchronisées",
                    "G0"
                ]
            }
        },
        {
            "user_id": "champo_14",
            "session_id": "champo_14_1463145644262",
            "timestamp": 1463147848074,
            "sequence_id": 2,
            "section_id": 5,
            "activity_id": 0,
            "activity_kind": "synthesis",
            "data": {
                "kind": "Input",
                "user_input": [
                    "prolifération",
                    "facteurs de croissance",
                    "le point de restriction",
                    "G1",
                    "synchronisées",
                    "G0"
                ]
            }
        }
    ]
}