{
    "inputs": [
        {
            "user_id": "cyrielle",
            "session_id": "cyrielle_1465545553830",
            "timestamp": 1465545648133,
            "sequence_id": 2,
            "section_id": 0,
            "activity_id": 0,
            "activity_kind": "dragdrop",
            "data": {
                "kind": "Input",
                "user_input": [
                    {
                        "slot": 0,
                        "stickers": []
                    },
                    {
                        "slot": 1,
                        "stickers": [
                            "2"
                        ]
                    },
                    {
                        "slot": 2,
                        "stickers": [
                            "1"
                        ]
                    },
                    {
                        "slot": 3,
                        "stickers": [
                            "6"
                        ]
                    },
                    {
                        "slot": 4,
                        "stickers": []
                    },
                    {
                        "slot": 5,
                        "stickers": [
                            "3"
                        ]
                    },
                    {
                        "slot": 6,
                        "stickers": []
                    },
                    {
                        "slot": 7,
                        "stickers": []
                    }
                ]
            }
        },
        {
            "user_id": "cyrielle",
            "session_id": "cyrielle_1465545553830",
            "timestamp": 1465545667049,
            "sequence_id": 2,
            "section_id": 0,
            "activity_id": 0,
            "activity_kind": "dragdrop",
            "data": {
                "kind": "Input",
                "user_input": [
                    {
                        "slot": 0,
                        "stickers": []
                    },
                    {
                        "slot": 1,
                        "stickers": [
                            "2"
                        ]
                    },
                    {
                        "slot": 2,
                        "stickers": [
                            "1"
                        ]
                    },
                    {
                        "slot": 3,
                        "stickers": []
                    },
                    {
                        "slot": 4,
                        "stickers": [
                            "0"
                        ]
                    },
                    {
                        "slot": 5,
                        "stickers": [
                            "3"
                        ]
                    },
                    {
                        "slot": 6,
                        "stickers": []
                    },
                    {
                        "slot": 7,
                        "stickers": []
                    }
                ]
            }
        },
        {
            "user_id": "cyrielle",
            "session_id": "cyrielle_1465545553830",
            "timestamp": 1465545767315,
            "sequence_id": 2,
            "section_id": 0,
            "activity_id": 1,
            "activity_kind": "dragdrop",
            "data": {
                "kind": "Input",
                "user_input": [
                    {
                        "slot": 0,
                        "stickers": [
                            "0"
                        ]
                    },
                    {
                        "slot": 1,
                        "stickers": [
                            "3"
                        ]
                    },
                    {
                        "slot": 2,
                        "stickers": [
                            "3",
                            "2"
                        ]
                    }
                ]
            }
        },
        {
            "user_id": "cyrielle",
            "session_id": "cyrielle_1465545553830",
            "timestamp": 1465545773121,
            "sequence_id": 2,
            "section_id": 0,
            "activity_id": 1,
            "activity_kind": "dragdrop",
            "data": {
                "kind": "Input",
                "user_input": [
                    {
                        "slot": 0,
                        "stickers": [
                            "0"
                        ]
                    },
                    {
                        "slot": 1,
                        "stickers": [
                            "3",
                            "3"
                        ]
                    },
                    {
                        "slot": 2,
                        "stickers": [
                            "2"
                        ]
                    }
                ]
            }
        },
        {
            "user_id": "cyrielle",
            "session_id": "cyrielle_1465545553830",
            "timestamp": 1465545787934,
            "sequence_id": 2,
            "section_id": 0,
            "activity_id": 1,
            "activity_kind": "dragdrop",
            "data": {
                "kind": "Input",
                "user_input": [
                    {
                        "slot": 0,
                        "stickers": [
                            "0"
                        ]
                    },
                    {
                        "slot": 1,
                        "stickers": [
                            "3"
                        ]
                    },
                    {
                        "slot": 2,
                        "stickers": [
                            "2",
                            "1"
                        ]
                    }
                ]
            }
        },
        {
            "user_id": "cyrielle",
            "session_id": "cyrielle_1465545553830",
            "timestamp": 1465545884729,
            "sequence_id": 2,
            "section_id": 1,
            "activity_id": 0,
            "activity_kind": "dragdrop",
            "data": {
                "kind": "Input",
                "user_input": [
                    {
                        "slot": 0,
                        "stickers": []
                    },
                    {
                        "slot": 1,
                        "stickers": []
                    },
                    {
                        "slot": 2,
                        "stickers": []
                    },
                    {
                        "slot": 3,
                        "stickers": [
                            "0"
                        ]
                    }
                ]
            }
        },
        {
            "user_id": "cyrielle",
            "session_id": "cyrielle_1465545553830",
            "timestamp": 1465545964465,
            "sequence_id": 2,
            "section_id": 1,
            "activity_id": 1,
            "activity_kind": "curvetest",
            "data": {
                "kind": "Input",
                "user_input": [
                    0.29743589743589743,
                    0.5205128205128206,
                    0.7051282051282052,
                    0.8333333333333334,
                    0.9230769230769231,
                    0.982051282051282,
                    1
                ]
            }
        },
        {
            "user_id": "cyrielle",
            "session_id": "cyrielle_1465545553830",
            "timestamp": 1465546013073,
            "sequence_id": 2,
            "section_id": 2,
            "activity_id": 0,
            "activity_kind": "planif",
            "data": {
                "kind": "Input",
                "user_input": {
                    "protocol": [
                        "-36",
                        "72",
                        "12"
                    ],
                    "temoincheck": true,
                    "culture": [
                        {
                            "condition": "+ sérum",
                            "time": "0"
                        }
                    ],
                    "temoin": [
                        {
                            "condition": "- sérum",
                            "time": "0"
                        }
                    ]
                }
            }
        },
        {
            "user_id": "cyrielle",
            "session_id": "cyrielle_1465545553830",
            "timestamp": 1465546024615,
            "sequence_id": 2,
            "section_id": 2,
            "activity_id": 0,
            "activity_kind": "planif",
            "data": {
                "kind": "Input",
                "user_input": {
                    "protocol": [
                        "-36",
                        "72",
                        "12"
                    ],
                    "temoincheck": true,
                    "culture": [
                        {
                            "condition": "+ glucose",
                            "time": "0"
                        }
                    ],
                    "temoin": []
                }
            }
        },
        {
            "user_id": "cyrielle",
            "session_id": "cyrielle_1465545553830",
            "timestamp": 1465546026849,
            "sequence_id": 2,
            "section_id": 2,
            "activity_id": 0,
            "activity_kind": "planif",
            "data": {
                "kind": "Input",
                "user_input": {
                    "protocol": [
                        "-36",
                        "72",
                        "12"
                    ],
                    "temoincheck": true,
                    "culture": [
                        {
                            "condition": "+ glucose",
                            "time": "0"
                        }
                    ],
                    "temoin": [
                        {
                            "condition": "- glucose",
                            "time": "0"
                        }
                    ]
                }
            }
        },
        {
            "user_id": "cyrielle",
            "session_id": "cyrielle_1465545553830",
            "timestamp": 1465546050886,
            "sequence_id": 2,
            "section_id": 2,
            "activity_id": 1,
            "activity_kind": "dragdrop",
            "data": {
                "kind": "Input",
                "user_input": [
                    {
                        "slot": 0,
                        "stickers": [
                            "2"
                        ]
                    }
                ]
            }
        },
        {
            "user_id": "cyrielle",
            "session_id": "cyrielle_1465545553830",
            "timestamp": 1465546057239,
            "sequence_id": 2,
            "section_id": 2,
            "activity_id": 1,
            "activity_kind": "dragdrop",
            "data": {
                "kind": "Input",
                "user_input": [
                    {
                        "slot": 0,
                        "stickers": [
                            "9"
                        ]
                    }
                ]
            }
        },
        {
            "user_id": "cyrielle",
            "session_id": "cyrielle_1465545553830",
            "timestamp": 1465546069116,
            "sequence_id": 2,
            "section_id": 2,
            "activity_id": 1,
            "activity_kind": "dragdrop",
            "data": {
                "kind": "Input",
                "user_input": [
                    {
                        "slot": 0,
                        "stickers": [
                            "8"
                        ]
                    }
                ]
            }
        },
        {
            "user_id": "cyrielle",
            "session_id": "cyrielle_1465545553830",
            "timestamp": 1465546238826,
            "sequence_id": 2,
            "section_id": 2,
            "activity_id": 5,
            "activity_kind": "doublepipette",
            "data": {
                "kind": "Input",
                "user_input": [
                    3,
                    0,
                    18,
                    3,
                    0.1,
                    21
                ]
            }
        },
        {
            "user_id": "cyrielle",
            "session_id": "cyrielle_1465545553830",
            "timestamp": 1465546272603,
            "sequence_id": 2,
            "section_id": 2,
            "activity_id": 5,
            "activity_kind": "doublepipette",
            "data": {
                "kind": "Input",
                "user_input": [
                    3,
                    0,
                    18,
                    3,
                    0.1,
                    21
                ]
            }
        },
        {
            "user_id": "cyrielle",
            "session_id": "cyrielle_1465545553830",
            "timestamp": 1465546273236,
            "sequence_id": 2,
            "section_id": 2,
            "activity_id": 5,
            "activity_kind": "doublepipette",
            "data": {
                "kind": "Input",
                "user_input": [
                    3,
                    0,
                    18,
                    3,
                    0.1,
                    21
                ]
            }
        },
        {
            "user_id": "cyrielle",
            "session_id": "cyrielle_1465545553830",
            "timestamp": 1465546338493,
            "sequence_id": 2,
            "section_id": 4,
            "activity_id": 0,
            "activity_kind": "dragdrop",
            "data": {
                "kind": "Input",
                "user_input": [
                    {
                        "slot": 0,
                        "stickers": [
                            "1"
                        ]
                    },
                    {
                        "slot": 1,
                        "stickers": [
                            "0"
                        ]
                    },
                    {
                        "slot": 2,
                        "stickers": [
                            "2"
                        ]
                    },
                    {
                        "slot": 3,
                        "stickers": [
                            "3"
                        ]
                    },
                    {
                        "slot": 4,
                        "stickers": [
                            "4"
                        ]
                    }
                ]
            }
        },
        {
            "user_id": "cyrielle",
            "session_id": "cyrielle_1465545553830",
            "timestamp": 1465546347617,
            "sequence_id": 2,
            "section_id": 4,
            "activity_id": 0,
            "activity_kind": "dragdrop",
            "data": {
                "kind": "Input",
                "user_input": [
                    {
                        "slot": 0,
                        "stickers": [
                            "0"
                        ]
                    },
                    {
                        "slot": 1,
                        "stickers": [
                            "1"
                        ]
                    },
                    {
                        "slot": 2,
                        "stickers": [
                            "2"
                        ]
                    },
                    {
                        "slot": 3,
                        "stickers": [
                            "3"
                        ]
                    },
                    {
                        "slot": 4,
                        "stickers": [
                            "4"
                        ]
                    }
                ]
            }
        },
        {
            "user_id": "cyrielle",
            "session_id": "cyrielle_1465545553830",
            "timestamp": 1465546422313,
            "sequence_id": 2,
            "section_id": 4,
            "activity_id": 1,
            "activity_kind": "dragdrop",
            "data": {
                "kind": "Input",
                "user_input": [
                    {
                        "slot": 0,
                        "stickers": []
                    },
                    {
                        "slot": 1,
                        "stickers": []
                    },
                    {
                        "slot": 2,
                        "stickers": []
                    },
                    {
                        "slot": 3,
                        "stickers": [
                            "0"
                        ]
                    }
                ]
            }
        },
        {
            "user_id": "cyrielle",
            "session_id": "cyrielle_1465545553830",
            "timestamp": 1465546432590,
            "sequence_id": 2,
            "section_id": 4,
            "activity_id": 2,
            "activity_kind": "curvestar",
            "data": {
                "kind": "Input",
                "user_input": [
                    0.29743589743589743,
                    0.5205128205128206,
                    0.7051282051282052,
                    0.8333333333333334,
                    0.9230769230769231,
                    0.982051282051282,
                    1
                ]
            }
        },
        {
            "user_id": "cyrielle",
            "session_id": "cyrielle_1465545553830",
            "timestamp": 1465546439014,
            "sequence_id": 2,
            "section_id": 4,
            "activity_id": 2,
            "activity_kind": "curvestar",
            "data": {
                "kind": "Input",
                "user_input": [
                    0.5384615384615384,
                    0.5205128205128206,
                    0.7051282051282052,
                    0.8333333333333334,
                    0.9230769230769231,
                    0.982051282051282,
                    1
                ]
            }
        },
        {
            "user_id": "cyrielle",
            "session_id": "cyrielle_1465545553830",
            "timestamp": 1465546441541,
            "sequence_id": 2,
            "section_id": 4,
            "activity_id": 2,
            "activity_kind": "curvestar",
            "data": {
                "kind": "Input",
                "user_input": [
                    0.5384615384615384,
                    0.594871794871795,
                    0.7051282051282052,
                    0.8333333333333334,
                    0.9230769230769231,
                    0.982051282051282,
                    1
                ]
            }
        },
        {
            "user_id": "cyrielle",
            "session_id": "cyrielle_1465545553830",
            "timestamp": 1465546444847,
            "sequence_id": 2,
            "section_id": 4,
            "activity_id": 2,
            "activity_kind": "curvestar",
            "data": {
                "kind": "Input",
                "user_input": [
                    0.5384615384615384,
                    0.594871794871795,
                    0.5948717948717949,
                    0.8333333333333334,
                    0.9230769230769231,
                    0.982051282051282,
                    1
                ]
            }
        },
        {
            "user_id": "cyrielle",
            "session_id": "cyrielle_1465545553830",
            "timestamp": 1465546446206,
            "sequence_id": 2,
            "section_id": 4,
            "activity_id": 2,
            "activity_kind": "curvestar",
            "data": {
                "kind": "Input",
                "user_input": [
                    0.5384615384615384,
                    0.594871794871795,
                    0.5948717948717949,
                    0.8333333333333334,
                    0.9230769230769231,
                    0.982051282051282,
                    1
                ]
            }
        },
        {
            "user_id": "cyrielle",
            "session_id": "cyrielle_1465545553830",
            "timestamp": 1465546446989,
            "sequence_id": 2,
            "section_id": 4,
            "activity_id": 2,
            "activity_kind": "curvestar",
            "data": {
                "kind": "Input",
                "user_input": [
                    0.5384615384615384,
                    0.594871794871795,
                    0.5948717948717949,
                    0.8333333333333334,
                    0.9230769230769231,
                    0.982051282051282,
                    1
                ]
            }
        },
        {
            "user_id": "cyrielle",
            "session_id": "cyrielle_1465545553830",
            "timestamp": 1465546448069,
            "sequence_id": 2,
            "section_id": 4,
            "activity_id": 2,
            "activity_kind": "curvestar",
            "data": {
                "kind": "Input",
                "user_input": [
                    0.5384615384615384,
                    0.594871794871795,
                    0.5948717948717949,
                    0.8333333333333334,
                    0.9230769230769231,
                    0.982051282051282,
                    1
                ]
            }
        },
        {
            "user_id": "cyrielle",
            "session_id": "cyrielle_1465545553830",
            "timestamp": 1465546459278,
            "sequence_id": 2,
            "section_id": 4,
            "activity_id": 2,
            "activity_kind": "curvestar",
            "data": {
                "kind": "Input",
                "user_input": [
                    0.5384615384615384,
                    0.594871794871795,
                    0.5948717948717949,
                    0.8333333333333334,
                    0.9230769230769231,
                    0.982051282051282,
                    1
                ]
            }
        },
        {
            "user_id": "cyrielle",
            "session_id": "cyrielle_1465545553830",
            "timestamp": 1465546513239,
            "sequence_id": 2,
            "section_id": 5,
            "activity_id": 0,
            "activity_kind": "synthesis",
            "data": {
                "kind": "Input",
                "user_input": [
                    "prolifération",
                    "facteurs de croissance",
                    "le point de restriction",
                    "G1",
                    "synchronisées",
                    "G0"
                ]
            }
        }
    ]
}