{
    "events": [
        {
            "user_id": "ddd",
            "session_id": "ddd_1463762288395",
            "timestamp": 1463762240675,
            "sequence_id": 1,
            "section_id": 0,
            "activity_id": -1,
            "activity_kind": "transition",
            "data": {
                "kind": "Click",
                "what": "navigation_pane",
                "which": "menubar",
                "x": 238,
                "y": 183
            }
        },
        {
            "user_id": "ddd",
            "session_id": "ddd_1463762288395",
            "timestamp": 1463762241691,
            "sequence_id": 1,
            "section_id": 0,
            "activity_id": -1,
            "activity_kind": "transition",
            "data": {
                "kind": "Click",
                "what": "navigation_pane",
                "which": "menubar",
                "x": 232,
                "y": 286
            }
        },
        {
            "user_id": "ddd",
            "session_id": "ddd_1463762288395",
            "timestamp": 1463762242439,
            "sequence_id": 1,
            "section_id": 0,
            "activity_id": -1,
            "activity_kind": "transition",
            "data": {
                "kind": "Click",
                "what": "navigation_pane",
                "which": "menubar",
                "x": 210,
                "y": 373
            }
        },
        {
            "user_id": "ddd",
            "session_id": "ddd_1463762288395",
            "timestamp": 1463762243176,
            "sequence_id": 1,
            "section_id": 0,
            "activity_id": -1,
            "activity_kind": "transition",
            "data": {
                "kind": "Click",
                "what": "navigation_pane",
                "which": "menubar",
                "x": 247,
                "y": 429
            }
        },
        {
            "user_id": "ddd",
            "session_id": "ddd_1463762288395",
            "timestamp": 1463762244054,
            "sequence_id": 1,
            "section_id": 0,
            "activity_id": -1,
            "activity_kind": "transition",
            "data": {
                "kind": "Click",
                "what": "navigation_pane",
                "which": "menubar",
                "x": 244,
                "y": 483
            }
        },
        {
            "user_id": "ddd",
            "session_id": "ddd_1463762288395",
            "timestamp": 1463762245738,
            "sequence_id": 1,
            "section_id": 0,
            "activity_id": -1,
            "activity_kind": "transition",
            "data": {
                "kind": "Click",
                "what": "navigation_pane",
                "which": "menubar",
                "x": 211,
                "y": 566
            }
        },
        {
            "user_id": "ddd",
            "session_id": "ddd_1463762288395",
            "timestamp": 1463762246918,
            "sequence_id": 1,
            "section_id": 0,
            "activity_id": -1,
            "activity_kind": "transition",
            "data": {
                "kind": "Click",
                "what": "navigation_pane",
                "which": "menubar",
                "x": 45,
                "y": 490
            }
        },
        {
            "user_id": "ddd",
            "session_id": "ddd_1463762288395",
            "timestamp": 1463762248470,
            "sequence_id": 1,
            "section_id": 0,
            "activity_id": -1,
            "activity_kind": "transition",
            "data": {
                "kind": "Click",
                "what": "navigation_pane",
                "which": "menubar",
                "x": 213,
                "y": 483
            }
        },
        {
            "user_id": "ddd",
            "session_id": "ddd_1463762288395",
            "timestamp": 1463762249200,
            "sequence_id": 1,
            "section_id": 0,
            "activity_id": -1,
            "activity_kind": "transition",
            "data": {
                "kind": "Click",
                "what": "navigation_pane",
                "which": "menubar",
                "x": 42,
                "y": 479
            }
        },
        {
            "user_id": "ddd",
            "session_id": "ddd_1463762288395",
            "timestamp": 1463762249865,
            "sequence_id": 1,
            "section_id": 0,
            "activity_id": -1,
            "activity_kind": "transition",
            "data": {
                "kind": "Click",
                "what": "navigation_pane",
                "which": "menubar",
                "x": 41,
                "y": 566
            }
        },
        {
            "user_id": "ddd",
            "session_id": "ddd_1463762288395",
            "timestamp": 1463762250409,
            "sequence_id": 1,
            "section_id": 0,
            "activity_id": -1,
            "activity_kind": "transition",
            "data": {
                "kind": "Click",
                "what": "navigation_pane",
                "which": "menubar",
                "x": 37,
                "y": 637
            }
        },
        {
            "user_id": "ddd",
            "session_id": "ddd_1463762288395",
            "timestamp": 1463762251268,
            "sequence_id": 1,
            "section_id": 0,
            "activity_id": -1,
            "activity_kind": "transition",
            "data": {
                "kind": "Click",
                "what": "navigation_pane",
                "which": "menubar",
                "x": 157,
                "y": 643
            }
        },
        {
            "user_id": "ddd",
            "session_id": "ddd_1463762288395",
            "timestamp": 1463762253014,
            "sequence_id": 1,
            "section_id": 0,
            "activity_id": -1,
            "activity_kind": "transition",
            "data": {
                "kind": "Click",
                "what": "navigation_pane",
                "which": "menubar",
                "x": 160,
                "y": 184
            }
        },
        {
            "user_id": "ddd",
            "session_id": "ddd_1463762288395",
            "timestamp": 1463763118789,
            "sequence_id": 1,
            "section_id": 0,
            "activity_id": -1,
            "activity_kind": "transition",
            "data": {
                "kind": "Click",
                "what": "interface_pane",
                "which": "iconbar_wrapper",
                "x": 416,
                "y": 14
            }
        }
    ]
}