{
    "events": [
        {
            "user_id": "fabien",
            "session_id": "fabien_1463932777307",
            "timestamp": 1463932718118,
            "sequence_id": 2,
            "section_id": "0",
            "activity_id": "-1",
            "activity_kind": "dragdrop",
            "data": {
                "kind": "Click",
                "what": "next_btn",
                "which": "requirements",
                "x": 1524,
                "y": 683
            }
        },
        {
            "user_id": "fabien",
            "session_id": "fabien_1463932777307",
            "timestamp": 1463932718163,
            "sequence_id": 2,
            "section_id": "0",
            "activity_id": "0",
            "activity_kind": "dragdrop",
            "data": {
                "kind": "MousePressed",
                "what": "statement_pane",
                "which": "Les checkpoints du cycle cellulaire",
                "x": 1524,
                "y": 683
            }
        },
        {
            "user_id": "fabien",
            "session_id": "fabien_1463932777307",
            "timestamp": 1463932718260,
            "sequence_id": 2,
            "section_id": "0",
            "activity_id": "0",
            "activity_kind": "dragdrop",
            "data": {
                "kind": "MouseReleased",
                "what": "statement_pane",
                "which": "Les checkpoints du cycle cellulaire",
                "x": 1524,
                "y": 683
            }
        },
        {
            "user_id": "fabien",
            "session_id": "fabien_1463932777307",
            "timestamp": 1463932718261,
            "sequence_id": 2,
            "section_id": "0",
            "activity_id": "0",
            "activity_kind": "dragdrop",
            "data": {
                "kind": "Click",
                "what": "statement_pane",
                "which": "Les checkpoints du cycle cellulaire",
                "x": 1524,
                "y": 683
            }
        },
        {
            "user_id": "fabien",
            "session_id": "fabien_1463932777307",
            "timestamp": 1463932718369,
            "sequence_id": 2,
            "section_id": "0",
            "activity_id": "0",
            "activity_kind": "dragdrop",
            "data": {
                "kind": "MousePressed",
                "what": "statement_pane",
                "which": "Les checkpoints du cycle cellulaire",
                "x": 1524,
                "y": 683
            }
        },
        {
            "user_id": "fabien",
            "session_id": "fabien_1463932777307",
            "timestamp": 1463932718464,
            "sequence_id": 2,
            "section_id": "0",
            "activity_id": "0",
            "activity_kind": "dragdrop",
            "data": {
                "kind": "MouseReleased",
                "what": "statement_pane",
                "which": "Les checkpoints du cycle cellulaire",
                "x": 1524,
                "y": 683
            }
        },
        {
            "user_id": "fabien",
            "session_id": "fabien_1463932777307",
            "timestamp": 1463932718464,
            "sequence_id": 2,
            "section_id": "0",
            "activity_id": "0",
            "activity_kind": "dragdrop",
            "data": {
                "kind": "Click",
                "what": "statement_pane",
                "which": "Les checkpoints du cycle cellulaire",
                "x": 1524,
                "y": 683
            }
        },
        {
            "user_id": "fabien",
            "session_id": "fabien_1463932777307",
            "timestamp": 1463932718778,
            "sequence_id": 2,
            "section_id": "0",
            "activity_id": "0",
            "activity_kind": "dragdrop",
            "data": {
                "kind": "MousePressed",
                "what": "outer_pane",
                "which": "body",
                "x": 1524,
                "y": 683
            }
        },
        {
            "user_id": "fabien",
            "session_id": "fabien_1463932777307",
            "timestamp": 1463932718898,
            "sequence_id": 2,
            "section_id": "0",
            "activity_id": "0",
            "activity_kind": "dragdrop",
            "data": {
                "kind": "MouseReleased",
                "what": "correct_btn",
                "which": "Les checkpoints du cycle cellulaire",
                "x": 1524,
                "y": 683
            }
        },
        {
            "user_id": "fabien",
            "session_id": "fabien_1463932777307",
            "timestamp": 1463932718994,
            "sequence_id": 2,
            "section_id": "0",
            "activity_id": "0",
            "activity_kind": "dragdrop",
            "data": {
                "kind": "MousePressed",
                "what": "correct_btn",
                "which": "Les checkpoints du cycle cellulaire",
                "x": 1524,
                "y": 683
            }
        },
        {
            "user_id": "fabien",
            "session_id": "fabien_1463932777307",
            "timestamp": 1463932719131,
            "sequence_id": 2,
            "section_id": "0",
            "activity_id": "0",
            "activity_kind": "dragdrop",
            "data": {
                "kind": "MouseReleased",
                "what": "correct_btn",
                "which": "Les checkpoints du cycle cellulaire",
                "x": 1524,
                "y": 683
            }
        },
        {
            "user_id": "fabien",
            "session_id": "fabien_1463932777307",
            "timestamp": 1463932719133,
            "sequence_id": 2,
            "section_id": "0",
            "activity_id": "0",
            "activity_kind": "dragdrop",
            "data": {
                "kind": "Click",
                "what": "correct_btn",
                "which": "Les checkpoints du cycle cellulaire",
                "x": 1524,
                "y": 683
            }
        },
        {
            "user_id": "fabien",
            "session_id": "fabien_1463932777307",
            "timestamp": 1463932719318,
            "sequence_id": 2,
            "section_id": "0",
            "activity_id": "0",
            "activity_kind": "dragdrop",
            "data": {
                "kind": "MouseReleased",
                "what": "correct_btn",
                "which": "Les checkpoints du cycle cellulaire",
                "x": 1524,
                "y": 683
            }
        },
        {
            "user_id": "fabien",
            "session_id": "fabien_1463932777307",
            "timestamp": 1463932719320,
            "sequence_id": 2,
            "section_id": "0",
            "activity_id": "0",
            "activity_kind": "dragdrop",
            "data": {
                "kind": "Click",
                "what": "correct_btn",
                "which": "Les checkpoints du cycle cellulaire",
                "x": 1524,
                "y": 683
            }
        },
        {
            "user_id": "fabien",
            "session_id": "fabien_1463932777307",
            "timestamp": 1463932719525,
            "sequence_id": 2,
            "section_id": "0",
            "activity_id": "0",
            "activity_kind": "dragdrop",
            "data": {
                "kind": "MouseReleased",
                "what": "correct_btn",
                "which": "Les checkpoints du cycle cellulaire",
                "x": 1524,
                "y": 683
            }
        },
        {
            "user_id": "fabien",
            "session_id": "fabien_1463932777307",
            "timestamp": 1463932719528,
            "sequence_id": 2,
            "section_id": "0",
            "activity_id": "0",
            "activity_kind": "dragdrop",
            "data": {
                "kind": "Click",
                "what": "correct_btn",
                "which": "Les checkpoints du cycle cellulaire",
                "x": 1524,
                "y": 683
            }
        },
        {
            "user_id": "fabien",
            "session_id": "fabien_1463932777307",
            "timestamp": 1463932719703,
            "sequence_id": 2,
            "section_id": "0",
            "activity_id": "0",
            "activity_kind": "dragdrop",
            "data": {
                "kind": "MouseReleased",
                "what": "next_btn",
                "which": "Les checkpoints du cycle cellulaire",
                "x": 1524,
                "y": 683
            }
        },
        {
            "user_id": "fabien",
            "session_id": "fabien_1463932777307",
            "timestamp": 1463932719789,
            "sequence_id": 2,
            "section_id": "0",
            "activity_id": "0",
            "activity_kind": "dragdrop",
            "data": {
                "kind": "MousePressed",
                "what": "next_btn",
                "which": "Les checkpoints du cycle cellulaire",
                "x": 1524,
                "y": 683
            }
        },
        {
            "user_id": "fabien",
            "session_id": "fabien_1463932777307",
            "timestamp": 1463932719908,
            "sequence_id": 2,
            "section_id": "0",
            "activity_id": "0",
            "activity_kind": "dragdrop",
            "data": {
                "kind": "MouseReleased",
                "what": "next_btn",
                "which": "Les checkpoints du cycle cellulaire",
                "x": 1524,
                "y": 683
            }
        },
        {
            "user_id": "fabien",
            "session_id": "fabien_1463932777307",
            "timestamp": 1463932719917,
            "sequence_id": 2,
            "section_id": "0",
            "activity_id": "0",
            "activity_kind": "dragdrop",
            "data": {
                "kind": "Click",
                "what": "next_btn",
                "which": "Les checkpoints du cycle cellulaire",
                "x": 1524,
                "y": 683
            }
        },
        {
            "user_id": "fabien",
            "session_id": "fabien_1463932777307",
            "timestamp": 1463932719966,
            "sequence_id": 2,
            "section_id": "0",
            "activity_id": "0",
            "activity_kind": "dragdrop",
            "data": {
                "kind": "MousePressed",
                "what": "next_btn",
                "which": "Les checkpoints du cycle cellulaire",
                "x": 1524,
                "y": 683
            }
        },
        {
            "user_id": "fabien",
            "session_id": "fabien_1463932777307",
            "timestamp": 1463932720095,
            "sequence_id": 2,
            "section_id": "0",
            "activity_id": "0",
            "activity_kind": "dragdrop",
            "data": {
                "kind": "MouseReleased",
                "what": "next_btn",
                "which": "Les checkpoints du cycle cellulaire",
                "x": 1524,
                "y": 683
            }
        },
        {
            "user_id": "fabien",
            "session_id": "fabien_1463932777307",
            "timestamp": 1463932720124,
            "sequence_id": 2,
            "section_id": "0",
            "activity_id": "0",
            "activity_kind": "dragdrop",
            "data": {
                "kind": "Click",
                "what": "next_btn",
                "which": "Les checkpoints du cycle cellulaire",
                "x": 1524,
                "y": 683
            }
        },
        {
            "user_id": "fabien",
            "session_id": "fabien_1463932777307",
            "timestamp": 1463932720181,
            "sequence_id": 2,
            "section_id": "0",
            "activity_id": "1",
            "activity_kind": "dragdrop",
            "data": {
                "kind": "MousePressed",
                "what": "DD_sticker",
                "which": "/ressources/sequence2/act1/dd4.png",
                "x": 1524,
                "y": 683
            }
        },
        {
            "user_id": "fabien",
            "session_id": "fabien_1463932777307",
            "timestamp": 1463932720292,
            "sequence_id": 2,
            "section_id": "0",
            "activity_id": "1",
            "activity_kind": "dragdrop",
            "data": {
                "kind": "MouseReleased",
                "what": "DD_sticker",
                "which": "/ressources/sequence2/act1/dd3.png",
                "x": 1524,
                "y": 683
            }
        },
        {
            "user_id": "fabien",
            "session_id": "fabien_1463932777307",
            "timestamp": 1463932720296,
            "sequence_id": 2,
            "section_id": "0",
            "activity_id": "1",
            "activity_kind": "dragdrop",
            "data": {
                "kind": "Click",
                "what": "DD_sticker",
                "which": "/ressources/sequence2/act1/dd3.png",
                "x": 1524,
                "y": 683
            }
        },
        {
            "user_id": "fabien",
            "session_id": "fabien_1463932777307",
            "timestamp": 1463932720378,
            "sequence_id": 2,
            "section_id": "0",
            "activity_id": "1",
            "activity_kind": "dragdrop",
            "data": {
                "kind": "MousePressed",
                "what": "statement_pane",
                "which": "Contenu ADN dans les différentes phases",
                "x": 1524,
                "y": 683
            }
        },
        {
            "user_id": "fabien",
            "session_id": "fabien_1463932777307",
            "timestamp": 1463932720514,
            "sequence_id": 2,
            "section_id": "0",
            "activity_id": "1",
            "activity_kind": "dragdrop",
            "data": {
                "kind": "MouseReleased",
                "what": "statement_pane",
                "which": "Contenu ADN dans les différentes phases",
                "x": 1524,
                "y": 683
            }
        },
        {
            "user_id": "fabien",
            "session_id": "fabien_1463932777307",
            "timestamp": 1463932720514,
            "sequence_id": 2,
            "section_id": "0",
            "activity_id": "1",
            "activity_kind": "dragdrop",
            "data": {
                "kind": "Click",
                "what": "statement_pane",
                "which": "Contenu ADN dans les différentes phases",
                "x": 1524,
                "y": 683
            }
        },
        {
            "user_id": "fabien",
            "session_id": "fabien_1463932777307",
            "timestamp": 1463932720782,
            "sequence_id": 2,
            "section_id": "0",
            "activity_id": "1",
            "activity_kind": "dragdrop",
            "data": {
                "kind": "MousePressed",
                "what": "outer_pane",
                "which": "body",
                "x": 1524,
                "y": 683
            }
        },
        {
            "user_id": "fabien",
            "session_id": "fabien_1463932777307",
            "timestamp": 1463932720909,
            "sequence_id": 2,
            "section_id": "0",
            "activity_id": "1",
            "activity_kind": "dragdrop",
            "data": {
                "kind": "MouseReleased",
                "what": "correct_btn",
                "which": "Contenu ADN dans les différentes phases",
                "x": 1524,
                "y": 683
            }
        },
        {
            "user_id": "fabien",
            "session_id": "fabien_1463932777307",
            "timestamp": 1463932720995,
            "sequence_id": 2,
            "section_id": "0",
            "activity_id": "1",
            "activity_kind": "dragdrop",
            "data": {
                "kind": "MousePressed",
                "what": "correct_btn",
                "which": "Contenu ADN dans les différentes phases",
                "x": 1524,
                "y": 683
            }
        },
        {
            "user_id": "fabien",
            "session_id": "fabien_1463932777307",
            "timestamp": 1463932721137,
            "sequence_id": 2,
            "section_id": "0",
            "activity_id": "1",
            "activity_kind": "dragdrop",
            "data": {
                "kind": "MouseReleased",
                "what": "correct_btn",
                "which": "Contenu ADN dans les différentes phases",
                "x": 1524,
                "y": 683
            }
        },
        {
            "user_id": "fabien",
            "session_id": "fabien_1463932777307",
            "timestamp": 1463932721139,
            "sequence_id": 2,
            "section_id": "0",
            "activity_id": "1",
            "activity_kind": "dragdrop",
            "data": {
                "kind": "Click",
                "what": "correct_btn",
                "which": "Contenu ADN dans les différentes phases",
                "x": 1524,
                "y": 683
            }
        },
        {
            "user_id": "fabien",
            "session_id": "fabien_1463932777307",
            "timestamp": 1463932721322,
            "sequence_id": 2,
            "section_id": "0",
            "activity_id": "1",
            "activity_kind": "dragdrop",
            "data": {
                "kind": "MouseReleased",
                "what": "correct_btn",
                "which": "Contenu ADN dans les différentes phases",
                "x": 1524,
                "y": 683
            }
        },
        {
            "user_id": "fabien",
            "session_id": "fabien_1463932777307",
            "timestamp": 1463932721324,
            "sequence_id": 2,
            "section_id": "0",
            "activity_id": "1",
            "activity_kind": "dragdrop",
            "data": {
                "kind": "Click",
                "what": "correct_btn",
                "which": "Contenu ADN dans les différentes phases",
                "x": 1524,
                "y": 683
            }
        },
        {
            "user_id": "fabien",
            "session_id": "fabien_1463932777307",
            "timestamp": 1463932721520,
            "sequence_id": 2,
            "section_id": "0",
            "activity_id": "1",
            "activity_kind": "dragdrop",
            "data": {
                "kind": "MouseReleased",
                "what": "correct_btn",
                "which": "Contenu ADN dans les différentes phases",
                "x": 1524,
                "y": 683
            }
        },
        {
            "user_id": "fabien",
            "session_id": "fabien_1463932777307",
            "timestamp": 1463932721523,
            "sequence_id": 2,
            "section_id": "0",
            "activity_id": "1",
            "activity_kind": "dragdrop",
            "data": {
                "kind": "Click",
                "what": "correct_btn",
                "which": "Contenu ADN dans les différentes phases",
                "x": 1524,
                "y": 683
            }
        },
        {
            "user_id": "fabien",
            "session_id": "fabien_1463932777307",
            "timestamp": 1463932721706,
            "sequence_id": 2,
            "section_id": "0",
            "activity_id": "1",
            "activity_kind": "dragdrop",
            "data": {
                "kind": "MouseReleased",
                "what": "next_btn",
                "which": "Contenu ADN dans les différentes phases",
                "x": 1524,
                "y": 683
            }
        },
        {
            "user_id": "fabien",
            "session_id": "fabien_1463932777307",
            "timestamp": 1463932721792,
            "sequence_id": 2,
            "section_id": "0",
            "activity_id": "1",
            "activity_kind": "dragdrop",
            "data": {
                "kind": "MousePressed",
                "what": "next_btn",
                "which": "Contenu ADN dans les différentes phases",
                "x": 1524,
                "y": 683
            }
        },
        {
            "user_id": "fabien",
            "session_id": "fabien_1463932777307",
            "timestamp": 1463932721860,
            "sequence_id": 2,
            "section_id": "0",
            "activity_id": "1",
            "activity_kind": "dragdrop",
            "data": {
                "kind": "MouseReleased",
                "what": "next_btn",
                "which": "Contenu ADN dans les différentes phases",
                "x": 1524,
                "y": 683
            }
        },
        {
            "user_id": "fabien",
            "session_id": "fabien_1463932777307",
            "timestamp": 1463932721868,
            "sequence_id": 2,
            "section_id": "0",
            "activity_id": "1",
            "activity_kind": "dragdrop",
            "data": {
                "kind": "Click",
                "what": "next_btn",
                "which": "Contenu ADN dans les différentes phases",
                "x": 1524,
                "y": 683
            }
        },
        {
            "user_id": "fabien",
            "session_id": "fabien_1463932777307",
            "timestamp": 1463932722446,
            "sequence_id": 2,
            "section_id": "0",
            "activity_id": "1",
            "activity_kind": "dragdrop",
            "data": {
                "kind": "MousePressed",
                "what": "next_btn",
                "which": "Contenu ADN dans les différentes phases",
                "x": 1524,
                "y": 682
            }
        },
        {
            "user_id": "fabien",
            "session_id": "fabien_1463932777307",
            "timestamp": 1463932722562,
            "sequence_id": 2,
            "section_id": "0",
            "activity_id": "1",
            "activity_kind": "dragdrop",
            "data": {
                "kind": "MouseReleased",
                "what": "next_btn",
                "which": "Contenu ADN dans les différentes phases",
                "x": 1525,
                "y": 682
            }
        },
        {
            "user_id": "fabien",
            "session_id": "fabien_1463932777307",
            "timestamp": 1463932722583,
            "sequence_id": 2,
            "section_id": "0",
            "activity_id": "1",
            "activity_kind": "transition",
            "data": {
                "kind": "Click",
                "what": "next_btn",
                "which": "Contenu ADN dans les différentes phases",
                "x": 1525,
                "y": 682
            }
        },
        {
            "user_id": "fabien",
            "session_id": "fabien_1463932777307",
            "timestamp": 1463932722975,
            "sequence_id": 2,
            "section_id": "1",
            "activity_id": "-1",
            "activity_kind": "transition",
            "data": {
                "kind": "Click",
                "what": "transition_pane",
                "which": "requirement",
                "x": 1525,
                "y": 683
            }
        },
        {
            "user_id": "fabien",
            "session_id": "fabien_1463932777307",
            "timestamp": 1463932723434,
            "sequence_id": 2,
            "section_id": "1",
            "activity_id": "-1",
            "activity_kind": "dragdrop",
            "data": {
                "kind": "Click",
                "what": "next_btn",
                "which": "hypothesis",
                "x": 1525,
                "y": 683
            }
        },
        {
            "user_id": "fabien",
            "session_id": "fabien_1463932777307",
            "timestamp": 1463932723525,
            "sequence_id": 2,
            "section_id": "1",
            "activity_id": "0",
            "activity_kind": "dragdrop",
            "data": {
                "kind": "MousePressed",
                "what": "statement_pane",
                "which": "Checkpoint influencé par la privation en facteurs de croissance",
                "x": 1525,
                "y": 684
            }
        },
        {
            "user_id": "fabien",
            "session_id": "fabien_1463932777307",
            "timestamp": 1463932723628,
            "sequence_id": 2,
            "section_id": "1",
            "activity_id": "0",
            "activity_kind": "dragdrop",
            "data": {
                "kind": "MouseReleased",
                "what": "statement_pane",
                "which": "Checkpoint influencé par la privation en facteurs de croissance",
                "x": 1525,
                "y": 684
            }
        },
        {
            "user_id": "fabien",
            "session_id": "fabien_1463932777307",
            "timestamp": 1463932723629,
            "sequence_id": 2,
            "section_id": "1",
            "activity_id": "0",
            "activity_kind": "dragdrop",
            "data": {
                "kind": "Click",
                "what": "statement_pane",
                "which": "Checkpoint influencé par la privation en facteurs de croissance",
                "x": 1525,
                "y": 684
            }
        },
        {
            "user_id": "fabien",
            "session_id": "fabien_1463932777307",
            "timestamp": 1463932724063,
            "sequence_id": 2,
            "section_id": "1",
            "activity_id": "0",
            "activity_kind": "dragdrop",
            "data": {
                "kind": "MousePressed",
                "what": "statement_pane",
                "which": "Checkpoint influencé par la privation en facteurs de croissance",
                "x": 1525,
                "y": 684
            }
        },
        {
            "user_id": "fabien",
            "session_id": "fabien_1463932777307",
            "timestamp": 1463932724194,
            "sequence_id": 2,
            "section_id": "1",
            "activity_id": "0",
            "activity_kind": "dragdrop",
            "data": {
                "kind": "MouseReleased",
                "what": "next_btn",
                "which": "Checkpoint influencé par la privation en facteurs de croissance",
                "x": 1525,
                "y": 684
            }
        },
        {
            "user_id": "fabien",
            "session_id": "fabien_1463932777307",
            "timestamp": 1463932724314,
            "sequence_id": 2,
            "section_id": "1",
            "activity_id": "0",
            "activity_kind": "dragdrop",
            "data": {
                "kind": "MousePressed",
                "what": "next_btn",
                "which": "Checkpoint influencé par la privation en facteurs de croissance",
                "x": 1525,
                "y": 684
            }
        },
        {
            "user_id": "fabien",
            "session_id": "fabien_1463932777307",
            "timestamp": 1463932724395,
            "sequence_id": 2,
            "section_id": "1",
            "activity_id": "0",
            "activity_kind": "dragdrop",
            "data": {
                "kind": "MouseReleased",
                "what": "next_btn",
                "which": "Checkpoint influencé par la privation en facteurs de croissance",
                "x": 1525,
                "y": 684
            }
        },
        {
            "user_id": "fabien",
            "session_id": "fabien_1463932777307",
            "timestamp": 1463932724398,
            "sequence_id": 2,
            "section_id": "1",
            "activity_id": "0",
            "activity_kind": "dragdrop",
            "data": {
                "kind": "Click",
                "what": "next_btn",
                "which": "Checkpoint influencé par la privation en facteurs de croissance",
                "x": 1525,
                "y": 684
            }
        },
        {
            "user_id": "fabien",
            "session_id": "fabien_1463932777307",
            "timestamp": 1463932724497,
            "sequence_id": 2,
            "section_id": "1",
            "activity_id": "0",
            "activity_kind": "dragdrop",
            "data": {
                "kind": "MousePressed",
                "what": "next_btn",
                "which": "Checkpoint influencé par la privation en facteurs de croissance",
                "x": 1525,
                "y": 684
            }
        },
        {
            "user_id": "fabien",
            "session_id": "fabien_1463932777307",
            "timestamp": 1463932724624,
            "sequence_id": 2,
            "section_id": "1",
            "activity_id": "0",
            "activity_kind": "dragdrop",
            "data": {
                "kind": "MouseReleased",
                "what": "next_btn",
                "which": "Checkpoint influencé par la privation en facteurs de croissance",
                "x": 1525,
                "y": 684
            }
        },
        {
            "user_id": "fabien",
            "session_id": "fabien_1463932777307",
            "timestamp": 1463932724643,
            "sequence_id": 2,
            "section_id": "1",
            "activity_id": "0",
            "activity_kind": "curvetest",
            "data": {
                "kind": "Click",
                "what": "next_btn",
                "which": "Checkpoint influencé par la privation en facteurs de croissance",
                "x": 1525,
                "y": 684
            }
        },
        {
            "user_id": "fabien",
            "session_id": "fabien_1463932777307",
            "timestamp": 1463932724872,
            "sequence_id": 2,
            "section_id": "1",
            "activity_id": "1",
            "activity_kind": "curvetest",
            "data": {
                "kind": "Click",
                "what": "statement_pane",
                "which": "Evolution du nombre de cellules",
                "x": 1525,
                "y": 684
            }
        },
        {
            "user_id": "fabien",
            "session_id": "fabien_1463932777307",
            "timestamp": 1463932725674,
            "sequence_id": 2,
            "section_id": "1",
            "activity_id": "1",
            "activity_kind": "curvetest",
            "data": {
                "kind": "Click",
                "what": "next_btn",
                "which": "Evolution du nombre de cellules",
                "x": 1525,
                "y": 684
            }
        },
        {
            "user_id": "fabien",
            "session_id": "fabien_1463932777307",
            "timestamp": 1463932725892,
            "sequence_id": 2,
            "section_id": "1",
            "activity_id": "1",
            "activity_kind": "transition",
            "data": {
                "kind": "Click",
                "what": "next_btn",
                "which": "Evolution du nombre de cellules",
                "x": 1525,
                "y": 684
            }
        },
        {
            "user_id": "fabien",
            "session_id": "fabien_1463932777307",
            "timestamp": 1463932726149,
            "sequence_id": 2,
            "section_id": "2",
            "activity_id": "-1",
            "activity_kind": "transition",
            "data": {
                "kind": "Click",
                "what": "transition_pane",
                "which": "protocol",
                "x": 1525,
                "y": 684
            }
        },
        {
            "user_id": "fabien",
            "session_id": "fabien_1463932777307",
            "timestamp": 1463932726861,
            "sequence_id": 2,
            "section_id": "2",
            "activity_id": "-1",
            "activity_kind": "planif",
            "data": {
                "kind": "Click",
                "what": "next_btn",
                "which": "protocol",
                "x": 1525,
                "y": 684
            }
        },
        {
            "user_id": "fabien",
            "session_id": "fabien_1463932777307",
            "timestamp": 1463932727043,
            "sequence_id": 2,
            "section_id": "2",
            "activity_id": "0",
            "activity_kind": "planif",
            "data": {
                "kind": "Click",
                "what": "statement_pane",
                "which": "Planification du protocole expérimental",
                "x": 1525,
                "y": 684
            }
        },
        {
            "user_id": "fabien",
            "session_id": "fabien_1463932777307",
            "timestamp": 1463932727249,
            "sequence_id": 2,
            "section_id": "2",
            "activity_id": "0",
            "activity_kind": "planif",
            "data": {
                "kind": "Click",
                "what": "statement_pane",
                "which": "Planification du protocole expérimental",
                "x": 1525,
                "y": 684
            }
        },
        {
            "user_id": "fabien",
            "session_id": "fabien_1463932777307",
            "timestamp": 1463932727879,
            "sequence_id": 2,
            "section_id": "2",
            "activity_id": "0",
            "activity_kind": "planif",
            "data": {
                "kind": "Click",
                "what": "correct_btn",
                "which": "Planification du protocole expérimental",
                "x": 1525,
                "y": 684
            }
        },
        {
            "user_id": "fabien",
            "session_id": "fabien_1463932777307",
            "timestamp": 1463932730338,
            "sequence_id": 2,
            "section_id": "2",
            "activity_id": "0",
            "activity_kind": "planif",
            "data": {
                "kind": "Click",
                "what": "correct_btn",
                "which": "Planification du protocole expérimental",
                "x": 1552,
                "y": 688
            }
        },
        {
            "user_id": "fabien",
            "session_id": "fabien_1463932777307",
            "timestamp": 1463932730533,
            "sequence_id": 2,
            "section_id": "2",
            "activity_id": "0",
            "activity_kind": "planif",
            "data": {
                "kind": "Click",
                "what": "correct_btn",
                "which": "Planification du protocole expérimental",
                "x": 1552,
                "y": 688
            }
        },
        {
            "user_id": "fabien",
            "session_id": "fabien_1463932777307",
            "timestamp": 1463932730722,
            "sequence_id": 2,
            "section_id": "2",
            "activity_id": "0",
            "activity_kind": "planif",
            "data": {
                "kind": "Click",
                "what": "next_btn",
                "which": "Planification du protocole expérimental",
                "x": 1552,
                "y": 688
            }
        },
        {
            "user_id": "fabien",
            "session_id": "fabien_1463932777307",
            "timestamp": 1463932730934,
            "sequence_id": 2,
            "section_id": "2",
            "activity_id": "0",
            "activity_kind": "dragdrop",
            "data": {
                "kind": "Click",
                "what": "next_btn",
                "which": "Planification du protocole expérimental",
                "x": 1552,
                "y": 688
            }
        },
        {
            "user_id": "fabien",
            "session_id": "fabien_1463932777307",
            "timestamp": 1463932731853,
            "sequence_id": 2,
            "section_id": "2",
            "activity_id": "1",
            "activity_kind": "dragdrop",
            "data": {
                "kind": "MousePressed",
                "what": "correct_btn",
                "which": "Nombres de boîtes de Pétri",
                "x": 1552,
                "y": 688
            }
        },
        {
            "user_id": "fabien",
            "session_id": "fabien_1463932777307",
            "timestamp": 1463932731960,
            "sequence_id": 2,
            "section_id": "2",
            "activity_id": "1",
            "activity_kind": "dragdrop",
            "data": {
                "kind": "MouseReleased",
                "what": "correct_btn",
                "which": "Nombres de boîtes de Pétri",
                "x": 1552,
                "y": 688
            }
        },
        {
            "user_id": "fabien",
            "session_id": "fabien_1463932777307",
            "timestamp": 1463932731962,
            "sequence_id": 2,
            "section_id": "2",
            "activity_id": "1",
            "activity_kind": "dragdrop",
            "data": {
                "kind": "Click",
                "what": "correct_btn",
                "which": "Nombres de boîtes de Pétri",
                "x": 1552,
                "y": 688
            }
        },
        {
            "user_id": "fabien",
            "session_id": "fabien_1463932777307",
            "timestamp": 1463932732222,
            "sequence_id": 2,
            "section_id": "2",
            "activity_id": "1",
            "activity_kind": "dragdrop",
            "data": {
                "kind": "MousePressed",
                "what": "correct_btn",
                "which": "Nombres de boîtes de Pétri",
                "x": 1552,
                "y": 688
            }
        },
        {
            "user_id": "fabien",
            "session_id": "fabien_1463932777307",
            "timestamp": 1463932732336,
            "sequence_id": 2,
            "section_id": "2",
            "activity_id": "1",
            "activity_kind": "dragdrop",
            "data": {
                "kind": "MouseReleased",
                "what": "correct_btn",
                "which": "Nombres de boîtes de Pétri",
                "x": 1552,
                "y": 688
            }
        },
        {
            "user_id": "fabien",
            "session_id": "fabien_1463932777307",
            "timestamp": 1463932732338,
            "sequence_id": 2,
            "section_id": "2",
            "activity_id": "1",
            "activity_kind": "dragdrop",
            "data": {
                "kind": "Click",
                "what": "correct_btn",
                "which": "Nombres de boîtes de Pétri",
                "x": 1552,
                "y": 688
            }
        },
        {
            "user_id": "fabien",
            "session_id": "fabien_1463932777307",
            "timestamp": 1463932732518,
            "sequence_id": 2,
            "section_id": "2",
            "activity_id": "1",
            "activity_kind": "dragdrop",
            "data": {
                "kind": "MouseReleased",
                "what": "correct_btn",
                "which": "Nombres de boîtes de Pétri",
                "x": 1552,
                "y": 688
            }
        },
        {
            "user_id": "fabien",
            "session_id": "fabien_1463932777307",
            "timestamp": 1463932732524,
            "sequence_id": 2,
            "section_id": "2",
            "activity_id": "1",
            "activity_kind": "dragdrop",
            "data": {
                "kind": "Click",
                "what": "correct_btn",
                "which": "Nombres de boîtes de Pétri",
                "x": 1552,
                "y": 688
            }
        },
        {
            "user_id": "fabien",
            "session_id": "fabien_1463932777307",
            "timestamp": 1463932732701,
            "sequence_id": 2,
            "section_id": "2",
            "activity_id": "1",
            "activity_kind": "dragdrop",
            "data": {
                "kind": "MouseReleased",
                "what": "next_btn",
                "which": "Nombres de boîtes de Pétri",
                "x": 1552,
                "y": 688
            }
        },
        {
            "user_id": "fabien",
            "session_id": "fabien_1463932777307",
            "timestamp": 1463932733030,
            "sequence_id": 2,
            "section_id": "2",
            "activity_id": "1",
            "activity_kind": "dragdrop",
            "data": {
                "kind": "MousePressed",
                "what": "next_btn",
                "which": "Nombres de boîtes de Pétri",
                "x": 1552,
                "y": 688
            }
        },
        {
            "user_id": "fabien",
            "session_id": "fabien_1463932777307",
            "timestamp": 1463932733162,
            "sequence_id": 2,
            "section_id": "2",
            "activity_id": "1",
            "activity_kind": "dragdrop",
            "data": {
                "kind": "MouseReleased",
                "what": "next_btn",
                "which": "Nombres de boîtes de Pétri",
                "x": 1552,
                "y": 688
            }
        },
        {
            "user_id": "fabien",
            "session_id": "fabien_1463932777307",
            "timestamp": 1463932733172,
            "sequence_id": 2,
            "section_id": "2",
            "activity_id": "1",
            "activity_kind": "dragdrop",
            "data": {
                "kind": "Click",
                "what": "next_btn",
                "which": "Nombres de boîtes de Pétri",
                "x": 1552,
                "y": 688
            }
        },
        {
            "user_id": "fabien",
            "session_id": "fabien_1463932777307",
            "timestamp": 1463932733773,
            "sequence_id": 2,
            "section_id": "2",
            "activity_id": "1",
            "activity_kind": "dragdrop",
            "data": {
                "kind": "MousePressed",
                "what": "next_btn",
                "which": "Nombres de boîtes de Pétri",
                "x": 1552,
                "y": 688
            }
        },
        {
            "user_id": "fabien",
            "session_id": "fabien_1463932777307",
            "timestamp": 1463932733940,
            "sequence_id": 2,
            "section_id": "2",
            "activity_id": "1",
            "activity_kind": "dragdrop",
            "data": {
                "kind": "MouseReleased",
                "what": "next_btn",
                "which": "Nombres de boîtes de Pétri",
                "x": 1552,
                "y": 688
            }
        },
        {
            "user_id": "fabien",
            "session_id": "fabien_1463932777307",
            "timestamp": 1463932733950,
            "sequence_id": 2,
            "section_id": "2",
            "activity_id": "1",
            "activity_kind": "transition",
            "data": {
                "kind": "Click",
                "what": "next_btn",
                "which": "Nombres de boîtes de Pétri",
                "x": 1552,
                "y": 688
            }
        },
        {
            "user_id": "fabien",
            "session_id": "fabien_1463932777307",
            "timestamp": 1463932734971,
            "sequence_id": 2,
            "section_id": "2",
            "activity_id": "2",
            "activity_kind": "transition",
            "data": {
                "kind": "Click",
                "what": "next_btn",
                "which": "Densité cellulaire",
                "x": 1552,
                "y": 688
            }
        },
        {
            "user_id": "fabien",
            "session_id": "fabien_1463932777307",
            "timestamp": 1463932735197,
            "sequence_id": 2,
            "section_id": "2",
            "activity_id": "3",
            "activity_kind": "transition",
            "data": {
                "kind": "Click",
                "what": "transition_pane",
                "which": "Nombre de cellules par boîte et taille des boîtes",
                "x": 1552,
                "y": 688
            }
        },
        {
            "user_id": "fabien",
            "session_id": "fabien_1463932777307",
            "timestamp": 1463932735984,
            "sequence_id": 2,
            "section_id": "2",
            "activity_id": "3",
            "activity_kind": "transition",
            "data": {
                "kind": "Click",
                "what": "next_btn",
                "which": "Nombre de cellules par boîte et taille des boîtes",
                "x": 1552,
                "y": 688
            }
        },
        {
            "user_id": "fabien",
            "session_id": "fabien_1463932777307",
            "timestamp": 1463932736825,
            "sequence_id": 2,
            "section_id": "2",
            "activity_id": "4",
            "activity_kind": "doublepipette",
            "data": {
                "kind": "Click",
                "what": "next_btn",
                "which": "Ensemencement",
                "x": 1552,
                "y": 688
            }
        },
        {
            "user_id": "fabien",
            "session_id": "fabien_1463932777307",
            "timestamp": 1463932743525,
            "sequence_id": 2,
            "section_id": "2",
            "activity_id": "5",
            "activity_kind": "doublepipette",
            "data": {
                "kind": "Click",
                "what": "main_pane",
                "which": "Changement de milieu",
                "x": 1096,
                "y": 307
            }
        },
        {
            "user_id": "fabien",
            "session_id": "fabien_1463932777307",
            "timestamp": 1463932744598,
            "sequence_id": 2,
            "section_id": "2",
            "activity_id": "5",
            "activity_kind": "doublepipette",
            "data": {
                "kind": "Click",
                "what": "select_milieu",
                "which": "Changement de milieu",
                "x": 1347,
                "y": 370
            }
        },
        {
            "user_id": "fabien",
            "session_id": "fabien_1463932777307",
            "timestamp": 1463932744598,
            "sequence_id": 2,
            "section_id": "2",
            "activity_id": "5",
            "activity_kind": "doublepipette",
            "data": {
                "kind": "Click",
                "what": "select_milieu",
                "which": "Changement de milieu",
                "x": 1347,
                "y": 370
            }
        },
        {
            "user_id": "fabien",
            "session_id": "fabien_1463932777307",
            "timestamp": 1463932800209,
            "sequence_id": 2,
            "section_id": "2",
            "activity_id": "5",
            "activity_kind": "doublepipette",
            "data": {
                "kind": "Click",
                "what": "add_culture_treated",
                "which": "Changement de milieu",
                "x": 1467,
                "y": 523
            }
        },
        {
            "user_id": "fabien",
            "session_id": "fabien_1463932777307",
            "timestamp": 1463932804141,
            "sequence_id": 2,
            "section_id": "2",
            "activity_id": "5",
            "activity_kind": "doublepipette",
            "data": {
                "kind": "Click",
                "what": "select_milieu",
                "which": "Changement de milieu",
                "x": 1352,
                "y": 389
            }
        },
        {
            "user_id": "fabien",
            "session_id": "fabien_1463932777307",
            "timestamp": 1463932804141,
            "sequence_id": 2,
            "section_id": "2",
            "activity_id": "5",
            "activity_kind": "doublepipette",
            "data": {
                "kind": "Click",
                "what": "select_milieu",
                "which": "Changement de milieu",
                "x": 1352,
                "y": 389
            }
        },
        {
            "user_id": "fabien",
            "session_id": "fabien_1463932777307",
            "timestamp": 1463932808405,
            "sequence_id": 2,
            "section_id": "2",
            "activity_id": "5",
            "activity_kind": "doublepipette",
            "data": {
                "kind": "Click",
                "what": "pipette_3",
                "which": "Changement de milieu",
                "x": 1524,
                "y": 442
            }
        },
        {
            "user_id": "fabien",
            "session_id": "fabien_1463932777307",
            "timestamp": 1463932808415,
            "sequence_id": 2,
            "section_id": "2",
            "activity_id": "5",
            "activity_kind": "doublepipette",
            "data": {
                "kind": "Click",
                "what": "pipette_3",
                "which": "Changement de milieu",
                "x": 1524,
                "y": 442
            }
        },
        {
            "user_id": "fabien",
            "session_id": "fabien_1463932777307",
            "timestamp": 1463932809051,
            "sequence_id": 2,
            "section_id": "2",
            "activity_id": "5",
            "activity_kind": "doublepipette",
            "data": {
                "kind": "Click",
                "what": "pipette_3",
                "which": "Changement de milieu",
                "x": 1527,
                "y": 442
            }
        },
        {
            "user_id": "fabien",
            "session_id": "fabien_1463932777307",
            "timestamp": 1463932809061,
            "sequence_id": 2,
            "section_id": "2",
            "activity_id": "5",
            "activity_kind": "doublepipette",
            "data": {
                "kind": "Click",
                "what": "pipette_3",
                "which": "Changement de milieu",
                "x": 1527,
                "y": 442
            }
        },
        {
            "user_id": "fabien",
            "session_id": "fabien_1463932777307",
            "timestamp": 1463932810176,
            "sequence_id": 2,
            "section_id": "2",
            "activity_id": "5",
            "activity_kind": "doublepipette",
            "data": {
                "kind": "Click",
                "what": "add_temoin",
                "which": "Changement de milieu",
                "x": 1436,
                "y": 568
            }
        },
        {
            "user_id": "fabien",
            "session_id": "fabien_1463932777307",
            "timestamp": 1463932811220,
            "sequence_id": 2,
            "section_id": "2",
            "activity_id": "5",
            "activity_kind": "doublepipette",
            "data": {
                "kind": "Click",
                "what": "add_temoin",
                "which": "Changement de milieu",
                "x": 1436,
                "y": 568
            }
        },
        {
            "user_id": "fabien",
            "session_id": "fabien_1463932777307",
            "timestamp": 1463932812489,
            "sequence_id": 2,
            "section_id": "2",
            "activity_id": "5",
            "activity_kind": "doublepipette",
            "data": {
                "kind": "Click",
                "what": "add_culture_treated",
                "which": "Changement de milieu",
                "x": 1417,
                "y": 522
            }
        },
        {
            "user_id": "fabien",
            "session_id": "fabien_1463932777307",
            "timestamp": 1463932813008,
            "sequence_id": 2,
            "section_id": "2",
            "activity_id": "5",
            "activity_kind": "doublepipette",
            "data": {
                "kind": "Click",
                "what": "add_culture_treated",
                "which": "Changement de milieu",
                "x": 1417,
                "y": 522
            }
        },
        {
            "user_id": "fabien",
            "session_id": "fabien_1463932777307",
            "timestamp": 1463932813192,
            "sequence_id": 2,
            "section_id": "2",
            "activity_id": "5",
            "activity_kind": "doublepipette",
            "data": {
                "kind": "Click",
                "what": "add_culture_treated",
                "which": "Changement de milieu",
                "x": 1417,
                "y": 522
            }
        },
        {
            "user_id": "fabien",
            "session_id": "fabien_1463932777307",
            "timestamp": 1463932814458,
            "sequence_id": 2,
            "section_id": "2",
            "activity_id": "5",
            "activity_kind": "doublepipette",
            "data": {
                "kind": "Click",
                "what": "correct_btn",
                "which": "Changement de milieu",
                "x": 1563,
                "y": 685
            }
        },
        {
            "user_id": "fabien",
            "session_id": "fabien_1463932777307",
            "timestamp": 1463932814818,
            "sequence_id": 2,
            "section_id": "2",
            "activity_id": "5",
            "activity_kind": "doublepipette",
            "data": {
                "kind": "Click",
                "what": "correct_btn",
                "which": "Changement de milieu",
                "x": 1563,
                "y": 684
            }
        },
        {
            "user_id": "fabien",
            "session_id": "fabien_1463932777307",
            "timestamp": 1463932816138,
            "sequence_id": 2,
            "section_id": "2",
            "activity_id": "5",
            "activity_kind": "doublepipette",
            "data": {
                "kind": "Click",
                "what": "correct_btn",
                "which": "Changement de milieu",
                "x": 1563,
                "y": 684
            }
        },
        {
            "user_id": "fabien",
            "session_id": "fabien_1463932777307",
            "timestamp": 1463932816468,
            "sequence_id": 2,
            "section_id": "2",
            "activity_id": "5",
            "activity_kind": "doublepipette",
            "data": {
                "kind": "Click",
                "what": "next_btn",
                "which": "Changement de milieu",
                "x": 1563,
                "y": 684
            }
        },
        {
            "user_id": "fabien",
            "session_id": "fabien_1463932777307",
            "timestamp": 1463932816717,
            "sequence_id": 2,
            "section_id": "2",
            "activity_id": "5",
            "activity_kind": "transition",
            "data": {
                "kind": "Click",
                "what": "next_btn",
                "which": "Changement de milieu",
                "x": 1563,
                "y": 684
            }
        },
        {
            "user_id": "fabien",
            "session_id": "fabien_1463932777307",
            "timestamp": 1463932818288,
            "sequence_id": 2,
            "section_id": "3",
            "activity_id": "-1",
            "activity_kind": "transition",
            "data": {
                "kind": "Click",
                "what": "next_btn",
                "which": "experiment",
                "x": 1527,
                "y": 687
            }
        },
        {
            "user_id": "fabien",
            "session_id": "fabien_1463932777307",
            "timestamp": 1463932820509,
            "sequence_id": 2,
            "section_id": "4",
            "activity_id": "-1",
            "activity_kind": "transition",
            "data": {
                "kind": "Click",
                "what": "outer_pane",
                "which": "body",
                "x": 687,
                "y": 714
            }
        },
        {
            "user_id": "fabien",
            "session_id": "fabien_1463932777307",
            "timestamp": 1463932821008,
            "sequence_id": 2,
            "section_id": "4",
            "activity_id": "-1",
            "activity_kind": "transition",
            "data": {
                "kind": "Click",
                "what": "previous_btn",
                "which": "results",
                "x": 689,
                "y": 696
            }
        },
        {
            "user_id": "fabien",
            "session_id": "fabien_1463932777307",
            "timestamp": 1463932823968,
            "sequence_id": 2,
            "section_id": "3",
            "activity_id": "-1",
            "activity_kind": "transition",
            "data": {
                "kind": "Click",
                "what": "next_btn",
                "which": "experiment",
                "x": 1554,
                "y": 693
            }
        },
        {
            "user_id": "fabien",
            "session_id": "fabien_1463932777307",
            "timestamp": 1463932824951,
            "sequence_id": 2,
            "section_id": "4",
            "activity_id": "-1",
            "activity_kind": "dragdrop",
            "data": {
                "kind": "Click",
                "what": "next_btn",
                "which": "results",
                "x": 1554,
                "y": 693
            }
        },
        {
            "user_id": "fabien",
            "session_id": "fabien_1463932777307",
            "timestamp": 1463932826260,
            "sequence_id": 2,
            "section_id": "4",
            "activity_id": "0",
            "activity_kind": "dragdrop",
            "data": {
                "kind": "MousePressed",
                "what": "correct_btn",
                "which": "Profils de cytométrie de flux au cours de l'expérience",
                "x": 1554,
                "y": 693
            }
        },
        {
            "user_id": "fabien",
            "session_id": "fabien_1463932777307",
            "timestamp": 1463932826453,
            "sequence_id": 2,
            "section_id": "4",
            "activity_id": "0",
            "activity_kind": "dragdrop",
            "data": {
                "kind": "MouseReleased",
                "what": "correct_btn",
                "which": "Profils de cytométrie de flux au cours de l'expérience",
                "x": 1554,
                "y": 693
            }
        },
        {
            "user_id": "fabien",
            "session_id": "fabien_1463932777307",
            "timestamp": 1463932826455,
            "sequence_id": 2,
            "section_id": "4",
            "activity_id": "0",
            "activity_kind": "dragdrop",
            "data": {
                "kind": "Click",
                "what": "correct_btn",
                "which": "Profils de cytométrie de flux au cours de l'expérience",
                "x": 1554,
                "y": 693
            }
        },
        {
            "user_id": "fabien",
            "session_id": "fabien_1463932777307",
            "timestamp": 1463932827431,
            "sequence_id": 2,
            "section_id": "4",
            "activity_id": "0",
            "activity_kind": "dragdrop",
            "data": {
                "kind": "MousePressed",
                "what": "correct_btn",
                "which": "Profils de cytométrie de flux au cours de l'expérience",
                "x": 1554,
                "y": 693
            }
        },
        {
            "user_id": "fabien",
            "session_id": "fabien_1463932777307",
            "timestamp": 1463932827553,
            "sequence_id": 2,
            "section_id": "4",
            "activity_id": "0",
            "activity_kind": "dragdrop",
            "data": {
                "kind": "MouseReleased",
                "what": "correct_btn",
                "which": "Profils de cytométrie de flux au cours de l'expérience",
                "x": 1554,
                "y": 693
            }
        },
        {
            "user_id": "fabien",
            "session_id": "fabien_1463932777307",
            "timestamp": 1463932827560,
            "sequence_id": 2,
            "section_id": "4",
            "activity_id": "0",
            "activity_kind": "dragdrop",
            "data": {
                "kind": "Click",
                "what": "correct_btn",
                "which": "Profils de cytométrie de flux au cours de l'expérience",
                "x": 1554,
                "y": 693
            }
        },
        {
            "user_id": "fabien",
            "session_id": "fabien_1463932777307",
            "timestamp": 1463932827736,
            "sequence_id": 2,
            "section_id": "4",
            "activity_id": "0",
            "activity_kind": "dragdrop",
            "data": {
                "kind": "MousePressed",
                "what": "correct_btn",
                "which": "Profils de cytométrie de flux au cours de l'expérience",
                "x": 1554,
                "y": 693
            }
        },
        {
            "user_id": "fabien",
            "session_id": "fabien_1463932777307",
            "timestamp": 1463932827839,
            "sequence_id": 2,
            "section_id": "4",
            "activity_id": "0",
            "activity_kind": "dragdrop",
            "data": {
                "kind": "MouseReleased",
                "what": "correct_btn",
                "which": "Profils de cytométrie de flux au cours de l'expérience",
                "x": 1554,
                "y": 693
            }
        },
        {
            "user_id": "fabien",
            "session_id": "fabien_1463932777307",
            "timestamp": 1463932827846,
            "sequence_id": 2,
            "section_id": "4",
            "activity_id": "0",
            "activity_kind": "dragdrop",
            "data": {
                "kind": "Click",
                "what": "correct_btn",
                "which": "Profils de cytométrie de flux au cours de l'expérience",
                "x": 1554,
                "y": 693
            }
        },
        {
            "user_id": "fabien",
            "session_id": "fabien_1463932777307",
            "timestamp": 1463932828040,
            "sequence_id": 2,
            "section_id": "4",
            "activity_id": "0",
            "activity_kind": "dragdrop",
            "data": {
                "kind": "MouseReleased",
                "what": "next_btn",
                "which": "Profils de cytométrie de flux au cours de l",
                "x": 1554,
                "y": 693
            }
        },
        {
            "user_id": "fabien",
            "session_id": "fabien_1463932777307",
            "timestamp": 1463932828116,
            "sequence_id": 2,
            "section_id": "4",
            "activity_id": "0",
            "activity_kind": "dragdrop",
            "data": {
                "kind": "MousePressed",
                "what": "next_btn",
                "which": "Profils de cytométrie de flux au cours de l",
                "x": 1554,
                "y": 693
            }
        },
        {
            "user_id": "fabien",
            "session_id": "fabien_1463932777307",
            "timestamp": 1463932828193,
            "sequence_id": 2,
            "section_id": "4",
            "activity_id": "0",
            "activity_kind": "dragdrop",
            "data": {
                "kind": "MouseReleased",
                "what": "next_btn",
                "which": "Profils de cytométrie de flux au cours de l",
                "x": 1554,
                "y": 693
            }
        },
        {
            "user_id": "fabien",
            "session_id": "fabien_1463932777307",
            "timestamp": 1463932828201,
            "sequence_id": 2,
            "section_id": "4",
            "activity_id": "0",
            "activity_kind": "dragdrop",
            "data": {
                "kind": "Click",
                "what": "next_btn",
                "which": "Profils de cytométrie de flux au cours de l",
                "x": 1554,
                "y": 693
            }
        },
        {
            "user_id": "fabien",
            "session_id": "fabien_1463932777307",
            "timestamp": 1463932828317,
            "sequence_id": 2,
            "section_id": "4",
            "activity_id": "0",
            "activity_kind": "dragdrop",
            "data": {
                "kind": "MousePressed",
                "what": "next_btn",
                "which": "Profils de cytométrie de flux au cours de l",
                "x": 1554,
                "y": 693
            }
        },
        {
            "user_id": "fabien",
            "session_id": "fabien_1463932777307",
            "timestamp": 1463932828399,
            "sequence_id": 2,
            "section_id": "4",
            "activity_id": "0",
            "activity_kind": "dragdrop",
            "data": {
                "kind": "MouseReleased",
                "what": "next_btn",
                "which": "Profils de cytométrie de flux au cours de l",
                "x": 1554,
                "y": 693
            }
        },
        {
            "user_id": "fabien",
            "session_id": "fabien_1463932777307",
            "timestamp": 1463932828413,
            "sequence_id": 2,
            "section_id": "4",
            "activity_id": "0",
            "activity_kind": "dragdrop",
            "data": {
                "kind": "Click",
                "what": "next_btn",
                "which": "Profils de cytométrie de flux au cours de l",
                "x": 1554,
                "y": 693
            }
        }
    ]
}