{
    "events": [
        {
            "user_id": "fff",
            "session_id": "fff_1463140273281",
            "timestamp": 1463140223873,
            "sequence_id": 1,
            "section_id": "0",
            "activity_id": "-1",
            "activity_kind": "dragdrop",
            "data": {
                "kind": "Click",
                "what": "next_btn",
                "which": "requirements",
                "x": 1212,
                "y": 696
            }
        },
        {
            "user_id": "fff",
            "session_id": "fff_1463140273281",
            "timestamp": 1463140228823,
            "sequence_id": 1,
            "section_id": "0",
            "activity_id": "0",
            "activity_kind": "dragdrop",
            "data": {
                "kind": "MousePressed",
                "what": "correct_btn",
                "which": "Les phases du cycle cellulaire",
                "x": 1230,
                "y": 690
            }
        },
        {
            "user_id": "fff",
            "session_id": "fff_1463140273281",
            "timestamp": 1463140228897,
            "sequence_id": 1,
            "section_id": "0",
            "activity_id": "0",
            "activity_kind": "dragdrop",
            "data": {
                "kind": "MouseReleased",
                "what": "correct_btn",
                "which": "Les phases du cycle cellulaire",
                "x": 1230,
                "y": 690
            }
        },
        {
            "user_id": "fff",
            "session_id": "fff_1463140273281",
            "timestamp": 1463140228949,
            "sequence_id": 1,
            "section_id": "0",
            "activity_id": "0",
            "activity_kind": "dragdrop",
            "data": {
                "kind": "Click",
                "what": "correct_btn",
                "which": "Les phases du cycle cellulaire",
                "x": 1230,
                "y": 690
            }
        },
        {
            "user_id": "fff",
            "session_id": "fff_1463140273281",
            "timestamp": 1463140229593,
            "sequence_id": 1,
            "section_id": "0",
            "activity_id": "0",
            "activity_kind": "dragdrop",
            "data": {
                "kind": "MousePressed",
                "what": "correct_btn",
                "which": "Les phases du cycle cellulaire",
                "x": 1224,
                "y": 691
            }
        },
        {
            "user_id": "fff",
            "session_id": "fff_1463140273281",
            "timestamp": 1463140229679,
            "sequence_id": 1,
            "section_id": "0",
            "activity_id": "0",
            "activity_kind": "dragdrop",
            "data": {
                "kind": "MouseReleased",
                "what": "correct_btn",
                "which": "Les phases du cycle cellulaire",
                "x": 1224,
                "y": 691
            }
        },
        {
            "user_id": "fff",
            "session_id": "fff_1463140273281",
            "timestamp": 1463140229710,
            "sequence_id": 1,
            "section_id": "0",
            "activity_id": "0",
            "activity_kind": "dragdrop",
            "data": {
                "kind": "Click",
                "what": "correct_btn",
                "which": "Les phases du cycle cellulaire",
                "x": 1224,
                "y": 691
            }
        },
        {
            "user_id": "fff",
            "session_id": "fff_1463140273281",
            "timestamp": 1463140230123,
            "sequence_id": 1,
            "section_id": "0",
            "activity_id": "0",
            "activity_kind": "dragdrop",
            "data": {
                "kind": "MousePressed",
                "what": "correct_btn",
                "which": "Les phases du cycle cellulaire",
                "x": 1224,
                "y": 691
            }
        },
        {
            "user_id": "fff",
            "session_id": "fff_1463140273281",
            "timestamp": 1463140230224,
            "sequence_id": 1,
            "section_id": "0",
            "activity_id": "0",
            "activity_kind": "dragdrop",
            "data": {
                "kind": "MouseReleased",
                "what": "correct_btn",
                "which": "Les phases du cycle cellulaire",
                "x": 1224,
                "y": 691
            }
        },
        {
            "user_id": "fff",
            "session_id": "fff_1463140273281",
            "timestamp": 1463140230258,
            "sequence_id": 1,
            "section_id": "0",
            "activity_id": "0",
            "activity_kind": "dragdrop",
            "data": {
                "kind": "Click",
                "what": "correct_btn",
                "which": "Les phases du cycle cellulaire",
                "x": 1224,
                "y": 691
            }
        },
        {
            "user_id": "fff",
            "session_id": "fff_1463140273281",
            "timestamp": 1463140230513,
            "sequence_id": 1,
            "section_id": "0",
            "activity_id": "0",
            "activity_kind": "dragdrop",
            "data": {
                "kind": "MousePressed",
                "what": "next_btn",
                "which": "Les phases du cycle cellulaire",
                "x": 1224,
                "y": 691
            }
        },
        {
            "user_id": "fff",
            "session_id": "fff_1463140273281",
            "timestamp": 1463140230599,
            "sequence_id": 1,
            "section_id": "0",
            "activity_id": "0",
            "activity_kind": "dragdrop",
            "data": {
                "kind": "MouseReleased",
                "what": "next_btn",
                "which": "Les phases du cycle cellulaire",
                "x": 1224,
                "y": 691
            }
        },
        {
            "user_id": "fff",
            "session_id": "fff_1463140273281",
            "timestamp": 1463140230648,
            "sequence_id": 1,
            "section_id": "0",
            "activity_id": "0",
            "activity_kind": "dragdrop",
            "data": {
                "kind": "Click",
                "what": "next_btn",
                "which": "Les phases du cycle cellulaire",
                "x": 1224,
                "y": 691
            }
        },
        {
            "user_id": "fff",
            "session_id": "fff_1463140273281",
            "timestamp": 1463140231337,
            "sequence_id": 1,
            "section_id": "0",
            "activity_id": "0",
            "activity_kind": "dragdrop",
            "data": {
                "kind": "MousePressed",
                "what": "next_btn",
                "which": "Les phases du cycle cellulaire",
                "x": 1224,
                "y": 691
            }
        },
        {
            "user_id": "fff",
            "session_id": "fff_1463140273281",
            "timestamp": 1463140231431,
            "sequence_id": 1,
            "section_id": "0",
            "activity_id": "0",
            "activity_kind": "dragdrop",
            "data": {
                "kind": "MouseReleased",
                "what": "next_btn",
                "which": "Les phases du cycle cellulaire",
                "x": 1224,
                "y": 691
            }
        },
        {
            "user_id": "fff",
            "session_id": "fff_1463140273281",
            "timestamp": 1463140231475,
            "sequence_id": 1,
            "section_id": "0",
            "activity_id": "0",
            "activity_kind": "transition",
            "data": {
                "kind": "Click",
                "what": "next_btn",
                "which": "Les phases du cycle cellulaire",
                "x": 1224,
                "y": 691
            }
        },
        {
            "user_id": "fff",
            "session_id": "fff_1463140273281",
            "timestamp": 1463140234550,
            "sequence_id": 1,
            "section_id": "1",
            "activity_id": "-1",
            "activity_kind": "dragdrop",
            "data": {
                "kind": "Click",
                "what": "next_btn",
                "which": "hypothesis",
                "x": 1227,
                "y": 689
            }
        },
        {
            "user_id": "fff",
            "session_id": "fff_1463140273281",
            "timestamp": 1463140235857,
            "sequence_id": 1,
            "section_id": "1",
            "activity_id": "0",
            "activity_kind": "dragdrop",
            "data": {
                "kind": "MousePressed",
                "what": "next_btn",
                "which": "La durée des phases du cycle cellulaire",
                "x": 1223,
                "y": 686
            }
        },
        {
            "user_id": "fff",
            "session_id": "fff_1463140273281",
            "timestamp": 1463140235937,
            "sequence_id": 1,
            "section_id": "1",
            "activity_id": "0",
            "activity_kind": "dragdrop",
            "data": {
                "kind": "MouseReleased",
                "what": "next_btn",
                "which": "La durée des phases du cycle cellulaire",
                "x": 1223,
                "y": 686
            }
        },
        {
            "user_id": "fff",
            "session_id": "fff_1463140273281",
            "timestamp": 1463140235995,
            "sequence_id": 1,
            "section_id": "1",
            "activity_id": "0",
            "activity_kind": "dragdrop",
            "data": {
                "kind": "Click",
                "what": "next_btn",
                "which": "La durée des phases du cycle cellulaire",
                "x": 1223,
                "y": 686
            }
        },
        {
            "user_id": "fff",
            "session_id": "fff_1463140273281",
            "timestamp": 1463140236603,
            "sequence_id": 1,
            "section_id": "1",
            "activity_id": "0",
            "activity_kind": "dragdrop",
            "data": {
                "kind": "MousePressed",
                "what": "next_btn",
                "which": "La durée des phases du cycle cellulaire",
                "x": 1223,
                "y": 692
            }
        },
        {
            "user_id": "fff",
            "session_id": "fff_1463140273281",
            "timestamp": 1463140236671,
            "sequence_id": 1,
            "section_id": "1",
            "activity_id": "0",
            "activity_kind": "dragdrop",
            "data": {
                "kind": "MouseReleased",
                "what": "next_btn",
                "which": "La durée des phases du cycle cellulaire",
                "x": 1223,
                "y": 692
            }
        },
        {
            "user_id": "fff",
            "session_id": "fff_1463140273281",
            "timestamp": 1463140236755,
            "sequence_id": 1,
            "section_id": "1",
            "activity_id": "0",
            "activity_kind": "curvetest",
            "data": {
                "kind": "Click",
                "what": "next_btn",
                "which": "La durée des phases du cycle cellulaire",
                "x": 1223,
                "y": 692
            }
        },
        {
            "user_id": "fff",
            "session_id": "fff_1463140273281",
            "timestamp": 1463140238046,
            "sequence_id": 1,
            "section_id": "1",
            "activity_id": "1",
            "activity_kind": "curvetest",
            "data": {
                "kind": "Click",
                "what": "next_btn",
                "which": "Courbe de croissance dans des conditions optimales",
                "x": 1223,
                "y": 692
            }
        },
        {
            "user_id": "fff",
            "session_id": "fff_1463140273281",
            "timestamp": 1463140247141,
            "sequence_id": 1,
            "section_id": "1",
            "activity_id": "1",
            "activity_kind": "transition",
            "data": {
                "kind": "Click",
                "what": "next_btn",
                "which": "Courbe de croissance dans des conditions optimales",
                "x": 1223,
                "y": 692
            }
        },
        {
            "user_id": "fff",
            "session_id": "fff_1463140273281",
            "timestamp": 1463140258062,
            "sequence_id": 1,
            "section_id": "2",
            "activity_id": "-1",
            "activity_kind": "transition",
            "data": {
                "kind": "Click",
                "what": "next_btn",
                "which": "protocol",
                "x": 1233,
                "y": 700
            }
        },
        {
            "user_id": "fff",
            "session_id": "fff_1463140273281",
            "timestamp": 1463140259256,
            "sequence_id": 1,
            "section_id": "2",
            "activity_id": "0",
            "activity_kind": "transition",
            "data": {
                "kind": "Click",
                "what": "next_btn",
                "which": "Planification du protocole expérimental",
                "x": 1233,
                "y": 700
            }
        },
        {
            "user_id": "fff",
            "session_id": "fff_1463140273281",
            "timestamp": 1463140260496,
            "sequence_id": 1,
            "section_id": "2",
            "activity_id": "1",
            "activity_kind": "counttest",
            "data": {
                "kind": "Click",
                "what": "next_btn",
                "which": "Nombres de boîtes de Pétri",
                "x": 1233,
                "y": 700
            }
        },
        {
            "user_id": "fff",
            "session_id": "fff_1463140273281",
            "timestamp": 1463140262059,
            "sequence_id": 1,
            "section_id": "2",
            "activity_id": "2",
            "activity_kind": "counttest",
            "data": {
                "kind": "Click",
                "what": "count_btn_A",
                "which": "Comptage",
                "x": 1217,
                "y": 474
            }
        },
        {
            "user_id": "fff",
            "session_id": "fff_1463140273281",
            "timestamp": 1463140262248,
            "sequence_id": 1,
            "section_id": "2",
            "activity_id": "2",
            "activity_kind": "counttest",
            "data": {
                "kind": "Click",
                "what": "count_btn_A",
                "which": "Comptage",
                "x": 1217,
                "y": 474
            }
        },
        {
            "user_id": "fff",
            "session_id": "fff_1463140273281",
            "timestamp": 1463140262400,
            "sequence_id": 1,
            "section_id": "2",
            "activity_id": "2",
            "activity_kind": "counttest",
            "data": {
                "kind": "Click",
                "what": "count_btn_A",
                "which": "Comptage",
                "x": 1217,
                "y": 474
            }
        },
        {
            "user_id": "fff",
            "session_id": "fff_1463140273281",
            "timestamp": 1463140262553,
            "sequence_id": 1,
            "section_id": "2",
            "activity_id": "2",
            "activity_kind": "counttest",
            "data": {
                "kind": "Click",
                "what": "count_btn_A",
                "which": "Comptage",
                "x": 1217,
                "y": 474
            }
        },
        {
            "user_id": "fff",
            "session_id": "fff_1463140273281",
            "timestamp": 1463140262938,
            "sequence_id": 1,
            "section_id": "2",
            "activity_id": "2",
            "activity_kind": "counttest",
            "data": {
                "kind": "Click",
                "what": "count_btn_B",
                "which": "Comptage",
                "x": 1211,
                "y": 536
            }
        },
        {
            "user_id": "fff",
            "session_id": "fff_1463140273281",
            "timestamp": 1463140263081,
            "sequence_id": 1,
            "section_id": "2",
            "activity_id": "2",
            "activity_kind": "counttest",
            "data": {
                "kind": "Click",
                "what": "count_btn_B",
                "which": "Comptage",
                "x": 1211,
                "y": 536
            }
        },
        {
            "user_id": "fff",
            "session_id": "fff_1463140273281",
            "timestamp": 1463140263224,
            "sequence_id": 1,
            "section_id": "2",
            "activity_id": "2",
            "activity_kind": "counttest",
            "data": {
                "kind": "Click",
                "what": "count_btn_B",
                "which": "Comptage",
                "x": 1211,
                "y": 536
            }
        },
        {
            "user_id": "fff",
            "session_id": "fff_1463140273281",
            "timestamp": 1463140263376,
            "sequence_id": 1,
            "section_id": "2",
            "activity_id": "2",
            "activity_kind": "counttest",
            "data": {
                "kind": "Click",
                "what": "count_btn_B",
                "which": "Comptage",
                "x": 1211,
                "y": 536
            }
        },
        {
            "user_id": "fff",
            "session_id": "fff_1463140273281",
            "timestamp": 1463140263520,
            "sequence_id": 1,
            "section_id": "2",
            "activity_id": "2",
            "activity_kind": "counttest",
            "data": {
                "kind": "Click",
                "what": "count_btn_B",
                "which": "Comptage",
                "x": 1211,
                "y": 536
            }
        },
        {
            "user_id": "fff",
            "session_id": "fff_1463140273281",
            "timestamp": 1463140264335,
            "sequence_id": 1,
            "section_id": "2",
            "activity_id": "2",
            "activity_kind": "counttest",
            "data": {
                "kind": "Click",
                "what": "count_field_C",
                "which": "Comptage",
                "x": 1123,
                "y": 592
            }
        },
        {
            "user_id": "fff",
            "session_id": "fff_1463140273281",
            "timestamp": 1463140265504,
            "sequence_id": 1,
            "section_id": "2",
            "activity_id": "2",
            "activity_kind": "counttest",
            "data": {
                "kind": "Click",
                "what": "correct_btn",
                "which": "Comptage",
                "x": 1194,
                "y": 691
            }
        },
        {
            "user_id": "fff",
            "session_id": "fff_1463140273281",
            "timestamp": 1463140266018,
            "sequence_id": 1,
            "section_id": "2",
            "activity_id": "2",
            "activity_kind": "counttest",
            "data": {
                "kind": "Click",
                "what": "correct_btn",
                "which": "Comptage",
                "x": 1219,
                "y": 701
            }
        },
        {
            "user_id": "fff",
            "session_id": "fff_1463140273281",
            "timestamp": 1463140266716,
            "sequence_id": 1,
            "section_id": "2",
            "activity_id": "2",
            "activity_kind": "counttest",
            "data": {
                "kind": "Click",
                "what": "correct_btn",
                "which": "Comptage",
                "x": 1222,
                "y": 695
            }
        },
        {
            "user_id": "fff",
            "session_id": "fff_1463140273281",
            "timestamp": 1463140267211,
            "sequence_id": 1,
            "section_id": "2",
            "activity_id": "2",
            "activity_kind": "counttest",
            "data": {
                "kind": "Click",
                "what": "next_btn",
                "which": "Comptage",
                "x": 1223,
                "y": 692
            }
        },
        {
            "user_id": "fff",
            "session_id": "fff_1463140273281",
            "timestamp": 1463140267700,
            "sequence_id": 1,
            "section_id": "2",
            "activity_id": "2",
            "activity_kind": "input",
            "data": {
                "kind": "Click",
                "what": "next_btn",
                "which": "Comptage",
                "x": 1223,
                "y": 692
            }
        },
        {
            "user_id": "fff",
            "session_id": "fff_1463140273281",
            "timestamp": 1463140268757,
            "sequence_id": 1,
            "section_id": "2",
            "activity_id": "3",
            "activity_kind": "input",
            "data": {
                "kind": "Click",
                "what": "correct_btn",
                "which": "Densité Cellulaire",
                "x": 1223,
                "y": 692
            }
        },
        {
            "user_id": "fff",
            "session_id": "fff_1463140273281",
            "timestamp": 1463140269355,
            "sequence_id": 1,
            "section_id": "2",
            "activity_id": "3",
            "activity_kind": "input",
            "data": {
                "kind": "Click",
                "what": "correct_btn",
                "which": "Densité Cellulaire",
                "x": 1223,
                "y": 692
            }
        },
        {
            "user_id": "fff",
            "session_id": "fff_1463140273281",
            "timestamp": 1463140269820,
            "sequence_id": 1,
            "section_id": "2",
            "activity_id": "3",
            "activity_kind": "input",
            "data": {
                "kind": "Click",
                "what": "correct_btn",
                "which": "Densité Cellulaire",
                "x": 1223,
                "y": 692
            }
        },
        {
            "user_id": "fff",
            "session_id": "fff_1463140273281",
            "timestamp": 1463140270264,
            "sequence_id": 1,
            "section_id": "2",
            "activity_id": "3",
            "activity_kind": "input",
            "data": {
                "kind": "Click",
                "what": "next_btn",
                "which": "Densité Cellulaire",
                "x": 1223,
                "y": 692
            }
        },
        {
            "user_id": "fff",
            "session_id": "fff_1463140273281",
            "timestamp": 1463140272920,
            "sequence_id": 1,
            "section_id": 2,
            "activity_id": 3,
            "activity_kind": "input",
            "data": {
                "kind": "Click",
                "what": "logout_btn",
                "which": "appbar",
                "x": 1250,
                "y": 59
            }
        }
    ]
}