{
    "events": [
        {
            "user_id": "fhgfgh",
            "session_id": "fhgfgh_1463133138381",
            "timestamp": 1463133090855,
            "sequence_id": 2,
            "section_id": "0",
            "activity_id": "-1",
            "activity_kind": "dragdrop",
            "data": {
                "kind": "Click",
                "what": "next_btn",
                "which": "requirements",
                "x": 1538,
                "y": 696
            }
        },
        {
            "user_id": "fhgfgh",
            "session_id": "fhgfgh_1463133138381",
            "timestamp": 1463133091536,
            "sequence_id": 2,
            "section_id": "0",
            "activity_id": "0",
            "activity_kind": "dragdrop",
            "data": {
                "kind": "MousePressed",
                "what": "correct_btn",
                "which": "Les checkpoints du cycle cellulaire",
                "x": 1538,
                "y": 696
            }
        },
        {
            "user_id": "fhgfgh",
            "session_id": "fhgfgh_1463133138381",
            "timestamp": 1463133091617,
            "sequence_id": 2,
            "section_id": "0",
            "activity_id": "0",
            "activity_kind": "dragdrop",
            "data": {
                "kind": "MouseReleased",
                "what": "correct_btn",
                "which": "Les checkpoints du cycle cellulaire",
                "x": 1538,
                "y": 696
            }
        },
        {
            "user_id": "fhgfgh",
            "session_id": "fhgfgh_1463133138381",
            "timestamp": 1463133091620,
            "sequence_id": 2,
            "section_id": "0",
            "activity_id": "0",
            "activity_kind": "dragdrop",
            "data": {
                "kind": "Click",
                "what": "correct_btn",
                "which": "Les checkpoints du cycle cellulaire",
                "x": 1538,
                "y": 696
            }
        },
        {
            "user_id": "fhgfgh",
            "session_id": "fhgfgh_1463133138381",
            "timestamp": 1463133091759,
            "sequence_id": 2,
            "section_id": "0",
            "activity_id": "0",
            "activity_kind": "dragdrop",
            "data": {
                "kind": "MousePressed",
                "what": "correct_btn",
                "which": "Les checkpoints du cycle cellulaire",
                "x": 1538,
                "y": 696
            }
        },
        {
            "user_id": "fhgfgh",
            "session_id": "fhgfgh_1463133138381",
            "timestamp": 1463133091823,
            "sequence_id": 2,
            "section_id": "0",
            "activity_id": "0",
            "activity_kind": "dragdrop",
            "data": {
                "kind": "MouseReleased",
                "what": "correct_btn",
                "which": "Les checkpoints du cycle cellulaire",
                "x": 1538,
                "y": 696
            }
        },
        {
            "user_id": "fhgfgh",
            "session_id": "fhgfgh_1463133138381",
            "timestamp": 1463133091825,
            "sequence_id": 2,
            "section_id": "0",
            "activity_id": "0",
            "activity_kind": "dragdrop",
            "data": {
                "kind": "Click",
                "what": "correct_btn",
                "which": "Les checkpoints du cycle cellulaire",
                "x": 1538,
                "y": 696
            }
        },
        {
            "user_id": "fhgfgh",
            "session_id": "fhgfgh_1463133138381",
            "timestamp": 1463133091943,
            "sequence_id": 2,
            "section_id": "0",
            "activity_id": "0",
            "activity_kind": "dragdrop",
            "data": {
                "kind": "MousePressed",
                "what": "correct_btn",
                "which": "Les checkpoints du cycle cellulaire",
                "x": 1538,
                "y": 696
            }
        },
        {
            "user_id": "fhgfgh",
            "session_id": "fhgfgh_1463133138381",
            "timestamp": 1463133092000,
            "sequence_id": 2,
            "section_id": "0",
            "activity_id": "0",
            "activity_kind": "dragdrop",
            "data": {
                "kind": "MouseReleased",
                "what": "correct_btn",
                "which": "Les checkpoints du cycle cellulaire",
                "x": 1538,
                "y": 696
            }
        },
        {
            "user_id": "fhgfgh",
            "session_id": "fhgfgh_1463133138381",
            "timestamp": 1463133092003,
            "sequence_id": 2,
            "section_id": "0",
            "activity_id": "0",
            "activity_kind": "dragdrop",
            "data": {
                "kind": "Click",
                "what": "correct_btn",
                "which": "Les checkpoints du cycle cellulaire",
                "x": 1538,
                "y": 696
            }
        },
        {
            "user_id": "fhgfgh",
            "session_id": "fhgfgh_1463133138381",
            "timestamp": 1463133092120,
            "sequence_id": 2,
            "section_id": "0",
            "activity_id": "0",
            "activity_kind": "dragdrop",
            "data": {
                "kind": "MousePressed",
                "what": "next_btn",
                "which": "Les checkpoints du cycle cellulaire",
                "x": 1538,
                "y": 696
            }
        },
        {
            "user_id": "fhgfgh",
            "session_id": "fhgfgh_1463133138381",
            "timestamp": 1463133092176,
            "sequence_id": 2,
            "section_id": "0",
            "activity_id": "0",
            "activity_kind": "dragdrop",
            "data": {
                "kind": "MouseReleased",
                "what": "next_btn",
                "which": "Les checkpoints du cycle cellulaire",
                "x": 1538,
                "y": 696
            }
        },
        {
            "user_id": "fhgfgh",
            "session_id": "fhgfgh_1463133138381",
            "timestamp": 1463133092179,
            "sequence_id": 2,
            "section_id": "0",
            "activity_id": "0",
            "activity_kind": "dragdrop",
            "data": {
                "kind": "Click",
                "what": "next_btn",
                "which": "Les checkpoints du cycle cellulaire",
                "x": 1538,
                "y": 696
            }
        },
        {
            "user_id": "fhgfgh",
            "session_id": "fhgfgh_1463133138381",
            "timestamp": 1463133092282,
            "sequence_id": 2,
            "section_id": "0",
            "activity_id": "0",
            "activity_kind": "dragdrop",
            "data": {
                "kind": "MousePressed",
                "what": "next_btn",
                "which": "Les checkpoints du cycle cellulaire",
                "x": 1538,
                "y": 696
            }
        },
        {
            "user_id": "fhgfgh",
            "session_id": "fhgfgh_1463133138381",
            "timestamp": 1463133092343,
            "sequence_id": 2,
            "section_id": "0",
            "activity_id": "0",
            "activity_kind": "dragdrop",
            "data": {
                "kind": "MouseReleased",
                "what": "next_btn",
                "which": "Les checkpoints du cycle cellulaire",
                "x": 1538,
                "y": 696
            }
        },
        {
            "user_id": "fhgfgh",
            "session_id": "fhgfgh_1463133138381",
            "timestamp": 1463133092351,
            "sequence_id": 2,
            "section_id": "0",
            "activity_id": "0",
            "activity_kind": "dragdrop",
            "data": {
                "kind": "Click",
                "what": "next_btn",
                "which": "Les checkpoints du cycle cellulaire",
                "x": 1538,
                "y": 696
            }
        },
        {
            "user_id": "fhgfgh",
            "session_id": "fhgfgh_1463133138381",
            "timestamp": 1463133092440,
            "sequence_id": 2,
            "section_id": "0",
            "activity_id": "1",
            "activity_kind": "dragdrop",
            "data": {
                "kind": "MousePressed",
                "what": "statement_pane",
                "which": "Contenu ADN dans les différentes phases",
                "x": 1538,
                "y": 696
            }
        },
        {
            "user_id": "fhgfgh",
            "session_id": "fhgfgh_1463133138381",
            "timestamp": 1463133092512,
            "sequence_id": 2,
            "section_id": "0",
            "activity_id": "1",
            "activity_kind": "dragdrop",
            "data": {
                "kind": "MouseReleased",
                "what": "statement_pane",
                "which": "Contenu ADN dans les différentes phases",
                "x": 1538,
                "y": 696
            }
        },
        {
            "user_id": "fhgfgh",
            "session_id": "fhgfgh_1463133138381",
            "timestamp": 1463133092513,
            "sequence_id": 2,
            "section_id": "0",
            "activity_id": "1",
            "activity_kind": "dragdrop",
            "data": {
                "kind": "Click",
                "what": "statement_pane",
                "which": "Contenu ADN dans les différentes phases",
                "x": 1538,
                "y": 696
            }
        },
        {
            "user_id": "fhgfgh",
            "session_id": "fhgfgh_1463133138381",
            "timestamp": 1463133093024,
            "sequence_id": 2,
            "section_id": "0",
            "activity_id": "1",
            "activity_kind": "dragdrop",
            "data": {
                "kind": "MousePressed",
                "what": "correct_btn",
                "which": "Contenu ADN dans les différentes phases",
                "x": 1538,
                "y": 696
            }
        },
        {
            "user_id": "fhgfgh",
            "session_id": "fhgfgh_1463133138381",
            "timestamp": 1463133093088,
            "sequence_id": 2,
            "section_id": "0",
            "activity_id": "1",
            "activity_kind": "dragdrop",
            "data": {
                "kind": "MouseReleased",
                "what": "correct_btn",
                "which": "Contenu ADN dans les différentes phases",
                "x": 1538,
                "y": 696
            }
        },
        {
            "user_id": "fhgfgh",
            "session_id": "fhgfgh_1463133138381",
            "timestamp": 1463133093090,
            "sequence_id": 2,
            "section_id": "0",
            "activity_id": "1",
            "activity_kind": "dragdrop",
            "data": {
                "kind": "Click",
                "what": "correct_btn",
                "which": "Contenu ADN dans les différentes phases",
                "x": 1538,
                "y": 696
            }
        },
        {
            "user_id": "fhgfgh",
            "session_id": "fhgfgh_1463133138381",
            "timestamp": 1463133093176,
            "sequence_id": 2,
            "section_id": "0",
            "activity_id": "1",
            "activity_kind": "dragdrop",
            "data": {
                "kind": "MousePressed",
                "what": "correct_btn",
                "which": "Contenu ADN dans les différentes phases",
                "x": 1538,
                "y": 696
            }
        },
        {
            "user_id": "fhgfgh",
            "session_id": "fhgfgh_1463133138381",
            "timestamp": 1463133093249,
            "sequence_id": 2,
            "section_id": "0",
            "activity_id": "1",
            "activity_kind": "dragdrop",
            "data": {
                "kind": "MouseReleased",
                "what": "correct_btn",
                "which": "Contenu ADN dans les différentes phases",
                "x": 1538,
                "y": 696
            }
        },
        {
            "user_id": "fhgfgh",
            "session_id": "fhgfgh_1463133138381",
            "timestamp": 1463133093251,
            "sequence_id": 2,
            "section_id": "0",
            "activity_id": "1",
            "activity_kind": "dragdrop",
            "data": {
                "kind": "Click",
                "what": "correct_btn",
                "which": "Contenu ADN dans les différentes phases",
                "x": 1538,
                "y": 696
            }
        },
        {
            "user_id": "fhgfgh",
            "session_id": "fhgfgh_1463133138381",
            "timestamp": 1463133093352,
            "sequence_id": 2,
            "section_id": "0",
            "activity_id": "1",
            "activity_kind": "dragdrop",
            "data": {
                "kind": "MousePressed",
                "what": "correct_btn",
                "which": "Contenu ADN dans les différentes phases",
                "x": 1538,
                "y": 696
            }
        },
        {
            "user_id": "fhgfgh",
            "session_id": "fhgfgh_1463133138381",
            "timestamp": 1463133093415,
            "sequence_id": 2,
            "section_id": "0",
            "activity_id": "1",
            "activity_kind": "dragdrop",
            "data": {
                "kind": "MouseReleased",
                "what": "correct_btn",
                "which": "Contenu ADN dans les différentes phases",
                "x": 1538,
                "y": 696
            }
        },
        {
            "user_id": "fhgfgh",
            "session_id": "fhgfgh_1463133138381",
            "timestamp": 1463133093419,
            "sequence_id": 2,
            "section_id": "0",
            "activity_id": "1",
            "activity_kind": "dragdrop",
            "data": {
                "kind": "Click",
                "what": "correct_btn",
                "which": "Contenu ADN dans les différentes phases",
                "x": 1538,
                "y": 696
            }
        },
        {
            "user_id": "fhgfgh",
            "session_id": "fhgfgh_1463133138381",
            "timestamp": 1463133093512,
            "sequence_id": 2,
            "section_id": "0",
            "activity_id": "1",
            "activity_kind": "dragdrop",
            "data": {
                "kind": "MousePressed",
                "what": "next_btn",
                "which": "Contenu ADN dans les différentes phases",
                "x": 1538,
                "y": 696
            }
        },
        {
            "user_id": "fhgfgh",
            "session_id": "fhgfgh_1463133138381",
            "timestamp": 1463133093583,
            "sequence_id": 2,
            "section_id": "0",
            "activity_id": "1",
            "activity_kind": "dragdrop",
            "data": {
                "kind": "MouseReleased",
                "what": "next_btn",
                "which": "Contenu ADN dans les différentes phases",
                "x": 1538,
                "y": 696
            }
        },
        {
            "user_id": "fhgfgh",
            "session_id": "fhgfgh_1463133138381",
            "timestamp": 1463133093586,
            "sequence_id": 2,
            "section_id": "0",
            "activity_id": "1",
            "activity_kind": "dragdrop",
            "data": {
                "kind": "Click",
                "what": "next_btn",
                "which": "Contenu ADN dans les différentes phases",
                "x": 1538,
                "y": 696
            }
        },
        {
            "user_id": "fhgfgh",
            "session_id": "fhgfgh_1463133138381",
            "timestamp": 1463133093672,
            "sequence_id": 2,
            "section_id": "0",
            "activity_id": "1",
            "activity_kind": "dragdrop",
            "data": {
                "kind": "MousePressed",
                "what": "next_btn",
                "which": "Contenu ADN dans les différentes phases",
                "x": 1538,
                "y": 696
            }
        },
        {
            "user_id": "fhgfgh",
            "session_id": "fhgfgh_1463133138381",
            "timestamp": 1463133093743,
            "sequence_id": 2,
            "section_id": "0",
            "activity_id": "1",
            "activity_kind": "dragdrop",
            "data": {
                "kind": "MouseReleased",
                "what": "next_btn",
                "which": "Contenu ADN dans les différentes phases",
                "x": 1538,
                "y": 696
            }
        },
        {
            "user_id": "fhgfgh",
            "session_id": "fhgfgh_1463133138381",
            "timestamp": 1463133093746,
            "sequence_id": 2,
            "section_id": "0",
            "activity_id": "1",
            "activity_kind": "transition",
            "data": {
                "kind": "Click",
                "what": "next_btn",
                "which": "Contenu ADN dans les différentes phases",
                "x": 1538,
                "y": 696
            }
        },
        {
            "user_id": "fhgfgh",
            "session_id": "fhgfgh_1463133138381",
            "timestamp": 1463133093903,
            "sequence_id": 2,
            "section_id": "1",
            "activity_id": "-1",
            "activity_kind": "transition",
            "data": {
                "kind": "Click",
                "what": "transition_pane",
                "which": "requirement",
                "x": 1538,
                "y": 696
            }
        },
        {
            "user_id": "fhgfgh",
            "session_id": "fhgfgh_1463133138381",
            "timestamp": 1463133094066,
            "sequence_id": 2,
            "section_id": "1",
            "activity_id": "-1",
            "activity_kind": "transition",
            "data": {
                "kind": "Click",
                "what": "transition_pane",
                "which": "requirement",
                "x": 1538,
                "y": 696
            }
        },
        {
            "user_id": "fhgfgh",
            "session_id": "fhgfgh_1463133138381",
            "timestamp": 1463133094539,
            "sequence_id": 2,
            "section_id": "1",
            "activity_id": "-1",
            "activity_kind": "dragdrop",
            "data": {
                "kind": "Click",
                "what": "next_btn",
                "which": "hypothesis",
                "x": 1538,
                "y": 696
            }
        },
        {
            "user_id": "fhgfgh",
            "session_id": "fhgfgh_1463133138381",
            "timestamp": 1463133094616,
            "sequence_id": 2,
            "section_id": "1",
            "activity_id": "0",
            "activity_kind": "dragdrop",
            "data": {
                "kind": "MousePressed",
                "what": "statement_pane",
                "which": "Checkpoint influencé par la privation en facteurs de croissance",
                "x": 1538,
                "y": 696
            }
        },
        {
            "user_id": "fhgfgh",
            "session_id": "fhgfgh_1463133138381",
            "timestamp": 1463133094703,
            "sequence_id": 2,
            "section_id": "1",
            "activity_id": "0",
            "activity_kind": "dragdrop",
            "data": {
                "kind": "MouseReleased",
                "what": "statement_pane",
                "which": "Checkpoint influencé par la privation en facteurs de croissance",
                "x": 1538,
                "y": 696
            }
        },
        {
            "user_id": "fhgfgh",
            "session_id": "fhgfgh_1463133138381",
            "timestamp": 1463133094704,
            "sequence_id": 2,
            "section_id": "1",
            "activity_id": "0",
            "activity_kind": "dragdrop",
            "data": {
                "kind": "Click",
                "what": "statement_pane",
                "which": "Checkpoint influencé par la privation en facteurs de croissance",
                "x": 1538,
                "y": 696
            }
        },
        {
            "user_id": "fhgfgh",
            "session_id": "fhgfgh_1463133138381",
            "timestamp": 1463133094768,
            "sequence_id": 2,
            "section_id": "1",
            "activity_id": "0",
            "activity_kind": "dragdrop",
            "data": {
                "kind": "MousePressed",
                "what": "statement_pane",
                "which": "Checkpoint influencé par la privation en facteurs de croissance",
                "x": 1538,
                "y": 696
            }
        },
        {
            "user_id": "fhgfgh",
            "session_id": "fhgfgh_1463133138381",
            "timestamp": 1463133094839,
            "sequence_id": 2,
            "section_id": "1",
            "activity_id": "0",
            "activity_kind": "dragdrop",
            "data": {
                "kind": "MouseReleased",
                "what": "statement_pane",
                "which": "Checkpoint influencé par la privation en facteurs de croissance",
                "x": 1538,
                "y": 696
            }
        },
        {
            "user_id": "fhgfgh",
            "session_id": "fhgfgh_1463133138381",
            "timestamp": 1463133094840,
            "sequence_id": 2,
            "section_id": "1",
            "activity_id": "0",
            "activity_kind": "dragdrop",
            "data": {
                "kind": "Click",
                "what": "statement_pane",
                "which": "Checkpoint influencé par la privation en facteurs de croissance",
                "x": 1538,
                "y": 696
            }
        },
        {
            "user_id": "fhgfgh",
            "session_id": "fhgfgh_1463133138381",
            "timestamp": 1463133095216,
            "sequence_id": 2,
            "section_id": "1",
            "activity_id": "0",
            "activity_kind": "dragdrop",
            "data": {
                "kind": "MousePressed",
                "what": "next_btn",
                "which": "Checkpoint influencé par la privation en facteurs de croissance",
                "x": 1538,
                "y": 696
            }
        },
        {
            "user_id": "fhgfgh",
            "session_id": "fhgfgh_1463133138381",
            "timestamp": 1463133095286,
            "sequence_id": 2,
            "section_id": "1",
            "activity_id": "0",
            "activity_kind": "dragdrop",
            "data": {
                "kind": "MouseReleased",
                "what": "next_btn",
                "which": "Checkpoint influencé par la privation en facteurs de croissance",
                "x": 1538,
                "y": 696
            }
        },
        {
            "user_id": "fhgfgh",
            "session_id": "fhgfgh_1463133138381",
            "timestamp": 1463133095289,
            "sequence_id": 2,
            "section_id": "1",
            "activity_id": "0",
            "activity_kind": "dragdrop",
            "data": {
                "kind": "Click",
                "what": "next_btn",
                "which": "Checkpoint influencé par la privation en facteurs de croissance",
                "x": 1538,
                "y": 696
            }
        },
        {
            "user_id": "fhgfgh",
            "session_id": "fhgfgh_1463133138381",
            "timestamp": 1463133095367,
            "sequence_id": 2,
            "section_id": "1",
            "activity_id": "0",
            "activity_kind": "dragdrop",
            "data": {
                "kind": "MousePressed",
                "what": "next_btn",
                "which": "Checkpoint influencé par la privation en facteurs de croissance",
                "x": 1538,
                "y": 696
            }
        },
        {
            "user_id": "fhgfgh",
            "session_id": "fhgfgh_1463133138381",
            "timestamp": 1463133095455,
            "sequence_id": 2,
            "section_id": "1",
            "activity_id": "0",
            "activity_kind": "dragdrop",
            "data": {
                "kind": "MouseReleased",
                "what": "next_btn",
                "which": "Checkpoint influencé par la privation en facteurs de croissance",
                "x": 1538,
                "y": 696
            }
        },
        {
            "user_id": "fhgfgh",
            "session_id": "fhgfgh_1463133138381",
            "timestamp": 1463133095460,
            "sequence_id": 2,
            "section_id": "1",
            "activity_id": "0",
            "activity_kind": "curvetest",
            "data": {
                "kind": "Click",
                "what": "next_btn",
                "which": "Checkpoint influencé par la privation en facteurs de croissance",
                "x": 1538,
                "y": 696
            }
        },
        {
            "user_id": "fhgfgh",
            "session_id": "fhgfgh_1463133138381",
            "timestamp": 1463133095640,
            "sequence_id": 2,
            "section_id": "1",
            "activity_id": "1",
            "activity_kind": "curvetest",
            "data": {
                "kind": "Click",
                "what": "statement_pane",
                "which": "Evolution du nombre de cellules",
                "x": 1538,
                "y": 696
            }
        },
        {
            "user_id": "fhgfgh",
            "session_id": "fhgfgh_1463133138381",
            "timestamp": 1463133096269,
            "sequence_id": 2,
            "section_id": "1",
            "activity_id": "1",
            "activity_kind": "curvetest",
            "data": {
                "kind": "Click",
                "what": "next_btn",
                "which": "Evolution du nombre de cellules",
                "x": 1538,
                "y": 696
            }
        },
        {
            "user_id": "fhgfgh",
            "session_id": "fhgfgh_1463133138381",
            "timestamp": 1463133096426,
            "sequence_id": 2,
            "section_id": "1",
            "activity_id": "1",
            "activity_kind": "transition",
            "data": {
                "kind": "Click",
                "what": "next_btn",
                "which": "Evolution du nombre de cellules",
                "x": 1538,
                "y": 696
            }
        },
        {
            "user_id": "fhgfgh",
            "session_id": "fhgfgh_1463133138381",
            "timestamp": 1463133096592,
            "sequence_id": 2,
            "section_id": "2",
            "activity_id": "-1",
            "activity_kind": "transition",
            "data": {
                "kind": "Click",
                "what": "transition_pane",
                "which": "protocol",
                "x": 1538,
                "y": 696
            }
        },
        {
            "user_id": "fhgfgh",
            "session_id": "fhgfgh_1463133138381",
            "timestamp": 1463133097246,
            "sequence_id": 2,
            "section_id": "2",
            "activity_id": "-1",
            "activity_kind": "planif",
            "data": {
                "kind": "Click",
                "what": "next_btn",
                "which": "protocol",
                "x": 1538,
                "y": 696
            }
        },
        {
            "user_id": "fhgfgh",
            "session_id": "fhgfgh_1463133138381",
            "timestamp": 1463133097423,
            "sequence_id": 2,
            "section_id": "2",
            "activity_id": "0",
            "activity_kind": "planif",
            "data": {
                "kind": "Click",
                "what": "statement_pane",
                "which": "Planification du protocole expérimental",
                "x": 1538,
                "y": 696
            }
        },
        {
            "user_id": "fhgfgh",
            "session_id": "fhgfgh_1463133138381",
            "timestamp": 1463133098086,
            "sequence_id": 2,
            "section_id": "2",
            "activity_id": "0",
            "activity_kind": "planif",
            "data": {
                "kind": "Click",
                "what": "correct_btn",
                "which": "Planification du protocole expérimental",
                "x": 1538,
                "y": 696
            }
        },
        {
            "user_id": "fhgfgh",
            "session_id": "fhgfgh_1463133138381",
            "timestamp": 1463133098273,
            "sequence_id": 2,
            "section_id": "2",
            "activity_id": "0",
            "activity_kind": "planif",
            "data": {
                "kind": "Click",
                "what": "correct_btn",
                "which": "Planification du protocole expérimental",
                "x": 1538,
                "y": 696
            }
        },
        {
            "user_id": "fhgfgh",
            "session_id": "fhgfgh_1463133138381",
            "timestamp": 1463133098585,
            "sequence_id": 2,
            "section_id": "2",
            "activity_id": "0",
            "activity_kind": "planif",
            "data": {
                "kind": "Click",
                "what": "correct_btn",
                "which": "Planification du protocole expérimental",
                "x": 1538,
                "y": 696
            }
        },
        {
            "user_id": "fhgfgh",
            "session_id": "fhgfgh_1463133138381",
            "timestamp": 1463133098769,
            "sequence_id": 2,
            "section_id": "2",
            "activity_id": "0",
            "activity_kind": "planif",
            "data": {
                "kind": "Click",
                "what": "next_btn",
                "which": "Planification du protocole expérimental",
                "x": 1538,
                "y": 696
            }
        },
        {
            "user_id": "fhgfgh",
            "session_id": "fhgfgh_1463133138381",
            "timestamp": 1463133099174,
            "sequence_id": 2,
            "section_id": "2",
            "activity_id": "0",
            "activity_kind": "dragdrop",
            "data": {
                "kind": "Click",
                "what": "next_btn",
                "which": "Planification du protocole expérimental",
                "x": 1538,
                "y": 696
            }
        },
        {
            "user_id": "fhgfgh",
            "session_id": "fhgfgh_1463133138381",
            "timestamp": 1463133099252,
            "sequence_id": 2,
            "section_id": "2",
            "activity_id": "1",
            "activity_kind": "dragdrop",
            "data": {
                "kind": "MousePressed",
                "what": "DD_sticker",
                "which": "8",
                "x": 1538,
                "y": 696
            }
        },
        {
            "user_id": "fhgfgh",
            "session_id": "fhgfgh_1463133138381",
            "timestamp": 1463133099351,
            "sequence_id": 2,
            "section_id": "2",
            "activity_id": "1",
            "activity_kind": "dragdrop",
            "data": {
                "kind": "MouseReleased",
                "what": "DD_sticker",
                "which": "17",
                "x": 1538,
                "y": 696
            }
        },
        {
            "user_id": "fhgfgh",
            "session_id": "fhgfgh_1463133138381",
            "timestamp": 1463133099353,
            "sequence_id": 2,
            "section_id": "2",
            "activity_id": "1",
            "activity_kind": "dragdrop",
            "data": {
                "kind": "Click",
                "what": "DD_sticker",
                "which": "17",
                "x": 1538,
                "y": 696
            }
        },
        {
            "user_id": "fhgfgh",
            "session_id": "fhgfgh_1463133138381",
            "timestamp": 1463133099944,
            "sequence_id": 2,
            "section_id": "2",
            "activity_id": "1",
            "activity_kind": "dragdrop",
            "data": {
                "kind": "MousePressed",
                "what": "correct_btn",
                "which": "Nombres de boîtes de Pétri",
                "x": 1538,
                "y": 696
            }
        },
        {
            "user_id": "fhgfgh",
            "session_id": "fhgfgh_1463133138381",
            "timestamp": 1463133100024,
            "sequence_id": 2,
            "section_id": "2",
            "activity_id": "1",
            "activity_kind": "dragdrop",
            "data": {
                "kind": "MouseReleased",
                "what": "correct_btn",
                "which": "Nombres de boîtes de Pétri",
                "x": 1538,
                "y": 696
            }
        },
        {
            "user_id": "fhgfgh",
            "session_id": "fhgfgh_1463133138381",
            "timestamp": 1463133100026,
            "sequence_id": 2,
            "section_id": "2",
            "activity_id": "1",
            "activity_kind": "dragdrop",
            "data": {
                "kind": "Click",
                "what": "correct_btn",
                "which": "Nombres de boîtes de Pétri",
                "x": 1538,
                "y": 696
            }
        },
        {
            "user_id": "fhgfgh",
            "session_id": "fhgfgh_1463133138381",
            "timestamp": 1463133100112,
            "sequence_id": 2,
            "section_id": "2",
            "activity_id": "1",
            "activity_kind": "dragdrop",
            "data": {
                "kind": "MousePressed",
                "what": "correct_btn",
                "which": "Nombres de boîtes de Pétri",
                "x": 1538,
                "y": 696
            }
        },
        {
            "user_id": "fhgfgh",
            "session_id": "fhgfgh_1463133138381",
            "timestamp": 1463133100200,
            "sequence_id": 2,
            "section_id": "2",
            "activity_id": "1",
            "activity_kind": "dragdrop",
            "data": {
                "kind": "MouseReleased",
                "what": "correct_btn",
                "which": "Nombres de boîtes de Pétri",
                "x": 1538,
                "y": 696
            }
        },
        {
            "user_id": "fhgfgh",
            "session_id": "fhgfgh_1463133138381",
            "timestamp": 1463133100203,
            "sequence_id": 2,
            "section_id": "2",
            "activity_id": "1",
            "activity_kind": "dragdrop",
            "data": {
                "kind": "Click",
                "what": "correct_btn",
                "which": "Nombres de boîtes de Pétri",
                "x": 1538,
                "y": 696
            }
        },
        {
            "user_id": "fhgfgh",
            "session_id": "fhgfgh_1463133138381",
            "timestamp": 1463133100408,
            "sequence_id": 2,
            "section_id": "2",
            "activity_id": "1",
            "activity_kind": "dragdrop",
            "data": {
                "kind": "MousePressed",
                "what": "correct_btn",
                "which": "Nombres de boîtes de Pétri",
                "x": 1538,
                "y": 696
            }
        },
        {
            "user_id": "fhgfgh",
            "session_id": "fhgfgh_1463133138381",
            "timestamp": 1463133100519,
            "sequence_id": 2,
            "section_id": "2",
            "activity_id": "1",
            "activity_kind": "dragdrop",
            "data": {
                "kind": "MouseReleased",
                "what": "correct_btn",
                "which": "Nombres de boîtes de Pétri",
                "x": 1538,
                "y": 696
            }
        },
        {
            "user_id": "fhgfgh",
            "session_id": "fhgfgh_1463133138381",
            "timestamp": 1463133100521,
            "sequence_id": 2,
            "section_id": "2",
            "activity_id": "1",
            "activity_kind": "dragdrop",
            "data": {
                "kind": "Click",
                "what": "correct_btn",
                "which": "Nombres de boîtes de Pétri",
                "x": 1538,
                "y": 696
            }
        },
        {
            "user_id": "fhgfgh",
            "session_id": "fhgfgh_1463133138381",
            "timestamp": 1463133100719,
            "sequence_id": 2,
            "section_id": "2",
            "activity_id": "1",
            "activity_kind": "dragdrop",
            "data": {
                "kind": "MouseReleased",
                "what": "next_btn",
                "which": "Nombres de boîtes de Pétri",
                "x": 1538,
                "y": 696
            }
        },
        {
            "user_id": "fhgfgh",
            "session_id": "fhgfgh_1463133138381",
            "timestamp": 1463133100881,
            "sequence_id": 2,
            "section_id": "2",
            "activity_id": "1",
            "activity_kind": "dragdrop",
            "data": {
                "kind": "MousePressed",
                "what": "next_btn",
                "which": "Nombres de boîtes de Pétri",
                "x": 1538,
                "y": 696
            }
        },
        {
            "user_id": "fhgfgh",
            "session_id": "fhgfgh_1463133138381",
            "timestamp": 1463133100999,
            "sequence_id": 2,
            "section_id": "2",
            "activity_id": "1",
            "activity_kind": "dragdrop",
            "data": {
                "kind": "MouseReleased",
                "what": "next_btn",
                "which": "Nombres de boîtes de Pétri",
                "x": 1538,
                "y": 696
            }
        },
        {
            "user_id": "fhgfgh",
            "session_id": "fhgfgh_1463133138381",
            "timestamp": 1463133101001,
            "sequence_id": 2,
            "section_id": "2",
            "activity_id": "1",
            "activity_kind": "dragdrop",
            "data": {
                "kind": "Click",
                "what": "next_btn",
                "which": "Nombres de boîtes de Pétri",
                "x": 1538,
                "y": 696
            }
        },
        {
            "user_id": "fhgfgh",
            "session_id": "fhgfgh_1463133138381",
            "timestamp": 1463133101055,
            "sequence_id": 2,
            "section_id": "2",
            "activity_id": "1",
            "activity_kind": "dragdrop",
            "data": {
                "kind": "MousePressed",
                "what": "next_btn",
                "which": "Nombres de boîtes de Pétri",
                "x": 1538,
                "y": 696
            }
        },
        {
            "user_id": "fhgfgh",
            "session_id": "fhgfgh_1463133138381",
            "timestamp": 1463133101183,
            "sequence_id": 2,
            "section_id": "2",
            "activity_id": "1",
            "activity_kind": "dragdrop",
            "data": {
                "kind": "MouseReleased",
                "what": "next_btn",
                "which": "Nombres de boîtes de Pétri",
                "x": 1538,
                "y": 696
            }
        },
        {
            "user_id": "fhgfgh",
            "session_id": "fhgfgh_1463133138381",
            "timestamp": 1463133101186,
            "sequence_id": 2,
            "section_id": "2",
            "activity_id": "1",
            "activity_kind": "transition",
            "data": {
                "kind": "Click",
                "what": "next_btn",
                "which": "Nombres de boîtes de Pétri",
                "x": 1538,
                "y": 696
            }
        },
        {
            "user_id": "fhgfgh",
            "session_id": "fhgfgh_1463133138381",
            "timestamp": 1463133101528,
            "sequence_id": 2,
            "section_id": "2",
            "activity_id": "2",
            "activity_kind": "transition",
            "data": {
                "kind": "Click",
                "what": "transition_pane",
                "which": "Densité cellulaire",
                "x": 1538,
                "y": 696
            }
        },
        {
            "user_id": "fhgfgh",
            "session_id": "fhgfgh_1463133138381",
            "timestamp": 1463133102113,
            "sequence_id": 2,
            "section_id": "2",
            "activity_id": "2",
            "activity_kind": "transition",
            "data": {
                "kind": "Click",
                "what": "next_btn",
                "which": "Densité cellulaire",
                "x": 1538,
                "y": 696
            }
        },
        {
            "user_id": "fhgfgh",
            "session_id": "fhgfgh_1463133138381",
            "timestamp": 1463133102283,
            "sequence_id": 2,
            "section_id": "2",
            "activity_id": "3",
            "activity_kind": "transition",
            "data": {
                "kind": "Click",
                "what": "transition_pane",
                "which": "Nombre de cellules par boîte et taille des boîtes",
                "x": 1538,
                "y": 696
            }
        },
        {
            "user_id": "fhgfgh",
            "session_id": "fhgfgh_1463133138381",
            "timestamp": 1463133102424,
            "sequence_id": 2,
            "section_id": "2",
            "activity_id": "3",
            "activity_kind": "transition",
            "data": {
                "kind": "Click",
                "what": "transition_pane",
                "which": "Nombre de cellules par boîte et taille des boîtes",
                "x": 1538,
                "y": 696
            }
        },
        {
            "user_id": "fhgfgh",
            "session_id": "fhgfgh_1463133138381",
            "timestamp": 1463133102962,
            "sequence_id": 2,
            "section_id": "2",
            "activity_id": "3",
            "activity_kind": "transition",
            "data": {
                "kind": "Click",
                "what": "next_btn",
                "which": "Nombre de cellules par boîte et taille des boîtes",
                "x": 1538,
                "y": 696
            }
        },
        {
            "user_id": "fhgfgh",
            "session_id": "fhgfgh_1463133138381",
            "timestamp": 1463133103127,
            "sequence_id": 2,
            "section_id": "2",
            "activity_id": "4",
            "activity_kind": "transition",
            "data": {
                "kind": "Click",
                "what": "transition_pane",
                "which": "Ensemencement",
                "x": 1538,
                "y": 696
            }
        },
        {
            "user_id": "fhgfgh",
            "session_id": "fhgfgh_1463133138381",
            "timestamp": 1463133103255,
            "sequence_id": 2,
            "section_id": "2",
            "activity_id": "4",
            "activity_kind": "transition",
            "data": {
                "kind": "Click",
                "what": "transition_pane",
                "which": "Ensemencement",
                "x": 1538,
                "y": 696
            }
        },
        {
            "user_id": "fhgfgh",
            "session_id": "fhgfgh_1463133138381",
            "timestamp": 1463133103978,
            "sequence_id": 2,
            "section_id": "2",
            "activity_id": "4",
            "activity_kind": "doublepipette",
            "data": {
                "kind": "Click",
                "what": "next_btn",
                "which": "Ensemencement",
                "x": 1538,
                "y": 696
            }
        },
        {
            "user_id": "fhgfgh",
            "session_id": "fhgfgh_1463133138381",
            "timestamp": 1463133104873,
            "sequence_id": 2,
            "section_id": "2",
            "activity_id": "5",
            "activity_kind": "doublepipette",
            "data": {
                "kind": "Click",
                "what": "correct_btn",
                "which": "Changement de milieu",
                "x": 1538,
                "y": 696
            }
        },
        {
            "user_id": "fhgfgh",
            "session_id": "fhgfgh_1463133138381",
            "timestamp": 1463133105056,
            "sequence_id": 2,
            "section_id": "2",
            "activity_id": "5",
            "activity_kind": "doublepipette",
            "data": {
                "kind": "Click",
                "what": "correct_btn",
                "which": "Changement de milieu",
                "x": 1538,
                "y": 696
            }
        },
        {
            "user_id": "fhgfgh",
            "session_id": "fhgfgh_1463133138381",
            "timestamp": 1463133105345,
            "sequence_id": 2,
            "section_id": "2",
            "activity_id": "5",
            "activity_kind": "doublepipette",
            "data": {
                "kind": "Click",
                "what": "correct_btn",
                "which": "Changement de milieu",
                "x": 1538,
                "y": 696
            }
        },
        {
            "user_id": "fhgfgh",
            "session_id": "fhgfgh_1463133138381",
            "timestamp": 1463133105715,
            "sequence_id": 2,
            "section_id": "2",
            "activity_id": "5",
            "activity_kind": "doublepipette",
            "data": {
                "kind": "Click",
                "what": "next_btn",
                "which": "Changement de milieu",
                "x": 1538,
                "y": 696
            }
        },
        {
            "user_id": "fhgfgh",
            "session_id": "fhgfgh_1463133138381",
            "timestamp": 1463133106234,
            "sequence_id": 2,
            "section_id": "2",
            "activity_id": "5",
            "activity_kind": "transition",
            "data": {
                "kind": "Click",
                "what": "next_btn",
                "which": "Changement de milieu",
                "x": 1538,
                "y": 696
            }
        },
        {
            "user_id": "fhgfgh",
            "session_id": "fhgfgh_1463133138381",
            "timestamp": 1463133106938,
            "sequence_id": 2,
            "section_id": "3",
            "activity_id": "-1",
            "activity_kind": "transition",
            "data": {
                "kind": "Click",
                "what": "next_btn",
                "which": "experiment",
                "x": 1538,
                "y": 696
            }
        },
        {
            "user_id": "fhgfgh",
            "session_id": "fhgfgh_1463133138381",
            "timestamp": 1463133107127,
            "sequence_id": 2,
            "section_id": "4",
            "activity_id": "-1",
            "activity_kind": "transition",
            "data": {
                "kind": "Click",
                "what": "transition_pane",
                "which": "results",
                "x": 1538,
                "y": 696
            }
        },
        {
            "user_id": "fhgfgh",
            "session_id": "fhgfgh_1463133138381",
            "timestamp": 1463133107789,
            "sequence_id": 2,
            "section_id": "4",
            "activity_id": "-1",
            "activity_kind": "dragdrop",
            "data": {
                "kind": "Click",
                "what": "next_btn",
                "which": "results",
                "x": 1538,
                "y": 696
            }
        },
        {
            "user_id": "fhgfgh",
            "session_id": "fhgfgh_1463133138381",
            "timestamp": 1463133107856,
            "sequence_id": 2,
            "section_id": "4",
            "activity_id": "0",
            "activity_kind": "dragdrop",
            "data": {
                "kind": "MousePressed",
                "what": "statement_pane",
                "which": "Profils de cytométrie de flux au cours de l'expérience",
                "x": 1538,
                "y": 696
            }
        },
        {
            "user_id": "fhgfgh",
            "session_id": "fhgfgh_1463133138381",
            "timestamp": 1463133107960,
            "sequence_id": 2,
            "section_id": "4",
            "activity_id": "0",
            "activity_kind": "dragdrop",
            "data": {
                "kind": "MouseReleased",
                "what": "DD_sticker",
                "which": "G2",
                "x": 1538,
                "y": 696
            }
        },
        {
            "user_id": "fhgfgh",
            "session_id": "fhgfgh_1463133138381",
            "timestamp": 1463133107961,
            "sequence_id": 2,
            "section_id": "4",
            "activity_id": "0",
            "activity_kind": "dragdrop",
            "data": {
                "kind": "Click",
                "what": "DD_sticker",
                "which": "G2",
                "x": 1538,
                "y": 696
            }
        },
        {
            "user_id": "fhgfgh",
            "session_id": "fhgfgh_1463133138381",
            "timestamp": 1463133111745,
            "sequence_id": 2,
            "section_id": "4",
            "activity_id": "0",
            "activity_kind": "dragdrop",
            "data": {
                "kind": "MousePressed",
                "what": "correct_btn",
                "which": "Profils de cytométrie de flux au cours de l'expérience",
                "x": 1538,
                "y": 696
            }
        },
        {
            "user_id": "fhgfgh",
            "session_id": "fhgfgh_1463133138381",
            "timestamp": 1463133111831,
            "sequence_id": 2,
            "section_id": "4",
            "activity_id": "0",
            "activity_kind": "dragdrop",
            "data": {
                "kind": "MouseReleased",
                "what": "correct_btn",
                "which": "Profils de cytométrie de flux au cours de l'expérience",
                "x": 1538,
                "y": 696
            }
        },
        {
            "user_id": "fhgfgh",
            "session_id": "fhgfgh_1463133138381",
            "timestamp": 1463133111833,
            "sequence_id": 2,
            "section_id": "4",
            "activity_id": "0",
            "activity_kind": "dragdrop",
            "data": {
                "kind": "Click",
                "what": "correct_btn",
                "which": "Profils de cytométrie de flux au cours de l'expérience",
                "x": 1538,
                "y": 696
            }
        },
        {
            "user_id": "fhgfgh",
            "session_id": "fhgfgh_1463133138381",
            "timestamp": 1463133112056,
            "sequence_id": 2,
            "section_id": "4",
            "activity_id": "0",
            "activity_kind": "dragdrop",
            "data": {
                "kind": "MousePressed",
                "what": "correct_btn",
                "which": "Profils de cytométrie de flux au cours de l'expérience",
                "x": 1538,
                "y": 696
            }
        },
        {
            "user_id": "fhgfgh",
            "session_id": "fhgfgh_1463133138381",
            "timestamp": 1463133112151,
            "sequence_id": 2,
            "section_id": "4",
            "activity_id": "0",
            "activity_kind": "dragdrop",
            "data": {
                "kind": "MouseReleased",
                "what": "correct_btn",
                "which": "Profils de cytométrie de flux au cours de l'expérience",
                "x": 1538,
                "y": 696
            }
        },
        {
            "user_id": "fhgfgh",
            "session_id": "fhgfgh_1463133138381",
            "timestamp": 1463133112153,
            "sequence_id": 2,
            "section_id": "4",
            "activity_id": "0",
            "activity_kind": "dragdrop",
            "data": {
                "kind": "Click",
                "what": "correct_btn",
                "which": "Profils de cytométrie de flux au cours de l'expérience",
                "x": 1538,
                "y": 696
            }
        },
        {
            "user_id": "fhgfgh",
            "session_id": "fhgfgh_1463133138381",
            "timestamp": 1463133112475,
            "sequence_id": 2,
            "section_id": "4",
            "activity_id": "0",
            "activity_kind": "dragdrop",
            "data": {
                "kind": "MousePressed",
                "what": "correct_btn",
                "which": "Profils de cytométrie de flux au cours de l'expérience",
                "x": 1538,
                "y": 696
            }
        },
        {
            "user_id": "fhgfgh",
            "session_id": "fhgfgh_1463133138381",
            "timestamp": 1463133112560,
            "sequence_id": 2,
            "section_id": "4",
            "activity_id": "0",
            "activity_kind": "dragdrop",
            "data": {
                "kind": "MouseReleased",
                "what": "correct_btn",
                "which": "Profils de cytométrie de flux au cours de l'expérience",
                "x": 1538,
                "y": 696
            }
        },
        {
            "user_id": "fhgfgh",
            "session_id": "fhgfgh_1463133138381",
            "timestamp": 1463133112562,
            "sequence_id": 2,
            "section_id": "4",
            "activity_id": "0",
            "activity_kind": "dragdrop",
            "data": {
                "kind": "Click",
                "what": "correct_btn",
                "which": "Profils de cytométrie de flux au cours de l'expérience",
                "x": 1538,
                "y": 696
            }
        },
        {
            "user_id": "fhgfgh",
            "session_id": "fhgfgh_1463133138381",
            "timestamp": 1463133112912,
            "sequence_id": 2,
            "section_id": "4",
            "activity_id": "0",
            "activity_kind": "dragdrop",
            "data": {
                "kind": "MousePressed",
                "what": "next_btn",
                "which": "Profils de cytométrie de flux au cours de l",
                "x": 1538,
                "y": 696
            }
        },
        {
            "user_id": "fhgfgh",
            "session_id": "fhgfgh_1463133138381",
            "timestamp": 1463133112999,
            "sequence_id": 2,
            "section_id": "4",
            "activity_id": "0",
            "activity_kind": "dragdrop",
            "data": {
                "kind": "MouseReleased",
                "what": "next_btn",
                "which": "Profils de cytométrie de flux au cours de l",
                "x": 1538,
                "y": 696
            }
        },
        {
            "user_id": "fhgfgh",
            "session_id": "fhgfgh_1463133138381",
            "timestamp": 1463133113001,
            "sequence_id": 2,
            "section_id": "4",
            "activity_id": "0",
            "activity_kind": "dragdrop",
            "data": {
                "kind": "Click",
                "what": "next_btn",
                "which": "Profils de cytométrie de flux au cours de l",
                "x": 1538,
                "y": 696
            }
        },
        {
            "user_id": "fhgfgh",
            "session_id": "fhgfgh_1463133138381",
            "timestamp": 1463133114008,
            "sequence_id": 2,
            "section_id": "4",
            "activity_id": "0",
            "activity_kind": "dragdrop",
            "data": {
                "kind": "MousePressed",
                "what": "next_btn",
                "which": "Profils de cytométrie de flux au cours de l",
                "x": 1538,
                "y": 696
            }
        },
        {
            "user_id": "fhgfgh",
            "session_id": "fhgfgh_1463133138381",
            "timestamp": 1463133114112,
            "sequence_id": 2,
            "section_id": "4",
            "activity_id": "0",
            "activity_kind": "dragdrop",
            "data": {
                "kind": "MouseReleased",
                "what": "next_btn",
                "which": "Profils de cytométrie de flux au cours de l",
                "x": 1538,
                "y": 696
            }
        },
        {
            "user_id": "fhgfgh",
            "session_id": "fhgfgh_1463133138381",
            "timestamp": 1463133114122,
            "sequence_id": 2,
            "section_id": "4",
            "activity_id": "0",
            "activity_kind": "dragdrop",
            "data": {
                "kind": "Click",
                "what": "next_btn",
                "which": "Profils de cytométrie de flux au cours de l",
                "x": 1538,
                "y": 696
            }
        },
        {
            "user_id": "fhgfgh",
            "session_id": "fhgfgh_1463133138381",
            "timestamp": 1463133116961,
            "sequence_id": 2,
            "section_id": "4",
            "activity_id": "1",
            "activity_kind": "dragdrop",
            "data": {
                "kind": "MousePressed",
                "what": "DD_sticker",
                "which": "/ressources/sequence2/act2/flag1.png",
                "x": 1447,
                "y": 304
            }
        },
        {
            "user_id": "fhgfgh",
            "session_id": "fhgfgh_1463133138381",
            "timestamp": 1463133117519,
            "sequence_id": 2,
            "section_id": "4",
            "activity_id": "1",
            "activity_kind": "dragdrop",
            "data": {
                "kind": "MouseReleased",
                "what": "DD_sticker",
                "which": "/ressources/sequence2/act2/flag1.png",
                "x": 1142,
                "y": 550
            }
        },
        {
            "user_id": "fhgfgh",
            "session_id": "fhgfgh_1463133138381",
            "timestamp": 1463133118439,
            "sequence_id": 2,
            "section_id": "4",
            "activity_id": "1",
            "activity_kind": "dragdrop",
            "data": {
                "kind": "MousePressed",
                "what": "next_btn",
                "which": "Checkpoint influencé par la privation en sérum",
                "x": 1559,
                "y": 705
            }
        },
        {
            "user_id": "fhgfgh",
            "session_id": "fhgfgh_1463133138381",
            "timestamp": 1463133118519,
            "sequence_id": 2,
            "section_id": "4",
            "activity_id": "1",
            "activity_kind": "dragdrop",
            "data": {
                "kind": "MouseReleased",
                "what": "next_btn",
                "which": "Checkpoint influencé par la privation en sérum",
                "x": 1559,
                "y": 705
            }
        },
        {
            "user_id": "fhgfgh",
            "session_id": "fhgfgh_1463133138381",
            "timestamp": 1463133118521,
            "sequence_id": 2,
            "section_id": "4",
            "activity_id": "1",
            "activity_kind": "dragdrop",
            "data": {
                "kind": "Click",
                "what": "next_btn",
                "which": "Checkpoint influencé par la privation en sérum",
                "x": 1559,
                "y": 705
            }
        },
        {
            "user_id": "fhgfgh",
            "session_id": "fhgfgh_1463133138381",
            "timestamp": 1463133118912,
            "sequence_id": 2,
            "section_id": "4",
            "activity_id": "1",
            "activity_kind": "dragdrop",
            "data": {
                "kind": "MousePressed",
                "what": "next_btn",
                "which": "Checkpoint influencé par la privation en sérum",
                "x": 1559,
                "y": 705
            }
        },
        {
            "user_id": "fhgfgh",
            "session_id": "fhgfgh_1463133138381",
            "timestamp": 1463133119007,
            "sequence_id": 2,
            "section_id": "4",
            "activity_id": "1",
            "activity_kind": "dragdrop",
            "data": {
                "kind": "MouseReleased",
                "what": "next_btn",
                "which": "Checkpoint influencé par la privation en sérum",
                "x": 1559,
                "y": 705
            }
        },
        {
            "user_id": "fhgfgh",
            "session_id": "fhgfgh_1463133138381",
            "timestamp": 1463133119013,
            "sequence_id": 2,
            "section_id": "4",
            "activity_id": "1",
            "activity_kind": "curvestar",
            "data": {
                "kind": "Click",
                "what": "next_btn",
                "which": "Checkpoint influencé par la privation en sérum",
                "x": 1559,
                "y": 705
            }
        },
        {
            "user_id": "fhgfgh",
            "session_id": "fhgfgh_1463133138381",
            "timestamp": 1463133203664,
            "sequence_id": 2,
            "section_id": 4,
            "activity_id": 2,
            "activity_kind": "curvestar",
            "data": {
                "kind": "MousePressed",
                "what": "toggle_btn",
                "which": "timer",
                "x": 1322,
                "y": 54
            }
        },
        {
            "user_id": "fhgfgh",
            "session_id": "fhgfgh_1463133138381",
            "timestamp": 1463133203768,
            "sequence_id": 2,
            "section_id": 4,
            "activity_id": 2,
            "activity_kind": "curvestar",
            "data": {
                "kind": "MouseReleased",
                "what": "toggle_btn",
                "which": "timer",
                "x": 1322,
                "y": 54
            }
        },
        {
            "user_id": "fhgfgh",
            "session_id": "fhgfgh_1463133138381",
            "timestamp": 1463133203769,
            "sequence_id": 2,
            "section_id": 4,
            "activity_id": 2,
            "activity_kind": "curvestar",
            "data": {
                "kind": "Click",
                "what": "toggle_btn",
                "which": "timer",
                "x": 1322,
                "y": 54
            }
        },
        {
            "user_id": "fhgfgh",
            "session_id": "fhgfgh_1463133138381",
            "timestamp": 1463133217529,
            "sequence_id": 2,
            "section_id": 4,
            "activity_id": 2,
            "activity_kind": "curvestar",
            "data": {
                "kind": "MousePressed",
                "what": "outer_pane",
                "which": "body",
                "x": 1843,
                "y": 479
            }
        },
        {
            "user_id": "fhgfgh",
            "session_id": "fhgfgh_1463133138381",
            "timestamp": 1463133217600,
            "sequence_id": 2,
            "section_id": 4,
            "activity_id": 2,
            "activity_kind": "curvestar",
            "data": {
                "kind": "MouseReleased",
                "what": "outer_pane",
                "which": "body",
                "x": 1843,
                "y": 479
            }
        },
        {
            "user_id": "fhgfgh",
            "session_id": "fhgfgh_1463133138381",
            "timestamp": 1463133217600,
            "sequence_id": 2,
            "section_id": 4,
            "activity_id": 2,
            "activity_kind": "curvestar",
            "data": {
                "kind": "Click",
                "what": "outer_pane",
                "which": "body",
                "x": 1843,
                "y": 479
            }
        },
        {
            "user_id": "fhgfgh",
            "session_id": "fhgfgh_1463133138381",
            "timestamp": 1463133890624,
            "sequence_id": 2,
            "section_id": 4,
            "activity_id": 2,
            "activity_kind": "curvestar",
            "data": {
                "kind": "MousePressed",
                "what": "outer_pane",
                "which": "body",
                "x": 1888,
                "y": 94
            }
        },
        {
            "user_id": "fhgfgh",
            "session_id": "fhgfgh_1463133138381",
            "timestamp": 1463133890694,
            "sequence_id": 2,
            "section_id": 4,
            "activity_id": 2,
            "activity_kind": "curvestar",
            "data": {
                "kind": "MouseReleased",
                "what": "outer_pane",
                "which": "body",
                "x": 1888,
                "y": 94
            }
        },
        {
            "user_id": "fhgfgh",
            "session_id": "fhgfgh_1463133138381",
            "timestamp": 1463133890695,
            "sequence_id": 2,
            "section_id": 4,
            "activity_id": 2,
            "activity_kind": "curvestar",
            "data": {
                "kind": "Click",
                "what": "outer_pane",
                "which": "body",
                "x": 1888,
                "y": 94
            }
        }
    ]
}