{
    "events": [
        {
            "user_id": "gfiudhgi",
            "session_id": "gfiudhgi_1474546249788",
            "timestamp": 1474533379302,
            "sequence_id": 2,
            "section_id": "0",
            "activity_id": "-1",
            "activity_kind": "dragdrop",
            "data": {
                "kind": "Click",
                "what": "next_btn",
                "which": "requirements",
                "x": 1404,
                "y": 677
            }
        },
        {
            "user_id": "gfiudhgi",
            "session_id": "gfiudhgi_1474546249788",
            "timestamp": 1474533380270,
            "sequence_id": 2,
            "section_id": "0",
            "activity_id": "0",
            "activity_kind": "dragdrop",
            "data": {
                "kind": "MousePressed",
                "what": "correct_btn",
                "which": "Les checkpoints du cycle cellulaire",
                "x": 1403,
                "y": 696
            }
        },
        {
            "user_id": "gfiudhgi",
            "session_id": "gfiudhgi_1474546249788",
            "timestamp": 1474533380332,
            "sequence_id": 2,
            "section_id": "0",
            "activity_id": "0",
            "activity_kind": "dragdrop",
            "data": {
                "kind": "MouseReleased",
                "what": "correct_btn",
                "which": "Les checkpoints du cycle cellulaire",
                "x": 1403,
                "y": 696
            }
        },
        {
            "user_id": "gfiudhgi",
            "session_id": "gfiudhgi_1474546249788",
            "timestamp": 1474533380336,
            "sequence_id": 2,
            "section_id": "0",
            "activity_id": "0",
            "activity_kind": "dragdrop",
            "data": {
                "kind": "Click",
                "what": "correct_btn",
                "which": "Les checkpoints du cycle cellulaire",
                "x": 1403,
                "y": 696
            }
        },
        {
            "user_id": "gfiudhgi",
            "session_id": "gfiudhgi_1474546249788",
            "timestamp": 1474533380739,
            "sequence_id": 2,
            "section_id": "0",
            "activity_id": "0",
            "activity_kind": "dragdrop",
            "data": {
                "kind": "MousePressed",
                "what": "correct_btn",
                "which": "Les checkpoints du cycle cellulaire",
                "x": 1403,
                "y": 696
            }
        },
        {
            "user_id": "gfiudhgi",
            "session_id": "gfiudhgi_1474546249788",
            "timestamp": 1474533380818,
            "sequence_id": 2,
            "section_id": "0",
            "activity_id": "0",
            "activity_kind": "dragdrop",
            "data": {
                "kind": "MouseReleased",
                "what": "correct_btn",
                "which": "Les checkpoints du cycle cellulaire",
                "x": 1403,
                "y": 696
            }
        },
        {
            "user_id": "gfiudhgi",
            "session_id": "gfiudhgi_1474546249788",
            "timestamp": 1474533380825,
            "sequence_id": 2,
            "section_id": "0",
            "activity_id": "0",
            "activity_kind": "dragdrop",
            "data": {
                "kind": "Click",
                "what": "correct_btn",
                "which": "Les checkpoints du cycle cellulaire",
                "x": 1403,
                "y": 696
            }
        },
        {
            "user_id": "gfiudhgi",
            "session_id": "gfiudhgi_1474546249788",
            "timestamp": 1474533380866,
            "sequence_id": 2,
            "section_id": "0",
            "activity_id": "0",
            "activity_kind": "dragdrop",
            "data": {
                "kind": "MousePressed",
                "what": "correct_btn",
                "which": "Les checkpoints du cycle cellulaire",
                "x": 1403,
                "y": 696
            }
        },
        {
            "user_id": "gfiudhgi",
            "session_id": "gfiudhgi_1474546249788",
            "timestamp": 1474533380962,
            "sequence_id": 2,
            "section_id": "0",
            "activity_id": "0",
            "activity_kind": "dragdrop",
            "data": {
                "kind": "MouseReleased",
                "what": "correct_btn",
                "which": "Les checkpoints du cycle cellulaire",
                "x": 1403,
                "y": 696
            }
        },
        {
            "user_id": "gfiudhgi",
            "session_id": "gfiudhgi_1474546249788",
            "timestamp": 1474533380967,
            "sequence_id": 2,
            "section_id": "0",
            "activity_id": "0",
            "activity_kind": "dragdrop",
            "data": {
                "kind": "Click",
                "what": "correct_btn",
                "which": "Les checkpoints du cycle cellulaire",
                "x": 1403,
                "y": 696
            }
        },
        {
            "user_id": "gfiudhgi",
            "session_id": "gfiudhgi_1474546249788",
            "timestamp": 1474533381034,
            "sequence_id": 2,
            "section_id": "0",
            "activity_id": "0",
            "activity_kind": "dragdrop",
            "data": {
                "kind": "MousePressed",
                "what": "next_btn",
                "which": "Les checkpoints du cycle cellulaire",
                "x": 1403,
                "y": 696
            }
        },
        {
            "user_id": "gfiudhgi",
            "session_id": "gfiudhgi_1474546249788",
            "timestamp": 1474533381115,
            "sequence_id": 2,
            "section_id": "0",
            "activity_id": "0",
            "activity_kind": "dragdrop",
            "data": {
                "kind": "MouseReleased",
                "what": "next_btn",
                "which": "Les checkpoints du cycle cellulaire",
                "x": 1403,
                "y": 696
            }
        },
        {
            "user_id": "gfiudhgi",
            "session_id": "gfiudhgi_1474546249788",
            "timestamp": 1474533381123,
            "sequence_id": 2,
            "section_id": "0",
            "activity_id": "0",
            "activity_kind": "dragdrop",
            "data": {
                "kind": "Click",
                "what": "next_btn",
                "which": "Les checkpoints du cycle cellulaire",
                "x": 1403,
                "y": 696
            }
        },
        {
            "user_id": "gfiudhgi",
            "session_id": "gfiudhgi_1474546249788",
            "timestamp": 1474533381171,
            "sequence_id": 2,
            "section_id": "0",
            "activity_id": "0",
            "activity_kind": "dragdrop",
            "data": {
                "kind": "MousePressed",
                "what": "next_btn",
                "which": "Les checkpoints du cycle cellulaire",
                "x": 1403,
                "y": 696
            }
        },
        {
            "user_id": "gfiudhgi",
            "session_id": "gfiudhgi_1474546249788",
            "timestamp": 1474533381259,
            "sequence_id": 2,
            "section_id": "0",
            "activity_id": "0",
            "activity_kind": "dragdrop",
            "data": {
                "kind": "MouseReleased",
                "what": "next_btn",
                "which": "Les checkpoints du cycle cellulaire",
                "x": 1403,
                "y": 696
            }
        },
        {
            "user_id": "gfiudhgi",
            "session_id": "gfiudhgi_1474546249788",
            "timestamp": 1474533381282,
            "sequence_id": 2,
            "section_id": "0",
            "activity_id": "0",
            "activity_kind": "dragdrop",
            "data": {
                "kind": "Click",
                "what": "next_btn",
                "which": "Les checkpoints du cycle cellulaire",
                "x": 1403,
                "y": 696
            }
        },
        {
            "user_id": "gfiudhgi",
            "session_id": "gfiudhgi_1474546249788",
            "timestamp": 1474533381357,
            "sequence_id": 2,
            "section_id": "0",
            "activity_id": "1",
            "activity_kind": "dragdrop",
            "data": {
                "kind": "MousePressed",
                "what": "statement_pane",
                "which": "Contenu ADN dans les différentes phases",
                "x": 1403,
                "y": 696
            }
        },
        {
            "user_id": "gfiudhgi",
            "session_id": "gfiudhgi_1474546249788",
            "timestamp": 1474533381422,
            "sequence_id": 2,
            "section_id": "0",
            "activity_id": "1",
            "activity_kind": "dragdrop",
            "data": {
                "kind": "Click",
                "what": "statement_pane",
                "which": "Contenu ADN dans les différentes phases",
                "x": 1403,
                "y": 696
            }
        },
        {
            "user_id": "gfiudhgi",
            "session_id": "gfiudhgi_1474546249788",
            "timestamp": 1474533381420,
            "sequence_id": 2,
            "section_id": "0",
            "activity_id": "1",
            "activity_kind": "dragdrop",
            "data": {
                "kind": "MouseReleased",
                "what": "statement_pane",
                "which": "Contenu ADN dans les différentes phases",
                "x": 1403,
                "y": 696
            }
        },
        {
            "user_id": "gfiudhgi",
            "session_id": "gfiudhgi_1474546249788",
            "timestamp": 1474533381983,
            "sequence_id": 2,
            "section_id": "0",
            "activity_id": "1",
            "activity_kind": "dragdrop",
            "data": {
                "kind": "MousePressed",
                "what": "correct_btn",
                "which": "Contenu ADN dans les différentes phases",
                "x": 1403,
                "y": 696
            }
        },
        {
            "user_id": "gfiudhgi",
            "session_id": "gfiudhgi_1474546249788",
            "timestamp": 1474533382078,
            "sequence_id": 2,
            "section_id": "0",
            "activity_id": "1",
            "activity_kind": "dragdrop",
            "data": {
                "kind": "MouseReleased",
                "what": "correct_btn",
                "which": "Contenu ADN dans les différentes phases",
                "x": 1403,
                "y": 696
            }
        },
        {
            "user_id": "gfiudhgi",
            "session_id": "gfiudhgi_1474546249788",
            "timestamp": 1474533382082,
            "sequence_id": 2,
            "section_id": "0",
            "activity_id": "1",
            "activity_kind": "dragdrop",
            "data": {
                "kind": "Click",
                "what": "correct_btn",
                "which": "Contenu ADN dans les différentes phases",
                "x": 1403,
                "y": 696
            }
        },
        {
            "user_id": "gfiudhgi",
            "session_id": "gfiudhgi_1474546249788",
            "timestamp": 1474533382478,
            "sequence_id": 2,
            "section_id": "0",
            "activity_id": "1",
            "activity_kind": "dragdrop",
            "data": {
                "kind": "MousePressed",
                "what": "correct_btn",
                "which": "Contenu ADN dans les différentes phases",
                "x": 1403,
                "y": 696
            }
        },
        {
            "user_id": "gfiudhgi",
            "session_id": "gfiudhgi_1474546249788",
            "timestamp": 1474533382558,
            "sequence_id": 2,
            "section_id": "0",
            "activity_id": "1",
            "activity_kind": "dragdrop",
            "data": {
                "kind": "MouseReleased",
                "what": "correct_btn",
                "which": "Contenu ADN dans les différentes phases",
                "x": 1403,
                "y": 696
            }
        },
        {
            "user_id": "gfiudhgi",
            "session_id": "gfiudhgi_1474546249788",
            "timestamp": 1474533382562,
            "sequence_id": 2,
            "section_id": "0",
            "activity_id": "1",
            "activity_kind": "dragdrop",
            "data": {
                "kind": "Click",
                "what": "correct_btn",
                "which": "Contenu ADN dans les différentes phases",
                "x": 1403,
                "y": 696
            }
        },
        {
            "user_id": "gfiudhgi",
            "session_id": "gfiudhgi_1474546249788",
            "timestamp": 1474533382700,
            "sequence_id": 2,
            "section_id": "0",
            "activity_id": "1",
            "activity_kind": "dragdrop",
            "data": {
                "kind": "MousePressed",
                "what": "correct_btn",
                "which": "Contenu ADN dans les différentes phases",
                "x": 1403,
                "y": 696
            }
        },
        {
            "user_id": "gfiudhgi",
            "session_id": "gfiudhgi_1474546249788",
            "timestamp": 1474533382779,
            "sequence_id": 2,
            "section_id": "0",
            "activity_id": "1",
            "activity_kind": "dragdrop",
            "data": {
                "kind": "MouseReleased",
                "what": "correct_btn",
                "which": "Contenu ADN dans les différentes phases",
                "x": 1403,
                "y": 696
            }
        },
        {
            "user_id": "gfiudhgi",
            "session_id": "gfiudhgi_1474546249788",
            "timestamp": 1474533382784,
            "sequence_id": 2,
            "section_id": "0",
            "activity_id": "1",
            "activity_kind": "dragdrop",
            "data": {
                "kind": "Click",
                "what": "correct_btn",
                "which": "Contenu ADN dans les différentes phases",
                "x": 1403,
                "y": 696
            }
        },
        {
            "user_id": "gfiudhgi",
            "session_id": "gfiudhgi_1474546249788",
            "timestamp": 1474533382916,
            "sequence_id": 2,
            "section_id": "0",
            "activity_id": "1",
            "activity_kind": "dragdrop",
            "data": {
                "kind": "MousePressed",
                "what": "next_btn",
                "which": "Contenu ADN dans les différentes phases",
                "x": 1403,
                "y": 696
            }
        },
        {
            "user_id": "gfiudhgi",
            "session_id": "gfiudhgi_1474546249788",
            "timestamp": 1474533382995,
            "sequence_id": 2,
            "section_id": "0",
            "activity_id": "1",
            "activity_kind": "dragdrop",
            "data": {
                "kind": "MouseReleased",
                "what": "next_btn",
                "which": "Contenu ADN dans les différentes phases",
                "x": 1403,
                "y": 696
            }
        },
        {
            "user_id": "gfiudhgi",
            "session_id": "gfiudhgi_1474546249788",
            "timestamp": 1474533383009,
            "sequence_id": 2,
            "section_id": "0",
            "activity_id": "1",
            "activity_kind": "dragdrop",
            "data": {
                "kind": "Click",
                "what": "next_btn",
                "which": "Contenu ADN dans les différentes phases",
                "x": 1403,
                "y": 696
            }
        },
        {
            "user_id": "gfiudhgi",
            "session_id": "gfiudhgi_1474546249788",
            "timestamp": 1474533383468,
            "sequence_id": 2,
            "section_id": "0",
            "activity_id": "1",
            "activity_kind": "dragdrop",
            "data": {
                "kind": "MousePressed",
                "what": "next_btn",
                "which": "Contenu ADN dans les différentes phases",
                "x": 1403,
                "y": 696
            }
        },
        {
            "user_id": "gfiudhgi",
            "session_id": "gfiudhgi_1474546249788",
            "timestamp": 1474533383522,
            "sequence_id": 2,
            "section_id": "0",
            "activity_id": "1",
            "activity_kind": "dragdrop",
            "data": {
                "kind": "MouseReleased",
                "what": "next_btn",
                "which": "Contenu ADN dans les différentes phases",
                "x": 1403,
                "y": 696
            }
        },
        {
            "user_id": "gfiudhgi",
            "session_id": "gfiudhgi_1474546249788",
            "timestamp": 1474533383535,
            "sequence_id": 2,
            "section_id": "0",
            "activity_id": "1",
            "activity_kind": "transition",
            "data": {
                "kind": "Click",
                "what": "next_btn",
                "which": "Contenu ADN dans les différentes phases",
                "x": 1403,
                "y": 696
            }
        },
        {
            "user_id": "gfiudhgi",
            "session_id": "gfiudhgi_1474546249788",
            "timestamp": 1474533384388,
            "sequence_id": 2,
            "section_id": "1",
            "activity_id": "-1",
            "activity_kind": "dragdrop",
            "data": {
                "kind": "Click",
                "what": "next_btn",
                "which": "hypothesis",
                "x": 1403,
                "y": 696
            }
        },
        {
            "user_id": "gfiudhgi",
            "session_id": "gfiudhgi_1474546249788",
            "timestamp": 1474533384459,
            "sequence_id": 2,
            "section_id": "1",
            "activity_id": "0",
            "activity_kind": "dragdrop",
            "data": {
                "kind": "MousePressed",
                "what": "statement_pane",
                "which": "Checkpoint influencé par la privation en facteurs de croissance",
                "x": 1403,
                "y": 696
            }
        },
        {
            "user_id": "gfiudhgi",
            "session_id": "gfiudhgi_1474546249788",
            "timestamp": 1474533384540,
            "sequence_id": 2,
            "section_id": "1",
            "activity_id": "0",
            "activity_kind": "dragdrop",
            "data": {
                "kind": "MouseReleased",
                "what": "statement_pane",
                "which": "Checkpoint influencé par la privation en facteurs de croissance",
                "x": 1403,
                "y": 696
            }
        },
        {
            "user_id": "gfiudhgi",
            "session_id": "gfiudhgi_1474546249788",
            "timestamp": 1474533385015,
            "sequence_id": 2,
            "section_id": "1",
            "activity_id": "0",
            "activity_kind": "dragdrop",
            "data": {
                "kind": "MousePressed",
                "what": "next_btn",
                "which": "Checkpoint influencé par la privation en facteurs de croissance",
                "x": 1403,
                "y": 696
            }
        },
        {
            "user_id": "gfiudhgi",
            "session_id": "gfiudhgi_1474546249788",
            "timestamp": 1474533385092,
            "sequence_id": 2,
            "section_id": "1",
            "activity_id": "0",
            "activity_kind": "dragdrop",
            "data": {
                "kind": "MouseReleased",
                "what": "next_btn",
                "which": "Checkpoint influencé par la privation en facteurs de croissance",
                "x": 1403,
                "y": 696
            }
        },
        {
            "user_id": "gfiudhgi",
            "session_id": "gfiudhgi_1474546249788",
            "timestamp": 1474533385102,
            "sequence_id": 2,
            "section_id": "1",
            "activity_id": "0",
            "activity_kind": "dragdrop",
            "data": {
                "kind": "Click",
                "what": "next_btn",
                "which": "Checkpoint influencé par la privation en facteurs de croissance",
                "x": 1403,
                "y": 696
            }
        },
        {
            "user_id": "gfiudhgi",
            "session_id": "gfiudhgi_1474546249788",
            "timestamp": 1474533385611,
            "sequence_id": 2,
            "section_id": "1",
            "activity_id": "0",
            "activity_kind": "dragdrop",
            "data": {
                "kind": "MousePressed",
                "what": "next_btn",
                "which": "Checkpoint influencé par la privation en facteurs de croissance",
                "x": 1403,
                "y": 696
            }
        },
        {
            "user_id": "gfiudhgi",
            "session_id": "gfiudhgi_1474546249788",
            "timestamp": 1474533385675,
            "sequence_id": 2,
            "section_id": "1",
            "activity_id": "0",
            "activity_kind": "dragdrop",
            "data": {
                "kind": "MouseReleased",
                "what": "next_btn",
                "which": "Checkpoint influencé par la privation en facteurs de croissance",
                "x": 1403,
                "y": 696
            }
        },
        {
            "user_id": "gfiudhgi",
            "session_id": "gfiudhgi_1474546249788",
            "timestamp": 1474533385688,
            "sequence_id": 2,
            "section_id": "1",
            "activity_id": "0",
            "activity_kind": "curvetest",
            "data": {
                "kind": "Click",
                "what": "next_btn",
                "which": "Checkpoint influencé par la privation en facteurs de croissance",
                "x": 1403,
                "y": 696
            }
        },
        {
            "user_id": "gfiudhgi",
            "session_id": "gfiudhgi_1474546249788",
            "timestamp": 1474533388068,
            "sequence_id": 2,
            "section_id": "1",
            "activity_id": "1",
            "activity_kind": "curvetest",
            "data": {
                "kind": "Click",
                "what": "Curve_canvas",
                "which": "Evolution du nombre de cellules",
                "x": 788,
                "y": 258
            }
        },
        {
            "user_id": "gfiudhgi",
            "session_id": "gfiudhgi_1474546249788",
            "timestamp": 1474533389058,
            "sequence_id": 2,
            "section_id": "1",
            "activity_id": "1",
            "activity_kind": "curvetest",
            "data": {
                "kind": "Click",
                "what": "next_btn",
                "which": "Evolution du nombre de cellules",
                "x": 1410,
                "y": 692
            }
        },
        {
            "user_id": "gfiudhgi",
            "session_id": "gfiudhgi_1474546249788",
            "timestamp": 1474533389452,
            "sequence_id": 2,
            "section_id": "1",
            "activity_id": "1",
            "activity_kind": "transition",
            "data": {
                "kind": "Click",
                "what": "next_btn",
                "which": "Evolution du nombre de cellules",
                "x": 1410,
                "y": 692
            }
        },
        {
            "user_id": "gfiudhgi",
            "session_id": "gfiudhgi_1474546249788",
            "timestamp": 1474533390598,
            "sequence_id": 2,
            "section_id": "2",
            "activity_id": "-1",
            "activity_kind": "planif",
            "data": {
                "kind": "Click",
                "what": "next_btn",
                "which": "protocol",
                "x": 1410,
                "y": 692
            }
        },
        {
            "user_id": "gfiudhgi",
            "session_id": "gfiudhgi_1474546249788",
            "timestamp": 1474533392787,
            "sequence_id": 2,
            "section_id": "2",
            "activity_id": "0",
            "activity_kind": "planif",
            "data": {
                "kind": "Click",
                "what": "statement_pane",
                "which": "Planification du protocole expérimental",
                "x": 1102,
                "y": 565
            }
        },
        {
            "user_id": "gfiudhgi",
            "session_id": "gfiudhgi_1474546249788",
            "timestamp": 1474533393187,
            "sequence_id": 2,
            "section_id": "2",
            "activity_id": "0",
            "activity_kind": "planif",
            "data": {
                "kind": "Click",
                "what": "check_temoin",
                "which": "Planification du protocole expérimental",
                "x": 1101,
                "y": 556
            }
        },
        {
            "user_id": "gfiudhgi",
            "session_id": "gfiudhgi_1474546249788",
            "timestamp": 1474533394405,
            "sequence_id": 2,
            "section_id": "2",
            "activity_id": "0",
            "activity_kind": "planif",
            "data": {
                "kind": "Click",
                "what": "correct_btn",
                "which": "Planification du protocole expérimental",
                "x": 1389,
                "y": 688
            }
        },
        {
            "user_id": "gfiudhgi",
            "session_id": "gfiudhgi_1474546249788",
            "timestamp": 1474533394561,
            "sequence_id": 2,
            "section_id": "2",
            "activity_id": "0",
            "activity_kind": "planif",
            "data": {
                "kind": "Click",
                "what": "correct_btn",
                "which": "Planification du protocole expérimental",
                "x": 1389,
                "y": 688
            }
        },
        {
            "user_id": "gfiudhgi",
            "session_id": "gfiudhgi_1474546249788",
            "timestamp": 1474533394770,
            "sequence_id": 2,
            "section_id": "2",
            "activity_id": "0",
            "activity_kind": "planif",
            "data": {
                "kind": "Click",
                "what": "correct_btn",
                "which": "Planification du protocole expérimental",
                "x": 1389,
                "y": 688
            }
        },
        {
            "user_id": "gfiudhgi",
            "session_id": "gfiudhgi_1474546249788",
            "timestamp": 1474533395033,
            "sequence_id": 2,
            "section_id": "2",
            "activity_id": "0",
            "activity_kind": "planif",
            "data": {
                "kind": "Click",
                "what": "next_btn",
                "which": "Planification du protocole expérimental",
                "x": 1389,
                "y": 688
            }
        },
        {
            "user_id": "gfiudhgi",
            "session_id": "gfiudhgi_1474546249788",
            "timestamp": 1474533395207,
            "sequence_id": 2,
            "section_id": "2",
            "activity_id": "0",
            "activity_kind": "dragdrop",
            "data": {
                "kind": "Click",
                "what": "next_btn",
                "which": "Planification du protocole expérimental",
                "x": 1389,
                "y": 688
            }
        },
        {
            "user_id": "gfiudhgi",
            "session_id": "gfiudhgi_1474546249788",
            "timestamp": 1474533398508,
            "sequence_id": 2,
            "section_id": "2",
            "activity_id": "1",
            "activity_kind": "dragdrop",
            "data": {
                "kind": "MousePressed",
                "what": "correct_btn",
                "which": "Nombres de boîtes de Pétri",
                "x": 1384,
                "y": 689
            }
        },
        {
            "user_id": "gfiudhgi",
            "session_id": "gfiudhgi_1474546249788",
            "timestamp": 1474533398580,
            "sequence_id": 2,
            "section_id": "2",
            "activity_id": "1",
            "activity_kind": "dragdrop",
            "data": {
                "kind": "MouseReleased",
                "what": "correct_btn",
                "which": "Nombres de boîtes de Pétri",
                "x": 1384,
                "y": 689
            }
        },
        {
            "user_id": "gfiudhgi",
            "session_id": "gfiudhgi_1474546249788",
            "timestamp": 1474533398583,
            "sequence_id": 2,
            "section_id": "2",
            "activity_id": "1",
            "activity_kind": "dragdrop",
            "data": {
                "kind": "Click",
                "what": "correct_btn",
                "which": "Nombres de boîtes de Pétri",
                "x": 1384,
                "y": 689
            }
        },
        {
            "user_id": "gfiudhgi",
            "session_id": "gfiudhgi_1474546249788",
            "timestamp": 1474533398947,
            "sequence_id": 2,
            "section_id": "2",
            "activity_id": "1",
            "activity_kind": "dragdrop",
            "data": {
                "kind": "MousePressed",
                "what": "correct_btn",
                "which": "Nombres de boîtes de Pétri",
                "x": 1384,
                "y": 689
            }
        },
        {
            "user_id": "gfiudhgi",
            "session_id": "gfiudhgi_1474546249788",
            "timestamp": 1474533399018,
            "sequence_id": 2,
            "section_id": "2",
            "activity_id": "1",
            "activity_kind": "dragdrop",
            "data": {
                "kind": "MouseReleased",
                "what": "correct_btn",
                "which": "Nombres de boîtes de Pétri",
                "x": 1384,
                "y": 689
            }
        },
        {
            "user_id": "gfiudhgi",
            "session_id": "gfiudhgi_1474546249788",
            "timestamp": 1474533399021,
            "sequence_id": 2,
            "section_id": "2",
            "activity_id": "1",
            "activity_kind": "dragdrop",
            "data": {
                "kind": "Click",
                "what": "correct_btn",
                "which": "Nombres de boîtes de Pétri",
                "x": 1384,
                "y": 689
            }
        },
        {
            "user_id": "gfiudhgi",
            "session_id": "gfiudhgi_1474546249788",
            "timestamp": 1474533400147,
            "sequence_id": 2,
            "section_id": "2",
            "activity_id": "1",
            "activity_kind": "dragdrop",
            "data": {
                "kind": "MousePressed",
                "what": "correct_btn",
                "which": "Nombres de boîtes de Pétri",
                "x": 1396,
                "y": 699
            }
        },
        {
            "user_id": "gfiudhgi",
            "session_id": "gfiudhgi_1474546249788",
            "timestamp": 1474533400210,
            "sequence_id": 2,
            "section_id": "2",
            "activity_id": "1",
            "activity_kind": "dragdrop",
            "data": {
                "kind": "MouseReleased",
                "what": "correct_btn",
                "which": "Nombres de boîtes de Pétri",
                "x": 1396,
                "y": 699
            }
        },
        {
            "user_id": "gfiudhgi",
            "session_id": "gfiudhgi_1474546249788",
            "timestamp": 1474533400213,
            "sequence_id": 2,
            "section_id": "2",
            "activity_id": "1",
            "activity_kind": "dragdrop",
            "data": {
                "kind": "Click",
                "what": "correct_btn",
                "which": "Nombres de boîtes de Pétri",
                "x": 1396,
                "y": 699
            }
        },
        {
            "user_id": "gfiudhgi",
            "session_id": "gfiudhgi_1474546249788",
            "timestamp": 1474533400595,
            "sequence_id": 2,
            "section_id": "2",
            "activity_id": "1",
            "activity_kind": "dragdrop",
            "data": {
                "kind": "MousePressed",
                "what": "next_btn",
                "which": "Nombres de boîtes de Pétri",
                "x": 1396,
                "y": 699
            }
        },
        {
            "user_id": "gfiudhgi",
            "session_id": "gfiudhgi_1474546249788",
            "timestamp": 1474533400658,
            "sequence_id": 2,
            "section_id": "2",
            "activity_id": "1",
            "activity_kind": "dragdrop",
            "data": {
                "kind": "MouseReleased",
                "what": "next_btn",
                "which": "Nombres de boîtes de Pétri",
                "x": 1396,
                "y": 699
            }
        },
        {
            "user_id": "gfiudhgi",
            "session_id": "gfiudhgi_1474546249788",
            "timestamp": 1474533400666,
            "sequence_id": 2,
            "section_id": "2",
            "activity_id": "1",
            "activity_kind": "dragdrop",
            "data": {
                "kind": "Click",
                "what": "next_btn",
                "which": "Nombres de boîtes de Pétri",
                "x": 1396,
                "y": 699
            }
        },
        {
            "user_id": "gfiudhgi",
            "session_id": "gfiudhgi_1474546249788",
            "timestamp": 1474533403957,
            "sequence_id": 2,
            "section_id": "2",
            "activity_id": "1",
            "activity_kind": "dragdrop",
            "data": {
                "kind": "MousePressed",
                "what": "next_btn",
                "which": "Nombres de boîtes de Pétri",
                "x": 1396,
                "y": 699
            }
        },
        {
            "user_id": "gfiudhgi",
            "session_id": "gfiudhgi_1474546249788",
            "timestamp": 1474533404051,
            "sequence_id": 2,
            "section_id": "2",
            "activity_id": "1",
            "activity_kind": "dragdrop",
            "data": {
                "kind": "MouseReleased",
                "what": "next_btn",
                "which": "Nombres de boîtes de Pétri",
                "x": 1396,
                "y": 699
            }
        },
        {
            "user_id": "gfiudhgi",
            "session_id": "gfiudhgi_1474546249788",
            "timestamp": 1474533404069,
            "sequence_id": 2,
            "section_id": "2",
            "activity_id": "1",
            "activity_kind": "transition",
            "data": {
                "kind": "Click",
                "what": "next_btn",
                "which": "Nombres de boîtes de Pétri",
                "x": 1396,
                "y": 699
            }
        },
        {
            "user_id": "gfiudhgi",
            "session_id": "gfiudhgi_1474546249788",
            "timestamp": 1474533405963,
            "sequence_id": 2,
            "section_id": "2",
            "activity_id": "2",
            "activity_kind": "transition",
            "data": {
                "kind": "Click",
                "what": "next_btn",
                "which": "Densité cellulaire",
                "x": 1396,
                "y": 699
            }
        },
        {
            "user_id": "gfiudhgi",
            "session_id": "gfiudhgi_1474546249788",
            "timestamp": 1474533407104,
            "sequence_id": 2,
            "section_id": "2",
            "activity_id": "3",
            "activity_kind": "transition",
            "data": {
                "kind": "Click",
                "what": "next_btn",
                "which": "Nombre de cellules par boîte et taille des boîtes",
                "x": 1396,
                "y": 699
            }
        },
        {
            "user_id": "gfiudhgi",
            "session_id": "gfiudhgi_1474546249788",
            "timestamp": 1474533408152,
            "sequence_id": 2,
            "section_id": "2",
            "activity_id": "4",
            "activity_kind": "doublepipette",
            "data": {
                "kind": "Click",
                "what": "next_btn",
                "which": "Ensemencement",
                "x": 1396,
                "y": 699
            }
        },
        {
            "user_id": "gfiudhgi",
            "session_id": "gfiudhgi_1474546249788",
            "timestamp": 1474533409185,
            "sequence_id": 2,
            "section_id": "2",
            "activity_id": "5",
            "activity_kind": "doublepipette",
            "data": {
                "kind": "Click",
                "what": "correct_btn",
                "which": "Changement de milieu",
                "x": 1396,
                "y": 699
            }
        },
        {
            "user_id": "gfiudhgi",
            "session_id": "gfiudhgi_1474546249788",
            "timestamp": 1474533409853,
            "sequence_id": 2,
            "section_id": "2",
            "activity_id": "5",
            "activity_kind": "doublepipette",
            "data": {
                "kind": "Click",
                "what": "correct_btn",
                "which": "Changement de milieu",
                "x": 1396,
                "y": 699
            }
        },
        {
            "user_id": "gfiudhgi",
            "session_id": "gfiudhgi_1474546249788",
            "timestamp": 1474533410178,
            "sequence_id": 2,
            "section_id": "2",
            "activity_id": "5",
            "activity_kind": "doublepipette",
            "data": {
                "kind": "Click",
                "what": "correct_btn",
                "which": "Changement de milieu",
                "x": 1396,
                "y": 699
            }
        },
        {
            "user_id": "gfiudhgi",
            "session_id": "gfiudhgi_1474546249788",
            "timestamp": 1474533410600,
            "sequence_id": 2,
            "section_id": "2",
            "activity_id": "5",
            "activity_kind": "doublepipette",
            "data": {
                "kind": "Click",
                "what": "next_btn",
                "which": "Changement de milieu",
                "x": 1396,
                "y": 699
            }
        },
        {
            "user_id": "gfiudhgi",
            "session_id": "gfiudhgi_1474546249788",
            "timestamp": 1474533414892,
            "sequence_id": 2,
            "section_id": "2",
            "activity_id": "5",
            "activity_kind": "transition",
            "data": {
                "kind": "Click",
                "what": "next_btn",
                "which": "Changement de milieu",
                "x": 1395,
                "y": 686
            }
        },
        {
            "user_id": "gfiudhgi",
            "session_id": "gfiudhgi_1474546249788",
            "timestamp": 1474533423723,
            "sequence_id": 2,
            "section_id": "3",
            "activity_id": "-1",
            "activity_kind": "transition",
            "data": {
                "kind": "Click",
                "what": "next_btn",
                "which": "experiment",
                "x": 1390,
                "y": 695
            }
        },
        {
            "user_id": "gfiudhgi",
            "session_id": "gfiudhgi_1474546249788",
            "timestamp": 1474533424951,
            "sequence_id": 2,
            "section_id": "4",
            "activity_id": "-1",
            "activity_kind": "dragdrop",
            "data": {
                "kind": "Click",
                "what": "next_btn",
                "which": "results",
                "x": 1381,
                "y": 696
            }
        },
        {
            "user_id": "gfiudhgi",
            "session_id": "gfiudhgi_1474546249788",
            "timestamp": 1474533426202,
            "sequence_id": 2,
            "section_id": "4",
            "activity_id": "0",
            "activity_kind": "dragdrop",
            "data": {
                "kind": "MousePressed",
                "what": "correct_btn",
                "which": "Profils de cytométrie de flux au cours de l'expérience",
                "x": 1380,
                "y": 696
            }
        },
        {
            "user_id": "gfiudhgi",
            "session_id": "gfiudhgi_1474546249788",
            "timestamp": 1474533426282,
            "sequence_id": 2,
            "section_id": "4",
            "activity_id": "0",
            "activity_kind": "dragdrop",
            "data": {
                "kind": "MouseReleased",
                "what": "correct_btn",
                "which": "Profils de cytométrie de flux au cours de l'expérience",
                "x": 1380,
                "y": 696
            }
        },
        {
            "user_id": "gfiudhgi",
            "session_id": "gfiudhgi_1474546249788",
            "timestamp": 1474533426287,
            "sequence_id": 2,
            "section_id": "4",
            "activity_id": "0",
            "activity_kind": "dragdrop",
            "data": {
                "kind": "Click",
                "what": "correct_btn",
                "which": "Profils de cytométrie de flux au cours de l'expérience",
                "x": 1380,
                "y": 696
            }
        },
        {
            "user_id": "gfiudhgi",
            "session_id": "gfiudhgi_1474546249788",
            "timestamp": 1474533426581,
            "sequence_id": 2,
            "section_id": "4",
            "activity_id": "0",
            "activity_kind": "dragdrop",
            "data": {
                "kind": "MousePressed",
                "what": "correct_btn",
                "which": "Profils de cytométrie de flux au cours de l'expérience",
                "x": 1380,
                "y": 696
            }
        },
        {
            "user_id": "gfiudhgi",
            "session_id": "gfiudhgi_1474546249788",
            "timestamp": 1474533426642,
            "sequence_id": 2,
            "section_id": "4",
            "activity_id": "0",
            "activity_kind": "dragdrop",
            "data": {
                "kind": "MouseReleased",
                "what": "correct_btn",
                "which": "Profils de cytométrie de flux au cours de l'expérience",
                "x": 1380,
                "y": 696
            }
        },
        {
            "user_id": "gfiudhgi",
            "session_id": "gfiudhgi_1474546249788",
            "timestamp": 1474533426647,
            "sequence_id": 2,
            "section_id": "4",
            "activity_id": "0",
            "activity_kind": "dragdrop",
            "data": {
                "kind": "Click",
                "what": "correct_btn",
                "which": "Profils de cytométrie de flux au cours de l'expérience",
                "x": 1380,
                "y": 696
            }
        },
        {
            "user_id": "gfiudhgi",
            "session_id": "gfiudhgi_1474546249788",
            "timestamp": 1474533426739,
            "sequence_id": 2,
            "section_id": "4",
            "activity_id": "0",
            "activity_kind": "dragdrop",
            "data": {
                "kind": "MousePressed",
                "what": "correct_btn",
                "which": "Profils de cytométrie de flux au cours de l'expérience",
                "x": 1380,
                "y": 696
            }
        },
        {
            "user_id": "gfiudhgi",
            "session_id": "gfiudhgi_1474546249788",
            "timestamp": 1474533426802,
            "sequence_id": 2,
            "section_id": "4",
            "activity_id": "0",
            "activity_kind": "dragdrop",
            "data": {
                "kind": "MouseReleased",
                "what": "correct_btn",
                "which": "Profils de cytométrie de flux au cours de l'expérience",
                "x": 1380,
                "y": 696
            }
        },
        {
            "user_id": "gfiudhgi",
            "session_id": "gfiudhgi_1474546249788",
            "timestamp": 1474533426806,
            "sequence_id": 2,
            "section_id": "4",
            "activity_id": "0",
            "activity_kind": "dragdrop",
            "data": {
                "kind": "Click",
                "what": "correct_btn",
                "which": "Profils de cytométrie de flux au cours de l'expérience",
                "x": 1380,
                "y": 696
            }
        },
        {
            "user_id": "gfiudhgi",
            "session_id": "gfiudhgi_1474546249788",
            "timestamp": 1474533426874,
            "sequence_id": 2,
            "section_id": "4",
            "activity_id": "0",
            "activity_kind": "dragdrop",
            "data": {
                "kind": "MousePressed",
                "what": "next_btn",
                "which": "Profils de cytométrie de flux au cours de l",
                "x": 1380,
                "y": 696
            }
        },
        {
            "user_id": "gfiudhgi",
            "session_id": "gfiudhgi_1474546249788",
            "timestamp": 1474533426946,
            "sequence_id": 2,
            "section_id": "4",
            "activity_id": "0",
            "activity_kind": "dragdrop",
            "data": {
                "kind": "MouseReleased",
                "what": "next_btn",
                "which": "Profils de cytométrie de flux au cours de l",
                "x": 1380,
                "y": 696
            }
        },
        {
            "user_id": "gfiudhgi",
            "session_id": "gfiudhgi_1474546249788",
            "timestamp": 1474533426962,
            "sequence_id": 2,
            "section_id": "4",
            "activity_id": "0",
            "activity_kind": "dragdrop",
            "data": {
                "kind": "Click",
                "what": "next_btn",
                "which": "Profils de cytométrie de flux au cours de l",
                "x": 1380,
                "y": 696
            }
        },
        {
            "user_id": "gfiudhgi",
            "session_id": "gfiudhgi_1474546249788",
            "timestamp": 1474533427467,
            "sequence_id": 2,
            "section_id": "4",
            "activity_id": "0",
            "activity_kind": "dragdrop",
            "data": {
                "kind": "MousePressed",
                "what": "next_btn",
                "which": "Profils de cytométrie de flux au cours de l",
                "x": 1380,
                "y": 696
            }
        },
        {
            "user_id": "gfiudhgi",
            "session_id": "gfiudhgi_1474546249788",
            "timestamp": 1474533427530,
            "sequence_id": 2,
            "section_id": "4",
            "activity_id": "0",
            "activity_kind": "dragdrop",
            "data": {
                "kind": "MouseReleased",
                "what": "next_btn",
                "which": "Profils de cytométrie de flux au cours de l",
                "x": 1380,
                "y": 696
            }
        },
        {
            "user_id": "gfiudhgi",
            "session_id": "gfiudhgi_1474546249788",
            "timestamp": 1474533427556,
            "sequence_id": 2,
            "section_id": "4",
            "activity_id": "0",
            "activity_kind": "dragdrop",
            "data": {
                "kind": "Click",
                "what": "next_btn",
                "which": "Profils de cytométrie de flux au cours de l",
                "x": 1380,
                "y": 696
            }
        },
        {
            "user_id": "gfiudhgi",
            "session_id": "gfiudhgi_1474546249788",
            "timestamp": 1474533434935,
            "sequence_id": 2,
            "section_id": "4",
            "activity_id": "1",
            "activity_kind": "dragdrop",
            "data": {
                "kind": "MousePressed",
                "what": "DD_sticker",
                "which": "/ressources/sequence2/act2/flag1.png",
                "x": 1233,
                "y": 302
            }
        },
        {
            "user_id": "gfiudhgi",
            "session_id": "gfiudhgi_1474546249788",
            "timestamp": 1474533435268,
            "sequence_id": 2,
            "section_id": "4",
            "activity_id": "1",
            "activity_kind": "dragdrop",
            "data": {
                "kind": "MouseReleased",
                "what": "DD_sticker",
                "which": "/ressources/sequence2/act2/flag1.png",
                "x": 994,
                "y": 333
            }
        },
        {
            "user_id": "gfiudhgi",
            "session_id": "gfiudhgi_1474546249788",
            "timestamp": 1474533436120,
            "sequence_id": 2,
            "section_id": "4",
            "activity_id": "1",
            "activity_kind": "dragdrop",
            "data": {
                "kind": "MousePressed",
                "what": "DD_sticker",
                "which": "/ressources/sequence2/act2/flag1.png",
                "x": 1244,
                "y": 307
            }
        },
        {
            "user_id": "gfiudhgi",
            "session_id": "gfiudhgi_1474546249788",
            "timestamp": 1474533436815,
            "sequence_id": 2,
            "section_id": "4",
            "activity_id": "1",
            "activity_kind": "dragdrop",
            "data": {
                "kind": "MouseReleased",
                "what": "DD_sticker",
                "which": "/ressources/sequence2/act2/flag1.png",
                "x": 924,
                "y": 552
            }
        },
        {
            "user_id": "gfiudhgi",
            "session_id": "gfiudhgi_1474546249788",
            "timestamp": 1474533437602,
            "sequence_id": 2,
            "section_id": "4",
            "activity_id": "1",
            "activity_kind": "dragdrop",
            "data": {
                "kind": "MousePressed",
                "what": "next_btn",
                "which": "Checkpoint influencé par la privation en sérum",
                "x": 1408,
                "y": 700
            }
        },
        {
            "user_id": "gfiudhgi",
            "session_id": "gfiudhgi_1474546249788",
            "timestamp": 1474533437658,
            "sequence_id": 2,
            "section_id": "4",
            "activity_id": "1",
            "activity_kind": "dragdrop",
            "data": {
                "kind": "MouseReleased",
                "what": "next_btn",
                "which": "Checkpoint influencé par la privation en sérum",
                "x": 1408,
                "y": 700
            }
        },
        {
            "user_id": "gfiudhgi",
            "session_id": "gfiudhgi_1474546249788",
            "timestamp": 1474533437665,
            "sequence_id": 2,
            "section_id": "4",
            "activity_id": "1",
            "activity_kind": "dragdrop",
            "data": {
                "kind": "Click",
                "what": "next_btn",
                "which": "Checkpoint influencé par la privation en sérum",
                "x": 1408,
                "y": 700
            }
        },
        {
            "user_id": "gfiudhgi",
            "session_id": "gfiudhgi_1474546249788",
            "timestamp": 1474533438819,
            "sequence_id": 2,
            "section_id": "4",
            "activity_id": "1",
            "activity_kind": "dragdrop",
            "data": {
                "kind": "MousePressed",
                "what": "next_btn",
                "which": "Checkpoint influencé par la privation en sérum",
                "x": 1396,
                "y": 698
            }
        },
        {
            "user_id": "gfiudhgi",
            "session_id": "gfiudhgi_1474546249788",
            "timestamp": 1474533438866,
            "sequence_id": 2,
            "section_id": "4",
            "activity_id": "1",
            "activity_kind": "dragdrop",
            "data": {
                "kind": "MouseReleased",
                "what": "next_btn",
                "which": "Checkpoint influencé par la privation en sérum",
                "x": 1394,
                "y": 698
            }
        },
        {
            "user_id": "gfiudhgi",
            "session_id": "gfiudhgi_1474546249788",
            "timestamp": 1474533438882,
            "sequence_id": 2,
            "section_id": "4",
            "activity_id": "1",
            "activity_kind": "curvestar",
            "data": {
                "kind": "Click",
                "what": "next_btn",
                "which": "Checkpoint influencé par la privation en sérum",
                "x": 1394,
                "y": 698
            }
        },
        {
            "user_id": "gfiudhgi",
            "session_id": "gfiudhgi_1474546249788",
            "timestamp": 1474533442324,
            "sequence_id": 2,
            "section_id": "4",
            "activity_id": "2",
            "activity_kind": "curvestar",
            "data": {
                "kind": "MousePressed",
                "what": "Curve_canvas",
                "which": "Profils de cytométrie de flux et courbe d'évolution dans une phase",
                "x": 1034,
                "y": 439
            }
        },
        {
            "user_id": "gfiudhgi",
            "session_id": "gfiudhgi_1474546249788",
            "timestamp": 1474533442550,
            "sequence_id": 2,
            "section_id": "4",
            "activity_id": "2",
            "activity_kind": "curvestar",
            "data": {
                "kind": "MouseReleased",
                "what": "Curve_canvas",
                "which": "Profils de cytométrie de flux et courbe d'évolution dans une phase",
                "x": 1010,
                "y": 311
            }
        },
        {
            "user_id": "gfiudhgi",
            "session_id": "gfiudhgi_1474546249788",
            "timestamp": 1474533442551,
            "sequence_id": 2,
            "section_id": "4",
            "activity_id": "2",
            "activity_kind": "curvestar",
            "data": {
                "kind": "Click",
                "what": "Curve_canvas",
                "which": "Profils de cytométrie de flux et courbe d'évolution dans une phase",
                "x": 1010,
                "y": 311
            }
        },
        {
            "user_id": "gfiudhgi",
            "session_id": "gfiudhgi_1474546249788",
            "timestamp": 1474533443315,
            "sequence_id": 2,
            "section_id": "4",
            "activity_id": "2",
            "activity_kind": "curvestar",
            "data": {
                "kind": "MousePressed",
                "what": "Curve_canvas",
                "which": "Profils de cytométrie de flux et courbe d'évolution dans une phase",
                "x": 1024,
                "y": 428
            }
        },
        {
            "user_id": "gfiudhgi",
            "session_id": "gfiudhgi_1474546249788",
            "timestamp": 1474533444508,
            "sequence_id": 2,
            "section_id": "4",
            "activity_id": "2",
            "activity_kind": "curvestar",
            "data": {
                "kind": "MouseReleased",
                "what": "Curve_canvas",
                "which": "Profils de cytométrie de flux et courbe d'évolution dans une phase",
                "x": 1016,
                "y": 287
            }
        },
        {
            "user_id": "gfiudhgi",
            "session_id": "gfiudhgi_1474546249788",
            "timestamp": 1474533444510,
            "sequence_id": 2,
            "section_id": "4",
            "activity_id": "2",
            "activity_kind": "curvestar",
            "data": {
                "kind": "Click",
                "what": "Curve_canvas",
                "which": "Profils de cytométrie de flux et courbe d'évolution dans une phase",
                "x": 1016,
                "y": 287
            }
        },
        {
            "user_id": "gfiudhgi",
            "session_id": "gfiudhgi_1474546249788",
            "timestamp": 1474533447012,
            "sequence_id": 2,
            "section_id": "4",
            "activity_id": "2",
            "activity_kind": "curvestar",
            "data": {
                "kind": "MousePressed",
                "what": "Curve_canvas",
                "which": "Profils de cytométrie de flux et courbe d'évolution dans une phase",
                "x": 948,
                "y": 430
            }
        },
        {
            "user_id": "gfiudhgi",
            "session_id": "gfiudhgi_1474546249788",
            "timestamp": 1474533447461,
            "sequence_id": 2,
            "section_id": "4",
            "activity_id": "2",
            "activity_kind": "curvestar",
            "data": {
                "kind": "MouseReleased",
                "what": "Curve_canvas",
                "which": "Profils de cytométrie de flux et courbe d'évolution dans une phase",
                "x": 944,
                "y": 279
            }
        },
        {
            "user_id": "gfiudhgi",
            "session_id": "gfiudhgi_1474546249788",
            "timestamp": 1474533447462,
            "sequence_id": 2,
            "section_id": "4",
            "activity_id": "2",
            "activity_kind": "curvestar",
            "data": {
                "kind": "Click",
                "what": "Curve_canvas",
                "which": "Profils de cytométrie de flux et courbe d'évolution dans une phase",
                "x": 944,
                "y": 279
            }
        },
        {
            "user_id": "gfiudhgi",
            "session_id": "gfiudhgi_1474546249788",
            "timestamp": 1474533448852,
            "sequence_id": 2,
            "section_id": "4",
            "activity_id": "2",
            "activity_kind": "curvestar",
            "data": {
                "kind": "MousePressed",
                "what": "Curve_canvas",
                "which": "Profils de cytométrie de flux et courbe d'évolution dans une phase",
                "x": 871,
                "y": 426
            }
        },
        {
            "user_id": "gfiudhgi",
            "session_id": "gfiudhgi_1474546249788",
            "timestamp": 1474533449165,
            "sequence_id": 2,
            "section_id": "4",
            "activity_id": "2",
            "activity_kind": "curvestar",
            "data": {
                "kind": "MouseReleased",
                "what": "Curve_canvas",
                "which": "Profils de cytométrie de flux et courbe d'évolution dans une phase",
                "x": 873,
                "y": 310
            }
        },
        {
            "user_id": "gfiudhgi",
            "session_id": "gfiudhgi_1474546249788",
            "timestamp": 1474533449167,
            "sequence_id": 2,
            "section_id": "4",
            "activity_id": "2",
            "activity_kind": "curvestar",
            "data": {
                "kind": "Click",
                "what": "Curve_canvas",
                "which": "Profils de cytométrie de flux et courbe d'évolution dans une phase",
                "x": 873,
                "y": 310
            }
        },
        {
            "user_id": "gfiudhgi",
            "session_id": "gfiudhgi_1474546249788",
            "timestamp": 1474533450124,
            "sequence_id": 2,
            "section_id": "4",
            "activity_id": "2",
            "activity_kind": "curvestar",
            "data": {
                "kind": "MousePressed",
                "what": "Curve_canvas",
                "which": "Profils de cytométrie de flux et courbe d'évolution dans une phase",
                "x": 873,
                "y": 328
            }
        },
        {
            "user_id": "gfiudhgi",
            "session_id": "gfiudhgi_1474546249788",
            "timestamp": 1474533450451,
            "sequence_id": 2,
            "section_id": "4",
            "activity_id": "2",
            "activity_kind": "curvestar",
            "data": {
                "kind": "MouseReleased",
                "what": "Curve_canvas",
                "which": "Profils de cytométrie de flux et courbe d'évolution dans une phase",
                "x": 873,
                "y": 297
            }
        },
        {
            "user_id": "gfiudhgi",
            "session_id": "gfiudhgi_1474546249788",
            "timestamp": 1474533450453,
            "sequence_id": 2,
            "section_id": "4",
            "activity_id": "2",
            "activity_kind": "curvestar",
            "data": {
                "kind": "Click",
                "what": "Curve_canvas",
                "which": "Profils de cytométrie de flux et courbe d'évolution dans une phase",
                "x": 873,
                "y": 297
            }
        },
        {
            "user_id": "gfiudhgi",
            "session_id": "gfiudhgi_1474546249788",
            "timestamp": 1474533450828,
            "sequence_id": 2,
            "section_id": "4",
            "activity_id": "2",
            "activity_kind": "curvestar",
            "data": {
                "kind": "MousePressed",
                "what": "Curve_canvas",
                "which": "Profils de cytométrie de flux et courbe d'évolution dans une phase",
                "x": 874,
                "y": 312
            }
        },
        {
            "user_id": "gfiudhgi",
            "session_id": "gfiudhgi_1474546249788",
            "timestamp": 1474533451075,
            "sequence_id": 2,
            "section_id": "4",
            "activity_id": "2",
            "activity_kind": "curvestar",
            "data": {
                "kind": "MouseReleased",
                "what": "Curve_canvas",
                "which": "Profils de cytométrie de flux et courbe d'évolution dans une phase",
                "x": 868,
                "y": 240
            }
        },
        {
            "user_id": "gfiudhgi",
            "session_id": "gfiudhgi_1474546249788",
            "timestamp": 1474533451076,
            "sequence_id": 2,
            "section_id": "4",
            "activity_id": "2",
            "activity_kind": "curvestar",
            "data": {
                "kind": "Click",
                "what": "Curve_canvas",
                "which": "Profils de cytométrie de flux et courbe d'évolution dans une phase",
                "x": 868,
                "y": 240
            }
        },
        {
            "user_id": "gfiudhgi",
            "session_id": "gfiudhgi_1474546249788",
            "timestamp": 1474533451875,
            "sequence_id": 2,
            "section_id": "4",
            "activity_id": "2",
            "activity_kind": "curvestar",
            "data": {
                "kind": "MousePressed",
                "what": "Curve_canvas",
                "which": "Profils de cytométrie de flux et courbe d'évolution dans une phase",
                "x": 869,
                "y": 251
            }
        },
        {
            "user_id": "gfiudhgi",
            "session_id": "gfiudhgi_1474546249788",
            "timestamp": 1474533452139,
            "sequence_id": 2,
            "section_id": "4",
            "activity_id": "2",
            "activity_kind": "curvestar",
            "data": {
                "kind": "MouseReleased",
                "what": "Curve_canvas",
                "which": "Profils de cytométrie de flux et courbe d'évolution dans une phase",
                "x": 867,
                "y": 185
            }
        },
        {
            "user_id": "gfiudhgi",
            "session_id": "gfiudhgi_1474546249788",
            "timestamp": 1474533452140,
            "sequence_id": 2,
            "section_id": "4",
            "activity_id": "2",
            "activity_kind": "curvestar",
            "data": {
                "kind": "Click",
                "what": "Curve_canvas",
                "which": "Profils de cytométrie de flux et courbe d'évolution dans une phase",
                "x": 867,
                "y": 185
            }
        },
        {
            "user_id": "gfiudhgi",
            "session_id": "gfiudhgi_1474546249788",
            "timestamp": 1474533453324,
            "sequence_id": 2,
            "section_id": "4",
            "activity_id": "2",
            "activity_kind": "curvestar",
            "data": {
                "kind": "MousePressed",
                "what": "Curve_canvas",
                "which": "Profils de cytométrie de flux et courbe d'évolution dans une phase",
                "x": 710,
                "y": 437
            }
        },
        {
            "user_id": "gfiudhgi",
            "session_id": "gfiudhgi_1474546249788",
            "timestamp": 1474533453547,
            "sequence_id": 2,
            "section_id": "4",
            "activity_id": "2",
            "activity_kind": "curvestar",
            "data": {
                "kind": "MouseReleased",
                "what": "Curve_canvas",
                "which": "Profils de cytométrie de flux et courbe d'évolution dans une phase",
                "x": 700,
                "y": 306
            }
        },
        {
            "user_id": "gfiudhgi",
            "session_id": "gfiudhgi_1474546249788",
            "timestamp": 1474533453549,
            "sequence_id": 2,
            "section_id": "4",
            "activity_id": "2",
            "activity_kind": "curvestar",
            "data": {
                "kind": "Click",
                "what": "Curve_canvas",
                "which": "Profils de cytométrie de flux et courbe d'évolution dans une phase",
                "x": 700,
                "y": 306
            }
        },
        {
            "user_id": "gfiudhgi",
            "session_id": "gfiudhgi_1474546249788",
            "timestamp": 1474533454428,
            "sequence_id": 2,
            "section_id": "4",
            "activity_id": "2",
            "activity_kind": "curvestar",
            "data": {
                "kind": "MousePressed",
                "what": "Curve_canvas",
                "which": "Profils de cytométrie de flux et courbe d'évolution dans une phase",
                "x": 708,
                "y": 307
            }
        },
        {
            "user_id": "gfiudhgi",
            "session_id": "gfiudhgi_1474546249788",
            "timestamp": 1474533454649,
            "sequence_id": 2,
            "section_id": "4",
            "activity_id": "2",
            "activity_kind": "curvestar",
            "data": {
                "kind": "MouseReleased",
                "what": "Curve_canvas",
                "which": "Profils de cytométrie de flux et courbe d'évolution dans une phase",
                "x": 704,
                "y": 223
            }
        },
        {
            "user_id": "gfiudhgi",
            "session_id": "gfiudhgi_1474546249788",
            "timestamp": 1474533454650,
            "sequence_id": 2,
            "section_id": "4",
            "activity_id": "2",
            "activity_kind": "curvestar",
            "data": {
                "kind": "Click",
                "what": "Curve_canvas",
                "which": "Profils de cytométrie de flux et courbe d'évolution dans une phase",
                "x": 704,
                "y": 223
            }
        },
        {
            "user_id": "gfiudhgi",
            "session_id": "gfiudhgi_1474546249788",
            "timestamp": 1474533456283,
            "sequence_id": 2,
            "section_id": "4",
            "activity_id": "2",
            "activity_kind": "curvestar",
            "data": {
                "kind": "MousePressed",
                "what": "Curve_canvas",
                "which": "Profils de cytométrie de flux et courbe d'évolution dans une phase",
                "x": 707,
                "y": 225
            }
        },
        {
            "user_id": "gfiudhgi",
            "session_id": "gfiudhgi_1474546249788",
            "timestamp": 1474533456599,
            "sequence_id": 2,
            "section_id": "4",
            "activity_id": "2",
            "activity_kind": "curvestar",
            "data": {
                "kind": "Click",
                "what": "Curve_canvas",
                "which": "Profils de cytométrie de flux et courbe d'évolution dans une phase",
                "x": 707,
                "y": 267
            }
        },
        {
            "user_id": "gfiudhgi",
            "session_id": "gfiudhgi_1474546249788",
            "timestamp": 1474533456596,
            "sequence_id": 2,
            "section_id": "4",
            "activity_id": "2",
            "activity_kind": "curvestar",
            "data": {
                "kind": "MouseReleased",
                "what": "Curve_canvas",
                "which": "Profils de cytométrie de flux et courbe d'évolution dans une phase",
                "x": 707,
                "y": 267
            }
        },
        {
            "user_id": "gfiudhgi",
            "session_id": "gfiudhgi_1474546249788",
            "timestamp": 1474533457204,
            "sequence_id": 2,
            "section_id": "4",
            "activity_id": "2",
            "activity_kind": "curvestar",
            "data": {
                "kind": "MousePressed",
                "what": "Curve_canvas",
                "which": "Profils de cytométrie de flux et courbe d'évolution dans une phase",
                "x": 707,
                "y": 267
            }
        },
        {
            "user_id": "gfiudhgi",
            "session_id": "gfiudhgi_1474546249788",
            "timestamp": 1474533457459,
            "sequence_id": 2,
            "section_id": "4",
            "activity_id": "2",
            "activity_kind": "curvestar",
            "data": {
                "kind": "MouseReleased",
                "what": "Curve_canvas",
                "which": "Profils de cytométrie de flux et courbe d'évolution dans une phase",
                "x": 707,
                "y": 296
            }
        },
        {
            "user_id": "gfiudhgi",
            "session_id": "gfiudhgi_1474546249788",
            "timestamp": 1474533457461,
            "sequence_id": 2,
            "section_id": "4",
            "activity_id": "2",
            "activity_kind": "curvestar",
            "data": {
                "kind": "Click",
                "what": "Curve_canvas",
                "which": "Profils de cytométrie de flux et courbe d'évolution dans une phase",
                "x": 707,
                "y": 296
            }
        },
        {
            "user_id": "gfiudhgi",
            "session_id": "gfiudhgi_1474546249788",
            "timestamp": 1474533458060,
            "sequence_id": 2,
            "section_id": "4",
            "activity_id": "2",
            "activity_kind": "curvestar",
            "data": {
                "kind": "MousePressed",
                "what": "Curve_canvas",
                "which": "Profils de cytométrie de flux et courbe d'évolution dans une phase",
                "x": 707,
                "y": 297
            }
        },
        {
            "user_id": "gfiudhgi",
            "session_id": "gfiudhgi_1474546249788",
            "timestamp": 1474533458349,
            "sequence_id": 2,
            "section_id": "4",
            "activity_id": "2",
            "activity_kind": "curvestar",
            "data": {
                "kind": "MouseReleased",
                "what": "Curve_canvas",
                "which": "Profils de cytométrie de flux et courbe d'évolution dans une phase",
                "x": 707,
                "y": 315
            }
        },
        {
            "user_id": "gfiudhgi",
            "session_id": "gfiudhgi_1474546249788",
            "timestamp": 1474533458350,
            "sequence_id": 2,
            "section_id": "4",
            "activity_id": "2",
            "activity_kind": "curvestar",
            "data": {
                "kind": "Click",
                "what": "Curve_canvas",
                "which": "Profils de cytométrie de flux et courbe d'évolution dans une phase",
                "x": 707,
                "y": 315
            }
        },
        {
            "user_id": "gfiudhgi",
            "session_id": "gfiudhgi_1474546249788",
            "timestamp": 1474533458843,
            "sequence_id": 2,
            "section_id": "4",
            "activity_id": "2",
            "activity_kind": "curvestar",
            "data": {
                "kind": "MousePressed",
                "what": "Curve_canvas",
                "which": "Profils de cytométrie de flux et courbe d'évolution dans une phase",
                "x": 707,
                "y": 316
            }
        },
        {
            "user_id": "gfiudhgi",
            "session_id": "gfiudhgi_1474546249788",
            "timestamp": 1474533459149,
            "sequence_id": 2,
            "section_id": "4",
            "activity_id": "2",
            "activity_kind": "curvestar",
            "data": {
                "kind": "Click",
                "what": "Curve_canvas",
                "which": "Profils de cytométrie de flux et courbe d'évolution dans une phase",
                "x": 709,
                "y": 339
            }
        },
        {
            "user_id": "gfiudhgi",
            "session_id": "gfiudhgi_1474546249788",
            "timestamp": 1474533459148,
            "sequence_id": 2,
            "section_id": "4",
            "activity_id": "2",
            "activity_kind": "curvestar",
            "data": {
                "kind": "MouseReleased",
                "what": "Curve_canvas",
                "which": "Profils de cytométrie de flux et courbe d'évolution dans une phase",
                "x": 709,
                "y": 339
            }
        },
        {
            "user_id": "gfiudhgi",
            "session_id": "gfiudhgi_1474546249788",
            "timestamp": 1474533459811,
            "sequence_id": 2,
            "section_id": "4",
            "activity_id": "2",
            "activity_kind": "curvestar",
            "data": {
                "kind": "MousePressed",
                "what": "Curve_canvas",
                "which": "Profils de cytométrie de flux et courbe d'évolution dans une phase",
                "x": 709,
                "y": 339
            }
        },
        {
            "user_id": "gfiudhgi",
            "session_id": "gfiudhgi_1474546249788",
            "timestamp": 1474533460107,
            "sequence_id": 2,
            "section_id": "4",
            "activity_id": "2",
            "activity_kind": "curvestar",
            "data": {
                "kind": "MouseReleased",
                "what": "Curve_canvas",
                "which": "Profils de cytométrie de flux et courbe d'évolution dans une phase",
                "x": 710,
                "y": 318
            }
        },
        {
            "user_id": "gfiudhgi",
            "session_id": "gfiudhgi_1474546249788",
            "timestamp": 1474533460108,
            "sequence_id": 2,
            "section_id": "4",
            "activity_id": "2",
            "activity_kind": "curvestar",
            "data": {
                "kind": "Click",
                "what": "Curve_canvas",
                "which": "Profils de cytométrie de flux et courbe d'évolution dans une phase",
                "x": 710,
                "y": 318
            }
        },
        {
            "user_id": "gfiudhgi",
            "session_id": "gfiudhgi_1474546249788",
            "timestamp": 1474533460747,
            "sequence_id": 2,
            "section_id": "4",
            "activity_id": "2",
            "activity_kind": "curvestar",
            "data": {
                "kind": "MousePressed",
                "what": "Curve_canvas",
                "which": "Profils de cytométrie de flux et courbe d'évolution dans une phase",
                "x": 710,
                "y": 318
            }
        },
        {
            "user_id": "gfiudhgi",
            "session_id": "gfiudhgi_1474546249788",
            "timestamp": 1474533461268,
            "sequence_id": 2,
            "section_id": "4",
            "activity_id": "2",
            "activity_kind": "curvestar",
            "data": {
                "kind": "Click",
                "what": "Curve_canvas",
                "which": "Profils de cytométrie de flux et courbe d'évolution dans une phase",
                "x": 710,
                "y": 325
            }
        },
        {
            "user_id": "gfiudhgi",
            "session_id": "gfiudhgi_1474546249788",
            "timestamp": 1474533461267,
            "sequence_id": 2,
            "section_id": "4",
            "activity_id": "2",
            "activity_kind": "curvestar",
            "data": {
                "kind": "MouseReleased",
                "what": "Curve_canvas",
                "which": "Profils de cytométrie de flux et courbe d'évolution dans une phase",
                "x": 710,
                "y": 325
            }
        },
        {
            "user_id": "gfiudhgi",
            "session_id": "gfiudhgi_1474546249788",
            "timestamp": 1474533461916,
            "sequence_id": 2,
            "section_id": "4",
            "activity_id": "2",
            "activity_kind": "curvestar",
            "data": {
                "kind": "MousePressed",
                "what": "Curve_canvas",
                "which": "Profils de cytométrie de flux et courbe d'évolution dans une phase",
                "x": 630,
                "y": 437
            }
        },
        {
            "user_id": "gfiudhgi",
            "session_id": "gfiudhgi_1474546249788",
            "timestamp": 1474533462204,
            "sequence_id": 2,
            "section_id": "4",
            "activity_id": "2",
            "activity_kind": "curvestar",
            "data": {
                "kind": "Click",
                "what": "Curve_canvas",
                "which": "Profils de cytométrie de flux et courbe d'évolution dans une phase",
                "x": 632,
                "y": 364
            }
        },
        {
            "user_id": "gfiudhgi",
            "session_id": "gfiudhgi_1474546249788",
            "timestamp": 1474533462203,
            "sequence_id": 2,
            "section_id": "4",
            "activity_id": "2",
            "activity_kind": "curvestar",
            "data": {
                "kind": "MouseReleased",
                "what": "Curve_canvas",
                "which": "Profils de cytométrie de flux et courbe d'évolution dans une phase",
                "x": 632,
                "y": 364
            }
        },
        {
            "user_id": "gfiudhgi",
            "session_id": "gfiudhgi_1474546249788",
            "timestamp": 1474533462899,
            "sequence_id": 2,
            "section_id": "4",
            "activity_id": "2",
            "activity_kind": "curvestar",
            "data": {
                "kind": "MousePressed",
                "what": "Curve_canvas",
                "which": "Profils de cytométrie de flux et courbe d'évolution dans une phase",
                "x": 632,
                "y": 364
            }
        },
        {
            "user_id": "gfiudhgi",
            "session_id": "gfiudhgi_1474546249788",
            "timestamp": 1474533463197,
            "sequence_id": 2,
            "section_id": "4",
            "activity_id": "2",
            "activity_kind": "curvestar",
            "data": {
                "kind": "MouseReleased",
                "what": "Curve_canvas",
                "which": "Profils de cytométrie de flux et courbe d'évolution dans une phase",
                "x": 630,
                "y": 306
            }
        },
        {
            "user_id": "gfiudhgi",
            "session_id": "gfiudhgi_1474546249788",
            "timestamp": 1474533463198,
            "sequence_id": 2,
            "section_id": "4",
            "activity_id": "2",
            "activity_kind": "curvestar",
            "data": {
                "kind": "Click",
                "what": "Curve_canvas",
                "which": "Profils de cytométrie de flux et courbe d'évolution dans une phase",
                "x": 630,
                "y": 306
            }
        },
        {
            "user_id": "gfiudhgi",
            "session_id": "gfiudhgi_1474546249788",
            "timestamp": 1474533463893,
            "sequence_id": 2,
            "section_id": "4",
            "activity_id": "2",
            "activity_kind": "curvestar",
            "data": {
                "kind": "MousePressed",
                "what": "Curve_canvas",
                "which": "Profils de cytométrie de flux et courbe d'évolution dans une phase",
                "x": 630,
                "y": 306
            }
        },
        {
            "user_id": "gfiudhgi",
            "session_id": "gfiudhgi_1474546249788",
            "timestamp": 1474533464180,
            "sequence_id": 2,
            "section_id": "4",
            "activity_id": "2",
            "activity_kind": "curvestar",
            "data": {
                "kind": "MouseReleased",
                "what": "Curve_canvas",
                "which": "Profils de cytométrie de flux et courbe d'évolution dans une phase",
                "x": 630,
                "y": 267
            }
        },
        {
            "user_id": "gfiudhgi",
            "session_id": "gfiudhgi_1474546249788",
            "timestamp": 1474533464181,
            "sequence_id": 2,
            "section_id": "4",
            "activity_id": "2",
            "activity_kind": "curvestar",
            "data": {
                "kind": "Click",
                "what": "Curve_canvas",
                "which": "Profils de cytométrie de flux et courbe d'évolution dans une phase",
                "x": 630,
                "y": 267
            }
        },
        {
            "user_id": "gfiudhgi",
            "session_id": "gfiudhgi_1474546249788",
            "timestamp": 1474533464803,
            "sequence_id": 2,
            "section_id": "4",
            "activity_id": "2",
            "activity_kind": "curvestar",
            "data": {
                "kind": "MousePressed",
                "what": "Curve_canvas",
                "which": "Profils de cytométrie de flux et courbe d'évolution dans une phase",
                "x": 630,
                "y": 267
            }
        },
        {
            "user_id": "gfiudhgi",
            "session_id": "gfiudhgi_1474546249788",
            "timestamp": 1474533465149,
            "sequence_id": 2,
            "section_id": "4",
            "activity_id": "2",
            "activity_kind": "curvestar",
            "data": {
                "kind": "MouseReleased",
                "what": "Curve_canvas",
                "which": "Profils de cytométrie de flux et courbe d'évolution dans une phase",
                "x": 630,
                "y": 299
            }
        },
        {
            "user_id": "gfiudhgi",
            "session_id": "gfiudhgi_1474546249788",
            "timestamp": 1474533465151,
            "sequence_id": 2,
            "section_id": "4",
            "activity_id": "2",
            "activity_kind": "curvestar",
            "data": {
                "kind": "Click",
                "what": "Curve_canvas",
                "which": "Profils de cytométrie de flux et courbe d'évolution dans une phase",
                "x": 630,
                "y": 299
            }
        },
        {
            "user_id": "gfiudhgi",
            "session_id": "gfiudhgi_1474546249788",
            "timestamp": 1474533466420,
            "sequence_id": 2,
            "section_id": "4",
            "activity_id": "2",
            "activity_kind": "curvestar",
            "data": {
                "kind": "MousePressed",
                "what": "Curve_canvas",
                "which": "Profils de cytométrie de flux et courbe d'évolution dans une phase",
                "x": 554,
                "y": 431
            }
        },
        {
            "user_id": "gfiudhgi",
            "session_id": "gfiudhgi_1474546249788",
            "timestamp": 1474533466716,
            "sequence_id": 2,
            "section_id": "4",
            "activity_id": "2",
            "activity_kind": "curvestar",
            "data": {
                "kind": "Click",
                "what": "Curve_canvas",
                "which": "Profils de cytométrie de flux et courbe d'évolution dans une phase",
                "x": 554,
                "y": 342
            }
        },
        {
            "user_id": "gfiudhgi",
            "session_id": "gfiudhgi_1474546249788",
            "timestamp": 1474533466715,
            "sequence_id": 2,
            "section_id": "4",
            "activity_id": "2",
            "activity_kind": "curvestar",
            "data": {
                "kind": "MouseReleased",
                "what": "Curve_canvas",
                "which": "Profils de cytométrie de flux et courbe d'évolution dans une phase",
                "x": 554,
                "y": 342
            }
        },
        {
            "user_id": "gfiudhgi",
            "session_id": "gfiudhgi_1474546249788",
            "timestamp": 1474533467723,
            "sequence_id": 2,
            "section_id": "4",
            "activity_id": "2",
            "activity_kind": "curvestar",
            "data": {
                "kind": "MousePressed",
                "what": "Curve_canvas",
                "which": "Profils de cytométrie de flux et courbe d'évolution dans une phase",
                "x": 554,
                "y": 342
            }
        },
        {
            "user_id": "gfiudhgi",
            "session_id": "gfiudhgi_1474546249788",
            "timestamp": 1474533468004,
            "sequence_id": 2,
            "section_id": "4",
            "activity_id": "2",
            "activity_kind": "curvestar",
            "data": {
                "kind": "Click",
                "what": "Curve_canvas",
                "which": "Profils de cytométrie de flux et courbe d'évolution dans une phase",
                "x": 551,
                "y": 290
            }
        },
        {
            "user_id": "gfiudhgi",
            "session_id": "gfiudhgi_1474546249788",
            "timestamp": 1474533468003,
            "sequence_id": 2,
            "section_id": "4",
            "activity_id": "2",
            "activity_kind": "curvestar",
            "data": {
                "kind": "MouseReleased",
                "what": "Curve_canvas",
                "which": "Profils de cytométrie de flux et courbe d'évolution dans une phase",
                "x": 551,
                "y": 290
            }
        },
        {
            "user_id": "gfiudhgi",
            "session_id": "gfiudhgi_1474546249788",
            "timestamp": 1474533469059,
            "sequence_id": 2,
            "section_id": "4",
            "activity_id": "2",
            "activity_kind": "curvestar",
            "data": {
                "kind": "MousePressed",
                "what": "Curve_canvas",
                "which": "Profils de cytométrie de flux et courbe d'évolution dans une phase",
                "x": 554,
                "y": 295
            }
        },
        {
            "user_id": "gfiudhgi",
            "session_id": "gfiudhgi_1474546249788",
            "timestamp": 1474533469339,
            "sequence_id": 2,
            "section_id": "4",
            "activity_id": "2",
            "activity_kind": "curvestar",
            "data": {
                "kind": "MouseReleased",
                "what": "Curve_canvas",
                "which": "Profils de cytométrie de flux et courbe d'évolution dans une phase",
                "x": 554,
                "y": 325
            }
        },
        {
            "user_id": "gfiudhgi",
            "session_id": "gfiudhgi_1474546249788",
            "timestamp": 1474533469340,
            "sequence_id": 2,
            "section_id": "4",
            "activity_id": "2",
            "activity_kind": "curvestar",
            "data": {
                "kind": "Click",
                "what": "Curve_canvas",
                "which": "Profils de cytométrie de flux et courbe d'évolution dans une phase",
                "x": 554,
                "y": 325
            }
        },
        {
            "user_id": "gfiudhgi",
            "session_id": "gfiudhgi_1474546249788",
            "timestamp": 1474533470186,
            "sequence_id": 2,
            "section_id": "4",
            "activity_id": "2",
            "activity_kind": "curvestar",
            "data": {
                "kind": "MousePressed",
                "what": "next_btn",
                "which": "Profils de cytométrie de flux et courbe d",
                "x": 1379,
                "y": 683
            }
        },
        {
            "user_id": "gfiudhgi",
            "session_id": "gfiudhgi_1474546249788",
            "timestamp": 1474533470241,
            "sequence_id": 2,
            "section_id": "4",
            "activity_id": "2",
            "activity_kind": "curvestar",
            "data": {
                "kind": "MouseReleased",
                "what": "next_btn",
                "which": "Profils de cytométrie de flux et courbe d",
                "x": 1379,
                "y": 683
            }
        },
        {
            "user_id": "gfiudhgi",
            "session_id": "gfiudhgi_1474546249788",
            "timestamp": 1474533470249,
            "sequence_id": 2,
            "section_id": "4",
            "activity_id": "2",
            "activity_kind": "curvestar",
            "data": {
                "kind": "Click",
                "what": "next_btn",
                "which": "Profils de cytométrie de flux et courbe d",
                "x": 1379,
                "y": 683
            }
        },
        {
            "user_id": "gfiudhgi",
            "session_id": "gfiudhgi_1474546249788",
            "timestamp": 1474533471466,
            "sequence_id": 2,
            "section_id": "4",
            "activity_id": "2",
            "activity_kind": "curvestar",
            "data": {
                "kind": "MousePressed",
                "what": "next_btn",
                "which": "Profils de cytométrie de flux et courbe d",
                "x": 1399,
                "y": 700
            }
        },
        {
            "user_id": "gfiudhgi",
            "session_id": "gfiudhgi_1474546249788",
            "timestamp": 1474533471561,
            "sequence_id": 2,
            "section_id": "4",
            "activity_id": "2",
            "activity_kind": "curvestar",
            "data": {
                "kind": "MouseReleased",
                "what": "next_btn",
                "which": "Profils de cytométrie de flux et courbe d",
                "x": 1399,
                "y": 700
            }
        },
        {
            "user_id": "gfiudhgi",
            "session_id": "gfiudhgi_1474546249788",
            "timestamp": 1474533471570,
            "sequence_id": 2,
            "section_id": "4",
            "activity_id": "2",
            "activity_kind": "transition",
            "data": {
                "kind": "Click",
                "what": "next_btn",
                "which": "Profils de cytométrie de flux et courbe d",
                "x": 1399,
                "y": 700
            }
        },
        {
            "user_id": "gfiudhgi",
            "session_id": "gfiudhgi_1474546249788",
            "timestamp": 1474533473783,
            "sequence_id": 2,
            "section_id": "5",
            "activity_id": "-1",
            "activity_kind": "synthesis",
            "data": {
                "kind": "Click",
                "what": "next_btn",
                "which": "synthesis",
                "x": 1394,
                "y": 683
            }
        },
        {
            "user_id": "gfiudhgi",
            "session_id": "gfiudhgi_1474546249788",
            "timestamp": 1474533476372,
            "sequence_id": 2,
            "section_id": "5",
            "activity_id": "0",
            "activity_kind": "synthesis",
            "data": {
                "kind": "Click",
                "what": "correct_btn",
                "which": "Synthèse",
                "x": 1399,
                "y": 685
            }
        },
        {
            "user_id": "gfiudhgi",
            "session_id": "gfiudhgi_1474546249788",
            "timestamp": 1474533476719,
            "sequence_id": 2,
            "section_id": "5",
            "activity_id": "0",
            "activity_kind": "synthesis",
            "data": {
                "kind": "Click",
                "what": "correct_btn",
                "which": "Synthèse",
                "x": 1399,
                "y": 685
            }
        },
        {
            "user_id": "gfiudhgi",
            "session_id": "gfiudhgi_1474546249788",
            "timestamp": 1474533476871,
            "sequence_id": 2,
            "section_id": "5",
            "activity_id": "0",
            "activity_kind": "synthesis",
            "data": {
                "kind": "Click",
                "what": "correct_btn",
                "which": "Synthèse",
                "x": 1399,
                "y": 685
            }
        },
        {
            "user_id": "gfiudhgi",
            "session_id": "gfiudhgi_1474546249788",
            "timestamp": 1474533477039,
            "sequence_id": 2,
            "section_id": "5",
            "activity_id": "0",
            "activity_kind": "synthesis",
            "data": {
                "kind": "Click",
                "what": "end_btn",
                "which": "Synthèse",
                "x": 1399,
                "y": 685
            }
        },
        {
            "user_id": "gfiudhgi",
            "session_id": "gfiudhgi_1474546249788",
            "timestamp": 1474533478548,
            "sequence_id": 2,
            "section_id": 5,
            "activity_id": 0,
            "activity_kind": "synthesis",
            "data": {
                "kind": "EndSession",
                "note": [
                    " ",
                    "",
                    "",
                    "",
                    "",
                    "",
                    "",
                    "",
                    "",
                    "",
                    "",
                    "",
                    "",
                    "",
                    "",
                    "",
                    "",
                    "",
                    "",
                    ""
                ],
                "score": 163333.33333333334
            }
        },
        {
            "user_id": "gfiudhgi",
            "session_id": "gfiudhgi_1474546249788",
            "timestamp": 1474533478552,
            "sequence_id": 2,
            "section_id": "5",
            "activity_id": "0",
            "activity_kind": "synthesis",
            "data": {
                "kind": "Click",
                "what": "end_btn",
                "which": "Synthèse",
                "x": 1399,
                "y": 685
            }
        }
    ]
}