{
    "events": [
        {
            "user_id": "gfrgdf",
            "session_id": "gfrgdf_1474546371733",
            "timestamp": 1474533495995,
            "sequence_id": 1,
            "section_id": "0",
            "activity_id": "-1",
            "activity_kind": "transition",
            "data": {
                "kind": "Click",
                "what": "outer_pane",
                "which": "body",
                "x": 1433,
                "y": 686
            }
        },
        {
            "user_id": "gfrgdf",
            "session_id": "gfrgdf_1474546371733",
            "timestamp": 1474533496218,
            "sequence_id": 1,
            "section_id": "0",
            "activity_id": "-1",
            "activity_kind": "dragdrop",
            "data": {
                "kind": "Click",
                "what": "next_btn",
                "which": "requirements",
                "x": 1373,
                "y": 686
            }
        },
        {
            "user_id": "gfrgdf",
            "session_id": "gfrgdf_1474546371733",
            "timestamp": 1474533496247,
            "sequence_id": 1,
            "section_id": "0",
            "activity_id": "0",
            "activity_kind": "dragdrop",
            "data": {
                "kind": "MousePressed",
                "what": "statement_pane",
                "which": "Les phases du cycle cellulaire",
                "x": 1373,
                "y": 686
            }
        },
        {
            "user_id": "gfrgdf",
            "session_id": "gfrgdf_1474546371733",
            "timestamp": 1474533496325,
            "sequence_id": 1,
            "section_id": "0",
            "activity_id": "0",
            "activity_kind": "dragdrop",
            "data": {
                "kind": "MouseReleased",
                "what": "statement_pane",
                "which": "Les phases du cycle cellulaire",
                "x": 1373,
                "y": 686
            }
        },
        {
            "user_id": "gfrgdf",
            "session_id": "gfrgdf_1474546371733",
            "timestamp": 1474533496391,
            "sequence_id": 1,
            "section_id": "0",
            "activity_id": "0",
            "activity_kind": "dragdrop",
            "data": {
                "kind": "MousePressed",
                "what": "statement_pane",
                "which": "Les phases du cycle cellulaire",
                "x": 1373,
                "y": 686
            }
        },
        {
            "user_id": "gfrgdf",
            "session_id": "gfrgdf_1474546371733",
            "timestamp": 1474533496473,
            "sequence_id": 1,
            "section_id": "0",
            "activity_id": "0",
            "activity_kind": "dragdrop",
            "data": {
                "kind": "MouseReleased",
                "what": "statement_pane",
                "which": "Les phases du cycle cellulaire",
                "x": 1373,
                "y": 686
            }
        },
        {
            "user_id": "gfrgdf",
            "session_id": "gfrgdf_1474546371733",
            "timestamp": 1474533496474,
            "sequence_id": 1,
            "section_id": "0",
            "activity_id": "0",
            "activity_kind": "dragdrop",
            "data": {
                "kind": "Click",
                "what": "statement_pane",
                "which": "Les phases du cycle cellulaire",
                "x": 1373,
                "y": 686
            }
        },
        {
            "user_id": "gfrgdf",
            "session_id": "gfrgdf_1474546371733",
            "timestamp": 1474533496573,
            "sequence_id": 1,
            "section_id": "0",
            "activity_id": "0",
            "activity_kind": "dragdrop",
            "data": {
                "kind": "MousePressed",
                "what": "statement_pane",
                "which": "Les phases du cycle cellulaire",
                "x": 1373,
                "y": 686
            }
        },
        {
            "user_id": "gfrgdf",
            "session_id": "gfrgdf_1474546371733",
            "timestamp": 1474533496636,
            "sequence_id": 1,
            "section_id": "0",
            "activity_id": "0",
            "activity_kind": "dragdrop",
            "data": {
                "kind": "MouseReleased",
                "what": "statement_pane",
                "which": "Les phases du cycle cellulaire",
                "x": 1373,
                "y": 686
            }
        },
        {
            "user_id": "gfrgdf",
            "session_id": "gfrgdf_1474546371733",
            "timestamp": 1474533496743,
            "sequence_id": 1,
            "section_id": "0",
            "activity_id": "0",
            "activity_kind": "dragdrop",
            "data": {
                "kind": "MousePressed",
                "what": "statement_pane",
                "which": "Les phases du cycle cellulaire",
                "x": 1373,
                "y": 686
            }
        },
        {
            "user_id": "gfrgdf",
            "session_id": "gfrgdf_1474546371733",
            "timestamp": 1474533496789,
            "sequence_id": 1,
            "section_id": "0",
            "activity_id": "0",
            "activity_kind": "dragdrop",
            "data": {
                "kind": "MouseReleased",
                "what": "statement_pane",
                "which": "Les phases du cycle cellulaire",
                "x": 1373,
                "y": 686
            }
        },
        {
            "user_id": "gfrgdf",
            "session_id": "gfrgdf_1474546371733",
            "timestamp": 1474533496921,
            "sequence_id": 1,
            "section_id": "0",
            "activity_id": "0",
            "activity_kind": "dragdrop",
            "data": {
                "kind": "MousePressed",
                "what": "correct_btn",
                "which": "Les phases du cycle cellulaire",
                "x": 1379,
                "y": 691
            }
        },
        {
            "user_id": "gfrgdf",
            "session_id": "gfrgdf_1474546371733",
            "timestamp": 1474533497011,
            "sequence_id": 1,
            "section_id": "0",
            "activity_id": "0",
            "activity_kind": "dragdrop",
            "data": {
                "kind": "MouseReleased",
                "what": "correct_btn",
                "which": "Les phases du cycle cellulaire",
                "x": 1380,
                "y": 691
            }
        },
        {
            "user_id": "gfrgdf",
            "session_id": "gfrgdf_1474546371733",
            "timestamp": 1474533497015,
            "sequence_id": 1,
            "section_id": "0",
            "activity_id": "0",
            "activity_kind": "dragdrop",
            "data": {
                "kind": "Click",
                "what": "correct_btn",
                "which": "Les phases du cycle cellulaire",
                "x": 1380,
                "y": 691
            }
        },
        {
            "user_id": "gfrgdf",
            "session_id": "gfrgdf_1474546371733",
            "timestamp": 1474533497115,
            "sequence_id": 1,
            "section_id": "0",
            "activity_id": "0",
            "activity_kind": "dragdrop",
            "data": {
                "kind": "MousePressed",
                "what": "correct_btn",
                "which": "Les phases du cycle cellulaire",
                "x": 1381,
                "y": 693
            }
        },
        {
            "user_id": "gfrgdf",
            "session_id": "gfrgdf_1474546371733",
            "timestamp": 1474533497218,
            "sequence_id": 1,
            "section_id": "0",
            "activity_id": "0",
            "activity_kind": "dragdrop",
            "data": {
                "kind": "MouseReleased",
                "what": "correct_btn",
                "which": "Les phases du cycle cellulaire",
                "x": 1381,
                "y": 694
            }
        },
        {
            "user_id": "gfrgdf",
            "session_id": "gfrgdf_1474546371733",
            "timestamp": 1474533497223,
            "sequence_id": 1,
            "section_id": "0",
            "activity_id": "0",
            "activity_kind": "dragdrop",
            "data": {
                "kind": "Click",
                "what": "correct_btn",
                "which": "Les phases du cycle cellulaire",
                "x": 1381,
                "y": 694
            }
        },
        {
            "user_id": "gfrgdf",
            "session_id": "gfrgdf_1474546371733",
            "timestamp": 1474533497304,
            "sequence_id": 1,
            "section_id": "0",
            "activity_id": "0",
            "activity_kind": "dragdrop",
            "data": {
                "kind": "MousePressed",
                "what": "correct_btn",
                "which": "Les phases du cycle cellulaire",
                "x": 1381,
                "y": 694
            }
        },
        {
            "user_id": "gfrgdf",
            "session_id": "gfrgdf_1474546371733",
            "timestamp": 1474533497388,
            "sequence_id": 1,
            "section_id": "0",
            "activity_id": "0",
            "activity_kind": "dragdrop",
            "data": {
                "kind": "MouseReleased",
                "what": "correct_btn",
                "which": "Les phases du cycle cellulaire",
                "x": 1381,
                "y": 694
            }
        },
        {
            "user_id": "gfrgdf",
            "session_id": "gfrgdf_1474546371733",
            "timestamp": 1474533497393,
            "sequence_id": 1,
            "section_id": "0",
            "activity_id": "0",
            "activity_kind": "dragdrop",
            "data": {
                "kind": "Click",
                "what": "correct_btn",
                "which": "Les phases du cycle cellulaire",
                "x": 1381,
                "y": 694
            }
        },
        {
            "user_id": "gfrgdf",
            "session_id": "gfrgdf_1474546371733",
            "timestamp": 1474533497476,
            "sequence_id": 1,
            "section_id": "0",
            "activity_id": "0",
            "activity_kind": "dragdrop",
            "data": {
                "kind": "MousePressed",
                "what": "next_btn",
                "which": "Les phases du cycle cellulaire",
                "x": 1381,
                "y": 694
            }
        },
        {
            "user_id": "gfrgdf",
            "session_id": "gfrgdf_1474546371733",
            "timestamp": 1474533497561,
            "sequence_id": 1,
            "section_id": "0",
            "activity_id": "0",
            "activity_kind": "dragdrop",
            "data": {
                "kind": "MouseReleased",
                "what": "next_btn",
                "which": "Les phases du cycle cellulaire",
                "x": 1381,
                "y": 694
            }
        },
        {
            "user_id": "gfrgdf",
            "session_id": "gfrgdf_1474546371733",
            "timestamp": 1474533497593,
            "sequence_id": 1,
            "section_id": "0",
            "activity_id": "0",
            "activity_kind": "dragdrop",
            "data": {
                "kind": "Click",
                "what": "next_btn",
                "which": "Les phases du cycle cellulaire",
                "x": 1381,
                "y": 694
            }
        },
        {
            "user_id": "gfrgdf",
            "session_id": "gfrgdf_1474546371733",
            "timestamp": 1474533497683,
            "sequence_id": 1,
            "section_id": "0",
            "activity_id": "0",
            "activity_kind": "dragdrop",
            "data": {
                "kind": "MousePressed",
                "what": "next_btn",
                "which": "Les phases du cycle cellulaire",
                "x": 1381,
                "y": 694
            }
        },
        {
            "user_id": "gfrgdf",
            "session_id": "gfrgdf_1474546371733",
            "timestamp": 1474533497763,
            "sequence_id": 1,
            "section_id": "0",
            "activity_id": "0",
            "activity_kind": "dragdrop",
            "data": {
                "kind": "MouseReleased",
                "what": "next_btn",
                "which": "Les phases du cycle cellulaire",
                "x": 1381,
                "y": 694
            }
        },
        {
            "user_id": "gfrgdf",
            "session_id": "gfrgdf_1474546371733",
            "timestamp": 1474533497778,
            "sequence_id": 1,
            "section_id": "0",
            "activity_id": "0",
            "activity_kind": "transition",
            "data": {
                "kind": "Click",
                "what": "next_btn",
                "which": "Les phases du cycle cellulaire",
                "x": 1381,
                "y": 694
            }
        },
        {
            "user_id": "gfrgdf",
            "session_id": "gfrgdf_1474546371733",
            "timestamp": 1474533498295,
            "sequence_id": 1,
            "section_id": "1",
            "activity_id": "-1",
            "activity_kind": "transition",
            "data": {
                "kind": "Click",
                "what": "transition_pane",
                "which": "requirement",
                "x": 1381,
                "y": 694
            }
        },
        {
            "user_id": "gfrgdf",
            "session_id": "gfrgdf_1474546371733",
            "timestamp": 1474533498759,
            "sequence_id": 1,
            "section_id": "1",
            "activity_id": "-1",
            "activity_kind": "dragdrop",
            "data": {
                "kind": "Click",
                "what": "next_btn",
                "which": "hypothesis",
                "x": 1381,
                "y": 694
            }
        },
        {
            "user_id": "gfrgdf",
            "session_id": "gfrgdf_1474546371733",
            "timestamp": 1474533498835,
            "sequence_id": 1,
            "section_id": "1",
            "activity_id": "0",
            "activity_kind": "dragdrop",
            "data": {
                "kind": "MousePressed",
                "what": "statement_pane",
                "which": "La durée des phases du cycle cellulaire",
                "x": 1381,
                "y": 694
            }
        },
        {
            "user_id": "gfrgdf",
            "session_id": "gfrgdf_1474546371733",
            "timestamp": 1474533498911,
            "sequence_id": 1,
            "section_id": "1",
            "activity_id": "0",
            "activity_kind": "dragdrop",
            "data": {
                "kind": "MouseReleased",
                "what": "statement_pane",
                "which": "La durée des phases du cycle cellulaire",
                "x": 1381,
                "y": 694
            }
        },
        {
            "user_id": "gfrgdf",
            "session_id": "gfrgdf_1474546371733",
            "timestamp": 1474533499476,
            "sequence_id": 1,
            "section_id": "1",
            "activity_id": "0",
            "activity_kind": "dragdrop",
            "data": {
                "kind": "MousePressed",
                "what": "statement_pane",
                "which": "La durée des phases du cycle cellulaire",
                "x": 1381,
                "y": 694
            }
        },
        {
            "user_id": "gfrgdf",
            "session_id": "gfrgdf_1474546371733",
            "timestamp": 1474533499483,
            "sequence_id": 1,
            "section_id": "1",
            "activity_id": "0",
            "activity_kind": "dragdrop",
            "data": {
                "kind": "Click",
                "what": "statement_pane",
                "which": "La durée des phases du cycle cellulaire",
                "x": 1381,
                "y": 694
            }
        },
        {
            "user_id": "gfrgdf",
            "session_id": "gfrgdf_1474546371733",
            "timestamp": 1474533499480,
            "sequence_id": 1,
            "section_id": "1",
            "activity_id": "0",
            "activity_kind": "dragdrop",
            "data": {
                "kind": "MouseReleased",
                "what": "statement_pane",
                "which": "La durée des phases du cycle cellulaire",
                "x": 1381,
                "y": 694
            }
        },
        {
            "user_id": "gfrgdf",
            "session_id": "gfrgdf_1474546371733",
            "timestamp": 1474533499525,
            "sequence_id": 1,
            "section_id": "1",
            "activity_id": "0",
            "activity_kind": "dragdrop",
            "data": {
                "kind": "MousePressed",
                "what": "next_btn",
                "which": "La durée des phases du cycle cellulaire",
                "x": 1381,
                "y": 694
            }
        },
        {
            "user_id": "gfrgdf",
            "session_id": "gfrgdf_1474546371733",
            "timestamp": 1474533499613,
            "sequence_id": 1,
            "section_id": "1",
            "activity_id": "0",
            "activity_kind": "dragdrop",
            "data": {
                "kind": "MouseReleased",
                "what": "next_btn",
                "which": "La durée des phases du cycle cellulaire",
                "x": 1381,
                "y": 694
            }
        },
        {
            "user_id": "gfrgdf",
            "session_id": "gfrgdf_1474546371733",
            "timestamp": 1474533499632,
            "sequence_id": 1,
            "section_id": "1",
            "activity_id": "0",
            "activity_kind": "dragdrop",
            "data": {
                "kind": "Click",
                "what": "next_btn",
                "which": "La durée des phases du cycle cellulaire",
                "x": 1381,
                "y": 694
            }
        },
        {
            "user_id": "gfrgdf",
            "session_id": "gfrgdf_1474546371733",
            "timestamp": 1474533499781,
            "sequence_id": 1,
            "section_id": "1",
            "activity_id": "0",
            "activity_kind": "dragdrop",
            "data": {
                "kind": "MousePressed",
                "what": "next_btn",
                "which": "La durée des phases du cycle cellulaire",
                "x": 1381,
                "y": 694
            }
        },
        {
            "user_id": "gfrgdf",
            "session_id": "gfrgdf_1474546371733",
            "timestamp": 1474533499874,
            "sequence_id": 1,
            "section_id": "1",
            "activity_id": "0",
            "activity_kind": "dragdrop",
            "data": {
                "kind": "MouseReleased",
                "what": "next_btn",
                "which": "La durée des phases du cycle cellulaire",
                "x": 1381,
                "y": 694
            }
        },
        {
            "user_id": "gfrgdf",
            "session_id": "gfrgdf_1474546371733",
            "timestamp": 1474533499891,
            "sequence_id": 1,
            "section_id": "1",
            "activity_id": "0",
            "activity_kind": "curvetest",
            "data": {
                "kind": "Click",
                "what": "next_btn",
                "which": "La durée des phases du cycle cellulaire",
                "x": 1381,
                "y": 694
            }
        },
        {
            "user_id": "gfrgdf",
            "session_id": "gfrgdf_1474546371733",
            "timestamp": 1474533501000,
            "sequence_id": 1,
            "section_id": "1",
            "activity_id": "1",
            "activity_kind": "curvetest",
            "data": {
                "kind": "Click",
                "what": "next_btn",
                "which": "Courbe de croissance dans des conditions optimales",
                "x": 1378,
                "y": 694
            }
        },
        {
            "user_id": "gfrgdf",
            "session_id": "gfrgdf_1474546371733",
            "timestamp": 1474533501379,
            "sequence_id": 1,
            "section_id": "1",
            "activity_id": "1",
            "activity_kind": "transition",
            "data": {
                "kind": "Click",
                "what": "next_btn",
                "which": "Courbe de croissance dans des conditions optimales",
                "x": 1378,
                "y": 694
            }
        },
        {
            "user_id": "gfrgdf",
            "session_id": "gfrgdf_1474546371733",
            "timestamp": 1474533501606,
            "sequence_id": 1,
            "section_id": "2",
            "activity_id": "-1",
            "activity_kind": "transition",
            "data": {
                "kind": "Click",
                "what": "transition_pane",
                "which": "protocol",
                "x": 1378,
                "y": 694
            }
        },
        {
            "user_id": "gfrgdf",
            "session_id": "gfrgdf_1474546371733",
            "timestamp": 1474533501662,
            "sequence_id": 1,
            "section_id": "2",
            "activity_id": "-1",
            "activity_kind": "transition",
            "data": {
                "kind": "Click",
                "what": "transition_pane",
                "which": "protocol",
                "x": 1378,
                "y": 694
            }
        },
        {
            "user_id": "gfrgdf",
            "session_id": "gfrgdf_1474546371733",
            "timestamp": 1474533502503,
            "sequence_id": 1,
            "section_id": "2",
            "activity_id": "-1",
            "activity_kind": "transition",
            "data": {
                "kind": "Click",
                "what": "next_btn",
                "which": "protocol",
                "x": 1378,
                "y": 699
            }
        },
        {
            "user_id": "gfrgdf",
            "session_id": "gfrgdf_1474546371733",
            "timestamp": 1474533503549,
            "sequence_id": 1,
            "section_id": "2",
            "activity_id": "0",
            "activity_kind": "transition",
            "data": {
                "kind": "Click",
                "what": "next_btn",
                "which": "Planification du protocole expérimental",
                "x": 1378,
                "y": 700
            }
        },
        {
            "user_id": "gfrgdf",
            "session_id": "gfrgdf_1474546371733",
            "timestamp": 1474533504704,
            "sequence_id": 1,
            "section_id": "2",
            "activity_id": "1",
            "activity_kind": "counttest",
            "data": {
                "kind": "Click",
                "what": "next_btn",
                "which": "Nombres de boîtes de Pétri",
                "x": 1380,
                "y": 700
            }
        },
        {
            "user_id": "gfrgdf",
            "session_id": "gfrgdf_1474546371733",
            "timestamp": 1474533505793,
            "sequence_id": 1,
            "section_id": "2",
            "activity_id": "2",
            "activity_kind": "counttest",
            "data": {
                "kind": "Click",
                "what": "correct_btn",
                "which": "Comptage",
                "x": 1382,
                "y": 701
            }
        },
        {
            "user_id": "gfrgdf",
            "session_id": "gfrgdf_1474546371733",
            "timestamp": 1474533506211,
            "sequence_id": 1,
            "section_id": "2",
            "activity_id": "2",
            "activity_kind": "counttest",
            "data": {
                "kind": "Click",
                "what": "correct_btn",
                "which": "Comptage",
                "x": 1382,
                "y": 701
            }
        },
        {
            "user_id": "gfrgdf",
            "session_id": "gfrgdf_1474546371733",
            "timestamp": 1474533506387,
            "sequence_id": 1,
            "section_id": "2",
            "activity_id": "2",
            "activity_kind": "counttest",
            "data": {
                "kind": "Click",
                "what": "correct_btn",
                "which": "Comptage",
                "x": 1382,
                "y": 701
            }
        },
        {
            "user_id": "gfrgdf",
            "session_id": "gfrgdf_1474546371733",
            "timestamp": 1474533506664,
            "sequence_id": 1,
            "section_id": "2",
            "activity_id": "2",
            "activity_kind": "counttest",
            "data": {
                "kind": "Click",
                "what": "next_btn",
                "which": "Comptage",
                "x": 1382,
                "y": 701
            }
        },
        {
            "user_id": "gfrgdf",
            "session_id": "gfrgdf_1474546371733",
            "timestamp": 1474533507245,
            "sequence_id": 1,
            "section_id": "2",
            "activity_id": "2",
            "activity_kind": "input",
            "data": {
                "kind": "Click",
                "what": "next_btn",
                "which": "Comptage",
                "x": 1382,
                "y": 701
            }
        },
        {
            "user_id": "gfrgdf",
            "session_id": "gfrgdf_1474546371733",
            "timestamp": 1474533508293,
            "sequence_id": 1,
            "section_id": "2",
            "activity_id": "3",
            "activity_kind": "input",
            "data": {
                "kind": "Click",
                "what": "correct_btn",
                "which": "Densité Cellulaire",
                "x": 1373,
                "y": 697
            }
        },
        {
            "user_id": "gfrgdf",
            "session_id": "gfrgdf_1474546371733",
            "timestamp": 1474533508618,
            "sequence_id": 1,
            "section_id": "2",
            "activity_id": "3",
            "activity_kind": "input",
            "data": {
                "kind": "Click",
                "what": "correct_btn",
                "which": "Densité Cellulaire",
                "x": 1373,
                "y": 697
            }
        },
        {
            "user_id": "gfrgdf",
            "session_id": "gfrgdf_1474546371733",
            "timestamp": 1474533508776,
            "sequence_id": 1,
            "section_id": "2",
            "activity_id": "3",
            "activity_kind": "input",
            "data": {
                "kind": "Click",
                "what": "correct_btn",
                "which": "Densité Cellulaire",
                "x": 1373,
                "y": 697
            }
        },
        {
            "user_id": "gfrgdf",
            "session_id": "gfrgdf_1474546371733",
            "timestamp": 1474533509207,
            "sequence_id": 1,
            "section_id": "2",
            "activity_id": "3",
            "activity_kind": "input",
            "data": {
                "kind": "Click",
                "what": "next_btn",
                "which": "Densité Cellulaire",
                "x": 1373,
                "y": 697
            }
        },
        {
            "user_id": "gfrgdf",
            "session_id": "gfrgdf_1474546371733",
            "timestamp": 1474533509849,
            "sequence_id": 1,
            "section_id": "2",
            "activity_id": "3",
            "activity_kind": "transition",
            "data": {
                "kind": "Click",
                "what": "next_btn",
                "which": "Densité Cellulaire",
                "x": 1373,
                "y": 697
            }
        },
        {
            "user_id": "gfrgdf",
            "session_id": "gfrgdf_1474546371733",
            "timestamp": 1474533510823,
            "sequence_id": 1,
            "section_id": "2",
            "activity_id": "4",
            "activity_kind": "pipette",
            "data": {
                "kind": "Click",
                "what": "next_btn",
                "which": "Nombre de cellules par boite et tailles des boites",
                "x": 1371,
                "y": 697
            }
        },
        {
            "user_id": "gfrgdf",
            "session_id": "gfrgdf_1474546371733",
            "timestamp": 1474533511763,
            "sequence_id": 1,
            "section_id": "2",
            "activity_id": "5",
            "activity_kind": "pipette",
            "data": {
                "kind": "Click",
                "what": "correct_btn",
                "which": "Ensemencement",
                "x": 1376,
                "y": 699
            }
        },
        {
            "user_id": "gfrgdf",
            "session_id": "gfrgdf_1474546371733",
            "timestamp": 1474533512147,
            "sequence_id": 1,
            "section_id": "2",
            "activity_id": "5",
            "activity_kind": "pipette",
            "data": {
                "kind": "Click",
                "what": "correct_btn",
                "which": "Ensemencement",
                "x": 1376,
                "y": 699
            }
        },
        {
            "user_id": "gfrgdf",
            "session_id": "gfrgdf_1474546371733",
            "timestamp": 1474533512308,
            "sequence_id": 1,
            "section_id": "2",
            "activity_id": "5",
            "activity_kind": "pipette",
            "data": {
                "kind": "Click",
                "what": "correct_btn",
                "which": "Ensemencement",
                "x": 1376,
                "y": 699
            }
        },
        {
            "user_id": "gfrgdf",
            "session_id": "gfrgdf_1474546371733",
            "timestamp": 1474533512654,
            "sequence_id": 1,
            "section_id": "2",
            "activity_id": "5",
            "activity_kind": "pipette",
            "data": {
                "kind": "Click",
                "what": "next_btn",
                "which": "Ensemencement",
                "x": 1376,
                "y": 699
            }
        },
        {
            "user_id": "gfrgdf",
            "session_id": "gfrgdf_1474546371733",
            "timestamp": 1474533513211,
            "sequence_id": 1,
            "section_id": "2",
            "activity_id": "5",
            "activity_kind": "transition",
            "data": {
                "kind": "Click",
                "what": "next_btn",
                "which": "Ensemencement",
                "x": 1376,
                "y": 699
            }
        },
        {
            "user_id": "gfrgdf",
            "session_id": "gfrgdf_1474546371733",
            "timestamp": 1474533514314,
            "sequence_id": 1,
            "section_id": "3",
            "activity_id": "-1",
            "activity_kind": "transition",
            "data": {
                "kind": "Click",
                "what": "next_btn",
                "which": "experiment",
                "x": 1376,
                "y": 699
            }
        },
        {
            "user_id": "gfrgdf",
            "session_id": "gfrgdf_1474546371733",
            "timestamp": 1474533515194,
            "sequence_id": 1,
            "section_id": "4",
            "activity_id": "-1",
            "activity_kind": "dragdrop",
            "data": {
                "kind": "Click",
                "what": "next_btn",
                "which": "results",
                "x": 1376,
                "y": 699
            }
        },
        {
            "user_id": "gfrgdf",
            "session_id": "gfrgdf_1474546371733",
            "timestamp": 1474533515973,
            "sequence_id": 1,
            "section_id": "4",
            "activity_id": "0",
            "activity_kind": "dragdrop",
            "data": {
                "kind": "MousePressed",
                "what": "correct_btn",
                "which": "Comptages",
                "x": 1376,
                "y": 699
            }
        },
        {
            "user_id": "gfrgdf",
            "session_id": "gfrgdf_1474546371733",
            "timestamp": 1474533516058,
            "sequence_id": 1,
            "section_id": "4",
            "activity_id": "0",
            "activity_kind": "dragdrop",
            "data": {
                "kind": "MouseReleased",
                "what": "correct_btn",
                "which": "Comptages",
                "x": 1376,
                "y": 699
            }
        },
        {
            "user_id": "gfrgdf",
            "session_id": "gfrgdf_1474546371733",
            "timestamp": 1474533516062,
            "sequence_id": 1,
            "section_id": "4",
            "activity_id": "0",
            "activity_kind": "dragdrop",
            "data": {
                "kind": "Click",
                "what": "correct_btn",
                "which": "Comptages",
                "x": 1376,
                "y": 699
            }
        },
        {
            "user_id": "gfrgdf",
            "session_id": "gfrgdf_1474546371733",
            "timestamp": 1474533516394,
            "sequence_id": 1,
            "section_id": "4",
            "activity_id": "0",
            "activity_kind": "dragdrop",
            "data": {
                "kind": "MousePressed",
                "what": "correct_btn",
                "which": "Comptages",
                "x": 1376,
                "y": 699
            }
        },
        {
            "user_id": "gfrgdf",
            "session_id": "gfrgdf_1474546371733",
            "timestamp": 1474533516473,
            "sequence_id": 1,
            "section_id": "4",
            "activity_id": "0",
            "activity_kind": "dragdrop",
            "data": {
                "kind": "MouseReleased",
                "what": "correct_btn",
                "which": "Comptages",
                "x": 1376,
                "y": 699
            }
        },
        {
            "user_id": "gfrgdf",
            "session_id": "gfrgdf_1474546371733",
            "timestamp": 1474533516480,
            "sequence_id": 1,
            "section_id": "4",
            "activity_id": "0",
            "activity_kind": "dragdrop",
            "data": {
                "kind": "Click",
                "what": "correct_btn",
                "which": "Comptages",
                "x": 1376,
                "y": 699
            }
        },
        {
            "user_id": "gfrgdf",
            "session_id": "gfrgdf_1474546371733",
            "timestamp": 1474533516585,
            "sequence_id": 1,
            "section_id": "4",
            "activity_id": "0",
            "activity_kind": "dragdrop",
            "data": {
                "kind": "MousePressed",
                "what": "correct_btn",
                "which": "Comptages",
                "x": 1376,
                "y": 699
            }
        },
        {
            "user_id": "gfrgdf",
            "session_id": "gfrgdf_1474546371733",
            "timestamp": 1474533516672,
            "sequence_id": 1,
            "section_id": "4",
            "activity_id": "0",
            "activity_kind": "dragdrop",
            "data": {
                "kind": "MouseReleased",
                "what": "correct_btn",
                "which": "Comptages",
                "x": 1376,
                "y": 699
            }
        },
        {
            "user_id": "gfrgdf",
            "session_id": "gfrgdf_1474546371733",
            "timestamp": 1474533516677,
            "sequence_id": 1,
            "section_id": "4",
            "activity_id": "0",
            "activity_kind": "dragdrop",
            "data": {
                "kind": "Click",
                "what": "correct_btn",
                "which": "Comptages",
                "x": 1376,
                "y": 699
            }
        },
        {
            "user_id": "gfrgdf",
            "session_id": "gfrgdf_1474546371733",
            "timestamp": 1474533516882,
            "sequence_id": 1,
            "section_id": "4",
            "activity_id": "0",
            "activity_kind": "dragdrop",
            "data": {
                "kind": "MousePressed",
                "what": "next_btn",
                "which": "Comptages",
                "x": 1376,
                "y": 699
            }
        },
        {
            "user_id": "gfrgdf",
            "session_id": "gfrgdf_1474546371733",
            "timestamp": 1474533516953,
            "sequence_id": 1,
            "section_id": "4",
            "activity_id": "0",
            "activity_kind": "dragdrop",
            "data": {
                "kind": "MouseReleased",
                "what": "next_btn",
                "which": "Comptages",
                "x": 1376,
                "y": 699
            }
        },
        {
            "user_id": "gfrgdf",
            "session_id": "gfrgdf_1474546371733",
            "timestamp": 1474533516961,
            "sequence_id": 1,
            "section_id": "4",
            "activity_id": "0",
            "activity_kind": "dragdrop",
            "data": {
                "kind": "Click",
                "what": "next_btn",
                "which": "Comptages",
                "x": 1376,
                "y": 699
            }
        },
        {
            "user_id": "gfrgdf",
            "session_id": "gfrgdf_1474546371733",
            "timestamp": 1474533517330,
            "sequence_id": 1,
            "section_id": "4",
            "activity_id": "0",
            "activity_kind": "dragdrop",
            "data": {
                "kind": "MousePressed",
                "what": "next_btn",
                "which": "Comptages",
                "x": 1376,
                "y": 699
            }
        },
        {
            "user_id": "gfrgdf",
            "session_id": "gfrgdf_1474546371733",
            "timestamp": 1474533517409,
            "sequence_id": 1,
            "section_id": "4",
            "activity_id": "0",
            "activity_kind": "dragdrop",
            "data": {
                "kind": "MouseReleased",
                "what": "next_btn",
                "which": "Comptages",
                "x": 1376,
                "y": 699
            }
        },
        {
            "user_id": "gfrgdf",
            "session_id": "gfrgdf_1474546371733",
            "timestamp": 1474533517423,
            "sequence_id": 1,
            "section_id": "4",
            "activity_id": "0",
            "activity_kind": "curvestar",
            "data": {
                "kind": "Click",
                "what": "next_btn",
                "which": "Comptages",
                "x": 1376,
                "y": 699
            }
        }
    ]
}