{
    "events": [
        {
            "user_id": "jon",
            "session_id": "jon_1463132999355",
            "timestamp": 1463132943504,
            "sequence_id": 1,
            "section_id": "0",
            "activity_id": "-1",
            "activity_kind": "dragdrop",
            "data": {
                "kind": "Click",
                "what": "next_btn",
                "which": "requirements",
                "x": 1395,
                "y": 681
            }
        },
        {
            "user_id": "jon",
            "session_id": "jon_1463132999355",
            "timestamp": 1463132944529,
            "sequence_id": 1,
            "section_id": "0",
            "activity_id": "0",
            "activity_kind": "dragdrop",
            "data": {
                "kind": "MousePressed",
                "what": "correct_btn",
                "which": "Les phases du cycle cellulaire",
                "x": 1395,
                "y": 681
            }
        },
        {
            "user_id": "jon",
            "session_id": "jon_1463132999355",
            "timestamp": 1463132944581,
            "sequence_id": 1,
            "section_id": "0",
            "activity_id": "0",
            "activity_kind": "dragdrop",
            "data": {
                "kind": "MouseReleased",
                "what": "correct_btn",
                "which": "Les phases du cycle cellulaire",
                "x": 1395,
                "y": 681
            }
        },
        {
            "user_id": "jon",
            "session_id": "jon_1463132999355",
            "timestamp": 1463132944587,
            "sequence_id": 1,
            "section_id": "0",
            "activity_id": "0",
            "activity_kind": "dragdrop",
            "data": {
                "kind": "Click",
                "what": "correct_btn",
                "which": "Les phases du cycle cellulaire",
                "x": 1395,
                "y": 681
            }
        },
        {
            "user_id": "jon",
            "session_id": "jon_1463132999355",
            "timestamp": 1463132945254,
            "sequence_id": 1,
            "section_id": "0",
            "activity_id": "0",
            "activity_kind": "dragdrop",
            "data": {
                "kind": "MousePressed",
                "what": "correct_btn",
                "which": "Les phases du cycle cellulaire",
                "x": 1395,
                "y": 681
            }
        },
        {
            "user_id": "jon",
            "session_id": "jon_1463132999355",
            "timestamp": 1463132945316,
            "sequence_id": 1,
            "section_id": "0",
            "activity_id": "0",
            "activity_kind": "dragdrop",
            "data": {
                "kind": "MouseReleased",
                "what": "correct_btn",
                "which": "Les phases du cycle cellulaire",
                "x": 1395,
                "y": 681
            }
        },
        {
            "user_id": "jon",
            "session_id": "jon_1463132999355",
            "timestamp": 1463132945339,
            "sequence_id": 1,
            "section_id": "0",
            "activity_id": "0",
            "activity_kind": "dragdrop",
            "data": {
                "kind": "Click",
                "what": "correct_btn",
                "which": "Les phases du cycle cellulaire",
                "x": 1395,
                "y": 681
            }
        },
        {
            "user_id": "jon",
            "session_id": "jon_1463132999355",
            "timestamp": 1463132946297,
            "sequence_id": 1,
            "section_id": "0",
            "activity_id": "0",
            "activity_kind": "dragdrop",
            "data": {
                "kind": "MousePressed",
                "what": "correct_btn",
                "which": "Les phases du cycle cellulaire",
                "x": 1395,
                "y": 681
            }
        },
        {
            "user_id": "jon",
            "session_id": "jon_1463132999355",
            "timestamp": 1463132946361,
            "sequence_id": 1,
            "section_id": "0",
            "activity_id": "0",
            "activity_kind": "dragdrop",
            "data": {
                "kind": "MouseReleased",
                "what": "correct_btn",
                "which": "Les phases du cycle cellulaire",
                "x": 1395,
                "y": 681
            }
        },
        {
            "user_id": "jon",
            "session_id": "jon_1463132999355",
            "timestamp": 1463132946381,
            "sequence_id": 1,
            "section_id": "0",
            "activity_id": "0",
            "activity_kind": "dragdrop",
            "data": {
                "kind": "Click",
                "what": "correct_btn",
                "which": "Les phases du cycle cellulaire",
                "x": 1395,
                "y": 681
            }
        },
        {
            "user_id": "jon",
            "session_id": "jon_1463132999355",
            "timestamp": 1463132947069,
            "sequence_id": 1,
            "section_id": "0",
            "activity_id": "0",
            "activity_kind": "dragdrop",
            "data": {
                "kind": "MousePressed",
                "what": "next_btn",
                "which": "Les phases du cycle cellulaire",
                "x": 1395,
                "y": 681
            }
        },
        {
            "user_id": "jon",
            "session_id": "jon_1463132999355",
            "timestamp": 1463132947143,
            "sequence_id": 1,
            "section_id": "0",
            "activity_id": "0",
            "activity_kind": "dragdrop",
            "data": {
                "kind": "MouseReleased",
                "what": "next_btn",
                "which": "Les phases du cycle cellulaire",
                "x": 1395,
                "y": 681
            }
        },
        {
            "user_id": "jon",
            "session_id": "jon_1463132999355",
            "timestamp": 1463132947156,
            "sequence_id": 1,
            "section_id": "0",
            "activity_id": "0",
            "activity_kind": "dragdrop",
            "data": {
                "kind": "Click",
                "what": "next_btn",
                "which": "Les phases du cycle cellulaire",
                "x": 1395,
                "y": 681
            }
        },
        {
            "user_id": "jon",
            "session_id": "jon_1463132999355",
            "timestamp": 1463132947699,
            "sequence_id": 1,
            "section_id": "0",
            "activity_id": "0",
            "activity_kind": "dragdrop",
            "data": {
                "kind": "MousePressed",
                "what": "next_btn",
                "which": "Les phases du cycle cellulaire",
                "x": 1395,
                "y": 681
            }
        },
        {
            "user_id": "jon",
            "session_id": "jon_1463132999355",
            "timestamp": 1463132947807,
            "sequence_id": 1,
            "section_id": "0",
            "activity_id": "0",
            "activity_kind": "dragdrop",
            "data": {
                "kind": "MouseReleased",
                "what": "next_btn",
                "which": "Les phases du cycle cellulaire",
                "x": 1395,
                "y": 681
            }
        },
        {
            "user_id": "jon",
            "session_id": "jon_1463132999355",
            "timestamp": 1463132947844,
            "sequence_id": 1,
            "section_id": "0",
            "activity_id": "0",
            "activity_kind": "transition",
            "data": {
                "kind": "Click",
                "what": "next_btn",
                "which": "Les phases du cycle cellulaire",
                "x": 1395,
                "y": 681
            }
        },
        {
            "user_id": "jon",
            "session_id": "jon_1463132999355",
            "timestamp": 1463132949120,
            "sequence_id": 1,
            "section_id": "1",
            "activity_id": "-1",
            "activity_kind": "dragdrop",
            "data": {
                "kind": "Click",
                "what": "next_btn",
                "which": "hypothesis",
                "x": 1395,
                "y": 681
            }
        },
        {
            "user_id": "jon",
            "session_id": "jon_1463132999355",
            "timestamp": 1463132950412,
            "sequence_id": 1,
            "section_id": "1",
            "activity_id": "0",
            "activity_kind": "dragdrop",
            "data": {
                "kind": "MousePressed",
                "what": "next_btn",
                "which": "La durée des phases du cycle cellulaire",
                "x": 1395,
                "y": 681
            }
        },
        {
            "user_id": "jon",
            "session_id": "jon_1463132999355",
            "timestamp": 1463132950451,
            "sequence_id": 1,
            "section_id": "1",
            "activity_id": "0",
            "activity_kind": "dragdrop",
            "data": {
                "kind": "MouseReleased",
                "what": "next_btn",
                "which": "La durée des phases du cycle cellulaire",
                "x": 1395,
                "y": 681
            }
        },
        {
            "user_id": "jon",
            "session_id": "jon_1463132999355",
            "timestamp": 1463132950466,
            "sequence_id": 1,
            "section_id": "1",
            "activity_id": "0",
            "activity_kind": "dragdrop",
            "data": {
                "kind": "Click",
                "what": "next_btn",
                "which": "La durée des phases du cycle cellulaire",
                "x": 1395,
                "y": 681
            }
        },
        {
            "user_id": "jon",
            "session_id": "jon_1463132999355",
            "timestamp": 1463132951595,
            "sequence_id": 1,
            "section_id": "1",
            "activity_id": "0",
            "activity_kind": "dragdrop",
            "data": {
                "kind": "MousePressed",
                "what": "next_btn",
                "which": "La durée des phases du cycle cellulaire",
                "x": 1395,
                "y": 681
            }
        },
        {
            "user_id": "jon",
            "session_id": "jon_1463132999355",
            "timestamp": 1463132951652,
            "sequence_id": 1,
            "section_id": "1",
            "activity_id": "0",
            "activity_kind": "dragdrop",
            "data": {
                "kind": "MouseReleased",
                "what": "next_btn",
                "which": "La durée des phases du cycle cellulaire",
                "x": 1395,
                "y": 681
            }
        },
        {
            "user_id": "jon",
            "session_id": "jon_1463132999355",
            "timestamp": 1463132951702,
            "sequence_id": 1,
            "section_id": "1",
            "activity_id": "0",
            "activity_kind": "curvetest",
            "data": {
                "kind": "Click",
                "what": "next_btn",
                "which": "La durée des phases du cycle cellulaire",
                "x": 1395,
                "y": 681
            }
        },
        {
            "user_id": "jon",
            "session_id": "jon_1463132999355",
            "timestamp": 1463132953196,
            "sequence_id": 1,
            "section_id": "1",
            "activity_id": "1",
            "activity_kind": "curvetest",
            "data": {
                "kind": "Click",
                "what": "next_btn",
                "which": "Courbe de croissance dans des conditions optimales",
                "x": 1395,
                "y": 681
            }
        },
        {
            "user_id": "jon",
            "session_id": "jon_1463132999355",
            "timestamp": 1463132954334,
            "sequence_id": 1,
            "section_id": "1",
            "activity_id": "1",
            "activity_kind": "transition",
            "data": {
                "kind": "Click",
                "what": "next_btn",
                "which": "Courbe de croissance dans des conditions optimales",
                "x": 1395,
                "y": 681
            }
        },
        {
            "user_id": "jon",
            "session_id": "jon_1463132999355",
            "timestamp": 1463132955582,
            "sequence_id": 1,
            "section_id": "2",
            "activity_id": "-1",
            "activity_kind": "transition",
            "data": {
                "kind": "Click",
                "what": "next_btn",
                "which": "protocol",
                "x": 1395,
                "y": 681
            }
        },
        {
            "user_id": "jon",
            "session_id": "jon_1463132999355",
            "timestamp": 1463132956929,
            "sequence_id": 1,
            "section_id": "2",
            "activity_id": "0",
            "activity_kind": "transition",
            "data": {
                "kind": "Click",
                "what": "next_btn",
                "which": "Planification du protocole expérimental",
                "x": 1395,
                "y": 681
            }
        },
        {
            "user_id": "jon",
            "session_id": "jon_1463132999355",
            "timestamp": 1463132958532,
            "sequence_id": 1,
            "section_id": "2",
            "activity_id": "1",
            "activity_kind": "counttest",
            "data": {
                "kind": "Click",
                "what": "next_btn",
                "which": "Nombres de boîtes de Pétri",
                "x": 1395,
                "y": 681
            }
        },
        {
            "user_id": "jon",
            "session_id": "jon_1463132999355",
            "timestamp": 1463132959935,
            "sequence_id": 1,
            "section_id": "2",
            "activity_id": "2",
            "activity_kind": "counttest",
            "data": {
                "kind": "Click",
                "what": "correct_btn",
                "which": "Comptage",
                "x": 1395,
                "y": 681
            }
        },
        {
            "user_id": "jon",
            "session_id": "jon_1463132999355",
            "timestamp": 1463132960675,
            "sequence_id": 1,
            "section_id": "2",
            "activity_id": "2",
            "activity_kind": "counttest",
            "data": {
                "kind": "Click",
                "what": "correct_btn",
                "which": "Comptage",
                "x": 1395,
                "y": 681
            }
        },
        {
            "user_id": "jon",
            "session_id": "jon_1463132999355",
            "timestamp": 1463132961517,
            "sequence_id": 1,
            "section_id": "2",
            "activity_id": "2",
            "activity_kind": "counttest",
            "data": {
                "kind": "Click",
                "what": "correct_btn",
                "which": "Comptage",
                "x": 1395,
                "y": 681
            }
        },
        {
            "user_id": "jon",
            "session_id": "jon_1463132999355",
            "timestamp": 1463132962453,
            "sequence_id": 1,
            "section_id": "2",
            "activity_id": "2",
            "activity_kind": "counttest",
            "data": {
                "kind": "Click",
                "what": "next_btn",
                "which": "Comptage",
                "x": 1395,
                "y": 681
            }
        },
        {
            "user_id": "jon",
            "session_id": "jon_1463132999355",
            "timestamp": 1463132964077,
            "sequence_id": 1,
            "section_id": "2",
            "activity_id": "2",
            "activity_kind": "input",
            "data": {
                "kind": "Click",
                "what": "next_btn",
                "which": "Comptage",
                "x": 1395,
                "y": 681
            }
        },
        {
            "user_id": "jon",
            "session_id": "jon_1463132999355",
            "timestamp": 1463132968706,
            "sequence_id": 1,
            "section_id": "2",
            "activity_id": "3",
            "activity_kind": "input",
            "data": {
                "kind": "Click",
                "what": "correct_btn",
                "which": "Densité Cellulaire",
                "x": 1395,
                "y": 681
            }
        },
        {
            "user_id": "jon",
            "session_id": "jon_1463132999355",
            "timestamp": 1463132971773,
            "sequence_id": 1,
            "section_id": "2",
            "activity_id": "3",
            "activity_kind": "input",
            "data": {
                "kind": "Click",
                "what": "correct_btn",
                "which": "Densité Cellulaire",
                "x": 1395,
                "y": 681
            }
        },
        {
            "user_id": "jon",
            "session_id": "jon_1463132999355",
            "timestamp": 1463132972525,
            "sequence_id": 1,
            "section_id": "2",
            "activity_id": "3",
            "activity_kind": "input",
            "data": {
                "kind": "Click",
                "what": "correct_btn",
                "which": "Densité Cellulaire",
                "x": 1395,
                "y": 681
            }
        },
        {
            "user_id": "jon",
            "session_id": "jon_1463132999355",
            "timestamp": 1463132973340,
            "sequence_id": 1,
            "section_id": "2",
            "activity_id": "3",
            "activity_kind": "input",
            "data": {
                "kind": "Click",
                "what": "next_btn",
                "which": "Densité Cellulaire",
                "x": 1395,
                "y": 681
            }
        },
        {
            "user_id": "jon",
            "session_id": "jon_1463132999355",
            "timestamp": 1463132974371,
            "sequence_id": 1,
            "section_id": "2",
            "activity_id": "3",
            "activity_kind": "transition",
            "data": {
                "kind": "Click",
                "what": "next_btn",
                "which": "Densité Cellulaire",
                "x": 1395,
                "y": 681
            }
        },
        {
            "user_id": "jon",
            "session_id": "jon_1463132999355",
            "timestamp": 1463132975585,
            "sequence_id": 1,
            "section_id": "2",
            "activity_id": "4",
            "activity_kind": "pipette",
            "data": {
                "kind": "Click",
                "what": "next_btn",
                "which": "Nombre de cellules par boite et tailles des boites",
                "x": 1395,
                "y": 681
            }
        },
        {
            "user_id": "jon",
            "session_id": "jon_1463132999355",
            "timestamp": 1463132978096,
            "sequence_id": 1,
            "section_id": "2",
            "activity_id": "5",
            "activity_kind": "pipette",
            "data": {
                "kind": "Click",
                "what": "statement_pane",
                "which": "Ensemencement",
                "x": 1229,
                "y": 292
            }
        },
        {
            "user_id": "jon",
            "session_id": "jon_1463132999355",
            "timestamp": 1463132978500,
            "sequence_id": 1,
            "section_id": "2",
            "activity_id": "5",
            "activity_kind": "pipette",
            "data": {
                "kind": "Click",
                "what": "select_milieu",
                "which": "Ensemencement",
                "x": 1180,
                "y": 284
            }
        },
        {
            "user_id": "jon",
            "session_id": "jon_1463132999355",
            "timestamp": 1463132978513,
            "sequence_id": 1,
            "section_id": "2",
            "activity_id": "5",
            "activity_kind": "pipette",
            "data": {
                "kind": "Click",
                "what": "select_milieu",
                "which": "Ensemencement",
                "x": 1180,
                "y": 284
            }
        },
        {
            "user_id": "jon",
            "session_id": "jon_1463132999355",
            "timestamp": 1463132979492,
            "sequence_id": 1,
            "section_id": "2",
            "activity_id": "5",
            "activity_kind": "pipette",
            "data": {
                "kind": "Click",
                "what": "add_constituant",
                "which": "Ensemencement",
                "x": 1239,
                "y": 489
            }
        },
        {
            "user_id": "jon",
            "session_id": "jon_1463132999355",
            "timestamp": 1463132980643,
            "sequence_id": 1,
            "section_id": "2",
            "activity_id": "5",
            "activity_kind": "pipette",
            "data": {
                "kind": "Click",
                "what": "select_serum",
                "which": "Ensemencement",
                "x": 1170,
                "y": 356
            }
        },
        {
            "user_id": "jon",
            "session_id": "jon_1463132999355",
            "timestamp": 1463132980651,
            "sequence_id": 1,
            "section_id": "2",
            "activity_id": "5",
            "activity_kind": "pipette",
            "data": {
                "kind": "Click",
                "what": "select_serum",
                "which": "Ensemencement",
                "x": 1170,
                "y": 356
            }
        },
        {
            "user_id": "jon",
            "session_id": "jon_1463132999355",
            "timestamp": 1463132981527,
            "sequence_id": 1,
            "section_id": "2",
            "activity_id": "5",
            "activity_kind": "pipette",
            "data": {
                "kind": "Click",
                "what": "pipette_2",
                "which": "Ensemencement",
                "x": 1348,
                "y": 295
            }
        },
        {
            "user_id": "jon",
            "session_id": "jon_1463132999355",
            "timestamp": 1463132981537,
            "sequence_id": 1,
            "section_id": "2",
            "activity_id": "5",
            "activity_kind": "pipette",
            "data": {
                "kind": "Click",
                "what": "pipette_2",
                "which": "Ensemencement",
                "x": 1348,
                "y": 295
            }
        },
        {
            "user_id": "jon",
            "session_id": "jon_1463132999355",
            "timestamp": 1463132982327,
            "sequence_id": 1,
            "section_id": "2",
            "activity_id": "5",
            "activity_kind": "pipette",
            "data": {
                "kind": "Click",
                "what": "add_constituant",
                "which": "Ensemencement",
                "x": 1259,
                "y": 472
            }
        },
        {
            "user_id": "jon",
            "session_id": "jon_1463132999355",
            "timestamp": 1463132982509,
            "sequence_id": 1,
            "section_id": "2",
            "activity_id": "5",
            "activity_kind": "pipette",
            "data": {
                "kind": "Click",
                "what": "add_constituant",
                "which": "Ensemencement",
                "x": 1259,
                "y": 472
            }
        },
        {
            "user_id": "jon",
            "session_id": "jon_1463132999355",
            "timestamp": 1463132982710,
            "sequence_id": 1,
            "section_id": "2",
            "activity_id": "5",
            "activity_kind": "pipette",
            "data": {
                "kind": "Click",
                "what": "add_constituant",
                "which": "Ensemencement",
                "x": 1259,
                "y": 472
            }
        },
        {
            "user_id": "jon",
            "session_id": "jon_1463132999355",
            "timestamp": 1463132983107,
            "sequence_id": 1,
            "section_id": "2",
            "activity_id": "5",
            "activity_kind": "pipette",
            "data": {
                "kind": "Click",
                "what": "add_constituant",
                "which": "Ensemencement",
                "x": 1259,
                "y": 471
            }
        },
        {
            "user_id": "jon",
            "session_id": "jon_1463132999355",
            "timestamp": 1463132983691,
            "sequence_id": 1,
            "section_id": "2",
            "activity_id": "5",
            "activity_kind": "pipette",
            "data": {
                "kind": "Click",
                "what": "statement_pane",
                "which": "Ensemencement",
                "x": 1119,
                "y": 417
            }
        },
        {
            "user_id": "jon",
            "session_id": "jon_1463132999355",
            "timestamp": 1463132984143,
            "sequence_id": 1,
            "section_id": "2",
            "activity_id": "5",
            "activity_kind": "pipette",
            "data": {
                "kind": "Click",
                "what": "select_cells",
                "which": "Ensemencement",
                "x": 1158,
                "y": 427
            }
        },
        {
            "user_id": "jon",
            "session_id": "jon_1463132999355",
            "timestamp": 1463132984147,
            "sequence_id": 1,
            "section_id": "2",
            "activity_id": "5",
            "activity_kind": "pipette",
            "data": {
                "kind": "Click",
                "what": "select_cells",
                "which": "Ensemencement",
                "x": 1158,
                "y": 427
            }
        },
        {
            "user_id": "jon",
            "session_id": "jon_1463132999355",
            "timestamp": 1463132984708,
            "sequence_id": 1,
            "section_id": "2",
            "activity_id": "5",
            "activity_kind": "pipette",
            "data": {
                "kind": "Click",
                "what": "add_constituant",
                "which": "Ensemencement",
                "x": 1213,
                "y": 489
            }
        },
        {
            "user_id": "jon",
            "session_id": "jon_1463132999355",
            "timestamp": 1463132984898,
            "sequence_id": 1,
            "section_id": "2",
            "activity_id": "5",
            "activity_kind": "pipette",
            "data": {
                "kind": "Click",
                "what": "add_constituant",
                "which": "Ensemencement",
                "x": 1213,
                "y": 489
            }
        },
        {
            "user_id": "jon",
            "session_id": "jon_1463132999355",
            "timestamp": 1463132985079,
            "sequence_id": 1,
            "section_id": "2",
            "activity_id": "5",
            "activity_kind": "pipette",
            "data": {
                "kind": "Click",
                "what": "add_constituant",
                "which": "Ensemencement",
                "x": 1213,
                "y": 489
            }
        },
        {
            "user_id": "jon",
            "session_id": "jon_1463132999355",
            "timestamp": 1463132985269,
            "sequence_id": 1,
            "section_id": "2",
            "activity_id": "5",
            "activity_kind": "pipette",
            "data": {
                "kind": "Click",
                "what": "add_constituant",
                "which": "Ensemencement",
                "x": 1213,
                "y": 489
            }
        },
        {
            "user_id": "jon",
            "session_id": "jon_1463132999355",
            "timestamp": 1463132985444,
            "sequence_id": 1,
            "section_id": "2",
            "activity_id": "5",
            "activity_kind": "pipette",
            "data": {
                "kind": "Click",
                "what": "add_constituant",
                "which": "Ensemencement",
                "x": 1213,
                "y": 489
            }
        },
        {
            "user_id": "jon",
            "session_id": "jon_1463132999355",
            "timestamp": 1463132985613,
            "sequence_id": 1,
            "section_id": "2",
            "activity_id": "5",
            "activity_kind": "pipette",
            "data": {
                "kind": "Click",
                "what": "add_constituant",
                "which": "Ensemencement",
                "x": 1213,
                "y": 489
            }
        },
        {
            "user_id": "jon",
            "session_id": "jon_1463132999355",
            "timestamp": 1463132985768,
            "sequence_id": 1,
            "section_id": "2",
            "activity_id": "5",
            "activity_kind": "pipette",
            "data": {
                "kind": "Click",
                "what": "add_constituant",
                "which": "Ensemencement",
                "x": 1213,
                "y": 489
            }
        },
        {
            "user_id": "jon",
            "session_id": "jon_1463132999355",
            "timestamp": 1463132986776,
            "sequence_id": 1,
            "section_id": "2",
            "activity_id": "5",
            "activity_kind": "pipette",
            "data": {
                "kind": "Click",
                "what": "btn_bar",
                "which": "Ensemencement",
                "x": 1384,
                "y": 715
            }
        },
        {
            "user_id": "jon",
            "session_id": "jon_1463132999355",
            "timestamp": 1463132987174,
            "sequence_id": 1,
            "section_id": "2",
            "activity_id": "5",
            "activity_kind": "pipette",
            "data": {
                "kind": "Click",
                "what": "correct_btn",
                "which": "Ensemencement",
                "x": 1383,
                "y": 701
            }
        },
        {
            "user_id": "jon",
            "session_id": "jon_1463132999355",
            "timestamp": 1463132988274,
            "sequence_id": 1,
            "section_id": "2",
            "activity_id": "5",
            "activity_kind": "pipette",
            "data": {
                "kind": "Click",
                "what": "correct_btn",
                "which": "Ensemencement",
                "x": 1383,
                "y": 701
            }
        },
        {
            "user_id": "jon",
            "session_id": "jon_1463132999355",
            "timestamp": 1463132989464,
            "sequence_id": 1,
            "section_id": "2",
            "activity_id": "5",
            "activity_kind": "pipette",
            "data": {
                "kind": "Click",
                "what": "correct_btn",
                "which": "Ensemencement",
                "x": 1383,
                "y": 701
            }
        },
        {
            "user_id": "jon",
            "session_id": "jon_1463132999355",
            "timestamp": 1463132990225,
            "sequence_id": 1,
            "section_id": "2",
            "activity_id": "5",
            "activity_kind": "pipette",
            "data": {
                "kind": "Click",
                "what": "next_btn",
                "which": "Ensemencement",
                "x": 1383,
                "y": 701
            }
        },
        {
            "user_id": "jon",
            "session_id": "jon_1463132999355",
            "timestamp": 1463132991042,
            "sequence_id": 1,
            "section_id": "2",
            "activity_id": "5",
            "activity_kind": "transition",
            "data": {
                "kind": "Click",
                "what": "next_btn",
                "which": "Ensemencement",
                "x": 1383,
                "y": 701
            }
        },
        {
            "user_id": "jon",
            "session_id": "jon_1463132999355",
            "timestamp": 1463132992620,
            "sequence_id": 1,
            "section_id": "3",
            "activity_id": "-1",
            "activity_kind": "transition",
            "data": {
                "kind": "Click",
                "what": "next_btn",
                "which": "experiment",
                "x": 1383,
                "y": 701
            }
        },
        {
            "user_id": "jon",
            "session_id": "jon_1463132999355",
            "timestamp": 1463132994807,
            "sequence_id": 1,
            "section_id": "4",
            "activity_id": "-1",
            "activity_kind": "dragdrop",
            "data": {
                "kind": "Click",
                "what": "next_btn",
                "which": "results",
                "x": 1383,
                "y": 701
            }
        },
        {
            "user_id": "jon",
            "session_id": "jon_1463132999355",
            "timestamp": 1463132997860,
            "sequence_id": 1,
            "section_id": "4",
            "activity_id": "0",
            "activity_kind": "dragdrop",
            "data": {
                "kind": "MousePressed",
                "what": "correct_btn",
                "which": "Comptages",
                "x": 1383,
                "y": 701
            }
        },
        {
            "user_id": "jon",
            "session_id": "jon_1463132999355",
            "timestamp": 1463132997932,
            "sequence_id": 1,
            "section_id": "4",
            "activity_id": "0",
            "activity_kind": "dragdrop",
            "data": {
                "kind": "MouseReleased",
                "what": "correct_btn",
                "which": "Comptages",
                "x": 1383,
                "y": 701
            }
        },
        {
            "user_id": "jon",
            "session_id": "jon_1463132999355",
            "timestamp": 1463132997945,
            "sequence_id": 1,
            "section_id": "4",
            "activity_id": "0",
            "activity_kind": "dragdrop",
            "data": {
                "kind": "Click",
                "what": "correct_btn",
                "which": "Comptages",
                "x": 1383,
                "y": 701
            }
        },
        {
            "user_id": "jon",
            "session_id": "jon_1463132999355",
            "timestamp": 1463132998636,
            "sequence_id": 1,
            "section_id": "4",
            "activity_id": "0",
            "activity_kind": "dragdrop",
            "data": {
                "kind": "MousePressed",
                "what": "correct_btn",
                "which": "Comptages",
                "x": 1383,
                "y": 701
            }
        },
        {
            "user_id": "jon",
            "session_id": "jon_1463132999355",
            "timestamp": 1463132998738,
            "sequence_id": 1,
            "section_id": "4",
            "activity_id": "0",
            "activity_kind": "dragdrop",
            "data": {
                "kind": "MouseReleased",
                "what": "correct_btn",
                "which": "Comptages",
                "x": 1383,
                "y": 701
            }
        },
        {
            "user_id": "jon",
            "session_id": "jon_1463132999355",
            "timestamp": 1463132998756,
            "sequence_id": 1,
            "section_id": "4",
            "activity_id": "0",
            "activity_kind": "dragdrop",
            "data": {
                "kind": "Click",
                "what": "correct_btn",
                "which": "Comptages",
                "x": 1383,
                "y": 701
            }
        },
        {
            "user_id": "jon",
            "session_id": "jon_1463132999355",
            "timestamp": 1463132999391,
            "sequence_id": 1,
            "section_id": "4",
            "activity_id": "0",
            "activity_kind": "dragdrop",
            "data": {
                "kind": "MousePressed",
                "what": "correct_btn",
                "which": "Comptages",
                "x": 1383,
                "y": 701
            }
        },
        {
            "user_id": "jon",
            "session_id": "jon_1463132999355",
            "timestamp": 1463132999475,
            "sequence_id": 1,
            "section_id": "4",
            "activity_id": "0",
            "activity_kind": "dragdrop",
            "data": {
                "kind": "MouseReleased",
                "what": "correct_btn",
                "which": "Comptages",
                "x": 1383,
                "y": 701
            }
        },
        {
            "user_id": "jon",
            "session_id": "jon_1463132999355",
            "timestamp": 1463132999490,
            "sequence_id": 1,
            "section_id": "4",
            "activity_id": "0",
            "activity_kind": "dragdrop",
            "data": {
                "kind": "Click",
                "what": "correct_btn",
                "which": "Comptages",
                "x": 1383,
                "y": 701
            }
        },
        {
            "user_id": "jon",
            "session_id": "jon_1463132999355",
            "timestamp": 1463133000181,
            "sequence_id": 1,
            "section_id": "4",
            "activity_id": "0",
            "activity_kind": "dragdrop",
            "data": {
                "kind": "MousePressed",
                "what": "next_btn",
                "which": "Comptages",
                "x": 1383,
                "y": 701
            }
        },
        {
            "user_id": "jon",
            "session_id": "jon_1463132999355",
            "timestamp": 1463133000277,
            "sequence_id": 1,
            "section_id": "4",
            "activity_id": "0",
            "activity_kind": "dragdrop",
            "data": {
                "kind": "MouseReleased",
                "what": "next_btn",
                "which": "Comptages",
                "x": 1383,
                "y": 701
            }
        },
        {
            "user_id": "jon",
            "session_id": "jon_1463132999355",
            "timestamp": 1463133000288,
            "sequence_id": 1,
            "section_id": "4",
            "activity_id": "0",
            "activity_kind": "dragdrop",
            "data": {
                "kind": "Click",
                "what": "next_btn",
                "which": "Comptages",
                "x": 1383,
                "y": 701
            }
        },
        {
            "user_id": "jon",
            "session_id": "jon_1463132999355",
            "timestamp": 1463133001152,
            "sequence_id": 1,
            "section_id": "4",
            "activity_id": "0",
            "activity_kind": "dragdrop",
            "data": {
                "kind": "MousePressed",
                "what": "next_btn",
                "which": "Comptages",
                "x": 1383,
                "y": 701
            }
        },
        {
            "user_id": "jon",
            "session_id": "jon_1463132999355",
            "timestamp": 1463133001225,
            "sequence_id": 1,
            "section_id": "4",
            "activity_id": "0",
            "activity_kind": "dragdrop",
            "data": {
                "kind": "MouseReleased",
                "what": "next_btn",
                "which": "Comptages",
                "x": 1383,
                "y": 701
            }
        },
        {
            "user_id": "jon",
            "session_id": "jon_1463132999355",
            "timestamp": 1463133001280,
            "sequence_id": 1,
            "section_id": "4",
            "activity_id": "0",
            "activity_kind": "curvestar",
            "data": {
                "kind": "Click",
                "what": "next_btn",
                "which": "Comptages",
                "x": 1383,
                "y": 701
            }
        },
        {
            "user_id": "jon",
            "session_id": "jon_1463132999355",
            "timestamp": 1463133003577,
            "sequence_id": 1,
            "section_id": "4",
            "activity_id": "1",
            "activity_kind": "curvestar",
            "data": {
                "kind": "MousePressed",
                "what": "Curve_canvas",
                "which": "Comptages et courbe de croissance dans des conditions optimales",
                "x": 556,
                "y": 431
            }
        },
        {
            "user_id": "jon",
            "session_id": "jon_1463132999355",
            "timestamp": 1463133004300,
            "sequence_id": 1,
            "section_id": "4",
            "activity_id": "1",
            "activity_kind": "curvestar",
            "data": {
                "kind": "MouseReleased",
                "what": "Curve_canvas",
                "which": "Comptages et courbe de croissance dans des conditions optimales",
                "x": 558,
                "y": 499
            }
        },
        {
            "user_id": "jon",
            "session_id": "jon_1463132999355",
            "timestamp": 1463133004303,
            "sequence_id": 1,
            "section_id": "4",
            "activity_id": "1",
            "activity_kind": "curvestar",
            "data": {
                "kind": "Click",
                "what": "Curve_canvas",
                "which": "Comptages et courbe de croissance dans des conditions optimales",
                "x": 558,
                "y": 499
            }
        },
        {
            "user_id": "jon",
            "session_id": "jon_1463132999355",
            "timestamp": 1463133004950,
            "sequence_id": 1,
            "section_id": "4",
            "activity_id": "1",
            "activity_kind": "curvestar",
            "data": {
                "kind": "MousePressed",
                "what": "Curve_canvas",
                "which": "Comptages et courbe de croissance dans des conditions optimales",
                "x": 645,
                "y": 432
            }
        },
        {
            "user_id": "jon",
            "session_id": "jon_1463132999355",
            "timestamp": 1463133005841,
            "sequence_id": 1,
            "section_id": "4",
            "activity_id": "1",
            "activity_kind": "curvestar",
            "data": {
                "kind": "MouseReleased",
                "what": "Curve_canvas",
                "which": "Comptages et courbe de croissance dans des conditions optimales",
                "x": 649,
                "y": 497
            }
        },
        {
            "user_id": "jon",
            "session_id": "jon_1463132999355",
            "timestamp": 1463133005846,
            "sequence_id": 1,
            "section_id": "4",
            "activity_id": "1",
            "activity_kind": "curvestar",
            "data": {
                "kind": "Click",
                "what": "Curve_canvas",
                "which": "Comptages et courbe de croissance dans des conditions optimales",
                "x": 649,
                "y": 497
            }
        },
        {
            "user_id": "jon",
            "session_id": "jon_1463132999355",
            "timestamp": 1463133008233,
            "sequence_id": 1,
            "section_id": "4",
            "activity_id": "1",
            "activity_kind": "curvestar",
            "data": {
                "kind": "MousePressed",
                "what": "Curve_canvas",
                "which": "Comptages et courbe de croissance dans des conditions optimales",
                "x": 726,
                "y": 437
            }
        },
        {
            "user_id": "jon",
            "session_id": "jon_1463132999355",
            "timestamp": 1463133009404,
            "sequence_id": 1,
            "section_id": "4",
            "activity_id": "1",
            "activity_kind": "curvestar",
            "data": {
                "kind": "MouseReleased",
                "what": "Curve_canvas",
                "which": "Comptages et courbe de croissance dans des conditions optimales",
                "x": 747,
                "y": 302
            }
        },
        {
            "user_id": "jon",
            "session_id": "jon_1463132999355",
            "timestamp": 1463133009409,
            "sequence_id": 1,
            "section_id": "4",
            "activity_id": "1",
            "activity_kind": "curvestar",
            "data": {
                "kind": "Click",
                "what": "Curve_canvas",
                "which": "Comptages et courbe de croissance dans des conditions optimales",
                "x": 747,
                "y": 302
            }
        },
        {
            "user_id": "jon",
            "session_id": "jon_1463132999355",
            "timestamp": 1463133010617,
            "sequence_id": 1,
            "section_id": "4",
            "activity_id": "1",
            "activity_kind": "curvestar",
            "data": {
                "kind": "MousePressed",
                "what": "Curve_canvas",
                "which": "Comptages et courbe de croissance dans des conditions optimales",
                "x": 825,
                "y": 436
            }
        },
        {
            "user_id": "jon",
            "session_id": "jon_1463132999355",
            "timestamp": 1463133012140,
            "sequence_id": 1,
            "section_id": "4",
            "activity_id": "1",
            "activity_kind": "curvestar",
            "data": {
                "kind": "MouseReleased",
                "what": "Curve_canvas",
                "which": "Comptages et courbe de croissance dans des conditions optimales",
                "x": 841,
                "y": 174
            }
        },
        {
            "user_id": "jon",
            "session_id": "jon_1463132999355",
            "timestamp": 1463133012142,
            "sequence_id": 1,
            "section_id": "4",
            "activity_id": "1",
            "activity_kind": "curvestar",
            "data": {
                "kind": "Click",
                "what": "Curve_canvas",
                "which": "Comptages et courbe de croissance dans des conditions optimales",
                "x": 841,
                "y": 174
            }
        },
        {
            "user_id": "jon",
            "session_id": "jon_1463132999355",
            "timestamp": 1463133013131,
            "sequence_id": 1,
            "section_id": "4",
            "activity_id": "1",
            "activity_kind": "curvestar",
            "data": {
                "kind": "MousePressed",
                "what": "Curve_canvas",
                "which": "Comptages et courbe de croissance dans des conditions optimales",
                "x": 904,
                "y": 422
            }
        },
        {
            "user_id": "jon",
            "session_id": "jon_1463132999355",
            "timestamp": 1463133014485,
            "sequence_id": 1,
            "section_id": "4",
            "activity_id": "1",
            "activity_kind": "curvestar",
            "data": {
                "kind": "MouseReleased",
                "what": "Curve_canvas",
                "which": "Comptages et courbe de croissance dans des conditions optimales",
                "x": 912,
                "y": 227
            }
        },
        {
            "user_id": "jon",
            "session_id": "jon_1463132999355",
            "timestamp": 1463133014490,
            "sequence_id": 1,
            "section_id": "4",
            "activity_id": "1",
            "activity_kind": "curvestar",
            "data": {
                "kind": "Click",
                "what": "Curve_canvas",
                "which": "Comptages et courbe de croissance dans des conditions optimales",
                "x": 912,
                "y": 227
            }
        },
        {
            "user_id": "jon",
            "session_id": "jon_1463132999355",
            "timestamp": 1463133015387,
            "sequence_id": 1,
            "section_id": "4",
            "activity_id": "1",
            "activity_kind": "curvestar",
            "data": {
                "kind": "MousePressed",
                "what": "Curve_canvas",
                "which": "Comptages et courbe de croissance dans des conditions optimales",
                "x": 1010,
                "y": 424
            }
        },
        {
            "user_id": "jon",
            "session_id": "jon_1463132999355",
            "timestamp": 1463133015922,
            "sequence_id": 1,
            "section_id": "4",
            "activity_id": "1",
            "activity_kind": "curvestar",
            "data": {
                "kind": "MouseReleased",
                "what": "Curve_canvas",
                "which": "Comptages et courbe de croissance dans des conditions optimales",
                "x": 1010,
                "y": 246
            }
        },
        {
            "user_id": "jon",
            "session_id": "jon_1463132999355",
            "timestamp": 1463133015924,
            "sequence_id": 1,
            "section_id": "4",
            "activity_id": "1",
            "activity_kind": "curvestar",
            "data": {
                "kind": "Click",
                "what": "Curve_canvas",
                "which": "Comptages et courbe de croissance dans des conditions optimales",
                "x": 1010,
                "y": 246
            }
        },
        {
            "user_id": "jon",
            "session_id": "jon_1463132999355",
            "timestamp": 1463133016665,
            "sequence_id": 1,
            "section_id": "4",
            "activity_id": "1",
            "activity_kind": "curvestar",
            "data": {
                "kind": "MousePressed",
                "what": "Curve_canvas",
                "which": "Comptages et courbe de croissance dans des conditions optimales",
                "x": 996,
                "y": 433
            }
        },
        {
            "user_id": "jon",
            "session_id": "jon_1463132999355",
            "timestamp": 1463133017950,
            "sequence_id": 1,
            "section_id": "4",
            "activity_id": "1",
            "activity_kind": "curvestar",
            "data": {
                "kind": "MouseReleased",
                "what": "Curve_canvas",
                "which": "Comptages et courbe de croissance dans des conditions optimales",
                "x": 1006,
                "y": 236
            }
        },
        {
            "user_id": "jon",
            "session_id": "jon_1463132999355",
            "timestamp": 1463133017955,
            "sequence_id": 1,
            "section_id": "4",
            "activity_id": "1",
            "activity_kind": "curvestar",
            "data": {
                "kind": "Click",
                "what": "Curve_canvas",
                "which": "Comptages et courbe de croissance dans des conditions optimales",
                "x": 1006,
                "y": 236
            }
        },
        {
            "user_id": "jon",
            "session_id": "jon_1463132999355",
            "timestamp": 1463133018795,
            "sequence_id": 1,
            "section_id": "4",
            "activity_id": "1",
            "activity_kind": "curvestar",
            "data": {
                "kind": "MousePressed",
                "what": "statement_pane",
                "which": "Comptages et courbe de croissance dans des conditions optimales",
                "x": 1324,
                "y": 657
            }
        },
        {
            "user_id": "jon",
            "session_id": "jon_1463132999355",
            "timestamp": 1463133018811,
            "sequence_id": 1,
            "section_id": "4",
            "activity_id": "1",
            "activity_kind": "curvestar",
            "data": {
                "kind": "MouseReleased",
                "what": "statement_pane",
                "which": "Comptages et courbe de croissance dans des conditions optimales",
                "x": 1324,
                "y": 657
            }
        },
        {
            "user_id": "jon",
            "session_id": "jon_1463132999355",
            "timestamp": 1463133018817,
            "sequence_id": 1,
            "section_id": "4",
            "activity_id": "1",
            "activity_kind": "curvestar",
            "data": {
                "kind": "Click",
                "what": "statement_pane",
                "which": "Comptages et courbe de croissance dans des conditions optimales",
                "x": 1324,
                "y": 657
            }
        },
        {
            "user_id": "jon",
            "session_id": "jon_1463132999355",
            "timestamp": 1463133074604,
            "sequence_id": 1,
            "section_id": "4",
            "activity_id": "1",
            "activity_kind": "curvestar",
            "data": {
                "kind": "MousePressed",
                "what": "next_btn",
                "which": "Comptages et courbe de croissance dans des conditions optimales",
                "x": 1380,
                "y": 680
            }
        },
        {
            "user_id": "jon",
            "session_id": "jon_1463132999355",
            "timestamp": 1463133074677,
            "sequence_id": 1,
            "section_id": "4",
            "activity_id": "1",
            "activity_kind": "curvestar",
            "data": {
                "kind": "MouseReleased",
                "what": "next_btn",
                "which": "Comptages et courbe de croissance dans des conditions optimales",
                "x": 1380,
                "y": 680
            }
        },
        {
            "user_id": "jon",
            "session_id": "jon_1463132999355",
            "timestamp": 1463133074689,
            "sequence_id": 1,
            "section_id": "4",
            "activity_id": "1",
            "activity_kind": "curvestar",
            "data": {
                "kind": "Click",
                "what": "next_btn",
                "which": "Comptages et courbe de croissance dans des conditions optimales",
                "x": 1380,
                "y": 680
            }
        },
        {
            "user_id": "jon",
            "session_id": "jon_1463132999355",
            "timestamp": 1463133075506,
            "sequence_id": 1,
            "section_id": "4",
            "activity_id": "1",
            "activity_kind": "curvestar",
            "data": {
                "kind": "MousePressed",
                "what": "next_btn",
                "which": "Comptages et courbe de croissance dans des conditions optimales",
                "x": 1380,
                "y": 680
            }
        },
        {
            "user_id": "jon",
            "session_id": "jon_1463132999355",
            "timestamp": 1463133075578,
            "sequence_id": 1,
            "section_id": "4",
            "activity_id": "1",
            "activity_kind": "curvestar",
            "data": {
                "kind": "MouseReleased",
                "what": "next_btn",
                "which": "Comptages et courbe de croissance dans des conditions optimales",
                "x": 1380,
                "y": 680
            }
        },
        {
            "user_id": "jon",
            "session_id": "jon_1463132999355",
            "timestamp": 1463133075634,
            "sequence_id": 1,
            "section_id": "4",
            "activity_id": "1",
            "activity_kind": "dragdrop",
            "data": {
                "kind": "Click",
                "what": "next_btn",
                "which": "Comptages et courbe de croissance dans des conditions optimales",
                "x": 1380,
                "y": 680
            }
        },
        {
            "user_id": "jon",
            "session_id": "jon_1463132999355",
            "timestamp": 1463133077670,
            "sequence_id": 1,
            "section_id": "4",
            "activity_id": "2",
            "activity_kind": "dragdrop",
            "data": {
                "kind": "MousePressed",
                "what": "DD_sticker",
                "which": "58%",
                "x": 1388,
                "y": 286
            }
        },
        {
            "user_id": "jon",
            "session_id": "jon_1463132999355",
            "timestamp": 1463133078269,
            "sequence_id": 1,
            "section_id": "4",
            "activity_id": "2",
            "activity_kind": "dragdrop",
            "data": {
                "kind": "MouseReleased",
                "what": "DD_sticker",
                "which": "58%",
                "x": 1061,
                "y": 343
            }
        },
        {
            "user_id": "jon",
            "session_id": "jon_1463132999355",
            "timestamp": 1463133079590,
            "sequence_id": 1,
            "section_id": "4",
            "activity_id": "2",
            "activity_kind": "dragdrop",
            "data": {
                "kind": "MousePressed",
                "what": "DD_sticker",
                "which": "20%",
                "x": 1225,
                "y": 365
            }
        },
        {
            "user_id": "jon",
            "session_id": "jon_1463132999355",
            "timestamp": 1463133080640,
            "sequence_id": 1,
            "section_id": "4",
            "activity_id": "2",
            "activity_kind": "dragdrop",
            "data": {
                "kind": "MouseReleased",
                "what": "DD_sticker",
                "which": "20%",
                "x": 1047,
                "y": 580
            }
        },
        {
            "user_id": "jon",
            "session_id": "jon_1463132999355",
            "timestamp": 1463133081798,
            "sequence_id": 1,
            "section_id": "4",
            "activity_id": "2",
            "activity_kind": "dragdrop",
            "data": {
                "kind": "MousePressed",
                "what": "DD_sticker",
                "which": "22%",
                "x": 1296,
                "y": 269
            }
        },
        {
            "user_id": "jon",
            "session_id": "jon_1463132999355",
            "timestamp": 1463133082652,
            "sequence_id": 1,
            "section_id": "4",
            "activity_id": "2",
            "activity_kind": "dragdrop",
            "data": {
                "kind": "MouseReleased",
                "what": "DD_sticker",
                "which": "22%",
                "x": 614,
                "y": 441
            }
        },
        {
            "user_id": "jon",
            "session_id": "jon_1463132999355",
            "timestamp": 1463133084054,
            "sequence_id": 1,
            "section_id": "4",
            "activity_id": "2",
            "activity_kind": "dragdrop",
            "data": {
                "kind": "MousePressed",
                "what": "correct_btn",
                "which": "Proportions des phases dans le cycle cellulaire",
                "x": 1361,
                "y": 682
            }
        },
        {
            "user_id": "jon",
            "session_id": "jon_1463132999355",
            "timestamp": 1463133084074,
            "sequence_id": 1,
            "section_id": "4",
            "activity_id": "2",
            "activity_kind": "dragdrop",
            "data": {
                "kind": "MouseReleased",
                "what": "correct_btn",
                "which": "Proportions des phases dans le cycle cellulaire",
                "x": 1361,
                "y": 682
            }
        },
        {
            "user_id": "jon",
            "session_id": "jon_1463132999355",
            "timestamp": 1463133084078,
            "sequence_id": 1,
            "section_id": "4",
            "activity_id": "2",
            "activity_kind": "dragdrop",
            "data": {
                "kind": "Click",
                "what": "correct_btn",
                "which": "Proportions des phases dans le cycle cellulaire",
                "x": 1361,
                "y": 682
            }
        },
        {
            "user_id": "jon",
            "session_id": "jon_1463132999355",
            "timestamp": 1463133084762,
            "sequence_id": 1,
            "section_id": "4",
            "activity_id": "2",
            "activity_kind": "dragdrop",
            "data": {
                "kind": "MousePressed",
                "what": "next_btn",
                "which": "Proportions des phases dans le cycle cellulaire",
                "x": 1361,
                "y": 682
            }
        },
        {
            "user_id": "jon",
            "session_id": "jon_1463132999355",
            "timestamp": 1463133084870,
            "sequence_id": 1,
            "section_id": "4",
            "activity_id": "2",
            "activity_kind": "dragdrop",
            "data": {
                "kind": "MouseReleased",
                "what": "next_btn",
                "which": "Proportions des phases dans le cycle cellulaire",
                "x": 1361,
                "y": 682
            }
        },
        {
            "user_id": "jon",
            "session_id": "jon_1463132999355",
            "timestamp": 1463133084884,
            "sequence_id": 1,
            "section_id": "4",
            "activity_id": "2",
            "activity_kind": "dragdrop",
            "data": {
                "kind": "Click",
                "what": "next_btn",
                "which": "Proportions des phases dans le cycle cellulaire",
                "x": 1361,
                "y": 682
            }
        },
        {
            "user_id": "jon",
            "session_id": "jon_1463132999355",
            "timestamp": 1463133085492,
            "sequence_id": 1,
            "section_id": "4",
            "activity_id": "2",
            "activity_kind": "dragdrop",
            "data": {
                "kind": "MousePressed",
                "what": "next_btn",
                "which": "Proportions des phases dans le cycle cellulaire",
                "x": 1361,
                "y": 682
            }
        },
        {
            "user_id": "jon",
            "session_id": "jon_1463132999355",
            "timestamp": 1463133085583,
            "sequence_id": 1,
            "section_id": "4",
            "activity_id": "2",
            "activity_kind": "dragdrop",
            "data": {
                "kind": "MouseReleased",
                "what": "next_btn",
                "which": "Proportions des phases dans le cycle cellulaire",
                "x": 1361,
                "y": 682
            }
        },
        {
            "user_id": "jon",
            "session_id": "jon_1463132999355",
            "timestamp": 1463133085640,
            "sequence_id": 1,
            "section_id": "4",
            "activity_id": "2",
            "activity_kind": "dragdrop",
            "data": {
                "kind": "Click",
                "what": "next_btn",
                "which": "Proportions des phases dans le cycle cellulaire",
                "x": 1361,
                "y": 682
            }
        },
        {
            "user_id": "jon",
            "session_id": "jon_1463132999355",
            "timestamp": 1463133089193,
            "sequence_id": 1,
            "section_id": "4",
            "activity_id": "3",
            "activity_kind": "dragdrop",
            "data": {
                "kind": "MousePressed",
                "what": "DD_sticker",
                "which": "14h",
                "x": 1141,
                "y": 284
            }
        },
        {
            "user_id": "jon",
            "session_id": "jon_1463132999355",
            "timestamp": 1463133089724,
            "sequence_id": 1,
            "section_id": "4",
            "activity_id": "3",
            "activity_kind": "dragdrop",
            "data": {
                "kind": "MouseReleased",
                "what": "DD_sticker",
                "which": "14h",
                "x": 1001,
                "y": 320
            }
        },
        {
            "user_id": "jon",
            "session_id": "jon_1463132999355",
            "timestamp": 1463133090791,
            "sequence_id": 1,
            "section_id": "4",
            "activity_id": "3",
            "activity_kind": "dragdrop",
            "data": {
                "kind": "MousePressed",
                "what": "DD_sticker",
                "which": "4h45",
                "x": 1301,
                "y": 367
            }
        },
        {
            "user_id": "jon",
            "session_id": "jon_1463132999355",
            "timestamp": 1463133091755,
            "sequence_id": 1,
            "section_id": "4",
            "activity_id": "3",
            "activity_kind": "dragdrop",
            "data": {
                "kind": "MouseReleased",
                "what": "DD_sticker",
                "which": "4h45",
                "x": 595,
                "y": 537
            }
        },
        {
            "user_id": "jon",
            "session_id": "jon_1463132999355",
            "timestamp": 1463133093537,
            "sequence_id": 1,
            "section_id": "4",
            "activity_id": "3",
            "activity_kind": "dragdrop",
            "data": {
                "kind": "MousePressed",
                "what": "DD_sticker",
                "which": "4h45",
                "x": 1303,
                "y": 364
            }
        },
        {
            "user_id": "jon",
            "session_id": "jon_1463132999355",
            "timestamp": 1463133094249,
            "sequence_id": 1,
            "section_id": "4",
            "activity_id": "3",
            "activity_kind": "dragdrop",
            "data": {
                "kind": "MouseReleased",
                "what": "DD_sticker",
                "which": "4h45",
                "x": 584,
                "y": 304
            }
        },
        {
            "user_id": "jon",
            "session_id": "jon_1463132999355",
            "timestamp": 1463133095718,
            "sequence_id": 1,
            "section_id": "4",
            "activity_id": "3",
            "activity_kind": "dragdrop",
            "data": {
                "kind": "MousePressed",
                "what": "DD_sticker",
                "which": "0h30",
                "x": 1389,
                "y": 283
            }
        },
        {
            "user_id": "jon",
            "session_id": "jon_1463132999355",
            "timestamp": 1463133096742,
            "sequence_id": 1,
            "section_id": "4",
            "activity_id": "3",
            "activity_kind": "dragdrop",
            "data": {
                "kind": "MouseReleased",
                "what": "DD_sticker",
                "which": "0h30",
                "x": 753,
                "y": 158
            }
        },
        {
            "user_id": "jon",
            "session_id": "jon_1463132999355",
            "timestamp": 1463133099260,
            "sequence_id": 1,
            "section_id": "4",
            "activity_id": "3",
            "activity_kind": "dragdrop",
            "data": {
                "kind": "MousePressed",
                "what": "next_btn",
                "which": "Proportions et durée des phases dans le cycle cellulaire",
                "x": 1390,
                "y": 699
            }
        },
        {
            "user_id": "jon",
            "session_id": "jon_1463132999355",
            "timestamp": 1463133099326,
            "sequence_id": 1,
            "section_id": "4",
            "activity_id": "3",
            "activity_kind": "dragdrop",
            "data": {
                "kind": "MouseReleased",
                "what": "next_btn",
                "which": "Proportions et durée des phases dans le cycle cellulaire",
                "x": 1390,
                "y": 699
            }
        },
        {
            "user_id": "jon",
            "session_id": "jon_1463132999355",
            "timestamp": 1463133099336,
            "sequence_id": 1,
            "section_id": "4",
            "activity_id": "3",
            "activity_kind": "dragdrop",
            "data": {
                "kind": "Click",
                "what": "next_btn",
                "which": "Proportions et durée des phases dans le cycle cellulaire",
                "x": 1390,
                "y": 699
            }
        },
        {
            "user_id": "jon",
            "session_id": "jon_1463132999355",
            "timestamp": 1463133100750,
            "sequence_id": 1,
            "section_id": "4",
            "activity_id": "3",
            "activity_kind": "dragdrop",
            "data": {
                "kind": "MousePressed",
                "what": "next_btn",
                "which": "Proportions et durée des phases dans le cycle cellulaire",
                "x": 1390,
                "y": 699
            }
        },
        {
            "user_id": "jon",
            "session_id": "jon_1463132999355",
            "timestamp": 1463133100822,
            "sequence_id": 1,
            "section_id": "4",
            "activity_id": "3",
            "activity_kind": "dragdrop",
            "data": {
                "kind": "MouseReleased",
                "what": "next_btn",
                "which": "Proportions et durée des phases dans le cycle cellulaire",
                "x": 1390,
                "y": 699
            }
        },
        {
            "user_id": "jon",
            "session_id": "jon_1463132999355",
            "timestamp": 1463133100858,
            "sequence_id": 1,
            "section_id": "4",
            "activity_id": "3",
            "activity_kind": "transition",
            "data": {
                "kind": "Click",
                "what": "next_btn",
                "which": "Proportions et durée des phases dans le cycle cellulaire",
                "x": 1390,
                "y": 699
            }
        },
        {
            "user_id": "jon",
            "session_id": "jon_1463132999355",
            "timestamp": 1463133102091,
            "sequence_id": 1,
            "section_id": "5",
            "activity_id": "-1",
            "activity_kind": "synthesis",
            "data": {
                "kind": "Click",
                "what": "next_btn",
                "which": "synthesis",
                "x": 1390,
                "y": 699
            }
        },
        {
            "user_id": "jon",
            "session_id": "jon_1463132999355",
            "timestamp": 1463133103857,
            "sequence_id": 1,
            "section_id": "5",
            "activity_id": "0",
            "activity_kind": "synthesis",
            "data": {
                "kind": "Click",
                "what": "correct_btn",
                "which": "Synthèse",
                "x": 1390,
                "y": 699
            }
        },
        {
            "user_id": "jon",
            "session_id": "jon_1463132999355",
            "timestamp": 1463133104995,
            "sequence_id": 1,
            "section_id": "5",
            "activity_id": "0",
            "activity_kind": "synthesis",
            "data": {
                "kind": "Click",
                "what": "correct_btn",
                "which": "Synthèse",
                "x": 1390,
                "y": 699
            }
        },
        {
            "user_id": "jon",
            "session_id": "jon_1463132999355",
            "timestamp": 1463133105911,
            "sequence_id": 1,
            "section_id": "5",
            "activity_id": "0",
            "activity_kind": "synthesis",
            "data": {
                "kind": "Click",
                "what": "correct_btn",
                "which": "Synthèse",
                "x": 1390,
                "y": 699
            }
        },
        {
            "user_id": "jon",
            "session_id": "jon_1463132999355",
            "timestamp": 1463133106677,
            "sequence_id": 1,
            "section_id": "5",
            "activity_id": "0",
            "activity_kind": "synthesis",
            "data": {
                "kind": "Click",
                "what": "end_btn",
                "which": "Synthèse",
                "x": 1390,
                "y": 699
            }
        },
        {
            "user_id": "jon",
            "session_id": "jon_1463132999355",
            "timestamp": 1463133107415,
            "sequence_id": 1,
            "section_id": "5",
            "activity_id": "0",
            "activity_kind": "synthesis",
            "data": {
                "kind": "Click",
                "what": "end_btn",
                "which": "Synthèse",
                "x": 1390,
                "y": 699
            }
        }
    ]
}