{
    "events": [
        {
            "user_id": "onko3D",
            "session_id": "onko3D_1475861590325",
            "timestamp": 1475848759827,
            "sequence_id": 2,
            "section_id": "0",
            "activity_id": "-1",
            "activity_kind": "dragdrop",
            "data": {
                "kind": "Click",
                "what": "next_btn",
                "which": "requirements",
                "x": 1226,
                "y": 681
            }
        },
        {
            "user_id": "onko3D",
            "session_id": "onko3D_1475861590325",
            "timestamp": 1475848761250,
            "sequence_id": 2,
            "section_id": "0",
            "activity_id": "0",
            "activity_kind": "dragdrop",
            "data": {
                "kind": "MousePressed",
                "what": "correct_btn",
                "which": "Les checkpoints du cycle cellulaire",
                "x": 1235,
                "y": 680
            }
        },
        {
            "user_id": "onko3D",
            "session_id": "onko3D_1475861590325",
            "timestamp": 1475848761293,
            "sequence_id": 2,
            "section_id": "0",
            "activity_id": "0",
            "activity_kind": "dragdrop",
            "data": {
                "kind": "MouseReleased",
                "what": "correct_btn",
                "which": "Les checkpoints du cycle cellulaire",
                "x": 1235,
                "y": 680
            }
        },
        {
            "user_id": "onko3D",
            "session_id": "onko3D_1475861590325",
            "timestamp": 1475848761296,
            "sequence_id": 2,
            "section_id": "0",
            "activity_id": "0",
            "activity_kind": "dragdrop",
            "data": {
                "kind": "Click",
                "what": "correct_btn",
                "which": "Les checkpoints du cycle cellulaire",
                "x": 1235,
                "y": 680
            }
        },
        {
            "user_id": "onko3D",
            "session_id": "onko3D_1475861590325",
            "timestamp": 1475848761731,
            "sequence_id": 2,
            "section_id": "0",
            "activity_id": "0",
            "activity_kind": "dragdrop",
            "data": {
                "kind": "MousePressed",
                "what": "correct_btn",
                "which": "Les checkpoints du cycle cellulaire",
                "x": 1235,
                "y": 680
            }
        },
        {
            "user_id": "onko3D",
            "session_id": "onko3D_1475861590325",
            "timestamp": 1475848761788,
            "sequence_id": 2,
            "section_id": "0",
            "activity_id": "0",
            "activity_kind": "dragdrop",
            "data": {
                "kind": "MouseReleased",
                "what": "correct_btn",
                "which": "Les checkpoints du cycle cellulaire",
                "x": 1235,
                "y": 680
            }
        },
        {
            "user_id": "onko3D",
            "session_id": "onko3D_1475861590325",
            "timestamp": 1475848761791,
            "sequence_id": 2,
            "section_id": "0",
            "activity_id": "0",
            "activity_kind": "dragdrop",
            "data": {
                "kind": "Click",
                "what": "correct_btn",
                "which": "Les checkpoints du cycle cellulaire",
                "x": 1235,
                "y": 680
            }
        },
        {
            "user_id": "onko3D",
            "session_id": "onko3D_1475861590325",
            "timestamp": 1475848761889,
            "sequence_id": 2,
            "section_id": "0",
            "activity_id": "0",
            "activity_kind": "dragdrop",
            "data": {
                "kind": "MousePressed",
                "what": "correct_btn",
                "which": "Les checkpoints du cycle cellulaire",
                "x": 1235,
                "y": 680
            }
        },
        {
            "user_id": "onko3D",
            "session_id": "onko3D_1475861590325",
            "timestamp": 1475848761979,
            "sequence_id": 2,
            "section_id": "0",
            "activity_id": "0",
            "activity_kind": "dragdrop",
            "data": {
                "kind": "MouseReleased",
                "what": "correct_btn",
                "which": "Les checkpoints du cycle cellulaire",
                "x": 1235,
                "y": 680
            }
        },
        {
            "user_id": "onko3D",
            "session_id": "onko3D_1475861590325",
            "timestamp": 1475848761982,
            "sequence_id": 2,
            "section_id": "0",
            "activity_id": "0",
            "activity_kind": "dragdrop",
            "data": {
                "kind": "Click",
                "what": "correct_btn",
                "which": "Les checkpoints du cycle cellulaire",
                "x": 1235,
                "y": 680
            }
        },
        {
            "user_id": "onko3D",
            "session_id": "onko3D_1475861590325",
            "timestamp": 1475848762057,
            "sequence_id": 2,
            "section_id": "0",
            "activity_id": "0",
            "activity_kind": "dragdrop",
            "data": {
                "kind": "MousePressed",
                "what": "next_btn",
                "which": "Les checkpoints du cycle cellulaire",
                "x": 1235,
                "y": 680
            }
        },
        {
            "user_id": "onko3D",
            "session_id": "onko3D_1475861590325",
            "timestamp": 1475848762147,
            "sequence_id": 2,
            "section_id": "0",
            "activity_id": "0",
            "activity_kind": "dragdrop",
            "data": {
                "kind": "MouseReleased",
                "what": "next_btn",
                "which": "Les checkpoints du cycle cellulaire",
                "x": 1235,
                "y": 680
            }
        },
        {
            "user_id": "onko3D",
            "session_id": "onko3D_1475861590325",
            "timestamp": 1475848762150,
            "sequence_id": 2,
            "section_id": "0",
            "activity_id": "0",
            "activity_kind": "dragdrop",
            "data": {
                "kind": "Click",
                "what": "next_btn",
                "which": "Les checkpoints du cycle cellulaire",
                "x": 1235,
                "y": 680
            }
        },
        {
            "user_id": "onko3D",
            "session_id": "onko3D_1475861590325",
            "timestamp": 1475848762237,
            "sequence_id": 2,
            "section_id": "0",
            "activity_id": "0",
            "activity_kind": "dragdrop",
            "data": {
                "kind": "MousePressed",
                "what": "next_btn",
                "which": "Les checkpoints du cycle cellulaire",
                "x": 1235,
                "y": 680
            }
        },
        {
            "user_id": "onko3D",
            "session_id": "onko3D_1475861590325",
            "timestamp": 1475848762350,
            "sequence_id": 2,
            "section_id": "0",
            "activity_id": "0",
            "activity_kind": "dragdrop",
            "data": {
                "kind": "MouseReleased",
                "what": "next_btn",
                "which": "Les checkpoints du cycle cellulaire",
                "x": 1235,
                "y": 680
            }
        },
        {
            "user_id": "onko3D",
            "session_id": "onko3D_1475861590325",
            "timestamp": 1475848762355,
            "sequence_id": 2,
            "section_id": "0",
            "activity_id": "0",
            "activity_kind": "dragdrop",
            "data": {
                "kind": "Click",
                "what": "next_btn",
                "which": "Les checkpoints du cycle cellulaire",
                "x": 1235,
                "y": 680
            }
        },
        {
            "user_id": "onko3D",
            "session_id": "onko3D_1475861590325",
            "timestamp": 1475848763446,
            "sequence_id": 2,
            "section_id": "0",
            "activity_id": "1",
            "activity_kind": "dragdrop",
            "data": {
                "kind": "MousePressed",
                "what": "correct_btn",
                "which": "Contenu ADN dans les différentes phases",
                "x": 1230,
                "y": 684
            }
        },
        {
            "user_id": "onko3D",
            "session_id": "onko3D_1475861590325",
            "timestamp": 1475848763522,
            "sequence_id": 2,
            "section_id": "0",
            "activity_id": "1",
            "activity_kind": "dragdrop",
            "data": {
                "kind": "MouseReleased",
                "what": "correct_btn",
                "which": "Contenu ADN dans les différentes phases",
                "x": 1230,
                "y": 684
            }
        },
        {
            "user_id": "onko3D",
            "session_id": "onko3D_1475861590325",
            "timestamp": 1475848763523,
            "sequence_id": 2,
            "section_id": "0",
            "activity_id": "1",
            "activity_kind": "dragdrop",
            "data": {
                "kind": "Click",
                "what": "correct_btn",
                "which": "Contenu ADN dans les différentes phases",
                "x": 1230,
                "y": 684
            }
        },
        {
            "user_id": "onko3D",
            "session_id": "onko3D_1475861590325",
            "timestamp": 1475848763663,
            "sequence_id": 2,
            "section_id": "0",
            "activity_id": "1",
            "activity_kind": "dragdrop",
            "data": {
                "kind": "MousePressed",
                "what": "correct_btn",
                "which": "Contenu ADN dans les différentes phases",
                "x": 1230,
                "y": 684
            }
        },
        {
            "user_id": "onko3D",
            "session_id": "onko3D_1475861590325",
            "timestamp": 1475848763744,
            "sequence_id": 2,
            "section_id": "0",
            "activity_id": "1",
            "activity_kind": "dragdrop",
            "data": {
                "kind": "MouseReleased",
                "what": "correct_btn",
                "which": "Contenu ADN dans les différentes phases",
                "x": 1230,
                "y": 684
            }
        },
        {
            "user_id": "onko3D",
            "session_id": "onko3D_1475861590325",
            "timestamp": 1475848763747,
            "sequence_id": 2,
            "section_id": "0",
            "activity_id": "1",
            "activity_kind": "dragdrop",
            "data": {
                "kind": "Click",
                "what": "correct_btn",
                "which": "Contenu ADN dans les différentes phases",
                "x": 1230,
                "y": 684
            }
        },
        {
            "user_id": "onko3D",
            "session_id": "onko3D_1475861590325",
            "timestamp": 1475848763812,
            "sequence_id": 2,
            "section_id": "0",
            "activity_id": "1",
            "activity_kind": "dragdrop",
            "data": {
                "kind": "MousePressed",
                "what": "correct_btn",
                "which": "Contenu ADN dans les différentes phases",
                "x": 1230,
                "y": 684
            }
        },
        {
            "user_id": "onko3D",
            "session_id": "onko3D_1475861590325",
            "timestamp": 1475848763903,
            "sequence_id": 2,
            "section_id": "0",
            "activity_id": "1",
            "activity_kind": "dragdrop",
            "data": {
                "kind": "MouseReleased",
                "what": "correct_btn",
                "which": "Contenu ADN dans les différentes phases",
                "x": 1230,
                "y": 684
            }
        },
        {
            "user_id": "onko3D",
            "session_id": "onko3D_1475861590325",
            "timestamp": 1475848763906,
            "sequence_id": 2,
            "section_id": "0",
            "activity_id": "1",
            "activity_kind": "dragdrop",
            "data": {
                "kind": "Click",
                "what": "correct_btn",
                "which": "Contenu ADN dans les différentes phases",
                "x": 1230,
                "y": 684
            }
        },
        {
            "user_id": "onko3D",
            "session_id": "onko3D_1475861590325",
            "timestamp": 1475848763992,
            "sequence_id": 2,
            "section_id": "0",
            "activity_id": "1",
            "activity_kind": "dragdrop",
            "data": {
                "kind": "MousePressed",
                "what": "next_btn",
                "which": "Contenu ADN dans les différentes phases",
                "x": 1230,
                "y": 684
            }
        },
        {
            "user_id": "onko3D",
            "session_id": "onko3D_1475861590325",
            "timestamp": 1475848764082,
            "sequence_id": 2,
            "section_id": "0",
            "activity_id": "1",
            "activity_kind": "dragdrop",
            "data": {
                "kind": "MouseReleased",
                "what": "next_btn",
                "which": "Contenu ADN dans les différentes phases",
                "x": 1230,
                "y": 684
            }
        },
        {
            "user_id": "onko3D",
            "session_id": "onko3D_1475861590325",
            "timestamp": 1475848764086,
            "sequence_id": 2,
            "section_id": "0",
            "activity_id": "1",
            "activity_kind": "dragdrop",
            "data": {
                "kind": "Click",
                "what": "next_btn",
                "which": "Contenu ADN dans les différentes phases",
                "x": 1230,
                "y": 684
            }
        },
        {
            "user_id": "onko3D",
            "session_id": "onko3D_1475861590325",
            "timestamp": 1475848764960,
            "sequence_id": 2,
            "section_id": "0",
            "activity_id": "1",
            "activity_kind": "dragdrop",
            "data": {
                "kind": "MousePressed",
                "what": "next_btn",
                "which": "Contenu ADN dans les différentes phases",
                "x": 1230,
                "y": 684
            }
        },
        {
            "user_id": "onko3D",
            "session_id": "onko3D_1475861590325",
            "timestamp": 1475848765027,
            "sequence_id": 2,
            "section_id": "0",
            "activity_id": "1",
            "activity_kind": "dragdrop",
            "data": {
                "kind": "MouseReleased",
                "what": "next_btn",
                "which": "Contenu ADN dans les différentes phases",
                "x": 1230,
                "y": 684
            }
        },
        {
            "user_id": "onko3D",
            "session_id": "onko3D_1475861590325",
            "timestamp": 1475848765033,
            "sequence_id": 2,
            "section_id": "0",
            "activity_id": "1",
            "activity_kind": "transition",
            "data": {
                "kind": "Click",
                "what": "next_btn",
                "which": "Contenu ADN dans les différentes phases",
                "x": 1230,
                "y": 684
            }
        },
        {
            "user_id": "onko3D",
            "session_id": "onko3D_1475861590325",
            "timestamp": 1475848766344,
            "sequence_id": 2,
            "section_id": "1",
            "activity_id": "-1",
            "activity_kind": "dragdrop",
            "data": {
                "kind": "Click",
                "what": "next_btn",
                "which": "hypothesis",
                "x": 1226,
                "y": 686
            }
        },
        {
            "user_id": "onko3D",
            "session_id": "onko3D_1475861590325",
            "timestamp": 1475848777694,
            "sequence_id": 2,
            "section_id": "1",
            "activity_id": "0",
            "activity_kind": "dragdrop",
            "data": {
                "kind": "MousePressed",
                "what": "next_btn",
                "which": "Checkpoint influencé par la privation en facteurs de croissance",
                "x": 1536,
                "y": 696
            }
        },
        {
            "user_id": "onko3D",
            "session_id": "onko3D_1475861590325",
            "timestamp": 1475848777773,
            "sequence_id": 2,
            "section_id": "1",
            "activity_id": "0",
            "activity_kind": "dragdrop",
            "data": {
                "kind": "MouseReleased",
                "what": "next_btn",
                "which": "Checkpoint influencé par la privation en facteurs de croissance",
                "x": 1536,
                "y": 696
            }
        },
        {
            "user_id": "onko3D",
            "session_id": "onko3D_1475861590325",
            "timestamp": 1475848777778,
            "sequence_id": 2,
            "section_id": "1",
            "activity_id": "0",
            "activity_kind": "dragdrop",
            "data": {
                "kind": "Click",
                "what": "next_btn",
                "which": "Checkpoint influencé par la privation en facteurs de croissance",
                "x": 1536,
                "y": 696
            }
        },
        {
            "user_id": "onko3D",
            "session_id": "onko3D_1475861590325",
            "timestamp": 1475848778178,
            "sequence_id": 2,
            "section_id": "1",
            "activity_id": "0",
            "activity_kind": "dragdrop",
            "data": {
                "kind": "MousePressed",
                "what": "next_btn",
                "which": "Checkpoint influencé par la privation en facteurs de croissance",
                "x": 1536,
                "y": 696
            }
        },
        {
            "user_id": "onko3D",
            "session_id": "onko3D_1475861590325",
            "timestamp": 1475848778256,
            "sequence_id": 2,
            "section_id": "1",
            "activity_id": "0",
            "activity_kind": "dragdrop",
            "data": {
                "kind": "MouseReleased",
                "what": "next_btn",
                "which": "Checkpoint influencé par la privation en facteurs de croissance",
                "x": 1536,
                "y": 696
            }
        },
        {
            "user_id": "onko3D",
            "session_id": "onko3D_1475861590325",
            "timestamp": 1475848778261,
            "sequence_id": 2,
            "section_id": "1",
            "activity_id": "0",
            "activity_kind": "curvetest",
            "data": {
                "kind": "Click",
                "what": "next_btn",
                "which": "Checkpoint influencé par la privation en facteurs de croissance",
                "x": 1536,
                "y": 696
            }
        },
        {
            "user_id": "onko3D",
            "session_id": "onko3D_1475861590325",
            "timestamp": 1475848780049,
            "sequence_id": 2,
            "section_id": "1",
            "activity_id": "1",
            "activity_kind": "curvetest",
            "data": {
                "kind": "Click",
                "what": "next_btn",
                "which": "Evolution du nombre de cellules",
                "x": 1536,
                "y": 696
            }
        },
        {
            "user_id": "onko3D",
            "session_id": "onko3D_1475861590325",
            "timestamp": 1475848780603,
            "sequence_id": 2,
            "section_id": "1",
            "activity_id": "1",
            "activity_kind": "transition",
            "data": {
                "kind": "Click",
                "what": "next_btn",
                "which": "Evolution du nombre de cellules",
                "x": 1536,
                "y": 696
            }
        },
        {
            "user_id": "onko3D",
            "session_id": "onko3D_1475861590325",
            "timestamp": 1475848781674,
            "sequence_id": 2,
            "section_id": "2",
            "activity_id": "-1",
            "activity_kind": "planif",
            "data": {
                "kind": "Click",
                "what": "next_btn",
                "which": "protocol",
                "x": 1558,
                "y": 704
            }
        },
        {
            "user_id": "onko3D",
            "session_id": "onko3D_1475861590325",
            "timestamp": 1475848790286,
            "sequence_id": 2,
            "section_id": "2",
            "activity_id": "0",
            "activity_kind": "planif",
            "data": {
                "kind": "Click",
                "what": "modif_milieu",
                "which": "Planification du protocole expérimental",
                "x": 1324,
                "y": 449
            }
        },
        {
            "user_id": "onko3D",
            "session_id": "onko3D_1475861590325",
            "timestamp": 1475848792707,
            "sequence_id": 2,
            "section_id": "2",
            "activity_id": "0",
            "activity_kind": "planif",
            "data": {
                "kind": "Click",
                "what": "modif_milieu",
                "which": "Planification du protocole expérimental",
                "x": 1355,
                "y": 456
            }
        },
        {
            "user_id": "onko3D",
            "session_id": "onko3D_1475861590325",
            "timestamp": 1475848794474,
            "sequence_id": 2,
            "section_id": "2",
            "activity_id": "0",
            "activity_kind": "planif",
            "data": {
                "kind": "Click",
                "what": "modif_milieu",
                "which": "Planification du protocole expérimental",
                "x": 1341,
                "y": 455
            }
        },
        {
            "user_id": "onko3D",
            "session_id": "onko3D_1475861590325",
            "timestamp": 1475848794737,
            "sequence_id": 2,
            "section_id": "2",
            "activity_id": "0",
            "activity_kind": "planif",
            "data": {
                "kind": "Click",
                "what": "add_event_culture",
                "which": "Planification du protocole expérimental",
                "x": 1408,
                "y": 458
            }
        },
        {
            "user_id": "onko3D",
            "session_id": "onko3D_1475861590325",
            "timestamp": 1475848800912,
            "sequence_id": 2,
            "section_id": "2",
            "activity_id": "0",
            "activity_kind": "planif",
            "data": {
                "kind": "Click",
                "what": "check_temoin",
                "which": "Planification du protocole expérimental",
                "x": 1271,
                "y": 557
            }
        },
        {
            "user_id": "onko3D",
            "session_id": "onko3D_1475861590325",
            "timestamp": 1475848801493,
            "sequence_id": 2,
            "section_id": "2",
            "activity_id": "0",
            "activity_kind": "planif",
            "data": {
                "kind": "Click",
                "what": "check_temoin",
                "which": "Planification du protocole expérimental",
                "x": 1265,
                "y": 557
            }
        },
        {
            "user_id": "onko3D",
            "session_id": "onko3D_1475861590325",
            "timestamp": 1475848802286,
            "sequence_id": 2,
            "section_id": "2",
            "activity_id": "0",
            "activity_kind": "planif",
            "data": {
                "kind": "Click",
                "what": "check_temoin",
                "which": "Planification du protocole expérimental",
                "x": 1270,
                "y": 557
            }
        },
        {
            "user_id": "onko3D",
            "session_id": "onko3D_1475861590325",
            "timestamp": 1475848808341,
            "sequence_id": 2,
            "section_id": "2",
            "activity_id": "0",
            "activity_kind": "planif",
            "data": {
                "kind": "Click",
                "what": "up_btn_facs",
                "which": "Planification du protocole expérimental",
                "x": 1555,
                "y": 387
            }
        },
        {
            "user_id": "onko3D",
            "session_id": "onko3D_1475861590325",
            "timestamp": 1475848809691,
            "sequence_id": 2,
            "section_id": "2",
            "activity_id": "0",
            "activity_kind": "planif",
            "data": {
                "kind": "Click",
                "what": "down_btn_facs",
                "which": "Planification du protocole expérimental",
                "x": 1558,
                "y": 398
            }
        },
        {
            "user_id": "onko3D",
            "session_id": "onko3D_1475861590325",
            "timestamp": 1475848810636,
            "sequence_id": 2,
            "section_id": "2",
            "activity_id": "0",
            "activity_kind": "planif",
            "data": {
                "kind": "Click",
                "what": "up_btn_facs",
                "which": "Planification du protocole expérimental",
                "x": 1560,
                "y": 381
            }
        },
        {
            "user_id": "onko3D",
            "session_id": "onko3D_1475861590325",
            "timestamp": 1475848813887,
            "sequence_id": 2,
            "section_id": "2",
            "activity_id": "0",
            "activity_kind": "planif",
            "data": {
                "kind": "Click",
                "what": "down_btn_end",
                "which": "Planification du protocole expérimental",
                "x": 1558,
                "y": 368
            }
        },
        {
            "user_id": "onko3D",
            "session_id": "onko3D_1475861590325",
            "timestamp": 1475848814336,
            "sequence_id": 2,
            "section_id": "2",
            "activity_id": "0",
            "activity_kind": "planif",
            "data": {
                "kind": "Click",
                "what": "down_btn_end",
                "which": "Planification du protocole expérimental",
                "x": 1558,
                "y": 368
            }
        },
        {
            "user_id": "onko3D",
            "session_id": "onko3D_1475861590325",
            "timestamp": 1475848815315,
            "sequence_id": 2,
            "section_id": "2",
            "activity_id": "0",
            "activity_kind": "planif",
            "data": {
                "kind": "Click",
                "what": "down_btn_end",
                "which": "Planification du protocole expérimental",
                "x": 1559,
                "y": 369
            }
        },
        {
            "user_id": "onko3D",
            "session_id": "onko3D_1475861590325",
            "timestamp": 1475848815483,
            "sequence_id": 2,
            "section_id": "2",
            "activity_id": "0",
            "activity_kind": "planif",
            "data": {
                "kind": "Click",
                "what": "down_btn_end",
                "which": "Planification du protocole expérimental",
                "x": 1559,
                "y": 369
            }
        },
        {
            "user_id": "onko3D",
            "session_id": "onko3D_1475861590325",
            "timestamp": 1475848816250,
            "sequence_id": 2,
            "section_id": "2",
            "activity_id": "0",
            "activity_kind": "planif",
            "data": {
                "kind": "Click",
                "what": "down_btn_end",
                "which": "Planification du protocole expérimental",
                "x": 1559,
                "y": 369
            }
        },
        {
            "user_id": "onko3D",
            "session_id": "onko3D_1475861590325",
            "timestamp": 1475848816709,
            "sequence_id": 2,
            "section_id": "2",
            "activity_id": "0",
            "activity_kind": "planif",
            "data": {
                "kind": "Click",
                "what": "down_btn_end",
                "which": "Planification du protocole expérimental",
                "x": 1559,
                "y": 369
            }
        },
        {
            "user_id": "onko3D",
            "session_id": "onko3D_1475861590325",
            "timestamp": 1475848817024,
            "sequence_id": 2,
            "section_id": "2",
            "activity_id": "0",
            "activity_kind": "planif",
            "data": {
                "kind": "Click",
                "what": "down_btn_end",
                "which": "Planification du protocole expérimental",
                "x": 1559,
                "y": 369
            }
        },
        {
            "user_id": "onko3D",
            "session_id": "onko3D_1475861590325",
            "timestamp": 1475848817924,
            "sequence_id": 2,
            "section_id": "2",
            "activity_id": "0",
            "activity_kind": "planif",
            "data": {
                "kind": "Click",
                "what": "up_btn_end",
                "which": "Planification du protocole expérimental",
                "x": 1558,
                "y": 356
            }
        },
        {
            "user_id": "onko3D",
            "session_id": "onko3D_1475861590325",
            "timestamp": 1475848820399,
            "sequence_id": 2,
            "section_id": "2",
            "activity_id": "0",
            "activity_kind": "planif",
            "data": {
                "kind": "Click",
                "what": "down_btn_ensemencement",
                "which": "Planification du protocole expérimental",
                "x": 1560,
                "y": 337
            }
        },
        {
            "user_id": "onko3D",
            "session_id": "onko3D_1475861590325",
            "timestamp": 1475848821062,
            "sequence_id": 2,
            "section_id": "2",
            "activity_id": "0",
            "activity_kind": "planif",
            "data": {
                "kind": "Click",
                "what": "down_btn_ensemencement",
                "which": "Planification du protocole expérimental",
                "x": 1560,
                "y": 337
            }
        },
        {
            "user_id": "onko3D",
            "session_id": "onko3D_1475861590325",
            "timestamp": 1475848821558,
            "sequence_id": 2,
            "section_id": "2",
            "activity_id": "0",
            "activity_kind": "planif",
            "data": {
                "kind": "Click",
                "what": "up_btn_ensemencement",
                "which": "Planification du protocole expérimental",
                "x": 1560,
                "y": 327
            }
        },
        {
            "user_id": "onko3D",
            "session_id": "onko3D_1475861590325",
            "timestamp": 1475848822312,
            "sequence_id": 2,
            "section_id": "2",
            "activity_id": "0",
            "activity_kind": "planif",
            "data": {
                "kind": "Click",
                "what": "up_btn_ensemencement",
                "which": "Planification du protocole expérimental",
                "x": 1561,
                "y": 328
            }
        },
        {
            "user_id": "onko3D",
            "session_id": "onko3D_1475861590325",
            "timestamp": 1475848834188,
            "sequence_id": 2,
            "section_id": 2,
            "activity_id": -1,
            "activity_kind": "planif",
            "data": {
                "kind": "Click",
                "what": "outer_pane",
                "which": "body",
                "x": 1534,
                "y": 846
            }
        }
    ]
}