{
    "inputs": [
        {
            "user_id": "mlscjgh",
            "session_id": "qsgqsg_1464606398506",
            "timestamp": 1464606359489,
            "sequence_id": 2,
            "section_id": 0,
            "activity_id": 0,
            "activity_kind": "dragdrop",
            "data": {
                "kind": "Input",
                "user_input": [
                    {
                        "slot": 0,
                        "stickers": []
                    },
                    {
                        "slot": 1,
                        "stickers": []
                    },
                    {
                        "slot": 2,
                        "stickers": []
                    },
                    {
                        "slot": 3,
                        "stickers": []
                    },
                    {
                        "slot": 4,
                        "stickers": []
                    },
                    {
                        "slot": 5,
                        "stickers": []
                    },
                    {
                        "slot": 6,
                        "stickers": []
                    },
                    {
                        "slot": 7,
                        "stickers": []
                    }
                ]
            }
        },
        {
            "user_id": "mlscjgh",
            "session_id": "qsgqsg_1464606398506",
            "timestamp": 1464606359814,
            "sequence_id": 2,
            "section_id": 0,
            "activity_id": 0,
            "activity_kind": "dragdrop",
            "data": {
                "kind": "Input",
                "user_input": [
                    {
                        "slot": 0,
                        "stickers": []
                    },
                    {
                        "slot": 1,
                        "stickers": []
                    },
                    {
                        "slot": 2,
                        "stickers": []
                    },
                    {
                        "slot": 3,
                        "stickers": []
                    },
                    {
                        "slot": 4,
                        "stickers": []
                    },
                    {
                        "slot": 5,
                        "stickers": []
                    },
                    {
                        "slot": 6,
                        "stickers": []
                    },
                    {
                        "slot": 7,
                        "stickers": []
                    }
                ]
            }
        },
        {
            "user_id": "mlscjgh",
            "session_id": "qsgqsg_1464606398506",
            "timestamp": 1464606360098,
            "sequence_id": 2,
            "section_id": 0,
            "activity_id": 0,
            "activity_kind": "dragdrop",
            "data": {
                "kind": "Input",
                "user_input": [
                    {
                        "slot": 0,
                        "stickers": []
                    },
                    {
                        "slot": 1,
                        "stickers": []
                    },
                    {
                        "slot": 2,
                        "stickers": []
                    },
                    {
                        "slot": 3,
                        "stickers": []
                    },
                    {
                        "slot": 4,
                        "stickers": []
                    },
                    {
                        "slot": 5,
                        "stickers": []
                    },
                    {
                        "slot": 6,
                        "stickers": []
                    },
                    {
                        "slot": 7,
                        "stickers": []
                    }
                ]
            }
        },
        {
            "user_id": "mlscjgh",
            "session_id": "qsgqsg_1464606398506",
            "timestamp": 1464606362092,
            "sequence_id": 2,
            "section_id": 0,
            "activity_id": 1,
            "activity_kind": "dragdrop",
            "data": {
                "kind": "Input",
                "user_input": [
                    {
                        "slot": 0,
                        "stickers": []
                    },
                    {
                        "slot": 1,
                        "stickers": []
                    },
                    {
                        "slot": 2,
                        "stickers": []
                    }
                ]
            }
        },
        {
            "user_id": "mlscjgh",
            "session_id": "qsgqsg_1464606398506",
            "timestamp": 1464606362637,
            "sequence_id": 2,
            "section_id": 0,
            "activity_id": 1,
            "activity_kind": "dragdrop",
            "data": {
                "kind": "Input",
                "user_input": [
                    {
                        "slot": 0,
                        "stickers": []
                    },
                    {
                        "slot": 1,
                        "stickers": []
                    },
                    {
                        "slot": 2,
                        "stickers": []
                    }
                ]
            }
        },
        {
            "user_id": "mlscjgh",
            "session_id": "qsgqsg_1464606398506",
            "timestamp": 1464606362958,
            "sequence_id": 2,
            "section_id": 0,
            "activity_id": 1,
            "activity_kind": "dragdrop",
            "data": {
                "kind": "Input",
                "user_input": [
                    {
                        "slot": 0,
                        "stickers": []
                    },
                    {
                        "slot": 1,
                        "stickers": []
                    },
                    {
                        "slot": 2,
                        "stickers": []
                    }
                ]
            }
        },
        {
            "user_id": "mlscjgh",
            "session_id": "qsgqsg_1464606398506",
            "timestamp": 1464606366147,
            "sequence_id": 2,
            "section_id": 1,
            "activity_id": 0,
            "activity_kind": "dragdrop",
            "data": {
                "kind": "Input",
                "user_input": [
                    {
                        "slot": 0,
                        "stickers": []
                    },
                    {
                        "slot": 1,
                        "stickers": []
                    },
                    {
                        "slot": 2,
                        "stickers": []
                    },
                    {
                        "slot": 3,
                        "stickers": []
                    }
                ]
            }
        },
        {
            "user_id": "mlscjgh",
            "session_id": "qsgqsg_1464606398506",
            "timestamp": 1464606367958,
            "sequence_id": 2,
            "section_id": 1,
            "activity_id": 1,
            "activity_kind": "curvetest",
            "data": {
                "kind": "Input",
                "user_input": [
                    0.29743589743589743,
                    0.29743589743589743,
                    0.29743589743589743,
                    0.29743589743589743,
                    0.29743589743589743,
                    0.29743589743589743,
                    0.29743589743589743
                ]
            }
        }
    ]
}