{
    "inputs": [
        {
            "user_id": "rm",
            "session_id": "rm_1467295588843",
            "timestamp": 1467295591696,
            "sequence_id": 2,
            "section_id": 0,
            "activity_id": 0,
            "activity_kind": "dragdrop",
            "data": {
                "kind": "Input",
                "user_input": [
                    {
                        "slot": 0,
                        "stickers": [
                            "0"
                        ]
                    },
                    {
                        "slot": 1,
                        "stickers": [
                            "1"
                        ]
                    },
                    {
                        "slot": 2,
                        "stickers": [
                            "1"
                        ]
                    },
                    {
                        "slot": 3,
                        "stickers": [
                            "6"
                        ]
                    },
                    {
                        "slot": 4,
                        "stickers": [
                            "0"
                        ]
                    },
                    {
                        "slot": 5,
                        "stickers": [
                            "0"
                        ]
                    },
                    {
                        "slot": 6,
                        "stickers": [
                            "3"
                        ]
                    },
                    {
                        "slot": 7,
                        "stickers": [
                            "1"
                        ]
                    }
                ]
            }
        },
        {
            "user_id": "rm",
            "session_id": "rm_1467295588843",
            "timestamp": 1467295592840,
            "sequence_id": 2,
            "section_id": 0,
            "activity_id": 0,
            "activity_kind": "dragdrop",
            "data": {
                "kind": "Input",
                "user_input": [
                    {
                        "slot": 0,
                        "stickers": [
                            "0"
                        ]
                    },
                    {
                        "slot": 1,
                        "stickers": [
                            "1"
                        ]
                    },
                    {
                        "slot": 2,
                        "stickers": [
                            "1"
                        ]
                    },
                    {
                        "slot": 3,
                        "stickers": [
                            "6"
                        ]
                    },
                    {
                        "slot": 4,
                        "stickers": [
                            "0"
                        ]
                    },
                    {
                        "slot": 5,
                        "stickers": [
                            "0"
                        ]
                    },
                    {
                        "slot": 6,
                        "stickers": [
                            "3"
                        ]
                    },
                    {
                        "slot": 7,
                        "stickers": [
                            "1"
                        ]
                    }
                ]
            }
        },
        {
            "user_id": "rm",
            "session_id": "rm_1467295588843",
            "timestamp": 1467295593448,
            "sequence_id": 2,
            "section_id": 0,
            "activity_id": 0,
            "activity_kind": "dragdrop",
            "data": {
                "kind": "Input",
                "user_input": [
                    {
                        "slot": 0,
                        "stickers": [
                            "0"
                        ]
                    },
                    {
                        "slot": 1,
                        "stickers": [
                            "1"
                        ]
                    },
                    {
                        "slot": 2,
                        "stickers": [
                            "1"
                        ]
                    },
                    {
                        "slot": 3,
                        "stickers": [
                            "6"
                        ]
                    },
                    {
                        "slot": 4,
                        "stickers": [
                            "0"
                        ]
                    },
                    {
                        "slot": 5,
                        "stickers": [
                            "0"
                        ]
                    },
                    {
                        "slot": 6,
                        "stickers": [
                            "3"
                        ]
                    },
                    {
                        "slot": 7,
                        "stickers": [
                            "1"
                        ]
                    }
                ]
            }
        },
        {
            "user_id": "rm",
            "session_id": "rm_1467295588843",
            "timestamp": 1467295651685,
            "sequence_id": 2,
            "section_id": 0,
            "activity_id": 1,
            "activity_kind": "dragdrop",
            "data": {
                "kind": "Input",
                "user_input": [
                    {
                        "slot": 0,
                        "stickers": [
                            "3",
                            "0"
                        ]
                    },
                    {
                        "slot": 1,
                        "stickers": [
                            "1"
                        ]
                    },
                    {
                        "slot": 2,
                        "stickers": [
                            "2"
                        ]
                    }
                ]
            }
        },
        {
            "user_id": "rm",
            "session_id": "rm_1467295588843",
            "timestamp": 1467295655709,
            "sequence_id": 2,
            "section_id": 0,
            "activity_id": 1,
            "activity_kind": "dragdrop",
            "data": {
                "kind": "Input",
                "user_input": [
                    {
                        "slot": 0,
                        "stickers": [
                            "3",
                            "0"
                        ]
                    },
                    {
                        "slot": 1,
                        "stickers": []
                    },
                    {
                        "slot": 2,
                        "stickers": [
                            "2",
                            "1"
                        ]
                    }
                ]
            }
        },
        {
            "user_id": "rm",
            "session_id": "rm_1467295588843",
            "timestamp": 1467295664156,
            "sequence_id": 2,
            "section_id": 0,
            "activity_id": 1,
            "activity_kind": "dragdrop",
            "data": {
                "kind": "Input",
                "user_input": [
                    {
                        "slot": 0,
                        "stickers": [
                            "3",
                            "0"
                        ]
                    },
                    {
                        "slot": 1,
                        "stickers": [
                            "3"
                        ]
                    },
                    {
                        "slot": 2,
                        "stickers": [
                            "2",
                            "1"
                        ]
                    }
                ]
            }
        },
        {
            "user_id": "rm",
            "session_id": "rm_1467295588843",
            "timestamp": 1467295721199,
            "sequence_id": 2,
            "section_id": 1,
            "activity_id": 0,
            "activity_kind": "dragdrop",
            "data": {
                "kind": "Input",
                "user_input": [
                    {
                        "slot": 0,
                        "stickers": []
                    },
                    {
                        "slot": 1,
                        "stickers": []
                    },
                    {
                        "slot": 2,
                        "stickers": [
                            "0"
                        ]
                    },
                    {
                        "slot": 3,
                        "stickers": []
                    }
                ]
            }
        },
        {
            "user_id": "rm",
            "session_id": "rm_1467295588843",
            "timestamp": 1467295802488,
            "sequence_id": 2,
            "section_id": 1,
            "activity_id": 1,
            "activity_kind": "curvetest",
            "data": {
                "kind": "Input",
                "user_input": [
                    0.29743589743589743,
                    0.40512820512820513,
                    0.5025641025641026,
                    0.5923076923076923,
                    0.6974358974358974,
                    0.7948717948717948,
                    0.8948717948717949
                ]
            }
        },
        {
            "user_id": "rm",
            "session_id": "rm_1467295588843",
            "timestamp": 1467295920496,
            "sequence_id": 2,
            "section_id": 2,
            "activity_id": 0,
            "activity_kind": "planif",
            "data": {
                "kind": "Input",
                "user_input": {
                    "protocol": [
                        "-36",
                        "132",
                        "24"
                    ],
                    "temoincheck": false,
                    "culture": [
                        {
                            "condition": "- sérum",
                            "time": "0"
                        },
                        {
                            "condition": "- glucose",
                            "time": "0"
                        }
                    ],
                    "temoin": []
                }
            }
        },
        {
            "user_id": "rm",
            "session_id": "rm_1467295588843",
            "timestamp": 1467296054699,
            "sequence_id": 2,
            "section_id": 2,
            "activity_id": 0,
            "activity_kind": "planif",
            "data": {
                "kind": "Input",
                "user_input": {
                    "protocol": [
                        "-36",
                        "72",
                        "12"
                    ],
                    "temoincheck": true,
                    "culture": [
                        {
                            "condition": "- sérum",
                            "time": "12"
                        },
                        {
                            "condition": "- sérum",
                            "time": "12"
                        },
                        {
                            "condition": "- sérum",
                            "time": "0"
                        }
                    ],
                    "temoin": []
                }
            }
        },
        {
            "user_id": "rm",
            "session_id": "rm_1467295588843",
            "timestamp": 1467296082777,
            "sequence_id": 2,
            "section_id": 2,
            "activity_id": 0,
            "activity_kind": "planif",
            "data": {
                "kind": "Input",
                "user_input": {
                    "protocol": [
                        "-36",
                        "72",
                        "12"
                    ],
                    "temoincheck": true,
                    "culture": [
                        {
                            "condition": "- sérum",
                            "time": "12"
                        },
                        {
                            "condition": "- sérum",
                            "time": "12"
                        },
                        {
                            "condition": "- sérum",
                            "time": "0"
                        }
                    ],
                    "temoin": [
                        {
                            "condition": "+ sérum",
                            "time": "12"
                        },
                        {
                            "condition": "+ sérum",
                            "time": "12"
                        },
                        {
                            "condition": "+ sérum",
                            "time": "12"
                        }
                    ]
                }
            }
        },
        {
            "user_id": "rm",
            "session_id": "rm_1467295588843",
            "timestamp": 1467296240059,
            "sequence_id": 2,
            "section_id": 2,
            "activity_id": 1,
            "activity_kind": "dragdrop",
            "data": {
                "kind": "Input",
                "user_input": [
                    {
                        "slot": 0,
                        "stickers": [
                            "2"
                        ]
                    }
                ]
            }
        },
        {
            "user_id": "rm",
            "session_id": "rm_1467295588843",
            "timestamp": 1467296247323,
            "sequence_id": 2,
            "section_id": 2,
            "activity_id": 1,
            "activity_kind": "dragdrop",
            "data": {
                "kind": "Input",
                "user_input": [
                    {
                        "slot": 0,
                        "stickers": [
                            "1"
                        ]
                    }
                ]
            }
        },
        {
            "user_id": "rm",
            "session_id": "rm_1467295588843",
            "timestamp": 1467296286881,
            "sequence_id": 2,
            "section_id": 2,
            "activity_id": 1,
            "activity_kind": "dragdrop",
            "data": {
                "kind": "Input",
                "user_input": [
                    {
                        "slot": 0,
                        "stickers": [
                            "3"
                        ]
                    }
                ]
            }
        },
        {
            "user_id": "rm",
            "session_id": "rm_1467295588843",
            "timestamp": 1467296344846,
            "sequence_id": 2,
            "section_id": 2,
            "activity_id": 5,
            "activity_kind": "doublepipette",
            "data": {
                "kind": "Input",
                "user_input": [
                    0,
                    0,
                    0,
                    0,
                    0,
                    0
                ]
            }
        },
        {
            "user_id": "rm",
            "session_id": "rm_1467295588843",
            "timestamp": 1467297012822,
            "sequence_id": 2,
            "section_id": 2,
            "activity_id": 5,
            "activity_kind": "doublepipette",
            "data": {
                "kind": "Input",
                "user_input": [
                    5.905,
                    0.055038103302286194,
                    35.43,
                    1.43,
                    1,
                    10.01
                ]
            }
        },
        {
            "user_id": "rm",
            "session_id": "rm_1467295588843",
            "timestamp": 1467297014286,
            "sequence_id": 2,
            "section_id": 2,
            "activity_id": 5,
            "activity_kind": "doublepipette",
            "data": {
                "kind": "Input",
                "user_input": [
                    5.905,
                    0.055038103302286194,
                    35.43,
                    1.43,
                    1,
                    10.01
                ]
            }
        },
        {
            "user_id": "rm",
            "session_id": "rm_1467295588843",
            "timestamp": 1467297125826,
            "sequence_id": 2,
            "section_id": 4,
            "activity_id": 0,
            "activity_kind": "dragdrop",
            "data": {
                "kind": "Input",
                "user_input": [
                    {
                        "slot": 0,
                        "stickers": [
                            "3"
                        ]
                    },
                    {
                        "slot": 1,
                        "stickers": [
                            "2"
                        ]
                    },
                    {
                        "slot": 2,
                        "stickers": [
                            "0"
                        ]
                    },
                    {
                        "slot": 3,
                        "stickers": [
                            "0"
                        ]
                    },
                    {
                        "slot": 4,
                        "stickers": [
                            "5"
                        ]
                    }
                ]
            }
        },
        {
            "user_id": "rm",
            "session_id": "rm_1467295588843",
            "timestamp": 1467297126626,
            "sequence_id": 2,
            "section_id": 4,
            "activity_id": 0,
            "activity_kind": "dragdrop",
            "data": {
                "kind": "Input",
                "user_input": [
                    {
                        "slot": 0,
                        "stickers": [
                            "3"
                        ]
                    },
                    {
                        "slot": 1,
                        "stickers": [
                            "2"
                        ]
                    },
                    {
                        "slot": 2,
                        "stickers": [
                            "0"
                        ]
                    },
                    {
                        "slot": 3,
                        "stickers": [
                            "0"
                        ]
                    },
                    {
                        "slot": 4,
                        "stickers": [
                            "5"
                        ]
                    }
                ]
            }
        },
        {
            "user_id": "rm",
            "session_id": "rm_1467295588843",
            "timestamp": 1467297147585,
            "sequence_id": 2,
            "section_id": 4,
            "activity_id": 0,
            "activity_kind": "dragdrop",
            "data": {
                "kind": "Input",
                "user_input": [
                    {
                        "slot": 0,
                        "stickers": [
                            "2"
                        ]
                    },
                    {
                        "slot": 1,
                        "stickers": [
                            "0"
                        ]
                    },
                    {
                        "slot": 2,
                        "stickers": [
                            "3"
                        ]
                    },
                    {
                        "slot": 3,
                        "stickers": [
                            "3"
                        ]
                    },
                    {
                        "slot": 4,
                        "stickers": []
                    }
                ]
            }
        },
        {
            "user_id": "rm",
            "session_id": "rm_1467295588843",
            "timestamp": 1467297169550,
            "sequence_id": 2,
            "section_id": 4,
            "activity_id": 1,
            "activity_kind": "dragdrop",
            "data": {
                "kind": "Input",
                "user_input": [
                    {
                        "slot": 0,
                        "stickers": []
                    },
                    {
                        "slot": 1,
                        "stickers": []
                    },
                    {
                        "slot": 2,
                        "stickers": [
                            "0"
                        ]
                    },
                    {
                        "slot": 3,
                        "stickers": []
                    }
                ]
            }
        },
        {
            "user_id": "rm",
            "session_id": "rm_1467295588843",
            "timestamp": 1467297183996,
            "sequence_id": 2,
            "section_id": 4,
            "activity_id": 1,
            "activity_kind": "dragdrop",
            "data": {
                "kind": "Input",
                "user_input": [
                    {
                        "slot": 0,
                        "stickers": []
                    },
                    {
                        "slot": 1,
                        "stickers": []
                    },
                    {
                        "slot": 2,
                        "stickers": [
                            "0"
                        ]
                    },
                    {
                        "slot": 3,
                        "stickers": []
                    }
                ]
            }
        },
        {
            "user_id": "rm",
            "session_id": "rm_1467295588843",
            "timestamp": 1467297183999,
            "sequence_id": 2,
            "section_id": 4,
            "activity_id": 1,
            "activity_kind": "dragdrop",
            "data": {
                "kind": "Input",
                "user_input": [
                    {
                        "slot": 0,
                        "stickers": []
                    },
                    {
                        "slot": 1,
                        "stickers": []
                    },
                    {
                        "slot": 2,
                        "stickers": []
                    },
                    {
                        "slot": 3,
                        "stickers": [
                            "0"
                        ]
                    }
                ]
            }
        },
        {
            "user_id": "rm",
            "session_id": "rm_1467295588843",
            "timestamp": 1467297189908,
            "sequence_id": 2,
            "section_id": 4,
            "activity_id": 2,
            "activity_kind": "curvestar",
            "data": {
                "kind": "Input",
                "user_input": [
                    0.29743589743589743,
                    0.40512820512820513,
                    0.5025641025641026,
                    0.5923076923076923,
                    0.6974358974358974,
                    0.7948717948717948,
                    0.8948717948717949
                ]
            }
        },
        {
            "user_id": "rm",
            "session_id": "rm_1467295588843",
            "timestamp": 1467297201974,
            "sequence_id": 2,
            "section_id": 4,
            "activity_id": 2,
            "activity_kind": "curvestar",
            "data": {
                "kind": "Input",
                "user_input": [
                    0.29743589743589743,
                    0.40512820512820513,
                    0.5025641025641026,
                    0.5923076923076923,
                    0.6974358974358974,
                    0.7948717948717948,
                    0.8948717948717949
                ]
            }
        },
        {
            "user_id": "rm",
            "session_id": "rm_1467295588843",
            "timestamp": 1467297203349,
            "sequence_id": 2,
            "section_id": 4,
            "activity_id": 2,
            "activity_kind": "curvestar",
            "data": {
                "kind": "Input",
                "user_input": [
                    0.29743589743589743,
                    0.40512820512820513,
                    0.5025641025641026,
                    0.5923076923076923,
                    0.6974358974358974,
                    0.7948717948717948,
                    0.7974358974358975
                ]
            }
        },
        {
            "user_id": "rm",
            "session_id": "rm_1467295588843",
            "timestamp": 1467297205117,
            "sequence_id": 2,
            "section_id": 4,
            "activity_id": 2,
            "activity_kind": "curvestar",
            "data": {
                "kind": "Input",
                "user_input": [
                    0.29743589743589743,
                    0.40512820512820513,
                    0.5025641025641026,
                    0.5923076923076923,
                    0.6974358974358974,
                    0.7948717948717948,
                    0.7974358974358975
                ]
            }
        },
        {
            "user_id": "rm",
            "session_id": "rm_1467295588843",
            "timestamp": 1467297210013,
            "sequence_id": 2,
            "section_id": 4,
            "activity_id": 2,
            "activity_kind": "curvestar",
            "data": {
                "kind": "Input",
                "user_input": [
                    0.29743589743589743,
                    0.40512820512820513,
                    0.5025641025641026,
                    0.5923076923076923,
                    0.6974358974358974,
                    0.7948717948717948,
                    0.8948717948717949
                ]
            }
        },
        {
            "user_id": "rm",
            "session_id": "rm_1467295588843",
            "timestamp": 1467297223247,
            "sequence_id": 2,
            "section_id": 4,
            "activity_id": 2,
            "activity_kind": "curvestar",
            "data": {
                "kind": "Input",
                "user_input": [
                    0.5512820512820513,
                    0.40512820512820513,
                    0.5025641025641026,
                    0.5923076923076923,
                    0.6974358974358974,
                    0.7948717948717948,
                    0.8948717948717949
                ]
            }
        },
        {
            "user_id": "rm",
            "session_id": "rm_1467295588843",
            "timestamp": 1467297225308,
            "sequence_id": 2,
            "section_id": 4,
            "activity_id": 2,
            "activity_kind": "curvestar",
            "data": {
                "kind": "Input",
                "user_input": [
                    0.5512820512820513,
                    0.5948717948717949,
                    0.5025641025641026,
                    0.5923076923076923,
                    0.6974358974358974,
                    0.7948717948717948,
                    0.8948717948717949
                ]
            }
        },
        {
            "user_id": "rm",
            "session_id": "rm_1467295588843",
            "timestamp": 1467297231324,
            "sequence_id": 2,
            "section_id": 4,
            "activity_id": 2,
            "activity_kind": "curvestar",
            "data": {
                "kind": "Input",
                "user_input": [
                    0.5512820512820513,
                    0.5948717948717949,
                    0.8538461538461538,
                    0.5923076923076923,
                    0.6974358974358974,
                    0.7948717948717948,
                    0.8948717948717949
                ]
            }
        },
        {
            "user_id": "rm",
            "session_id": "rm_1467295588843",
            "timestamp": 1467297236403,
            "sequence_id": 2,
            "section_id": 4,
            "activity_id": 2,
            "activity_kind": "curvestar",
            "data": {
                "kind": "Input",
                "user_input": [
                    0.5512820512820513,
                    0.5948717948717949,
                    0.8538461538461538,
                    1,
                    0.6974358974358974,
                    0.7948717948717948,
                    0.8948717948717949
                ]
            }
        },
        {
            "user_id": "rm",
            "session_id": "rm_1467295588843",
            "timestamp": 1467297238955,
            "sequence_id": 2,
            "section_id": 4,
            "activity_id": 2,
            "activity_kind": "curvestar",
            "data": {
                "kind": "Input",
                "user_input": [
                    0.5512820512820513,
                    0.5948717948717949,
                    0.8538461538461538,
                    1,
                    0.9974358974358974,
                    0.7948717948717948,
                    0.8948717948717949
                ]
            }
        },
        {
            "user_id": "rm",
            "session_id": "rm_1467295588843",
            "timestamp": 1467297240227,
            "sequence_id": 2,
            "section_id": 4,
            "activity_id": 2,
            "activity_kind": "curvestar",
            "data": {
                "kind": "Input",
                "user_input": [
                    0.5512820512820513,
                    0.5948717948717949,
                    0.8538461538461538,
                    1,
                    0.9974358974358974,
                    0.7948717948717948,
                    0.8948717948717949
                ]
            }
        },
        {
            "user_id": "rm",
            "session_id": "rm_1467295588843",
            "timestamp": 1467297241995,
            "sequence_id": 2,
            "section_id": 4,
            "activity_id": 2,
            "activity_kind": "curvestar",
            "data": {
                "kind": "Input",
                "user_input": [
                    0.5512820512820513,
                    0.5948717948717949,
                    0.8538461538461538,
                    1,
                    0.9974358974358974,
                    1,
                    0.8948717948717949
                ]
            }
        },
        {
            "user_id": "rm",
            "session_id": "rm_1467295588843",
            "timestamp": 1467297244107,
            "sequence_id": 2,
            "section_id": 4,
            "activity_id": 2,
            "activity_kind": "curvestar",
            "data": {
                "kind": "Input",
                "user_input": [
                    0.5512820512820513,
                    0.5948717948717949,
                    0.8538461538461538,
                    1,
                    0.9974358974358974,
                    1,
                    1
                ]
            }
        },
        {
            "user_id": "rm",
            "session_id": "rm_1467295588843",
            "timestamp": 1467297248003,
            "sequence_id": 2,
            "section_id": 4,
            "activity_id": 2,
            "activity_kind": "curvestar",
            "data": {
                "kind": "Input",
                "user_input": [
                    0.5512820512820513,
                    0.5948717948717949,
                    0.8666666666666667,
                    1,
                    0.9974358974358974,
                    1,
                    1
                ]
            }
        },
        {
            "user_id": "rm",
            "session_id": "rm_1467295588843",
            "timestamp": 1467297249171,
            "sequence_id": 2,
            "section_id": 4,
            "activity_id": 2,
            "activity_kind": "curvestar",
            "data": {
                "kind": "Input",
                "user_input": [
                    0.5512820512820513,
                    0.5948717948717949,
                    0.8256410256410256,
                    1,
                    0.9974358974358974,
                    1,
                    1
                ]
            }
        },
        {
            "user_id": "rm",
            "session_id": "rm_1467295588843",
            "timestamp": 1467297250259,
            "sequence_id": 2,
            "section_id": 4,
            "activity_id": 2,
            "activity_kind": "curvestar",
            "data": {
                "kind": "Input",
                "user_input": [
                    0.5512820512820513,
                    0.5948717948717949,
                    0.7923076923076923,
                    1,
                    0.9974358974358974,
                    1,
                    1
                ]
            }
        },
        {
            "user_id": "rm",
            "session_id": "rm_1467295588843",
            "timestamp": 1467297251259,
            "sequence_id": 2,
            "section_id": 4,
            "activity_id": 2,
            "activity_kind": "curvestar",
            "data": {
                "kind": "Input",
                "user_input": [
                    0.5512820512820513,
                    0.5948717948717949,
                    0.7923076923076923,
                    1,
                    0.9974358974358974,
                    1,
                    1
                ]
            }
        },
        {
            "user_id": "rm",
            "session_id": "rm_1467295588843",
            "timestamp": 1467297252363,
            "sequence_id": 2,
            "section_id": 4,
            "activity_id": 2,
            "activity_kind": "curvestar",
            "data": {
                "kind": "Input",
                "user_input": [
                    0.5512820512820513,
                    0.5948717948717949,
                    0.7794871794871795,
                    1,
                    0.9974358974358974,
                    1,
                    1
                ]
            }
        },
        {
            "user_id": "rm",
            "session_id": "rm_1467295588843",
            "timestamp": 1467297253355,
            "sequence_id": 2,
            "section_id": 4,
            "activity_id": 2,
            "activity_kind": "curvestar",
            "data": {
                "kind": "Input",
                "user_input": [
                    0.5512820512820513,
                    0.5948717948717949,
                    0.7487179487179487,
                    1,
                    0.9974358974358974,
                    1,
                    1
                ]
            }
        },
        {
            "user_id": "rm",
            "session_id": "rm_1467295588843",
            "timestamp": 1467297254851,
            "sequence_id": 2,
            "section_id": 4,
            "activity_id": 2,
            "activity_kind": "curvestar",
            "data": {
                "kind": "Input",
                "user_input": [
                    0.5512820512820513,
                    0.5948717948717949,
                    0.7205128205128205,
                    1,
                    0.9974358974358974,
                    1,
                    1
                ]
            }
        },
        {
            "user_id": "rm",
            "session_id": "rm_1467295588843",
            "timestamp": 1467297256083,
            "sequence_id": 2,
            "section_id": 4,
            "activity_id": 2,
            "activity_kind": "curvestar",
            "data": {
                "kind": "Input",
                "user_input": [
                    0.5512820512820513,
                    0.5948717948717949,
                    0.6846153846153846,
                    1,
                    0.9974358974358974,
                    1,
                    1
                ]
            }
        },
        {
            "user_id": "rm",
            "session_id": "rm_1467295588843",
            "timestamp": 1467297257059,
            "sequence_id": 2,
            "section_id": 4,
            "activity_id": 2,
            "activity_kind": "curvestar",
            "data": {
                "kind": "Input",
                "user_input": [
                    0.5512820512820513,
                    0.5948717948717949,
                    0.658974358974359,
                    1,
                    0.9974358974358974,
                    1,
                    1
                ]
            }
        },
        {
            "user_id": "rm",
            "session_id": "rm_1467295588843",
            "timestamp": 1467297258586,
            "sequence_id": 2,
            "section_id": 4,
            "activity_id": 2,
            "activity_kind": "curvestar",
            "data": {
                "kind": "Input",
                "user_input": [
                    0.5512820512820513,
                    0.5948717948717949,
                    0.6743589743589744,
                    1,
                    0.9974358974358974,
                    1,
                    1
                ]
            }
        },
        {
            "user_id": "rm",
            "session_id": "rm_1467295588843",
            "timestamp": 1467297261594,
            "sequence_id": 2,
            "section_id": 4,
            "activity_id": 2,
            "activity_kind": "curvestar",
            "data": {
                "kind": "Input",
                "user_input": [
                    0.5512820512820513,
                    0.5948717948717949,
                    0.6743589743589744,
                    1,
                    0.9974358974358974,
                    1,
                    1
                ]
            }
        },
        {
            "user_id": "rm",
            "session_id": "rm_1467295588843",
            "timestamp": 1467297263082,
            "sequence_id": 2,
            "section_id": 4,
            "activity_id": 2,
            "activity_kind": "curvestar",
            "data": {
                "kind": "Input",
                "user_input": [
                    0.5717948717948718,
                    0.5948717948717949,
                    0.6743589743589744,
                    1,
                    0.9974358974358974,
                    1,
                    1
                ]
            }
        },
        {
            "user_id": "rm",
            "session_id": "rm_1467295588843",
            "timestamp": 1467297265074,
            "sequence_id": 2,
            "section_id": 4,
            "activity_id": 2,
            "activity_kind": "curvestar",
            "data": {
                "kind": "Input",
                "user_input": [
                    0.5487179487179488,
                    0.5948717948717949,
                    0.6743589743589744,
                    1,
                    0.9974358974358974,
                    1,
                    1
                ]
            }
        },
        {
            "user_id": "rm",
            "session_id": "rm_1467295588843",
            "timestamp": 1467297266498,
            "sequence_id": 2,
            "section_id": 4,
            "activity_id": 2,
            "activity_kind": "curvestar",
            "data": {
                "kind": "Input",
                "user_input": [
                    0.5487179487179488,
                    0.5948717948717949,
                    0.6487179487179487,
                    1,
                    0.9974358974358974,
                    1,
                    1
                ]
            }
        },
        {
            "user_id": "rm",
            "session_id": "rm_1467295588843",
            "timestamp": 1467297267242,
            "sequence_id": 2,
            "section_id": 4,
            "activity_id": 2,
            "activity_kind": "curvestar",
            "data": {
                "kind": "Input",
                "user_input": [
                    0.5487179487179488,
                    0.5948717948717949,
                    0.6205128205128205,
                    1,
                    0.9974358974358974,
                    1,
                    1
                ]
            }
        },
        {
            "user_id": "rm",
            "session_id": "rm_1467295588843",
            "timestamp": 1467297269242,
            "sequence_id": 2,
            "section_id": 4,
            "activity_id": 2,
            "activity_kind": "curvestar",
            "data": {
                "kind": "Input",
                "user_input": [
                    0.5487179487179488,
                    0.5948717948717949,
                    0.5692307692307692,
                    1,
                    0.9974358974358974,
                    1,
                    1
                ]
            }
        },
        {
            "user_id": "rm",
            "session_id": "rm_1467295588843",
            "timestamp": 1467297270578,
            "sequence_id": 2,
            "section_id": 4,
            "activity_id": 2,
            "activity_kind": "curvestar",
            "data": {
                "kind": "Input",
                "user_input": [
                    0.5487179487179488,
                    0.5948717948717949,
                    0.6205128205128205,
                    1,
                    0.9974358974358974,
                    1,
                    1
                ]
            }
        },
        {
            "user_id": "rm",
            "session_id": "rm_1467295588843",
            "timestamp": 1467297278666,
            "sequence_id": 2,
            "section_id": 4,
            "activity_id": 2,
            "activity_kind": "curvestar",
            "data": {
                "kind": "Input",
                "user_input": [
                    0.5487179487179488,
                    0.5948717948717949,
                    0.8358974358974359,
                    1,
                    0.9974358974358974,
                    1,
                    1
                ]
            }
        },
        {
            "user_id": "rm",
            "session_id": "rm_1467295588843",
            "timestamp": 1467297279842,
            "sequence_id": 2,
            "section_id": 4,
            "activity_id": 2,
            "activity_kind": "curvestar",
            "data": {
                "kind": "Input",
                "user_input": [
                    0.5487179487179488,
                    0.5948717948717949,
                    0.7589743589743589,
                    1,
                    0.9974358974358974,
                    1,
                    1
                ]
            }
        },
        {
            "user_id": "rm",
            "session_id": "rm_1467295588843",
            "timestamp": 1467297280754,
            "sequence_id": 2,
            "section_id": 4,
            "activity_id": 2,
            "activity_kind": "curvestar",
            "data": {
                "kind": "Input",
                "user_input": [
                    0.5487179487179488,
                    0.5948717948717949,
                    0.7589743589743589,
                    1,
                    0.9974358974358974,
                    1,
                    1
                ]
            }
        },
        {
            "user_id": "rm",
            "session_id": "rm_1467295588843",
            "timestamp": 1467297282370,
            "sequence_id": 2,
            "section_id": 4,
            "activity_id": 2,
            "activity_kind": "curvestar",
            "data": {
                "kind": "Input",
                "user_input": [
                    0.5487179487179488,
                    0.5948717948717949,
                    0.7153846153846154,
                    1,
                    0.9974358974358974,
                    1,
                    1
                ]
            }
        },
        {
            "user_id": "rm",
            "session_id": "rm_1467295588843",
            "timestamp": 1467297284081,
            "sequence_id": 2,
            "section_id": 4,
            "activity_id": 2,
            "activity_kind": "curvestar",
            "data": {
                "kind": "Input",
                "user_input": [
                    0.5487179487179488,
                    0.5948717948717949,
                    0.6820512820512821,
                    1,
                    0.9974358974358974,
                    1,
                    1
                ]
            }
        },
        {
            "user_id": "rm",
            "session_id": "rm_1467295588843",
            "timestamp": 1467297291994,
            "sequence_id": 2,
            "section_id": 4,
            "activity_id": 2,
            "activity_kind": "curvestar",
            "data": {
                "kind": "Input",
                "user_input": [
                    0.5487179487179488,
                    0.5948717948717949,
                    0.6820512820512821,
                    1,
                    0.9974358974358974,
                    1,
                    1
                ]
            }
        },
        {
            "user_id": "rm",
            "session_id": "rm_1467295588843",
            "timestamp": 1467297293201,
            "sequence_id": 2,
            "section_id": 4,
            "activity_id": 2,
            "activity_kind": "curvestar",
            "data": {
                "kind": "Input",
                "user_input": [
                    0.5487179487179488,
                    0.5948717948717949,
                    0.6820512820512821,
                    0.8615384615384616,
                    0.9974358974358974,
                    1,
                    1
                ]
            }
        },
        {
            "user_id": "rm",
            "session_id": "rm_1467295588843",
            "timestamp": 1467297294649,
            "sequence_id": 2,
            "section_id": 4,
            "activity_id": 2,
            "activity_kind": "curvestar",
            "data": {
                "kind": "Input",
                "user_input": [
                    0.5487179487179488,
                    0.5948717948717949,
                    0.6820512820512821,
                    0.8282051282051281,
                    0.9974358974358974,
                    1,
                    1
                ]
            }
        },
        {
            "user_id": "rm",
            "session_id": "rm_1467295588843",
            "timestamp": 1467297295513,
            "sequence_id": 2,
            "section_id": 4,
            "activity_id": 2,
            "activity_kind": "curvestar",
            "data": {
                "kind": "Input",
                "user_input": [
                    0.5487179487179488,
                    0.5948717948717949,
                    0.6820512820512821,
                    0.7871794871794872,
                    0.9974358974358974,
                    1,
                    1
                ]
            }
        },
        {
            "user_id": "rm",
            "session_id": "rm_1467295588843",
            "timestamp": 1467297297113,
            "sequence_id": 2,
            "section_id": 4,
            "activity_id": 2,
            "activity_kind": "curvestar",
            "data": {
                "kind": "Input",
                "user_input": [
                    0.5487179487179488,
                    0.5948717948717949,
                    0.6820512820512821,
                    0.7871794871794872,
                    0.9974358974358974,
                    1,
                    1
                ]
            }
        },
        {
            "user_id": "rm",
            "session_id": "rm_1467295588843",
            "timestamp": 1467297298673,
            "sequence_id": 2,
            "section_id": 4,
            "activity_id": 2,
            "activity_kind": "curvestar",
            "data": {
                "kind": "Input",
                "user_input": [
                    0.5487179487179488,
                    0.5948717948717949,
                    0.6820512820512821,
                    0.764102564102564,
                    0.9974358974358974,
                    1,
                    1
                ]
            }
        },
        {
            "user_id": "rm",
            "session_id": "rm_1467295588843",
            "timestamp": 1467297299584,
            "sequence_id": 2,
            "section_id": 4,
            "activity_id": 2,
            "activity_kind": "curvestar",
            "data": {
                "kind": "Input",
                "user_input": [
                    0.5487179487179488,
                    0.5948717948717949,
                    0.6820512820512821,
                    0.7435897435897436,
                    0.9974358974358974,
                    1,
                    1
                ]
            }
        },
        {
            "user_id": "rm",
            "session_id": "rm_1467295588843",
            "timestamp": 1467297300544,
            "sequence_id": 2,
            "section_id": 4,
            "activity_id": 2,
            "activity_kind": "curvestar",
            "data": {
                "kind": "Input",
                "user_input": [
                    0.5487179487179488,
                    0.5948717948717949,
                    0.6820512820512821,
                    0.7435897435897436,
                    0.9974358974358974,
                    1,
                    1
                ]
            }
        },
        {
            "user_id": "rm",
            "session_id": "rm_1467295588843",
            "timestamp": 1467297301520,
            "sequence_id": 2,
            "section_id": 4,
            "activity_id": 2,
            "activity_kind": "curvestar",
            "data": {
                "kind": "Input",
                "user_input": [
                    0.5487179487179488,
                    0.5948717948717949,
                    0.6820512820512821,
                    0.7692307692307693,
                    0.9974358974358974,
                    1,
                    1
                ]
            }
        },
        {
            "user_id": "rm",
            "session_id": "rm_1467295588843",
            "timestamp": 1467297302952,
            "sequence_id": 2,
            "section_id": 4,
            "activity_id": 2,
            "activity_kind": "curvestar",
            "data": {
                "kind": "Input",
                "user_input": [
                    0.5487179487179488,
                    0.5948717948717949,
                    0.6820512820512821,
                    0.7692307692307693,
                    0.9205128205128205,
                    1,
                    1
                ]
            }
        },
        {
            "user_id": "rm",
            "session_id": "rm_1467295588843",
            "timestamp": 1467297442019,
            "sequence_id": 2,
            "section_id": 5,
            "activity_id": 0,
            "activity_kind": "synthesis",
            "data": {
                "kind": "Input",
                "user_input": [
                    "prolifération",
                    "facteurs de croissance",
                    "G1/S",
                    "G1",
                    "synchronisées",
                    "G0"
                ]
            }
        },
        {
            "user_id": "rm",
            "session_id": "rm_1467295588843",
            "timestamp": 1467297446299,
            "sequence_id": 2,
            "section_id": 5,
            "activity_id": 0,
            "activity_kind": "synthesis",
            "data": {
                "kind": "Input",
                "user_input": [
                    "prolifération",
                    "facteurs de croissance",
                    "le point de restriction",
                    "G1",
                    "synchronisées",
                    "G0"
                ]
            }
        }
    ]
}