{
    "inputs": [
        {
            "user_id": "romain",
            "session_id": "romain_1463832967623",
            "timestamp": 1463832935115,
            "sequence_id": 1,
            "section_id": 0,
            "activity_id": 0,
            "activity_kind": "dragdrop",
            "data": {
                "kind": "Input",
                "user_input": [
                    {
                        "slot": 0,
                        "stickers": []
                    },
                    {
                        "slot": 1,
                        "stickers": []
                    },
                    {
                        "slot": 2,
                        "stickers": []
                    },
                    {
                        "slot": 3,
                        "stickers": []
                    },
                    {
                        "slot": 4,
                        "stickers": []
                    },
                    {
                        "slot": 5,
                        "stickers": []
                    },
                    {
                        "slot": 6,
                        "stickers": []
                    },
                    {
                        "slot": 7,
                        "stickers": []
                    },
                    {
                        "slot": 8,
                        "stickers": []
                    }
                ]
            }
        },
        {
            "user_id": "romain",
            "session_id": "romain_1463832967623",
            "timestamp": 1463833039529,
            "sequence_id": 1,
            "section_id": 0,
            "activity_id": 0,
            "activity_kind": "dragdrop",
            "data": {
                "kind": "Input",
                "user_input": [
                    {
                        "slot": 0,
                        "stickers": [
                            "1"
                        ]
                    },
                    {
                        "slot": 1,
                        "stickers": [
                            "5"
                        ]
                    },
                    {
                        "slot": 2,
                        "stickers": [
                            "0"
                        ]
                    },
                    {
                        "slot": 3,
                        "stickers": [
                            "7"
                        ]
                    },
                    {
                        "slot": 4,
                        "stickers": []
                    },
                    {
                        "slot": 5,
                        "stickers": [
                            "10"
                        ]
                    },
                    {
                        "slot": 6,
                        "stickers": [
                            "9"
                        ]
                    },
                    {
                        "slot": 7,
                        "stickers": [
                            "11"
                        ]
                    },
                    {
                        "slot": 8,
                        "stickers": [
                            "12"
                        ]
                    }
                ]
            }
        },
        {
            "user_id": "romain",
            "session_id": "romain_1463832967623",
            "timestamp": 1463833061353,
            "sequence_id": 1,
            "section_id": 0,
            "activity_id": 0,
            "activity_kind": "dragdrop",
            "data": {
                "kind": "Input",
                "user_input": [
                    {
                        "slot": 0,
                        "stickers": [
                            "1"
                        ]
                    },
                    {
                        "slot": 1,
                        "stickers": [
                            "5"
                        ]
                    },
                    {
                        "slot": 2,
                        "stickers": [
                            "0"
                        ]
                    },
                    {
                        "slot": 3,
                        "stickers": [
                            "7"
                        ]
                    },
                    {
                        "slot": 4,
                        "stickers": []
                    },
                    {
                        "slot": 5,
                        "stickers": [
                            "10"
                        ]
                    },
                    {
                        "slot": 6,
                        "stickers": [
                            "9"
                        ]
                    },
                    {
                        "slot": 7,
                        "stickers": [
                            "11"
                        ]
                    },
                    {
                        "slot": 8,
                        "stickers": [
                            "11"
                        ]
                    }
                ]
            }
        }
    ]
}