{
    "events": [
        {
            "user_id": "romain",
            "session_id": "romain_1463670170913",
            "timestamp": 1463670110110,
            "sequence_id": 1,
            "section_id": "0",
            "activity_id": "-1",
            "activity_kind": "dragdrop",
            "data": {
                "kind": "Click",
                "what": "next_btn",
                "which": "requirements",
                "x": 1519,
                "y": 681
            }
        },
        {
            "user_id": "romain",
            "session_id": "romain_1463670170913",
            "timestamp": 1463670110796,
            "sequence_id": 1,
            "section_id": "0",
            "activity_id": "0",
            "activity_kind": "dragdrop",
            "data": {
                "kind": "MousePressed",
                "what": "outer_pane",
                "which": "body",
                "x": 1533,
                "y": 682
            }
        },
        {
            "user_id": "romain",
            "session_id": "romain_1463670170913",
            "timestamp": 1463670110881,
            "sequence_id": 1,
            "section_id": "0",
            "activity_id": "0",
            "activity_kind": "dragdrop",
            "data": {
                "kind": "MouseReleased",
                "what": "correct_btn",
                "which": "Les phases du cycle cellulaire",
                "x": 1533,
                "y": 682
            }
        },
        {
            "user_id": "romain",
            "session_id": "romain_1463670170913",
            "timestamp": 1463670111257,
            "sequence_id": 1,
            "section_id": "0",
            "activity_id": "0",
            "activity_kind": "dragdrop",
            "data": {
                "kind": "MousePressed",
                "what": "correct_btn",
                "which": "Les phases du cycle cellulaire",
                "x": 1539,
                "y": 683
            }
        },
        {
            "user_id": "romain",
            "session_id": "romain_1463670170913",
            "timestamp": 1463670111336,
            "sequence_id": 1,
            "section_id": "0",
            "activity_id": "0",
            "activity_kind": "dragdrop",
            "data": {
                "kind": "MouseReleased",
                "what": "correct_btn",
                "which": "Les phases du cycle cellulaire",
                "x": 1539,
                "y": 683
            }
        },
        {
            "user_id": "romain",
            "session_id": "romain_1463670170913",
            "timestamp": 1463670111340,
            "sequence_id": 1,
            "section_id": "0",
            "activity_id": "0",
            "activity_kind": "dragdrop",
            "data": {
                "kind": "Click",
                "what": "correct_btn",
                "which": "Les phases du cycle cellulaire",
                "x": 1539,
                "y": 683
            }
        },
        {
            "user_id": "romain",
            "session_id": "romain_1463670170913",
            "timestamp": 1463670111466,
            "sequence_id": 1,
            "section_id": "0",
            "activity_id": "0",
            "activity_kind": "dragdrop",
            "data": {
                "kind": "MousePressed",
                "what": "correct_btn",
                "which": "Les phases du cycle cellulaire",
                "x": 1540,
                "y": 682
            }
        },
        {
            "user_id": "romain",
            "session_id": "romain_1463670170913",
            "timestamp": 1463670111570,
            "sequence_id": 1,
            "section_id": "0",
            "activity_id": "0",
            "activity_kind": "dragdrop",
            "data": {
                "kind": "MouseReleased",
                "what": "correct_btn",
                "which": "Les phases du cycle cellulaire",
                "x": 1540,
                "y": 682
            }
        },
        {
            "user_id": "romain",
            "session_id": "romain_1463670170913",
            "timestamp": 1463670111574,
            "sequence_id": 1,
            "section_id": "0",
            "activity_id": "0",
            "activity_kind": "dragdrop",
            "data": {
                "kind": "Click",
                "what": "correct_btn",
                "which": "Les phases du cycle cellulaire",
                "x": 1540,
                "y": 682
            }
        },
        {
            "user_id": "romain",
            "session_id": "romain_1463670170913",
            "timestamp": 1463670111717,
            "sequence_id": 1,
            "section_id": "0",
            "activity_id": "0",
            "activity_kind": "dragdrop",
            "data": {
                "kind": "MousePressed",
                "what": "correct_btn",
                "which": "Les phases du cycle cellulaire",
                "x": 1540,
                "y": 682
            }
        },
        {
            "user_id": "romain",
            "session_id": "romain_1463670170913",
            "timestamp": 1463670111792,
            "sequence_id": 1,
            "section_id": "0",
            "activity_id": "0",
            "activity_kind": "dragdrop",
            "data": {
                "kind": "MouseReleased",
                "what": "correct_btn",
                "which": "Les phases du cycle cellulaire",
                "x": 1540,
                "y": 682
            }
        },
        {
            "user_id": "romain",
            "session_id": "romain_1463670170913",
            "timestamp": 1463670111795,
            "sequence_id": 1,
            "section_id": "0",
            "activity_id": "0",
            "activity_kind": "dragdrop",
            "data": {
                "kind": "Click",
                "what": "correct_btn",
                "which": "Les phases du cycle cellulaire",
                "x": 1540,
                "y": 682
            }
        },
        {
            "user_id": "romain",
            "session_id": "romain_1463670170913",
            "timestamp": 1463670111936,
            "sequence_id": 1,
            "section_id": "0",
            "activity_id": "0",
            "activity_kind": "dragdrop",
            "data": {
                "kind": "MousePressed",
                "what": "next_btn",
                "which": "Les phases du cycle cellulaire",
                "x": 1540,
                "y": 682
            }
        },
        {
            "user_id": "romain",
            "session_id": "romain_1463670170913",
            "timestamp": 1463670112039,
            "sequence_id": 1,
            "section_id": "0",
            "activity_id": "0",
            "activity_kind": "dragdrop",
            "data": {
                "kind": "MouseReleased",
                "what": "next_btn",
                "which": "Les phases du cycle cellulaire",
                "x": 1540,
                "y": 682
            }
        },
        {
            "user_id": "romain",
            "session_id": "romain_1463670170913",
            "timestamp": 1463670112044,
            "sequence_id": 1,
            "section_id": "0",
            "activity_id": "0",
            "activity_kind": "dragdrop",
            "data": {
                "kind": "Click",
                "what": "next_btn",
                "which": "Les phases du cycle cellulaire",
                "x": 1540,
                "y": 682
            }
        },
        {
            "user_id": "romain",
            "session_id": "romain_1463670170913",
            "timestamp": 1463670112230,
            "sequence_id": 1,
            "section_id": "0",
            "activity_id": "0",
            "activity_kind": "dragdrop",
            "data": {
                "kind": "MousePressed",
                "what": "next_btn",
                "which": "Les phases du cycle cellulaire",
                "x": 1540,
                "y": 682
            }
        },
        {
            "user_id": "romain",
            "session_id": "romain_1463670170913",
            "timestamp": 1463670112296,
            "sequence_id": 1,
            "section_id": "0",
            "activity_id": "0",
            "activity_kind": "dragdrop",
            "data": {
                "kind": "MouseReleased",
                "what": "next_btn",
                "which": "Les phases du cycle cellulaire",
                "x": 1540,
                "y": 682
            }
        },
        {
            "user_id": "romain",
            "session_id": "romain_1463670170913",
            "timestamp": 1463670112301,
            "sequence_id": 1,
            "section_id": "0",
            "activity_id": "0",
            "activity_kind": "transition",
            "data": {
                "kind": "Click",
                "what": "next_btn",
                "which": "Les phases du cycle cellulaire",
                "x": 1540,
                "y": 682
            }
        },
        {
            "user_id": "romain",
            "session_id": "romain_1463670170913",
            "timestamp": 1463670113551,
            "sequence_id": 1,
            "section_id": "1",
            "activity_id": "-1",
            "activity_kind": "dragdrop",
            "data": {
                "kind": "Click",
                "what": "next_btn",
                "which": "hypothesis",
                "x": 1539,
                "y": 679
            }
        },
        {
            "user_id": "romain",
            "session_id": "romain_1463670170913",
            "timestamp": 1463670114361,
            "sequence_id": 1,
            "section_id": "1",
            "activity_id": "0",
            "activity_kind": "dragdrop",
            "data": {
                "kind": "MousePressed",
                "what": "next_btn",
                "which": "La durée des phases du cycle cellulaire",
                "x": 1545,
                "y": 685
            }
        },
        {
            "user_id": "romain",
            "session_id": "romain_1463670170913",
            "timestamp": 1463670114458,
            "sequence_id": 1,
            "section_id": "1",
            "activity_id": "0",
            "activity_kind": "dragdrop",
            "data": {
                "kind": "MouseReleased",
                "what": "next_btn",
                "which": "La durée des phases du cycle cellulaire",
                "x": 1545,
                "y": 685
            }
        },
        {
            "user_id": "romain",
            "session_id": "romain_1463670170913",
            "timestamp": 1463670114466,
            "sequence_id": 1,
            "section_id": "1",
            "activity_id": "0",
            "activity_kind": "dragdrop",
            "data": {
                "kind": "Click",
                "what": "next_btn",
                "which": "La durée des phases du cycle cellulaire",
                "x": 1545,
                "y": 685
            }
        },
        {
            "user_id": "romain",
            "session_id": "romain_1463670170913",
            "timestamp": 1463670114855,
            "sequence_id": 1,
            "section_id": "1",
            "activity_id": "0",
            "activity_kind": "dragdrop",
            "data": {
                "kind": "MousePressed",
                "what": "next_btn",
                "which": "La durée des phases du cycle cellulaire",
                "x": 1546,
                "y": 686
            }
        },
        {
            "user_id": "romain",
            "session_id": "romain_1463670170913",
            "timestamp": 1463670114938,
            "sequence_id": 1,
            "section_id": "1",
            "activity_id": "0",
            "activity_kind": "dragdrop",
            "data": {
                "kind": "MouseReleased",
                "what": "next_btn",
                "which": "La durée des phases du cycle cellulaire",
                "x": 1546,
                "y": 686
            }
        },
        {
            "user_id": "romain",
            "session_id": "romain_1463670170913",
            "timestamp": 1463670114945,
            "sequence_id": 1,
            "section_id": "1",
            "activity_id": "0",
            "activity_kind": "curvetest",
            "data": {
                "kind": "Click",
                "what": "next_btn",
                "which": "La durée des phases du cycle cellulaire",
                "x": 1546,
                "y": 686
            }
        },
        {
            "user_id": "romain",
            "session_id": "romain_1463670170913",
            "timestamp": 1463670115195,
            "sequence_id": 1,
            "section_id": "1",
            "activity_id": "1",
            "activity_kind": "curvetest",
            "data": {
                "kind": "Click",
                "what": "statement_pane",
                "which": "Courbe de croissance dans des conditions optimales",
                "x": 1546,
                "y": 686
            }
        },
        {
            "user_id": "romain",
            "session_id": "romain_1463670170913",
            "timestamp": 1463670116048,
            "sequence_id": 1,
            "section_id": "1",
            "activity_id": "1",
            "activity_kind": "curvetest",
            "data": {
                "kind": "Click",
                "what": "next_btn",
                "which": "Courbe de croissance dans des conditions optimales",
                "x": 1548,
                "y": 689
            }
        },
        {
            "user_id": "romain",
            "session_id": "romain_1463670170913",
            "timestamp": 1463670116469,
            "sequence_id": 1,
            "section_id": "1",
            "activity_id": "1",
            "activity_kind": "transition",
            "data": {
                "kind": "Click",
                "what": "next_btn",
                "which": "Courbe de croissance dans des conditions optimales",
                "x": 1552,
                "y": 692
            }
        },
        {
            "user_id": "romain",
            "session_id": "romain_1463670170913",
            "timestamp": 1463670117518,
            "sequence_id": 1,
            "section_id": "2",
            "activity_id": "-1",
            "activity_kind": "transition",
            "data": {
                "kind": "Click",
                "what": "next_btn",
                "which": "protocol",
                "x": 1542,
                "y": 685
            }
        },
        {
            "user_id": "romain",
            "session_id": "romain_1463670170913",
            "timestamp": 1463670118996,
            "sequence_id": 1,
            "section_id": "2",
            "activity_id": "0",
            "activity_kind": "transition",
            "data": {
                "kind": "Click",
                "what": "next_btn",
                "which": "Planification du protocole expérimental",
                "x": 1558,
                "y": 684
            }
        },
        {
            "user_id": "romain",
            "session_id": "romain_1463670170913",
            "timestamp": 1463670120392,
            "sequence_id": 1,
            "section_id": "2",
            "activity_id": "1",
            "activity_kind": "counttest",
            "data": {
                "kind": "Click",
                "what": "next_btn",
                "which": "Nombres de boîtes de Pétri",
                "x": 1560,
                "y": 680
            }
        },
        {
            "user_id": "romain",
            "session_id": "romain_1463670170913",
            "timestamp": 1463670121764,
            "sequence_id": 1,
            "section_id": "2",
            "activity_id": "2",
            "activity_kind": "counttest",
            "data": {
                "kind": "Click",
                "what": "correct_btn",
                "which": "Comptage",
                "x": 1541,
                "y": 693
            }
        },
        {
            "user_id": "romain",
            "session_id": "romain_1463670170913",
            "timestamp": 1463670122444,
            "sequence_id": 1,
            "section_id": "2",
            "activity_id": "2",
            "activity_kind": "counttest",
            "data": {
                "kind": "Click",
                "what": "correct_btn",
                "which": "Comptage",
                "x": 1542,
                "y": 693
            }
        },
        {
            "user_id": "romain",
            "session_id": "romain_1463670170913",
            "timestamp": 1463670122884,
            "sequence_id": 1,
            "section_id": "2",
            "activity_id": "2",
            "activity_kind": "counttest",
            "data": {
                "kind": "Click",
                "what": "correct_btn",
                "which": "Comptage",
                "x": 1542,
                "y": 693
            }
        },
        {
            "user_id": "romain",
            "session_id": "romain_1463670170913",
            "timestamp": 1463670123692,
            "sequence_id": 1,
            "section_id": "2",
            "activity_id": "2",
            "activity_kind": "counttest",
            "data": {
                "kind": "Click",
                "what": "next_btn",
                "which": "Comptage",
                "x": 1545,
                "y": 692
            }
        },
        {
            "user_id": "romain",
            "session_id": "romain_1463670170913",
            "timestamp": 1463670124844,
            "sequence_id": 1,
            "section_id": "2",
            "activity_id": "2",
            "activity_kind": "input",
            "data": {
                "kind": "Click",
                "what": "next_btn",
                "which": "Comptage",
                "x": 1511,
                "y": 681
            }
        },
        {
            "user_id": "romain",
            "session_id": "romain_1463670170913",
            "timestamp": 1463670126008,
            "sequence_id": 1,
            "section_id": "2",
            "activity_id": "3",
            "activity_kind": "input",
            "data": {
                "kind": "Click",
                "what": "correct_btn",
                "which": "Densité Cellulaire",
                "x": 1545,
                "y": 698
            }
        },
        {
            "user_id": "romain",
            "session_id": "romain_1463670170913",
            "timestamp": 1463670126850,
            "sequence_id": 1,
            "section_id": "2",
            "activity_id": "3",
            "activity_kind": "input",
            "data": {
                "kind": "Click",
                "what": "correct_btn",
                "which": "Densité Cellulaire",
                "x": 1529,
                "y": 686
            }
        },
        {
            "user_id": "romain",
            "session_id": "romain_1463670170913",
            "timestamp": 1463670127355,
            "sequence_id": 1,
            "section_id": "2",
            "activity_id": "3",
            "activity_kind": "input",
            "data": {
                "kind": "Click",
                "what": "correct_btn",
                "which": "Densité Cellulaire",
                "x": 1553,
                "y": 685
            }
        },
        {
            "user_id": "romain",
            "session_id": "romain_1463670170913",
            "timestamp": 1463670128011,
            "sequence_id": 1,
            "section_id": "2",
            "activity_id": "3",
            "activity_kind": "input",
            "data": {
                "kind": "Click",
                "what": "next_btn",
                "which": "Densité Cellulaire",
                "x": 1524,
                "y": 683
            }
        },
        {
            "user_id": "romain",
            "session_id": "romain_1463670170913",
            "timestamp": 1463670129259,
            "sequence_id": 1,
            "section_id": "2",
            "activity_id": "3",
            "activity_kind": "transition",
            "data": {
                "kind": "Click",
                "what": "next_btn",
                "which": "Densité Cellulaire",
                "x": 1544,
                "y": 677
            }
        },
        {
            "user_id": "romain",
            "session_id": "romain_1463670170913",
            "timestamp": 1463670130638,
            "sequence_id": 1,
            "section_id": "2",
            "activity_id": "4",
            "activity_kind": "pipette",
            "data": {
                "kind": "Click",
                "what": "next_btn",
                "which": "Nombre de cellules par boite et tailles des boites",
                "x": 1545,
                "y": 680
            }
        },
        {
            "user_id": "romain",
            "session_id": "romain_1463670170913",
            "timestamp": 1463670132091,
            "sequence_id": 1,
            "section_id": "2",
            "activity_id": "5",
            "activity_kind": "pipette",
            "data": {
                "kind": "Click",
                "what": "correct_btn",
                "which": "Ensemencement",
                "x": 1554,
                "y": 707
            }
        },
        {
            "user_id": "romain",
            "session_id": "romain_1463670170913",
            "timestamp": 1463670132571,
            "sequence_id": 1,
            "section_id": "2",
            "activity_id": "5",
            "activity_kind": "pipette",
            "data": {
                "kind": "Click",
                "what": "correct_btn",
                "which": "Ensemencement",
                "x": 1560,
                "y": 695
            }
        },
        {
            "user_id": "romain",
            "session_id": "romain_1463670170913",
            "timestamp": 1463670133115,
            "sequence_id": 1,
            "section_id": "2",
            "activity_id": "5",
            "activity_kind": "pipette",
            "data": {
                "kind": "Click",
                "what": "correct_btn",
                "which": "Ensemencement",
                "x": 1560,
                "y": 688
            }
        },
        {
            "user_id": "romain",
            "session_id": "romain_1463670170913",
            "timestamp": 1463670133611,
            "sequence_id": 1,
            "section_id": "2",
            "activity_id": "5",
            "activity_kind": "pipette",
            "data": {
                "kind": "Click",
                "what": "next_btn",
                "which": "Ensemencement",
                "x": 1551,
                "y": 693
            }
        },
        {
            "user_id": "romain",
            "session_id": "romain_1463670170913",
            "timestamp": 1463670135038,
            "sequence_id": 1,
            "section_id": "2",
            "activity_id": "5",
            "activity_kind": "transition",
            "data": {
                "kind": "Click",
                "what": "next_btn",
                "which": "Ensemencement",
                "x": 1531,
                "y": 681
            }
        },
        {
            "user_id": "romain",
            "session_id": "romain_1463670170913",
            "timestamp": 1463670136604,
            "sequence_id": 1,
            "section_id": "3",
            "activity_id": "-1",
            "activity_kind": "transition",
            "data": {
                "kind": "Click",
                "what": "next_btn",
                "which": "experiment",
                "x": 1551,
                "y": 681
            }
        },
        {
            "user_id": "romain",
            "session_id": "romain_1463670170913",
            "timestamp": 1463670138015,
            "sequence_id": 1,
            "section_id": "4",
            "activity_id": "-1",
            "activity_kind": "dragdrop",
            "data": {
                "kind": "Click",
                "what": "next_btn",
                "which": "results",
                "x": 1540,
                "y": 689
            }
        },
        {
            "user_id": "romain",
            "session_id": "romain_1463670170913",
            "timestamp": 1463670139280,
            "sequence_id": 1,
            "section_id": "4",
            "activity_id": "0",
            "activity_kind": "dragdrop",
            "data": {
                "kind": "MousePressed",
                "what": "correct_btn",
                "which": "Comptages",
                "x": 1547,
                "y": 690
            }
        },
        {
            "user_id": "romain",
            "session_id": "romain_1463670170913",
            "timestamp": 1463670139384,
            "sequence_id": 1,
            "section_id": "4",
            "activity_id": "0",
            "activity_kind": "dragdrop",
            "data": {
                "kind": "MouseReleased",
                "what": "correct_btn",
                "which": "Comptages",
                "x": 1547,
                "y": 690
            }
        },
        {
            "user_id": "romain",
            "session_id": "romain_1463670170913",
            "timestamp": 1463670139388,
            "sequence_id": 1,
            "section_id": "4",
            "activity_id": "0",
            "activity_kind": "dragdrop",
            "data": {
                "kind": "Click",
                "what": "correct_btn",
                "which": "Comptages",
                "x": 1547,
                "y": 690
            }
        },
        {
            "user_id": "romain",
            "session_id": "romain_1463670170913",
            "timestamp": 1463670139901,
            "sequence_id": 1,
            "section_id": "4",
            "activity_id": "0",
            "activity_kind": "dragdrop",
            "data": {
                "kind": "MousePressed",
                "what": "correct_btn",
                "which": "Comptages",
                "x": 1555,
                "y": 689
            }
        },
        {
            "user_id": "romain",
            "session_id": "romain_1463670170913",
            "timestamp": 1463670139951,
            "sequence_id": 1,
            "section_id": "4",
            "activity_id": "0",
            "activity_kind": "dragdrop",
            "data": {
                "kind": "MouseReleased",
                "what": "correct_btn",
                "which": "Comptages",
                "x": 1555,
                "y": 689
            }
        },
        {
            "user_id": "romain",
            "session_id": "romain_1463670170913",
            "timestamp": 1463670139955,
            "sequence_id": 1,
            "section_id": "4",
            "activity_id": "0",
            "activity_kind": "dragdrop",
            "data": {
                "kind": "Click",
                "what": "correct_btn",
                "which": "Comptages",
                "x": 1555,
                "y": 689
            }
        },
        {
            "user_id": "romain",
            "session_id": "romain_1463670170913",
            "timestamp": 1463670140173,
            "sequence_id": 1,
            "section_id": "4",
            "activity_id": "0",
            "activity_kind": "dragdrop",
            "data": {
                "kind": "MousePressed",
                "what": "correct_btn",
                "which": "Comptages",
                "x": 1555,
                "y": 689
            }
        },
        {
            "user_id": "romain",
            "session_id": "romain_1463670170913",
            "timestamp": 1463670140248,
            "sequence_id": 1,
            "section_id": "4",
            "activity_id": "0",
            "activity_kind": "dragdrop",
            "data": {
                "kind": "MouseReleased",
                "what": "correct_btn",
                "which": "Comptages",
                "x": 1555,
                "y": 689
            }
        },
        {
            "user_id": "romain",
            "session_id": "romain_1463670170913",
            "timestamp": 1463670140251,
            "sequence_id": 1,
            "section_id": "4",
            "activity_id": "0",
            "activity_kind": "dragdrop",
            "data": {
                "kind": "Click",
                "what": "correct_btn",
                "which": "Comptages",
                "x": 1555,
                "y": 689
            }
        },
        {
            "user_id": "romain",
            "session_id": "romain_1463670170913",
            "timestamp": 1463670140415,
            "sequence_id": 1,
            "section_id": "4",
            "activity_id": "0",
            "activity_kind": "dragdrop",
            "data": {
                "kind": "MousePressed",
                "what": "next_btn",
                "which": "Comptages",
                "x": 1555,
                "y": 689
            }
        },
        {
            "user_id": "romain",
            "session_id": "romain_1463670170913",
            "timestamp": 1463670140503,
            "sequence_id": 1,
            "section_id": "4",
            "activity_id": "0",
            "activity_kind": "dragdrop",
            "data": {
                "kind": "MouseReleased",
                "what": "next_btn",
                "which": "Comptages",
                "x": 1555,
                "y": 689
            }
        },
        {
            "user_id": "romain",
            "session_id": "romain_1463670170913",
            "timestamp": 1463670140508,
            "sequence_id": 1,
            "section_id": "4",
            "activity_id": "0",
            "activity_kind": "dragdrop",
            "data": {
                "kind": "Click",
                "what": "next_btn",
                "which": "Comptages",
                "x": 1555,
                "y": 689
            }
        },
        {
            "user_id": "romain",
            "session_id": "romain_1463670170913",
            "timestamp": 1463670140664,
            "sequence_id": 1,
            "section_id": "4",
            "activity_id": "0",
            "activity_kind": "dragdrop",
            "data": {
                "kind": "MousePressed",
                "what": "next_btn",
                "which": "Comptages",
                "x": 1555,
                "y": 689
            }
        },
        {
            "user_id": "romain",
            "session_id": "romain_1463670170913",
            "timestamp": 1463670140745,
            "sequence_id": 1,
            "section_id": "4",
            "activity_id": "0",
            "activity_kind": "dragdrop",
            "data": {
                "kind": "MouseReleased",
                "what": "next_btn",
                "which": "Comptages",
                "x": 1555,
                "y": 689
            }
        },
        {
            "user_id": "romain",
            "session_id": "romain_1463670170913",
            "timestamp": 1463670140752,
            "sequence_id": 1,
            "section_id": "4",
            "activity_id": "0",
            "activity_kind": "curvestar",
            "data": {
                "kind": "Click",
                "what": "next_btn",
                "which": "Comptages",
                "x": 1555,
                "y": 689
            }
        },
        {
            "user_id": "romain",
            "session_id": "romain_1463670170913",
            "timestamp": 1463670146622,
            "sequence_id": 1,
            "section_id": "4",
            "activity_id": "1",
            "activity_kind": "curvestar",
            "data": {
                "kind": "MousePressed",
                "what": "previous_btn",
                "which": "Comptages et courbe de croissance dans des conditions optimales",
                "x": 679,
                "y": 684
            }
        },
        {
            "user_id": "romain",
            "session_id": "romain_1463670170913",
            "timestamp": 1463670146745,
            "sequence_id": 1,
            "section_id": "4",
            "activity_id": "1",
            "activity_kind": "curvestar",
            "data": {
                "kind": "MouseReleased",
                "what": "previous_btn",
                "which": "Comptages et courbe de croissance dans des conditions optimales",
                "x": 679,
                "y": 684
            }
        },
        {
            "user_id": "romain",
            "session_id": "romain_1463670170913",
            "timestamp": 1463670146750,
            "sequence_id": 1,
            "section_id": "4",
            "activity_id": "1",
            "activity_kind": "dragdrop",
            "data": {
                "kind": "Click",
                "what": "previous_btn",
                "which": "Comptages et courbe de croissance dans des conditions optimales",
                "x": 679,
                "y": 684
            }
        },
        {
            "user_id": "romain",
            "session_id": "romain_1463670170913",
            "timestamp": 1463670148773,
            "sequence_id": 1,
            "section_id": "4",
            "activity_id": "0",
            "activity_kind": "dragdrop",
            "data": {
                "kind": "MousePressed",
                "what": "previous_btn",
                "which": "Comptages",
                "x": 707,
                "y": 679
            }
        },
        {
            "user_id": "romain",
            "session_id": "romain_1463670170913",
            "timestamp": 1463670148896,
            "sequence_id": 1,
            "section_id": "4",
            "activity_id": "0",
            "activity_kind": "dragdrop",
            "data": {
                "kind": "MouseReleased",
                "what": "previous_btn",
                "which": "Comptages",
                "x": 707,
                "y": 679
            }
        },
        {
            "user_id": "romain",
            "session_id": "romain_1463670170913",
            "timestamp": 1463670148900,
            "sequence_id": 1,
            "section_id": "4",
            "activity_id": "0",
            "activity_kind": "transition",
            "data": {
                "kind": "Click",
                "what": "previous_btn",
                "which": "Comptages",
                "x": 707,
                "y": 679
            }
        },
        {
            "user_id": "romain",
            "session_id": "romain_1463670170913",
            "timestamp": 1463670150466,
            "sequence_id": 1,
            "section_id": "4",
            "activity_id": "-1",
            "activity_kind": "dragdrop",
            "data": {
                "kind": "Click",
                "what": "next_btn",
                "which": "results",
                "x": 1534,
                "y": 691
            }
        },
        {
            "user_id": "romain",
            "session_id": "romain_1463670170913",
            "timestamp": 1463670152438,
            "sequence_id": 1,
            "section_id": "4",
            "activity_id": "0",
            "activity_kind": "dragdrop",
            "data": {
                "kind": "MousePressed",
                "what": "next_btn",
                "which": "Comptages",
                "x": 1534,
                "y": 691
            }
        },
        {
            "user_id": "romain",
            "session_id": "romain_1463670170913",
            "timestamp": 1463670152576,
            "sequence_id": 1,
            "section_id": "4",
            "activity_id": "0",
            "activity_kind": "dragdrop",
            "data": {
                "kind": "MouseReleased",
                "what": "next_btn",
                "which": "Comptages",
                "x": 1534,
                "y": 691
            }
        },
        {
            "user_id": "romain",
            "session_id": "romain_1463670170913",
            "timestamp": 1463670152580,
            "sequence_id": 1,
            "section_id": "4",
            "activity_id": "0",
            "activity_kind": "curvestar",
            "data": {
                "kind": "Click",
                "what": "next_btn",
                "which": "Comptages",
                "x": 1534,
                "y": 691
            }
        },
        {
            "user_id": "romain",
            "session_id": "romain_1463670170913",
            "timestamp": 1463670155818,
            "sequence_id": 1,
            "section_id": "4",
            "activity_id": "1",
            "activity_kind": "curvestar",
            "data": {
                "kind": "MousePressed",
                "what": "previous_btn",
                "which": "Comptages et courbe de croissance dans des conditions optimales",
                "x": 724,
                "y": 702
            }
        },
        {
            "user_id": "romain",
            "session_id": "romain_1463670170913",
            "timestamp": 1463670155911,
            "sequence_id": 1,
            "section_id": "4",
            "activity_id": "1",
            "activity_kind": "curvestar",
            "data": {
                "kind": "MouseReleased",
                "what": "previous_btn",
                "which": "Comptages et courbe de croissance dans des conditions optimales",
                "x": 724,
                "y": 700
            }
        },
        {
            "user_id": "romain",
            "session_id": "romain_1463670170913",
            "timestamp": 1463670155915,
            "sequence_id": 1,
            "section_id": "4",
            "activity_id": "1",
            "activity_kind": "dragdrop",
            "data": {
                "kind": "Click",
                "what": "previous_btn",
                "which": "Comptages et courbe de croissance dans des conditions optimales",
                "x": 724,
                "y": 700
            }
        },
        {
            "user_id": "romain",
            "session_id": "romain_1463670170913",
            "timestamp": 1463670157987,
            "sequence_id": 1,
            "section_id": "4",
            "activity_id": "0",
            "activity_kind": "dragdrop",
            "data": {
                "kind": "MousePressed",
                "what": "next_btn",
                "which": "Comptages",
                "x": 1553,
                "y": 701
            }
        },
        {
            "user_id": "romain",
            "session_id": "romain_1463670170913",
            "timestamp": 1463670158064,
            "sequence_id": 1,
            "section_id": "4",
            "activity_id": "0",
            "activity_kind": "dragdrop",
            "data": {
                "kind": "MouseReleased",
                "what": "next_btn",
                "which": "Comptages",
                "x": 1553,
                "y": 701
            }
        },
        {
            "user_id": "romain",
            "session_id": "romain_1463670170913",
            "timestamp": 1463670158068,
            "sequence_id": 1,
            "section_id": "4",
            "activity_id": "0",
            "activity_kind": "curvestar",
            "data": {
                "kind": "Click",
                "what": "next_btn",
                "which": "Comptages",
                "x": 1553,
                "y": 701
            }
        },
        {
            "user_id": "romain",
            "session_id": "romain_1463670170913",
            "timestamp": 1463670159901,
            "sequence_id": 1,
            "section_id": "4",
            "activity_id": "1",
            "activity_kind": "curvestar",
            "data": {
                "kind": "MousePressed",
                "what": "previous_btn",
                "which": "Comptages et courbe de croissance dans des conditions optimales",
                "x": 670,
                "y": 687
            }
        },
        {
            "user_id": "romain",
            "session_id": "romain_1463670170913",
            "timestamp": 1463670159975,
            "sequence_id": 1,
            "section_id": "4",
            "activity_id": "1",
            "activity_kind": "curvestar",
            "data": {
                "kind": "MouseReleased",
                "what": "previous_btn",
                "which": "Comptages et courbe de croissance dans des conditions optimales",
                "x": 670,
                "y": 687
            }
        },
        {
            "user_id": "romain",
            "session_id": "romain_1463670170913",
            "timestamp": 1463670159979,
            "sequence_id": 1,
            "section_id": "4",
            "activity_id": "1",
            "activity_kind": "dragdrop",
            "data": {
                "kind": "Click",
                "what": "previous_btn",
                "which": "Comptages et courbe de croissance dans des conditions optimales",
                "x": 670,
                "y": 687
            }
        },
        {
            "user_id": "romain",
            "session_id": "romain_1463670170913",
            "timestamp": 1463670163528,
            "sequence_id": 1,
            "section_id": "4",
            "activity_id": "0",
            "activity_kind": "dragdrop",
            "data": {
                "kind": "MousePressed",
                "what": "next_btn",
                "which": "Comptages",
                "x": 1562,
                "y": 690
            }
        },
        {
            "user_id": "romain",
            "session_id": "romain_1463670170913",
            "timestamp": 1463670163591,
            "sequence_id": 1,
            "section_id": "4",
            "activity_id": "0",
            "activity_kind": "dragdrop",
            "data": {
                "kind": "MouseReleased",
                "what": "next_btn",
                "which": "Comptages",
                "x": 1562,
                "y": 690
            }
        },
        {
            "user_id": "romain",
            "session_id": "romain_1463670170913",
            "timestamp": 1463670163595,
            "sequence_id": 1,
            "section_id": "4",
            "activity_id": "0",
            "activity_kind": "curvestar",
            "data": {
                "kind": "Click",
                "what": "next_btn",
                "which": "Comptages",
                "x": 1562,
                "y": 690
            }
        },
        {
            "user_id": "romain",
            "session_id": "romain_1463670170913",
            "timestamp": 1463670166196,
            "sequence_id": 1,
            "section_id": "4",
            "activity_id": "1",
            "activity_kind": "curvestar",
            "data": {
                "kind": "MousePressed",
                "what": "next_btn",
                "which": "Comptages et courbe de croissance dans des conditions optimales",
                "x": 1516,
                "y": 694
            }
        },
        {
            "user_id": "romain",
            "session_id": "romain_1463670170913",
            "timestamp": 1463670166271,
            "sequence_id": 1,
            "section_id": "4",
            "activity_id": "1",
            "activity_kind": "curvestar",
            "data": {
                "kind": "MouseReleased",
                "what": "next_btn",
                "which": "Comptages et courbe de croissance dans des conditions optimales",
                "x": 1516,
                "y": 694
            }
        },
        {
            "user_id": "romain",
            "session_id": "romain_1463670170913",
            "timestamp": 1463670166276,
            "sequence_id": 1,
            "section_id": "4",
            "activity_id": "1",
            "activity_kind": "curvestar",
            "data": {
                "kind": "Click",
                "what": "next_btn",
                "which": "Comptages et courbe de croissance dans des conditions optimales",
                "x": 1516,
                "y": 694
            }
        },
        {
            "user_id": "romain",
            "session_id": "romain_1463670170913",
            "timestamp": 1463670167524,
            "sequence_id": 1,
            "section_id": "4",
            "activity_id": "1",
            "activity_kind": "curvestar",
            "data": {
                "kind": "MousePressed",
                "what": "next_btn",
                "which": "Comptages et courbe de croissance dans des conditions optimales",
                "x": 1547,
                "y": 685
            }
        },
        {
            "user_id": "romain",
            "session_id": "romain_1463670170913",
            "timestamp": 1463670167607,
            "sequence_id": 1,
            "section_id": "4",
            "activity_id": "1",
            "activity_kind": "curvestar",
            "data": {
                "kind": "MouseReleased",
                "what": "next_btn",
                "which": "Comptages et courbe de croissance dans des conditions optimales",
                "x": 1547,
                "y": 685
            }
        },
        {
            "user_id": "romain",
            "session_id": "romain_1463670170913",
            "timestamp": 1463670167614,
            "sequence_id": 1,
            "section_id": "4",
            "activity_id": "1",
            "activity_kind": "dragdrop",
            "data": {
                "kind": "Click",
                "what": "next_btn",
                "which": "Comptages et courbe de croissance dans des conditions optimales",
                "x": 1547,
                "y": 685
            }
        },
        {
            "user_id": "romain",
            "session_id": "romain_1463670170913",
            "timestamp": 1463670169236,
            "sequence_id": 1,
            "section_id": "4",
            "activity_id": "2",
            "activity_kind": "dragdrop",
            "data": {
                "kind": "MousePressed",
                "what": "correct_btn",
                "which": "Proportions des phases dans le cycle cellulaire",
                "x": 1541,
                "y": 694
            }
        },
        {
            "user_id": "romain",
            "session_id": "romain_1463670170913",
            "timestamp": 1463670169327,
            "sequence_id": 1,
            "section_id": "4",
            "activity_id": "2",
            "activity_kind": "dragdrop",
            "data": {
                "kind": "MouseReleased",
                "what": "correct_btn",
                "which": "Proportions des phases dans le cycle cellulaire",
                "x": 1541,
                "y": 694
            }
        },
        {
            "user_id": "romain",
            "session_id": "romain_1463670170913",
            "timestamp": 1463670169332,
            "sequence_id": 1,
            "section_id": "4",
            "activity_id": "2",
            "activity_kind": "dragdrop",
            "data": {
                "kind": "Click",
                "what": "correct_btn",
                "which": "Proportions des phases dans le cycle cellulaire",
                "x": 1541,
                "y": 694
            }
        },
        {
            "user_id": "romain",
            "session_id": "romain_1463670170913",
            "timestamp": 1463670169774,
            "sequence_id": 1,
            "section_id": "4",
            "activity_id": "2",
            "activity_kind": "dragdrop",
            "data": {
                "kind": "MousePressed",
                "what": "correct_btn",
                "which": "Proportions des phases dans le cycle cellulaire",
                "x": 1545,
                "y": 692
            }
        },
        {
            "user_id": "romain",
            "session_id": "romain_1463670170913",
            "timestamp": 1463670169871,
            "sequence_id": 1,
            "section_id": "4",
            "activity_id": "2",
            "activity_kind": "dragdrop",
            "data": {
                "kind": "MouseReleased",
                "what": "correct_btn",
                "which": "Proportions des phases dans le cycle cellulaire",
                "x": 1545,
                "y": 692
            }
        },
        {
            "user_id": "romain",
            "session_id": "romain_1463670170913",
            "timestamp": 1463670169875,
            "sequence_id": 1,
            "section_id": "4",
            "activity_id": "2",
            "activity_kind": "dragdrop",
            "data": {
                "kind": "Click",
                "what": "correct_btn",
                "which": "Proportions des phases dans le cycle cellulaire",
                "x": 1545,
                "y": 692
            }
        },
        {
            "user_id": "romain",
            "session_id": "romain_1463670170913",
            "timestamp": 1463670170181,
            "sequence_id": 1,
            "section_id": "4",
            "activity_id": "2",
            "activity_kind": "dragdrop",
            "data": {
                "kind": "MousePressed",
                "what": "correct_btn",
                "which": "Proportions des phases dans le cycle cellulaire",
                "x": 1550,
                "y": 696
            }
        },
        {
            "user_id": "romain",
            "session_id": "romain_1463670170913",
            "timestamp": 1463670170271,
            "sequence_id": 1,
            "section_id": "4",
            "activity_id": "2",
            "activity_kind": "dragdrop",
            "data": {
                "kind": "MouseReleased",
                "what": "correct_btn",
                "which": "Proportions des phases dans le cycle cellulaire",
                "x": 1550,
                "y": 696
            }
        },
        {
            "user_id": "romain",
            "session_id": "romain_1463670170913",
            "timestamp": 1463670170274,
            "sequence_id": 1,
            "section_id": "4",
            "activity_id": "2",
            "activity_kind": "dragdrop",
            "data": {
                "kind": "Click",
                "what": "correct_btn",
                "which": "Proportions des phases dans le cycle cellulaire",
                "x": 1550,
                "y": 696
            }
        },
        {
            "user_id": "romain",
            "session_id": "romain_1463670170913",
            "timestamp": 1463670170973,
            "sequence_id": 1,
            "section_id": "4",
            "activity_id": "2",
            "activity_kind": "dragdrop",
            "data": {
                "kind": "MousePressed",
                "what": "next_btn",
                "which": "Proportions des phases dans le cycle cellulaire",
                "x": 1555,
                "y": 695
            }
        },
        {
            "user_id": "romain",
            "session_id": "romain_1463670170913",
            "timestamp": 1463670171047,
            "sequence_id": 1,
            "section_id": "4",
            "activity_id": "2",
            "activity_kind": "dragdrop",
            "data": {
                "kind": "MouseReleased",
                "what": "next_btn",
                "which": "Proportions des phases dans le cycle cellulaire",
                "x": 1555,
                "y": 695
            }
        },
        {
            "user_id": "romain",
            "session_id": "romain_1463670170913",
            "timestamp": 1463670171051,
            "sequence_id": 1,
            "section_id": "4",
            "activity_id": "2",
            "activity_kind": "dragdrop",
            "data": {
                "kind": "Click",
                "what": "next_btn",
                "which": "Proportions des phases dans le cycle cellulaire",
                "x": 1555,
                "y": 695
            }
        },
        {
            "user_id": "romain",
            "session_id": "romain_1463670170913",
            "timestamp": 1463670172542,
            "sequence_id": 1,
            "section_id": "4",
            "activity_id": "2",
            "activity_kind": "dragdrop",
            "data": {
                "kind": "MousePressed",
                "what": "next_btn",
                "which": "Proportions des phases dans le cycle cellulaire",
                "x": 1527,
                "y": 687
            }
        },
        {
            "user_id": "romain",
            "session_id": "romain_1463670170913",
            "timestamp": 1463670172623,
            "sequence_id": 1,
            "section_id": "4",
            "activity_id": "2",
            "activity_kind": "dragdrop",
            "data": {
                "kind": "MouseReleased",
                "what": "next_btn",
                "which": "Proportions des phases dans le cycle cellulaire",
                "x": 1527,
                "y": 687
            }
        },
        {
            "user_id": "romain",
            "session_id": "romain_1463670170913",
            "timestamp": 1463670172638,
            "sequence_id": 1,
            "section_id": "4",
            "activity_id": "2",
            "activity_kind": "dragdrop",
            "data": {
                "kind": "Click",
                "what": "next_btn",
                "which": "Proportions des phases dans le cycle cellulaire",
                "x": 1527,
                "y": 687
            }
        },
        {
            "user_id": "romain",
            "session_id": "romain_1463670170913",
            "timestamp": 1463670178427,
            "sequence_id": 1,
            "section_id": "4",
            "activity_id": "3",
            "activity_kind": "dragdrop",
            "data": {
                "kind": "MousePressed",
                "what": "DD_sticker",
                "which": "1h00",
                "x": 1533,
                "y": 283
            }
        },
        {
            "user_id": "romain",
            "session_id": "romain_1463670170913",
            "timestamp": 1463670179999,
            "sequence_id": 1,
            "section_id": "4",
            "activity_id": "3",
            "activity_kind": "dragdrop",
            "data": {
                "kind": "MouseReleased",
                "what": "DD_sticker",
                "which": "1h00",
                "x": 1160,
                "y": 312
            }
        },
        {
            "user_id": "romain",
            "session_id": "romain_1463670170913",
            "timestamp": 1463670181638,
            "sequence_id": 1,
            "section_id": "4",
            "activity_id": "3",
            "activity_kind": "dragdrop",
            "data": {
                "kind": "MousePressed",
                "what": "DD_sticker",
                "which": "1h00",
                "x": 1528,
                "y": 284
            }
        },
        {
            "user_id": "romain",
            "session_id": "romain_1463670170913",
            "timestamp": 1463670182631,
            "sequence_id": 1,
            "section_id": "4",
            "activity_id": "3",
            "activity_kind": "dragdrop",
            "data": {
                "kind": "MouseReleased",
                "what": "DD_sticker",
                "which": "1h00",
                "x": 767,
                "y": 521
            }
        },
        {
            "user_id": "romain",
            "session_id": "romain_1463670170913",
            "timestamp": 1463670184384,
            "sequence_id": 1,
            "section_id": "4",
            "activity_id": "3",
            "activity_kind": "dragdrop",
            "data": {
                "kind": "MousePressed",
                "what": "DD_sticker",
                "which": "4h45",
                "x": 1445,
                "y": 275
            }
        },
        {
            "user_id": "romain",
            "session_id": "romain_1463670170913",
            "timestamp": 1463670185336,
            "sequence_id": 1,
            "section_id": "4",
            "activity_id": "3",
            "activity_kind": "dragdrop",
            "data": {
                "kind": "MouseReleased",
                "what": "DD_sticker",
                "which": "4h45",
                "x": 1135,
                "y": 290
            }
        },
        {
            "user_id": "romain",
            "session_id": "romain_1463670170913",
            "timestamp": 1463670186528,
            "sequence_id": 1,
            "section_id": "4",
            "activity_id": "3",
            "activity_kind": "dragdrop",
            "data": {
                "kind": "MousePressed",
                "what": "DD_sticker",
                "which": "0h30",
                "x": 1463,
                "y": 366
            }
        },
        {
            "user_id": "romain",
            "session_id": "romain_1463670170913",
            "timestamp": 1463670187135,
            "sequence_id": 1,
            "section_id": "4",
            "activity_id": "3",
            "activity_kind": "dragdrop",
            "data": {
                "kind": "MouseReleased",
                "what": "DD_sticker",
                "which": "0h30",
                "x": 1174,
                "y": 304
            }
        },
        {
            "user_id": "romain",
            "session_id": "romain_1463670170913",
            "timestamp": 1463670188373,
            "sequence_id": 1,
            "section_id": "4",
            "activity_id": "3",
            "activity_kind": "dragdrop",
            "data": {
                "kind": "MousePressed",
                "what": "DD_sticker",
                "which": "20h",
                "x": 1366,
                "y": 296
            }
        },
        {
            "user_id": "romain",
            "session_id": "romain_1463670170913",
            "timestamp": 1463670188888,
            "sequence_id": 1,
            "section_id": "4",
            "activity_id": "3",
            "activity_kind": "dragdrop",
            "data": {
                "kind": "MouseReleased",
                "what": "DD_sticker",
                "which": "20h",
                "x": 1156,
                "y": 306
            }
        },
        {
            "user_id": "romain",
            "session_id": "romain_1463670170913",
            "timestamp": 1463670189629,
            "sequence_id": 1,
            "section_id": "4",
            "activity_id": "3",
            "activity_kind": "dragdrop",
            "data": {
                "kind": "MousePressed",
                "what": "DD_sticker",
                "which": "9h",
                "x": 1293,
                "y": 283
            }
        },
        {
            "user_id": "romain",
            "session_id": "romain_1463670170913",
            "timestamp": 1463670190224,
            "sequence_id": 1,
            "section_id": "4",
            "activity_id": "3",
            "activity_kind": "dragdrop",
            "data": {
                "kind": "MouseReleased",
                "what": "DD_sticker",
                "which": "9h",
                "x": 1175,
                "y": 302
            }
        },
        {
            "user_id": "romain",
            "session_id": "romain_1463670170913",
            "timestamp": 1463670192581,
            "sequence_id": 1,
            "section_id": "4",
            "activity_id": "3",
            "activity_kind": "dragdrop",
            "data": {
                "kind": "MousePressed",
                "what": "DD_sticker",
                "which": "1h00",
                "x": 790,
                "y": 520
            }
        },
        {
            "user_id": "romain",
            "session_id": "romain_1463670170913",
            "timestamp": 1463670193495,
            "sequence_id": 1,
            "section_id": "4",
            "activity_id": "3",
            "activity_kind": "dragdrop",
            "data": {
                "kind": "MouseReleased",
                "what": "DD_sticker",
                "which": "1h00",
                "x": 770,
                "y": 306
            }
        },
        {
            "user_id": "romain",
            "session_id": "romain_1463670170913",
            "timestamp": 1463670194613,
            "sequence_id": 1,
            "section_id": "4",
            "activity_id": "3",
            "activity_kind": "dragdrop",
            "data": {
                "kind": "MousePressed",
                "what": "DD_sticker",
                "which": "1h00",
                "x": 758,
                "y": 530
            }
        },
        {
            "user_id": "romain",
            "session_id": "romain_1463670170913",
            "timestamp": 1463670194711,
            "sequence_id": 1,
            "section_id": "4",
            "activity_id": "3",
            "activity_kind": "dragdrop",
            "data": {
                "kind": "MouseReleased",
                "what": "DD_sticker",
                "which": "1h00",
                "x": 758,
                "y": 530
            }
        },
        {
            "user_id": "romain",
            "session_id": "romain_1463670170913",
            "timestamp": 1463670195553,
            "sequence_id": 1,
            "section_id": "4",
            "activity_id": "3",
            "activity_kind": "dragdrop",
            "data": {
                "kind": "MousePressed",
                "what": "main_pane",
                "which": "Proportions et durée des phases dans le cycle cellulaire",
                "x": 667,
                "y": 528
            }
        },
        {
            "user_id": "romain",
            "session_id": "romain_1463670170913",
            "timestamp": 1463670195655,
            "sequence_id": 1,
            "section_id": "4",
            "activity_id": "3",
            "activity_kind": "dragdrop",
            "data": {
                "kind": "MouseReleased",
                "what": "main_pane",
                "which": "Proportions et durée des phases dans le cycle cellulaire",
                "x": 667,
                "y": 528
            }
        },
        {
            "user_id": "romain",
            "session_id": "romain_1463670170913",
            "timestamp": 1463670195657,
            "sequence_id": 1,
            "section_id": "4",
            "activity_id": "3",
            "activity_kind": "dragdrop",
            "data": {
                "kind": "Click",
                "what": "main_pane",
                "which": "Proportions et durée des phases dans le cycle cellulaire",
                "x": 667,
                "y": 528
            }
        },
        {
            "user_id": "romain",
            "session_id": "romain_1463670170913",
            "timestamp": 1463670196479,
            "sequence_id": 1,
            "section_id": "4",
            "activity_id": "3",
            "activity_kind": "dragdrop",
            "data": {
                "kind": "MousePressed",
                "what": "DD_sticker",
                "which": "1h00",
                "x": 770,
                "y": 545
            }
        },
        {
            "user_id": "romain",
            "session_id": "romain_1463670170913",
            "timestamp": 1463670196751,
            "sequence_id": 1,
            "section_id": "4",
            "activity_id": "3",
            "activity_kind": "dragdrop",
            "data": {
                "kind": "MouseReleased",
                "what": "DD_sticker",
                "which": "1h00",
                "x": 1009,
                "y": 576
            }
        },
        {
            "user_id": "romain",
            "session_id": "romain_1463670170913",
            "timestamp": 1463670200013,
            "sequence_id": 1,
            "section_id": "4",
            "activity_id": "3",
            "activity_kind": "dragdrop",
            "data": {
                "kind": "MousePressed",
                "what": "btn_bar",
                "which": "Proportions et durée des phases dans le cycle cellulaire",
                "x": 1515,
                "y": 687
            }
        },
        {
            "user_id": "romain",
            "session_id": "romain_1463670170913",
            "timestamp": 1463670200095,
            "sequence_id": 1,
            "section_id": "4",
            "activity_id": "3",
            "activity_kind": "dragdrop",
            "data": {
                "kind": "MouseReleased",
                "what": "btn_bar",
                "which": "Proportions et durée des phases dans le cycle cellulaire",
                "x": 1516,
                "y": 687
            }
        },
        {
            "user_id": "romain",
            "session_id": "romain_1463670170913",
            "timestamp": 1463670200099,
            "sequence_id": 1,
            "section_id": "4",
            "activity_id": "3",
            "activity_kind": "dragdrop",
            "data": {
                "kind": "Click",
                "what": "btn_bar",
                "which": "Proportions et durée des phases dans le cycle cellulaire",
                "x": 1516,
                "y": 687
            }
        },
        {
            "user_id": "romain",
            "session_id": "romain_1463670170913",
            "timestamp": 1463670202480,
            "sequence_id": 1,
            "section_id": "4",
            "activity_id": "3",
            "activity_kind": "dragdrop",
            "data": {
                "kind": "MousePressed",
                "what": "btn_bar",
                "which": "Proportions et durée des phases dans le cycle cellulaire",
                "x": 1526,
                "y": 690
            }
        },
        {
            "user_id": "romain",
            "session_id": "romain_1463670170913",
            "timestamp": 1463670202584,
            "sequence_id": 1,
            "section_id": "4",
            "activity_id": "3",
            "activity_kind": "dragdrop",
            "data": {
                "kind": "MouseReleased",
                "what": "btn_bar",
                "which": "Proportions et durée des phases dans le cycle cellulaire",
                "x": 1526,
                "y": 690
            }
        },
        {
            "user_id": "romain",
            "session_id": "romain_1463670170913",
            "timestamp": 1463670202589,
            "sequence_id": 1,
            "section_id": "4",
            "activity_id": "3",
            "activity_kind": "transition",
            "data": {
                "kind": "Click",
                "what": "btn_bar",
                "which": "Proportions et durée des phases dans le cycle cellulaire",
                "x": 1526,
                "y": 690
            }
        },
        {
            "user_id": "romain",
            "session_id": "romain_1463670170913",
            "timestamp": 1463670204261,
            "sequence_id": 1,
            "section_id": "5",
            "activity_id": "-1",
            "activity_kind": "synthesis",
            "data": {
                "kind": "Click",
                "what": "next_btn",
                "which": "synthesis",
                "x": 1554,
                "y": 688
            }
        },
        {
            "user_id": "romain",
            "session_id": "romain_1463670170913",
            "timestamp": 1463670205731,
            "sequence_id": 1,
            "section_id": "5",
            "activity_id": "0",
            "activity_kind": "synthesis",
            "data": {
                "kind": "Click",
                "what": "correct_btn",
                "which": "Synthèse",
                "x": 1549,
                "y": 693
            }
        },
        {
            "user_id": "romain",
            "session_id": "romain_1463670170913",
            "timestamp": 1463670206075,
            "sequence_id": 1,
            "section_id": "5",
            "activity_id": "0",
            "activity_kind": "synthesis",
            "data": {
                "kind": "Click",
                "what": "correct_btn",
                "which": "Synthèse",
                "x": 1549,
                "y": 693
            }
        },
        {
            "user_id": "romain",
            "session_id": "romain_1463670170913",
            "timestamp": 1463670206459,
            "sequence_id": 1,
            "section_id": "5",
            "activity_id": "0",
            "activity_kind": "synthesis",
            "data": {
                "kind": "Click",
                "what": "correct_btn",
                "which": "Synthèse",
                "x": 1546,
                "y": 693
            }
        },
        {
            "user_id": "romain",
            "session_id": "romain_1463670170913",
            "timestamp": 1463670207376,
            "sequence_id": 1,
            "section_id": "5",
            "activity_id": "0",
            "activity_kind": "synthesis",
            "data": {
                "kind": "Click",
                "what": "end_btn",
                "which": "Synthèse",
                "x": 1536,
                "y": 688
            }
        },
        {
            "user_id": "romain",
            "session_id": "romain_1463670170913",
            "timestamp": 1463670214626,
            "sequence_id": 1,
            "section_id": 5,
            "activity_id": 0,
            "activity_kind": "synthesis",
            "data": {
                "kind": "Click",
                "what": "menu_item",
                "which": "Synthèse",
                "x": 484,
                "y": 681
            }
        },
        {
            "user_id": "romain",
            "session_id": "romain_1463670170913",
            "timestamp": 1463670217297,
            "sequence_id": 1,
            "section_id": "5",
            "activity_id": "0",
            "activity_kind": "synthesis",
            "data": {
                "kind": "Click",
                "what": "end_btn",
                "which": "Synthèse",
                "x": 1566,
                "y": 687
            }
        }
    ]
}