{
    "events": [
        {
            "user_id": "romain",
            "session_id": "romain_1463936499222",
            "timestamp": 1463936433059,
            "sequence_id": 2,
            "section_id": "0",
            "activity_id": "-1",
            "activity_kind": "dragdrop",
            "data": {
                "kind": "Click",
                "what": "next_btn",
                "which": "requirements",
                "x": 1523,
                "y": 696
            }
        },
        {
            "user_id": "romain",
            "session_id": "romain_1463936499222",
            "timestamp": 1463936434987,
            "sequence_id": 2,
            "section_id": "0",
            "activity_id": "0",
            "activity_kind": "dragdrop",
            "data": {
                "kind": "MousePressed",
                "what": "correct_btn",
                "which": "Les checkpoints du cycle cellulaire",
                "x": 1521,
                "y": 694
            }
        },
        {
            "user_id": "romain",
            "session_id": "romain_1463936499222",
            "timestamp": 1463936435070,
            "sequence_id": 2,
            "section_id": "0",
            "activity_id": "0",
            "activity_kind": "dragdrop",
            "data": {
                "kind": "MouseReleased",
                "what": "correct_btn",
                "which": "Les checkpoints du cycle cellulaire",
                "x": 1521,
                "y": 694
            }
        },
        {
            "user_id": "romain",
            "session_id": "romain_1463936499222",
            "timestamp": 1463936435072,
            "sequence_id": 2,
            "section_id": "0",
            "activity_id": "0",
            "activity_kind": "dragdrop",
            "data": {
                "kind": "Click",
                "what": "correct_btn",
                "which": "Les checkpoints du cycle cellulaire",
                "x": 1521,
                "y": 694
            }
        },
        {
            "user_id": "romain",
            "session_id": "romain_1463936499222",
            "timestamp": 1463936436697,
            "sequence_id": 2,
            "section_id": "0",
            "activity_id": "0",
            "activity_kind": "dragdrop",
            "data": {
                "kind": "MousePressed",
                "what": "correct_btn",
                "which": "Les checkpoints du cycle cellulaire",
                "x": 1564,
                "y": 677
            }
        },
        {
            "user_id": "romain",
            "session_id": "romain_1463936499222",
            "timestamp": 1463936436815,
            "sequence_id": 2,
            "section_id": "0",
            "activity_id": "0",
            "activity_kind": "dragdrop",
            "data": {
                "kind": "MouseReleased",
                "what": "correct_btn",
                "which": "Les checkpoints du cycle cellulaire",
                "x": 1564,
                "y": 677
            }
        },
        {
            "user_id": "romain",
            "session_id": "romain_1463936499222",
            "timestamp": 1463936436817,
            "sequence_id": 2,
            "section_id": "0",
            "activity_id": "0",
            "activity_kind": "dragdrop",
            "data": {
                "kind": "Click",
                "what": "correct_btn",
                "which": "Les checkpoints du cycle cellulaire",
                "x": 1564,
                "y": 677
            }
        },
        {
            "user_id": "romain",
            "session_id": "romain_1463936499222",
            "timestamp": 1463936436983,
            "sequence_id": 2,
            "section_id": "0",
            "activity_id": "0",
            "activity_kind": "dragdrop",
            "data": {
                "kind": "MousePressed",
                "what": "correct_btn",
                "which": "Les checkpoints du cycle cellulaire",
                "x": 1560,
                "y": 684
            }
        },
        {
            "user_id": "romain",
            "session_id": "romain_1463936499222",
            "timestamp": 1463936437118,
            "sequence_id": 2,
            "section_id": "0",
            "activity_id": "0",
            "activity_kind": "dragdrop",
            "data": {
                "kind": "MouseReleased",
                "what": "correct_btn",
                "which": "Les checkpoints du cycle cellulaire",
                "x": 1560,
                "y": 684
            }
        },
        {
            "user_id": "romain",
            "session_id": "romain_1463936499222",
            "timestamp": 1463936437119,
            "sequence_id": 2,
            "section_id": "0",
            "activity_id": "0",
            "activity_kind": "dragdrop",
            "data": {
                "kind": "Click",
                "what": "correct_btn",
                "which": "Les checkpoints du cycle cellulaire",
                "x": 1560,
                "y": 684
            }
        },
        {
            "user_id": "romain",
            "session_id": "romain_1463936499222",
            "timestamp": 1463936437254,
            "sequence_id": 2,
            "section_id": "0",
            "activity_id": "0",
            "activity_kind": "dragdrop",
            "data": {
                "kind": "MousePressed",
                "what": "next_btn",
                "which": "Les checkpoints du cycle cellulaire",
                "x": 1552,
                "y": 685
            }
        },
        {
            "user_id": "romain",
            "session_id": "romain_1463936499222",
            "timestamp": 1463936437335,
            "sequence_id": 2,
            "section_id": "0",
            "activity_id": "0",
            "activity_kind": "dragdrop",
            "data": {
                "kind": "MouseReleased",
                "what": "next_btn",
                "which": "Les checkpoints du cycle cellulaire",
                "x": 1552,
                "y": 685
            }
        },
        {
            "user_id": "romain",
            "session_id": "romain_1463936499222",
            "timestamp": 1463936437338,
            "sequence_id": 2,
            "section_id": "0",
            "activity_id": "0",
            "activity_kind": "dragdrop",
            "data": {
                "kind": "Click",
                "what": "next_btn",
                "which": "Les checkpoints du cycle cellulaire",
                "x": 1552,
                "y": 685
            }
        },
        {
            "user_id": "romain",
            "session_id": "romain_1463936499222",
            "timestamp": 1463936438217,
            "sequence_id": 2,
            "section_id": "0",
            "activity_id": "0",
            "activity_kind": "dragdrop",
            "data": {
                "kind": "MousePressed",
                "what": "next_btn",
                "which": "Les checkpoints du cycle cellulaire",
                "x": 1546,
                "y": 694
            }
        },
        {
            "user_id": "romain",
            "session_id": "romain_1463936499222",
            "timestamp": 1463936438286,
            "sequence_id": 2,
            "section_id": "0",
            "activity_id": "0",
            "activity_kind": "dragdrop",
            "data": {
                "kind": "MouseReleased",
                "what": "next_btn",
                "which": "Les checkpoints du cycle cellulaire",
                "x": 1546,
                "y": 694
            }
        },
        {
            "user_id": "romain",
            "session_id": "romain_1463936499222",
            "timestamp": 1463936438293,
            "sequence_id": 2,
            "section_id": "0",
            "activity_id": "0",
            "activity_kind": "dragdrop",
            "data": {
                "kind": "Click",
                "what": "next_btn",
                "which": "Les checkpoints du cycle cellulaire",
                "x": 1546,
                "y": 694
            }
        },
        {
            "user_id": "romain",
            "session_id": "romain_1463936499222",
            "timestamp": 1463936439176,
            "sequence_id": 2,
            "section_id": "0",
            "activity_id": "1",
            "activity_kind": "dragdrop",
            "data": {
                "kind": "MousePressed",
                "what": "correct_btn",
                "which": "Contenu ADN dans les différentes phases",
                "x": 1538,
                "y": 697
            }
        },
        {
            "user_id": "romain",
            "session_id": "romain_1463936499222",
            "timestamp": 1463936439262,
            "sequence_id": 2,
            "section_id": "0",
            "activity_id": "1",
            "activity_kind": "dragdrop",
            "data": {
                "kind": "MouseReleased",
                "what": "correct_btn",
                "which": "Contenu ADN dans les différentes phases",
                "x": 1538,
                "y": 697
            }
        },
        {
            "user_id": "romain",
            "session_id": "romain_1463936499222",
            "timestamp": 1463936439265,
            "sequence_id": 2,
            "section_id": "0",
            "activity_id": "1",
            "activity_kind": "dragdrop",
            "data": {
                "kind": "Click",
                "what": "correct_btn",
                "which": "Contenu ADN dans les différentes phases",
                "x": 1538,
                "y": 697
            }
        },
        {
            "user_id": "romain",
            "session_id": "romain_1463936499222",
            "timestamp": 1463936439873,
            "sequence_id": 2,
            "section_id": "0",
            "activity_id": "1",
            "activity_kind": "dragdrop",
            "data": {
                "kind": "MousePressed",
                "what": "correct_btn",
                "which": "Contenu ADN dans les différentes phases",
                "x": 1534,
                "y": 685
            }
        },
        {
            "user_id": "romain",
            "session_id": "romain_1463936499222",
            "timestamp": 1463936439942,
            "sequence_id": 2,
            "section_id": "0",
            "activity_id": "1",
            "activity_kind": "dragdrop",
            "data": {
                "kind": "MouseReleased",
                "what": "correct_btn",
                "which": "Contenu ADN dans les différentes phases",
                "x": 1534,
                "y": 685
            }
        },
        {
            "user_id": "romain",
            "session_id": "romain_1463936499222",
            "timestamp": 1463936439944,
            "sequence_id": 2,
            "section_id": "0",
            "activity_id": "1",
            "activity_kind": "dragdrop",
            "data": {
                "kind": "Click",
                "what": "correct_btn",
                "which": "Contenu ADN dans les différentes phases",
                "x": 1534,
                "y": 685
            }
        },
        {
            "user_id": "romain",
            "session_id": "romain_1463936499222",
            "timestamp": 1463936440264,
            "sequence_id": 2,
            "section_id": "0",
            "activity_id": "1",
            "activity_kind": "dragdrop",
            "data": {
                "kind": "MousePressed",
                "what": "correct_btn",
                "which": "Contenu ADN dans les différentes phases",
                "x": 1533,
                "y": 696
            }
        },
        {
            "user_id": "romain",
            "session_id": "romain_1463936499222",
            "timestamp": 1463936440326,
            "sequence_id": 2,
            "section_id": "0",
            "activity_id": "1",
            "activity_kind": "dragdrop",
            "data": {
                "kind": "MouseReleased",
                "what": "correct_btn",
                "which": "Contenu ADN dans les différentes phases",
                "x": 1533,
                "y": 696
            }
        },
        {
            "user_id": "romain",
            "session_id": "romain_1463936499222",
            "timestamp": 1463936440328,
            "sequence_id": 2,
            "section_id": "0",
            "activity_id": "1",
            "activity_kind": "dragdrop",
            "data": {
                "kind": "Click",
                "what": "correct_btn",
                "which": "Contenu ADN dans les différentes phases",
                "x": 1533,
                "y": 696
            }
        },
        {
            "user_id": "romain",
            "session_id": "romain_1463936499222",
            "timestamp": 1463936440617,
            "sequence_id": 2,
            "section_id": "0",
            "activity_id": "1",
            "activity_kind": "dragdrop",
            "data": {
                "kind": "MouseReleased",
                "what": "next_btn",
                "which": "Contenu ADN dans les différentes phases",
                "x": 1533,
                "y": 695
            }
        }
    ]
}