{
    "events": [
        {
            "user_id": "root",
            "session_id": "root_1464194096049",
            "timestamp": 1464194026366,
            "sequence_id": 2,
            "section_id": "0",
            "activity_id": "-1",
            "activity_kind": "dragdrop",
            "data": {
                "kind": "Click",
                "what": "next_btn",
                "which": "requirements",
                "x": 1540,
                "y": 702
            }
        },
        {
            "user_id": "root",
            "session_id": "root_1464194096049",
            "timestamp": 1464194027495,
            "sequence_id": 2,
            "section_id": "0",
            "activity_id": "0",
            "activity_kind": "dragdrop",
            "data": {
                "kind": "MousePressed",
                "what": "correct_btn",
                "which": "Les checkpoints du cycle cellulaire",
                "x": 1540,
                "y": 702
            }
        },
        {
            "user_id": "root",
            "session_id": "root_1464194096049",
            "timestamp": 1464194027587,
            "sequence_id": 2,
            "section_id": "0",
            "activity_id": "0",
            "activity_kind": "dragdrop",
            "data": {
                "kind": "MouseReleased",
                "what": "correct_btn",
                "which": "Les checkpoints du cycle cellulaire",
                "x": 1540,
                "y": 702
            }
        },
        {
            "user_id": "root",
            "session_id": "root_1464194096049",
            "timestamp": 1464194027591,
            "sequence_id": 2,
            "section_id": "0",
            "activity_id": "0",
            "activity_kind": "dragdrop",
            "data": {
                "kind": "Click",
                "what": "correct_btn",
                "which": "Les checkpoints du cycle cellulaire",
                "x": 1540,
                "y": 702
            }
        },
        {
            "user_id": "root",
            "session_id": "root_1464194096049",
            "timestamp": 1464194028286,
            "sequence_id": 2,
            "section_id": "0",
            "activity_id": "0",
            "activity_kind": "dragdrop",
            "data": {
                "kind": "MousePressed",
                "what": "correct_btn",
                "which": "Les checkpoints du cycle cellulaire",
                "x": 1540,
                "y": 702
            }
        },
        {
            "user_id": "root",
            "session_id": "root_1464194096049",
            "timestamp": 1464194028374,
            "sequence_id": 2,
            "section_id": "0",
            "activity_id": "0",
            "activity_kind": "dragdrop",
            "data": {
                "kind": "MouseReleased",
                "what": "correct_btn",
                "which": "Les checkpoints du cycle cellulaire",
                "x": 1540,
                "y": 702
            }
        },
        {
            "user_id": "root",
            "session_id": "root_1464194096049",
            "timestamp": 1464194028388,
            "sequence_id": 2,
            "section_id": "0",
            "activity_id": "0",
            "activity_kind": "dragdrop",
            "data": {
                "kind": "Click",
                "what": "correct_btn",
                "which": "Les checkpoints du cycle cellulaire",
                "x": 1540,
                "y": 702
            }
        },
        {
            "user_id": "root",
            "session_id": "root_1464194096049",
            "timestamp": 1464194028565,
            "sequence_id": 2,
            "section_id": "0",
            "activity_id": "0",
            "activity_kind": "dragdrop",
            "data": {
                "kind": "MouseReleased",
                "what": "correct_btn",
                "which": "Les checkpoints du cycle cellulaire",
                "x": 1540,
                "y": 702
            }
        },
        {
            "user_id": "root",
            "session_id": "root_1464194096049",
            "timestamp": 1464194028580,
            "sequence_id": 2,
            "section_id": "0",
            "activity_id": "0",
            "activity_kind": "dragdrop",
            "data": {
                "kind": "Click",
                "what": "correct_btn",
                "which": "Les checkpoints du cycle cellulaire",
                "x": 1540,
                "y": 702
            }
        },
        {
            "user_id": "root",
            "session_id": "root_1464194096049",
            "timestamp": 1464194028748,
            "sequence_id": 2,
            "section_id": "0",
            "activity_id": "0",
            "activity_kind": "dragdrop",
            "data": {
                "kind": "MouseReleased",
                "what": "next_btn",
                "which": "Les checkpoints du cycle cellulaire",
                "x": 1540,
                "y": 702
            }
        },
        {
            "user_id": "root",
            "session_id": "root_1464194096049",
            "timestamp": 1464194028827,
            "sequence_id": 2,
            "section_id": "0",
            "activity_id": "0",
            "activity_kind": "dragdrop",
            "data": {
                "kind": "MousePressed",
                "what": "next_btn",
                "which": "Les checkpoints du cycle cellulaire",
                "x": 1540,
                "y": 702
            }
        },
        {
            "user_id": "root",
            "session_id": "root_1464194096049",
            "timestamp": 1464194028939,
            "sequence_id": 2,
            "section_id": "0",
            "activity_id": "0",
            "activity_kind": "dragdrop",
            "data": {
                "kind": "MouseReleased",
                "what": "next_btn",
                "which": "Les checkpoints du cycle cellulaire",
                "x": 1540,
                "y": 702
            }
        },
        {
            "user_id": "root",
            "session_id": "root_1464194096049",
            "timestamp": 1464194028947,
            "sequence_id": 2,
            "section_id": "0",
            "activity_id": "0",
            "activity_kind": "dragdrop",
            "data": {
                "kind": "Click",
                "what": "next_btn",
                "which": "Les checkpoints du cycle cellulaire",
                "x": 1540,
                "y": 702
            }
        },
        {
            "user_id": "root",
            "session_id": "root_1464194096049",
            "timestamp": 1464194029401,
            "sequence_id": 2,
            "section_id": "0",
            "activity_id": "0",
            "activity_kind": "dragdrop",
            "data": {
                "kind": "MousePressed",
                "what": "next_btn",
                "which": "Les checkpoints du cycle cellulaire",
                "x": 1540,
                "y": 702
            }
        },
        {
            "user_id": "root",
            "session_id": "root_1464194096049",
            "timestamp": 1464194029524,
            "sequence_id": 2,
            "section_id": "0",
            "activity_id": "0",
            "activity_kind": "dragdrop",
            "data": {
                "kind": "MouseReleased",
                "what": "next_btn",
                "which": "Les checkpoints du cycle cellulaire",
                "x": 1540,
                "y": 702
            }
        },
        {
            "user_id": "root",
            "session_id": "root_1464194096049",
            "timestamp": 1464194029536,
            "sequence_id": 2,
            "section_id": "0",
            "activity_id": "0",
            "activity_kind": "dragdrop",
            "data": {
                "kind": "Click",
                "what": "next_btn",
                "which": "Les checkpoints du cycle cellulaire",
                "x": 1540,
                "y": 702
            }
        },
        {
            "user_id": "root",
            "session_id": "root_1464194096049",
            "timestamp": 1464194030260,
            "sequence_id": 2,
            "section_id": "0",
            "activity_id": "1",
            "activity_kind": "dragdrop",
            "data": {
                "kind": "MousePressed",
                "what": "correct_btn",
                "which": "Contenu ADN dans les différentes phases",
                "x": 1540,
                "y": 702
            }
        },
        {
            "user_id": "root",
            "session_id": "root_1464194096049",
            "timestamp": 1464194030368,
            "sequence_id": 2,
            "section_id": "0",
            "activity_id": "1",
            "activity_kind": "dragdrop",
            "data": {
                "kind": "MouseReleased",
                "what": "correct_btn",
                "which": "Contenu ADN dans les différentes phases",
                "x": 1540,
                "y": 702
            }
        },
        {
            "user_id": "root",
            "session_id": "root_1464194096049",
            "timestamp": 1464194030371,
            "sequence_id": 2,
            "section_id": "0",
            "activity_id": "1",
            "activity_kind": "dragdrop",
            "data": {
                "kind": "Click",
                "what": "correct_btn",
                "which": "Contenu ADN dans les différentes phases",
                "x": 1540,
                "y": 702
            }
        },
        {
            "user_id": "root",
            "session_id": "root_1464194096049",
            "timestamp": 1464194030471,
            "sequence_id": 2,
            "section_id": "0",
            "activity_id": "1",
            "activity_kind": "dragdrop",
            "data": {
                "kind": "MousePressed",
                "what": "correct_btn",
                "which": "Contenu ADN dans les différentes phases",
                "x": 1540,
                "y": 702
            }
        },
        {
            "user_id": "root",
            "session_id": "root_1464194096049",
            "timestamp": 1464194030578,
            "sequence_id": 2,
            "section_id": "0",
            "activity_id": "1",
            "activity_kind": "dragdrop",
            "data": {
                "kind": "MouseReleased",
                "what": "correct_btn",
                "which": "Contenu ADN dans les différentes phases",
                "x": 1540,
                "y": 702
            }
        },
        {
            "user_id": "root",
            "session_id": "root_1464194096049",
            "timestamp": 1464194030582,
            "sequence_id": 2,
            "section_id": "0",
            "activity_id": "1",
            "activity_kind": "dragdrop",
            "data": {
                "kind": "Click",
                "what": "correct_btn",
                "which": "Contenu ADN dans les différentes phases",
                "x": 1540,
                "y": 702
            }
        },
        {
            "user_id": "root",
            "session_id": "root_1464194096049",
            "timestamp": 1464194030672,
            "sequence_id": 2,
            "section_id": "0",
            "activity_id": "1",
            "activity_kind": "dragdrop",
            "data": {
                "kind": "MousePressed",
                "what": "correct_btn",
                "which": "Contenu ADN dans les différentes phases",
                "x": 1540,
                "y": 702
            }
        },
        {
            "user_id": "root",
            "session_id": "root_1464194096049",
            "timestamp": 1464194030784,
            "sequence_id": 2,
            "section_id": "0",
            "activity_id": "1",
            "activity_kind": "dragdrop",
            "data": {
                "kind": "MouseReleased",
                "what": "correct_btn",
                "which": "Contenu ADN dans les différentes phases",
                "x": 1540,
                "y": 702
            }
        },
        {
            "user_id": "root",
            "session_id": "root_1464194096049",
            "timestamp": 1464194030789,
            "sequence_id": 2,
            "section_id": "0",
            "activity_id": "1",
            "activity_kind": "dragdrop",
            "data": {
                "kind": "Click",
                "what": "correct_btn",
                "which": "Contenu ADN dans les différentes phases",
                "x": 1540,
                "y": 702
            }
        },
        {
            "user_id": "root",
            "session_id": "root_1464194096049",
            "timestamp": 1464194030970,
            "sequence_id": 2,
            "section_id": "0",
            "activity_id": "1",
            "activity_kind": "dragdrop",
            "data": {
                "kind": "MouseReleased",
                "what": "next_btn",
                "which": "Contenu ADN dans les différentes phases",
                "x": 1540,
                "y": 702
            }
        },
        {
            "user_id": "root",
            "session_id": "root_1464194096049",
            "timestamp": 1464194031056,
            "sequence_id": 2,
            "section_id": "0",
            "activity_id": "1",
            "activity_kind": "dragdrop",
            "data": {
                "kind": "MousePressed",
                "what": "next_btn",
                "which": "Contenu ADN dans les différentes phases",
                "x": 1540,
                "y": 702
            }
        },
        {
            "user_id": "root",
            "session_id": "root_1464194096049",
            "timestamp": 1464194031154,
            "sequence_id": 2,
            "section_id": "0",
            "activity_id": "1",
            "activity_kind": "dragdrop",
            "data": {
                "kind": "MouseReleased",
                "what": "next_btn",
                "which": "Contenu ADN dans les différentes phases",
                "x": 1540,
                "y": 702
            }
        },
        {
            "user_id": "root",
            "session_id": "root_1464194096049",
            "timestamp": 1464194031167,
            "sequence_id": 2,
            "section_id": "0",
            "activity_id": "1",
            "activity_kind": "dragdrop",
            "data": {
                "kind": "Click",
                "what": "next_btn",
                "which": "Contenu ADN dans les différentes phases",
                "x": 1540,
                "y": 702
            }
        },
        {
            "user_id": "root",
            "session_id": "root_1464194096049",
            "timestamp": 1464194031752,
            "sequence_id": 2,
            "section_id": "0",
            "activity_id": "1",
            "activity_kind": "dragdrop",
            "data": {
                "kind": "MousePressed",
                "what": "next_btn",
                "which": "Contenu ADN dans les différentes phases",
                "x": 1540,
                "y": 702
            }
        },
        {
            "user_id": "root",
            "session_id": "root_1464194096049",
            "timestamp": 1464194031863,
            "sequence_id": 2,
            "section_id": "0",
            "activity_id": "1",
            "activity_kind": "dragdrop",
            "data": {
                "kind": "MouseReleased",
                "what": "next_btn",
                "which": "Contenu ADN dans les différentes phases",
                "x": 1540,
                "y": 702
            }
        },
        {
            "user_id": "root",
            "session_id": "root_1464194096049",
            "timestamp": 1464194031875,
            "sequence_id": 2,
            "section_id": "0",
            "activity_id": "1",
            "activity_kind": "transition",
            "data": {
                "kind": "Click",
                "what": "next_btn",
                "which": "Contenu ADN dans les différentes phases",
                "x": 1540,
                "y": 702
            }
        },
        {
            "user_id": "root",
            "session_id": "root_1464194096049",
            "timestamp": 1464194032576,
            "sequence_id": 2,
            "section_id": "1",
            "activity_id": "-1",
            "activity_kind": "dragdrop",
            "data": {
                "kind": "Click",
                "what": "next_btn",
                "which": "hypothesis",
                "x": 1540,
                "y": 702
            }
        },
        {
            "user_id": "root",
            "session_id": "root_1464194096049",
            "timestamp": 1464194032659,
            "sequence_id": 2,
            "section_id": "1",
            "activity_id": "0",
            "activity_kind": "dragdrop",
            "data": {
                "kind": "MousePressed",
                "what": "statement_pane",
                "which": "Checkpoint influencé par la privation en facteurs de croissance",
                "x": 1540,
                "y": 702
            }
        },
        {
            "user_id": "root",
            "session_id": "root_1464194096049",
            "timestamp": 1464194032761,
            "sequence_id": 2,
            "section_id": "1",
            "activity_id": "0",
            "activity_kind": "dragdrop",
            "data": {
                "kind": "MouseReleased",
                "what": "statement_pane",
                "which": "Checkpoint influencé par la privation en facteurs de croissance",
                "x": 1540,
                "y": 702
            }
        },
        {
            "user_id": "root",
            "session_id": "root_1464194096049",
            "timestamp": 1464194032764,
            "sequence_id": 2,
            "section_id": "1",
            "activity_id": "0",
            "activity_kind": "dragdrop",
            "data": {
                "kind": "Click",
                "what": "statement_pane",
                "which": "Checkpoint influencé par la privation en facteurs de croissance",
                "x": 1540,
                "y": 702
            }
        },
        {
            "user_id": "root",
            "session_id": "root_1464194096049",
            "timestamp": 1464194033375,
            "sequence_id": 2,
            "section_id": "1",
            "activity_id": "0",
            "activity_kind": "dragdrop",
            "data": {
                "kind": "MousePressed",
                "what": "next_btn",
                "which": "Checkpoint influencé par la privation en facteurs de croissance",
                "x": 1540,
                "y": 702
            }
        },
        {
            "user_id": "root",
            "session_id": "root_1464194096049",
            "timestamp": 1464194033471,
            "sequence_id": 2,
            "section_id": "1",
            "activity_id": "0",
            "activity_kind": "dragdrop",
            "data": {
                "kind": "MouseReleased",
                "what": "next_btn",
                "which": "Checkpoint influencé par la privation en facteurs de croissance",
                "x": 1540,
                "y": 702
            }
        },
        {
            "user_id": "root",
            "session_id": "root_1464194096049",
            "timestamp": 1464194033476,
            "sequence_id": 2,
            "section_id": "1",
            "activity_id": "0",
            "activity_kind": "dragdrop",
            "data": {
                "kind": "Click",
                "what": "next_btn",
                "which": "Checkpoint influencé par la privation en facteurs de croissance",
                "x": 1540,
                "y": 702
            }
        },
        {
            "user_id": "root",
            "session_id": "root_1464194096049",
            "timestamp": 1464194033829,
            "sequence_id": 2,
            "section_id": "1",
            "activity_id": "0",
            "activity_kind": "dragdrop",
            "data": {
                "kind": "MousePressed",
                "what": "next_btn",
                "which": "Checkpoint influencé par la privation en facteurs de croissance",
                "x": 1540,
                "y": 702
            }
        },
        {
            "user_id": "root",
            "session_id": "root_1464194096049",
            "timestamp": 1464194033940,
            "sequence_id": 2,
            "section_id": "1",
            "activity_id": "0",
            "activity_kind": "dragdrop",
            "data": {
                "kind": "MouseReleased",
                "what": "next_btn",
                "which": "Checkpoint influencé par la privation en facteurs de croissance",
                "x": 1540,
                "y": 702
            }
        },
        {
            "user_id": "root",
            "session_id": "root_1464194096049",
            "timestamp": 1464194033949,
            "sequence_id": 2,
            "section_id": "1",
            "activity_id": "0",
            "activity_kind": "curvetest",
            "data": {
                "kind": "Click",
                "what": "next_btn",
                "which": "Checkpoint influencé par la privation en facteurs de croissance",
                "x": 1540,
                "y": 702
            }
        },
        {
            "user_id": "root",
            "session_id": "root_1464194096049",
            "timestamp": 1464194034697,
            "sequence_id": 2,
            "section_id": "1",
            "activity_id": "1",
            "activity_kind": "curvetest",
            "data": {
                "kind": "Click",
                "what": "next_btn",
                "which": "Evolution du nombre de cellules",
                "x": 1540,
                "y": 702
            }
        },
        {
            "user_id": "root",
            "session_id": "root_1464194096049",
            "timestamp": 1464194035142,
            "sequence_id": 2,
            "section_id": "1",
            "activity_id": "1",
            "activity_kind": "transition",
            "data": {
                "kind": "Click",
                "what": "next_btn",
                "which": "Evolution du nombre de cellules",
                "x": 1540,
                "y": 702
            }
        },
        {
            "user_id": "root",
            "session_id": "root_1464194096049",
            "timestamp": 1464194036185,
            "sequence_id": 2,
            "section_id": "2",
            "activity_id": "-1",
            "activity_kind": "planif",
            "data": {
                "kind": "Click",
                "what": "next_btn",
                "which": "protocol",
                "x": 1540,
                "y": 702
            }
        },
        {
            "user_id": "root",
            "session_id": "root_1464194096049",
            "timestamp": 1464194037099,
            "sequence_id": 2,
            "section_id": "2",
            "activity_id": "0",
            "activity_kind": "planif",
            "data": {
                "kind": "Click",
                "what": "correct_btn",
                "which": "Planification du protocole expérimental",
                "x": 1540,
                "y": 702
            }
        },
        {
            "user_id": "root",
            "session_id": "root_1464194096049",
            "timestamp": 1464194037486,
            "sequence_id": 2,
            "section_id": "2",
            "activity_id": "0",
            "activity_kind": "planif",
            "data": {
                "kind": "Click",
                "what": "correct_btn",
                "which": "Planification du protocole expérimental",
                "x": 1540,
                "y": 702
            }
        },
        {
            "user_id": "root",
            "session_id": "root_1464194096049",
            "timestamp": 1464194037711,
            "sequence_id": 2,
            "section_id": "2",
            "activity_id": "0",
            "activity_kind": "planif",
            "data": {
                "kind": "Click",
                "what": "correct_btn",
                "which": "Planification du protocole expérimental",
                "x": 1540,
                "y": 702
            }
        },
        {
            "user_id": "root",
            "session_id": "root_1464194096049",
            "timestamp": 1464194037883,
            "sequence_id": 2,
            "section_id": "2",
            "activity_id": "0",
            "activity_kind": "planif",
            "data": {
                "kind": "Click",
                "what": "next_btn",
                "which": "Planification du protocole expérimental",
                "x": 1540,
                "y": 702
            }
        },
        {
            "user_id": "root",
            "session_id": "root_1464194096049",
            "timestamp": 1464194038494,
            "sequence_id": 2,
            "section_id": "2",
            "activity_id": "0",
            "activity_kind": "dragdrop",
            "data": {
                "kind": "Click",
                "what": "next_btn",
                "which": "Planification du protocole expérimental",
                "x": 1540,
                "y": 702
            }
        },
        {
            "user_id": "root",
            "session_id": "root_1464194096049",
            "timestamp": 1464194039340,
            "sequence_id": 2,
            "section_id": "2",
            "activity_id": "1",
            "activity_kind": "dragdrop",
            "data": {
                "kind": "MousePressed",
                "what": "correct_btn",
                "which": "Nombres de boîtes de Pétri",
                "x": 1540,
                "y": 702
            }
        },
        {
            "user_id": "root",
            "session_id": "root_1464194096049",
            "timestamp": 1464194039441,
            "sequence_id": 2,
            "section_id": "2",
            "activity_id": "1",
            "activity_kind": "dragdrop",
            "data": {
                "kind": "MouseReleased",
                "what": "correct_btn",
                "which": "Nombres de boîtes de Pétri",
                "x": 1540,
                "y": 702
            }
        },
        {
            "user_id": "root",
            "session_id": "root_1464194096049",
            "timestamp": 1464194039445,
            "sequence_id": 2,
            "section_id": "2",
            "activity_id": "1",
            "activity_kind": "dragdrop",
            "data": {
                "kind": "Click",
                "what": "correct_btn",
                "which": "Nombres de boîtes de Pétri",
                "x": 1540,
                "y": 702
            }
        },
        {
            "user_id": "root",
            "session_id": "root_1464194096049",
            "timestamp": 1464194039569,
            "sequence_id": 2,
            "section_id": "2",
            "activity_id": "1",
            "activity_kind": "dragdrop",
            "data": {
                "kind": "MousePressed",
                "what": "correct_btn",
                "which": "Nombres de boîtes de Pétri",
                "x": 1540,
                "y": 702
            }
        },
        {
            "user_id": "root",
            "session_id": "root_1464194096049",
            "timestamp": 1464194039670,
            "sequence_id": 2,
            "section_id": "2",
            "activity_id": "1",
            "activity_kind": "dragdrop",
            "data": {
                "kind": "MouseReleased",
                "what": "correct_btn",
                "which": "Nombres de boîtes de Pétri",
                "x": 1540,
                "y": 702
            }
        },
        {
            "user_id": "root",
            "session_id": "root_1464194096049",
            "timestamp": 1464194039674,
            "sequence_id": 2,
            "section_id": "2",
            "activity_id": "1",
            "activity_kind": "dragdrop",
            "data": {
                "kind": "Click",
                "what": "correct_btn",
                "which": "Nombres de boîtes de Pétri",
                "x": 1540,
                "y": 702
            }
        },
        {
            "user_id": "root",
            "session_id": "root_1464194096049",
            "timestamp": 1464194039856,
            "sequence_id": 2,
            "section_id": "2",
            "activity_id": "1",
            "activity_kind": "dragdrop",
            "data": {
                "kind": "MouseReleased",
                "what": "correct_btn",
                "which": "Nombres de boîtes de Pétri",
                "x": 1540,
                "y": 702
            }
        },
        {
            "user_id": "root",
            "session_id": "root_1464194096049",
            "timestamp": 1464194039859,
            "sequence_id": 2,
            "section_id": "2",
            "activity_id": "1",
            "activity_kind": "dragdrop",
            "data": {
                "kind": "Click",
                "what": "correct_btn",
                "which": "Nombres de boîtes de Pétri",
                "x": 1540,
                "y": 702
            }
        },
        {
            "user_id": "root",
            "session_id": "root_1464194096049",
            "timestamp": 1464194040043,
            "sequence_id": 2,
            "section_id": "2",
            "activity_id": "1",
            "activity_kind": "dragdrop",
            "data": {
                "kind": "MouseReleased",
                "what": "next_btn",
                "which": "Nombres de boîtes de Pétri",
                "x": 1540,
                "y": 702
            }
        },
        {
            "user_id": "root",
            "session_id": "root_1464194096049",
            "timestamp": 1464194040114,
            "sequence_id": 2,
            "section_id": "2",
            "activity_id": "1",
            "activity_kind": "dragdrop",
            "data": {
                "kind": "MousePressed",
                "what": "next_btn",
                "which": "Nombres de boîtes de Pétri",
                "x": 1540,
                "y": 702
            }
        },
        {
            "user_id": "root",
            "session_id": "root_1464194096049",
            "timestamp": 1464194040226,
            "sequence_id": 2,
            "section_id": "2",
            "activity_id": "1",
            "activity_kind": "dragdrop",
            "data": {
                "kind": "MouseReleased",
                "what": "next_btn",
                "which": "Nombres de boîtes de Pétri",
                "x": 1540,
                "y": 702
            }
        },
        {
            "user_id": "root",
            "session_id": "root_1464194096049",
            "timestamp": 1464194040234,
            "sequence_id": 2,
            "section_id": "2",
            "activity_id": "1",
            "activity_kind": "dragdrop",
            "data": {
                "kind": "Click",
                "what": "next_btn",
                "which": "Nombres de boîtes de Pétri",
                "x": 1540,
                "y": 702
            }
        },
        {
            "user_id": "root",
            "session_id": "root_1464194096049",
            "timestamp": 1464194040808,
            "sequence_id": 2,
            "section_id": "2",
            "activity_id": "1",
            "activity_kind": "dragdrop",
            "data": {
                "kind": "MousePressed",
                "what": "next_btn",
                "which": "Nombres de boîtes de Pétri",
                "x": 1540,
                "y": 702
            }
        },
        {
            "user_id": "root",
            "session_id": "root_1464194096049",
            "timestamp": 1464194040895,
            "sequence_id": 2,
            "section_id": "2",
            "activity_id": "1",
            "activity_kind": "dragdrop",
            "data": {
                "kind": "MouseReleased",
                "what": "next_btn",
                "which": "Nombres de boîtes de Pétri",
                "x": 1540,
                "y": 702
            }
        },
        {
            "user_id": "root",
            "session_id": "root_1464194096049",
            "timestamp": 1464194040908,
            "sequence_id": 2,
            "section_id": "2",
            "activity_id": "1",
            "activity_kind": "transition",
            "data": {
                "kind": "Click",
                "what": "next_btn",
                "which": "Nombres de boîtes de Pétri",
                "x": 1540,
                "y": 702
            }
        },
        {
            "user_id": "root",
            "session_id": "root_1464194096049",
            "timestamp": 1464194041760,
            "sequence_id": 2,
            "section_id": "2",
            "activity_id": "2",
            "activity_kind": "transition",
            "data": {
                "kind": "Click",
                "what": "next_btn",
                "which": "Densité cellulaire",
                "x": 1540,
                "y": 702
            }
        },
        {
            "user_id": "root",
            "session_id": "root_1464194096049",
            "timestamp": 1464194042608,
            "sequence_id": 2,
            "section_id": "2",
            "activity_id": "3",
            "activity_kind": "transition",
            "data": {
                "kind": "Click",
                "what": "next_btn",
                "which": "Nombre de cellules par boîte et taille des boîtes",
                "x": 1540,
                "y": 702
            }
        },
        {
            "user_id": "root",
            "session_id": "root_1464194096049",
            "timestamp": 1464194042787,
            "sequence_id": 2,
            "section_id": "2",
            "activity_id": "4",
            "activity_kind": "transition",
            "data": {
                "kind": "Click",
                "what": "transition_pane",
                "which": "Ensemencement",
                "x": 1540,
                "y": 702
            }
        },
        {
            "user_id": "root",
            "session_id": "root_1464194096049",
            "timestamp": 1464194043509,
            "sequence_id": 2,
            "section_id": "2",
            "activity_id": "4",
            "activity_kind": "doublepipette",
            "data": {
                "kind": "Click",
                "what": "next_btn",
                "which": "Ensemencement",
                "x": 1540,
                "y": 702
            }
        },
        {
            "user_id": "root",
            "session_id": "root_1464194096049",
            "timestamp": 1464194044477,
            "sequence_id": 2,
            "section_id": "2",
            "activity_id": "5",
            "activity_kind": "doublepipette",
            "data": {
                "kind": "Click",
                "what": "correct_btn",
                "which": "Changement de milieu",
                "x": 1540,
                "y": 702
            }
        },
        {
            "user_id": "root",
            "session_id": "root_1464194096049",
            "timestamp": 1464194044684,
            "sequence_id": 2,
            "section_id": "2",
            "activity_id": "5",
            "activity_kind": "doublepipette",
            "data": {
                "kind": "Click",
                "what": "correct_btn",
                "which": "Changement de milieu",
                "x": 1540,
                "y": 702
            }
        },
        {
            "user_id": "root",
            "session_id": "root_1464194096049",
            "timestamp": 1464194044876,
            "sequence_id": 2,
            "section_id": "2",
            "activity_id": "5",
            "activity_kind": "doublepipette",
            "data": {
                "kind": "Click",
                "what": "correct_btn",
                "which": "Changement de milieu",
                "x": 1540,
                "y": 702
            }
        },
        {
            "user_id": "root",
            "session_id": "root_1464194096049",
            "timestamp": 1464194045356,
            "sequence_id": 2,
            "section_id": "2",
            "activity_id": "5",
            "activity_kind": "doublepipette",
            "data": {
                "kind": "Click",
                "what": "next_btn",
                "which": "Changement de milieu",
                "x": 1540,
                "y": 702
            }
        },
        {
            "user_id": "root",
            "session_id": "root_1464194096049",
            "timestamp": 1464194046627,
            "sequence_id": 2,
            "section_id": "2",
            "activity_id": "5",
            "activity_kind": "transition",
            "data": {
                "kind": "Click",
                "what": "next_btn",
                "which": "Changement de milieu",
                "x": 1540,
                "y": 702
            }
        },
        {
            "user_id": "root",
            "session_id": "root_1464194096049",
            "timestamp": 1464194047631,
            "sequence_id": 2,
            "section_id": "3",
            "activity_id": "-1",
            "activity_kind": "transition",
            "data": {
                "kind": "Click",
                "what": "next_btn",
                "which": "experiment",
                "x": 1540,
                "y": 702
            }
        },
        {
            "user_id": "root",
            "session_id": "root_1464194096049",
            "timestamp": 1464194048683,
            "sequence_id": 2,
            "section_id": "4",
            "activity_id": "-1",
            "activity_kind": "dragdrop",
            "data": {
                "kind": "Click",
                "what": "next_btn",
                "which": "results",
                "x": 1540,
                "y": 702
            }
        },
        {
            "user_id": "root",
            "session_id": "root_1464194096049",
            "timestamp": 1464194049571,
            "sequence_id": 2,
            "section_id": "4",
            "activity_id": "0",
            "activity_kind": "dragdrop",
            "data": {
                "kind": "MousePressed",
                "what": "correct_btn",
                "which": "Profils de cytométrie de flux au cours de l'expérience",
                "x": 1540,
                "y": 702
            }
        },
        {
            "user_id": "root",
            "session_id": "root_1464194096049",
            "timestamp": 1464194049636,
            "sequence_id": 2,
            "section_id": "4",
            "activity_id": "0",
            "activity_kind": "dragdrop",
            "data": {
                "kind": "MouseReleased",
                "what": "correct_btn",
                "which": "Profils de cytométrie de flux au cours de l'expérience",
                "x": 1540,
                "y": 702
            }
        },
        {
            "user_id": "root",
            "session_id": "root_1464194096049",
            "timestamp": 1464194049639,
            "sequence_id": 2,
            "section_id": "4",
            "activity_id": "0",
            "activity_kind": "dragdrop",
            "data": {
                "kind": "Click",
                "what": "correct_btn",
                "which": "Profils de cytométrie de flux au cours de l'expérience",
                "x": 1540,
                "y": 702
            }
        },
        {
            "user_id": "root",
            "session_id": "root_1464194096049",
            "timestamp": 1464194049753,
            "sequence_id": 2,
            "section_id": "4",
            "activity_id": "0",
            "activity_kind": "dragdrop",
            "data": {
                "kind": "MousePressed",
                "what": "correct_btn",
                "which": "Profils de cytométrie de flux au cours de l'expérience",
                "x": 1540,
                "y": 702
            }
        },
        {
            "user_id": "root",
            "session_id": "root_1464194096049",
            "timestamp": 1464194049863,
            "sequence_id": 2,
            "section_id": "4",
            "activity_id": "0",
            "activity_kind": "dragdrop",
            "data": {
                "kind": "MouseReleased",
                "what": "correct_btn",
                "which": "Profils de cytométrie de flux au cours de l'expérience",
                "x": 1540,
                "y": 702
            }
        },
        {
            "user_id": "root",
            "session_id": "root_1464194096049",
            "timestamp": 1464194049867,
            "sequence_id": 2,
            "section_id": "4",
            "activity_id": "0",
            "activity_kind": "dragdrop",
            "data": {
                "kind": "Click",
                "what": "correct_btn",
                "which": "Profils de cytométrie de flux au cours de l'expérience",
                "x": 1540,
                "y": 702
            }
        },
        {
            "user_id": "root",
            "session_id": "root_1464194096049",
            "timestamp": 1464194050037,
            "sequence_id": 2,
            "section_id": "4",
            "activity_id": "0",
            "activity_kind": "dragdrop",
            "data": {
                "kind": "MouseReleased",
                "what": "correct_btn",
                "which": "Profils de cytométrie de flux au cours de l'expérience",
                "x": 1540,
                "y": 702
            }
        },
        {
            "user_id": "root",
            "session_id": "root_1464194096049",
            "timestamp": 1464194050040,
            "sequence_id": 2,
            "section_id": "4",
            "activity_id": "0",
            "activity_kind": "dragdrop",
            "data": {
                "kind": "Click",
                "what": "correct_btn",
                "which": "Profils de cytométrie de flux au cours de l'expérience",
                "x": 1540,
                "y": 702
            }
        },
        {
            "user_id": "root",
            "session_id": "root_1464194096049",
            "timestamp": 1464194050231,
            "sequence_id": 2,
            "section_id": "4",
            "activity_id": "0",
            "activity_kind": "dragdrop",
            "data": {
                "kind": "MouseReleased",
                "what": "next_btn",
                "which": "Profils de cytométrie de flux au cours de l",
                "x": 1540,
                "y": 702
            }
        },
        {
            "user_id": "root",
            "session_id": "root_1464194096049",
            "timestamp": 1464194050322,
            "sequence_id": 2,
            "section_id": "4",
            "activity_id": "0",
            "activity_kind": "dragdrop",
            "data": {
                "kind": "MousePressed",
                "what": "next_btn",
                "which": "Profils de cytométrie de flux au cours de l",
                "x": 1540,
                "y": 702
            }
        },
        {
            "user_id": "root",
            "session_id": "root_1464194096049",
            "timestamp": 1464194050400,
            "sequence_id": 2,
            "section_id": "4",
            "activity_id": "0",
            "activity_kind": "dragdrop",
            "data": {
                "kind": "MouseReleased",
                "what": "next_btn",
                "which": "Profils de cytométrie de flux au cours de l",
                "x": 1540,
                "y": 702
            }
        },
        {
            "user_id": "root",
            "session_id": "root_1464194096049",
            "timestamp": 1464194050415,
            "sequence_id": 2,
            "section_id": "4",
            "activity_id": "0",
            "activity_kind": "dragdrop",
            "data": {
                "kind": "Click",
                "what": "next_btn",
                "which": "Profils de cytométrie de flux au cours de l",
                "x": 1540,
                "y": 702
            }
        },
        {
            "user_id": "root",
            "session_id": "root_1464194096049",
            "timestamp": 1464194051069,
            "sequence_id": 2,
            "section_id": "4",
            "activity_id": "0",
            "activity_kind": "dragdrop",
            "data": {
                "kind": "MousePressed",
                "what": "next_btn",
                "which": "Profils de cytométrie de flux au cours de l",
                "x": 1540,
                "y": 702
            }
        },
        {
            "user_id": "root",
            "session_id": "root_1464194096049",
            "timestamp": 1464194051181,
            "sequence_id": 2,
            "section_id": "4",
            "activity_id": "0",
            "activity_kind": "dragdrop",
            "data": {
                "kind": "MouseReleased",
                "what": "next_btn",
                "which": "Profils de cytométrie de flux au cours de l",
                "x": 1540,
                "y": 702
            }
        },
        {
            "user_id": "root",
            "session_id": "root_1464194096049",
            "timestamp": 1464194051201,
            "sequence_id": 2,
            "section_id": "4",
            "activity_id": "0",
            "activity_kind": "dragdrop",
            "data": {
                "kind": "Click",
                "what": "next_btn",
                "which": "Profils de cytométrie de flux au cours de l",
                "x": 1540,
                "y": 702
            }
        },
        {
            "user_id": "root",
            "session_id": "root_1464194096049",
            "timestamp": 1464194053584,
            "sequence_id": 2,
            "section_id": "4",
            "activity_id": "1",
            "activity_kind": "dragdrop",
            "data": {
                "kind": "MousePressed",
                "what": "DD_sticker",
                "which": "/ressources/sequence2/act2/flag1.png",
                "x": 1385,
                "y": 323
            }
        },
        {
            "user_id": "root",
            "session_id": "root_1464194096049",
            "timestamp": 1464194054325,
            "sequence_id": 2,
            "section_id": "4",
            "activity_id": "1",
            "activity_kind": "dragdrop",
            "data": {
                "kind": "MouseReleased",
                "what": "DD_sticker",
                "which": "/ressources/sequence2/act2/flag1.png",
                "x": 1061,
                "y": 557
            }
        },
        {
            "user_id": "root",
            "session_id": "root_1464194096049",
            "timestamp": 1464194055009,
            "sequence_id": 2,
            "section_id": "4",
            "activity_id": "1",
            "activity_kind": "dragdrop",
            "data": {
                "kind": "MousePressed",
                "what": "next_btn",
                "which": "Checkpoint influencé par la privation en sérum",
                "x": 1508,
                "y": 688
            }
        },
        {
            "user_id": "root",
            "session_id": "root_1464194096049",
            "timestamp": 1464194055093,
            "sequence_id": 2,
            "section_id": "4",
            "activity_id": "1",
            "activity_kind": "dragdrop",
            "data": {
                "kind": "MouseReleased",
                "what": "next_btn",
                "which": "Checkpoint influencé par la privation en sérum",
                "x": 1508,
                "y": 688
            }
        },
        {
            "user_id": "root",
            "session_id": "root_1464194096049",
            "timestamp": 1464194055103,
            "sequence_id": 2,
            "section_id": "4",
            "activity_id": "1",
            "activity_kind": "dragdrop",
            "data": {
                "kind": "Click",
                "what": "next_btn",
                "which": "Checkpoint influencé par la privation en sérum",
                "x": 1508,
                "y": 688
            }
        },
        {
            "user_id": "root",
            "session_id": "root_1464194096049",
            "timestamp": 1464194056079,
            "sequence_id": 2,
            "section_id": "4",
            "activity_id": "1",
            "activity_kind": "dragdrop",
            "data": {
                "kind": "MousePressed",
                "what": "btn_bar",
                "which": "Checkpoint influencé par la privation en sérum",
                "x": 1562,
                "y": 711
            }
        },
        {
            "user_id": "root",
            "session_id": "root_1464194096049",
            "timestamp": 1464194056192,
            "sequence_id": 2,
            "section_id": "4",
            "activity_id": "1",
            "activity_kind": "dragdrop",
            "data": {
                "kind": "MouseReleased",
                "what": "btn_bar",
                "which": "Checkpoint influencé par la privation en sérum",
                "x": 1562,
                "y": 711
            }
        },
        {
            "user_id": "root",
            "session_id": "root_1464194096049",
            "timestamp": 1464194056196,
            "sequence_id": 2,
            "section_id": "4",
            "activity_id": "1",
            "activity_kind": "dragdrop",
            "data": {
                "kind": "Click",
                "what": "btn_bar",
                "which": "Checkpoint influencé par la privation en sérum",
                "x": 1562,
                "y": 711
            }
        },
        {
            "user_id": "root",
            "session_id": "root_1464194096049",
            "timestamp": 1464194056491,
            "sequence_id": 2,
            "section_id": "4",
            "activity_id": "1",
            "activity_kind": "dragdrop",
            "data": {
                "kind": "MousePressed",
                "what": "next_btn",
                "which": "Checkpoint influencé par la privation en sérum",
                "x": 1561,
                "y": 705
            }
        },
        {
            "user_id": "root",
            "session_id": "root_1464194096049",
            "timestamp": 1464194056609,
            "sequence_id": 2,
            "section_id": "4",
            "activity_id": "1",
            "activity_kind": "dragdrop",
            "data": {
                "kind": "MouseReleased",
                "what": "next_btn",
                "which": "Checkpoint influencé par la privation en sérum",
                "x": 1561,
                "y": 705
            }
        },
        {
            "user_id": "root",
            "session_id": "root_1464194096049",
            "timestamp": 1464194056627,
            "sequence_id": 2,
            "section_id": "4",
            "activity_id": "1",
            "activity_kind": "curvestar",
            "data": {
                "kind": "Click",
                "what": "next_btn",
                "which": "Checkpoint influencé par la privation en sérum",
                "x": 1561,
                "y": 705
            }
        },
        {
            "user_id": "root",
            "session_id": "root_1464194096049",
            "timestamp": 1464194060683,
            "sequence_id": 2,
            "section_id": "4",
            "activity_id": "2",
            "activity_kind": "curvestar",
            "data": {
                "kind": "MousePressed",
                "what": "Curve_canvas",
                "which": "Profils de cytométrie de flux et courbe d'évolution dans une phase",
                "x": 707,
                "y": 425
            }
        },
        {
            "user_id": "root",
            "session_id": "root_1464194096049",
            "timestamp": 1464194062685,
            "sequence_id": 2,
            "section_id": "4",
            "activity_id": "2",
            "activity_kind": "curvestar",
            "data": {
                "kind": "MouseReleased",
                "what": "Curve_canvas",
                "which": "Profils de cytométrie de flux et courbe d'évolution dans une phase",
                "x": 718,
                "y": 330
            }
        },
        {
            "user_id": "root",
            "session_id": "root_1464194096049",
            "timestamp": 1464194062695,
            "sequence_id": 2,
            "section_id": "4",
            "activity_id": "2",
            "activity_kind": "curvestar",
            "data": {
                "kind": "Click",
                "what": "Curve_canvas",
                "which": "Profils de cytométrie de flux et courbe d'évolution dans une phase",
                "x": 718,
                "y": 330
            }
        },
        {
            "user_id": "root",
            "session_id": "root_1464194096049",
            "timestamp": 1464194064464,
            "sequence_id": 2,
            "section_id": "4",
            "activity_id": "2",
            "activity_kind": "curvestar",
            "data": {
                "kind": "MousePressed",
                "what": "Curve_canvas",
                "which": "Profils de cytométrie de flux et courbe d'évolution dans une phase",
                "x": 797,
                "y": 435
            }
        },
        {
            "user_id": "root",
            "session_id": "root_1464194096049",
            "timestamp": 1464194065346,
            "sequence_id": 2,
            "section_id": "4",
            "activity_id": "2",
            "activity_kind": "curvestar",
            "data": {
                "kind": "MouseReleased",
                "what": "Curve_canvas",
                "which": "Profils de cytométrie de flux et courbe d'évolution dans une phase",
                "x": 801,
                "y": 303
            }
        },
        {
            "user_id": "root",
            "session_id": "root_1464194096049",
            "timestamp": 1464194065354,
            "sequence_id": 2,
            "section_id": "4",
            "activity_id": "2",
            "activity_kind": "curvestar",
            "data": {
                "kind": "Click",
                "what": "Curve_canvas",
                "which": "Profils de cytométrie de flux et courbe d'évolution dans une phase",
                "x": 801,
                "y": 303
            }
        },
        {
            "user_id": "root",
            "session_id": "root_1464194096049",
            "timestamp": 1464194066194,
            "sequence_id": 2,
            "section_id": "4",
            "activity_id": "2",
            "activity_kind": "curvestar",
            "data": {
                "kind": "MousePressed",
                "what": "Curve_canvas",
                "which": "Profils de cytométrie de flux et courbe d'évolution dans une phase",
                "x": 872,
                "y": 421
            }
        },
        {
            "user_id": "root",
            "session_id": "root_1464194096049",
            "timestamp": 1464194067083,
            "sequence_id": 2,
            "section_id": "4",
            "activity_id": "2",
            "activity_kind": "curvestar",
            "data": {
                "kind": "MouseReleased",
                "what": "Curve_canvas",
                "which": "Profils de cytométrie de flux et courbe d'évolution dans une phase",
                "x": 872,
                "y": 259
            }
        },
        {
            "user_id": "root",
            "session_id": "root_1464194096049",
            "timestamp": 1464194067095,
            "sequence_id": 2,
            "section_id": "4",
            "activity_id": "2",
            "activity_kind": "curvestar",
            "data": {
                "kind": "Click",
                "what": "Curve_canvas",
                "which": "Profils de cytométrie de flux et courbe d'évolution dans une phase",
                "x": 872,
                "y": 259
            }
        },
        {
            "user_id": "root",
            "session_id": "root_1464194096049",
            "timestamp": 1464194067937,
            "sequence_id": 2,
            "section_id": "4",
            "activity_id": "2",
            "activity_kind": "curvestar",
            "data": {
                "kind": "MousePressed",
                "what": "Curve_canvas",
                "which": "Profils de cytométrie de flux et courbe d'évolution dans une phase",
                "x": 940,
                "y": 427
            }
        },
        {
            "user_id": "root",
            "session_id": "root_1464194096049",
            "timestamp": 1464194070466,
            "sequence_id": 2,
            "section_id": "4",
            "activity_id": "2",
            "activity_kind": "curvestar",
            "data": {
                "kind": "MouseReleased",
                "what": "Curve_canvas",
                "which": "Profils de cytométrie de flux et courbe d'évolution dans une phase",
                "x": 951,
                "y": 236
            }
        },
        {
            "user_id": "root",
            "session_id": "root_1464194096049",
            "timestamp": 1464194070466,
            "sequence_id": 2,
            "section_id": "4",
            "activity_id": "2",
            "activity_kind": "curvestar",
            "data": {
                "kind": "Click",
                "what": "Curve_canvas",
                "which": "Profils de cytométrie de flux et courbe d'évolution dans une phase",
                "x": 951,
                "y": 236
            }
        },
        {
            "user_id": "root",
            "session_id": "root_1464194096049",
            "timestamp": 1464194071231,
            "sequence_id": 2,
            "section_id": "4",
            "activity_id": "2",
            "activity_kind": "curvestar",
            "data": {
                "kind": "MousePressed",
                "what": "Curve_canvas",
                "which": "Profils de cytométrie de flux et courbe d'évolution dans une phase",
                "x": 794,
                "y": 308
            }
        },
        {
            "user_id": "root",
            "session_id": "root_1464194096049",
            "timestamp": 1464194071907,
            "sequence_id": 2,
            "section_id": "4",
            "activity_id": "2",
            "activity_kind": "curvestar",
            "data": {
                "kind": "MouseReleased",
                "what": "Curve_canvas",
                "which": "Profils de cytométrie de flux et courbe d'évolution dans une phase",
                "x": 786,
                "y": 340
            }
        },
        {
            "user_id": "root",
            "session_id": "root_1464194096049",
            "timestamp": 1464194071924,
            "sequence_id": 2,
            "section_id": "4",
            "activity_id": "2",
            "activity_kind": "curvestar",
            "data": {
                "kind": "Click",
                "what": "Curve_canvas",
                "which": "Profils de cytométrie de flux et courbe d'évolution dans une phase",
                "x": 786,
                "y": 340
            }
        },
        {
            "user_id": "root",
            "session_id": "root_1464194096049",
            "timestamp": 1464194072974,
            "sequence_id": 2,
            "section_id": "4",
            "activity_id": "2",
            "activity_kind": "curvestar",
            "data": {
                "kind": "MousePressed",
                "what": "Curve_canvas",
                "which": "Profils de cytométrie de flux et courbe d'évolution dans une phase",
                "x": 796,
                "y": 334
            }
        },
        {
            "user_id": "root",
            "session_id": "root_1464194096049",
            "timestamp": 1464194074467,
            "sequence_id": 2,
            "section_id": "4",
            "activity_id": "2",
            "activity_kind": "curvestar",
            "data": {
                "kind": "MouseReleased",
                "what": "Curve_canvas",
                "which": "Profils de cytométrie de flux et courbe d'évolution dans une phase",
                "x": 796,
                "y": 318
            }
        },
        {
            "user_id": "root",
            "session_id": "root_1464194096049",
            "timestamp": 1464194074479,
            "sequence_id": 2,
            "section_id": "4",
            "activity_id": "2",
            "activity_kind": "curvestar",
            "data": {
                "kind": "Click",
                "what": "Curve_canvas",
                "which": "Profils de cytométrie de flux et courbe d'évolution dans une phase",
                "x": 796,
                "y": 318
            }
        },
        {
            "user_id": "root",
            "session_id": "root_1464194096049",
            "timestamp": 1464194075659,
            "sequence_id": 2,
            "section_id": "4",
            "activity_id": "2",
            "activity_kind": "curvestar",
            "data": {
                "kind": "MousePressed",
                "what": "Curve_canvas",
                "which": "Profils de cytométrie de flux et courbe d'évolution dans une phase",
                "x": 1029,
                "y": 423
            }
        },
        {
            "user_id": "root",
            "session_id": "root_1464194096049",
            "timestamp": 1464194076978,
            "sequence_id": 2,
            "section_id": "4",
            "activity_id": "2",
            "activity_kind": "curvestar",
            "data": {
                "kind": "MouseReleased",
                "what": "Curve_canvas",
                "which": "Profils de cytométrie de flux et courbe d'évolution dans une phase",
                "x": 1028,
                "y": 192
            }
        },
        {
            "user_id": "root",
            "session_id": "root_1464194096049",
            "timestamp": 1464194076984,
            "sequence_id": 2,
            "section_id": "4",
            "activity_id": "2",
            "activity_kind": "curvestar",
            "data": {
                "kind": "Click",
                "what": "Curve_canvas",
                "which": "Profils de cytométrie de flux et courbe d'évolution dans une phase",
                "x": 1028,
                "y": 192
            }
        },
        {
            "user_id": "root",
            "session_id": "root_1464194096049",
            "timestamp": 1464194079270,
            "sequence_id": 2,
            "section_id": "4",
            "activity_id": "2",
            "activity_kind": "curvestar",
            "data": {
                "kind": "MousePressed",
                "what": "Curve_canvas",
                "which": "Profils de cytométrie de flux et courbe d'évolution dans une phase",
                "x": 1107,
                "y": 422
            }
        },
        {
            "user_id": "root",
            "session_id": "root_1464194096049",
            "timestamp": 1464194082277,
            "sequence_id": 2,
            "section_id": "4",
            "activity_id": "2",
            "activity_kind": "curvestar",
            "data": {
                "kind": "MouseReleased",
                "what": "Curve_canvas",
                "which": "Profils de cytométrie de flux et courbe d'évolution dans une phase",
                "x": 1111,
                "y": 174
            }
        },
        {
            "user_id": "root",
            "session_id": "root_1464194096049",
            "timestamp": 1464194082285,
            "sequence_id": 2,
            "section_id": "4",
            "activity_id": "2",
            "activity_kind": "curvestar",
            "data": {
                "kind": "Click",
                "what": "Curve_canvas",
                "which": "Profils de cytométrie de flux et courbe d'évolution dans une phase",
                "x": 1111,
                "y": 174
            }
        },
        {
            "user_id": "root",
            "session_id": "root_1464194096049",
            "timestamp": 1464194084161,
            "sequence_id": 2,
            "section_id": "4",
            "activity_id": "2",
            "activity_kind": "curvestar",
            "data": {
                "kind": "MousePressed",
                "what": "Curve_canvas",
                "which": "Profils de cytométrie de flux et courbe d'évolution dans une phase",
                "x": 1195,
                "y": 423
            }
        },
        {
            "user_id": "root",
            "session_id": "root_1464194096049",
            "timestamp": 1464194084627,
            "sequence_id": 2,
            "section_id": "4",
            "activity_id": "2",
            "activity_kind": "curvestar",
            "data": {
                "kind": "MouseReleased",
                "what": "Curve_canvas",
                "which": "Profils de cytométrie de flux et courbe d'évolution dans une phase",
                "x": 1192,
                "y": 286
            }
        },
        {
            "user_id": "root",
            "session_id": "root_1464194096049",
            "timestamp": 1464194084632,
            "sequence_id": 2,
            "section_id": "4",
            "activity_id": "2",
            "activity_kind": "curvestar",
            "data": {
                "kind": "Click",
                "what": "Curve_canvas",
                "which": "Profils de cytométrie de flux et courbe d'évolution dans une phase",
                "x": 1192,
                "y": 286
            }
        },
        {
            "user_id": "root",
            "session_id": "root_1464194096049",
            "timestamp": 1464194085187,
            "sequence_id": 2,
            "section_id": "4",
            "activity_id": "2",
            "activity_kind": "curvestar",
            "data": {
                "kind": "MousePressed",
                "what": "Curve_canvas",
                "which": "Profils de cytométrie de flux et courbe d'évolution dans une phase",
                "x": 1195,
                "y": 428
            }
        },
        {
            "user_id": "root",
            "session_id": "root_1464194096049",
            "timestamp": 1464194085450,
            "sequence_id": 2,
            "section_id": "4",
            "activity_id": "2",
            "activity_kind": "curvestar",
            "data": {
                "kind": "MouseReleased",
                "what": "Curve_canvas",
                "which": "Profils de cytométrie de flux et courbe d'évolution dans une phase",
                "x": 1195,
                "y": 381
            }
        },
        {
            "user_id": "root",
            "session_id": "root_1464194096049",
            "timestamp": 1464194085457,
            "sequence_id": 2,
            "section_id": "4",
            "activity_id": "2",
            "activity_kind": "curvestar",
            "data": {
                "kind": "Click",
                "what": "Curve_canvas",
                "which": "Profils de cytométrie de flux et courbe d'évolution dans une phase",
                "x": 1195,
                "y": 381
            }
        },
        {
            "user_id": "root",
            "session_id": "root_1464194096049",
            "timestamp": 1464194085973,
            "sequence_id": 2,
            "section_id": "4",
            "activity_id": "2",
            "activity_kind": "curvestar",
            "data": {
                "kind": "MousePressed",
                "what": "Curve_canvas",
                "which": "Profils de cytométrie de flux et courbe d'évolution dans une phase",
                "x": 1185,
                "y": 432
            }
        },
        {
            "user_id": "root",
            "session_id": "root_1464194096049",
            "timestamp": 1464194087044,
            "sequence_id": 2,
            "section_id": "4",
            "activity_id": "2",
            "activity_kind": "curvestar",
            "data": {
                "kind": "MouseReleased",
                "what": "Curve_canvas",
                "which": "Profils de cytométrie de flux et courbe d'évolution dans une phase",
                "x": 1157,
                "y": 179
            }
        },
        {
            "user_id": "root",
            "session_id": "root_1464194096049",
            "timestamp": 1464194087057,
            "sequence_id": 2,
            "section_id": "4",
            "activity_id": "2",
            "activity_kind": "curvestar",
            "data": {
                "kind": "Click",
                "what": "Curve_canvas",
                "which": "Profils de cytométrie de flux et courbe d'évolution dans une phase",
                "x": 1157,
                "y": 179
            }
        },
        {
            "user_id": "root",
            "session_id": "root_1464194096049",
            "timestamp": 1464194088032,
            "sequence_id": 2,
            "section_id": "4",
            "activity_id": "2",
            "activity_kind": "curvestar",
            "data": {
                "kind": "MousePressed",
                "what": "next_btn",
                "which": "Profils de cytométrie de flux et courbe d",
                "x": 1541,
                "y": 686
            }
        },
        {
            "user_id": "root",
            "session_id": "root_1464194096049",
            "timestamp": 1464194088163,
            "sequence_id": 2,
            "section_id": "4",
            "activity_id": "2",
            "activity_kind": "curvestar",
            "data": {
                "kind": "MouseReleased",
                "what": "next_btn",
                "which": "Profils de cytométrie de flux et courbe d",
                "x": 1541,
                "y": 686
            }
        },
        {
            "user_id": "root",
            "session_id": "root_1464194096049",
            "timestamp": 1464194088170,
            "sequence_id": 2,
            "section_id": "4",
            "activity_id": "2",
            "activity_kind": "curvestar",
            "data": {
                "kind": "Click",
                "what": "next_btn",
                "which": "Profils de cytométrie de flux et courbe d",
                "x": 1541,
                "y": 686
            }
        },
        {
            "user_id": "root",
            "session_id": "root_1464194096049",
            "timestamp": 1464194088908,
            "sequence_id": 2,
            "section_id": "4",
            "activity_id": "2",
            "activity_kind": "curvestar",
            "data": {
                "kind": "MousePressed",
                "what": "next_btn",
                "which": "Profils de cytométrie de flux et courbe d",
                "x": 1541,
                "y": 686
            }
        },
        {
            "user_id": "root",
            "session_id": "root_1464194096049",
            "timestamp": 1464194089017,
            "sequence_id": 2,
            "section_id": "4",
            "activity_id": "2",
            "activity_kind": "curvestar",
            "data": {
                "kind": "MouseReleased",
                "what": "next_btn",
                "which": "Profils de cytométrie de flux et courbe d",
                "x": 1541,
                "y": 686
            }
        },
        {
            "user_id": "root",
            "session_id": "root_1464194096049",
            "timestamp": 1464194089038,
            "sequence_id": 2,
            "section_id": "4",
            "activity_id": "2",
            "activity_kind": "transition",
            "data": {
                "kind": "Click",
                "what": "next_btn",
                "which": "Profils de cytométrie de flux et courbe d",
                "x": 1541,
                "y": 686
            }
        },
        {
            "user_id": "root",
            "session_id": "root_1464194096049",
            "timestamp": 1464194090099,
            "sequence_id": 2,
            "section_id": "5",
            "activity_id": "-1",
            "activity_kind": "synthesis",
            "data": {
                "kind": "Click",
                "what": "next_btn",
                "which": "synthesis",
                "x": 1541,
                "y": 686
            }
        },
        {
            "user_id": "root",
            "session_id": "root_1464194096049",
            "timestamp": 1464194091133,
            "sequence_id": 2,
            "section_id": "5",
            "activity_id": "0",
            "activity_kind": "synthesis",
            "data": {
                "kind": "Click",
                "what": "correct_btn",
                "which": "Synthèse",
                "x": 1541,
                "y": 686
            }
        },
        {
            "user_id": "root",
            "session_id": "root_1464194096049",
            "timestamp": 1464194092607,
            "sequence_id": 2,
            "section_id": "5",
            "activity_id": "0",
            "activity_kind": "synthesis",
            "data": {
                "kind": "Click",
                "what": "select_keyword",
                "which": "0",
                "x": 800,
                "y": 171
            }
        },
        {
            "user_id": "root",
            "session_id": "root_1464194096049",
            "timestamp": 1464194093459,
            "sequence_id": 2,
            "section_id": 5,
            "activity_id": 0,
            "activity_kind": "synthesis",
            "data": {
                "kind": "Click",
                "what": "outer_pane",
                "which": "body",
                "x": 0,
                "y": 0
            }
        },
        {
            "user_id": "root",
            "session_id": "root_1464194096049",
            "timestamp": 1464194094593,
            "sequence_id": 2,
            "section_id": "5",
            "activity_id": "0",
            "activity_kind": "synthesis",
            "data": {
                "kind": "Click",
                "what": "correct_btn",
                "which": "Synthèse",
                "x": 1547,
                "y": 699
            }
        },
        {
            "user_id": "root",
            "session_id": "root_1464194096049",
            "timestamp": 1464194095537,
            "sequence_id": 2,
            "section_id": "5",
            "activity_id": "0",
            "activity_kind": "synthesis",
            "data": {
                "kind": "Click",
                "what": "select_keyword",
                "which": "0",
                "x": 802,
                "y": 174
            }
        },
        {
            "user_id": "root",
            "session_id": "root_1464194096049",
            "timestamp": 1464194096574,
            "sequence_id": 2,
            "section_id": 5,
            "activity_id": 0,
            "activity_kind": "synthesis",
            "data": {
                "kind": "Click",
                "what": "outer_pane",
                "which": "body",
                "x": 0,
                "y": 0
            }
        },
        {
            "user_id": "root",
            "session_id": "root_1464194096049",
            "timestamp": 1464194097772,
            "sequence_id": 2,
            "section_id": "5",
            "activity_id": "0",
            "activity_kind": "synthesis",
            "data": {
                "kind": "Click",
                "what": "correct_btn",
                "which": "Synthèse",
                "x": 1555,
                "y": 687
            }
        },
        {
            "user_id": "root",
            "session_id": "root_1464194096049",
            "timestamp": 1464194098860,
            "sequence_id": 2,
            "section_id": "5",
            "activity_id": "0",
            "activity_kind": "synthesis",
            "data": {
                "kind": "Click",
                "what": "select_keyword",
                "which": "0",
                "x": 774,
                "y": 167
            }
        },
        {
            "user_id": "root",
            "session_id": "root_1464194096049",
            "timestamp": 1464194099826,
            "sequence_id": 2,
            "section_id": 5,
            "activity_id": 0,
            "activity_kind": "synthesis",
            "data": {
                "kind": "Click",
                "what": "outer_pane",
                "which": "body",
                "x": 0,
                "y": 0
            }
        },
        {
            "user_id": "root",
            "session_id": "root_1464194096049",
            "timestamp": 1464194100766,
            "sequence_id": 2,
            "section_id": "5",
            "activity_id": "0",
            "activity_kind": "synthesis",
            "data": {
                "kind": "Click",
                "what": "end_btn",
                "which": "Synthèse",
                "x": 1547,
                "y": 679
            }
        },
        {
            "user_id": "root",
            "session_id": "root_1464194096049",
            "timestamp": 1464194105550,
            "sequence_id": 2,
            "section_id": 5,
            "activity_id": 0,
            "activity_kind": "synthesis",
            "data": {
                "kind": "Click",
                "what": "shadow_pane",
                "which": "info_pane",
                "x": 1141,
                "y": 27
            }
        },
        {
            "user_id": "root",
            "session_id": "root_1464194096049",
            "timestamp": 1464194111059,
            "sequence_id": 2,
            "section_id": 5,
            "activity_id": 0,
            "activity_kind": "synthesis",
            "data": {
                "kind": "Click",
                "what": "interface_pane",
                "which": "iconbar_wrapper",
                "x": 1082,
                "y": 61
            }
        },
        {
            "user_id": "root",
            "session_id": "root_1464194096049",
            "timestamp": 1464194113099,
            "sequence_id": 2,
            "section_id": 5,
            "activity_id": 0,
            "activity_kind": "synthesis",
            "data": {
                "kind": "Click",
                "what": "shadow_pane",
                "which": "info_pane",
                "x": 1147,
                "y": 27
            }
        },
        {
            "user_id": "root",
            "session_id": "root_1464194096049",
            "timestamp": 1464194117910,
            "sequence_id": 2,
            "section_id": 5,
            "activity_id": 0,
            "activity_kind": "synthesis",
            "data": {
                "kind": "Click",
                "what": "interface_pane",
                "which": "iconbar_wrapper",
                "x": 1088,
                "y": 72
            }
        },
        {
            "user_id": "root",
            "session_id": "root_1464194096049",
            "timestamp": 1464194121018,
            "sequence_id": 2,
            "section_id": 5,
            "activity_id": -1,
            "activity_kind": "transition",
            "data": {
                "kind": "Click",
                "what": "navigation_pane",
                "which": "menubar",
                "x": 367,
                "y": 609
            }
        },
        {
            "user_id": "root",
            "session_id": "root_1464194096049",
            "timestamp": 1464194121979,
            "sequence_id": 2,
            "section_id": 4,
            "activity_id": 2,
            "activity_kind": "curvestar",
            "data": {
                "kind": "Click",
                "what": "menu_item",
                "which": "Profils de cytométrie de flux et courbe d'évolution dans une phase",
                "x": 360,
                "y": 577
            }
        },
        {
            "user_id": "root",
            "session_id": "root_1464194096049",
            "timestamp": 1464194122512,
            "sequence_id": 2,
            "section_id": 4,
            "activity_id": 2,
            "activity_kind": "curvestar",
            "data": {
                "kind": "MousePressed",
                "what": "menu_item",
                "which": "Synthèse",
                "x": 366,
                "y": 664
            }
        },
        {
            "user_id": "root",
            "session_id": "root_1464194096049",
            "timestamp": 1464194122621,
            "sequence_id": 2,
            "section_id": 4,
            "activity_id": 2,
            "activity_kind": "curvestar",
            "data": {
                "kind": "MouseReleased",
                "what": "menu_item",
                "which": "Synthèse",
                "x": 367,
                "y": 663
            }
        },
        {
            "user_id": "root",
            "session_id": "root_1464194096049",
            "timestamp": 1464194122626,
            "sequence_id": 2,
            "section_id": 5,
            "activity_id": 0,
            "activity_kind": "synthesis",
            "data": {
                "kind": "Click",
                "what": "menu_item",
                "which": "Synthèse",
                "x": 367,
                "y": 663
            }
        },
        {
            "user_id": "root",
            "session_id": "root_1464194096049",
            "timestamp": 1464194196072,
            "sequence_id": 2,
            "section_id": 5,
            "activity_id": 0,
            "activity_kind": "synthesis",
            "data": {
                "kind": "EndSession",
                "note": [
                    " ",
                    "",
                    "",
                    "",
                    "",
                    "",
                    "",
                    "",
                    "",
                    "",
                    "",
                    "",
                    "",
                    "",
                    "",
                    "",
                    "",
                    "",
                    "",
                    ""
                ],
                "score": 223333.33333333334
            }
        },
        {
            "user_id": "root",
            "session_id": "root_1464194096049",
            "timestamp": 1464194196082,
            "sequence_id": 2,
            "section_id": "5",
            "activity_id": "0",
            "activity_kind": "synthesis",
            "data": {
                "kind": "Click",
                "what": "end_btn",
                "which": "Synthèse",
                "x": 1533,
                "y": 681
            }
        }
    ]
}