{
    "inputs": [
        {
            "user_id": "root",
            "session_id": "root_1464194059487",
            "timestamp": 1464193990725,
            "sequence_id": 1,
            "section_id": 0,
            "activity_id": 0,
            "activity_kind": "dragdrop",
            "data": {
                "kind": "Input",
                "user_input": [
                    {
                        "slot": 0,
                        "stickers": []
                    },
                    {
                        "slot": 1,
                        "stickers": []
                    },
                    {
                        "slot": 2,
                        "stickers": []
                    },
                    {
                        "slot": 3,
                        "stickers": []
                    },
                    {
                        "slot": 4,
                        "stickers": []
                    },
                    {
                        "slot": 5,
                        "stickers": []
                    },
                    {
                        "slot": 6,
                        "stickers": []
                    },
                    {
                        "slot": 7,
                        "stickers": []
                    },
                    {
                        "slot": 8,
                        "stickers": []
                    }
                ]
            }
        },
        {
            "user_id": "root",
            "session_id": "root_1464194059487",
            "timestamp": 1464193990915,
            "sequence_id": 1,
            "section_id": 0,
            "activity_id": 0,
            "activity_kind": "dragdrop",
            "data": {
                "kind": "Input",
                "user_input": [
                    {
                        "slot": 0,
                        "stickers": []
                    },
                    {
                        "slot": 1,
                        "stickers": []
                    },
                    {
                        "slot": 2,
                        "stickers": []
                    },
                    {
                        "slot": 3,
                        "stickers": []
                    },
                    {
                        "slot": 4,
                        "stickers": []
                    },
                    {
                        "slot": 5,
                        "stickers": []
                    },
                    {
                        "slot": 6,
                        "stickers": []
                    },
                    {
                        "slot": 7,
                        "stickers": []
                    },
                    {
                        "slot": 8,
                        "stickers": []
                    }
                ]
            }
        },
        {
            "user_id": "root",
            "session_id": "root_1464194059487",
            "timestamp": 1464193991105,
            "sequence_id": 1,
            "section_id": 0,
            "activity_id": 0,
            "activity_kind": "dragdrop",
            "data": {
                "kind": "Input",
                "user_input": [
                    {
                        "slot": 0,
                        "stickers": []
                    },
                    {
                        "slot": 1,
                        "stickers": []
                    },
                    {
                        "slot": 2,
                        "stickers": []
                    },
                    {
                        "slot": 3,
                        "stickers": []
                    },
                    {
                        "slot": 4,
                        "stickers": []
                    },
                    {
                        "slot": 5,
                        "stickers": []
                    },
                    {
                        "slot": 6,
                        "stickers": []
                    },
                    {
                        "slot": 7,
                        "stickers": []
                    },
                    {
                        "slot": 8,
                        "stickers": []
                    }
                ]
            }
        },
        {
            "user_id": "root",
            "session_id": "root_1464194059487",
            "timestamp": 1464193993812,
            "sequence_id": 1,
            "section_id": 1,
            "activity_id": 0,
            "activity_kind": "dragdrop",
            "data": {
                "kind": "Input",
                "user_input": [
                    {
                        "slot": 0,
                        "stickers": []
                    },
                    {
                        "slot": 1,
                        "stickers": []
                    },
                    {
                        "slot": 2,
                        "stickers": []
                    },
                    {
                        "slot": 3,
                        "stickers": []
                    }
                ]
            }
        },
        {
            "user_id": "root",
            "session_id": "root_1464194059487",
            "timestamp": 1464193994954,
            "sequence_id": 1,
            "section_id": 1,
            "activity_id": 1,
            "activity_kind": "curvetest",
            "data": {
                "kind": "Input",
                "user_input": [
                    2020.408163265306,
                    2020.408163265306,
                    2020.408163265306,
                    2020.408163265306,
                    2020.408163265306,
                    2020.408163265306
                ]
            }
        },
        {
            "user_id": "root",
            "session_id": "root_1464194059487",
            "timestamp": 1464193998698,
            "sequence_id": 1,
            "section_id": 2,
            "activity_id": 2,
            "activity_kind": "counttest",
            "data": {
                "kind": "Input",
                "user_input": [
                    0,
                    0,
                    0,
                    0
                ]
            }
        },
        {
            "user_id": "root",
            "session_id": "root_1464194059487",
            "timestamp": 1464193998873,
            "sequence_id": 1,
            "section_id": 2,
            "activity_id": 2,
            "activity_kind": "counttest",
            "data": {
                "kind": "Input",
                "user_input": [
                    0,
                    0,
                    0,
                    0
                ]
            }
        },
        {
            "user_id": "root",
            "session_id": "root_1464194059487",
            "timestamp": 1464193999054,
            "sequence_id": 1,
            "section_id": 2,
            "activity_id": 2,
            "activity_kind": "counttest",
            "data": {
                "kind": "Input",
                "user_input": [
                    0,
                    0,
                    0,
                    0
                ]
            }
        },
        {
            "user_id": "root",
            "session_id": "root_1464194059487",
            "timestamp": 1464194000807,
            "sequence_id": 1,
            "section_id": 2,
            "activity_id": 3,
            "activity_kind": "input",
            "data": {
                "kind": "Input",
                "user_input": ""
            }
        },
        {
            "user_id": "root",
            "session_id": "root_1464194059487",
            "timestamp": 1464194001007,
            "sequence_id": 1,
            "section_id": 2,
            "activity_id": 3,
            "activity_kind": "input",
            "data": {
                "kind": "Input",
                "user_input": ""
            }
        },
        {
            "user_id": "root",
            "session_id": "root_1464194059487",
            "timestamp": 1464194001192,
            "sequence_id": 1,
            "section_id": 2,
            "activity_id": 3,
            "activity_kind": "input",
            "data": {
                "kind": "Input",
                "user_input": ""
            }
        },
        {
            "user_id": "root",
            "session_id": "root_1464194059487",
            "timestamp": 1464194003695,
            "sequence_id": 1,
            "section_id": 2,
            "activity_id": 5,
            "activity_kind": "pipette",
            "data": {
                "kind": "Input",
                "user_input": [
                    0,
                    0,
                    0,
                    0
                ]
            }
        },
        {
            "user_id": "root",
            "session_id": "root_1464194059487",
            "timestamp": 1464194003890,
            "sequence_id": 1,
            "section_id": 2,
            "activity_id": 5,
            "activity_kind": "pipette",
            "data": {
                "kind": "Input",
                "user_input": [
                    0,
                    0,
                    0,
                    0
                ]
            }
        },
        {
            "user_id": "root",
            "session_id": "root_1464194059487",
            "timestamp": 1464194004067,
            "sequence_id": 1,
            "section_id": 2,
            "activity_id": 5,
            "activity_kind": "pipette",
            "data": {
                "kind": "Input",
                "user_input": [
                    0,
                    0,
                    0,
                    0
                ]
            }
        },
        {
            "user_id": "root",
            "session_id": "root_1464194059487",
            "timestamp": 1464194007739,
            "sequence_id": 1,
            "section_id": 4,
            "activity_id": 0,
            "activity_kind": "dragdrop",
            "data": {
                "kind": "Input",
                "user_input": [
                    {
                        "slot": 0,
                        "stickers": []
                    },
                    {
                        "slot": 1,
                        "stickers": []
                    },
                    {
                        "slot": 2,
                        "stickers": []
                    },
                    {
                        "slot": 3,
                        "stickers": []
                    },
                    {
                        "slot": 4,
                        "stickers": []
                    },
                    {
                        "slot": 5,
                        "stickers": []
                    }
                ]
            }
        },
        {
            "user_id": "root",
            "session_id": "root_1464194059487",
            "timestamp": 1464194007935,
            "sequence_id": 1,
            "section_id": 4,
            "activity_id": 0,
            "activity_kind": "dragdrop",
            "data": {
                "kind": "Input",
                "user_input": [
                    {
                        "slot": 0,
                        "stickers": []
                    },
                    {
                        "slot": 1,
                        "stickers": []
                    },
                    {
                        "slot": 2,
                        "stickers": []
                    },
                    {
                        "slot": 3,
                        "stickers": []
                    },
                    {
                        "slot": 4,
                        "stickers": []
                    },
                    {
                        "slot": 5,
                        "stickers": []
                    }
                ]
            }
        },
        {
            "user_id": "root",
            "session_id": "root_1464194059487",
            "timestamp": 1464194008144,
            "sequence_id": 1,
            "section_id": 4,
            "activity_id": 0,
            "activity_kind": "dragdrop",
            "data": {
                "kind": "Input",
                "user_input": [
                    {
                        "slot": 0,
                        "stickers": []
                    },
                    {
                        "slot": 1,
                        "stickers": []
                    },
                    {
                        "slot": 2,
                        "stickers": []
                    },
                    {
                        "slot": 3,
                        "stickers": []
                    },
                    {
                        "slot": 4,
                        "stickers": []
                    },
                    {
                        "slot": 5,
                        "stickers": []
                    }
                ]
            }
        },
        {
            "user_id": "root",
            "session_id": "root_1464194059487",
            "timestamp": 1464194009095,
            "sequence_id": 1,
            "section_id": 4,
            "activity_id": 1,
            "activity_kind": "curvestar",
            "data": {
                "kind": "Input",
                "user_input": [
                    2020.408163265306,
                    2020.408163265306,
                    2020.408163265306,
                    2020.408163265306,
                    2020.408163265306,
                    2020.408163265306
                ]
            }
        },
        {
            "user_id": "root",
            "session_id": "root_1464194059487",
            "timestamp": 1464194011918,
            "sequence_id": 1,
            "section_id": 4,
            "activity_id": 1,
            "activity_kind": "curvestar",
            "data": {
                "kind": "Input",
                "user_input": [
                    2020.408163265306,
                    3137.7551020408164,
                    2020.408163265306,
                    2020.408163265306,
                    2020.408163265306,
                    2020.408163265306
                ]
            }
        },
        {
            "user_id": "root",
            "session_id": "root_1464194059487",
            "timestamp": 1464194014132,
            "sequence_id": 1,
            "section_id": 4,
            "activity_id": 1,
            "activity_kind": "curvestar",
            "data": {
                "kind": "Input",
                "user_input": [
                    3918.3673469387754,
                    3137.7551020408164,
                    2020.408163265306,
                    2020.408163265306,
                    2020.408163265306,
                    2020.408163265306
                ]
            }
        },
        {
            "user_id": "root",
            "session_id": "root_1464194059487",
            "timestamp": 1464194015271,
            "sequence_id": 1,
            "section_id": 4,
            "activity_id": 1,
            "activity_kind": "curvestar",
            "data": {
                "kind": "Input",
                "user_input": [
                    2295.918367346939,
                    3137.7551020408164,
                    2020.408163265306,
                    2020.408163265306,
                    2020.408163265306,
                    2020.408163265306
                ]
            }
        },
        {
            "user_id": "root",
            "session_id": "root_1464194059487",
            "timestamp": 1464194016606,
            "sequence_id": 1,
            "section_id": 4,
            "activity_id": 1,
            "activity_kind": "curvestar",
            "data": {
                "kind": "Input",
                "user_input": [
                    1714.2857142857142,
                    3137.7551020408164,
                    2020.408163265306,
                    2020.408163265306,
                    2020.408163265306,
                    2020.408163265306
                ]
            }
        }
    ]
}