{
    "events": [
        {
            "user_id": "root",
            "session_id": "root_1464093780578",
            "timestamp": 1464093715859,
            "sequence_id": 1,
            "section_id": "0",
            "activity_id": "-1",
            "activity_kind": "dragdrop",
            "data": {
                "kind": "Click",
                "what": "next_btn",
                "which": "requirements",
                "x": 1537,
                "y": 681
            }
        },
        {
            "user_id": "root",
            "session_id": "root_1464093780578",
            "timestamp": 1464093716654,
            "sequence_id": 1,
            "section_id": "0",
            "activity_id": "0",
            "activity_kind": "dragdrop",
            "data": {
                "kind": "MousePressed",
                "what": "correct_btn",
                "which": "Les phases du cycle cellulaire",
                "x": 1537,
                "y": 681
            }
        },
        {
            "user_id": "root",
            "session_id": "root_1464093780578",
            "timestamp": 1464093716761,
            "sequence_id": 1,
            "section_id": "0",
            "activity_id": "0",
            "activity_kind": "dragdrop",
            "data": {
                "kind": "MouseReleased",
                "what": "correct_btn",
                "which": "Les phases du cycle cellulaire",
                "x": 1537,
                "y": 681
            }
        },
        {
            "user_id": "root",
            "session_id": "root_1464093780578",
            "timestamp": 1464093716763,
            "sequence_id": 1,
            "section_id": "0",
            "activity_id": "0",
            "activity_kind": "dragdrop",
            "data": {
                "kind": "Click",
                "what": "correct_btn",
                "which": "Les phases du cycle cellulaire",
                "x": 1537,
                "y": 681
            }
        },
        {
            "user_id": "root",
            "session_id": "root_1464093780578",
            "timestamp": 1464093716951,
            "sequence_id": 1,
            "section_id": "0",
            "activity_id": "0",
            "activity_kind": "dragdrop",
            "data": {
                "kind": "MouseReleased",
                "what": "correct_btn",
                "which": "Les phases du cycle cellulaire",
                "x": 1537,
                "y": 681
            }
        },
        {
            "user_id": "root",
            "session_id": "root_1464093780578",
            "timestamp": 1464093716954,
            "sequence_id": 1,
            "section_id": "0",
            "activity_id": "0",
            "activity_kind": "dragdrop",
            "data": {
                "kind": "Click",
                "what": "correct_btn",
                "which": "Les phases du cycle cellulaire",
                "x": 1537,
                "y": 681
            }
        },
        {
            "user_id": "root",
            "session_id": "root_1464093780578",
            "timestamp": 1464093717065,
            "sequence_id": 1,
            "section_id": "0",
            "activity_id": "0",
            "activity_kind": "dragdrop",
            "data": {
                "kind": "MousePressed",
                "what": "correct_btn",
                "which": "Les phases du cycle cellulaire",
                "x": 1537,
                "y": 681
            }
        },
        {
            "user_id": "root",
            "session_id": "root_1464093780578",
            "timestamp": 1464093717197,
            "sequence_id": 1,
            "section_id": "0",
            "activity_id": "0",
            "activity_kind": "dragdrop",
            "data": {
                "kind": "MouseReleased",
                "what": "correct_btn",
                "which": "Les phases du cycle cellulaire",
                "x": 1537,
                "y": 681
            }
        },
        {
            "user_id": "root",
            "session_id": "root_1464093780578",
            "timestamp": 1464093717202,
            "sequence_id": 1,
            "section_id": "0",
            "activity_id": "0",
            "activity_kind": "dragdrop",
            "data": {
                "kind": "Click",
                "what": "correct_btn",
                "which": "Les phases du cycle cellulaire",
                "x": 1537,
                "y": 681
            }
        },
        {
            "user_id": "root",
            "session_id": "root_1464093780578",
            "timestamp": 1464093717406,
            "sequence_id": 1,
            "section_id": "0",
            "activity_id": "0",
            "activity_kind": "dragdrop",
            "data": {
                "kind": "MouseReleased",
                "what": "next_btn",
                "which": "Les phases du cycle cellulaire",
                "x": 1537,
                "y": 681
            }
        },
        {
            "user_id": "root",
            "session_id": "root_1464093780578",
            "timestamp": 1464093717637,
            "sequence_id": 1,
            "section_id": "0",
            "activity_id": "0",
            "activity_kind": "dragdrop",
            "data": {
                "kind": "MousePressed",
                "what": "next_btn",
                "which": "Les phases du cycle cellulaire",
                "x": 1537,
                "y": 681
            }
        },
        {
            "user_id": "root",
            "session_id": "root_1464093780578",
            "timestamp": 1464093717751,
            "sequence_id": 1,
            "section_id": "0",
            "activity_id": "0",
            "activity_kind": "dragdrop",
            "data": {
                "kind": "MouseReleased",
                "what": "next_btn",
                "which": "Les phases du cycle cellulaire",
                "x": 1537,
                "y": 681
            }
        },
        {
            "user_id": "root",
            "session_id": "root_1464093780578",
            "timestamp": 1464093717771,
            "sequence_id": 1,
            "section_id": "0",
            "activity_id": "0",
            "activity_kind": "dragdrop",
            "data": {
                "kind": "Click",
                "what": "next_btn",
                "which": "Les phases du cycle cellulaire",
                "x": 1537,
                "y": 681
            }
        },
        {
            "user_id": "root",
            "session_id": "root_1464093780578",
            "timestamp": 1464093718147,
            "sequence_id": 1,
            "section_id": "0",
            "activity_id": "0",
            "activity_kind": "dragdrop",
            "data": {
                "kind": "MousePressed",
                "what": "next_btn",
                "which": "Les phases du cycle cellulaire",
                "x": 1537,
                "y": 681
            }
        },
        {
            "user_id": "root",
            "session_id": "root_1464093780578",
            "timestamp": 1464093718277,
            "sequence_id": 1,
            "section_id": "0",
            "activity_id": "0",
            "activity_kind": "dragdrop",
            "data": {
                "kind": "MouseReleased",
                "what": "next_btn",
                "which": "Les phases du cycle cellulaire",
                "x": 1537,
                "y": 682
            }
        },
        {
            "user_id": "root",
            "session_id": "root_1464093780578",
            "timestamp": 1464093718282,
            "sequence_id": 1,
            "section_id": "0",
            "activity_id": "0",
            "activity_kind": "transition",
            "data": {
                "kind": "Click",
                "what": "next_btn",
                "which": "Les phases du cycle cellulaire",
                "x": 1537,
                "y": 682
            }
        },
        {
            "user_id": "root",
            "session_id": "root_1464093780578",
            "timestamp": 1464093719136,
            "sequence_id": 1,
            "section_id": "1",
            "activity_id": "-1",
            "activity_kind": "dragdrop",
            "data": {
                "kind": "Click",
                "what": "next_btn",
                "which": "hypothesis",
                "x": 1537,
                "y": 682
            }
        },
        {
            "user_id": "root",
            "session_id": "root_1464093780578",
            "timestamp": 1464093719966,
            "sequence_id": 1,
            "section_id": "1",
            "activity_id": "0",
            "activity_kind": "dragdrop",
            "data": {
                "kind": "MousePressed",
                "what": "next_btn",
                "which": "La durée des phases du cycle cellulaire",
                "x": 1537,
                "y": 682
            }
        },
        {
            "user_id": "root",
            "session_id": "root_1464093780578",
            "timestamp": 1464093720107,
            "sequence_id": 1,
            "section_id": "1",
            "activity_id": "0",
            "activity_kind": "dragdrop",
            "data": {
                "kind": "MouseReleased",
                "what": "next_btn",
                "which": "La durée des phases du cycle cellulaire",
                "x": 1537,
                "y": 682
            }
        },
        {
            "user_id": "root",
            "session_id": "root_1464093780578",
            "timestamp": 1464093720110,
            "sequence_id": 1,
            "section_id": "1",
            "activity_id": "0",
            "activity_kind": "dragdrop",
            "data": {
                "kind": "Click",
                "what": "next_btn",
                "which": "La durée des phases du cycle cellulaire",
                "x": 1537,
                "y": 682
            }
        },
        {
            "user_id": "root",
            "session_id": "root_1464093780578",
            "timestamp": 1464093720215,
            "sequence_id": 1,
            "section_id": "1",
            "activity_id": "0",
            "activity_kind": "dragdrop",
            "data": {
                "kind": "MousePressed",
                "what": "next_btn",
                "which": "La durée des phases du cycle cellulaire",
                "x": 1537,
                "y": 682
            }
        },
        {
            "user_id": "root",
            "session_id": "root_1464093780578",
            "timestamp": 1464093720315,
            "sequence_id": 1,
            "section_id": "1",
            "activity_id": "0",
            "activity_kind": "dragdrop",
            "data": {
                "kind": "MouseReleased",
                "what": "next_btn",
                "which": "La durée des phases du cycle cellulaire",
                "x": 1537,
                "y": 682
            }
        },
        {
            "user_id": "root",
            "session_id": "root_1464093780578",
            "timestamp": 1464093720328,
            "sequence_id": 1,
            "section_id": "1",
            "activity_id": "0",
            "activity_kind": "curvetest",
            "data": {
                "kind": "Click",
                "what": "next_btn",
                "which": "La durée des phases du cycle cellulaire",
                "x": 1537,
                "y": 682
            }
        },
        {
            "user_id": "root",
            "session_id": "root_1464093780578",
            "timestamp": 1464093720513,
            "sequence_id": 1,
            "section_id": "1",
            "activity_id": "1",
            "activity_kind": "curvetest",
            "data": {
                "kind": "Click",
                "what": "statement_pane",
                "which": "Courbe de croissance dans des conditions optimales",
                "x": 1537,
                "y": 682
            }
        },
        {
            "user_id": "root",
            "session_id": "root_1464093780578",
            "timestamp": 1464093721188,
            "sequence_id": 1,
            "section_id": "1",
            "activity_id": "1",
            "activity_kind": "curvetest",
            "data": {
                "kind": "Click",
                "what": "next_btn",
                "which": "Courbe de croissance dans des conditions optimales",
                "x": 1537,
                "y": 682
            }
        },
        {
            "user_id": "root",
            "session_id": "root_1464093780578",
            "timestamp": 1464093721359,
            "sequence_id": 1,
            "section_id": "1",
            "activity_id": "1",
            "activity_kind": "transition",
            "data": {
                "kind": "Click",
                "what": "next_btn",
                "which": "Courbe de croissance dans des conditions optimales",
                "x": 1537,
                "y": 682
            }
        },
        {
            "user_id": "root",
            "session_id": "root_1464093780578",
            "timestamp": 1464093721618,
            "sequence_id": 1,
            "section_id": "2",
            "activity_id": "-1",
            "activity_kind": "transition",
            "data": {
                "kind": "Click",
                "what": "transition_pane",
                "which": "protocol",
                "x": 1537,
                "y": 682
            }
        },
        {
            "user_id": "root",
            "session_id": "root_1464093780578",
            "timestamp": 1464093722239,
            "sequence_id": 1,
            "section_id": "2",
            "activity_id": "-1",
            "activity_kind": "transition",
            "data": {
                "kind": "Click",
                "what": "next_btn",
                "which": "protocol",
                "x": 1537,
                "y": 682
            }
        },
        {
            "user_id": "root",
            "session_id": "root_1464093780578",
            "timestamp": 1464093722422,
            "sequence_id": 1,
            "section_id": "2",
            "activity_id": "0",
            "activity_kind": "transition",
            "data": {
                "kind": "Click",
                "what": "transition_pane",
                "which": "Planification du protocole expérimental",
                "x": 1537,
                "y": 682
            }
        },
        {
            "user_id": "root",
            "session_id": "root_1464093780578",
            "timestamp": 1464093723108,
            "sequence_id": 1,
            "section_id": "2",
            "activity_id": "0",
            "activity_kind": "transition",
            "data": {
                "kind": "Click",
                "what": "next_btn",
                "which": "Planification du protocole expérimental",
                "x": 1537,
                "y": 682
            }
        },
        {
            "user_id": "root",
            "session_id": "root_1464093780578",
            "timestamp": 1464093723270,
            "sequence_id": 1,
            "section_id": "2",
            "activity_id": "1",
            "activity_kind": "transition",
            "data": {
                "kind": "Click",
                "what": "transition_pane",
                "which": "Nombres de boîtes de Pétri",
                "x": 1537,
                "y": 682
            }
        },
        {
            "user_id": "root",
            "session_id": "root_1464093780578",
            "timestamp": 1464093724051,
            "sequence_id": 1,
            "section_id": "2",
            "activity_id": "1",
            "activity_kind": "counttest",
            "data": {
                "kind": "Click",
                "what": "next_btn",
                "which": "Nombres de boîtes de Pétri",
                "x": 1537,
                "y": 682
            }
        },
        {
            "user_id": "root",
            "session_id": "root_1464093780578",
            "timestamp": 1464093724938,
            "sequence_id": 1,
            "section_id": "2",
            "activity_id": "2",
            "activity_kind": "counttest",
            "data": {
                "kind": "Click",
                "what": "correct_btn",
                "which": "Comptage",
                "x": 1537,
                "y": 682
            }
        },
        {
            "user_id": "root",
            "session_id": "root_1464093780578",
            "timestamp": 1464093725142,
            "sequence_id": 1,
            "section_id": "2",
            "activity_id": "2",
            "activity_kind": "counttest",
            "data": {
                "kind": "Click",
                "what": "correct_btn",
                "which": "Comptage",
                "x": 1537,
                "y": 682
            }
        },
        {
            "user_id": "root",
            "session_id": "root_1464093780578",
            "timestamp": 1464093725581,
            "sequence_id": 1,
            "section_id": "2",
            "activity_id": "2",
            "activity_kind": "counttest",
            "data": {
                "kind": "Click",
                "what": "correct_btn",
                "which": "Comptage",
                "x": 1537,
                "y": 682
            }
        },
        {
            "user_id": "root",
            "session_id": "root_1464093780578",
            "timestamp": 1464093726125,
            "sequence_id": 1,
            "section_id": "2",
            "activity_id": "2",
            "activity_kind": "counttest",
            "data": {
                "kind": "Click",
                "what": "next_btn",
                "which": "Comptage",
                "x": 1537,
                "y": 682
            }
        },
        {
            "user_id": "root",
            "session_id": "root_1464093780578",
            "timestamp": 1464093727153,
            "sequence_id": 1,
            "section_id": "2",
            "activity_id": "2",
            "activity_kind": "input",
            "data": {
                "kind": "Click",
                "what": "next_btn",
                "which": "Comptage",
                "x": 1537,
                "y": 682
            }
        },
        {
            "user_id": "root",
            "session_id": "root_1464093780578",
            "timestamp": 1464093731300,
            "sequence_id": 1,
            "section_id": "2",
            "activity_id": "3",
            "activity_kind": "input",
            "data": {
                "kind": "Click",
                "what": "correct_btn",
                "which": "Densité Cellulaire",
                "x": 1550,
                "y": 696
            }
        },
        {
            "user_id": "root",
            "session_id": "root_1464093780578",
            "timestamp": 1464093746387,
            "sequence_id": 1,
            "section_id": "2",
            "activity_id": "3",
            "activity_kind": "input",
            "data": {
                "kind": "Click",
                "what": "correct_btn",
                "which": "Densité Cellulaire",
                "x": 1554,
                "y": 672
            }
        },
        {
            "user_id": "root",
            "session_id": "root_1464093780578",
            "timestamp": 1464093746998,
            "sequence_id": 1,
            "section_id": "2",
            "activity_id": "3",
            "activity_kind": "input",
            "data": {
                "kind": "Click",
                "what": "correct_btn",
                "which": "Densité Cellulaire",
                "x": 1554,
                "y": 672
            }
        },
        {
            "user_id": "root",
            "session_id": "root_1464093780578",
            "timestamp": 1464093747560,
            "sequence_id": 1,
            "section_id": "2",
            "activity_id": "3",
            "activity_kind": "input",
            "data": {
                "kind": "Click",
                "what": "next_btn",
                "which": "Densité Cellulaire",
                "x": 1554,
                "y": 673
            }
        },
        {
            "user_id": "root",
            "session_id": "root_1464093780578",
            "timestamp": 1464093749016,
            "sequence_id": 1,
            "section_id": "2",
            "activity_id": "3",
            "activity_kind": "transition",
            "data": {
                "kind": "Click",
                "what": "next_btn",
                "which": "Densité Cellulaire",
                "x": 1554,
                "y": 673
            }
        },
        {
            "user_id": "root",
            "session_id": "root_1464093780578",
            "timestamp": 1464093750010,
            "sequence_id": 1,
            "section_id": "2",
            "activity_id": "4",
            "activity_kind": "pipette",
            "data": {
                "kind": "Click",
                "what": "next_btn",
                "which": "Nombre de cellules par boite et tailles des boites",
                "x": 1554,
                "y": 673
            }
        },
        {
            "user_id": "root",
            "session_id": "root_1464093780578",
            "timestamp": 1464093751068,
            "sequence_id": 1,
            "section_id": "2",
            "activity_id": "5",
            "activity_kind": "pipette",
            "data": {
                "kind": "Click",
                "what": "correct_btn",
                "which": "Ensemencement",
                "x": 1554,
                "y": 673
            }
        },
        {
            "user_id": "root",
            "session_id": "root_1464093780578",
            "timestamp": 1464093751729,
            "sequence_id": 1,
            "section_id": "2",
            "activity_id": "5",
            "activity_kind": "pipette",
            "data": {
                "kind": "Click",
                "what": "correct_btn",
                "which": "Ensemencement",
                "x": 1554,
                "y": 673
            }
        },
        {
            "user_id": "root",
            "session_id": "root_1464093780578",
            "timestamp": 1464093751953,
            "sequence_id": 1,
            "section_id": "2",
            "activity_id": "5",
            "activity_kind": "pipette",
            "data": {
                "kind": "Click",
                "what": "correct_btn",
                "which": "Ensemencement",
                "x": 1554,
                "y": 673
            }
        },
        {
            "user_id": "root",
            "session_id": "root_1464093780578",
            "timestamp": 1464093752328,
            "sequence_id": 1,
            "section_id": "2",
            "activity_id": "5",
            "activity_kind": "pipette",
            "data": {
                "kind": "Click",
                "what": "next_btn",
                "which": "Ensemencement",
                "x": 1554,
                "y": 673
            }
        },
        {
            "user_id": "root",
            "session_id": "root_1464093780578",
            "timestamp": 1464100942669,
            "sequence_id": 1,
            "section_id": 0,
            "activity_id": -1,
            "activity_kind": "transition",
            "data": {
                "kind": "Click",
                "what": "navigation_pane",
                "which": "menubar",
                "x": 425,
                "y": 109
            }
        }
    ]
}