{
    "inputs": [
        {
            "user_id": "root",
            "session_id": "root_1464180018487",
            "timestamp": 1464179950046,
            "sequence_id": 1,
            "section_id": 0,
            "activity_id": 0,
            "activity_kind": "dragdrop",
            "data": {
                "kind": "Input",
                "user_input": [
                    {
                        "slot": 0,
                        "stickers": []
                    },
                    {
                        "slot": 1,
                        "stickers": []
                    },
                    {
                        "slot": 2,
                        "stickers": []
                    },
                    {
                        "slot": 3,
                        "stickers": []
                    },
                    {
                        "slot": 4,
                        "stickers": []
                    },
                    {
                        "slot": 5,
                        "stickers": []
                    },
                    {
                        "slot": 6,
                        "stickers": []
                    },
                    {
                        "slot": 7,
                        "stickers": []
                    },
                    {
                        "slot": 8,
                        "stickers": []
                    }
                ]
            }
        },
        {
            "user_id": "root",
            "session_id": "root_1464180018487",
            "timestamp": 1464179950239,
            "sequence_id": 1,
            "section_id": 0,
            "activity_id": 0,
            "activity_kind": "dragdrop",
            "data": {
                "kind": "Input",
                "user_input": [
                    {
                        "slot": 0,
                        "stickers": []
                    },
                    {
                        "slot": 1,
                        "stickers": []
                    },
                    {
                        "slot": 2,
                        "stickers": []
                    },
                    {
                        "slot": 3,
                        "stickers": []
                    },
                    {
                        "slot": 4,
                        "stickers": []
                    },
                    {
                        "slot": 5,
                        "stickers": []
                    },
                    {
                        "slot": 6,
                        "stickers": []
                    },
                    {
                        "slot": 7,
                        "stickers": []
                    },
                    {
                        "slot": 8,
                        "stickers": []
                    }
                ]
            }
        },
        {
            "user_id": "root",
            "session_id": "root_1464180018487",
            "timestamp": 1464179950631,
            "sequence_id": 1,
            "section_id": 0,
            "activity_id": 0,
            "activity_kind": "dragdrop",
            "data": {
                "kind": "Input",
                "user_input": [
                    {
                        "slot": 0,
                        "stickers": []
                    },
                    {
                        "slot": 1,
                        "stickers": []
                    },
                    {
                        "slot": 2,
                        "stickers": []
                    },
                    {
                        "slot": 3,
                        "stickers": []
                    },
                    {
                        "slot": 4,
                        "stickers": []
                    },
                    {
                        "slot": 5,
                        "stickers": []
                    },
                    {
                        "slot": 6,
                        "stickers": []
                    },
                    {
                        "slot": 7,
                        "stickers": []
                    },
                    {
                        "slot": 8,
                        "stickers": []
                    }
                ]
            }
        },
        {
            "user_id": "root",
            "session_id": "root_1464180018487",
            "timestamp": 1464179953208,
            "sequence_id": 1,
            "section_id": 1,
            "activity_id": 0,
            "activity_kind": "dragdrop",
            "data": {
                "kind": "Input",
                "user_input": [
                    {
                        "slot": 0,
                        "stickers": []
                    },
                    {
                        "slot": 1,
                        "stickers": []
                    },
                    {
                        "slot": 2,
                        "stickers": []
                    },
                    {
                        "slot": 3,
                        "stickers": []
                    }
                ]
            }
        },
        {
            "user_id": "root",
            "session_id": "root_1464180018487",
            "timestamp": 1464179954501,
            "sequence_id": 1,
            "section_id": 1,
            "activity_id": 1,
            "activity_kind": "curvetest",
            "data": {
                "kind": "Input",
                "user_input": [
                    2020.408163265306,
                    2020.408163265306,
                    2020.408163265306,
                    2020.408163265306,
                    2020.408163265306,
                    2020.408163265306
                ]
            }
        },
        {
            "user_id": "root",
            "session_id": "root_1464180018487",
            "timestamp": 1464179958555,
            "sequence_id": 1,
            "section_id": 2,
            "activity_id": 2,
            "activity_kind": "counttest",
            "data": {
                "kind": "Input",
                "user_input": [
                    0,
                    0,
                    0,
                    0
                ]
            }
        },
        {
            "user_id": "root",
            "session_id": "root_1464180018487",
            "timestamp": 1464179959041,
            "sequence_id": 1,
            "section_id": 2,
            "activity_id": 2,
            "activity_kind": "counttest",
            "data": {
                "kind": "Input",
                "user_input": [
                    0,
                    0,
                    0,
                    0
                ]
            }
        },
        {
            "user_id": "root",
            "session_id": "root_1464180018487",
            "timestamp": 1464179959238,
            "sequence_id": 1,
            "section_id": 2,
            "activity_id": 2,
            "activity_kind": "counttest",
            "data": {
                "kind": "Input",
                "user_input": [
                    0,
                    0,
                    0,
                    0
                ]
            }
        },
        {
            "user_id": "root",
            "session_id": "root_1464180018487",
            "timestamp": 1464179960856,
            "sequence_id": 1,
            "section_id": 2,
            "activity_id": 3,
            "activity_kind": "input",
            "data": {
                "kind": "Input",
                "user_input": ""
            }
        },
        {
            "user_id": "root",
            "session_id": "root_1464180018487",
            "timestamp": 1464179961284,
            "sequence_id": 1,
            "section_id": 2,
            "activity_id": 3,
            "activity_kind": "input",
            "data": {
                "kind": "Input",
                "user_input": ""
            }
        },
        {
            "user_id": "root",
            "session_id": "root_1464180018487",
            "timestamp": 1464179961463,
            "sequence_id": 1,
            "section_id": 2,
            "activity_id": 3,
            "activity_kind": "input",
            "data": {
                "kind": "Input",
                "user_input": ""
            }
        },
        {
            "user_id": "root",
            "session_id": "root_1464180018487",
            "timestamp": 1464179963853,
            "sequence_id": 1,
            "section_id": 2,
            "activity_id": 5,
            "activity_kind": "pipette",
            "data": {
                "kind": "Input",
                "user_input": [
                    0,
                    0,
                    0,
                    0
                ]
            }
        },
        {
            "user_id": "root",
            "session_id": "root_1464180018487",
            "timestamp": 1464179964057,
            "sequence_id": 1,
            "section_id": 2,
            "activity_id": 5,
            "activity_kind": "pipette",
            "data": {
                "kind": "Input",
                "user_input": [
                    0,
                    0,
                    0,
                    0
                ]
            }
        },
        {
            "user_id": "root",
            "session_id": "root_1464180018487",
            "timestamp": 1464179964238,
            "sequence_id": 1,
            "section_id": 2,
            "activity_id": 5,
            "activity_kind": "pipette",
            "data": {
                "kind": "Input",
                "user_input": [
                    0,
                    0,
                    0,
                    0
                ]
            }
        },
        {
            "user_id": "root",
            "session_id": "root_1464180018487",
            "timestamp": 1464179968534,
            "sequence_id": 1,
            "section_id": 4,
            "activity_id": 0,
            "activity_kind": "dragdrop",
            "data": {
                "kind": "Input",
                "user_input": [
                    {
                        "slot": 0,
                        "stickers": []
                    },
                    {
                        "slot": 1,
                        "stickers": []
                    },
                    {
                        "slot": 2,
                        "stickers": []
                    },
                    {
                        "slot": 3,
                        "stickers": []
                    },
                    {
                        "slot": 4,
                        "stickers": []
                    },
                    {
                        "slot": 5,
                        "stickers": []
                    }
                ]
            }
        },
        {
            "user_id": "root",
            "session_id": "root_1464180018487",
            "timestamp": 1464179968944,
            "sequence_id": 1,
            "section_id": 4,
            "activity_id": 0,
            "activity_kind": "dragdrop",
            "data": {
                "kind": "Input",
                "user_input": [
                    {
                        "slot": 0,
                        "stickers": []
                    },
                    {
                        "slot": 1,
                        "stickers": []
                    },
                    {
                        "slot": 2,
                        "stickers": []
                    },
                    {
                        "slot": 3,
                        "stickers": []
                    },
                    {
                        "slot": 4,
                        "stickers": []
                    },
                    {
                        "slot": 5,
                        "stickers": []
                    }
                ]
            }
        },
        {
            "user_id": "root",
            "session_id": "root_1464180018487",
            "timestamp": 1464179969510,
            "sequence_id": 1,
            "section_id": 4,
            "activity_id": 0,
            "activity_kind": "dragdrop",
            "data": {
                "kind": "Input",
                "user_input": [
                    {
                        "slot": 0,
                        "stickers": []
                    },
                    {
                        "slot": 1,
                        "stickers": []
                    },
                    {
                        "slot": 2,
                        "stickers": []
                    },
                    {
                        "slot": 3,
                        "stickers": []
                    },
                    {
                        "slot": 4,
                        "stickers": []
                    },
                    {
                        "slot": 5,
                        "stickers": []
                    }
                ]
            }
        },
        {
            "user_id": "root",
            "session_id": "root_1464180018487",
            "timestamp": 1464179970917,
            "sequence_id": 1,
            "section_id": 4,
            "activity_id": 1,
            "activity_kind": "curvestar",
            "data": {
                "kind": "Input",
                "user_input": [
                    2020.408163265306,
                    2020.408163265306,
                    2020.408163265306,
                    2020.408163265306,
                    2020.408163265306,
                    2020.408163265306
                ]
            }
        }
    ]
}