{
    "events": [
        {
            "user_id": "root",
            "session_id": "root_1464188049492",
            "timestamp": 1464187979936,
            "sequence_id": 1,
            "section_id": "0",
            "activity_id": "-1",
            "activity_kind": "dragdrop",
            "data": {
                "kind": "Click",
                "what": "next_btn",
                "which": "requirements",
                "x": 1557,
                "y": 688
            }
        },
        {
            "user_id": "root",
            "session_id": "root_1464188049492",
            "timestamp": 1464187980792,
            "sequence_id": 1,
            "section_id": "0",
            "activity_id": "0",
            "activity_kind": "dragdrop",
            "data": {
                "kind": "MousePressed",
                "what": "correct_btn",
                "which": "Les phases du cycle cellulaire",
                "x": 1557,
                "y": 688
            }
        },
        {
            "user_id": "root",
            "session_id": "root_1464188049492",
            "timestamp": 1464187980911,
            "sequence_id": 1,
            "section_id": "0",
            "activity_id": "0",
            "activity_kind": "dragdrop",
            "data": {
                "kind": "MouseReleased",
                "what": "correct_btn",
                "which": "Les phases du cycle cellulaire",
                "x": 1558,
                "y": 688
            }
        },
        {
            "user_id": "root",
            "session_id": "root_1464188049492",
            "timestamp": 1464187980914,
            "sequence_id": 1,
            "section_id": "0",
            "activity_id": "0",
            "activity_kind": "dragdrop",
            "data": {
                "kind": "Click",
                "what": "correct_btn",
                "which": "Les phases du cycle cellulaire",
                "x": 1558,
                "y": 688
            }
        },
        {
            "user_id": "root",
            "session_id": "root_1464188049492",
            "timestamp": 1464187981071,
            "sequence_id": 1,
            "section_id": "0",
            "activity_id": "0",
            "activity_kind": "dragdrop",
            "data": {
                "kind": "MousePressed",
                "what": "correct_btn",
                "which": "Les phases du cycle cellulaire",
                "x": 1558,
                "y": 688
            }
        },
        {
            "user_id": "root",
            "session_id": "root_1464188049492",
            "timestamp": 1464187981171,
            "sequence_id": 1,
            "section_id": "0",
            "activity_id": "0",
            "activity_kind": "dragdrop",
            "data": {
                "kind": "MouseReleased",
                "what": "correct_btn",
                "which": "Les phases du cycle cellulaire",
                "x": 1558,
                "y": 688
            }
        },
        {
            "user_id": "root",
            "session_id": "root_1464188049492",
            "timestamp": 1464187981173,
            "sequence_id": 1,
            "section_id": "0",
            "activity_id": "0",
            "activity_kind": "dragdrop",
            "data": {
                "kind": "Click",
                "what": "correct_btn",
                "which": "Les phases du cycle cellulaire",
                "x": 1558,
                "y": 688
            }
        },
        {
            "user_id": "root",
            "session_id": "root_1464188049492",
            "timestamp": 1464187981276,
            "sequence_id": 1,
            "section_id": "0",
            "activity_id": "0",
            "activity_kind": "dragdrop",
            "data": {
                "kind": "MousePressed",
                "what": "correct_btn",
                "which": "Les phases du cycle cellulaire",
                "x": 1558,
                "y": 688
            }
        },
        {
            "user_id": "root",
            "session_id": "root_1464188049492",
            "timestamp": 1464187981372,
            "sequence_id": 1,
            "section_id": "0",
            "activity_id": "0",
            "activity_kind": "dragdrop",
            "data": {
                "kind": "MouseReleased",
                "what": "correct_btn",
                "which": "Les phases du cycle cellulaire",
                "x": 1558,
                "y": 688
            }
        },
        {
            "user_id": "root",
            "session_id": "root_1464188049492",
            "timestamp": 1464187981380,
            "sequence_id": 1,
            "section_id": "0",
            "activity_id": "0",
            "activity_kind": "dragdrop",
            "data": {
                "kind": "Click",
                "what": "correct_btn",
                "which": "Les phases du cycle cellulaire",
                "x": 1558,
                "y": 688
            }
        },
        {
            "user_id": "root",
            "session_id": "root_1464188049492",
            "timestamp": 1464187981485,
            "sequence_id": 1,
            "section_id": "0",
            "activity_id": "0",
            "activity_kind": "dragdrop",
            "data": {
                "kind": "MousePressed",
                "what": "next_btn",
                "which": "Les phases du cycle cellulaire",
                "x": 1558,
                "y": 688
            }
        },
        {
            "user_id": "root",
            "session_id": "root_1464188049492",
            "timestamp": 1464187981554,
            "sequence_id": 1,
            "section_id": "0",
            "activity_id": "0",
            "activity_kind": "dragdrop",
            "data": {
                "kind": "MouseReleased",
                "what": "next_btn",
                "which": "Les phases du cycle cellulaire",
                "x": 1558,
                "y": 688
            }
        },
        {
            "user_id": "root",
            "session_id": "root_1464188049492",
            "timestamp": 1464187981562,
            "sequence_id": 1,
            "section_id": "0",
            "activity_id": "0",
            "activity_kind": "dragdrop",
            "data": {
                "kind": "Click",
                "what": "next_btn",
                "which": "Les phases du cycle cellulaire",
                "x": 1558,
                "y": 688
            }
        },
        {
            "user_id": "root",
            "session_id": "root_1464188049492",
            "timestamp": 1464187981653,
            "sequence_id": 1,
            "section_id": "0",
            "activity_id": "0",
            "activity_kind": "dragdrop",
            "data": {
                "kind": "MousePressed",
                "what": "next_btn",
                "which": "Les phases du cycle cellulaire",
                "x": 1558,
                "y": 688
            }
        },
        {
            "user_id": "root",
            "session_id": "root_1464188049492",
            "timestamp": 1464187981755,
            "sequence_id": 1,
            "section_id": "0",
            "activity_id": "0",
            "activity_kind": "dragdrop",
            "data": {
                "kind": "MouseReleased",
                "what": "next_btn",
                "which": "Les phases du cycle cellulaire",
                "x": 1558,
                "y": 688
            }
        },
        {
            "user_id": "root",
            "session_id": "root_1464188049492",
            "timestamp": 1464187981762,
            "sequence_id": 1,
            "section_id": "0",
            "activity_id": "0",
            "activity_kind": "transition",
            "data": {
                "kind": "Click",
                "what": "next_btn",
                "which": "Les phases du cycle cellulaire",
                "x": 1558,
                "y": 688
            }
        },
        {
            "user_id": "root",
            "session_id": "root_1464188049492",
            "timestamp": 1464187982668,
            "sequence_id": 1,
            "section_id": "1",
            "activity_id": "-1",
            "activity_kind": "dragdrop",
            "data": {
                "kind": "Click",
                "what": "next_btn",
                "which": "hypothesis",
                "x": 1558,
                "y": 688
            }
        },
        {
            "user_id": "root",
            "session_id": "root_1464188049492",
            "timestamp": 1464187982739,
            "sequence_id": 1,
            "section_id": "1",
            "activity_id": "0",
            "activity_kind": "dragdrop",
            "data": {
                "kind": "MousePressed",
                "what": "statement_pane",
                "which": "La durée des phases du cycle cellulaire",
                "x": 1558,
                "y": 688
            }
        },
        {
            "user_id": "root",
            "session_id": "root_1464188049492",
            "timestamp": 1464187982835,
            "sequence_id": 1,
            "section_id": "1",
            "activity_id": "0",
            "activity_kind": "dragdrop",
            "data": {
                "kind": "MouseReleased",
                "what": "statement_pane",
                "which": "La durée des phases du cycle cellulaire",
                "x": 1558,
                "y": 688
            }
        },
        {
            "user_id": "root",
            "session_id": "root_1464188049492",
            "timestamp": 1464187982836,
            "sequence_id": 1,
            "section_id": "1",
            "activity_id": "0",
            "activity_kind": "dragdrop",
            "data": {
                "kind": "Click",
                "what": "statement_pane",
                "which": "La durée des phases du cycle cellulaire",
                "x": 1558,
                "y": 688
            }
        },
        {
            "user_id": "root",
            "session_id": "root_1464188049492",
            "timestamp": 1464187983349,
            "sequence_id": 1,
            "section_id": "1",
            "activity_id": "0",
            "activity_kind": "dragdrop",
            "data": {
                "kind": "MousePressed",
                "what": "next_btn",
                "which": "La durée des phases du cycle cellulaire",
                "x": 1558,
                "y": 688
            }
        },
        {
            "user_id": "root",
            "session_id": "root_1464188049492",
            "timestamp": 1464187983469,
            "sequence_id": 1,
            "section_id": "1",
            "activity_id": "0",
            "activity_kind": "dragdrop",
            "data": {
                "kind": "MouseReleased",
                "what": "next_btn",
                "which": "La durée des phases du cycle cellulaire",
                "x": 1558,
                "y": 688
            }
        },
        {
            "user_id": "root",
            "session_id": "root_1464188049492",
            "timestamp": 1464187983473,
            "sequence_id": 1,
            "section_id": "1",
            "activity_id": "0",
            "activity_kind": "dragdrop",
            "data": {
                "kind": "Click",
                "what": "next_btn",
                "which": "La durée des phases du cycle cellulaire",
                "x": 1558,
                "y": 688
            }
        },
        {
            "user_id": "root",
            "session_id": "root_1464188049492",
            "timestamp": 1464187983562,
            "sequence_id": 1,
            "section_id": "1",
            "activity_id": "0",
            "activity_kind": "dragdrop",
            "data": {
                "kind": "MousePressed",
                "what": "next_btn",
                "which": "La durée des phases du cycle cellulaire",
                "x": 1558,
                "y": 688
            }
        },
        {
            "user_id": "root",
            "session_id": "root_1464188049492",
            "timestamp": 1464187983682,
            "sequence_id": 1,
            "section_id": "1",
            "activity_id": "0",
            "activity_kind": "dragdrop",
            "data": {
                "kind": "MouseReleased",
                "what": "next_btn",
                "which": "La durée des phases du cycle cellulaire",
                "x": 1558,
                "y": 688
            }
        },
        {
            "user_id": "root",
            "session_id": "root_1464188049492",
            "timestamp": 1464187983696,
            "sequence_id": 1,
            "section_id": "1",
            "activity_id": "0",
            "activity_kind": "curvetest",
            "data": {
                "kind": "Click",
                "what": "next_btn",
                "which": "La durée des phases du cycle cellulaire",
                "x": 1558,
                "y": 688
            }
        },
        {
            "user_id": "root",
            "session_id": "root_1464188049492",
            "timestamp": 1464187983926,
            "sequence_id": 1,
            "section_id": "1",
            "activity_id": "1",
            "activity_kind": "curvetest",
            "data": {
                "kind": "Click",
                "what": "statement_pane",
                "which": "Courbe de croissance dans des conditions optimales",
                "x": 1558,
                "y": 688
            }
        },
        {
            "user_id": "root",
            "session_id": "root_1464188049492",
            "timestamp": 1464187984621,
            "sequence_id": 1,
            "section_id": "1",
            "activity_id": "1",
            "activity_kind": "curvetest",
            "data": {
                "kind": "Click",
                "what": "next_btn",
                "which": "Courbe de croissance dans des conditions optimales",
                "x": 1558,
                "y": 688
            }
        },
        {
            "user_id": "root",
            "session_id": "root_1464188049492",
            "timestamp": 1464187984839,
            "sequence_id": 1,
            "section_id": "1",
            "activity_id": "1",
            "activity_kind": "transition",
            "data": {
                "kind": "Click",
                "what": "next_btn",
                "which": "Courbe de croissance dans des conditions optimales",
                "x": 1558,
                "y": 688
            }
        },
        {
            "user_id": "root",
            "session_id": "root_1464188049492",
            "timestamp": 1464187985716,
            "sequence_id": 1,
            "section_id": "2",
            "activity_id": "-1",
            "activity_kind": "transition",
            "data": {
                "kind": "Click",
                "what": "next_btn",
                "which": "protocol",
                "x": 1558,
                "y": 688
            }
        },
        {
            "user_id": "root",
            "session_id": "root_1464188049492",
            "timestamp": 1464187985900,
            "sequence_id": 1,
            "section_id": "2",
            "activity_id": "0",
            "activity_kind": "transition",
            "data": {
                "kind": "Click",
                "what": "transition_pane",
                "which": "Planification du protocole expérimental",
                "x": 1558,
                "y": 688
            }
        },
        {
            "user_id": "root",
            "session_id": "root_1464188049492",
            "timestamp": 1464187986626,
            "sequence_id": 1,
            "section_id": "2",
            "activity_id": "0",
            "activity_kind": "transition",
            "data": {
                "kind": "Click",
                "what": "next_btn",
                "which": "Planification du protocole expérimental",
                "x": 1558,
                "y": 688
            }
        },
        {
            "user_id": "root",
            "session_id": "root_1464188049492",
            "timestamp": 1464187986794,
            "sequence_id": 1,
            "section_id": "2",
            "activity_id": "1",
            "activity_kind": "transition",
            "data": {
                "kind": "Click",
                "what": "transition_pane",
                "which": "Nombres de boîtes de Pétri",
                "x": 1558,
                "y": 688
            }
        },
        {
            "user_id": "root",
            "session_id": "root_1464188049492",
            "timestamp": 1464187987618,
            "sequence_id": 1,
            "section_id": "2",
            "activity_id": "1",
            "activity_kind": "counttest",
            "data": {
                "kind": "Click",
                "what": "next_btn",
                "which": "Nombres de boîtes de Pétri",
                "x": 1558,
                "y": 688
            }
        },
        {
            "user_id": "root",
            "session_id": "root_1464188049492",
            "timestamp": 1464187987806,
            "sequence_id": 1,
            "section_id": "2",
            "activity_id": "2",
            "activity_kind": "counttest",
            "data": {
                "kind": "Click",
                "what": "statement_pane",
                "which": "Comptage",
                "x": 1558,
                "y": 688
            }
        },
        {
            "user_id": "root",
            "session_id": "root_1464188049492",
            "timestamp": 1464187988740,
            "sequence_id": 1,
            "section_id": "2",
            "activity_id": "2",
            "activity_kind": "counttest",
            "data": {
                "kind": "Click",
                "what": "correct_btn",
                "which": "Comptage",
                "x": 1558,
                "y": 688
            }
        },
        {
            "user_id": "root",
            "session_id": "root_1464188049492",
            "timestamp": 1464187989103,
            "sequence_id": 1,
            "section_id": "2",
            "activity_id": "2",
            "activity_kind": "counttest",
            "data": {
                "kind": "Click",
                "what": "correct_btn",
                "which": "Comptage",
                "x": 1558,
                "y": 688
            }
        },
        {
            "user_id": "root",
            "session_id": "root_1464188049492",
            "timestamp": 1464187989309,
            "sequence_id": 1,
            "section_id": "2",
            "activity_id": "2",
            "activity_kind": "counttest",
            "data": {
                "kind": "Click",
                "what": "correct_btn",
                "which": "Comptage",
                "x": 1558,
                "y": 688
            }
        },
        {
            "user_id": "root",
            "session_id": "root_1464188049492",
            "timestamp": 1464187989516,
            "sequence_id": 1,
            "section_id": "2",
            "activity_id": "2",
            "activity_kind": "counttest",
            "data": {
                "kind": "Click",
                "what": "next_btn",
                "which": "Comptage",
                "x": 1558,
                "y": 688
            }
        },
        {
            "user_id": "root",
            "session_id": "root_1464188049492",
            "timestamp": 1464187990273,
            "sequence_id": 1,
            "section_id": "2",
            "activity_id": "2",
            "activity_kind": "input",
            "data": {
                "kind": "Click",
                "what": "next_btn",
                "which": "Comptage",
                "x": 1558,
                "y": 688
            }
        },
        {
            "user_id": "root",
            "session_id": "root_1464188049492",
            "timestamp": 1464187991172,
            "sequence_id": 1,
            "section_id": "2",
            "activity_id": "3",
            "activity_kind": "input",
            "data": {
                "kind": "Click",
                "what": "correct_btn",
                "which": "Densité Cellulaire",
                "x": 1558,
                "y": 688
            }
        },
        {
            "user_id": "root",
            "session_id": "root_1464188049492",
            "timestamp": 1464187991371,
            "sequence_id": 1,
            "section_id": "2",
            "activity_id": "3",
            "activity_kind": "input",
            "data": {
                "kind": "Click",
                "what": "correct_btn",
                "which": "Densité Cellulaire",
                "x": 1558,
                "y": 688
            }
        },
        {
            "user_id": "root",
            "session_id": "root_1464188049492",
            "timestamp": 1464187991557,
            "sequence_id": 1,
            "section_id": "2",
            "activity_id": "3",
            "activity_kind": "input",
            "data": {
                "kind": "Click",
                "what": "correct_btn",
                "which": "Densité Cellulaire",
                "x": 1558,
                "y": 688
            }
        },
        {
            "user_id": "root",
            "session_id": "root_1464188049492",
            "timestamp": 1464187991745,
            "sequence_id": 1,
            "section_id": "2",
            "activity_id": "3",
            "activity_kind": "input",
            "data": {
                "kind": "Click",
                "what": "next_btn",
                "which": "Densité Cellulaire",
                "x": 1558,
                "y": 688
            }
        },
        {
            "user_id": "root",
            "session_id": "root_1464188049492",
            "timestamp": 1464187991900,
            "sequence_id": 1,
            "section_id": "2",
            "activity_id": "3",
            "activity_kind": "transition",
            "data": {
                "kind": "Click",
                "what": "next_btn",
                "which": "Densité Cellulaire",
                "x": 1558,
                "y": 688
            }
        },
        {
            "user_id": "root",
            "session_id": "root_1464188049492",
            "timestamp": 1464187992790,
            "sequence_id": 1,
            "section_id": "2",
            "activity_id": "4",
            "activity_kind": "pipette",
            "data": {
                "kind": "Click",
                "what": "next_btn",
                "which": "Nombre de cellules par boite et tailles des boites",
                "x": 1558,
                "y": 688
            }
        },
        {
            "user_id": "root",
            "session_id": "root_1464188049492",
            "timestamp": 1464187993871,
            "sequence_id": 1,
            "section_id": "2",
            "activity_id": "5",
            "activity_kind": "pipette",
            "data": {
                "kind": "Click",
                "what": "correct_btn",
                "which": "Ensemencement",
                "x": 1558,
                "y": 688
            }
        },
        {
            "user_id": "root",
            "session_id": "root_1464188049492",
            "timestamp": 1464187994100,
            "sequence_id": 1,
            "section_id": "2",
            "activity_id": "5",
            "activity_kind": "pipette",
            "data": {
                "kind": "Click",
                "what": "correct_btn",
                "which": "Ensemencement",
                "x": 1558,
                "y": 688
            }
        },
        {
            "user_id": "root",
            "session_id": "root_1464188049492",
            "timestamp": 1464187994292,
            "sequence_id": 1,
            "section_id": "2",
            "activity_id": "5",
            "activity_kind": "pipette",
            "data": {
                "kind": "Click",
                "what": "correct_btn",
                "which": "Ensemencement",
                "x": 1558,
                "y": 688
            }
        },
        {
            "user_id": "root",
            "session_id": "root_1464188049492",
            "timestamp": 1464187994492,
            "sequence_id": 1,
            "section_id": "2",
            "activity_id": "5",
            "activity_kind": "pipette",
            "data": {
                "kind": "Click",
                "what": "next_btn",
                "which": "Ensemencement",
                "x": 1558,
                "y": 688
            }
        },
        {
            "user_id": "root",
            "session_id": "root_1464188049492",
            "timestamp": 1464187995185,
            "sequence_id": 1,
            "section_id": "2",
            "activity_id": "5",
            "activity_kind": "transition",
            "data": {
                "kind": "Click",
                "what": "next_btn",
                "which": "Ensemencement",
                "x": 1558,
                "y": 688
            }
        },
        {
            "user_id": "root",
            "session_id": "root_1464188049492",
            "timestamp": 1464187996173,
            "sequence_id": 1,
            "section_id": "3",
            "activity_id": "-1",
            "activity_kind": "transition",
            "data": {
                "kind": "Click",
                "what": "next_btn",
                "which": "experiment",
                "x": 1558,
                "y": 688
            }
        },
        {
            "user_id": "root",
            "session_id": "root_1464188049492",
            "timestamp": 1464187997166,
            "sequence_id": 1,
            "section_id": "4",
            "activity_id": "-1",
            "activity_kind": "dragdrop",
            "data": {
                "kind": "Click",
                "what": "next_btn",
                "which": "results",
                "x": 1558,
                "y": 688
            }
        },
        {
            "user_id": "root",
            "session_id": "root_1464188049492",
            "timestamp": 1464187998020,
            "sequence_id": 1,
            "section_id": "4",
            "activity_id": "0",
            "activity_kind": "dragdrop",
            "data": {
                "kind": "MousePressed",
                "what": "correct_btn",
                "which": "Comptages",
                "x": 1558,
                "y": 688
            }
        },
        {
            "user_id": "root",
            "session_id": "root_1464188049492",
            "timestamp": 1464187998112,
            "sequence_id": 1,
            "section_id": "4",
            "activity_id": "0",
            "activity_kind": "dragdrop",
            "data": {
                "kind": "MouseReleased",
                "what": "correct_btn",
                "which": "Comptages",
                "x": 1558,
                "y": 688
            }
        },
        {
            "user_id": "root",
            "session_id": "root_1464188049492",
            "timestamp": 1464187998113,
            "sequence_id": 1,
            "section_id": "4",
            "activity_id": "0",
            "activity_kind": "dragdrop",
            "data": {
                "kind": "Click",
                "what": "correct_btn",
                "which": "Comptages",
                "x": 1558,
                "y": 688
            }
        },
        {
            "user_id": "root",
            "session_id": "root_1464188049492",
            "timestamp": 1464187998203,
            "sequence_id": 1,
            "section_id": "4",
            "activity_id": "0",
            "activity_kind": "dragdrop",
            "data": {
                "kind": "MousePressed",
                "what": "correct_btn",
                "which": "Comptages",
                "x": 1558,
                "y": 688
            }
        },
        {
            "user_id": "root",
            "session_id": "root_1464188049492",
            "timestamp": 1464187998318,
            "sequence_id": 1,
            "section_id": "4",
            "activity_id": "0",
            "activity_kind": "dragdrop",
            "data": {
                "kind": "MouseReleased",
                "what": "correct_btn",
                "which": "Comptages",
                "x": 1558,
                "y": 688
            }
        },
        {
            "user_id": "root",
            "session_id": "root_1464188049492",
            "timestamp": 1464187998321,
            "sequence_id": 1,
            "section_id": "4",
            "activity_id": "0",
            "activity_kind": "dragdrop",
            "data": {
                "kind": "Click",
                "what": "correct_btn",
                "which": "Comptages",
                "x": 1558,
                "y": 688
            }
        },
        {
            "user_id": "root",
            "session_id": "root_1464188049492",
            "timestamp": 1464187998497,
            "sequence_id": 1,
            "section_id": "4",
            "activity_id": "0",
            "activity_kind": "dragdrop",
            "data": {
                "kind": "MouseReleased",
                "what": "correct_btn",
                "which": "Comptages",
                "x": 1558,
                "y": 688
            }
        },
        {
            "user_id": "root",
            "session_id": "root_1464188049492",
            "timestamp": 1464187998501,
            "sequence_id": 1,
            "section_id": "4",
            "activity_id": "0",
            "activity_kind": "dragdrop",
            "data": {
                "kind": "Click",
                "what": "correct_btn",
                "which": "Comptages",
                "x": 1558,
                "y": 688
            }
        },
        {
            "user_id": "root",
            "session_id": "root_1464188049492",
            "timestamp": 1464187998695,
            "sequence_id": 1,
            "section_id": "4",
            "activity_id": "0",
            "activity_kind": "dragdrop",
            "data": {
                "kind": "MouseReleased",
                "what": "next_btn",
                "which": "Comptages",
                "x": 1558,
                "y": 688
            }
        },
        {
            "user_id": "root",
            "session_id": "root_1464188049492",
            "timestamp": 1464187998765,
            "sequence_id": 1,
            "section_id": "4",
            "activity_id": "0",
            "activity_kind": "dragdrop",
            "data": {
                "kind": "MousePressed",
                "what": "next_btn",
                "which": "Comptages",
                "x": 1558,
                "y": 688
            }
        },
        {
            "user_id": "root",
            "session_id": "root_1464188049492",
            "timestamp": 1464187998861,
            "sequence_id": 1,
            "section_id": "4",
            "activity_id": "0",
            "activity_kind": "dragdrop",
            "data": {
                "kind": "MouseReleased",
                "what": "next_btn",
                "which": "Comptages",
                "x": 1558,
                "y": 688
            }
        },
        {
            "user_id": "root",
            "session_id": "root_1464188049492",
            "timestamp": 1464187998870,
            "sequence_id": 1,
            "section_id": "4",
            "activity_id": "0",
            "activity_kind": "dragdrop",
            "data": {
                "kind": "Click",
                "what": "next_btn",
                "which": "Comptages",
                "x": 1558,
                "y": 688
            }
        },
        {
            "user_id": "root",
            "session_id": "root_1464188049492",
            "timestamp": 1464187999657,
            "sequence_id": 1,
            "section_id": "4",
            "activity_id": "0",
            "activity_kind": "dragdrop",
            "data": {
                "kind": "MousePressed",
                "what": "next_btn",
                "which": "Comptages",
                "x": 1558,
                "y": 688
            }
        },
        {
            "user_id": "root",
            "session_id": "root_1464188049492",
            "timestamp": 1464187999767,
            "sequence_id": 1,
            "section_id": "4",
            "activity_id": "0",
            "activity_kind": "dragdrop",
            "data": {
                "kind": "MouseReleased",
                "what": "next_btn",
                "which": "Comptages",
                "x": 1558,
                "y": 688
            }
        },
        {
            "user_id": "root",
            "session_id": "root_1464188049492",
            "timestamp": 1464187999783,
            "sequence_id": 1,
            "section_id": "4",
            "activity_id": "0",
            "activity_kind": "curvestar",
            "data": {
                "kind": "Click",
                "what": "next_btn",
                "which": "Comptages",
                "x": 1558,
                "y": 688
            }
        },
        {
            "user_id": "root",
            "session_id": "root_1464188049492",
            "timestamp": 1464188003620,
            "sequence_id": 1,
            "section_id": "4",
            "activity_id": "1",
            "activity_kind": "curvestar",
            "data": {
                "kind": "MousePressed",
                "what": "Curve_canvas",
                "which": "Comptages et courbe de croissance dans des conditions optimales",
                "x": 802,
                "y": 441
            }
        },
        {
            "user_id": "root",
            "session_id": "root_1464188049492",
            "timestamp": 1464188004375,
            "sequence_id": 1,
            "section_id": "4",
            "activity_id": "1",
            "activity_kind": "curvestar",
            "data": {
                "kind": "MouseReleased",
                "what": "Curve_canvas",
                "which": "Comptages et courbe de croissance dans des conditions optimales",
                "x": 807,
                "y": 375
            }
        },
        {
            "user_id": "root",
            "session_id": "root_1464188049492",
            "timestamp": 1464188004375,
            "sequence_id": 1,
            "section_id": "4",
            "activity_id": "1",
            "activity_kind": "curvestar",
            "data": {
                "kind": "Click",
                "what": "Curve_canvas",
                "which": "Comptages et courbe de croissance dans des conditions optimales",
                "x": 807,
                "y": 375
            }
        },
        {
            "user_id": "root",
            "session_id": "root_1464188049492",
            "timestamp": 1464188005156,
            "sequence_id": 1,
            "section_id": "4",
            "activity_id": "1",
            "activity_kind": "curvestar",
            "data": {
                "kind": "MousePressed",
                "what": "Curve_canvas",
                "which": "Comptages et courbe de croissance dans des conditions optimales",
                "x": 881,
                "y": 415
            }
        },
        {
            "user_id": "root",
            "session_id": "root_1464188049492",
            "timestamp": 1464188005246,
            "sequence_id": 1,
            "section_id": "4",
            "activity_id": "1",
            "activity_kind": "curvestar",
            "data": {
                "kind": "MouseReleased",
                "what": "Curve_canvas",
                "which": "Comptages et courbe de croissance dans des conditions optimales",
                "x": 881,
                "y": 415
            }
        },
        {
            "user_id": "root",
            "session_id": "root_1464188049492",
            "timestamp": 1464188005246,
            "sequence_id": 1,
            "section_id": "4",
            "activity_id": "1",
            "activity_kind": "curvestar",
            "data": {
                "kind": "Click",
                "what": "Curve_canvas",
                "which": "Comptages et courbe de croissance dans des conditions optimales",
                "x": 881,
                "y": 415
            }
        },
        {
            "user_id": "root",
            "session_id": "root_1464188049492",
            "timestamp": 1464188005318,
            "sequence_id": 1,
            "section_id": "4",
            "activity_id": "1",
            "activity_kind": "curvestar",
            "data": {
                "kind": "MousePressed",
                "what": "Curve_canvas",
                "which": "Comptages et courbe de croissance dans des conditions optimales",
                "x": 881,
                "y": 415
            }
        },
        {
            "user_id": "root",
            "session_id": "root_1464188049492",
            "timestamp": 1464188005540,
            "sequence_id": 1,
            "section_id": "4",
            "activity_id": "1",
            "activity_kind": "curvestar",
            "data": {
                "kind": "MouseReleased",
                "what": "Curve_canvas",
                "which": "Comptages et courbe de croissance dans des conditions optimales",
                "x": 883,
                "y": 393
            }
        },
        {
            "user_id": "root",
            "session_id": "root_1464188049492",
            "timestamp": 1464188005542,
            "sequence_id": 1,
            "section_id": "4",
            "activity_id": "1",
            "activity_kind": "curvestar",
            "data": {
                "kind": "Click",
                "what": "Curve_canvas",
                "which": "Comptages et courbe de croissance dans des conditions optimales",
                "x": 883,
                "y": 393
            }
        },
        {
            "user_id": "root",
            "session_id": "root_1464188049492",
            "timestamp": 1464188006050,
            "sequence_id": 1,
            "section_id": "4",
            "activity_id": "1",
            "activity_kind": "curvestar",
            "data": {
                "kind": "MousePressed",
                "what": "Curve_canvas",
                "which": "Comptages et courbe de croissance dans des conditions optimales",
                "x": 883,
                "y": 401
            }
        },
        {
            "user_id": "root",
            "session_id": "root_1464188049492",
            "timestamp": 1464188007530,
            "sequence_id": 1,
            "section_id": "4",
            "activity_id": "1",
            "activity_kind": "curvestar",
            "data": {
                "kind": "MousePressed",
                "what": "Curve_canvas",
                "which": "Comptages et courbe de croissance dans des conditions optimales",
                "x": 870,
                "y": 290
            }
        },
        {
            "user_id": "root",
            "session_id": "root_1464188049492",
            "timestamp": 1464188007636,
            "sequence_id": 1,
            "section_id": "4",
            "activity_id": "1",
            "activity_kind": "curvestar",
            "data": {
                "kind": "MouseReleased",
                "what": "Curve_canvas",
                "which": "Comptages et courbe de croissance dans des conditions optimales",
                "x": 870,
                "y": 289
            }
        },
        {
            "user_id": "root",
            "session_id": "root_1464188049492",
            "timestamp": 1464188007636,
            "sequence_id": 1,
            "section_id": "4",
            "activity_id": "1",
            "activity_kind": "curvestar",
            "data": {
                "kind": "Click",
                "what": "Curve_canvas",
                "which": "Comptages et courbe de croissance dans des conditions optimales",
                "x": 870,
                "y": 289
            }
        },
        {
            "user_id": "root",
            "session_id": "root_1464188049492",
            "timestamp": 1464188009482,
            "sequence_id": 1,
            "section_id": "4",
            "activity_id": "1",
            "activity_kind": "curvestar",
            "data": {
                "kind": "MousePressed",
                "what": "Curve_canvas",
                "which": "Comptages et courbe de croissance dans des conditions optimales",
                "x": 805,
                "y": 373
            }
        },
        {
            "user_id": "root",
            "session_id": "root_1464188049492",
            "timestamp": 1464188011037,
            "sequence_id": 1,
            "section_id": "4",
            "activity_id": "1",
            "activity_kind": "curvestar",
            "data": {
                "kind": "MousePressed",
                "what": "Curve_canvas",
                "which": "Comptages et courbe de croissance dans des conditions optimales",
                "x": 794,
                "y": 433
            }
        },
        {
            "user_id": "root",
            "session_id": "root_1464188049492",
            "timestamp": 1464188011143,
            "sequence_id": 1,
            "section_id": "4",
            "activity_id": "1",
            "activity_kind": "curvestar",
            "data": {
                "kind": "MouseReleased",
                "what": "Curve_canvas",
                "which": "Comptages et courbe de croissance dans des conditions optimales",
                "x": 793,
                "y": 432
            }
        },
        {
            "user_id": "root",
            "session_id": "root_1464188049492",
            "timestamp": 1464188011143,
            "sequence_id": 1,
            "section_id": "4",
            "activity_id": "1",
            "activity_kind": "curvestar",
            "data": {
                "kind": "Click",
                "what": "Curve_canvas",
                "which": "Comptages et courbe de croissance dans des conditions optimales",
                "x": 793,
                "y": 432
            }
        },
        {
            "user_id": "root",
            "session_id": "root_1464188049492",
            "timestamp": 1464188012137,
            "sequence_id": 1,
            "section_id": "4",
            "activity_id": "1",
            "activity_kind": "curvestar",
            "data": {
                "kind": "MousePressed",
                "what": "Curve_canvas",
                "which": "Comptages et courbe de croissance dans des conditions optimales",
                "x": 891,
                "y": 299
            }
        },
        {
            "user_id": "root",
            "session_id": "root_1464188049492",
            "timestamp": 1464188013461,
            "sequence_id": 1,
            "section_id": "4",
            "activity_id": "1",
            "activity_kind": "curvestar",
            "data": {
                "kind": "MousePressed",
                "what": "Curve_canvas",
                "which": "Comptages et courbe de croissance dans des conditions optimales",
                "x": 1102,
                "y": 296
            }
        },
        {
            "user_id": "root",
            "session_id": "root_1464188049492",
            "timestamp": 1464188013557,
            "sequence_id": 1,
            "section_id": "4",
            "activity_id": "1",
            "activity_kind": "curvestar",
            "data": {
                "kind": "MouseReleased",
                "what": "Curve_canvas",
                "which": "Comptages et courbe de croissance dans des conditions optimales",
                "x": 1102,
                "y": 296
            }
        },
        {
            "user_id": "root",
            "session_id": "root_1464188049492",
            "timestamp": 1464188013557,
            "sequence_id": 1,
            "section_id": "4",
            "activity_id": "1",
            "activity_kind": "curvestar",
            "data": {
                "kind": "Click",
                "what": "Curve_canvas",
                "which": "Comptages et courbe de croissance dans des conditions optimales",
                "x": 1102,
                "y": 296
            }
        },
        {
            "user_id": "root",
            "session_id": "root_1464188049492",
            "timestamp": 1464188014594,
            "sequence_id": 1,
            "section_id": "4",
            "activity_id": "1",
            "activity_kind": "curvestar",
            "data": {
                "kind": "MousePressed",
                "what": "Curve_canvas",
                "which": "Comptages et courbe de croissance dans des conditions optimales",
                "x": 881,
                "y": 305
            }
        },
        {
            "user_id": "root",
            "session_id": "root_1464188049492",
            "timestamp": 1464188015418,
            "sequence_id": 1,
            "section_id": "4",
            "activity_id": "1",
            "activity_kind": "curvestar",
            "data": {
                "kind": "MouseReleased",
                "what": "Curve_canvas",
                "which": "Comptages et courbe de croissance dans des conditions optimales",
                "x": 866,
                "y": 368
            }
        },
        {
            "user_id": "root",
            "session_id": "root_1464188049492",
            "timestamp": 1464188015421,
            "sequence_id": 1,
            "section_id": "4",
            "activity_id": "1",
            "activity_kind": "curvestar",
            "data": {
                "kind": "Click",
                "what": "Curve_canvas",
                "which": "Comptages et courbe de croissance dans des conditions optimales",
                "x": 866,
                "y": 368
            }
        },
        {
            "user_id": "root",
            "session_id": "root_1464188049492",
            "timestamp": 1464188016383,
            "sequence_id": 1,
            "section_id": "4",
            "activity_id": "1",
            "activity_kind": "curvestar",
            "data": {
                "kind": "MousePressed",
                "what": "Curve_canvas",
                "which": "Comptages et courbe de croissance dans des conditions optimales",
                "x": 980,
                "y": 431
            }
        },
        {
            "user_id": "root",
            "session_id": "root_1464188049492",
            "timestamp": 1464188017189,
            "sequence_id": 1,
            "section_id": "4",
            "activity_id": "1",
            "activity_kind": "curvestar",
            "data": {
                "kind": "MouseReleased",
                "what": "Curve_canvas",
                "which": "Comptages et courbe de croissance dans des conditions optimales",
                "x": 1013,
                "y": 299
            }
        },
        {
            "user_id": "root",
            "session_id": "root_1464188049492",
            "timestamp": 1464188017189,
            "sequence_id": 1,
            "section_id": "4",
            "activity_id": "1",
            "activity_kind": "curvestar",
            "data": {
                "kind": "Click",
                "what": "Curve_canvas",
                "which": "Comptages et courbe de croissance dans des conditions optimales",
                "x": 1013,
                "y": 299
            }
        },
        {
            "user_id": "root",
            "session_id": "root_1464188049492",
            "timestamp": 1464188018167,
            "sequence_id": 1,
            "section_id": "4",
            "activity_id": "1",
            "activity_kind": "curvestar",
            "data": {
                "kind": "MousePressed",
                "what": "Curve_canvas",
                "which": "Comptages et courbe de croissance dans des conditions optimales",
                "x": 1075,
                "y": 434
            }
        },
        {
            "user_id": "root",
            "session_id": "root_1464188049492",
            "timestamp": 1464188018987,
            "sequence_id": 1,
            "section_id": "4",
            "activity_id": "1",
            "activity_kind": "curvestar",
            "data": {
                "kind": "MouseReleased",
                "what": "Curve_canvas",
                "which": "Comptages et courbe de croissance dans des conditions optimales",
                "x": 1100,
                "y": 245
            }
        },
        {
            "user_id": "root",
            "session_id": "root_1464188049492",
            "timestamp": 1464188018987,
            "sequence_id": 1,
            "section_id": "4",
            "activity_id": "1",
            "activity_kind": "curvestar",
            "data": {
                "kind": "Click",
                "what": "Curve_canvas",
                "which": "Comptages et courbe de croissance dans des conditions optimales",
                "x": 1100,
                "y": 245
            }
        },
        {
            "user_id": "root",
            "session_id": "root_1464188049492",
            "timestamp": 1464188019040,
            "sequence_id": 1,
            "section_id": "4",
            "activity_id": "1",
            "activity_kind": "curvestar",
            "data": {
                "kind": "MousePressed",
                "what": "Curve_canvas",
                "which": "Comptages et courbe de croissance dans des conditions optimales",
                "x": 1100,
                "y": 245
            }
        },
        {
            "user_id": "root",
            "session_id": "root_1464188049492",
            "timestamp": 1464188019152,
            "sequence_id": 1,
            "section_id": "4",
            "activity_id": "1",
            "activity_kind": "curvestar",
            "data": {
                "kind": "MouseReleased",
                "what": "Curve_canvas",
                "which": "Comptages et courbe de croissance dans des conditions optimales",
                "x": 1099,
                "y": 244
            }
        },
        {
            "user_id": "root",
            "session_id": "root_1464188049492",
            "timestamp": 1464188019154,
            "sequence_id": 1,
            "section_id": "4",
            "activity_id": "1",
            "activity_kind": "curvestar",
            "data": {
                "kind": "Click",
                "what": "Curve_canvas",
                "which": "Comptages et courbe de croissance dans des conditions optimales",
                "x": 1099,
                "y": 244
            }
        },
        {
            "user_id": "root",
            "session_id": "root_1464188049492",
            "timestamp": 1464188020183,
            "sequence_id": 1,
            "section_id": "4",
            "activity_id": "1",
            "activity_kind": "curvestar",
            "data": {
                "kind": "MousePressed",
                "what": "Curve_canvas",
                "which": "Comptages et courbe de croissance dans des conditions optimales",
                "x": 1150,
                "y": 410
            }
        },
        {
            "user_id": "root",
            "session_id": "root_1464188049492",
            "timestamp": 1464188020737,
            "sequence_id": 1,
            "section_id": "4",
            "activity_id": "1",
            "activity_kind": "curvestar",
            "data": {
                "kind": "MouseReleased",
                "what": "Curve_canvas",
                "which": "Comptages et courbe de croissance dans des conditions optimales",
                "x": 1186,
                "y": 251
            }
        },
        {
            "user_id": "root",
            "session_id": "root_1464188049492",
            "timestamp": 1464188020737,
            "sequence_id": 1,
            "section_id": "4",
            "activity_id": "1",
            "activity_kind": "curvestar",
            "data": {
                "kind": "Click",
                "what": "Curve_canvas",
                "which": "Comptages et courbe de croissance dans des conditions optimales",
                "x": 1186,
                "y": 251
            }
        },
        {
            "user_id": "root",
            "session_id": "root_1464188049492",
            "timestamp": 1464188021531,
            "sequence_id": 1,
            "section_id": "4",
            "activity_id": "1",
            "activity_kind": "curvestar",
            "data": {
                "kind": "MousePressed",
                "what": "Curve_canvas",
                "which": "Comptages et courbe de croissance dans des conditions optimales",
                "x": 1158,
                "y": 432
            }
        },
        {
            "user_id": "root",
            "session_id": "root_1464188049492",
            "timestamp": 1464188022654,
            "sequence_id": 1,
            "section_id": "4",
            "activity_id": "1",
            "activity_kind": "curvestar",
            "data": {
                "kind": "MouseReleased",
                "what": "Curve_canvas",
                "which": "Comptages et courbe de croissance dans des conditions optimales",
                "x": 1183,
                "y": 225
            }
        },
        {
            "user_id": "root",
            "session_id": "root_1464188049492",
            "timestamp": 1464188022654,
            "sequence_id": 1,
            "section_id": "4",
            "activity_id": "1",
            "activity_kind": "curvestar",
            "data": {
                "kind": "Click",
                "what": "Curve_canvas",
                "which": "Comptages et courbe de croissance dans des conditions optimales",
                "x": 1183,
                "y": 225
            }
        },
        {
            "user_id": "root",
            "session_id": "root_1464188049492",
            "timestamp": 1464188024831,
            "sequence_id": 1,
            "section_id": "4",
            "activity_id": "1",
            "activity_kind": "curvestar",
            "data": {
                "kind": "MousePressed",
                "what": "Curve_canvas",
                "which": "Comptages et courbe de croissance dans des conditions optimales",
                "x": 1074,
                "y": 245
            }
        },
        {
            "user_id": "root",
            "session_id": "root_1464188049492",
            "timestamp": 1464188025410,
            "sequence_id": 1,
            "section_id": "4",
            "activity_id": "1",
            "activity_kind": "curvestar",
            "data": {
                "kind": "MouseReleased",
                "what": "Curve_canvas",
                "which": "Comptages et courbe de croissance dans des conditions optimales",
                "x": 1056,
                "y": 233
            }
        },
        {
            "user_id": "root",
            "session_id": "root_1464188049492",
            "timestamp": 1464188025420,
            "sequence_id": 1,
            "section_id": "4",
            "activity_id": "1",
            "activity_kind": "curvestar",
            "data": {
                "kind": "Click",
                "what": "Curve_canvas",
                "which": "Comptages et courbe de croissance dans des conditions optimales",
                "x": 1056,
                "y": 233
            }
        },
        {
            "user_id": "root",
            "session_id": "root_1464188049492",
            "timestamp": 1464188026642,
            "sequence_id": 1,
            "section_id": "4",
            "activity_id": "1",
            "activity_kind": "curvestar",
            "data": {
                "kind": "MousePressed",
                "what": "next_btn",
                "which": "Comptages et courbe de croissance dans des conditions optimales",
                "x": 1517,
                "y": 695
            }
        },
        {
            "user_id": "root",
            "session_id": "root_1464188049492",
            "timestamp": 1464188026751,
            "sequence_id": 1,
            "section_id": "4",
            "activity_id": "1",
            "activity_kind": "curvestar",
            "data": {
                "kind": "MouseReleased",
                "what": "next_btn",
                "which": "Comptages et courbe de croissance dans des conditions optimales",
                "x": 1517,
                "y": 695
            }
        },
        {
            "user_id": "root",
            "session_id": "root_1464188049492",
            "timestamp": 1464188026759,
            "sequence_id": 1,
            "section_id": "4",
            "activity_id": "1",
            "activity_kind": "curvestar",
            "data": {
                "kind": "Click",
                "what": "next_btn",
                "which": "Comptages et courbe de croissance dans des conditions optimales",
                "x": 1517,
                "y": 695
            }
        },
        {
            "user_id": "root",
            "session_id": "root_1464188049492",
            "timestamp": 1464188028366,
            "sequence_id": 1,
            "section_id": "4",
            "activity_id": "1",
            "activity_kind": "curvestar",
            "data": {
                "kind": "MousePressed",
                "what": "next_btn",
                "which": "Comptages et courbe de croissance dans des conditions optimales",
                "x": 1517,
                "y": 695
            }
        },
        {
            "user_id": "root",
            "session_id": "root_1464188049492",
            "timestamp": 1464188028506,
            "sequence_id": 1,
            "section_id": "4",
            "activity_id": "1",
            "activity_kind": "curvestar",
            "data": {
                "kind": "MouseReleased",
                "what": "next_btn",
                "which": "Comptages et courbe de croissance dans des conditions optimales",
                "x": 1517,
                "y": 695
            }
        },
        {
            "user_id": "root",
            "session_id": "root_1464188049492",
            "timestamp": 1464188028527,
            "sequence_id": 1,
            "section_id": "4",
            "activity_id": "1",
            "activity_kind": "dragdrop",
            "data": {
                "kind": "Click",
                "what": "next_btn",
                "which": "Comptages et courbe de croissance dans des conditions optimales",
                "x": 1517,
                "y": 695
            }
        },
        {
            "user_id": "root",
            "session_id": "root_1464188049492",
            "timestamp": 1464188031096,
            "sequence_id": 1,
            "section_id": "4",
            "activity_id": "2",
            "activity_kind": "dragdrop",
            "data": {
                "kind": "MousePressed",
                "what": "correct_btn",
                "which": "Proportions des phases dans le cycle cellulaire",
                "x": 1517,
                "y": 695
            }
        },
        {
            "user_id": "root",
            "session_id": "root_1464188049492",
            "timestamp": 1464188031225,
            "sequence_id": 1,
            "section_id": "4",
            "activity_id": "2",
            "activity_kind": "dragdrop",
            "data": {
                "kind": "MouseReleased",
                "what": "correct_btn",
                "which": "Proportions des phases dans le cycle cellulaire",
                "x": 1517,
                "y": 695
            }
        },
        {
            "user_id": "root",
            "session_id": "root_1464188049492",
            "timestamp": 1464188031235,
            "sequence_id": 1,
            "section_id": "4",
            "activity_id": "2",
            "activity_kind": "dragdrop",
            "data": {
                "kind": "Click",
                "what": "correct_btn",
                "which": "Proportions des phases dans le cycle cellulaire",
                "x": 1517,
                "y": 695
            }
        },
        {
            "user_id": "root",
            "session_id": "root_1464188049492",
            "timestamp": 1464188031749,
            "sequence_id": 1,
            "section_id": "4",
            "activity_id": "2",
            "activity_kind": "dragdrop",
            "data": {
                "kind": "MousePressed",
                "what": "correct_btn",
                "which": "Proportions des phases dans le cycle cellulaire",
                "x": 1517,
                "y": 695
            }
        },
        {
            "user_id": "root",
            "session_id": "root_1464188049492",
            "timestamp": 1464188031892,
            "sequence_id": 1,
            "section_id": "4",
            "activity_id": "2",
            "activity_kind": "dragdrop",
            "data": {
                "kind": "MouseReleased",
                "what": "correct_btn",
                "which": "Proportions des phases dans le cycle cellulaire",
                "x": 1517,
                "y": 695
            }
        },
        {
            "user_id": "root",
            "session_id": "root_1464188049492",
            "timestamp": 1464188031902,
            "sequence_id": 1,
            "section_id": "4",
            "activity_id": "2",
            "activity_kind": "dragdrop",
            "data": {
                "kind": "Click",
                "what": "correct_btn",
                "which": "Proportions des phases dans le cycle cellulaire",
                "x": 1517,
                "y": 695
            }
        },
        {
            "user_id": "root",
            "session_id": "root_1464188049492",
            "timestamp": 1464188032208,
            "sequence_id": 1,
            "section_id": "4",
            "activity_id": "2",
            "activity_kind": "dragdrop",
            "data": {
                "kind": "MousePressed",
                "what": "correct_btn",
                "which": "Proportions des phases dans le cycle cellulaire",
                "x": 1517,
                "y": 695
            }
        },
        {
            "user_id": "root",
            "session_id": "root_1464188049492",
            "timestamp": 1464188032316,
            "sequence_id": 1,
            "section_id": "4",
            "activity_id": "2",
            "activity_kind": "dragdrop",
            "data": {
                "kind": "MouseReleased",
                "what": "correct_btn",
                "which": "Proportions des phases dans le cycle cellulaire",
                "x": 1517,
                "y": 695
            }
        },
        {
            "user_id": "root",
            "session_id": "root_1464188049492",
            "timestamp": 1464188032326,
            "sequence_id": 1,
            "section_id": "4",
            "activity_id": "2",
            "activity_kind": "dragdrop",
            "data": {
                "kind": "Click",
                "what": "correct_btn",
                "which": "Proportions des phases dans le cycle cellulaire",
                "x": 1517,
                "y": 695
            }
        },
        {
            "user_id": "root",
            "session_id": "root_1464188049492",
            "timestamp": 1464188032748,
            "sequence_id": 1,
            "section_id": "4",
            "activity_id": "2",
            "activity_kind": "dragdrop",
            "data": {
                "kind": "MousePressed",
                "what": "next_btn",
                "which": "Proportions des phases dans le cycle cellulaire",
                "x": 1517,
                "y": 695
            }
        },
        {
            "user_id": "root",
            "session_id": "root_1464188049492",
            "timestamp": 1464188032836,
            "sequence_id": 1,
            "section_id": "4",
            "activity_id": "2",
            "activity_kind": "dragdrop",
            "data": {
                "kind": "MouseReleased",
                "what": "next_btn",
                "which": "Proportions des phases dans le cycle cellulaire",
                "x": 1517,
                "y": 695
            }
        },
        {
            "user_id": "root",
            "session_id": "root_1464188049492",
            "timestamp": 1464188032846,
            "sequence_id": 1,
            "section_id": "4",
            "activity_id": "2",
            "activity_kind": "dragdrop",
            "data": {
                "kind": "Click",
                "what": "next_btn",
                "which": "Proportions des phases dans le cycle cellulaire",
                "x": 1517,
                "y": 695
            }
        },
        {
            "user_id": "root",
            "session_id": "root_1464188049492",
            "timestamp": 1464188033585,
            "sequence_id": 1,
            "section_id": "4",
            "activity_id": "2",
            "activity_kind": "dragdrop",
            "data": {
                "kind": "MousePressed",
                "what": "next_btn",
                "which": "Proportions des phases dans le cycle cellulaire",
                "x": 1517,
                "y": 695
            }
        },
        {
            "user_id": "root",
            "session_id": "root_1464188049492",
            "timestamp": 1464188033703,
            "sequence_id": 1,
            "section_id": "4",
            "activity_id": "2",
            "activity_kind": "dragdrop",
            "data": {
                "kind": "MouseReleased",
                "what": "next_btn",
                "which": "Proportions des phases dans le cycle cellulaire",
                "x": 1517,
                "y": 695
            }
        },
        {
            "user_id": "root",
            "session_id": "root_1464188049492",
            "timestamp": 1464188033734,
            "sequence_id": 1,
            "section_id": "4",
            "activity_id": "2",
            "activity_kind": "dragdrop",
            "data": {
                "kind": "Click",
                "what": "next_btn",
                "which": "Proportions des phases dans le cycle cellulaire",
                "x": 1517,
                "y": 695
            }
        },
        {
            "user_id": "root",
            "session_id": "root_1464188049492",
            "timestamp": 1464188040673,
            "sequence_id": 1,
            "section_id": "4",
            "activity_id": "3",
            "activity_kind": "dragdrop",
            "data": {
                "kind": "MousePressed",
                "what": "DD_sticker",
                "which": "4h45",
                "x": 1307,
                "y": 278
            }
        },
        {
            "user_id": "root",
            "session_id": "root_1464188049492",
            "timestamp": 1464188041413,
            "sequence_id": 1,
            "section_id": "4",
            "activity_id": "3",
            "activity_kind": "dragdrop",
            "data": {
                "kind": "MouseReleased",
                "what": "DD_sticker",
                "which": "4h45",
                "x": 1189,
                "y": 306
            }
        },
        {
            "user_id": "root",
            "session_id": "root_1464188049492",
            "timestamp": 1464188044155,
            "sequence_id": 1,
            "section_id": "4",
            "activity_id": "3",
            "activity_kind": "dragdrop",
            "data": {
                "kind": "MousePressed",
                "what": "DD_sticker",
                "which": "20h",
                "x": 1386,
                "y": 380
            }
        },
        {
            "user_id": "root",
            "session_id": "root_1464188049492",
            "timestamp": 1464188044973,
            "sequence_id": 1,
            "section_id": "4",
            "activity_id": "3",
            "activity_kind": "dragdrop",
            "data": {
                "kind": "MouseReleased",
                "what": "DD_sticker",
                "which": "20h",
                "x": 805,
                "y": 554
            }
        },
        {
            "user_id": "root",
            "session_id": "root_1464188049492",
            "timestamp": 1464188044983,
            "sequence_id": 1,
            "section_id": "4",
            "activity_id": "3",
            "activity_kind": "dragdrop",
            "data": {
                "kind": "Click",
                "what": "DD_sticker",
                "which": "20h",
                "x": 805,
                "y": 554
            }
        },
        {
            "user_id": "root",
            "session_id": "root_1464188049492",
            "timestamp": 1464188046119,
            "sequence_id": 1,
            "section_id": "4",
            "activity_id": "3",
            "activity_kind": "dragdrop",
            "data": {
                "kind": "MousePressed",
                "what": "DD_sticker",
                "which": "20h",
                "x": 1369,
                "y": 386
            }
        },
        {
            "user_id": "root",
            "session_id": "root_1464188049492",
            "timestamp": 1464188047133,
            "sequence_id": 1,
            "section_id": "4",
            "activity_id": "3",
            "activity_kind": "dragdrop",
            "data": {
                "kind": "MouseReleased",
                "what": "DD_sticker",
                "which": "20h",
                "x": 769,
                "y": 552
            }
        },
        {
            "user_id": "root",
            "session_id": "root_1464188049492",
            "timestamp": 1464188048732,
            "sequence_id": 1,
            "section_id": "4",
            "activity_id": "3",
            "activity_kind": "dragdrop",
            "data": {
                "kind": "MousePressed",
                "what": "DD_sticker",
                "which": "4h45",
                "x": 1161,
                "y": 322
            }
        },
        {
            "user_id": "root",
            "session_id": "root_1464188049492",
            "timestamp": 1464188049407,
            "sequence_id": 1,
            "section_id": "4",
            "activity_id": "3",
            "activity_kind": "dragdrop",
            "data": {
                "kind": "MouseReleased",
                "what": "DD_slot",
                "which": "2",
                "x": 742,
                "y": 297
            }
        },
        {
            "user_id": "root",
            "session_id": "root_1464188049492",
            "timestamp": 1464188050017,
            "sequence_id": 1,
            "section_id": "4",
            "activity_id": "3",
            "activity_kind": "dragdrop",
            "data": {
                "kind": "MousePressed",
                "what": "main_pane",
                "which": "Proportions et durée des phases dans le cycle cellulaire",
                "x": 743,
                "y": 505
            }
        },
        {
            "user_id": "root",
            "session_id": "root_1464188049492",
            "timestamp": 1464188050252,
            "sequence_id": 1,
            "section_id": "4",
            "activity_id": "3",
            "activity_kind": "dragdrop",
            "data": {
                "kind": "MouseReleased",
                "what": "DD_sticker",
                "which": "20h",
                "x": 767,
                "y": 524
            }
        },
        {
            "user_id": "root",
            "session_id": "root_1464188049492",
            "timestamp": 1464188050252,
            "sequence_id": 1,
            "section_id": "4",
            "activity_id": "3",
            "activity_kind": "dragdrop",
            "data": {
                "kind": "Click",
                "what": "DD_sticker",
                "which": "20h",
                "x": 767,
                "y": 524
            }
        },
        {
            "user_id": "root",
            "session_id": "root_1464188049492",
            "timestamp": 1464188050475,
            "sequence_id": 1,
            "section_id": "4",
            "activity_id": "3",
            "activity_kind": "dragdrop",
            "data": {
                "kind": "MousePressed",
                "what": "DD_sticker",
                "which": "20h",
                "x": 767,
                "y": 529
            }
        },
        {
            "user_id": "root",
            "session_id": "root_1464188049492",
            "timestamp": 1464188051433,
            "sequence_id": 1,
            "section_id": "4",
            "activity_id": "3",
            "activity_kind": "dragdrop",
            "data": {
                "kind": "MouseReleased",
                "what": "DD_sticker",
                "which": "20h",
                "x": 1177,
                "y": 294
            }
        },
        {
            "user_id": "root",
            "session_id": "root_1464188049492",
            "timestamp": 1464188052051,
            "sequence_id": 1,
            "section_id": "4",
            "activity_id": "3",
            "activity_kind": "dragdrop",
            "data": {
                "kind": "MousePressed",
                "what": "DD_sticker",
                "which": "4h45",
                "x": 1296,
                "y": 284
            }
        },
        {
            "user_id": "root",
            "session_id": "root_1464188049492",
            "timestamp": 1464188052876,
            "sequence_id": 1,
            "section_id": "4",
            "activity_id": "3",
            "activity_kind": "dragdrop",
            "data": {
                "kind": "MouseReleased",
                "what": "DD_sticker",
                "which": "4h45",
                "x": 901,
                "y": 157
            }
        },
        {
            "user_id": "root",
            "session_id": "root_1464188049492",
            "timestamp": 1464188056866,
            "sequence_id": 1,
            "section_id": "4",
            "activity_id": "3",
            "activity_kind": "dragdrop",
            "data": {
                "kind": "MousePressed",
                "what": "DD_sticker",
                "which": "14h",
                "x": 1525,
                "y": 276
            }
        },
        {
            "user_id": "root",
            "session_id": "root_1464188049492",
            "timestamp": 1464188057596,
            "sequence_id": 1,
            "section_id": "4",
            "activity_id": "3",
            "activity_kind": "dragdrop",
            "data": {
                "kind": "MouseReleased",
                "what": "DD_sticker",
                "which": "14h",
                "x": 1166,
                "y": 296
            }
        },
        {
            "user_id": "root",
            "session_id": "root_1464188049492",
            "timestamp": 1464188060162,
            "sequence_id": 1,
            "section_id": "4",
            "activity_id": "3",
            "activity_kind": "dragdrop",
            "data": {
                "kind": "MousePressed",
                "what": "DD_sticker",
                "which": "9h",
                "x": 1464,
                "y": 365
            }
        },
        {
            "user_id": "root",
            "session_id": "root_1464188049492",
            "timestamp": 1464188061932,
            "sequence_id": 1,
            "section_id": "4",
            "activity_id": "3",
            "activity_kind": "dragdrop",
            "data": {
                "kind": "MouseReleased",
                "what": "DD_sticker",
                "which": "9h",
                "x": 1483,
                "y": 366
            }
        },
        {
            "user_id": "root",
            "session_id": "root_1464188049492",
            "timestamp": 1464188061942,
            "sequence_id": 1,
            "section_id": "4",
            "activity_id": "3",
            "activity_kind": "dragdrop",
            "data": {
                "kind": "Click",
                "what": "DD_sticker",
                "which": "9h",
                "x": 1483,
                "y": 366
            }
        },
        {
            "user_id": "root",
            "session_id": "root_1464188049492",
            "timestamp": 1464188063169,
            "sequence_id": 1,
            "section_id": "4",
            "activity_id": "3",
            "activity_kind": "dragdrop",
            "data": {
                "kind": "MousePressed",
                "what": "DD_sticker",
                "which": "1h00",
                "x": 1454,
                "y": 288
            }
        },
        {
            "user_id": "root",
            "session_id": "root_1464188049492",
            "timestamp": 1464188064313,
            "sequence_id": 1,
            "section_id": "4",
            "activity_id": "3",
            "activity_kind": "dragdrop",
            "data": {
                "kind": "MouseReleased",
                "what": "DD_sticker",
                "which": "1h00",
                "x": 786,
                "y": 537
            }
        },
        {
            "user_id": "root",
            "session_id": "root_1464188049492",
            "timestamp": 1464188065378,
            "sequence_id": 1,
            "section_id": "4",
            "activity_id": "3",
            "activity_kind": "dragdrop",
            "data": {
                "kind": "MousePressed",
                "what": "btn_bar",
                "which": "Proportions et durée des phases dans le cycle cellulaire",
                "x": 1503,
                "y": 679
            }
        },
        {
            "user_id": "root",
            "session_id": "root_1464188049492",
            "timestamp": 1464188065483,
            "sequence_id": 1,
            "section_id": "4",
            "activity_id": "3",
            "activity_kind": "dragdrop",
            "data": {
                "kind": "MouseReleased",
                "what": "btn_bar",
                "which": "Proportions et durée des phases dans le cycle cellulaire",
                "x": 1504,
                "y": 679
            }
        },
        {
            "user_id": "root",
            "session_id": "root_1464188049492",
            "timestamp": 1464188065493,
            "sequence_id": 1,
            "section_id": "4",
            "activity_id": "3",
            "activity_kind": "dragdrop",
            "data": {
                "kind": "Click",
                "what": "btn_bar",
                "which": "Proportions et durée des phases dans le cycle cellulaire",
                "x": 1504,
                "y": 679
            }
        },
        {
            "user_id": "root",
            "session_id": "root_1464188049492",
            "timestamp": 1464188066170,
            "sequence_id": 1,
            "section_id": "4",
            "activity_id": "3",
            "activity_kind": "dragdrop",
            "data": {
                "kind": "MousePressed",
                "what": "btn_bar",
                "which": "Proportions et durée des phases dans le cycle cellulaire",
                "x": 1504,
                "y": 679
            }
        },
        {
            "user_id": "root",
            "session_id": "root_1464188049492",
            "timestamp": 1464188066273,
            "sequence_id": 1,
            "section_id": "4",
            "activity_id": "3",
            "activity_kind": "dragdrop",
            "data": {
                "kind": "MouseReleased",
                "what": "btn_bar",
                "which": "Proportions et durée des phases dans le cycle cellulaire",
                "x": 1504,
                "y": 679
            }
        },
        {
            "user_id": "root",
            "session_id": "root_1464188049492",
            "timestamp": 1464188066273,
            "sequence_id": 1,
            "section_id": "4",
            "activity_id": "3",
            "activity_kind": "transition",
            "data": {
                "kind": "Click",
                "what": "btn_bar",
                "which": "Proportions et durée des phases dans le cycle cellulaire",
                "x": 1504,
                "y": 679
            }
        },
        {
            "user_id": "root",
            "session_id": "root_1464188049492",
            "timestamp": 1464188067600,
            "sequence_id": 1,
            "section_id": "5",
            "activity_id": "-1",
            "activity_kind": "synthesis",
            "data": {
                "kind": "Click",
                "what": "next_btn",
                "which": "synthesis",
                "x": 1504,
                "y": 679
            }
        }
    ]
}