{
    "events": [
        {
            "user_id": "root",
            "session_id": "root_1464188889483",
            "timestamp": 1464188819562,
            "sequence_id": 1,
            "section_id": "0",
            "activity_id": "-1",
            "activity_kind": "transition",
            "data": {
                "kind": "Click",
                "what": "outer_pane",
                "which": "body",
                "x": 1497,
                "y": 680
            }
        },
        {
            "user_id": "root",
            "session_id": "root_1464188889483",
            "timestamp": 1464188819878,
            "sequence_id": 1,
            "section_id": "0",
            "activity_id": "-1",
            "activity_kind": "dragdrop",
            "data": {
                "kind": "Click",
                "what": "next_btn",
                "which": "requirements",
                "x": 1513,
                "y": 697
            }
        },
        {
            "user_id": "root",
            "session_id": "root_1464188889483",
            "timestamp": 1464188820668,
            "sequence_id": 1,
            "section_id": "0",
            "activity_id": "0",
            "activity_kind": "dragdrop",
            "data": {
                "kind": "MousePressed",
                "what": "correct_btn",
                "which": "Les phases du cycle cellulaire",
                "x": 1513,
                "y": 697
            }
        },
        {
            "user_id": "root",
            "session_id": "root_1464188889483",
            "timestamp": 1464188820773,
            "sequence_id": 1,
            "section_id": "0",
            "activity_id": "0",
            "activity_kind": "dragdrop",
            "data": {
                "kind": "MouseReleased",
                "what": "correct_btn",
                "which": "Les phases du cycle cellulaire",
                "x": 1513,
                "y": 697
            }
        },
        {
            "user_id": "root",
            "session_id": "root_1464188889483",
            "timestamp": 1464188820777,
            "sequence_id": 1,
            "section_id": "0",
            "activity_id": "0",
            "activity_kind": "dragdrop",
            "data": {
                "kind": "Click",
                "what": "correct_btn",
                "which": "Les phases du cycle cellulaire",
                "x": 1513,
                "y": 697
            }
        },
        {
            "user_id": "root",
            "session_id": "root_1464188889483",
            "timestamp": 1464188821120,
            "sequence_id": 1,
            "section_id": "0",
            "activity_id": "0",
            "activity_kind": "dragdrop",
            "data": {
                "kind": "MousePressed",
                "what": "correct_btn",
                "which": "Les phases du cycle cellulaire",
                "x": 1513,
                "y": 697
            }
        },
        {
            "user_id": "root",
            "session_id": "root_1464188889483",
            "timestamp": 1464188821201,
            "sequence_id": 1,
            "section_id": "0",
            "activity_id": "0",
            "activity_kind": "dragdrop",
            "data": {
                "kind": "MouseReleased",
                "what": "correct_btn",
                "which": "Les phases du cycle cellulaire",
                "x": 1513,
                "y": 697
            }
        },
        {
            "user_id": "root",
            "session_id": "root_1464188889483",
            "timestamp": 1464188821204,
            "sequence_id": 1,
            "section_id": "0",
            "activity_id": "0",
            "activity_kind": "dragdrop",
            "data": {
                "kind": "Click",
                "what": "correct_btn",
                "which": "Les phases du cycle cellulaire",
                "x": 1513,
                "y": 697
            }
        },
        {
            "user_id": "root",
            "session_id": "root_1464188889483",
            "timestamp": 1464188821307,
            "sequence_id": 1,
            "section_id": "0",
            "activity_id": "0",
            "activity_kind": "dragdrop",
            "data": {
                "kind": "MousePressed",
                "what": "correct_btn",
                "which": "Les phases du cycle cellulaire",
                "x": 1513,
                "y": 697
            }
        },
        {
            "user_id": "root",
            "session_id": "root_1464188889483",
            "timestamp": 1464188821401,
            "sequence_id": 1,
            "section_id": "0",
            "activity_id": "0",
            "activity_kind": "dragdrop",
            "data": {
                "kind": "MouseReleased",
                "what": "correct_btn",
                "which": "Les phases du cycle cellulaire",
                "x": 1513,
                "y": 697
            }
        },
        {
            "user_id": "root",
            "session_id": "root_1464188889483",
            "timestamp": 1464188821405,
            "sequence_id": 1,
            "section_id": "0",
            "activity_id": "0",
            "activity_kind": "dragdrop",
            "data": {
                "kind": "Click",
                "what": "correct_btn",
                "which": "Les phases du cycle cellulaire",
                "x": 1513,
                "y": 697
            }
        },
        {
            "user_id": "root",
            "session_id": "root_1464188889483",
            "timestamp": 1464188821580,
            "sequence_id": 1,
            "section_id": "0",
            "activity_id": "0",
            "activity_kind": "dragdrop",
            "data": {
                "kind": "MouseReleased",
                "what": "next_btn",
                "which": "Les phases du cycle cellulaire",
                "x": 1513,
                "y": 697
            }
        },
        {
            "user_id": "root",
            "session_id": "root_1464188889483",
            "timestamp": 1464188821665,
            "sequence_id": 1,
            "section_id": "0",
            "activity_id": "0",
            "activity_kind": "dragdrop",
            "data": {
                "kind": "MousePressed",
                "what": "next_btn",
                "which": "Les phases du cycle cellulaire",
                "x": 1513,
                "y": 697
            }
        },
        {
            "user_id": "root",
            "session_id": "root_1464188889483",
            "timestamp": 1464188821754,
            "sequence_id": 1,
            "section_id": "0",
            "activity_id": "0",
            "activity_kind": "dragdrop",
            "data": {
                "kind": "MouseReleased",
                "what": "next_btn",
                "which": "Les phases du cycle cellulaire",
                "x": 1513,
                "y": 697
            }
        },
        {
            "user_id": "root",
            "session_id": "root_1464188889483",
            "timestamp": 1464188821764,
            "sequence_id": 1,
            "section_id": "0",
            "activity_id": "0",
            "activity_kind": "dragdrop",
            "data": {
                "kind": "Click",
                "what": "next_btn",
                "which": "Les phases du cycle cellulaire",
                "x": 1513,
                "y": 697
            }
        },
        {
            "user_id": "root",
            "session_id": "root_1464188889483",
            "timestamp": 1464188822277,
            "sequence_id": 1,
            "section_id": "0",
            "activity_id": "0",
            "activity_kind": "dragdrop",
            "data": {
                "kind": "MousePressed",
                "what": "next_btn",
                "which": "Les phases du cycle cellulaire",
                "x": 1513,
                "y": 697
            }
        },
        {
            "user_id": "root",
            "session_id": "root_1464188889483",
            "timestamp": 1464188822389,
            "sequence_id": 1,
            "section_id": "0",
            "activity_id": "0",
            "activity_kind": "dragdrop",
            "data": {
                "kind": "MouseReleased",
                "what": "next_btn",
                "which": "Les phases du cycle cellulaire",
                "x": 1513,
                "y": 697
            }
        },
        {
            "user_id": "root",
            "session_id": "root_1464188889483",
            "timestamp": 1464188822399,
            "sequence_id": 1,
            "section_id": "0",
            "activity_id": "0",
            "activity_kind": "transition",
            "data": {
                "kind": "Click",
                "what": "next_btn",
                "which": "Les phases du cycle cellulaire",
                "x": 1513,
                "y": 697
            }
        },
        {
            "user_id": "root",
            "session_id": "root_1464188889483",
            "timestamp": 1464188823181,
            "sequence_id": 1,
            "section_id": "1",
            "activity_id": "-1",
            "activity_kind": "dragdrop",
            "data": {
                "kind": "Click",
                "what": "next_btn",
                "which": "hypothesis",
                "x": 1513,
                "y": 697
            }
        },
        {
            "user_id": "root",
            "session_id": "root_1464188889483",
            "timestamp": 1464188823281,
            "sequence_id": 1,
            "section_id": "1",
            "activity_id": "0",
            "activity_kind": "dragdrop",
            "data": {
                "kind": "MousePressed",
                "what": "statement_pane",
                "which": "La durée des phases du cycle cellulaire",
                "x": 1513,
                "y": 697
            }
        },
        {
            "user_id": "root",
            "session_id": "root_1464188889483",
            "timestamp": 1464188823349,
            "sequence_id": 1,
            "section_id": "1",
            "activity_id": "0",
            "activity_kind": "dragdrop",
            "data": {
                "kind": "MouseReleased",
                "what": "statement_pane",
                "which": "La durée des phases du cycle cellulaire",
                "x": 1513,
                "y": 697
            }
        },
        {
            "user_id": "root",
            "session_id": "root_1464188889483",
            "timestamp": 1464188823350,
            "sequence_id": 1,
            "section_id": "1",
            "activity_id": "0",
            "activity_kind": "dragdrop",
            "data": {
                "kind": "Click",
                "what": "statement_pane",
                "which": "La durée des phases du cycle cellulaire",
                "x": 1513,
                "y": 697
            }
        },
        {
            "user_id": "root",
            "session_id": "root_1464188889483",
            "timestamp": 1464188823988,
            "sequence_id": 1,
            "section_id": "1",
            "activity_id": "0",
            "activity_kind": "dragdrop",
            "data": {
                "kind": "MousePressed",
                "what": "next_btn",
                "which": "La durée des phases du cycle cellulaire",
                "x": 1513,
                "y": 697
            }
        },
        {
            "user_id": "root",
            "session_id": "root_1464188889483",
            "timestamp": 1464188824086,
            "sequence_id": 1,
            "section_id": "1",
            "activity_id": "0",
            "activity_kind": "dragdrop",
            "data": {
                "kind": "MouseReleased",
                "what": "next_btn",
                "which": "La durée des phases du cycle cellulaire",
                "x": 1513,
                "y": 697
            }
        },
        {
            "user_id": "root",
            "session_id": "root_1464188889483",
            "timestamp": 1464188824090,
            "sequence_id": 1,
            "section_id": "1",
            "activity_id": "0",
            "activity_kind": "dragdrop",
            "data": {
                "kind": "Click",
                "what": "next_btn",
                "which": "La durée des phases du cycle cellulaire",
                "x": 1513,
                "y": 697
            }
        },
        {
            "user_id": "root",
            "session_id": "root_1464188889483",
            "timestamp": 1464188824399,
            "sequence_id": 1,
            "section_id": "1",
            "activity_id": "0",
            "activity_kind": "dragdrop",
            "data": {
                "kind": "MousePressed",
                "what": "next_btn",
                "which": "La durée des phases du cycle cellulaire",
                "x": 1513,
                "y": 697
            }
        },
        {
            "user_id": "root",
            "session_id": "root_1464188889483",
            "timestamp": 1464188824492,
            "sequence_id": 1,
            "section_id": "1",
            "activity_id": "0",
            "activity_kind": "dragdrop",
            "data": {
                "kind": "MouseReleased",
                "what": "next_btn",
                "which": "La durée des phases du cycle cellulaire",
                "x": 1513,
                "y": 697
            }
        },
        {
            "user_id": "root",
            "session_id": "root_1464188889483",
            "timestamp": 1464188824502,
            "sequence_id": 1,
            "section_id": "1",
            "activity_id": "0",
            "activity_kind": "curvetest",
            "data": {
                "kind": "Click",
                "what": "next_btn",
                "which": "La durée des phases du cycle cellulaire",
                "x": 1513,
                "y": 697
            }
        },
        {
            "user_id": "root",
            "session_id": "root_1464188889483",
            "timestamp": 1464188824707,
            "sequence_id": 1,
            "section_id": "1",
            "activity_id": "1",
            "activity_kind": "curvetest",
            "data": {
                "kind": "Click",
                "what": "statement_pane",
                "which": "Courbe de croissance dans des conditions optimales",
                "x": 1513,
                "y": 697
            }
        },
        {
            "user_id": "root",
            "session_id": "root_1464188889483",
            "timestamp": 1464188825225,
            "sequence_id": 1,
            "section_id": "1",
            "activity_id": "1",
            "activity_kind": "curvetest",
            "data": {
                "kind": "Click",
                "what": "next_btn",
                "which": "Courbe de croissance dans des conditions optimales",
                "x": 1513,
                "y": 697
            }
        },
        {
            "user_id": "root",
            "session_id": "root_1464188889483",
            "timestamp": 1464188825432,
            "sequence_id": 1,
            "section_id": "1",
            "activity_id": "1",
            "activity_kind": "transition",
            "data": {
                "kind": "Click",
                "what": "next_btn",
                "which": "Courbe de croissance dans des conditions optimales",
                "x": 1513,
                "y": 697
            }
        },
        {
            "user_id": "root",
            "session_id": "root_1464188889483",
            "timestamp": 1464188825622,
            "sequence_id": 1,
            "section_id": "2",
            "activity_id": "-1",
            "activity_kind": "transition",
            "data": {
                "kind": "Click",
                "what": "transition_pane",
                "which": "protocol",
                "x": 1513,
                "y": 697
            }
        },
        {
            "user_id": "root",
            "session_id": "root_1464188889483",
            "timestamp": 1464188826170,
            "sequence_id": 1,
            "section_id": "2",
            "activity_id": "-1",
            "activity_kind": "transition",
            "data": {
                "kind": "Click",
                "what": "next_btn",
                "which": "protocol",
                "x": 1513,
                "y": 697
            }
        },
        {
            "user_id": "root",
            "session_id": "root_1464188889483",
            "timestamp": 1464188826356,
            "sequence_id": 1,
            "section_id": "2",
            "activity_id": "0",
            "activity_kind": "transition",
            "data": {
                "kind": "Click",
                "what": "transition_pane",
                "which": "Planification du protocole expérimental",
                "x": 1513,
                "y": 697
            }
        },
        {
            "user_id": "root",
            "session_id": "root_1464188889483",
            "timestamp": 1464188826958,
            "sequence_id": 1,
            "section_id": "2",
            "activity_id": "0",
            "activity_kind": "transition",
            "data": {
                "kind": "Click",
                "what": "next_btn",
                "which": "Planification du protocole expérimental",
                "x": 1513,
                "y": 697
            }
        },
        {
            "user_id": "root",
            "session_id": "root_1464188889483",
            "timestamp": 1464188827140,
            "sequence_id": 1,
            "section_id": "2",
            "activity_id": "1",
            "activity_kind": "transition",
            "data": {
                "kind": "Click",
                "what": "transition_pane",
                "which": "Nombres de boîtes de Pétri",
                "x": 1513,
                "y": 697
            }
        },
        {
            "user_id": "root",
            "session_id": "root_1464188889483",
            "timestamp": 1464188827757,
            "sequence_id": 1,
            "section_id": "2",
            "activity_id": "1",
            "activity_kind": "counttest",
            "data": {
                "kind": "Click",
                "what": "next_btn",
                "which": "Nombres de boîtes de Pétri",
                "x": 1513,
                "y": 697
            }
        },
        {
            "user_id": "root",
            "session_id": "root_1464188889483",
            "timestamp": 1464188827928,
            "sequence_id": 1,
            "section_id": "2",
            "activity_id": "2",
            "activity_kind": "counttest",
            "data": {
                "kind": "Click",
                "what": "statement_pane",
                "which": "Comptage",
                "x": 1513,
                "y": 697
            }
        },
        {
            "user_id": "root",
            "session_id": "root_1464188889483",
            "timestamp": 1464188828515,
            "sequence_id": 1,
            "section_id": "2",
            "activity_id": "2",
            "activity_kind": "counttest",
            "data": {
                "kind": "Click",
                "what": "correct_btn",
                "which": "Comptage",
                "x": 1513,
                "y": 697
            }
        },
        {
            "user_id": "root",
            "session_id": "root_1464188889483",
            "timestamp": 1464188828700,
            "sequence_id": 1,
            "section_id": "2",
            "activity_id": "2",
            "activity_kind": "counttest",
            "data": {
                "kind": "Click",
                "what": "correct_btn",
                "which": "Comptage",
                "x": 1513,
                "y": 697
            }
        },
        {
            "user_id": "root",
            "session_id": "root_1464188889483",
            "timestamp": 1464188828945,
            "sequence_id": 1,
            "section_id": "2",
            "activity_id": "2",
            "activity_kind": "counttest",
            "data": {
                "kind": "Click",
                "what": "correct_btn",
                "which": "Comptage",
                "x": 1513,
                "y": 697
            }
        },
        {
            "user_id": "root",
            "session_id": "root_1464188889483",
            "timestamp": 1464188829139,
            "sequence_id": 1,
            "section_id": "2",
            "activity_id": "2",
            "activity_kind": "counttest",
            "data": {
                "kind": "Click",
                "what": "next_btn",
                "which": "Comptage",
                "x": 1513,
                "y": 697
            }
        },
        {
            "user_id": "root",
            "session_id": "root_1464188889483",
            "timestamp": 1464188829630,
            "sequence_id": 1,
            "section_id": "2",
            "activity_id": "2",
            "activity_kind": "input",
            "data": {
                "kind": "Click",
                "what": "next_btn",
                "which": "Comptage",
                "x": 1513,
                "y": 697
            }
        },
        {
            "user_id": "root",
            "session_id": "root_1464188889483",
            "timestamp": 1464188830493,
            "sequence_id": 1,
            "section_id": "2",
            "activity_id": "3",
            "activity_kind": "input",
            "data": {
                "kind": "Click",
                "what": "correct_btn",
                "which": "Densité Cellulaire",
                "x": 1513,
                "y": 697
            }
        },
        {
            "user_id": "root",
            "session_id": "root_1464188889483",
            "timestamp": 1464188830809,
            "sequence_id": 1,
            "section_id": "2",
            "activity_id": "3",
            "activity_kind": "input",
            "data": {
                "kind": "Click",
                "what": "correct_btn",
                "which": "Densité Cellulaire",
                "x": 1513,
                "y": 697
            }
        },
        {
            "user_id": "root",
            "session_id": "root_1464188889483",
            "timestamp": 1464188830989,
            "sequence_id": 1,
            "section_id": "2",
            "activity_id": "3",
            "activity_kind": "input",
            "data": {
                "kind": "Click",
                "what": "correct_btn",
                "which": "Densité Cellulaire",
                "x": 1513,
                "y": 697
            }
        },
        {
            "user_id": "root",
            "session_id": "root_1464188889483",
            "timestamp": 1464188831170,
            "sequence_id": 1,
            "section_id": "2",
            "activity_id": "3",
            "activity_kind": "input",
            "data": {
                "kind": "Click",
                "what": "next_btn",
                "which": "Densité Cellulaire",
                "x": 1513,
                "y": 697
            }
        },
        {
            "user_id": "root",
            "session_id": "root_1464188889483",
            "timestamp": 1464188831808,
            "sequence_id": 1,
            "section_id": "2",
            "activity_id": "3",
            "activity_kind": "transition",
            "data": {
                "kind": "Click",
                "what": "next_btn",
                "which": "Densité Cellulaire",
                "x": 1513,
                "y": 697
            }
        },
        {
            "user_id": "root",
            "session_id": "root_1464188889483",
            "timestamp": 1464188832663,
            "sequence_id": 1,
            "section_id": "2",
            "activity_id": "4",
            "activity_kind": "pipette",
            "data": {
                "kind": "Click",
                "what": "next_btn",
                "which": "Nombre de cellules par boite et tailles des boites",
                "x": 1513,
                "y": 697
            }
        },
        {
            "user_id": "root",
            "session_id": "root_1464188889483",
            "timestamp": 1464188832841,
            "sequence_id": 1,
            "section_id": "2",
            "activity_id": "5",
            "activity_kind": "pipette",
            "data": {
                "kind": "Click",
                "what": "statement_pane",
                "which": "Ensemencement",
                "x": 1513,
                "y": 697
            }
        },
        {
            "user_id": "root",
            "session_id": "root_1464188889483",
            "timestamp": 1464188833593,
            "sequence_id": 1,
            "section_id": "2",
            "activity_id": "5",
            "activity_kind": "pipette",
            "data": {
                "kind": "Click",
                "what": "correct_btn",
                "which": "Ensemencement",
                "x": 1513,
                "y": 697
            }
        },
        {
            "user_id": "root",
            "session_id": "root_1464188889483",
            "timestamp": 1464188833783,
            "sequence_id": 1,
            "section_id": "2",
            "activity_id": "5",
            "activity_kind": "pipette",
            "data": {
                "kind": "Click",
                "what": "correct_btn",
                "which": "Ensemencement",
                "x": 1513,
                "y": 697
            }
        },
        {
            "user_id": "root",
            "session_id": "root_1464188889483",
            "timestamp": 1464188833990,
            "sequence_id": 1,
            "section_id": "2",
            "activity_id": "5",
            "activity_kind": "pipette",
            "data": {
                "kind": "Click",
                "what": "correct_btn",
                "which": "Ensemencement",
                "x": 1513,
                "y": 697
            }
        },
        {
            "user_id": "root",
            "session_id": "root_1464188889483",
            "timestamp": 1464188834341,
            "sequence_id": 1,
            "section_id": "2",
            "activity_id": "5",
            "activity_kind": "pipette",
            "data": {
                "kind": "Click",
                "what": "next_btn",
                "which": "Ensemencement",
                "x": 1513,
                "y": 697
            }
        },
        {
            "user_id": "root",
            "session_id": "root_1464188889483",
            "timestamp": 1464188834998,
            "sequence_id": 1,
            "section_id": "2",
            "activity_id": "5",
            "activity_kind": "transition",
            "data": {
                "kind": "Click",
                "what": "next_btn",
                "which": "Ensemencement",
                "x": 1513,
                "y": 697
            }
        },
        {
            "user_id": "root",
            "session_id": "root_1464188889483",
            "timestamp": 1464188835907,
            "sequence_id": 1,
            "section_id": "3",
            "activity_id": "-1",
            "activity_kind": "transition",
            "data": {
                "kind": "Click",
                "what": "next_btn",
                "which": "experiment",
                "x": 1513,
                "y": 697
            }
        },
        {
            "user_id": "root",
            "session_id": "root_1464188889483",
            "timestamp": 1464188836764,
            "sequence_id": 1,
            "section_id": "4",
            "activity_id": "-1",
            "activity_kind": "dragdrop",
            "data": {
                "kind": "Click",
                "what": "next_btn",
                "which": "results",
                "x": 1513,
                "y": 697
            }
        },
        {
            "user_id": "root",
            "session_id": "root_1464188889483",
            "timestamp": 1464188837571,
            "sequence_id": 1,
            "section_id": "4",
            "activity_id": "0",
            "activity_kind": "dragdrop",
            "data": {
                "kind": "MousePressed",
                "what": "correct_btn",
                "which": "Comptages",
                "x": 1513,
                "y": 697
            }
        },
        {
            "user_id": "root",
            "session_id": "root_1464188889483",
            "timestamp": 1464188837659,
            "sequence_id": 1,
            "section_id": "4",
            "activity_id": "0",
            "activity_kind": "dragdrop",
            "data": {
                "kind": "MouseReleased",
                "what": "correct_btn",
                "which": "Comptages",
                "x": 1513,
                "y": 697
            }
        },
        {
            "user_id": "root",
            "session_id": "root_1464188889483",
            "timestamp": 1464188837660,
            "sequence_id": 1,
            "section_id": "4",
            "activity_id": "0",
            "activity_kind": "dragdrop",
            "data": {
                "kind": "Click",
                "what": "correct_btn",
                "which": "Comptages",
                "x": 1513,
                "y": 697
            }
        },
        {
            "user_id": "root",
            "session_id": "root_1464188889483",
            "timestamp": 1464188837899,
            "sequence_id": 1,
            "section_id": "4",
            "activity_id": "0",
            "activity_kind": "dragdrop",
            "data": {
                "kind": "MousePressed",
                "what": "correct_btn",
                "which": "Comptages",
                "x": 1513,
                "y": 697
            }
        },
        {
            "user_id": "root",
            "session_id": "root_1464188889483",
            "timestamp": 1464188837976,
            "sequence_id": 1,
            "section_id": "4",
            "activity_id": "0",
            "activity_kind": "dragdrop",
            "data": {
                "kind": "MouseReleased",
                "what": "correct_btn",
                "which": "Comptages",
                "x": 1513,
                "y": 697
            }
        },
        {
            "user_id": "root",
            "session_id": "root_1464188889483",
            "timestamp": 1464188837978,
            "sequence_id": 1,
            "section_id": "4",
            "activity_id": "0",
            "activity_kind": "dragdrop",
            "data": {
                "kind": "Click",
                "what": "correct_btn",
                "which": "Comptages",
                "x": 1513,
                "y": 697
            }
        },
        {
            "user_id": "root",
            "session_id": "root_1464188889483",
            "timestamp": 1464188838086,
            "sequence_id": 1,
            "section_id": "4",
            "activity_id": "0",
            "activity_kind": "dragdrop",
            "data": {
                "kind": "MousePressed",
                "what": "correct_btn",
                "which": "Comptages",
                "x": 1513,
                "y": 697
            }
        },
        {
            "user_id": "root",
            "session_id": "root_1464188889483",
            "timestamp": 1464188838166,
            "sequence_id": 1,
            "section_id": "4",
            "activity_id": "0",
            "activity_kind": "dragdrop",
            "data": {
                "kind": "MouseReleased",
                "what": "correct_btn",
                "which": "Comptages",
                "x": 1513,
                "y": 697
            }
        },
        {
            "user_id": "root",
            "session_id": "root_1464188889483",
            "timestamp": 1464188838168,
            "sequence_id": 1,
            "section_id": "4",
            "activity_id": "0",
            "activity_kind": "dragdrop",
            "data": {
                "kind": "Click",
                "what": "correct_btn",
                "which": "Comptages",
                "x": 1513,
                "y": 697
            }
        },
        {
            "user_id": "root",
            "session_id": "root_1464188889483",
            "timestamp": 1464188838277,
            "sequence_id": 1,
            "section_id": "4",
            "activity_id": "0",
            "activity_kind": "dragdrop",
            "data": {
                "kind": "MousePressed",
                "what": "next_btn",
                "which": "Comptages",
                "x": 1513,
                "y": 697
            }
        },
        {
            "user_id": "root",
            "session_id": "root_1464188889483",
            "timestamp": 1464188838354,
            "sequence_id": 1,
            "section_id": "4",
            "activity_id": "0",
            "activity_kind": "dragdrop",
            "data": {
                "kind": "MouseReleased",
                "what": "next_btn",
                "which": "Comptages",
                "x": 1513,
                "y": 697
            }
        },
        {
            "user_id": "root",
            "session_id": "root_1464188889483",
            "timestamp": 1464188838363,
            "sequence_id": 1,
            "section_id": "4",
            "activity_id": "0",
            "activity_kind": "dragdrop",
            "data": {
                "kind": "Click",
                "what": "next_btn",
                "which": "Comptages",
                "x": 1513,
                "y": 697
            }
        },
        {
            "user_id": "root",
            "session_id": "root_1464188889483",
            "timestamp": 1464188838919,
            "sequence_id": 1,
            "section_id": "4",
            "activity_id": "0",
            "activity_kind": "dragdrop",
            "data": {
                "kind": "MousePressed",
                "what": "next_btn",
                "which": "Comptages",
                "x": 1513,
                "y": 697
            }
        },
        {
            "user_id": "root",
            "session_id": "root_1464188889483",
            "timestamp": 1464188839022,
            "sequence_id": 1,
            "section_id": "4",
            "activity_id": "0",
            "activity_kind": "dragdrop",
            "data": {
                "kind": "MouseReleased",
                "what": "next_btn",
                "which": "Comptages",
                "x": 1513,
                "y": 697
            }
        },
        {
            "user_id": "root",
            "session_id": "root_1464188889483",
            "timestamp": 1464188839039,
            "sequence_id": 1,
            "section_id": "4",
            "activity_id": "0",
            "activity_kind": "curvestar",
            "data": {
                "kind": "Click",
                "what": "next_btn",
                "which": "Comptages",
                "x": 1513,
                "y": 697
            }
        },
        {
            "user_id": "root",
            "session_id": "root_1464188889483",
            "timestamp": 1464188857869,
            "sequence_id": 1,
            "section_id": 4,
            "activity_id": 1,
            "activity_kind": "curvestar",
            "data": {
                "kind": "MousePressed",
                "what": "menu_item",
                "which": "Densité Cellulaire",
                "x": 446,
                "y": 717
            }
        },
        {
            "user_id": "root",
            "session_id": "root_1464188889483",
            "timestamp": 1464188858162,
            "sequence_id": 1,
            "section_id": 4,
            "activity_id": 1,
            "activity_kind": "curvestar",
            "data": {
                "kind": "MouseReleased",
                "what": "menu_item",
                "which": "Densité Cellulaire",
                "x": 446,
                "y": 717
            }
        },
        {
            "user_id": "root",
            "session_id": "root_1464188889483",
            "timestamp": 1464188858189,
            "sequence_id": 1,
            "section_id": 2,
            "activity_id": 3,
            "activity_kind": "input",
            "data": {
                "kind": "Click",
                "what": "menu_item",
                "which": "Densité Cellulaire",
                "x": 446,
                "y": 717
            }
        },
        {
            "user_id": "root",
            "session_id": "root_1464188889483",
            "timestamp": 1464188860218,
            "sequence_id": 1,
            "section_id": 4,
            "activity_id": 1,
            "activity_kind": "curvestar",
            "data": {
                "kind": "Click",
                "what": "menu_item",
                "which": "Comptages et courbe de croissance dans des conditions optimales",
                "x": 412,
                "y": 407
            }
        },
        {
            "user_id": "root",
            "session_id": "root_1464188889483",
            "timestamp": 1464188864390,
            "sequence_id": 1,
            "section_id": "4",
            "activity_id": "1",
            "activity_kind": "curvestar",
            "data": {
                "kind": "MousePressed",
                "what": "next_btn",
                "which": "Comptages et courbe de croissance dans des conditions optimales",
                "x": 1534,
                "y": 699
            }
        },
        {
            "user_id": "root",
            "session_id": "root_1464188889483",
            "timestamp": 1464188864482,
            "sequence_id": 1,
            "section_id": "4",
            "activity_id": "1",
            "activity_kind": "curvestar",
            "data": {
                "kind": "MouseReleased",
                "what": "next_btn",
                "which": "Comptages et courbe de croissance dans des conditions optimales",
                "x": 1533,
                "y": 699
            }
        },
        {
            "user_id": "root",
            "session_id": "root_1464188889483",
            "timestamp": 1464188864505,
            "sequence_id": 1,
            "section_id": "4",
            "activity_id": "1",
            "activity_kind": "curvestar",
            "data": {
                "kind": "Click",
                "what": "next_btn",
                "which": "Comptages et courbe de croissance dans des conditions optimales",
                "x": 1533,
                "y": 699
            }
        },
        {
            "user_id": "root",
            "session_id": "root_1464188889483",
            "timestamp": 1464188865082,
            "sequence_id": 1,
            "section_id": "4",
            "activity_id": "1",
            "activity_kind": "curvestar",
            "data": {
                "kind": "MousePressed",
                "what": "next_btn",
                "which": "Comptages et courbe de croissance dans des conditions optimales",
                "x": 1533,
                "y": 699
            }
        },
        {
            "user_id": "root",
            "session_id": "root_1464188889483",
            "timestamp": 1464188865155,
            "sequence_id": 1,
            "section_id": "4",
            "activity_id": "1",
            "activity_kind": "curvestar",
            "data": {
                "kind": "MouseReleased",
                "what": "next_btn",
                "which": "Comptages et courbe de croissance dans des conditions optimales",
                "x": 1533,
                "y": 699
            }
        },
        {
            "user_id": "root",
            "session_id": "root_1464188889483",
            "timestamp": 1464188865195,
            "sequence_id": 1,
            "section_id": "4",
            "activity_id": "1",
            "activity_kind": "dragdrop",
            "data": {
                "kind": "Click",
                "what": "next_btn",
                "which": "Comptages et courbe de croissance dans des conditions optimales",
                "x": 1533,
                "y": 699
            }
        },
        {
            "user_id": "root",
            "session_id": "root_1464188889483",
            "timestamp": 1464188866547,
            "sequence_id": 1,
            "section_id": "4",
            "activity_id": "2",
            "activity_kind": "dragdrop",
            "data": {
                "kind": "MousePressed",
                "what": "correct_btn",
                "which": "Proportions des phases dans le cycle cellulaire",
                "x": 1526,
                "y": 695
            }
        },
        {
            "user_id": "root",
            "session_id": "root_1464188889483",
            "timestamp": 1464188866614,
            "sequence_id": 1,
            "section_id": "4",
            "activity_id": "2",
            "activity_kind": "dragdrop",
            "data": {
                "kind": "MouseReleased",
                "what": "correct_btn",
                "which": "Proportions des phases dans le cycle cellulaire",
                "x": 1526,
                "y": 695
            }
        },
        {
            "user_id": "root",
            "session_id": "root_1464188889483",
            "timestamp": 1464188866626,
            "sequence_id": 1,
            "section_id": "4",
            "activity_id": "2",
            "activity_kind": "dragdrop",
            "data": {
                "kind": "Click",
                "what": "correct_btn",
                "which": "Proportions des phases dans le cycle cellulaire",
                "x": 1526,
                "y": 695
            }
        },
        {
            "user_id": "root",
            "session_id": "root_1464188889483",
            "timestamp": 1464188867148,
            "sequence_id": 1,
            "section_id": "4",
            "activity_id": "2",
            "activity_kind": "dragdrop",
            "data": {
                "kind": "MousePressed",
                "what": "correct_btn",
                "which": "Proportions des phases dans le cycle cellulaire",
                "x": 1526,
                "y": 695
            }
        },
        {
            "user_id": "root",
            "session_id": "root_1464188889483",
            "timestamp": 1464188867249,
            "sequence_id": 1,
            "section_id": "4",
            "activity_id": "2",
            "activity_kind": "dragdrop",
            "data": {
                "kind": "MouseReleased",
                "what": "correct_btn",
                "which": "Proportions des phases dans le cycle cellulaire",
                "x": 1525,
                "y": 694
            }
        },
        {
            "user_id": "root",
            "session_id": "root_1464188889483",
            "timestamp": 1464188867260,
            "sequence_id": 1,
            "section_id": "4",
            "activity_id": "2",
            "activity_kind": "dragdrop",
            "data": {
                "kind": "Click",
                "what": "correct_btn",
                "which": "Proportions des phases dans le cycle cellulaire",
                "x": 1525,
                "y": 694
            }
        },
        {
            "user_id": "root",
            "session_id": "root_1464188889483",
            "timestamp": 1464188867362,
            "sequence_id": 1,
            "section_id": "4",
            "activity_id": "2",
            "activity_kind": "dragdrop",
            "data": {
                "kind": "MousePressed",
                "what": "correct_btn",
                "which": "Proportions des phases dans le cycle cellulaire",
                "x": 1525,
                "y": 694
            }
        },
        {
            "user_id": "root",
            "session_id": "root_1464188889483",
            "timestamp": 1464188867449,
            "sequence_id": 1,
            "section_id": "4",
            "activity_id": "2",
            "activity_kind": "dragdrop",
            "data": {
                "kind": "MouseReleased",
                "what": "correct_btn",
                "which": "Proportions des phases dans le cycle cellulaire",
                "x": 1525,
                "y": 693
            }
        },
        {
            "user_id": "root",
            "session_id": "root_1464188889483",
            "timestamp": 1464188867468,
            "sequence_id": 1,
            "section_id": "4",
            "activity_id": "2",
            "activity_kind": "dragdrop",
            "data": {
                "kind": "Click",
                "what": "correct_btn",
                "which": "Proportions des phases dans le cycle cellulaire",
                "x": 1525,
                "y": 693
            }
        },
        {
            "user_id": "root",
            "session_id": "root_1464188889483",
            "timestamp": 1464188867569,
            "sequence_id": 1,
            "section_id": "4",
            "activity_id": "2",
            "activity_kind": "dragdrop",
            "data": {
                "kind": "MousePressed",
                "what": "next_btn",
                "which": "Proportions des phases dans le cycle cellulaire",
                "x": 1525,
                "y": 693
            }
        },
        {
            "user_id": "root",
            "session_id": "root_1464188889483",
            "timestamp": 1464188867644,
            "sequence_id": 1,
            "section_id": "4",
            "activity_id": "2",
            "activity_kind": "dragdrop",
            "data": {
                "kind": "MouseReleased",
                "what": "next_btn",
                "which": "Proportions des phases dans le cycle cellulaire",
                "x": 1525,
                "y": 693
            }
        },
        {
            "user_id": "root",
            "session_id": "root_1464188889483",
            "timestamp": 1464188867664,
            "sequence_id": 1,
            "section_id": "4",
            "activity_id": "2",
            "activity_kind": "dragdrop",
            "data": {
                "kind": "Click",
                "what": "next_btn",
                "which": "Proportions des phases dans le cycle cellulaire",
                "x": 1525,
                "y": 693
            }
        },
        {
            "user_id": "root",
            "session_id": "root_1464188889483",
            "timestamp": 1464188868256,
            "sequence_id": 1,
            "section_id": "4",
            "activity_id": "2",
            "activity_kind": "dragdrop",
            "data": {
                "kind": "MousePressed",
                "what": "next_btn",
                "which": "Proportions des phases dans le cycle cellulaire",
                "x": 1525,
                "y": 693
            }
        },
        {
            "user_id": "root",
            "session_id": "root_1464188889483",
            "timestamp": 1464188868322,
            "sequence_id": 1,
            "section_id": "4",
            "activity_id": "2",
            "activity_kind": "dragdrop",
            "data": {
                "kind": "MouseReleased",
                "what": "next_btn",
                "which": "Proportions des phases dans le cycle cellulaire",
                "x": 1525,
                "y": 693
            }
        },
        {
            "user_id": "root",
            "session_id": "root_1464188889483",
            "timestamp": 1464188868348,
            "sequence_id": 1,
            "section_id": "4",
            "activity_id": "2",
            "activity_kind": "dragdrop",
            "data": {
                "kind": "Click",
                "what": "next_btn",
                "which": "Proportions des phases dans le cycle cellulaire",
                "x": 1525,
                "y": 693
            }
        },
        {
            "user_id": "root",
            "session_id": "root_1464188889483",
            "timestamp": 1464188975254,
            "sequence_id": 1,
            "section_id": 4,
            "activity_id": 1,
            "activity_kind": "curvestar",
            "data": {
                "kind": "Click",
                "what": "menu_item",
                "which": "Comptages et courbe de croissance dans des conditions optimales",
                "x": 363,
                "y": 412
            }
        },
        {
            "user_id": "root",
            "session_id": "root_1464188889483",
            "timestamp": 1464188976824,
            "sequence_id": 1,
            "section_id": "4",
            "activity_id": "1",
            "activity_kind": "curvestar",
            "data": {
                "kind": "MousePressed",
                "what": "next_btn",
                "which": "Comptages et courbe de croissance dans des conditions optimales",
                "x": 1545,
                "y": 697
            }
        },
        {
            "user_id": "root",
            "session_id": "root_1464188889483",
            "timestamp": 1464188976918,
            "sequence_id": 1,
            "section_id": "4",
            "activity_id": "1",
            "activity_kind": "curvestar",
            "data": {
                "kind": "MouseReleased",
                "what": "next_btn",
                "which": "Comptages et courbe de croissance dans des conditions optimales",
                "x": 1545,
                "y": 697
            }
        }
    ]
}