{
    "events": [
        {
            "user_id": "root",
            "session_id": "root_1464090338841",
            "timestamp": 1464090274002,
            "sequence_id": 2,
            "section_id": "0",
            "activity_id": "-1",
            "activity_kind": "dragdrop",
            "data": {
                "kind": "Click",
                "what": "next_btn",
                "which": "requirements",
                "x": 1579,
                "y": 691
            }
        },
        {
            "user_id": "root",
            "session_id": "root_1464090338841",
            "timestamp": 1464090275716,
            "sequence_id": 2,
            "section_id": "0",
            "activity_id": "0",
            "activity_kind": "dragdrop",
            "data": {
                "kind": "MousePressed",
                "what": "correct_btn",
                "which": "Les checkpoints du cycle cellulaire",
                "x": 1553,
                "y": 693
            }
        },
        {
            "user_id": "root",
            "session_id": "root_1464090338841",
            "timestamp": 1464090275825,
            "sequence_id": 2,
            "section_id": "0",
            "activity_id": "0",
            "activity_kind": "dragdrop",
            "data": {
                "kind": "MouseReleased",
                "what": "correct_btn",
                "which": "Les checkpoints du cycle cellulaire",
                "x": 1553,
                "y": 692
            }
        },
        {
            "user_id": "root",
            "session_id": "root_1464090338841",
            "timestamp": 1464090275835,
            "sequence_id": 2,
            "section_id": "0",
            "activity_id": "0",
            "activity_kind": "dragdrop",
            "data": {
                "kind": "Click",
                "what": "correct_btn",
                "which": "Les checkpoints du cycle cellulaire",
                "x": 1553,
                "y": 692
            }
        },
        {
            "user_id": "root",
            "session_id": "root_1464090338841",
            "timestamp": 1464090278728,
            "sequence_id": 2,
            "section_id": "0",
            "activity_id": "0",
            "activity_kind": "dragdrop",
            "data": {
                "kind": "MousePressed",
                "what": "DD_sticker",
                "which": "G1/S",
                "x": 1304,
                "y": 258
            }
        },
        {
            "user_id": "root",
            "session_id": "root_1464090338841",
            "timestamp": 1464090279482,
            "sequence_id": 2,
            "section_id": "0",
            "activity_id": "0",
            "activity_kind": "dragdrop",
            "data": {
                "kind": "MouseReleased",
                "what": "DD_sticker",
                "which": "G1/S",
                "x": 1097,
                "y": 525
            }
        },
        {
            "user_id": "root",
            "session_id": "root_1464090338841",
            "timestamp": 1464090280630,
            "sequence_id": 2,
            "section_id": "0",
            "activity_id": "0",
            "activity_kind": "dragdrop",
            "data": {
                "kind": "MousePressed",
                "what": "DD_sticker",
                "which": "S/G2",
                "x": 1403,
                "y": 261
            }
        },
        {
            "user_id": "root",
            "session_id": "root_1464090338841",
            "timestamp": 1464090281246,
            "sequence_id": 2,
            "section_id": "0",
            "activity_id": "0",
            "activity_kind": "dragdrop",
            "data": {
                "kind": "MouseReleased",
                "what": "DD_sticker",
                "which": "S/G2",
                "x": 773,
                "y": 606
            }
        },
        {
            "user_id": "root",
            "session_id": "root_1464090338841",
            "timestamp": 1464090282078,
            "sequence_id": 2,
            "section_id": "0",
            "activity_id": "0",
            "activity_kind": "dragdrop",
            "data": {
                "kind": "MousePressed",
                "what": "DD_sticker",
                "which": "L",
                "x": 1530,
                "y": 250
            }
        },
        {
            "user_id": "root",
            "session_id": "root_1464090338841",
            "timestamp": 1464090282820,
            "sequence_id": 2,
            "section_id": "0",
            "activity_id": "0",
            "activity_kind": "dragdrop",
            "data": {
                "kind": "MouseReleased",
                "what": "DD_sticker",
                "which": "L",
                "x": 784,
                "y": 202
            }
        },
        {
            "user_id": "root",
            "session_id": "root_1464090338841",
            "timestamp": 1464090283592,
            "sequence_id": 2,
            "section_id": "0",
            "activity_id": "0",
            "activity_kind": "dragdrop",
            "data": {
                "kind": "MousePressed",
                "what": "DD_sticker",
                "which": "P",
                "x": 1367,
                "y": 253
            }
        },
        {
            "user_id": "root",
            "session_id": "root_1464090338841",
            "timestamp": 1464090284161,
            "sequence_id": 2,
            "section_id": "0",
            "activity_id": "0",
            "activity_kind": "dragdrop",
            "data": {
                "kind": "MouseReleased",
                "what": "DD_sticker",
                "which": "P",
                "x": 859,
                "y": 189
            }
        },
        {
            "user_id": "root",
            "session_id": "root_1464090338841",
            "timestamp": 1464090285909,
            "sequence_id": 2,
            "section_id": "0",
            "activity_id": "0",
            "activity_kind": "dragdrop",
            "data": {
                "kind": "MousePressed",
                "what": "correct_btn",
                "which": "Les checkpoints du cycle cellulaire",
                "x": 1550,
                "y": 682
            }
        },
        {
            "user_id": "root",
            "session_id": "root_1464090338841",
            "timestamp": 1464090286035,
            "sequence_id": 2,
            "section_id": "0",
            "activity_id": "0",
            "activity_kind": "dragdrop",
            "data": {
                "kind": "MouseReleased",
                "what": "correct_btn",
                "which": "Les checkpoints du cycle cellulaire",
                "x": 1550,
                "y": 682
            }
        },
        {
            "user_id": "root",
            "session_id": "root_1464090338841",
            "timestamp": 1464090286035,
            "sequence_id": 2,
            "section_id": "0",
            "activity_id": "0",
            "activity_kind": "dragdrop",
            "data": {
                "kind": "Click",
                "what": "correct_btn",
                "which": "Les checkpoints du cycle cellulaire",
                "x": 1550,
                "y": 682
            }
        },
        {
            "user_id": "root",
            "session_id": "root_1464090338841",
            "timestamp": 1464090287468,
            "sequence_id": 2,
            "section_id": "0",
            "activity_id": "0",
            "activity_kind": "dragdrop",
            "data": {
                "kind": "MousePressed",
                "what": "correct_btn",
                "which": "Les checkpoints du cycle cellulaire",
                "x": 1550,
                "y": 682
            }
        },
        {
            "user_id": "root",
            "session_id": "root_1464090338841",
            "timestamp": 1464090287554,
            "sequence_id": 2,
            "section_id": "0",
            "activity_id": "0",
            "activity_kind": "dragdrop",
            "data": {
                "kind": "MouseReleased",
                "what": "correct_btn",
                "which": "Les checkpoints du cycle cellulaire",
                "x": 1550,
                "y": 682
            }
        },
        {
            "user_id": "root",
            "session_id": "root_1464090338841",
            "timestamp": 1464090287564,
            "sequence_id": 2,
            "section_id": "0",
            "activity_id": "0",
            "activity_kind": "dragdrop",
            "data": {
                "kind": "Click",
                "what": "correct_btn",
                "which": "Les checkpoints du cycle cellulaire",
                "x": 1550,
                "y": 682
            }
        },
        {
            "user_id": "root",
            "session_id": "root_1464090338841",
            "timestamp": 1464090288102,
            "sequence_id": 2,
            "section_id": "0",
            "activity_id": "0",
            "activity_kind": "dragdrop",
            "data": {
                "kind": "MousePressed",
                "what": "next_btn",
                "which": "Les checkpoints du cycle cellulaire",
                "x": 1550,
                "y": 682
            }
        },
        {
            "user_id": "root",
            "session_id": "root_1464090338841",
            "timestamp": 1464090288249,
            "sequence_id": 2,
            "section_id": "0",
            "activity_id": "0",
            "activity_kind": "dragdrop",
            "data": {
                "kind": "MouseReleased",
                "what": "next_btn",
                "which": "Les checkpoints du cycle cellulaire",
                "x": 1550,
                "y": 682
            }
        },
        {
            "user_id": "root",
            "session_id": "root_1464090338841",
            "timestamp": 1464090288258,
            "sequence_id": 2,
            "section_id": "0",
            "activity_id": "0",
            "activity_kind": "dragdrop",
            "data": {
                "kind": "Click",
                "what": "next_btn",
                "which": "Les checkpoints du cycle cellulaire",
                "x": 1550,
                "y": 682
            }
        },
        {
            "user_id": "root",
            "session_id": "root_1464090338841",
            "timestamp": 1464090294392,
            "sequence_id": 2,
            "section_id": "0",
            "activity_id": "0",
            "activity_kind": "dragdrop",
            "data": {
                "kind": "MousePressed",
                "what": "next_btn",
                "which": "Les checkpoints du cycle cellulaire",
                "x": 1512,
                "y": 692
            }
        },
        {
            "user_id": "root",
            "session_id": "root_1464090338841",
            "timestamp": 1464090294534,
            "sequence_id": 2,
            "section_id": "0",
            "activity_id": "0",
            "activity_kind": "dragdrop",
            "data": {
                "kind": "MouseReleased",
                "what": "next_btn",
                "which": "Les checkpoints du cycle cellulaire",
                "x": 1512,
                "y": 690
            }
        },
        {
            "user_id": "root",
            "session_id": "root_1464090338841",
            "timestamp": 1464090294559,
            "sequence_id": 2,
            "section_id": "0",
            "activity_id": "0",
            "activity_kind": "dragdrop",
            "data": {
                "kind": "Click",
                "what": "next_btn",
                "which": "Les checkpoints du cycle cellulaire",
                "x": 1512,
                "y": 690
            }
        },
        {
            "user_id": "root",
            "session_id": "root_1464090338841",
            "timestamp": 1464090297000,
            "sequence_id": 2,
            "section_id": "0",
            "activity_id": "1",
            "activity_kind": "dragdrop",
            "data": {
                "kind": "MousePressed",
                "what": "DD_sticker",
                "which": "/ressources/sequence2/act1/dd2.png",
                "x": 1401,
                "y": 396
            }
        },
        {
            "user_id": "root",
            "session_id": "root_1464090338841",
            "timestamp": 1464090297530,
            "sequence_id": 2,
            "section_id": "0",
            "activity_id": "1",
            "activity_kind": "dragdrop",
            "data": {
                "kind": "MouseReleased",
                "what": "DD_sticker",
                "which": "/ressources/sequence2/act1/dd2.png",
                "x": 1139,
                "y": 439
            }
        },
        {
            "user_id": "root",
            "session_id": "root_1464090338841",
            "timestamp": 1464090298157,
            "sequence_id": 2,
            "section_id": "0",
            "activity_id": "1",
            "activity_kind": "dragdrop",
            "data": {
                "kind": "MousePressed",
                "what": "DD_sticker",
                "which": "/ressources/sequence2/act1/dd1.png",
                "x": 1469,
                "y": 409
            }
        },
        {
            "user_id": "root",
            "session_id": "root_1464090338841",
            "timestamp": 1464090298481,
            "sequence_id": 2,
            "section_id": "0",
            "activity_id": "1",
            "activity_kind": "dragdrop",
            "data": {
                "kind": "MouseReleased",
                "what": "DD_sticker",
                "which": "/ressources/sequence2/act1/dd1.png",
                "x": 1195,
                "y": 389
            }
        },
        {
            "user_id": "root",
            "session_id": "root_1464090338841",
            "timestamp": 1464090298484,
            "sequence_id": 2,
            "section_id": "0",
            "activity_id": "1",
            "activity_kind": "dragdrop",
            "data": {
                "kind": "Click",
                "what": "DD_sticker",
                "which": "/ressources/sequence2/act1/dd1.png",
                "x": 1195,
                "y": 389
            }
        },
        {
            "user_id": "root",
            "session_id": "root_1464090338841",
            "timestamp": 1464090299234,
            "sequence_id": 2,
            "section_id": "0",
            "activity_id": "1",
            "activity_kind": "dragdrop",
            "data": {
                "kind": "MousePressed",
                "what": "DD_sticker",
                "which": "/ressources/sequence2/act1/dd1.png",
                "x": 1508,
                "y": 390
            }
        },
        {
            "user_id": "root",
            "session_id": "root_1464090338841",
            "timestamp": 1464090299573,
            "sequence_id": 2,
            "section_id": "0",
            "activity_id": "1",
            "activity_kind": "dragdrop",
            "data": {
                "kind": "MouseReleased",
                "what": "DD_sticker",
                "which": "/ressources/sequence2/act1/dd1.png",
                "x": 1168,
                "y": 381
            }
        },
        {
            "user_id": "root",
            "session_id": "root_1464090338841",
            "timestamp": 1464090300439,
            "sequence_id": 2,
            "section_id": "0",
            "activity_id": "1",
            "activity_kind": "dragdrop",
            "data": {
                "kind": "MousePressed",
                "what": "correct_btn",
                "which": "Contenu ADN dans les différentes phases",
                "x": 1534,
                "y": 692
            }
        },
        {
            "user_id": "root",
            "session_id": "root_1464090338841",
            "timestamp": 1464090300540,
            "sequence_id": 2,
            "section_id": "0",
            "activity_id": "1",
            "activity_kind": "dragdrop",
            "data": {
                "kind": "MouseReleased",
                "what": "correct_btn",
                "which": "Contenu ADN dans les différentes phases",
                "x": 1534,
                "y": 692
            }
        },
        {
            "user_id": "root",
            "session_id": "root_1464090338841",
            "timestamp": 1464090300550,
            "sequence_id": 2,
            "section_id": "0",
            "activity_id": "1",
            "activity_kind": "dragdrop",
            "data": {
                "kind": "Click",
                "what": "correct_btn",
                "which": "Contenu ADN dans les différentes phases",
                "x": 1534,
                "y": 692
            }
        }
    ]
}