{
    "inputs": [
        {
            "user_id": "shirley",
            "session_id": "shirley_1467721985072",
            "timestamp": 1467721959678,
            "sequence_id": 1,
            "section_id": 0,
            "activity_id": 0,
            "activity_kind": "dragdrop",
            "data": {
                "kind": "Input",
                "user_input": [
                    {
                        "slot": 0,
                        "stickers": []
                    },
                    {
                        "slot": 1,
                        "stickers": []
                    },
                    {
                        "slot": 2,
                        "stickers": []
                    },
                    {
                        "slot": 3,
                        "stickers": []
                    },
                    {
                        "slot": 4,
                        "stickers": [
                            "3"
                        ]
                    },
                    {
                        "slot": 5,
                        "stickers": [
                            "9"
                        ]
                    },
                    {
                        "slot": 6,
                        "stickers": [
                            "10"
                        ]
                    },
                    {
                        "slot": 7,
                        "stickers": [
                            "12"
                        ]
                    },
                    {
                        "slot": 8,
                        "stickers": [
                            "11"
                        ]
                    }
                ]
            }
        },
        {
            "user_id": "shirley",
            "session_id": "shirley_1467721985072",
            "timestamp": 1467721970487,
            "sequence_id": 1,
            "section_id": 0,
            "activity_id": 0,
            "activity_kind": "dragdrop",
            "data": {
                "kind": "Input",
                "user_input": [
                    {
                        "slot": 0,
                        "stickers": []
                    },
                    {
                        "slot": 1,
                        "stickers": []
                    },
                    {
                        "slot": 2,
                        "stickers": []
                    },
                    {
                        "slot": 3,
                        "stickers": []
                    },
                    {
                        "slot": 4,
                        "stickers": [
                            "3"
                        ]
                    },
                    {
                        "slot": 5,
                        "stickers": [
                            "9"
                        ]
                    },
                    {
                        "slot": 6,
                        "stickers": [
                            "10"
                        ]
                    },
                    {
                        "slot": 7,
                        "stickers": [
                            "12"
                        ]
                    },
                    {
                        "slot": 8,
                        "stickers": [
                            "11"
                        ]
                    }
                ]
            }
        },
        {
            "user_id": "shirley",
            "session_id": "shirley_1467721985072",
            "timestamp": 1467721982221,
            "sequence_id": 1,
            "section_id": 0,
            "activity_id": 0,
            "activity_kind": "dragdrop",
            "data": {
                "kind": "Input",
                "user_input": [
                    {
                        "slot": 0,
                        "stickers": [
                            "1"
                        ]
                    },
                    {
                        "slot": 1,
                        "stickers": [
                            "7"
                        ]
                    },
                    {
                        "slot": 2,
                        "stickers": []
                    },
                    {
                        "slot": 3,
                        "stickers": []
                    },
                    {
                        "slot": 4,
                        "stickers": [
                            "3"
                        ]
                    },
                    {
                        "slot": 5,
                        "stickers": [
                            "9"
                        ]
                    },
                    {
                        "slot": 6,
                        "stickers": [
                            "12"
                        ]
                    },
                    {
                        "slot": 7,
                        "stickers": [
                            "10"
                        ]
                    },
                    {
                        "slot": 8,
                        "stickers": [
                            "11"
                        ]
                    }
                ]
            }
        },
        {
            "user_id": "shirley",
            "session_id": "shirley_1467721985072",
            "timestamp": 1467722000569,
            "sequence_id": 1,
            "section_id": 1,
            "activity_id": 0,
            "activity_kind": "dragdrop",
            "data": {
                "kind": "Input",
                "user_input": [
                    {
                        "slot": 0,
                        "stickers": [
                            "2"
                        ]
                    },
                    {
                        "slot": 1,
                        "stickers": [
                            "0"
                        ]
                    },
                    {
                        "slot": 2,
                        "stickers": [
                            "1"
                        ]
                    },
                    {
                        "slot": 3,
                        "stickers": [
                            "3"
                        ]
                    }
                ]
            }
        },
        {
            "user_id": "shirley",
            "session_id": "shirley_1467721985072",
            "timestamp": 1467722011081,
            "sequence_id": 1,
            "section_id": 1,
            "activity_id": 1,
            "activity_kind": "curvetest",
            "data": {
                "kind": "Input",
                "user_input": [
                    2020.408163265306,
                    2020.408163265306,
                    3153.0612244897957,
                    3352.0408163265306,
                    3352.0408163265306,
                    4132.65306122449
                ]
            }
        },
        {
            "user_id": "shirley",
            "session_id": "shirley_1467721985072",
            "timestamp": 1467722020232,
            "sequence_id": 1,
            "section_id": 2,
            "activity_id": 2,
            "activity_kind": "counttest",
            "data": {
                "kind": "Input",
                "user_input": [
                    0,
                    0,
                    0,
                    0
                ]
            }
        },
        {
            "user_id": "shirley",
            "session_id": "shirley_1467721985072",
            "timestamp": 1467722021087,
            "sequence_id": 1,
            "section_id": 2,
            "activity_id": 2,
            "activity_kind": "counttest",
            "data": {
                "kind": "Input",
                "user_input": [
                    0,
                    0,
                    0,
                    0
                ]
            }
        },
        {
            "user_id": "shirley",
            "session_id": "shirley_1467721985072",
            "timestamp": 1467722021863,
            "sequence_id": 1,
            "section_id": 2,
            "activity_id": 2,
            "activity_kind": "counttest",
            "data": {
                "kind": "Input",
                "user_input": [
                    0,
                    0,
                    0,
                    0
                ]
            }
        },
        {
            "user_id": "shirley",
            "session_id": "shirley_1467721985072",
            "timestamp": 1467722024485,
            "sequence_id": 1,
            "section_id": 2,
            "activity_id": 3,
            "activity_kind": "input",
            "data": {
                "kind": "Input",
                "user_input": ""
            }
        },
        {
            "user_id": "shirley",
            "session_id": "shirley_1467721985072",
            "timestamp": 1467722025080,
            "sequence_id": 1,
            "section_id": 2,
            "activity_id": 3,
            "activity_kind": "input",
            "data": {
                "kind": "Input",
                "user_input": ""
            }
        },
        {
            "user_id": "shirley",
            "session_id": "shirley_1467721985072",
            "timestamp": 1467722025683,
            "sequence_id": 1,
            "section_id": 2,
            "activity_id": 3,
            "activity_kind": "input",
            "data": {
                "kind": "Input",
                "user_input": ""
            }
        },
        {
            "user_id": "shirley",
            "session_id": "shirley_1467721985072",
            "timestamp": 1467722046960,
            "sequence_id": 1,
            "section_id": 2,
            "activity_id": 5,
            "activity_kind": "pipette",
            "data": {
                "kind": "Input",
                "user_input": [
                    1045455,
                    2.75,
                    0.5,
                    30.2
                ]
            }
        },
        {
            "user_id": "shirley",
            "session_id": "shirley_1467721985072",
            "timestamp": 1467722049325,
            "sequence_id": 1,
            "section_id": 2,
            "activity_id": 5,
            "activity_kind": "pipette",
            "data": {
                "kind": "Input",
                "user_input": [
                    1045455,
                    2.75,
                    0.5,
                    30.2
                ]
            }
        },
        {
            "user_id": "shirley",
            "session_id": "shirley_1467721985072",
            "timestamp": 1467722050000,
            "sequence_id": 1,
            "section_id": 2,
            "activity_id": 5,
            "activity_kind": "pipette",
            "data": {
                "kind": "Input",
                "user_input": [
                    1045455,
                    2.75,
                    0.5,
                    30.2
                ]
            }
        },
        {
            "user_id": "shirley",
            "session_id": "shirley_1467721985072",
            "timestamp": 1467722056493,
            "sequence_id": 1,
            "section_id": 4,
            "activity_id": 0,
            "activity_kind": "dragdrop",
            "data": {
                "kind": "Input",
                "user_input": [
                    {
                        "slot": 0,
                        "stickers": []
                    },
                    {
                        "slot": 1,
                        "stickers": []
                    },
                    {
                        "slot": 2,
                        "stickers": []
                    },
                    {
                        "slot": 3,
                        "stickers": []
                    },
                    {
                        "slot": 4,
                        "stickers": []
                    },
                    {
                        "slot": 5,
                        "stickers": []
                    }
                ]
            }
        },
        {
            "user_id": "shirley",
            "session_id": "shirley_1467721985072",
            "timestamp": 1467722067406,
            "sequence_id": 1,
            "section_id": 4,
            "activity_id": 0,
            "activity_kind": "dragdrop",
            "data": {
                "kind": "Input",
                "user_input": [
                    {
                        "slot": 0,
                        "stickers": [
                            "0"
                        ]
                    },
                    {
                        "slot": 1,
                        "stickers": [
                            "1"
                        ]
                    },
                    {
                        "slot": 2,
                        "stickers": [
                            "5"
                        ]
                    },
                    {
                        "slot": 3,
                        "stickers": [
                            "3"
                        ]
                    },
                    {
                        "slot": 4,
                        "stickers": [
                            "2"
                        ]
                    },
                    {
                        "slot": 5,
                        "stickers": [
                            "1"
                        ]
                    }
                ]
            }
        },
        {
            "user_id": "shirley",
            "session_id": "shirley_1467721985072",
            "timestamp": 1467722068302,
            "sequence_id": 1,
            "section_id": 4,
            "activity_id": 0,
            "activity_kind": "dragdrop",
            "data": {
                "kind": "Input",
                "user_input": [
                    {
                        "slot": 0,
                        "stickers": [
                            "0"
                        ]
                    },
                    {
                        "slot": 1,
                        "stickers": [
                            "1"
                        ]
                    },
                    {
                        "slot": 2,
                        "stickers": [
                            "5"
                        ]
                    },
                    {
                        "slot": 3,
                        "stickers": [
                            "3"
                        ]
                    },
                    {
                        "slot": 4,
                        "stickers": [
                            "2"
                        ]
                    },
                    {
                        "slot": 5,
                        "stickers": [
                            "1"
                        ]
                    }
                ]
            }
        },
        {
            "user_id": "shirley",
            "session_id": "shirley_1467721985072",
            "timestamp": 1467722070157,
            "sequence_id": 1,
            "section_id": 4,
            "activity_id": 1,
            "activity_kind": "curvestar",
            "data": {
                "kind": "Input",
                "user_input": [
                    2020.408163265306,
                    2020.408163265306,
                    3153.0612244897957,
                    3352.0408163265306,
                    3352.0408163265306,
                    4132.65306122449
                ]
            }
        },
        {
            "user_id": "shirley",
            "session_id": "shirley_1467721985072",
            "timestamp": 1467722074369,
            "sequence_id": 1,
            "section_id": 4,
            "activity_id": 1,
            "activity_kind": "curvestar",
            "data": {
                "kind": "Input",
                "user_input": [
                    2020.408163265306,
                    2020.408163265306,
                    3153.0612244897957,
                    3352.0408163265306,
                    2234.6938775510203,
                    4132.65306122449
                ]
            }
        },
        {
            "user_id": "shirley",
            "session_id": "shirley_1467721985072",
            "timestamp": 1467722075821,
            "sequence_id": 1,
            "section_id": 4,
            "activity_id": 1,
            "activity_kind": "curvestar",
            "data": {
                "kind": "Input",
                "user_input": [
                    2020.408163265306,
                    2020.408163265306,
                    3153.0612244897957,
                    3352.0408163265306,
                    2234.6938775510203,
                    1760.204081632653
                ]
            }
        },
        {
            "user_id": "shirley",
            "session_id": "shirley_1467721985072",
            "timestamp": 1467722077138,
            "sequence_id": 1,
            "section_id": 4,
            "activity_id": 1,
            "activity_kind": "curvestar",
            "data": {
                "kind": "Input",
                "user_input": [
                    2020.408163265306,
                    2020.408163265306,
                    3153.0612244897957,
                    3352.0408163265306,
                    4484.693877551021,
                    1760.204081632653
                ]
            }
        },
        {
            "user_id": "shirley",
            "session_id": "shirley_1467721985072",
            "timestamp": 1467722078959,
            "sequence_id": 1,
            "section_id": 4,
            "activity_id": 1,
            "activity_kind": "curvestar",
            "data": {
                "kind": "Input",
                "user_input": [
                    2020.408163265306,
                    2020.408163265306,
                    3153.0612244897957,
                    3352.0408163265306,
                    4484.693877551021,
                    5219.3877551020405
                ]
            }
        },
        {
            "user_id": "shirley",
            "session_id": "shirley_1467721985072",
            "timestamp": 1467722081254,
            "sequence_id": 1,
            "section_id": 4,
            "activity_id": 1,
            "activity_kind": "curvestar",
            "data": {
                "kind": "Input",
                "user_input": [
                    2020.408163265306,
                    2020.408163265306,
                    3153.0612244897957,
                    3811.224489795918,
                    4484.693877551021,
                    5219.3877551020405
                ]
            }
        },
        {
            "user_id": "shirley",
            "session_id": "shirley_1467721985072",
            "timestamp": 1467722083582,
            "sequence_id": 1,
            "section_id": 4,
            "activity_id": 1,
            "activity_kind": "curvestar",
            "data": {
                "kind": "Input",
                "user_input": [
                    2020.408163265306,
                    2020.408163265306,
                    1301.0204081632653,
                    3811.224489795918,
                    4484.693877551021,
                    5219.3877551020405
                ]
            }
        },
        {
            "user_id": "shirley",
            "session_id": "shirley_1467721985072",
            "timestamp": 1467722088672,
            "sequence_id": 1,
            "section_id": 4,
            "activity_id": 1,
            "activity_kind": "curvestar",
            "data": {
                "kind": "Input",
                "user_input": [
                    2020.408163265306,
                    2923.469387755102,
                    1301.0204081632653,
                    3811.224489795918,
                    4484.693877551021,
                    5219.3877551020405
                ]
            }
        },
        {
            "user_id": "shirley",
            "session_id": "shirley_1467721985072",
            "timestamp": 1467722091648,
            "sequence_id": 1,
            "section_id": 4,
            "activity_id": 1,
            "activity_kind": "curvestar",
            "data": {
                "kind": "Input",
                "user_input": [
                    2020.408163265306,
                    948.9795918367347,
                    1301.0204081632653,
                    3811.224489795918,
                    4484.693877551021,
                    5219.3877551020405
                ]
            }
        },
        {
            "user_id": "shirley",
            "session_id": "shirley_1467721985072",
            "timestamp": 1467722100562,
            "sequence_id": 1,
            "section_id": 4,
            "activity_id": 1,
            "activity_kind": "curvestar",
            "data": {
                "kind": "Input",
                "user_input": [
                    2020.408163265306,
                    948.9795918367347,
                    1928.5714285714284,
                    3811.224489795918,
                    4484.693877551021,
                    5219.3877551020405
                ]
            }
        },
        {
            "user_id": "shirley",
            "session_id": "shirley_1467721985072",
            "timestamp": 1467722106445,
            "sequence_id": 1,
            "section_id": 4,
            "activity_id": 1,
            "activity_kind": "curvestar",
            "data": {
                "kind": "Input",
                "user_input": [
                    994.8979591836735,
                    948.9795918367347,
                    1928.5714285714284,
                    3811.224489795918,
                    4484.693877551021,
                    5219.3877551020405
                ]
            }
        },
        {
            "user_id": "shirley",
            "session_id": "shirley_1467721985072",
            "timestamp": 1467722108692,
            "sequence_id": 1,
            "section_id": 4,
            "activity_id": 1,
            "activity_kind": "curvestar",
            "data": {
                "kind": "Input",
                "user_input": [
                    994.8979591836735,
                    1224.4897959183672,
                    1928.5714285714284,
                    3811.224489795918,
                    4484.693877551021,
                    5219.3877551020405
                ]
            }
        },
        {
            "user_id": "shirley",
            "session_id": "shirley_1467721985072",
            "timestamp": 1467722110885,
            "sequence_id": 1,
            "section_id": 4,
            "activity_id": 1,
            "activity_kind": "curvestar",
            "data": {
                "kind": "Input",
                "user_input": [
                    994.8979591836735,
                    1224.4897959183672,
                    2035.7142857142858,
                    3811.224489795918,
                    4484.693877551021,
                    5219.3877551020405
                ]
            }
        },
        {
            "user_id": "shirley",
            "session_id": "shirley_1467721985072",
            "timestamp": 1467722113300,
            "sequence_id": 1,
            "section_id": 4,
            "activity_id": 1,
            "activity_kind": "curvestar",
            "data": {
                "kind": "Input",
                "user_input": [
                    994.8979591836735,
                    1224.4897959183672,
                    2035.7142857142858,
                    3811.224489795918,
                    4668.367346938775,
                    5219.3877551020405
                ]
            }
        },
        {
            "user_id": "shirley",
            "session_id": "shirley_1467721985072",
            "timestamp": 1467722115160,
            "sequence_id": 1,
            "section_id": 4,
            "activity_id": 1,
            "activity_kind": "curvestar",
            "data": {
                "kind": "Input",
                "user_input": [
                    994.8979591836735,
                    1224.4897959183672,
                    2035.7142857142858,
                    3811.224489795918,
                    5005.102040816327,
                    5219.3877551020405
                ]
            }
        },
        {
            "user_id": "shirley",
            "session_id": "shirley_1467721985072",
            "timestamp": 1467722126537,
            "sequence_id": 1,
            "section_id": 4,
            "activity_id": 2,
            "activity_kind": "dragdrop",
            "data": {
                "kind": "Input",
                "user_input": [
                    {
                        "slot": 0,
                        "stickers": [
                            "1"
                        ]
                    },
                    {
                        "slot": 1,
                        "stickers": [
                            "3"
                        ]
                    },
                    {
                        "slot": 2,
                        "stickers": [
                            "2"
                        ]
                    }
                ]
            }
        },
        {
            "user_id": "shirley",
            "session_id": "shirley_1467721985072",
            "timestamp": 1467722138037,
            "sequence_id": 1,
            "section_id": 4,
            "activity_id": 2,
            "activity_kind": "dragdrop",
            "data": {
                "kind": "Input",
                "user_input": [
                    {
                        "slot": 0,
                        "stickers": [
                            "4"
                        ]
                    },
                    {
                        "slot": 1,
                        "stickers": [
                            "5"
                        ]
                    },
                    {
                        "slot": 2,
                        "stickers": [
                            "2"
                        ]
                    }
                ]
            }
        },
        {
            "user_id": "shirley",
            "session_id": "shirley_1467721985072",
            "timestamp": 1467722146639,
            "sequence_id": 1,
            "section_id": 4,
            "activity_id": 2,
            "activity_kind": "dragdrop",
            "data": {
                "kind": "Input",
                "user_input": [
                    {
                        "slot": 0,
                        "stickers": [
                            "3"
                        ]
                    },
                    {
                        "slot": 1,
                        "stickers": [
                            "0"
                        ]
                    },
                    {
                        "slot": 2,
                        "stickers": [
                            "2"
                        ]
                    }
                ]
            }
        },
        {
            "user_id": "shirley",
            "session_id": "shirley_1467721985072",
            "timestamp": 1467722148804,
            "sequence_id": 1,
            "section_id": 4,
            "activity_id": 3,
            "activity_kind": "dragdrop",
            "data": {
                "kind": "Input",
                "user_input": [
                    {
                        "slot": 0,
                        "stickers": [
                            "2"
                        ]
                    },
                    {
                        "slot": 1,
                        "stickers": [
                            "0"
                        ]
                    },
                    {
                        "slot": 2,
                        "stickers": [
                            "1"
                        ]
                    },
                    {
                        "slot": 3,
                        "stickers": [
                            "3"
                        ]
                    }
                ]
            }
        },
        {
            "user_id": "shirley",
            "session_id": "shirley_1467721985072",
            "timestamp": 1467722154777,
            "sequence_id": 1,
            "section_id": 4,
            "activity_id": 3,
            "activity_kind": "dragdrop",
            "data": {
                "kind": "Input",
                "user_input": [
                    {
                        "slot": 0,
                        "stickers": [
                            "2"
                        ]
                    },
                    {
                        "slot": 1,
                        "stickers": [
                            "0"
                        ]
                    },
                    {
                        "slot": 2,
                        "stickers": [
                            "1"
                        ]
                    },
                    {
                        "slot": 3,
                        "stickers": [
                            "3"
                        ]
                    }
                ]
            }
        },
        {
            "user_id": "shirley",
            "session_id": "shirley_1467721985072",
            "timestamp": 1467722154778,
            "sequence_id": 1,
            "section_id": 4,
            "activity_id": 3,
            "activity_kind": "dragdrop",
            "data": {
                "kind": "Input",
                "user_input": [
                    {
                        "slot": 0,
                        "stickers": [
                            "2"
                        ]
                    },
                    {
                        "slot": 1,
                        "stickers": [
                            "0"
                        ]
                    },
                    {
                        "slot": 2,
                        "stickers": [
                            "1"
                        ]
                    },
                    {
                        "slot": 3,
                        "stickers": [
                            "3"
                        ]
                    }
                ]
            }
        },
        {
            "user_id": "shirley",
            "session_id": "shirley_1467721985072",
            "timestamp": 1467722182545,
            "sequence_id": 1,
            "section_id": 4,
            "activity_id": 3,
            "activity_kind": "dragdrop",
            "data": {
                "kind": "Input",
                "user_input": [
                    {
                        "slot": 0,
                        "stickers": [
                            "2"
                        ]
                    },
                    {
                        "slot": 1,
                        "stickers": [
                            "0"
                        ]
                    },
                    {
                        "slot": 2,
                        "stickers": [
                            "1"
                        ]
                    },
                    {
                        "slot": 3,
                        "stickers": [
                            "3"
                        ]
                    }
                ]
            }
        },
        {
            "user_id": "shirley",
            "session_id": "shirley_1467721985072",
            "timestamp": 1467722182548,
            "sequence_id": 1,
            "section_id": 4,
            "activity_id": 3,
            "activity_kind": "dragdrop",
            "data": {
                "kind": "Input",
                "user_input": [
                    {
                        "slot": 0,
                        "stickers": [
                            "3"
                        ]
                    },
                    {
                        "slot": 1,
                        "stickers": [
                            "0"
                        ]
                    },
                    {
                        "slot": 2,
                        "stickers": [
                            "1"
                        ]
                    },
                    {
                        "slot": 3,
                        "stickers": []
                    }
                ]
            }
        },
        {
            "user_id": "shirley",
            "session_id": "shirley_1467721985072",
            "timestamp": 1467722185423,
            "sequence_id": 1,
            "section_id": 4,
            "activity_id": 3,
            "activity_kind": "dragdrop",
            "data": {
                "kind": "Input",
                "user_input": [
                    {
                        "slot": 0,
                        "stickers": [
                            "3"
                        ]
                    },
                    {
                        "slot": 1,
                        "stickers": [
                            "0"
                        ]
                    },
                    {
                        "slot": 2,
                        "stickers": [
                            "1"
                        ]
                    },
                    {
                        "slot": 3,
                        "stickers": []
                    }
                ]
            }
        },
        {
            "user_id": "shirley",
            "session_id": "shirley_1467721985072",
            "timestamp": 1467722185425,
            "sequence_id": 1,
            "section_id": 4,
            "activity_id": 3,
            "activity_kind": "dragdrop",
            "data": {
                "kind": "Input",
                "user_input": [
                    {
                        "slot": 0,
                        "stickers": [
                            "3"
                        ]
                    },
                    {
                        "slot": 1,
                        "stickers": [
                            "0"
                        ]
                    },
                    {
                        "slot": 2,
                        "stickers": [
                            "1"
                        ]
                    },
                    {
                        "slot": 3,
                        "stickers": [
                            "5"
                        ]
                    }
                ]
            }
        },
        {
            "user_id": "shirley",
            "session_id": "shirley_1467721985072",
            "timestamp": 1467722191060,
            "sequence_id": 1,
            "section_id": 4,
            "activity_id": 3,
            "activity_kind": "dragdrop",
            "data": {
                "kind": "Input",
                "user_input": [
                    {
                        "slot": 0,
                        "stickers": [
                            "3"
                        ]
                    },
                    {
                        "slot": 1,
                        "stickers": [
                            "0"
                        ]
                    },
                    {
                        "slot": 2,
                        "stickers": [
                            "1"
                        ]
                    },
                    {
                        "slot": 3,
                        "stickers": [
                            "5"
                        ]
                    }
                ]
            }
        },
        {
            "user_id": "shirley",
            "session_id": "shirley_1467721985072",
            "timestamp": 1467722191065,
            "sequence_id": 1,
            "section_id": 4,
            "activity_id": 3,
            "activity_kind": "dragdrop",
            "data": {
                "kind": "Input",
                "user_input": [
                    {
                        "slot": 0,
                        "stickers": [
                            "3"
                        ]
                    },
                    {
                        "slot": 1,
                        "stickers": [
                            "0"
                        ]
                    },
                    {
                        "slot": 2,
                        "stickers": [
                            "1"
                        ]
                    },
                    {
                        "slot": 3,
                        "stickers": [
                            "1"
                        ]
                    }
                ]
            }
        },
        {
            "user_id": "shirley",
            "session_id": "shirley_1467721985072",
            "timestamp": 1467722194220,
            "sequence_id": 1,
            "section_id": 4,
            "activity_id": 3,
            "activity_kind": "dragdrop",
            "data": {
                "kind": "Input",
                "user_input": [
                    {
                        "slot": 0,
                        "stickers": [
                            "3"
                        ]
                    },
                    {
                        "slot": 1,
                        "stickers": [
                            "0"
                        ]
                    },
                    {
                        "slot": 2,
                        "stickers": [
                            "1"
                        ]
                    },
                    {
                        "slot": 3,
                        "stickers": [
                            "1"
                        ]
                    }
                ]
            }
        },
        {
            "user_id": "shirley",
            "session_id": "shirley_1467721985072",
            "timestamp": 1467722194224,
            "sequence_id": 1,
            "section_id": 4,
            "activity_id": 3,
            "activity_kind": "dragdrop",
            "data": {
                "kind": "Input",
                "user_input": [
                    {
                        "slot": 0,
                        "stickers": [
                            "3"
                        ]
                    },
                    {
                        "slot": 1,
                        "stickers": [
                            "0"
                        ]
                    },
                    {
                        "slot": 2,
                        "stickers": [
                            "3"
                        ]
                    },
                    {
                        "slot": 3,
                        "stickers": [
                            "1"
                        ]
                    }
                ]
            }
        },
        {
            "user_id": "shirley",
            "session_id": "shirley_1467721985072",
            "timestamp": 1467722198014,
            "sequence_id": 1,
            "section_id": 4,
            "activity_id": 3,
            "activity_kind": "dragdrop",
            "data": {
                "kind": "Input",
                "user_input": [
                    {
                        "slot": 0,
                        "stickers": [
                            "3"
                        ]
                    },
                    {
                        "slot": 1,
                        "stickers": [
                            "0"
                        ]
                    },
                    {
                        "slot": 2,
                        "stickers": [
                            "3"
                        ]
                    },
                    {
                        "slot": 3,
                        "stickers": [
                            "1"
                        ]
                    }
                ]
            }
        },
        {
            "user_id": "shirley",
            "session_id": "shirley_1467721985072",
            "timestamp": 1467722198017,
            "sequence_id": 1,
            "section_id": 4,
            "activity_id": 3,
            "activity_kind": "dragdrop",
            "data": {
                "kind": "Input",
                "user_input": [
                    {
                        "slot": 0,
                        "stickers": [
                            "3"
                        ]
                    },
                    {
                        "slot": 1,
                        "stickers": [
                            "3"
                        ]
                    },
                    {
                        "slot": 2,
                        "stickers": [
                            "3"
                        ]
                    },
                    {
                        "slot": 3,
                        "stickers": [
                            "1"
                        ]
                    }
                ]
            }
        },
        {
            "user_id": "shirley",
            "session_id": "shirley_1467721985072",
            "timestamp": 1467722212013,
            "sequence_id": 1,
            "section_id": 5,
            "activity_id": 0,
            "activity_kind": "synthesis",
            "data": {
                "kind": "Input",
                "user_input": [
                    "activation",
                    "exponentielle",
                    "la droite",
                    "none",
                    "none",
                    "none",
                    "none",
                    "none",
                    "none",
                    "none"
                ]
            }
        },
        {
            "user_id": "shirley",
            "session_id": "shirley_1467721985072",
            "timestamp": 1467722213542,
            "sequence_id": 1,
            "section_id": 5,
            "activity_id": 0,
            "activity_kind": "synthesis",
            "data": {
                "kind": "Input",
                "user_input": [
                    "activation",
                    "exponentielle",
                    "la droite",
                    "none",
                    "none",
                    "none",
                    "none",
                    "none",
                    "none",
                    "none"
                ]
            }
        }
    ]
}