{
    "events": [
        {
            "user_id": "toto est au labo",
            "session_id": "toto est au labo_1463142089113",
            "timestamp": 1463142039130,
            "sequence_id": 1,
            "section_id": "0",
            "activity_id": "-1",
            "activity_kind": "dragdrop",
            "data": {
                "kind": "Click",
                "what": "next_btn",
                "which": "requirements",
                "x": 1219,
                "y": 690
            }
        },
        {
            "user_id": "toto est au labo",
            "session_id": "toto est au labo_1463142089113",
            "timestamp": 1463142041622,
            "sequence_id": 1,
            "section_id": "0",
            "activity_id": "0",
            "activity_kind": "dragdrop",
            "data": {
                "kind": "MousePressed",
                "what": "DD_sticker",
                "which": "S",
                "x": 1157,
                "y": 249
            }
        },
        {
            "user_id": "toto est au labo",
            "session_id": "toto est au labo_1463142089113",
            "timestamp": 1463142042999,
            "sequence_id": 1,
            "section_id": "0",
            "activity_id": "0",
            "activity_kind": "dragdrop",
            "data": {
                "kind": "MouseReleased",
                "what": "DD_sticker",
                "which": "S",
                "x": 675,
                "y": 524
            }
        },
        {
            "user_id": "toto est au labo",
            "session_id": "toto est au labo_1463142089113",
            "timestamp": 1463142044070,
            "sequence_id": 1,
            "section_id": "0",
            "activity_id": "0",
            "activity_kind": "dragdrop",
            "data": {
                "kind": "MousePressed",
                "what": "DD_sticker",
                "which": "S",
                "x": 675,
                "y": 522
            }
        },
        {
            "user_id": "toto est au labo",
            "session_id": "toto est au labo_1463142089113",
            "timestamp": 1463142045284,
            "sequence_id": 1,
            "section_id": "0",
            "activity_id": "0",
            "activity_kind": "dragdrop",
            "data": {
                "kind": "MouseReleased",
                "what": "DD_sticker",
                "which": "S",
                "x": 683,
                "y": 503
            }
        },
        {
            "user_id": "toto est au labo",
            "session_id": "toto est au labo_1463142089113",
            "timestamp": 1463142045312,
            "sequence_id": 1,
            "section_id": "0",
            "activity_id": "0",
            "activity_kind": "dragdrop",
            "data": {
                "kind": "Click",
                "what": "DD_sticker",
                "which": "S",
                "x": 683,
                "y": 503
            }
        },
        {
            "user_id": "toto est au labo",
            "session_id": "toto est au labo_1463142089113",
            "timestamp": 1463142045965,
            "sequence_id": 1,
            "section_id": "0",
            "activity_id": "0",
            "activity_kind": "dragdrop",
            "data": {
                "kind": "MousePressed",
                "what": "DD_sticker",
                "which": "S",
                "x": 683,
                "y": 519
            }
        },
        {
            "user_id": "toto est au labo",
            "session_id": "toto est au labo_1463142089113",
            "timestamp": 1463142046659,
            "sequence_id": 1,
            "section_id": "0",
            "activity_id": "0",
            "activity_kind": "dragdrop",
            "data": {
                "kind": "MouseReleased",
                "what": "DD_slot",
                "which": "0",
                "x": 734,
                "y": 326
            }
        },
        {
            "user_id": "toto est au labo",
            "session_id": "toto est au labo_1463142089113",
            "timestamp": 1463142047293,
            "sequence_id": 1,
            "section_id": "0",
            "activity_id": "0",
            "activity_kind": "dragdrop",
            "data": {
                "kind": "MousePressed",
                "what": "DD_sticker",
                "which": "S",
                "x": 688,
                "y": 514
            }
        },
        {
            "user_id": "toto est au labo",
            "session_id": "toto est au labo_1463142089113",
            "timestamp": 1463142047622,
            "sequence_id": 1,
            "section_id": "0",
            "activity_id": "0",
            "activity_kind": "dragdrop",
            "data": {
                "kind": "MouseReleased",
                "what": "main_pane",
                "which": "Les phases du cycle cellulaire",
                "x": 722,
                "y": 485
            }
        },
        {
            "user_id": "toto est au labo",
            "session_id": "toto est au labo_1463142089113",
            "timestamp": 1463142047910,
            "sequence_id": 1,
            "section_id": "0",
            "activity_id": "0",
            "activity_kind": "dragdrop",
            "data": {
                "kind": "MousePressed",
                "what": "DD_sticker",
                "which": "S",
                "x": 684,
                "y": 523
            }
        },
        {
            "user_id": "toto est au labo",
            "session_id": "toto est au labo_1463142089113",
            "timestamp": 1463142048293,
            "sequence_id": 1,
            "section_id": "0",
            "activity_id": "0",
            "activity_kind": "dragdrop",
            "data": {
                "kind": "MouseReleased",
                "what": "main_pane",
                "which": "Les phases du cycle cellulaire",
                "x": 706,
                "y": 499
            }
        },
        {
            "user_id": "toto est au labo",
            "session_id": "toto est au labo_1463142089113",
            "timestamp": 1463142048549,
            "sequence_id": 1,
            "section_id": "0",
            "activity_id": "0",
            "activity_kind": "dragdrop",
            "data": {
                "kind": "MousePressed",
                "what": "DD_sticker",
                "which": "S",
                "x": 690,
                "y": 521
            }
        },
        {
            "user_id": "toto est au labo",
            "session_id": "toto est au labo_1463142089113",
            "timestamp": 1463142048860,
            "sequence_id": 1,
            "section_id": "0",
            "activity_id": "0",
            "activity_kind": "dragdrop",
            "data": {
                "kind": "MouseReleased",
                "what": "main_pane",
                "which": "Les phases du cycle cellulaire",
                "x": 712,
                "y": 485
            }
        },
        {
            "user_id": "toto est au labo",
            "session_id": "toto est au labo_1463142089113",
            "timestamp": 1463142049456,
            "sequence_id": 1,
            "section_id": "0",
            "activity_id": "0",
            "activity_kind": "dragdrop",
            "data": {
                "kind": "MousePressed",
                "what": "DD_sticker",
                "which": "S",
                "x": 682,
                "y": 524
            }
        },
        {
            "user_id": "toto est au labo",
            "session_id": "toto est au labo_1463142089113",
            "timestamp": 1463142049755,
            "sequence_id": 1,
            "section_id": "0",
            "activity_id": "0",
            "activity_kind": "dragdrop",
            "data": {
                "kind": "MouseReleased",
                "what": "main_pane",
                "which": "Les phases du cycle cellulaire",
                "x": 652,
                "y": 533
            }
        },
        {
            "user_id": "toto est au labo",
            "session_id": "toto est au labo_1463142089113",
            "timestamp": 1463142051502,
            "sequence_id": 1,
            "section_id": "0",
            "activity_id": "0",
            "activity_kind": "dragdrop",
            "data": {
                "kind": "MousePressed",
                "what": "DD_sticker",
                "which": "S",
                "x": 685,
                "y": 519
            }
        },
        {
            "user_id": "toto est au labo",
            "session_id": "toto est au labo_1463142089113",
            "timestamp": 1463142052003,
            "sequence_id": 1,
            "section_id": "0",
            "activity_id": "0",
            "activity_kind": "dragdrop",
            "data": {
                "kind": "MouseReleased",
                "what": "main_pane",
                "which": "Les phases du cycle cellulaire",
                "x": 630,
                "y": 530
            }
        },
        {
            "user_id": "toto est au labo",
            "session_id": "toto est au labo_1463142089113",
            "timestamp": 1463142052468,
            "sequence_id": 1,
            "section_id": "0",
            "activity_id": "0",
            "activity_kind": "dragdrop",
            "data": {
                "kind": "MousePressed",
                "what": "DD_sticker",
                "which": "S",
                "x": 694,
                "y": 514
            }
        },
        {
            "user_id": "toto est au labo",
            "session_id": "toto est au labo_1463142089113",
            "timestamp": 1463142052836,
            "sequence_id": 1,
            "section_id": "0",
            "activity_id": "0",
            "activity_kind": "dragdrop",
            "data": {
                "kind": "MouseReleased",
                "what": "DD_sticker",
                "which": "S",
                "x": 673,
                "y": 530
            }
        },
        {
            "user_id": "toto est au labo",
            "session_id": "toto est au labo_1463142089113",
            "timestamp": 1463142052852,
            "sequence_id": 1,
            "section_id": "0",
            "activity_id": "0",
            "activity_kind": "dragdrop",
            "data": {
                "kind": "Click",
                "what": "DD_sticker",
                "which": "S",
                "x": 673,
                "y": 530
            }
        },
        {
            "user_id": "toto est au labo",
            "session_id": "toto est au labo_1463142089113",
            "timestamp": 1463142053020,
            "sequence_id": 1,
            "section_id": "0",
            "activity_id": "0",
            "activity_kind": "dragdrop",
            "data": {
                "kind": "MousePressed",
                "what": "DD_sticker",
                "which": "S",
                "x": 684,
                "y": 522
            }
        },
        {
            "user_id": "toto est au labo",
            "session_id": "toto est au labo_1463142089113",
            "timestamp": 1463142053525,
            "sequence_id": 1,
            "section_id": "0",
            "activity_id": "0",
            "activity_kind": "dragdrop",
            "data": {
                "kind": "MouseReleased",
                "what": "main_pane",
                "which": "Les phases du cycle cellulaire",
                "x": 750,
                "y": 456
            }
        },
        {
            "user_id": "toto est au labo",
            "session_id": "toto est au labo_1463142089113",
            "timestamp": 1463142054013,
            "sequence_id": 1,
            "section_id": "0",
            "activity_id": "0",
            "activity_kind": "dragdrop",
            "data": {
                "kind": "MousePressed",
                "what": "DD_sticker",
                "which": "S",
                "x": 692,
                "y": 521
            }
        },
        {
            "user_id": "toto est au labo",
            "session_id": "toto est au labo_1463142089113",
            "timestamp": 1463142054325,
            "sequence_id": 1,
            "section_id": "0",
            "activity_id": "0",
            "activity_kind": "dragdrop",
            "data": {
                "kind": "MouseReleased",
                "what": "main_pane",
                "which": "Les phases du cycle cellulaire",
                "x": 630,
                "y": 502
            }
        },
        {
            "user_id": "toto est au labo",
            "session_id": "toto est au labo_1463142089113",
            "timestamp": 1463142055427,
            "sequence_id": 1,
            "section_id": "0",
            "activity_id": "0",
            "activity_kind": "dragdrop",
            "data": {
                "kind": "MousePressed",
                "what": "DD_sticker",
                "which": "L",
                "x": 1039,
                "y": 229
            }
        },
        {
            "user_id": "toto est au labo",
            "session_id": "toto est au labo_1463142089113",
            "timestamp": 1463142056271,
            "sequence_id": 1,
            "section_id": "0",
            "activity_id": "0",
            "activity_kind": "dragdrop",
            "data": {
                "kind": "MouseReleased",
                "what": "DD_sticker",
                "which": "L",
                "x": 751,
                "y": 315
            }
        },
        {
            "user_id": "toto est au labo",
            "session_id": "toto est au labo_1463142089113",
            "timestamp": 1463142056838,
            "sequence_id": 1,
            "section_id": "0",
            "activity_id": "0",
            "activity_kind": "dragdrop",
            "data": {
                "kind": "MousePressed",
                "what": "DD_sticker",
                "which": "L",
                "x": 744,
                "y": 325
            }
        },
        {
            "user_id": "toto est au labo",
            "session_id": "toto est au labo_1463142089113",
            "timestamp": 1463142057622,
            "sequence_id": 1,
            "section_id": "0",
            "activity_id": "0",
            "activity_kind": "dragdrop",
            "data": {
                "kind": "MouseReleased",
                "what": "DD_sticker",
                "which": "L",
                "x": 731,
                "y": 346
            }
        },
        {
            "user_id": "toto est au labo",
            "session_id": "toto est au labo_1463142089113",
            "timestamp": 1463142057652,
            "sequence_id": 1,
            "section_id": "0",
            "activity_id": "0",
            "activity_kind": "dragdrop",
            "data": {
                "kind": "Click",
                "what": "DD_sticker",
                "which": "L",
                "x": 731,
                "y": 346
            }
        },
        {
            "user_id": "toto est au labo",
            "session_id": "toto est au labo_1463142089113",
            "timestamp": 1463142059067,
            "sequence_id": 1,
            "section_id": "0",
            "activity_id": "0",
            "activity_kind": "dragdrop",
            "data": {
                "kind": "MousePressed",
                "what": "DD_sticker",
                "which": "L",
                "x": 742,
                "y": 326
            }
        },
        {
            "user_id": "toto est au labo",
            "session_id": "toto est au labo_1463142089113",
            "timestamp": 1463142059459,
            "sequence_id": 1,
            "section_id": "0",
            "activity_id": "0",
            "activity_kind": "dragdrop",
            "data": {
                "kind": "MouseReleased",
                "what": "main_pane",
                "which": "Les phases du cycle cellulaire",
                "x": 703,
                "y": 319
            }
        },
        {
            "user_id": "toto est au labo",
            "session_id": "toto est au labo_1463142089113",
            "timestamp": 1463142059812,
            "sequence_id": 1,
            "section_id": "0",
            "activity_id": "0",
            "activity_kind": "dragdrop",
            "data": {
                "kind": "MousePressed",
                "what": "DD_sticker",
                "which": "L",
                "x": 740,
                "y": 318
            }
        },
        {
            "user_id": "toto est au labo",
            "session_id": "toto est au labo_1463142089113",
            "timestamp": 1463142060003,
            "sequence_id": 1,
            "section_id": "0",
            "activity_id": "0",
            "activity_kind": "dragdrop",
            "data": {
                "kind": "MouseReleased",
                "what": "main_pane",
                "which": "Les phases du cycle cellulaire",
                "x": 718,
                "y": 337
            }
        },
        {
            "user_id": "toto est au labo",
            "session_id": "toto est au labo_1463142089113",
            "timestamp": 1463142060765,
            "sequence_id": 1,
            "section_id": "0",
            "activity_id": "0",
            "activity_kind": "dragdrop",
            "data": {
                "kind": "MousePressed",
                "what": "DD_sticker",
                "which": "R",
                "x": 973,
                "y": 239
            }
        },
        {
            "user_id": "toto est au labo",
            "session_id": "toto est au labo_1463142089113",
            "timestamp": 1463142061731,
            "sequence_id": 1,
            "section_id": "0",
            "activity_id": "0",
            "activity_kind": "dragdrop",
            "data": {
                "kind": "MouseReleased",
                "what": "DD_sticker",
                "which": "R",
                "x": 477,
                "y": 465
            }
        },
        {
            "user_id": "toto est au labo",
            "session_id": "toto est au labo_1463142089113",
            "timestamp": 1463142062357,
            "sequence_id": 1,
            "section_id": "0",
            "activity_id": "0",
            "activity_kind": "dragdrop",
            "data": {
                "kind": "MousePressed",
                "what": "DD_sticker",
                "which": "R",
                "x": 476,
                "y": 466
            }
        },
        {
            "user_id": "toto est au labo",
            "session_id": "toto est au labo_1463142089113",
            "timestamp": 1463142063643,
            "sequence_id": 1,
            "section_id": "0",
            "activity_id": "0",
            "activity_kind": "dragdrop",
            "data": {
                "kind": "MouseReleased",
                "what": "DD_sticker",
                "which": "R",
                "x": 543,
                "y": 421
            }
        },
        {
            "user_id": "toto est au labo",
            "session_id": "toto est au labo_1463142089113",
            "timestamp": 1463142064629,
            "sequence_id": 1,
            "section_id": "0",
            "activity_id": "0",
            "activity_kind": "dragdrop",
            "data": {
                "kind": "MousePressed",
                "what": "DD_sticker",
                "which": "R",
                "x": 472,
                "y": 463
            }
        },
        {
            "user_id": "toto est au labo",
            "session_id": "toto est au labo_1463142089113",
            "timestamp": 1463142065885,
            "sequence_id": 1,
            "section_id": "0",
            "activity_id": "0",
            "activity_kind": "dragdrop",
            "data": {
                "kind": "MouseReleased",
                "what": "DD_sticker",
                "which": "R",
                "x": 468,
                "y": 461
            }
        },
        {
            "user_id": "toto est au labo",
            "session_id": "toto est au labo_1463142089113",
            "timestamp": 1463142065905,
            "sequence_id": 1,
            "section_id": "0",
            "activity_id": "0",
            "activity_kind": "dragdrop",
            "data": {
                "kind": "Click",
                "what": "DD_sticker",
                "which": "R",
                "x": 468,
                "y": 461
            }
        },
        {
            "user_id": "toto est au labo",
            "session_id": "toto est au labo_1463142089113",
            "timestamp": 1463142066392,
            "sequence_id": 1,
            "section_id": "0",
            "activity_id": "0",
            "activity_kind": "dragdrop",
            "data": {
                "kind": "MousePressed",
                "what": "DD_sticker",
                "which": "R",
                "x": 476,
                "y": 464
            }
        },
        {
            "user_id": "toto est au labo",
            "session_id": "toto est au labo_1463142089113",
            "timestamp": 1463142066771,
            "sequence_id": 1,
            "section_id": "0",
            "activity_id": "0",
            "activity_kind": "dragdrop",
            "data": {
                "kind": "MouseReleased",
                "what": "main_pane",
                "which": "Les phases du cycle cellulaire",
                "x": 502,
                "y": 392
            }
        },
        {
            "user_id": "toto est au labo",
            "session_id": "toto est au labo_1463142089113",
            "timestamp": 1463142067189,
            "sequence_id": 1,
            "section_id": "0",
            "activity_id": "0",
            "activity_kind": "dragdrop",
            "data": {
                "kind": "MousePressed",
                "what": "DD_sticker",
                "which": "R",
                "x": 471,
                "y": 464
            }
        },
        {
            "user_id": "toto est au labo",
            "session_id": "toto est au labo_1463142089113",
            "timestamp": 1463142067604,
            "sequence_id": 1,
            "section_id": "0",
            "activity_id": "0",
            "activity_kind": "dragdrop",
            "data": {
                "kind": "MouseReleased",
                "what": "main_pane",
                "which": "Les phases du cycle cellulaire",
                "x": 387,
                "y": 394
            }
        },
        {
            "user_id": "toto est au labo",
            "session_id": "toto est au labo_1463142089113",
            "timestamp": 1463142068156,
            "sequence_id": 1,
            "section_id": "0",
            "activity_id": "0",
            "activity_kind": "dragdrop",
            "data": {
                "kind": "MousePressed",
                "what": "DD_sticker",
                "which": "R",
                "x": 473,
                "y": 461
            }
        },
        {
            "user_id": "toto est au labo",
            "session_id": "toto est au labo_1463142089113",
            "timestamp": 1463142068491,
            "sequence_id": 1,
            "section_id": "0",
            "activity_id": "0",
            "activity_kind": "dragdrop",
            "data": {
                "kind": "MouseReleased",
                "what": "main_pane",
                "which": "Les phases du cycle cellulaire",
                "x": 467,
                "y": 392
            }
        },
        {
            "user_id": "toto est au labo",
            "session_id": "toto est au labo_1463142089113",
            "timestamp": 1463142071287,
            "sequence_id": 1,
            "section_id": "0",
            "activity_id": "0",
            "activity_kind": "dragdrop",
            "data": {
                "kind": "MousePressed",
                "what": "DD_sticker",
                "which": "S",
                "x": 1160,
                "y": 243
            }
        },
        {
            "user_id": "toto est au labo",
            "session_id": "toto est au labo_1463142089113",
            "timestamp": 1463142072518,
            "sequence_id": 1,
            "section_id": "0",
            "activity_id": "0",
            "activity_kind": "dragdrop",
            "data": {
                "kind": "MouseReleased",
                "what": "DD_sticker",
                "which": "S",
                "x": 476,
                "y": 468
            }
        },
        {
            "user_id": "toto est au labo",
            "session_id": "toto est au labo_1463142089113",
            "timestamp": 1463142073173,
            "sequence_id": 1,
            "section_id": "0",
            "activity_id": "0",
            "activity_kind": "dragdrop",
            "data": {
                "kind": "MousePressed",
                "what": "DD_sticker",
                "which": "S",
                "x": 484,
                "y": 465
            }
        },
        {
            "user_id": "toto est au labo",
            "session_id": "toto est au labo_1463142089113",
            "timestamp": 1463142074471,
            "sequence_id": 1,
            "section_id": "0",
            "activity_id": "0",
            "activity_kind": "dragdrop",
            "data": {
                "kind": "MouseReleased",
                "what": "DD_sticker",
                "which": "S",
                "x": 496,
                "y": 449
            }
        },
        {
            "user_id": "toto est au labo",
            "session_id": "toto est au labo_1463142089113",
            "timestamp": 1463142074491,
            "sequence_id": 1,
            "section_id": "0",
            "activity_id": "0",
            "activity_kind": "dragdrop",
            "data": {
                "kind": "Click",
                "what": "main_pane",
                "which": "Les phases du cycle cellulaire",
                "x": 496,
                "y": 449
            }
        },
        {
            "user_id": "toto est au labo",
            "session_id": "toto est au labo_1463142089113",
            "timestamp": 1463142075036,
            "sequence_id": 1,
            "section_id": "0",
            "activity_id": "0",
            "activity_kind": "dragdrop",
            "data": {
                "kind": "MousePressed",
                "what": "DD_sticker",
                "which": "S",
                "x": 473,
                "y": 466
            }
        },
        {
            "user_id": "toto est au labo",
            "session_id": "toto est au labo_1463142089113",
            "timestamp": 1463142075411,
            "sequence_id": 1,
            "section_id": "0",
            "activity_id": "0",
            "activity_kind": "dragdrop",
            "data": {
                "kind": "MouseReleased",
                "what": "main_pane",
                "which": "Les phases du cycle cellulaire",
                "x": 520,
                "y": 414
            }
        },
        {
            "user_id": "toto est au labo",
            "session_id": "toto est au labo_1463142089113",
            "timestamp": 1463142075756,
            "sequence_id": 1,
            "section_id": "0",
            "activity_id": "0",
            "activity_kind": "dragdrop",
            "data": {
                "kind": "MousePressed",
                "what": "DD_sticker",
                "which": "S",
                "x": 477,
                "y": 461
            }
        },
        {
            "user_id": "toto est au labo",
            "session_id": "toto est au labo_1463142089113",
            "timestamp": 1463142075876,
            "sequence_id": 1,
            "section_id": "0",
            "activity_id": "0",
            "activity_kind": "dragdrop",
            "data": {
                "kind": "MouseReleased",
                "what": "main_pane",
                "which": "Les phases du cycle cellulaire",
                "x": 532,
                "y": 462
            }
        },
        {
            "user_id": "toto est au labo",
            "session_id": "toto est au labo_1463142089113",
            "timestamp": 1463142076540,
            "sequence_id": 1,
            "section_id": "0",
            "activity_id": "0",
            "activity_kind": "dragdrop",
            "data": {
                "kind": "MousePressed",
                "what": "reset_btn",
                "which": "Les phases du cycle cellulaire",
                "x": 779,
                "y": 684
            }
        },
        {
            "user_id": "toto est au labo",
            "session_id": "toto est au labo_1463142089113",
            "timestamp": 1463142076595,
            "sequence_id": 1,
            "section_id": "0",
            "activity_id": "0",
            "activity_kind": "dragdrop",
            "data": {
                "kind": "MouseReleased",
                "what": "reset_btn",
                "which": "Les phases du cycle cellulaire",
                "x": 779,
                "y": 684
            }
        },
        {
            "user_id": "toto est au labo",
            "session_id": "toto est au labo_1463142089113",
            "timestamp": 1463142076612,
            "sequence_id": 1,
            "section_id": "0",
            "activity_id": "0",
            "activity_kind": "dragdrop",
            "data": {
                "kind": "Click",
                "what": "reset_btn",
                "which": "Les phases du cycle cellulaire",
                "x": 779,
                "y": 684
            }
        },
        {
            "user_id": "toto est au labo",
            "session_id": "toto est au labo_1463142089113",
            "timestamp": 1463142078487,
            "sequence_id": 1,
            "section_id": "0",
            "activity_id": "0",
            "activity_kind": "dragdrop",
            "data": {
                "kind": "MousePressed",
                "what": "DD_sticker",
                "which": "S",
                "x": 1159,
                "y": 241
            }
        },
        {
            "user_id": "toto est au labo",
            "session_id": "toto est au labo_1463142089113",
            "timestamp": 1463142080828,
            "sequence_id": 1,
            "section_id": "0",
            "activity_id": "0",
            "activity_kind": "dragdrop",
            "data": {
                "kind": "MouseReleased",
                "what": "DD_sticker",
                "which": "S",
                "x": 476,
                "y": 466
            }
        },
        {
            "user_id": "toto est au labo",
            "session_id": "toto est au labo_1463142089113",
            "timestamp": 1463142083453,
            "sequence_id": 1,
            "section_id": "0",
            "activity_id": "0",
            "activity_kind": "dragdrop",
            "data": {
                "kind": "MousePressed",
                "what": "DD_sticker",
                "which": "S",
                "x": 477,
                "y": 466
            }
        },
        {
            "user_id": "toto est au labo",
            "session_id": "toto est au labo_1463142089113",
            "timestamp": 1463142083813,
            "sequence_id": 1,
            "section_id": "0",
            "activity_id": "0",
            "activity_kind": "dragdrop",
            "data": {
                "kind": "MouseReleased",
                "what": "DD_sticker",
                "which": "S",
                "x": 515,
                "y": 411
            }
        },
        {
            "user_id": "toto est au labo",
            "session_id": "toto est au labo_1463142089113",
            "timestamp": 1463142084565,
            "sequence_id": 1,
            "section_id": "0",
            "activity_id": "0",
            "activity_kind": "dragdrop",
            "data": {
                "kind": "MousePressed",
                "what": "DD_sticker",
                "which": "S",
                "x": 474,
                "y": 473
            }
        },
        {
            "user_id": "toto est au labo",
            "session_id": "toto est au labo_1463142089113",
            "timestamp": 1463142085037,
            "sequence_id": 1,
            "section_id": "0",
            "activity_id": "0",
            "activity_kind": "dragdrop",
            "data": {
                "kind": "MouseReleased",
                "what": "DD_sticker",
                "which": "S",
                "x": 514,
                "y": 416
            }
        },
        {
            "user_id": "toto est au labo",
            "session_id": "toto est au labo_1463142089113",
            "timestamp": 1463142085705,
            "sequence_id": 1,
            "section_id": "0",
            "activity_id": "0",
            "activity_kind": "dragdrop",
            "data": {
                "kind": "MousePressed",
                "what": "DD_sticker",
                "which": "S",
                "x": 481,
                "y": 463
            }
        },
        {
            "user_id": "toto est au labo",
            "session_id": "toto est au labo_1463142089113",
            "timestamp": 1463142086413,
            "sequence_id": 1,
            "section_id": "0",
            "activity_id": "0",
            "activity_kind": "dragdrop",
            "data": {
                "kind": "MouseReleased",
                "what": "DD_sticker",
                "which": "S",
                "x": 483,
                "y": 460
            }
        },
        {
            "user_id": "toto est au labo",
            "session_id": "toto est au labo_1463142089113",
            "timestamp": 1463142086440,
            "sequence_id": 1,
            "section_id": "0",
            "activity_id": "0",
            "activity_kind": "dragdrop",
            "data": {
                "kind": "Click",
                "what": "DD_sticker",
                "which": "S",
                "x": 483,
                "y": 460
            }
        },
        {
            "user_id": "toto est au labo",
            "session_id": "toto est au labo_1463142089113",
            "timestamp": 1463142086788,
            "sequence_id": 1,
            "section_id": "0",
            "activity_id": "0",
            "activity_kind": "dragdrop",
            "data": {
                "kind": "MousePressed",
                "what": "DD_sticker",
                "which": "S",
                "x": 478,
                "y": 471
            }
        },
        {
            "user_id": "toto est au labo",
            "session_id": "toto est au labo_1463142089113",
            "timestamp": 1463142087132,
            "sequence_id": 1,
            "section_id": "0",
            "activity_id": "0",
            "activity_kind": "dragdrop",
            "data": {
                "kind": "MouseReleased",
                "what": "main_pane",
                "which": "Les phases du cycle cellulaire",
                "x": 499,
                "y": 424
            }
        },
        {
            "user_id": "toto est au labo",
            "session_id": "toto est au labo_1463142089113",
            "timestamp": 1463142114625,
            "sequence_id": 1,
            "section_id": "0",
            "activity_id": "0",
            "activity_kind": "dragdrop",
            "data": {
                "kind": "MousePressed",
                "what": "DD_sticker",
                "which": "S",
                "x": 469,
                "y": 465
            }
        },
        {
            "user_id": "toto est au labo",
            "session_id": "toto est au labo_1463142089113",
            "timestamp": 1463142114908,
            "sequence_id": 1,
            "section_id": "0",
            "activity_id": "0",
            "activity_kind": "dragdrop",
            "data": {
                "kind": "MouseReleased",
                "what": "main_pane",
                "which": "Les phases du cycle cellulaire",
                "x": 572,
                "y": 415
            }
        },
        {
            "user_id": "toto est au labo",
            "session_id": "toto est au labo_1463142089113",
            "timestamp": 1463142131565,
            "sequence_id": 1,
            "section_id": "0",
            "activity_id": "0",
            "activity_kind": "dragdrop",
            "data": {
                "kind": "MousePressed",
                "what": "DD_sticker",
                "which": "S",
                "x": 469,
                "y": 462
            }
        },
        {
            "user_id": "toto est au labo",
            "session_id": "toto est au labo_1463142089113",
            "timestamp": 1463142131772,
            "sequence_id": 1,
            "section_id": "0",
            "activity_id": "0",
            "activity_kind": "dragdrop",
            "data": {
                "kind": "MouseReleased",
                "what": "main_pane",
                "which": "Les phases du cycle cellulaire",
                "x": 601,
                "y": 408
            }
        },
        {
            "user_id": "toto est au labo",
            "session_id": "toto est au labo_1463142089113",
            "timestamp": 1463142155629,
            "sequence_id": 1,
            "section_id": "0",
            "activity_id": "0",
            "activity_kind": "dragdrop",
            "data": {
                "kind": "MousePressed",
                "what": "DD_sticker",
                "which": "S",
                "x": 479,
                "y": 471
            }
        },
        {
            "user_id": "toto est au labo",
            "session_id": "toto est au labo_1463142089113",
            "timestamp": 1463142156544,
            "sequence_id": 1,
            "section_id": "0",
            "activity_id": "0",
            "activity_kind": "dragdrop",
            "data": {
                "kind": "MouseReleased",
                "what": "main_pane",
                "which": "Les phases du cycle cellulaire",
                "x": 640,
                "y": 484
            }
        },
        {
            "user_id": "toto est au labo",
            "session_id": "toto est au labo_1463142089113",
            "timestamp": 1463142519507,
            "sequence_id": 1,
            "section_id": "0",
            "activity_id": "0",
            "activity_kind": "dragdrop",
            "data": {
                "kind": "MousePressed",
                "what": "correct_btn",
                "which": "Les phases du cycle cellulaire",
                "x": 1231,
                "y": 689
            }
        },
        {
            "user_id": "toto est au labo",
            "session_id": "toto est au labo_1463142089113",
            "timestamp": 1463142519579,
            "sequence_id": 1,
            "section_id": "0",
            "activity_id": "0",
            "activity_kind": "dragdrop",
            "data": {
                "kind": "MouseReleased",
                "what": "correct_btn",
                "which": "Les phases du cycle cellulaire",
                "x": 1230,
                "y": 689
            }
        },
        {
            "user_id": "toto est au labo",
            "session_id": "toto est au labo_1463142089113",
            "timestamp": 1463142519611,
            "sequence_id": 1,
            "section_id": "0",
            "activity_id": "0",
            "activity_kind": "dragdrop",
            "data": {
                "kind": "Click",
                "what": "correct_btn",
                "which": "Les phases du cycle cellulaire",
                "x": 1230,
                "y": 689
            }
        },
        {
            "user_id": "toto est au labo",
            "session_id": "toto est au labo_1463142089113",
            "timestamp": 1463142519868,
            "sequence_id": 1,
            "section_id": "0",
            "activity_id": "0",
            "activity_kind": "dragdrop",
            "data": {
                "kind": "MousePressed",
                "what": "correct_btn",
                "which": "Les phases du cycle cellulaire",
                "x": 1230,
                "y": 696
            }
        },
        {
            "user_id": "toto est au labo",
            "session_id": "toto est au labo_1463142089113",
            "timestamp": 1463142519938,
            "sequence_id": 1,
            "section_id": "0",
            "activity_id": "0",
            "activity_kind": "dragdrop",
            "data": {
                "kind": "MouseReleased",
                "what": "correct_btn",
                "which": "Les phases du cycle cellulaire",
                "x": 1230,
                "y": 696
            }
        },
        {
            "user_id": "toto est au labo",
            "session_id": "toto est au labo_1463142089113",
            "timestamp": 1463142519956,
            "sequence_id": 1,
            "section_id": "0",
            "activity_id": "0",
            "activity_kind": "dragdrop",
            "data": {
                "kind": "Click",
                "what": "correct_btn",
                "which": "Les phases du cycle cellulaire",
                "x": 1230,
                "y": 696
            }
        },
        {
            "user_id": "toto est au labo",
            "session_id": "toto est au labo_1463142089113",
            "timestamp": 1463142520083,
            "sequence_id": 1,
            "section_id": "0",
            "activity_id": "0",
            "activity_kind": "dragdrop",
            "data": {
                "kind": "MousePressed",
                "what": "correct_btn",
                "which": "Les phases du cycle cellulaire",
                "x": 1230,
                "y": 696
            }
        },
        {
            "user_id": "toto est au labo",
            "session_id": "toto est au labo_1463142089113",
            "timestamp": 1463142520141,
            "sequence_id": 1,
            "section_id": "0",
            "activity_id": "0",
            "activity_kind": "dragdrop",
            "data": {
                "kind": "MouseReleased",
                "what": "correct_btn",
                "which": "Les phases du cycle cellulaire",
                "x": 1230,
                "y": 696
            }
        },
        {
            "user_id": "toto est au labo",
            "session_id": "toto est au labo_1463142089113",
            "timestamp": 1463142520160,
            "sequence_id": 1,
            "section_id": "0",
            "activity_id": "0",
            "activity_kind": "dragdrop",
            "data": {
                "kind": "Click",
                "what": "correct_btn",
                "which": "Les phases du cycle cellulaire",
                "x": 1230,
                "y": 696
            }
        },
        {
            "user_id": "toto est au labo",
            "session_id": "toto est au labo_1463142089113",
            "timestamp": 1463142520252,
            "sequence_id": 1,
            "section_id": "0",
            "activity_id": "0",
            "activity_kind": "dragdrop",
            "data": {
                "kind": "MousePressed",
                "what": "next_btn",
                "which": "Les phases du cycle cellulaire",
                "x": 1230,
                "y": 696
            }
        },
        {
            "user_id": "toto est au labo",
            "session_id": "toto est au labo_1463142089113",
            "timestamp": 1463142520306,
            "sequence_id": 1,
            "section_id": "0",
            "activity_id": "0",
            "activity_kind": "dragdrop",
            "data": {
                "kind": "MouseReleased",
                "what": "next_btn",
                "which": "Les phases du cycle cellulaire",
                "x": 1230,
                "y": 696
            }
        },
        {
            "user_id": "toto est au labo",
            "session_id": "toto est au labo_1463142089113",
            "timestamp": 1463142520393,
            "sequence_id": 1,
            "section_id": "0",
            "activity_id": "0",
            "activity_kind": "dragdrop",
            "data": {
                "kind": "MousePressed",
                "what": "next_btn",
                "which": "Les phases du cycle cellulaire",
                "x": 1230,
                "y": 696
            }
        },
        {
            "user_id": "toto est au labo",
            "session_id": "toto est au labo_1463142089113",
            "timestamp": 1463142520473,
            "sequence_id": 1,
            "section_id": "0",
            "activity_id": "0",
            "activity_kind": "dragdrop",
            "data": {
                "kind": "MouseReleased",
                "what": "next_btn",
                "which": "Les phases du cycle cellulaire",
                "x": 1230,
                "y": 696
            }
        },
        {
            "user_id": "toto est au labo",
            "session_id": "toto est au labo_1463142089113",
            "timestamp": 1463142520513,
            "sequence_id": 1,
            "section_id": "0",
            "activity_id": "0",
            "activity_kind": "dragdrop",
            "data": {
                "kind": "Click",
                "what": "next_btn",
                "which": "Les phases du cycle cellulaire",
                "x": 1230,
                "y": 696
            }
        },
        {
            "user_id": "toto est au labo",
            "session_id": "toto est au labo_1463142089113",
            "timestamp": 1463142520599,
            "sequence_id": 1,
            "section_id": "0",
            "activity_id": "0",
            "activity_kind": "dragdrop",
            "data": {
                "kind": "MousePressed",
                "what": "next_btn",
                "which": "Les phases du cycle cellulaire",
                "x": 1230,
                "y": 696
            }
        },
        {
            "user_id": "toto est au labo",
            "session_id": "toto est au labo_1463142089113",
            "timestamp": 1463142520658,
            "sequence_id": 1,
            "section_id": "0",
            "activity_id": "0",
            "activity_kind": "dragdrop",
            "data": {
                "kind": "MouseReleased",
                "what": "next_btn",
                "which": "Les phases du cycle cellulaire",
                "x": 1230,
                "y": 696
            }
        },
        {
            "user_id": "toto est au labo",
            "session_id": "toto est au labo_1463142089113",
            "timestamp": 1463142520687,
            "sequence_id": 1,
            "section_id": "0",
            "activity_id": "0",
            "activity_kind": "transition",
            "data": {
                "kind": "Click",
                "what": "next_btn",
                "which": "Les phases du cycle cellulaire",
                "x": 1230,
                "y": 696
            }
        },
        {
            "user_id": "toto est au labo",
            "session_id": "toto est au labo_1463142089113",
            "timestamp": 1463142521954,
            "sequence_id": 1,
            "section_id": "1",
            "activity_id": "-1",
            "activity_kind": "dragdrop",
            "data": {
                "kind": "Click",
                "what": "next_btn",
                "which": "hypothesis",
                "x": 1230,
                "y": 692
            }
        },
        {
            "user_id": "toto est au labo",
            "session_id": "toto est au labo_1463142089113",
            "timestamp": 1463142527242,
            "sequence_id": 1,
            "section_id": "1",
            "activity_id": "0",
            "activity_kind": "dragdrop",
            "data": {
                "kind": "MousePressed",
                "what": "next_btn",
                "which": "La durée des phases du cycle cellulaire",
                "x": 1234,
                "y": 685
            }
        },
        {
            "user_id": "toto est au labo",
            "session_id": "toto est au labo_1463142089113",
            "timestamp": 1463142527322,
            "sequence_id": 1,
            "section_id": "1",
            "activity_id": "0",
            "activity_kind": "dragdrop",
            "data": {
                "kind": "MouseReleased",
                "what": "next_btn",
                "which": "La durée des phases du cycle cellulaire",
                "x": 1233,
                "y": 685
            }
        },
        {
            "user_id": "toto est au labo",
            "session_id": "toto est au labo_1463142089113",
            "timestamp": 1463142527343,
            "sequence_id": 1,
            "section_id": "1",
            "activity_id": "0",
            "activity_kind": "dragdrop",
            "data": {
                "kind": "Click",
                "what": "next_btn",
                "which": "La durée des phases du cycle cellulaire",
                "x": 1233,
                "y": 685
            }
        },
        {
            "user_id": "toto est au labo",
            "session_id": "toto est au labo_1463142089113",
            "timestamp": 1463142527874,
            "sequence_id": 1,
            "section_id": "1",
            "activity_id": "0",
            "activity_kind": "dragdrop",
            "data": {
                "kind": "MousePressed",
                "what": "next_btn",
                "which": "La durée des phases du cycle cellulaire",
                "x": 1233,
                "y": 683
            }
        },
        {
            "user_id": "toto est au labo",
            "session_id": "toto est au labo_1463142089113",
            "timestamp": 1463142527945,
            "sequence_id": 1,
            "section_id": "1",
            "activity_id": "0",
            "activity_kind": "dragdrop",
            "data": {
                "kind": "MouseReleased",
                "what": "next_btn",
                "which": "La durée des phases du cycle cellulaire",
                "x": 1233,
                "y": 683
            }
        },
        {
            "user_id": "toto est au labo",
            "session_id": "toto est au labo_1463142089113",
            "timestamp": 1463142527991,
            "sequence_id": 1,
            "section_id": "1",
            "activity_id": "0",
            "activity_kind": "curvetest",
            "data": {
                "kind": "Click",
                "what": "next_btn",
                "which": "La durée des phases du cycle cellulaire",
                "x": 1233,
                "y": 683
            }
        },
        {
            "user_id": "toto est au labo",
            "session_id": "toto est au labo_1463142089113",
            "timestamp": 1463142529279,
            "sequence_id": 1,
            "section_id": "1",
            "activity_id": "1",
            "activity_kind": "curvetest",
            "data": {
                "kind": "Click",
                "what": "next_btn",
                "which": "Courbe de croissance dans des conditions optimales",
                "x": 1226,
                "y": 685
            }
        },
        {
            "user_id": "toto est au labo",
            "session_id": "toto est au labo_1463142089113",
            "timestamp": 1463142529806,
            "sequence_id": 1,
            "section_id": "1",
            "activity_id": "1",
            "activity_kind": "transition",
            "data": {
                "kind": "Click",
                "what": "next_btn",
                "which": "Courbe de croissance dans des conditions optimales",
                "x": 1226,
                "y": 685
            }
        },
        {
            "user_id": "toto est au labo",
            "session_id": "toto est au labo_1463142089113",
            "timestamp": 1463142531081,
            "sequence_id": 1,
            "section_id": "2",
            "activity_id": "-1",
            "activity_kind": "transition",
            "data": {
                "kind": "Click",
                "what": "next_btn",
                "which": "protocol",
                "x": 1226,
                "y": 685
            }
        },
        {
            "user_id": "toto est au labo",
            "session_id": "toto est au labo_1463142089113",
            "timestamp": 1463142532274,
            "sequence_id": 1,
            "section_id": "2",
            "activity_id": "0",
            "activity_kind": "transition",
            "data": {
                "kind": "Click",
                "what": "next_btn",
                "which": "Planification du protocole expérimental",
                "x": 1226,
                "y": 685
            }
        },
        {
            "user_id": "toto est au labo",
            "session_id": "toto est au labo_1463142089113",
            "timestamp": 1463142533654,
            "sequence_id": 1,
            "section_id": "2",
            "activity_id": "1",
            "activity_kind": "counttest",
            "data": {
                "kind": "Click",
                "what": "next_btn",
                "which": "Nombres de boîtes de Pétri",
                "x": 1226,
                "y": 685
            }
        },
        {
            "user_id": "toto est au labo",
            "session_id": "toto est au labo_1463142089113",
            "timestamp": 1463142536771,
            "sequence_id": 1,
            "section_id": "2",
            "activity_id": "2",
            "activity_kind": "counttest",
            "data": {
                "kind": "Click",
                "what": "correct_btn",
                "which": "Comptage",
                "x": 1229,
                "y": 686
            }
        },
        {
            "user_id": "toto est au labo",
            "session_id": "toto est au labo_1463142089113",
            "timestamp": 1463142829068,
            "sequence_id": 1,
            "section_id": "2",
            "activity_id": "2",
            "activity_kind": "counttest",
            "data": {
                "kind": "Click",
                "what": "correct_btn",
                "which": "Comptage",
                "x": 1225,
                "y": 682
            }
        },
        {
            "user_id": "toto est au labo",
            "session_id": "toto est au labo_1463142089113",
            "timestamp": 1463142829932,
            "sequence_id": 1,
            "section_id": "2",
            "activity_id": "2",
            "activity_kind": "counttest",
            "data": {
                "kind": "Click",
                "what": "correct_btn",
                "which": "Comptage",
                "x": 1235,
                "y": 695
            }
        },
        {
            "user_id": "toto est au labo",
            "session_id": "toto est au labo_1463142089113",
            "timestamp": 1463142830972,
            "sequence_id": 1,
            "section_id": "2",
            "activity_id": "2",
            "activity_kind": "counttest",
            "data": {
                "kind": "Click",
                "what": "next_btn",
                "which": "Comptage",
                "x": 1236,
                "y": 694
            }
        },
        {
            "user_id": "toto est au labo",
            "session_id": "toto est au labo_1463142089113",
            "timestamp": 1463142832309,
            "sequence_id": 1,
            "section_id": "2",
            "activity_id": "2",
            "activity_kind": "input",
            "data": {
                "kind": "Click",
                "what": "next_btn",
                "which": "Comptage",
                "x": 1228,
                "y": 696
            }
        },
        {
            "user_id": "toto est au labo",
            "session_id": "toto est au labo_1463142089113",
            "timestamp": 1463143994301,
            "sequence_id": 1,
            "section_id": 2,
            "activity_id": 3,
            "activity_kind": "input",
            "data": {
                "kind": "Click",
                "what": "interface_pane",
                "which": "iconbar_wrapper",
                "x": 276,
                "y": 52
            }
        },
        {
            "user_id": "toto est au labo",
            "session_id": "toto est au labo_1463142089113",
            "timestamp": 1463144560621,
            "sequence_id": 1,
            "section_id": 2,
            "activity_id": 3,
            "activity_kind": "input",
            "data": {
                "kind": "Click",
                "what": "outer_pane",
                "which": "body",
                "x": 499,
                "y": 793
            }
        }
    ]
}