{
    "events": [
        {
            "user_id": "tst",
            "session_id": "tst_1474291716560",
            "timestamp": 1474278857661,
            "sequence_id": 1,
            "section_id": 0,
            "activity_id": -1,
            "activity_kind": "transition",
            "data": {
                "kind": "Click",
                "what": "interface_pane",
                "which": "iconbar_wrapper",
                "x": 353,
                "y": 98
            }
        },
        {
            "user_id": "tst",
            "session_id": "tst_1474291716560",
            "timestamp": 1474278865634,
            "sequence_id": 1,
            "section_id": "0",
            "activity_id": "-1",
            "activity_kind": "transition",
            "data": {
                "kind": "Click",
                "what": "transition_pane",
                "which": "requirement",
                "x": 1215,
                "y": 337
            }
        },
        {
            "user_id": "tst",
            "session_id": "tst_1474291716560",
            "timestamp": 1474278866905,
            "sequence_id": 1,
            "section_id": "0",
            "activity_id": "-1",
            "activity_kind": "dragdrop",
            "data": {
                "kind": "Click",
                "what": "next_btn",
                "which": "requirements",
                "x": 1403,
                "y": 687
            }
        },
        {
            "user_id": "tst",
            "session_id": "tst_1474291716560",
            "timestamp": 1474278867905,
            "sequence_id": 1,
            "section_id": "0",
            "activity_id": "0",
            "activity_kind": "dragdrop",
            "data": {
                "kind": "MousePressed",
                "what": "correct_btn",
                "which": "Les phases du cycle cellulaire",
                "x": 1403,
                "y": 687
            }
        },
        {
            "user_id": "tst",
            "session_id": "tst_1474291716560",
            "timestamp": 1474278868012,
            "sequence_id": 1,
            "section_id": "0",
            "activity_id": "0",
            "activity_kind": "dragdrop",
            "data": {
                "kind": "MouseReleased",
                "what": "correct_btn",
                "which": "Les phases du cycle cellulaire",
                "x": 1403,
                "y": 687
            }
        },
        {
            "user_id": "tst",
            "session_id": "tst_1474291716560",
            "timestamp": 1474278868025,
            "sequence_id": 1,
            "section_id": "0",
            "activity_id": "0",
            "activity_kind": "dragdrop",
            "data": {
                "kind": "Click",
                "what": "correct_btn",
                "which": "Les phases du cycle cellulaire",
                "x": 1403,
                "y": 687
            }
        },
        {
            "user_id": "tst",
            "session_id": "tst_1474291716560",
            "timestamp": 1474278868291,
            "sequence_id": 1,
            "section_id": "0",
            "activity_id": "0",
            "activity_kind": "dragdrop",
            "data": {
                "kind": "MousePressed",
                "what": "correct_btn",
                "which": "Les phases du cycle cellulaire",
                "x": 1403,
                "y": 687
            }
        },
        {
            "user_id": "tst",
            "session_id": "tst_1474291716560",
            "timestamp": 1474278868384,
            "sequence_id": 1,
            "section_id": "0",
            "activity_id": "0",
            "activity_kind": "dragdrop",
            "data": {
                "kind": "MouseReleased",
                "what": "correct_btn",
                "which": "Les phases du cycle cellulaire",
                "x": 1403,
                "y": 687
            }
        },
        {
            "user_id": "tst",
            "session_id": "tst_1474291716560",
            "timestamp": 1474278868396,
            "sequence_id": 1,
            "section_id": "0",
            "activity_id": "0",
            "activity_kind": "dragdrop",
            "data": {
                "kind": "Click",
                "what": "correct_btn",
                "which": "Les phases du cycle cellulaire",
                "x": 1403,
                "y": 687
            }
        },
        {
            "user_id": "tst",
            "session_id": "tst_1474291716560",
            "timestamp": 1474278868580,
            "sequence_id": 1,
            "section_id": "0",
            "activity_id": "0",
            "activity_kind": "dragdrop",
            "data": {
                "kind": "MouseReleased",
                "what": "correct_btn",
                "which": "Les phases du cycle cellulaire",
                "x": 1403,
                "y": 687
            }
        },
        {
            "user_id": "tst",
            "session_id": "tst_1474291716560",
            "timestamp": 1474278868591,
            "sequence_id": 1,
            "section_id": "0",
            "activity_id": "0",
            "activity_kind": "dragdrop",
            "data": {
                "kind": "Click",
                "what": "correct_btn",
                "which": "Les phases du cycle cellulaire",
                "x": 1403,
                "y": 687
            }
        },
        {
            "user_id": "tst",
            "session_id": "tst_1474291716560",
            "timestamp": 1474278869198,
            "sequence_id": 1,
            "section_id": "0",
            "activity_id": "0",
            "activity_kind": "dragdrop",
            "data": {
                "kind": "MousePressed",
                "what": "next_btn",
                "which": "Les phases du cycle cellulaire",
                "x": 1403,
                "y": 687
            }
        },
        {
            "user_id": "tst",
            "session_id": "tst_1474291716560",
            "timestamp": 1474278869320,
            "sequence_id": 1,
            "section_id": "0",
            "activity_id": "0",
            "activity_kind": "dragdrop",
            "data": {
                "kind": "MouseReleased",
                "what": "next_btn",
                "which": "Les phases du cycle cellulaire",
                "x": 1403,
                "y": 687
            }
        },
        {
            "user_id": "tst",
            "session_id": "tst_1474291716560",
            "timestamp": 1474278869341,
            "sequence_id": 1,
            "section_id": "0",
            "activity_id": "0",
            "activity_kind": "dragdrop",
            "data": {
                "kind": "Click",
                "what": "next_btn",
                "which": "Les phases du cycle cellulaire",
                "x": 1403,
                "y": 687
            }
        },
        {
            "user_id": "tst",
            "session_id": "tst_1474291716560",
            "timestamp": 1474278870372,
            "sequence_id": 1,
            "section_id": "0",
            "activity_id": "0",
            "activity_kind": "dragdrop",
            "data": {
                "kind": "MousePressed",
                "what": "next_btn",
                "which": "Les phases du cycle cellulaire",
                "x": 1403,
                "y": 687
            }
        },
        {
            "user_id": "tst",
            "session_id": "tst_1474291716560",
            "timestamp": 1474278870504,
            "sequence_id": 1,
            "section_id": "0",
            "activity_id": "0",
            "activity_kind": "transition",
            "data": {
                "kind": "Click",
                "what": "next_btn",
                "which": "Les phases du cycle cellulaire",
                "x": 1403,
                "y": 687
            }
        },
        {
            "user_id": "tst",
            "session_id": "tst_1474291716560",
            "timestamp": 1474278870481,
            "sequence_id": 1,
            "section_id": "0",
            "activity_id": "0",
            "activity_kind": "dragdrop",
            "data": {
                "kind": "MouseReleased",
                "what": "next_btn",
                "which": "Les phases du cycle cellulaire",
                "x": 1403,
                "y": 687
            }
        },
        {
            "user_id": "tst",
            "session_id": "tst_1474291716560",
            "timestamp": 1474278871472,
            "sequence_id": 1,
            "section_id": "1",
            "activity_id": "-1",
            "activity_kind": "dragdrop",
            "data": {
                "kind": "Click",
                "what": "next_btn",
                "which": "hypothesis",
                "x": 1403,
                "y": 687
            }
        },
        {
            "user_id": "tst",
            "session_id": "tst_1474291716560",
            "timestamp": 1474278872437,
            "sequence_id": 1,
            "section_id": "1",
            "activity_id": "0",
            "activity_kind": "dragdrop",
            "data": {
                "kind": "MousePressed",
                "what": "next_btn",
                "which": "La durée des phases du cycle cellulaire",
                "x": 1403,
                "y": 687
            }
        },
        {
            "user_id": "tst",
            "session_id": "tst_1474291716560",
            "timestamp": 1474278872567,
            "sequence_id": 1,
            "section_id": "1",
            "activity_id": "0",
            "activity_kind": "dragdrop",
            "data": {
                "kind": "MouseReleased",
                "what": "next_btn",
                "which": "La durée des phases du cycle cellulaire",
                "x": 1403,
                "y": 687
            }
        },
        {
            "user_id": "tst",
            "session_id": "tst_1474291716560",
            "timestamp": 1474278872593,
            "sequence_id": 1,
            "section_id": "1",
            "activity_id": "0",
            "activity_kind": "dragdrop",
            "data": {
                "kind": "Click",
                "what": "next_btn",
                "which": "La durée des phases du cycle cellulaire",
                "x": 1403,
                "y": 687
            }
        },
        {
            "user_id": "tst",
            "session_id": "tst_1474291716560",
            "timestamp": 1474278872606,
            "sequence_id": 1,
            "section_id": "1",
            "activity_id": "0",
            "activity_kind": "dragdrop",
            "data": {
                "kind": "MousePressed",
                "what": "next_btn",
                "which": "La durée des phases du cycle cellulaire",
                "x": 1403,
                "y": 687
            }
        },
        {
            "user_id": "tst",
            "session_id": "tst_1474291716560",
            "timestamp": 1474278872704,
            "sequence_id": 1,
            "section_id": "1",
            "activity_id": "0",
            "activity_kind": "dragdrop",
            "data": {
                "kind": "MouseReleased",
                "what": "next_btn",
                "which": "La durée des phases du cycle cellulaire",
                "x": 1403,
                "y": 687
            }
        },
        {
            "user_id": "tst",
            "session_id": "tst_1474291716560",
            "timestamp": 1474278872747,
            "sequence_id": 1,
            "section_id": "1",
            "activity_id": "0",
            "activity_kind": "curvetest",
            "data": {
                "kind": "Click",
                "what": "next_btn",
                "which": "La durée des phases du cycle cellulaire",
                "x": 1403,
                "y": 687
            }
        },
        {
            "user_id": "tst",
            "session_id": "tst_1474291716560",
            "timestamp": 1474278888408,
            "sequence_id": 1,
            "section_id": "1",
            "activity_id": "1",
            "activity_kind": "curvetest",
            "data": {
                "kind": "Click",
                "what": "next_btn",
                "which": "Courbe de croissance dans des conditions optimales",
                "x": 1429,
                "y": 689
            }
        },
        {
            "user_id": "tst",
            "session_id": "tst_1474291716560",
            "timestamp": 1474278889106,
            "sequence_id": 1,
            "section_id": "1",
            "activity_id": "1",
            "activity_kind": "transition",
            "data": {
                "kind": "Click",
                "what": "next_btn",
                "which": "Courbe de croissance dans des conditions optimales",
                "x": 1429,
                "y": 689
            }
        },
        {
            "user_id": "tst",
            "session_id": "tst_1474291716560",
            "timestamp": 1474278890139,
            "sequence_id": 1,
            "section_id": "2",
            "activity_id": "-1",
            "activity_kind": "transition",
            "data": {
                "kind": "Click",
                "what": "next_btn",
                "which": "protocol",
                "x": 1429,
                "y": 689
            }
        },
        {
            "user_id": "tst",
            "session_id": "tst_1474291716560",
            "timestamp": 1474278891171,
            "sequence_id": 1,
            "section_id": "2",
            "activity_id": "0",
            "activity_kind": "transition",
            "data": {
                "kind": "Click",
                "what": "next_btn",
                "which": "Planification du protocole expérimental",
                "x": 1429,
                "y": 689
            }
        },
        {
            "user_id": "tst",
            "session_id": "tst_1474291716560",
            "timestamp": 1474278892146,
            "sequence_id": 1,
            "section_id": "2",
            "activity_id": "1",
            "activity_kind": "counttest",
            "data": {
                "kind": "Click",
                "what": "next_btn",
                "which": "Nombres de boîtes de Pétri",
                "x": 1429,
                "y": 689
            }
        },
        {
            "user_id": "tst",
            "session_id": "tst_1474291716560",
            "timestamp": 1474278893252,
            "sequence_id": 1,
            "section_id": "2",
            "activity_id": "2",
            "activity_kind": "counttest",
            "data": {
                "kind": "Click",
                "what": "correct_btn",
                "which": "Comptage",
                "x": 1429,
                "y": 689
            }
        },
        {
            "user_id": "tst",
            "session_id": "tst_1474291716560",
            "timestamp": 1474278893626,
            "sequence_id": 1,
            "section_id": "2",
            "activity_id": "2",
            "activity_kind": "counttest",
            "data": {
                "kind": "Click",
                "what": "correct_btn",
                "which": "Comptage",
                "x": 1429,
                "y": 689
            }
        },
        {
            "user_id": "tst",
            "session_id": "tst_1474291716560",
            "timestamp": 1474278893807,
            "sequence_id": 1,
            "section_id": "2",
            "activity_id": "2",
            "activity_kind": "counttest",
            "data": {
                "kind": "Click",
                "what": "correct_btn",
                "which": "Comptage",
                "x": 1429,
                "y": 689
            }
        },
        {
            "user_id": "tst",
            "session_id": "tst_1474291716560",
            "timestamp": 1474278894504,
            "sequence_id": 1,
            "section_id": "2",
            "activity_id": "2",
            "activity_kind": "counttest",
            "data": {
                "kind": "Click",
                "what": "next_btn",
                "which": "Comptage",
                "x": 1429,
                "y": 689
            }
        },
        {
            "user_id": "tst",
            "session_id": "tst_1474291716560",
            "timestamp": 1474278895610,
            "sequence_id": 1,
            "section_id": "2",
            "activity_id": "2",
            "activity_kind": "input",
            "data": {
                "kind": "Click",
                "what": "next_btn",
                "which": "Comptage",
                "x": 1429,
                "y": 689
            }
        },
        {
            "user_id": "tst",
            "session_id": "tst_1474291716560",
            "timestamp": 1474278896602,
            "sequence_id": 1,
            "section_id": "2",
            "activity_id": "3",
            "activity_kind": "input",
            "data": {
                "kind": "Click",
                "what": "correct_btn",
                "which": "Densité Cellulaire",
                "x": 1429,
                "y": 689
            }
        },
        {
            "user_id": "tst",
            "session_id": "tst_1474291716560",
            "timestamp": 1474278897251,
            "sequence_id": 1,
            "section_id": "2",
            "activity_id": "3",
            "activity_kind": "input",
            "data": {
                "kind": "Click",
                "what": "correct_btn",
                "which": "Densité Cellulaire",
                "x": 1429,
                "y": 689
            }
        },
        {
            "user_id": "tst",
            "session_id": "tst_1474291716560",
            "timestamp": 1474278897755,
            "sequence_id": 1,
            "section_id": "2",
            "activity_id": "3",
            "activity_kind": "input",
            "data": {
                "kind": "Click",
                "what": "correct_btn",
                "which": "Densité Cellulaire",
                "x": 1429,
                "y": 689
            }
        },
        {
            "user_id": "tst",
            "session_id": "tst_1474291716560",
            "timestamp": 1474278898325,
            "sequence_id": 1,
            "section_id": "2",
            "activity_id": "3",
            "activity_kind": "input",
            "data": {
                "kind": "Click",
                "what": "next_btn",
                "which": "Densité Cellulaire",
                "x": 1430,
                "y": 689
            }
        },
        {
            "user_id": "tst",
            "session_id": "tst_1474291716560",
            "timestamp": 1474278899312,
            "sequence_id": 1,
            "section_id": "2",
            "activity_id": "3",
            "activity_kind": "transition",
            "data": {
                "kind": "Click",
                "what": "next_btn",
                "which": "Densité Cellulaire",
                "x": 1430,
                "y": 689
            }
        },
        {
            "user_id": "tst",
            "session_id": "tst_1474291716560",
            "timestamp": 1474278900319,
            "sequence_id": 1,
            "section_id": "2",
            "activity_id": "4",
            "activity_kind": "pipette",
            "data": {
                "kind": "Click",
                "what": "next_btn",
                "which": "Nombre de cellules par boite et tailles des boites",
                "x": 1430,
                "y": 689
            }
        },
        {
            "user_id": "tst",
            "session_id": "tst_1474291716560",
            "timestamp": 1474278901246,
            "sequence_id": 1,
            "section_id": "2",
            "activity_id": "5",
            "activity_kind": "pipette",
            "data": {
                "kind": "Click",
                "what": "correct_btn",
                "which": "Ensemencement",
                "x": 1430,
                "y": 689
            }
        },
        {
            "user_id": "tst",
            "session_id": "tst_1474291716560",
            "timestamp": 1474278901728,
            "sequence_id": 1,
            "section_id": "2",
            "activity_id": "5",
            "activity_kind": "pipette",
            "data": {
                "kind": "Click",
                "what": "correct_btn",
                "which": "Ensemencement",
                "x": 1430,
                "y": 689
            }
        },
        {
            "user_id": "tst",
            "session_id": "tst_1474291716560",
            "timestamp": 1474278901921,
            "sequence_id": 1,
            "section_id": "2",
            "activity_id": "5",
            "activity_kind": "pipette",
            "data": {
                "kind": "Click",
                "what": "correct_btn",
                "which": "Ensemencement",
                "x": 1430,
                "y": 689
            }
        },
        {
            "user_id": "tst",
            "session_id": "tst_1474291716560",
            "timestamp": 1474278902234,
            "sequence_id": 1,
            "section_id": "2",
            "activity_id": "5",
            "activity_kind": "pipette",
            "data": {
                "kind": "Click",
                "what": "next_btn",
                "which": "Ensemencement",
                "x": 1430,
                "y": 688
            }
        },
        {
            "user_id": "tst",
            "session_id": "tst_1474291716560",
            "timestamp": 1474278903073,
            "sequence_id": 1,
            "section_id": "2",
            "activity_id": "5",
            "activity_kind": "transition",
            "data": {
                "kind": "Click",
                "what": "next_btn",
                "which": "Ensemencement",
                "x": 1430,
                "y": 688
            }
        },
        {
            "user_id": "tst",
            "session_id": "tst_1474291716560",
            "timestamp": 1474278904088,
            "sequence_id": 1,
            "section_id": "3",
            "activity_id": "-1",
            "activity_kind": "transition",
            "data": {
                "kind": "Click",
                "what": "next_btn",
                "which": "experiment",
                "x": 1432,
                "y": 688
            }
        },
        {
            "user_id": "tst",
            "session_id": "tst_1474291716560",
            "timestamp": 1474278905090,
            "sequence_id": 1,
            "section_id": "4",
            "activity_id": "-1",
            "activity_kind": "dragdrop",
            "data": {
                "kind": "Click",
                "what": "next_btn",
                "which": "results",
                "x": 1432,
                "y": 688
            }
        },
        {
            "user_id": "tst",
            "session_id": "tst_1474291716560",
            "timestamp": 1474278905960,
            "sequence_id": 1,
            "section_id": "4",
            "activity_id": "0",
            "activity_kind": "dragdrop",
            "data": {
                "kind": "MousePressed",
                "what": "correct_btn",
                "which": "Comptages",
                "x": 1432,
                "y": 688
            }
        },
        {
            "user_id": "tst",
            "session_id": "tst_1474291716560",
            "timestamp": 1474278906041,
            "sequence_id": 1,
            "section_id": "4",
            "activity_id": "0",
            "activity_kind": "dragdrop",
            "data": {
                "kind": "MouseReleased",
                "what": "correct_btn",
                "which": "Comptages",
                "x": 1432,
                "y": 688
            }
        },
        {
            "user_id": "tst",
            "session_id": "tst_1474291716560",
            "timestamp": 1474278906050,
            "sequence_id": 1,
            "section_id": "4",
            "activity_id": "0",
            "activity_kind": "dragdrop",
            "data": {
                "kind": "Click",
                "what": "correct_btn",
                "which": "Comptages",
                "x": 1432,
                "y": 688
            }
        },
        {
            "user_id": "tst",
            "session_id": "tst_1474291716560",
            "timestamp": 1474278906274,
            "sequence_id": 1,
            "section_id": "4",
            "activity_id": "0",
            "activity_kind": "dragdrop",
            "data": {
                "kind": "MousePressed",
                "what": "correct_btn",
                "which": "Comptages",
                "x": 1432,
                "y": 688
            }
        },
        {
            "user_id": "tst",
            "session_id": "tst_1474291716560",
            "timestamp": 1474278906357,
            "sequence_id": 1,
            "section_id": "4",
            "activity_id": "0",
            "activity_kind": "dragdrop",
            "data": {
                "kind": "MouseReleased",
                "what": "correct_btn",
                "which": "Comptages",
                "x": 1432,
                "y": 688
            }
        },
        {
            "user_id": "tst",
            "session_id": "tst_1474291716560",
            "timestamp": 1474278906366,
            "sequence_id": 1,
            "section_id": "4",
            "activity_id": "0",
            "activity_kind": "dragdrop",
            "data": {
                "kind": "Click",
                "what": "correct_btn",
                "which": "Comptages",
                "x": 1432,
                "y": 688
            }
        },
        {
            "user_id": "tst",
            "session_id": "tst_1474291716560",
            "timestamp": 1474278906533,
            "sequence_id": 1,
            "section_id": "4",
            "activity_id": "0",
            "activity_kind": "dragdrop",
            "data": {
                "kind": "MouseReleased",
                "what": "correct_btn",
                "which": "Comptages",
                "x": 1432,
                "y": 688
            }
        },
        {
            "user_id": "tst",
            "session_id": "tst_1474291716560",
            "timestamp": 1474278906542,
            "sequence_id": 1,
            "section_id": "4",
            "activity_id": "0",
            "activity_kind": "dragdrop",
            "data": {
                "kind": "Click",
                "what": "correct_btn",
                "which": "Comptages",
                "x": 1432,
                "y": 688
            }
        },
        {
            "user_id": "tst",
            "session_id": "tst_1474291716560",
            "timestamp": 1474278908712,
            "sequence_id": 1,
            "section_id": "4",
            "activity_id": "0",
            "activity_kind": "dragdrop",
            "data": {
                "kind": "MousePressed",
                "what": "next_btn",
                "which": "Comptages",
                "x": 1432,
                "y": 688
            }
        },
        {
            "user_id": "tst",
            "session_id": "tst_1474291716560",
            "timestamp": 1474278908818,
            "sequence_id": 1,
            "section_id": "4",
            "activity_id": "0",
            "activity_kind": "dragdrop",
            "data": {
                "kind": "Click",
                "what": "next_btn",
                "which": "Comptages",
                "x": 1432,
                "y": 688
            }
        },
        {
            "user_id": "tst",
            "session_id": "tst_1474291716560",
            "timestamp": 1474278908801,
            "sequence_id": 1,
            "section_id": "4",
            "activity_id": "0",
            "activity_kind": "dragdrop",
            "data": {
                "kind": "MouseReleased",
                "what": "next_btn",
                "which": "Comptages",
                "x": 1432,
                "y": 688
            }
        },
        {
            "user_id": "tst",
            "session_id": "tst_1474291716560",
            "timestamp": 1474278909748,
            "sequence_id": 1,
            "section_id": "4",
            "activity_id": "0",
            "activity_kind": "dragdrop",
            "data": {
                "kind": "MousePressed",
                "what": "next_btn",
                "which": "Comptages",
                "x": 1432,
                "y": 688
            }
        },
        {
            "user_id": "tst",
            "session_id": "tst_1474291716560",
            "timestamp": 1474278909838,
            "sequence_id": 1,
            "section_id": "4",
            "activity_id": "0",
            "activity_kind": "dragdrop",
            "data": {
                "kind": "MouseReleased",
                "what": "next_btn",
                "which": "Comptages",
                "x": 1432,
                "y": 688
            }
        },
        {
            "user_id": "tst",
            "session_id": "tst_1474291716560",
            "timestamp": 1474278909870,
            "sequence_id": 1,
            "section_id": "4",
            "activity_id": "0",
            "activity_kind": "curvestar",
            "data": {
                "kind": "Click",
                "what": "next_btn",
                "which": "Comptages",
                "x": 1432,
                "y": 688
            }
        },
        {
            "user_id": "tst",
            "session_id": "tst_1474291716560",
            "timestamp": 1474278926950,
            "sequence_id": 1,
            "section_id": "4",
            "activity_id": "1",
            "activity_kind": "curvestar",
            "data": {
                "kind": "MousePressed",
                "what": "Curve_canvas",
                "which": "Comptages et courbe de croissance dans des conditions optimales",
                "x": 827,
                "y": 215
            }
        },
        {
            "user_id": "tst",
            "session_id": "tst_1474291716560",
            "timestamp": 1474278927659,
            "sequence_id": 1,
            "section_id": "4",
            "activity_id": "1",
            "activity_kind": "curvestar",
            "data": {
                "kind": "MouseReleased",
                "what": "statement_pane",
                "which": "Comptages et courbe de croissance dans des conditions optimales",
                "x": 1198,
                "y": 248
            }
        },
        {
            "user_id": "tst",
            "session_id": "tst_1474291716560",
            "timestamp": 1474278935492,
            "sequence_id": 1,
            "section_id": "4",
            "activity_id": "1",
            "activity_kind": "curvestar",
            "data": {
                "kind": "MousePressed",
                "what": "next_btn",
                "which": "Comptages et courbe de croissance dans des conditions optimales",
                "x": 1399,
                "y": 702
            }
        },
        {
            "user_id": "tst",
            "session_id": "tst_1474291716560",
            "timestamp": 1474278935585,
            "sequence_id": 1,
            "section_id": "4",
            "activity_id": "1",
            "activity_kind": "curvestar",
            "data": {
                "kind": "MouseReleased",
                "what": "next_btn",
                "which": "Comptages et courbe de croissance dans des conditions optimales",
                "x": 1395,
                "y": 702
            }
        },
        {
            "user_id": "tst",
            "session_id": "tst_1474291716560",
            "timestamp": 1474278935609,
            "sequence_id": 1,
            "section_id": "4",
            "activity_id": "1",
            "activity_kind": "curvestar",
            "data": {
                "kind": "Click",
                "what": "next_btn",
                "which": "Comptages et courbe de croissance dans des conditions optimales",
                "x": 1395,
                "y": 702
            }
        },
        {
            "user_id": "tst",
            "session_id": "tst_1474291716560",
            "timestamp": 1474278937190,
            "sequence_id": 1,
            "section_id": "4",
            "activity_id": "1",
            "activity_kind": "curvestar",
            "data": {
                "kind": "MousePressed",
                "what": "next_btn",
                "which": "Comptages et courbe de croissance dans des conditions optimales",
                "x": 1396,
                "y": 685
            }
        },
        {
            "user_id": "tst",
            "session_id": "tst_1474291716560",
            "timestamp": 1474278937349,
            "sequence_id": 1,
            "section_id": "4",
            "activity_id": "1",
            "activity_kind": "dragdrop",
            "data": {
                "kind": "Click",
                "what": "next_btn",
                "which": "Comptages et courbe de croissance dans des conditions optimales",
                "x": 1396,
                "y": 685
            }
        },
        {
            "user_id": "tst",
            "session_id": "tst_1474291716560",
            "timestamp": 1474278937309,
            "sequence_id": 1,
            "section_id": "4",
            "activity_id": "1",
            "activity_kind": "curvestar",
            "data": {
                "kind": "MouseReleased",
                "what": "next_btn",
                "which": "Comptages et courbe de croissance dans des conditions optimales",
                "x": 1396,
                "y": 685
            }
        },
        {
            "user_id": "tst",
            "session_id": "tst_1474291716560",
            "timestamp": 1474278938286,
            "sequence_id": 1,
            "section_id": "4",
            "activity_id": "2",
            "activity_kind": "dragdrop",
            "data": {
                "kind": "MousePressed",
                "what": "correct_btn",
                "which": "Proportions des phases dans le cycle cellulaire",
                "x": 1419,
                "y": 695
            }
        },
        {
            "user_id": "tst",
            "session_id": "tst_1474291716560",
            "timestamp": 1474278938390,
            "sequence_id": 1,
            "section_id": "4",
            "activity_id": "2",
            "activity_kind": "dragdrop",
            "data": {
                "kind": "MouseReleased",
                "what": "correct_btn",
                "which": "Proportions des phases dans le cycle cellulaire",
                "x": 1419,
                "y": 695
            }
        },
        {
            "user_id": "tst",
            "session_id": "tst_1474291716560",
            "timestamp": 1474278938400,
            "sequence_id": 1,
            "section_id": "4",
            "activity_id": "2",
            "activity_kind": "dragdrop",
            "data": {
                "kind": "Click",
                "what": "correct_btn",
                "which": "Proportions des phases dans le cycle cellulaire",
                "x": 1419,
                "y": 695
            }
        },
        {
            "user_id": "tst",
            "session_id": "tst_1474291716560",
            "timestamp": 1474278938674,
            "sequence_id": 1,
            "section_id": "4",
            "activity_id": "2",
            "activity_kind": "dragdrop",
            "data": {
                "kind": "MousePressed",
                "what": "correct_btn",
                "which": "Proportions des phases dans le cycle cellulaire",
                "x": 1419,
                "y": 695
            }
        },
        {
            "user_id": "tst",
            "session_id": "tst_1474291716560",
            "timestamp": 1474278938784,
            "sequence_id": 1,
            "section_id": "4",
            "activity_id": "2",
            "activity_kind": "dragdrop",
            "data": {
                "kind": "MouseReleased",
                "what": "correct_btn",
                "which": "Proportions des phases dans le cycle cellulaire",
                "x": 1419,
                "y": 695
            }
        },
        {
            "user_id": "tst",
            "session_id": "tst_1474291716560",
            "timestamp": 1474278938794,
            "sequence_id": 1,
            "section_id": "4",
            "activity_id": "2",
            "activity_kind": "dragdrop",
            "data": {
                "kind": "Click",
                "what": "correct_btn",
                "which": "Proportions des phases dans le cycle cellulaire",
                "x": 1419,
                "y": 695
            }
        },
        {
            "user_id": "tst",
            "session_id": "tst_1474291716560",
            "timestamp": 1474278938984,
            "sequence_id": 1,
            "section_id": "4",
            "activity_id": "2",
            "activity_kind": "dragdrop",
            "data": {
                "kind": "MouseReleased",
                "what": "correct_btn",
                "which": "Proportions des phases dans le cycle cellulaire",
                "x": 1419,
                "y": 695
            }
        },
        {
            "user_id": "tst",
            "session_id": "tst_1474291716560",
            "timestamp": 1474278938993,
            "sequence_id": 1,
            "section_id": "4",
            "activity_id": "2",
            "activity_kind": "dragdrop",
            "data": {
                "kind": "Click",
                "what": "correct_btn",
                "which": "Proportions des phases dans le cycle cellulaire",
                "x": 1419,
                "y": 695
            }
        },
        {
            "user_id": "tst",
            "session_id": "tst_1474291716560",
            "timestamp": 1474278939154,
            "sequence_id": 1,
            "section_id": "4",
            "activity_id": "2",
            "activity_kind": "dragdrop",
            "data": {
                "kind": "MouseReleased",
                "what": "next_btn",
                "which": "Proportions des phases dans le cycle cellulaire",
                "x": 1419,
                "y": 695
            }
        },
        {
            "user_id": "tst",
            "session_id": "tst_1474291716560",
            "timestamp": 1474278939245,
            "sequence_id": 1,
            "section_id": "4",
            "activity_id": "2",
            "activity_kind": "dragdrop",
            "data": {
                "kind": "MousePressed",
                "what": "next_btn",
                "which": "Proportions des phases dans le cycle cellulaire",
                "x": 1419,
                "y": 695
            }
        },
        {
            "user_id": "tst",
            "session_id": "tst_1474291716560",
            "timestamp": 1474278939365,
            "sequence_id": 1,
            "section_id": "4",
            "activity_id": "2",
            "activity_kind": "dragdrop",
            "data": {
                "kind": "MouseReleased",
                "what": "next_btn",
                "which": "Proportions des phases dans le cycle cellulaire",
                "x": 1419,
                "y": 695
            }
        },
        {
            "user_id": "tst",
            "session_id": "tst_1474291716560",
            "timestamp": 1474278939381,
            "sequence_id": 1,
            "section_id": "4",
            "activity_id": "2",
            "activity_kind": "dragdrop",
            "data": {
                "kind": "Click",
                "what": "next_btn",
                "which": "Proportions des phases dans le cycle cellulaire",
                "x": 1419,
                "y": 695
            }
        },
        {
            "user_id": "tst",
            "session_id": "tst_1474291716560",
            "timestamp": 1474278940009,
            "sequence_id": 1,
            "section_id": "4",
            "activity_id": "2",
            "activity_kind": "dragdrop",
            "data": {
                "kind": "MousePressed",
                "what": "next_btn",
                "which": "Proportions des phases dans le cycle cellulaire",
                "x": 1419,
                "y": 695
            }
        },
        {
            "user_id": "tst",
            "session_id": "tst_1474291716560",
            "timestamp": 1474278940139,
            "sequence_id": 1,
            "section_id": "4",
            "activity_id": "2",
            "activity_kind": "dragdrop",
            "data": {
                "kind": "MouseReleased",
                "what": "next_btn",
                "which": "Proportions des phases dans le cycle cellulaire",
                "x": 1419,
                "y": 695
            }
        },
        {
            "user_id": "tst",
            "session_id": "tst_1474291716560",
            "timestamp": 1474278940186,
            "sequence_id": 1,
            "section_id": "4",
            "activity_id": "2",
            "activity_kind": "dragdrop",
            "data": {
                "kind": "Click",
                "what": "next_btn",
                "which": "Proportions des phases dans le cycle cellulaire",
                "x": 1419,
                "y": 695
            }
        }
    ]
}