{
    "events": [
        {
            "user_id": "user",
            "session_id": "user_1464772266791",
            "timestamp": 1464772200580,
            "sequence_id": 2,
            "section_id": "0",
            "activity_id": "-1",
            "activity_kind": "dragdrop",
            "data": {
                "kind": "Click",
                "what": "next_btn",
                "which": "requirements",
                "x": 1428,
                "y": 686
            }
        },
        {
            "user_id": "user",
            "session_id": "user_1464772266791",
            "timestamp": 1464772201586,
            "sequence_id": 2,
            "section_id": "0",
            "activity_id": "0",
            "activity_kind": "dragdrop",
            "data": {
                "kind": "MousePressed",
                "what": "correct_btn",
                "which": "Les checkpoints du cycle cellulaire",
                "x": 1421,
                "y": 690
            }
        },
        {
            "user_id": "user",
            "session_id": "user_1464772266791",
            "timestamp": 1464772201658,
            "sequence_id": 2,
            "section_id": "0",
            "activity_id": "0",
            "activity_kind": "dragdrop",
            "data": {
                "kind": "MouseReleased",
                "what": "correct_btn",
                "which": "Les checkpoints du cycle cellulaire",
                "x": 1421,
                "y": 690
            }
        },
        {
            "user_id": "user",
            "session_id": "user_1464772266791",
            "timestamp": 1464772201673,
            "sequence_id": 2,
            "section_id": "0",
            "activity_id": "0",
            "activity_kind": "dragdrop",
            "data": {
                "kind": "Click",
                "what": "correct_btn",
                "which": "Les checkpoints du cycle cellulaire",
                "x": 1421,
                "y": 690
            }
        },
        {
            "user_id": "user",
            "session_id": "user_1464772266791",
            "timestamp": 1464772201926,
            "sequence_id": 2,
            "section_id": "0",
            "activity_id": "0",
            "activity_kind": "dragdrop",
            "data": {
                "kind": "MousePressed",
                "what": "correct_btn",
                "which": "Les checkpoints du cycle cellulaire",
                "x": 1421,
                "y": 690
            }
        },
        {
            "user_id": "user",
            "session_id": "user_1464772266791",
            "timestamp": 1464772202000,
            "sequence_id": 2,
            "section_id": "0",
            "activity_id": "0",
            "activity_kind": "dragdrop",
            "data": {
                "kind": "MouseReleased",
                "what": "correct_btn",
                "which": "Les checkpoints du cycle cellulaire",
                "x": 1421,
                "y": 690
            }
        },
        {
            "user_id": "user",
            "session_id": "user_1464772266791",
            "timestamp": 1464772202020,
            "sequence_id": 2,
            "section_id": "0",
            "activity_id": "0",
            "activity_kind": "dragdrop",
            "data": {
                "kind": "Click",
                "what": "correct_btn",
                "which": "Les checkpoints du cycle cellulaire",
                "x": 1421,
                "y": 690
            }
        },
        {
            "user_id": "user",
            "session_id": "user_1464772266791",
            "timestamp": 1464772202095,
            "sequence_id": 2,
            "section_id": "0",
            "activity_id": "0",
            "activity_kind": "dragdrop",
            "data": {
                "kind": "MousePressed",
                "what": "correct_btn",
                "which": "Les checkpoints du cycle cellulaire",
                "x": 1421,
                "y": 690
            }
        },
        {
            "user_id": "user",
            "session_id": "user_1464772266791",
            "timestamp": 1464772202202,
            "sequence_id": 2,
            "section_id": "0",
            "activity_id": "0",
            "activity_kind": "dragdrop",
            "data": {
                "kind": "MouseReleased",
                "what": "correct_btn",
                "which": "Les checkpoints du cycle cellulaire",
                "x": 1421,
                "y": 690
            }
        },
        {
            "user_id": "user",
            "session_id": "user_1464772266791",
            "timestamp": 1464772202215,
            "sequence_id": 2,
            "section_id": "0",
            "activity_id": "0",
            "activity_kind": "dragdrop",
            "data": {
                "kind": "Click",
                "what": "correct_btn",
                "which": "Les checkpoints du cycle cellulaire",
                "x": 1421,
                "y": 690
            }
        },
        {
            "user_id": "user",
            "session_id": "user_1464772266791",
            "timestamp": 1464772202313,
            "sequence_id": 2,
            "section_id": "0",
            "activity_id": "0",
            "activity_kind": "dragdrop",
            "data": {
                "kind": "MousePressed",
                "what": "next_btn",
                "which": "Les checkpoints du cycle cellulaire",
                "x": 1421,
                "y": 690
            }
        },
        {
            "user_id": "user",
            "session_id": "user_1464772266791",
            "timestamp": 1464772202366,
            "sequence_id": 2,
            "section_id": "0",
            "activity_id": "0",
            "activity_kind": "dragdrop",
            "data": {
                "kind": "MouseReleased",
                "what": "next_btn",
                "which": "Les checkpoints du cycle cellulaire",
                "x": 1421,
                "y": 690
            }
        },
        {
            "user_id": "user",
            "session_id": "user_1464772266791",
            "timestamp": 1464772202386,
            "sequence_id": 2,
            "section_id": "0",
            "activity_id": "0",
            "activity_kind": "dragdrop",
            "data": {
                "kind": "Click",
                "what": "next_btn",
                "which": "Les checkpoints du cycle cellulaire",
                "x": 1421,
                "y": 690
            }
        },
        {
            "user_id": "user",
            "session_id": "user_1464772266791",
            "timestamp": 1464772202921,
            "sequence_id": 2,
            "section_id": "0",
            "activity_id": "0",
            "activity_kind": "dragdrop",
            "data": {
                "kind": "MousePressed",
                "what": "next_btn",
                "which": "Les checkpoints du cycle cellulaire",
                "x": 1421,
                "y": 690
            }
        },
        {
            "user_id": "user",
            "session_id": "user_1464772266791",
            "timestamp": 1464772202993,
            "sequence_id": 2,
            "section_id": "0",
            "activity_id": "0",
            "activity_kind": "dragdrop",
            "data": {
                "kind": "MouseReleased",
                "what": "next_btn",
                "which": "Les checkpoints du cycle cellulaire",
                "x": 1421,
                "y": 690
            }
        },
        {
            "user_id": "user",
            "session_id": "user_1464772266791",
            "timestamp": 1464772203025,
            "sequence_id": 2,
            "section_id": "0",
            "activity_id": "0",
            "activity_kind": "dragdrop",
            "data": {
                "kind": "Click",
                "what": "next_btn",
                "which": "Les checkpoints du cycle cellulaire",
                "x": 1421,
                "y": 690
            }
        },
        {
            "user_id": "user",
            "session_id": "user_1464772266791",
            "timestamp": 1464772204195,
            "sequence_id": 2,
            "section_id": "0",
            "activity_id": "1",
            "activity_kind": "dragdrop",
            "data": {
                "kind": "MousePressed",
                "what": "correct_btn",
                "which": "Contenu ADN dans les différentes phases",
                "x": 1421,
                "y": 689
            }
        },
        {
            "user_id": "user",
            "session_id": "user_1464772266791",
            "timestamp": 1464772204270,
            "sequence_id": 2,
            "section_id": "0",
            "activity_id": "1",
            "activity_kind": "dragdrop",
            "data": {
                "kind": "MouseReleased",
                "what": "correct_btn",
                "which": "Contenu ADN dans les différentes phases",
                "x": 1421,
                "y": 689
            }
        },
        {
            "user_id": "user",
            "session_id": "user_1464772266791",
            "timestamp": 1464772204284,
            "sequence_id": 2,
            "section_id": "0",
            "activity_id": "1",
            "activity_kind": "dragdrop",
            "data": {
                "kind": "Click",
                "what": "correct_btn",
                "which": "Contenu ADN dans les différentes phases",
                "x": 1421,
                "y": 689
            }
        },
        {
            "user_id": "user",
            "session_id": "user_1464772266791",
            "timestamp": 1464772204346,
            "sequence_id": 2,
            "section_id": "0",
            "activity_id": "1",
            "activity_kind": "dragdrop",
            "data": {
                "kind": "MousePressed",
                "what": "correct_btn",
                "which": "Contenu ADN dans les différentes phases",
                "x": 1421,
                "y": 689
            }
        },
        {
            "user_id": "user",
            "session_id": "user_1464772266791",
            "timestamp": 1464772204426,
            "sequence_id": 2,
            "section_id": "0",
            "activity_id": "1",
            "activity_kind": "dragdrop",
            "data": {
                "kind": "MouseReleased",
                "what": "correct_btn",
                "which": "Contenu ADN dans les différentes phases",
                "x": 1421,
                "y": 689
            }
        },
        {
            "user_id": "user",
            "session_id": "user_1464772266791",
            "timestamp": 1464772204448,
            "sequence_id": 2,
            "section_id": "0",
            "activity_id": "1",
            "activity_kind": "dragdrop",
            "data": {
                "kind": "Click",
                "what": "correct_btn",
                "which": "Contenu ADN dans les différentes phases",
                "x": 1421,
                "y": 689
            }
        },
        {
            "user_id": "user",
            "session_id": "user_1464772266791",
            "timestamp": 1464772204518,
            "sequence_id": 2,
            "section_id": "0",
            "activity_id": "1",
            "activity_kind": "dragdrop",
            "data": {
                "kind": "MousePressed",
                "what": "correct_btn",
                "which": "Contenu ADN dans les différentes phases",
                "x": 1421,
                "y": 689
            }
        },
        {
            "user_id": "user",
            "session_id": "user_1464772266791",
            "timestamp": 1464772204637,
            "sequence_id": 2,
            "section_id": "0",
            "activity_id": "1",
            "activity_kind": "dragdrop",
            "data": {
                "kind": "MouseReleased",
                "what": "correct_btn",
                "which": "Contenu ADN dans les différentes phases",
                "x": 1421,
                "y": 689
            }
        },
        {
            "user_id": "user",
            "session_id": "user_1464772266791",
            "timestamp": 1464772204649,
            "sequence_id": 2,
            "section_id": "0",
            "activity_id": "1",
            "activity_kind": "dragdrop",
            "data": {
                "kind": "Click",
                "what": "correct_btn",
                "which": "Contenu ADN dans les différentes phases",
                "x": 1421,
                "y": 689
            }
        },
        {
            "user_id": "user",
            "session_id": "user_1464772266791",
            "timestamp": 1464772204856,
            "sequence_id": 2,
            "section_id": "0",
            "activity_id": "1",
            "activity_kind": "dragdrop",
            "data": {
                "kind": "MousePressed",
                "what": "next_btn",
                "which": "Contenu ADN dans les différentes phases",
                "x": 1421,
                "y": 689
            }
        },
        {
            "user_id": "user",
            "session_id": "user_1464772266791",
            "timestamp": 1464772204926,
            "sequence_id": 2,
            "section_id": "0",
            "activity_id": "1",
            "activity_kind": "dragdrop",
            "data": {
                "kind": "MouseReleased",
                "what": "next_btn",
                "which": "Contenu ADN dans les différentes phases",
                "x": 1421,
                "y": 689
            }
        },
        {
            "user_id": "user",
            "session_id": "user_1464772266791",
            "timestamp": 1464772204978,
            "sequence_id": 2,
            "section_id": "0",
            "activity_id": "1",
            "activity_kind": "dragdrop",
            "data": {
                "kind": "Click",
                "what": "next_btn",
                "which": "Contenu ADN dans les différentes phases",
                "x": 1421,
                "y": 689
            }
        },
        {
            "user_id": "user",
            "session_id": "user_1464772266791",
            "timestamp": 1464772205768,
            "sequence_id": 2,
            "section_id": "0",
            "activity_id": "1",
            "activity_kind": "dragdrop",
            "data": {
                "kind": "MousePressed",
                "what": "next_btn",
                "which": "Contenu ADN dans les différentes phases",
                "x": 1421,
                "y": 689
            }
        },
        {
            "user_id": "user",
            "session_id": "user_1464772266791",
            "timestamp": 1464772205842,
            "sequence_id": 2,
            "section_id": "0",
            "activity_id": "1",
            "activity_kind": "dragdrop",
            "data": {
                "kind": "MouseReleased",
                "what": "next_btn",
                "which": "Contenu ADN dans les différentes phases",
                "x": 1421,
                "y": 689
            }
        },
        {
            "user_id": "user",
            "session_id": "user_1464772266791",
            "timestamp": 1464772205879,
            "sequence_id": 2,
            "section_id": "0",
            "activity_id": "1",
            "activity_kind": "transition",
            "data": {
                "kind": "Click",
                "what": "next_btn",
                "which": "Contenu ADN dans les différentes phases",
                "x": 1421,
                "y": 689
            }
        },
        {
            "user_id": "user",
            "session_id": "user_1464772266791",
            "timestamp": 1464772207300,
            "sequence_id": 2,
            "section_id": "1",
            "activity_id": "-1",
            "activity_kind": "dragdrop",
            "data": {
                "kind": "Click",
                "what": "next_btn",
                "which": "hypothesis",
                "x": 1421,
                "y": 689
            }
        },
        {
            "user_id": "user",
            "session_id": "user_1464772266791",
            "timestamp": 1464772210260,
            "sequence_id": 2,
            "section_id": "1",
            "activity_id": "0",
            "activity_kind": "dragdrop",
            "data": {
                "kind": "MousePressed",
                "what": "DD_sticker",
                "which": "/ressources/sequence2/act2/flag1.png",
                "x": 1324,
                "y": 425
            }
        },
        {
            "user_id": "user",
            "session_id": "user_1464772266791",
            "timestamp": 1464772211161,
            "sequence_id": 2,
            "section_id": "1",
            "activity_id": "0",
            "activity_kind": "dragdrop",
            "data": {
                "kind": "MouseReleased",
                "what": "DD_sticker",
                "which": "/ressources/sequence2/act2/flag1.png",
                "x": 991,
                "y": 569
            }
        },
        {
            "user_id": "user",
            "session_id": "user_1464772266791",
            "timestamp": 1464772211970,
            "sequence_id": 2,
            "section_id": "1",
            "activity_id": "0",
            "activity_kind": "dragdrop",
            "data": {
                "kind": "MousePressed",
                "what": "next_btn",
                "which": "Checkpoint influencé par la privation en facteurs de croissance",
                "x": 1406,
                "y": 681
            }
        },
        {
            "user_id": "user",
            "session_id": "user_1464772266791",
            "timestamp": 1464772212033,
            "sequence_id": 2,
            "section_id": "1",
            "activity_id": "0",
            "activity_kind": "dragdrop",
            "data": {
                "kind": "MouseReleased",
                "what": "next_btn",
                "which": "Checkpoint influencé par la privation en facteurs de croissance",
                "x": 1407,
                "y": 681
            }
        },
        {
            "user_id": "user",
            "session_id": "user_1464772266791",
            "timestamp": 1464772212069,
            "sequence_id": 2,
            "section_id": "1",
            "activity_id": "0",
            "activity_kind": "dragdrop",
            "data": {
                "kind": "Click",
                "what": "next_btn",
                "which": "Checkpoint influencé par la privation en facteurs de croissance",
                "x": 1407,
                "y": 681
            }
        },
        {
            "user_id": "user",
            "session_id": "user_1464772266791",
            "timestamp": 1464772212522,
            "sequence_id": 2,
            "section_id": "1",
            "activity_id": "0",
            "activity_kind": "dragdrop",
            "data": {
                "kind": "MousePressed",
                "what": "next_btn",
                "which": "Checkpoint influencé par la privation en facteurs de croissance",
                "x": 1407,
                "y": 681
            }
        },
        {
            "user_id": "user",
            "session_id": "user_1464772266791",
            "timestamp": 1464772212594,
            "sequence_id": 2,
            "section_id": "1",
            "activity_id": "0",
            "activity_kind": "dragdrop",
            "data": {
                "kind": "MouseReleased",
                "what": "next_btn",
                "which": "Checkpoint influencé par la privation en facteurs de croissance",
                "x": 1407,
                "y": 681
            }
        },
        {
            "user_id": "user",
            "session_id": "user_1464772266791",
            "timestamp": 1464772212625,
            "sequence_id": 2,
            "section_id": "1",
            "activity_id": "0",
            "activity_kind": "curvetest",
            "data": {
                "kind": "Click",
                "what": "next_btn",
                "which": "Checkpoint influencé par la privation en facteurs de croissance",
                "x": 1407,
                "y": 681
            }
        },
        {
            "user_id": "user",
            "session_id": "user_1464772266791",
            "timestamp": 1464772213961,
            "sequence_id": 2,
            "section_id": "1",
            "activity_id": "1",
            "activity_kind": "curvetest",
            "data": {
                "kind": "Click",
                "what": "next_btn",
                "which": "Evolution du nombre de cellules",
                "x": 1408,
                "y": 690
            }
        },
        {
            "user_id": "user",
            "session_id": "user_1464772266791",
            "timestamp": 1464772214144,
            "sequence_id": 2,
            "section_id": "1",
            "activity_id": "1",
            "activity_kind": "transition",
            "data": {
                "kind": "Click",
                "what": "next_btn",
                "which": "Evolution du nombre de cellules",
                "x": 1408,
                "y": 690
            }
        },
        {
            "user_id": "user",
            "session_id": "user_1464772266791",
            "timestamp": 1464772214322,
            "sequence_id": 2,
            "section_id": "2",
            "activity_id": "-1",
            "activity_kind": "transition",
            "data": {
                "kind": "Click",
                "what": "transition_pane",
                "which": "protocol",
                "x": 1408,
                "y": 690
            }
        },
        {
            "user_id": "user",
            "session_id": "user_1464772266791",
            "timestamp": 1464772217736,
            "sequence_id": 2,
            "section_id": "2",
            "activity_id": "-1",
            "activity_kind": "planif",
            "data": {
                "kind": "Click",
                "what": "next_btn",
                "which": "protocol",
                "x": 1408,
                "y": 689
            }
        },
        {
            "user_id": "user",
            "session_id": "user_1464772266791",
            "timestamp": 1464772224054,
            "sequence_id": 2,
            "section_id": "2",
            "activity_id": "0",
            "activity_kind": "planif",
            "data": {
                "kind": "Click",
                "what": "modif_milieu",
                "which": "Planification du protocole expérimental",
                "x": 1150,
                "y": 452
            }
        },
        {
            "user_id": "user",
            "session_id": "user_1464772266791",
            "timestamp": 1464772225639,
            "sequence_id": 2,
            "section_id": "2",
            "activity_id": "0",
            "activity_kind": "planif",
            "data": {
                "kind": "Click",
                "what": "modif_milieu",
                "which": "Planification du protocole expérimental",
                "x": 1233,
                "y": 447
            }
        },
        {
            "user_id": "user",
            "session_id": "user_1464772266791",
            "timestamp": 1464772266866,
            "sequence_id": 2,
            "section_id": "2",
            "activity_id": "0",
            "activity_kind": "planif",
            "data": {
                "kind": "Click",
                "what": "check_temoin",
                "which": "Planification du protocole expérimental",
                "x": 1140,
                "y": 547
            }
        }
    ]
}