{
    "events": [
        {
            "user_id": "video",
            "session_id": "video_1467714087513",
            "timestamp": 1467714003730,
            "sequence_id": 3,
            "section_id": "0",
            "activity_id": "-1",
            "activity_kind": "dragdrop",
            "data": {
                "kind": "Click",
                "what": "next_btn",
                "which": "hypothesis",
                "x": 1537,
                "y": 681
            }
        },
        {
            "user_id": "video",
            "session_id": "video_1467714087513",
            "timestamp": 1467714018228,
            "sequence_id": 3,
            "section_id": "0",
            "activity_id": "0",
            "activity_kind": "dragdrop",
            "data": {
                "kind": "MousePressed",
                "what": "next_btn",
                "which": "Hypothèses à vérifier",
                "x": 1385,
                "y": 698
            }
        },
        {
            "user_id": "video",
            "session_id": "video_1467714087513",
            "timestamp": 1467714018345,
            "sequence_id": 3,
            "section_id": "0",
            "activity_id": "0",
            "activity_kind": "dragdrop",
            "data": {
                "kind": "MouseReleased",
                "what": "next_btn",
                "which": "Hypothèses à vérifier",
                "x": 1385,
                "y": 698
            }
        },
        {
            "user_id": "video",
            "session_id": "video_1467714087513",
            "timestamp": 1467714018359,
            "sequence_id": 3,
            "section_id": "0",
            "activity_id": "0",
            "activity_kind": "transition",
            "data": {
                "kind": "Click",
                "what": "next_btn",
                "which": "Hypothèses à vérifier",
                "x": 1385,
                "y": 698
            }
        },
        {
            "user_id": "video",
            "session_id": "video_1467714087513",
            "timestamp": 1467714022307,
            "sequence_id": 3,
            "section_id": "1",
            "activity_id": "-1",
            "activity_kind": "planning",
            "data": {
                "kind": "Click",
                "what": "next_btn",
                "which": "protocol",
                "x": 1528,
                "y": 680
            }
        },
        {
            "user_id": "video",
            "session_id": "video_1467714087513",
            "timestamp": 1467714025472,
            "sequence_id": 3,
            "section_id": "1",
            "activity_id": "0",
            "activity_kind": "planning",
            "data": {
                "kind": "Click",
                "what": "up_btn_ensemencement",
                "which": "Planification du protocole expérimental",
                "x": 1551,
                "y": 184
            }
        },
        {
            "user_id": "video",
            "session_id": "video_1467714087513",
            "timestamp": 1467714025877,
            "sequence_id": 3,
            "section_id": "1",
            "activity_id": "0",
            "activity_kind": "planning",
            "data": {
                "kind": "Click",
                "what": "up_btn_ensemencement",
                "which": "Planification du protocole expérimental",
                "x": 1551,
                "y": 184
            }
        },
        {
            "user_id": "video",
            "session_id": "video_1467714087513",
            "timestamp": 1467714026934,
            "sequence_id": 3,
            "section_id": "1",
            "activity_id": "0",
            "activity_kind": "planning",
            "data": {
                "kind": "Click",
                "what": "down_btn_end",
                "which": "Planification du protocole expérimental",
                "x": 1554,
                "y": 228
            }
        },
        {
            "user_id": "video",
            "session_id": "video_1467714087513",
            "timestamp": 1467714027109,
            "sequence_id": 3,
            "section_id": "1",
            "activity_id": "0",
            "activity_kind": "planning",
            "data": {
                "kind": "Click",
                "what": "down_btn_end",
                "which": "Planification du protocole expérimental",
                "x": 1554,
                "y": 228
            }
        },
        {
            "user_id": "video",
            "session_id": "video_1467714087513",
            "timestamp": 1467714027284,
            "sequence_id": 3,
            "section_id": "1",
            "activity_id": "0",
            "activity_kind": "planning",
            "data": {
                "kind": "Click",
                "what": "down_btn_end",
                "which": "Planification du protocole expérimental",
                "x": 1554,
                "y": 228
            }
        },
        {
            "user_id": "video",
            "session_id": "video_1467714087513",
            "timestamp": 1467714027436,
            "sequence_id": 3,
            "section_id": "1",
            "activity_id": "0",
            "activity_kind": "planning",
            "data": {
                "kind": "Click",
                "what": "down_btn_end",
                "which": "Planification du protocole expérimental",
                "x": 1554,
                "y": 228
            }
        },
        {
            "user_id": "video",
            "session_id": "video_1467714087513",
            "timestamp": 1467714027588,
            "sequence_id": 3,
            "section_id": "1",
            "activity_id": "0",
            "activity_kind": "planning",
            "data": {
                "kind": "Click",
                "what": "down_btn_end",
                "which": "Planification du protocole expérimental",
                "x": 1554,
                "y": 228
            }
        },
        {
            "user_id": "video",
            "session_id": "video_1467714087513",
            "timestamp": 1467714027757,
            "sequence_id": 3,
            "section_id": "1",
            "activity_id": "0",
            "activity_kind": "planning",
            "data": {
                "kind": "Click",
                "what": "down_btn_end",
                "which": "Planification du protocole expérimental",
                "x": 1554,
                "y": 228
            }
        },
        {
            "user_id": "video",
            "session_id": "video_1467714087513",
            "timestamp": 1467714028229,
            "sequence_id": 3,
            "section_id": "1",
            "activity_id": "0",
            "activity_kind": "planning",
            "data": {
                "kind": "Click",
                "what": "down_btn_end",
                "which": "Planification du protocole expérimental",
                "x": 1554,
                "y": 228
            }
        },
        {
            "user_id": "video",
            "session_id": "video_1467714087513",
            "timestamp": 1467714028412,
            "sequence_id": 3,
            "section_id": "1",
            "activity_id": "0",
            "activity_kind": "planning",
            "data": {
                "kind": "Click",
                "what": "down_btn_end",
                "which": "Planification du protocole expérimental",
                "x": 1554,
                "y": 228
            }
        },
        {
            "user_id": "video",
            "session_id": "video_1467714087513",
            "timestamp": 1467714028876,
            "sequence_id": 3,
            "section_id": "1",
            "activity_id": "0",
            "activity_kind": "planning",
            "data": {
                "kind": "Click",
                "what": "down_btn_end",
                "which": "Planification du protocole expérimental",
                "x": 1554,
                "y": 228
            }
        },
        {
            "user_id": "video",
            "session_id": "video_1467714087513",
            "timestamp": 1467714029356,
            "sequence_id": 3,
            "section_id": "1",
            "activity_id": "0",
            "activity_kind": "planning",
            "data": {
                "kind": "Click",
                "what": "down_btn_end",
                "which": "Planification du protocole expérimental",
                "x": 1554,
                "y": 228
            }
        },
        {
            "user_id": "video",
            "session_id": "video_1467714087513",
            "timestamp": 1467714029532,
            "sequence_id": 3,
            "section_id": "1",
            "activity_id": "0",
            "activity_kind": "planning",
            "data": {
                "kind": "Click",
                "what": "down_btn_end",
                "which": "Planification du protocole expérimental",
                "x": 1554,
                "y": 228
            }
        },
        {
            "user_id": "video",
            "session_id": "video_1467714087513",
            "timestamp": 1467714030140,
            "sequence_id": 3,
            "section_id": "1",
            "activity_id": "0",
            "activity_kind": "planning",
            "data": {
                "kind": "Click",
                "what": "down_btn_end",
                "which": "Planification du protocole expérimental",
                "x": 1554,
                "y": 228
            }
        },
        {
            "user_id": "video",
            "session_id": "video_1467714087513",
            "timestamp": 1467714030654,
            "sequence_id": 3,
            "section_id": "1",
            "activity_id": "0",
            "activity_kind": "planning",
            "data": {
                "kind": "Click",
                "what": "down_btn_end",
                "which": "Planification du protocole expérimental",
                "x": 1554,
                "y": 228
            }
        },
        {
            "user_id": "video",
            "session_id": "video_1467714087513",
            "timestamp": 1467714031299,
            "sequence_id": 3,
            "section_id": "1",
            "activity_id": "0",
            "activity_kind": "planning",
            "data": {
                "kind": "Click",
                "what": "down_btn_end",
                "which": "Planification du protocole expérimental",
                "x": 1554,
                "y": 228
            }
        },
        {
            "user_id": "video",
            "session_id": "video_1467714087513",
            "timestamp": 1467714032587,
            "sequence_id": 3,
            "section_id": "1",
            "activity_id": "0",
            "activity_kind": "planning",
            "data": {
                "kind": "Click",
                "what": "down_btn_facs",
                "which": "Planification du protocole expérimental",
                "x": 1552,
                "y": 254
            }
        },
        {
            "user_id": "video",
            "session_id": "video_1467714087513",
            "timestamp": 1467714034476,
            "sequence_id": 3,
            "section_id": "1",
            "activity_id": "0",
            "activity_kind": "planning",
            "data": {
                "kind": "Click",
                "what": "modif_milieu",
                "which": "Planification du protocole expérimental",
                "x": 1335,
                "y": 313
            }
        },
        {
            "user_id": "video",
            "session_id": "video_1467714087513",
            "timestamp": 1467714035577,
            "sequence_id": 3,
            "section_id": "1",
            "activity_id": "0",
            "activity_kind": "planning",
            "data": {
                "kind": "Click",
                "what": "modif_milieu",
                "which": "Planification du protocole expérimental",
                "x": 1350,
                "y": 321
            }
        },
        {
            "user_id": "video",
            "session_id": "video_1467714087513",
            "timestamp": 1467714036674,
            "sequence_id": 3,
            "section_id": "1",
            "activity_id": "0",
            "activity_kind": "planning",
            "data": {
                "kind": "Click",
                "what": "statement_pane",
                "which": "Planification du protocole expérimental",
                "x": 1297,
                "y": 440
            }
        },
        {
            "user_id": "video",
            "session_id": "video_1467714087513",
            "timestamp": 1467714039347,
            "sequence_id": 3,
            "section_id": "1",
            "activity_id": "0",
            "activity_kind": "planning",
            "data": {
                "kind": "Click",
                "what": "add_event_culture",
                "which": "Planification du protocole expérimental",
                "x": 1396,
                "y": 321
            }
        },
        {
            "user_id": "video",
            "session_id": "video_1467714087513",
            "timestamp": 1467714040797,
            "sequence_id": 3,
            "section_id": "1",
            "activity_id": "0",
            "activity_kind": "planning",
            "data": {
                "kind": "Click",
                "what": "check_temoin",
                "which": "Planification du protocole expérimental",
                "x": 1265,
                "y": 418
            }
        },
        {
            "user_id": "video",
            "session_id": "video_1467714087513",
            "timestamp": 1467714043490,
            "sequence_id": 3,
            "section_id": "1",
            "activity_id": "0",
            "activity_kind": "transition",
            "data": {
                "kind": "Click",
                "what": "btn_bar",
                "which": "Planification du protocole expérimental",
                "x": 1468,
                "y": 683
            }
        },
        {
            "user_id": "video",
            "session_id": "video_1467714087513",
            "timestamp": 1467714048144,
            "sequence_id": 3,
            "section_id": "2",
            "activity_id": "-1",
            "activity_kind": "type",
            "data": {
                "kind": "Click",
                "what": "next_btn",
                "which": "undefined",
                "x": 1451,
                "y": 683
            }
        },
        {
            "user_id": "video",
            "session_id": "video_1467714087513",
            "timestamp": 1467714052415,
            "sequence_id": 3,
            "section_id": "2",
            "activity_id": "0",
            "activity_kind": "type",
            "data": {
                "kind": "Click",
                "what": "outer_pane",
                "which": "body",
                "x": 1336,
                "y": 190
            }
        },
        {
            "user_id": "video",
            "session_id": "video_1467714087513",
            "timestamp": 1467714059119,
            "sequence_id": 3,
            "section_id": "2",
            "activity_id": "0",
            "activity_kind": "type",
            "data": {
                "kind": "Click",
                "what": "outer_pane",
                "which": "body",
                "x": 1378,
                "y": 483
            }
        },
        {
            "user_id": "video",
            "session_id": "video_1467714087513",
            "timestamp": 1467714060876,
            "sequence_id": 3,
            "section_id": "2",
            "activity_id": "0",
            "activity_kind": "type",
            "data": {
                "kind": "Click",
                "what": "outer_pane",
                "which": "body",
                "x": 1247,
                "y": 372
            }
        },
        {
            "user_id": "video",
            "session_id": "video_1467714087513",
            "timestamp": 1467714061825,
            "sequence_id": 3,
            "section_id": "2",
            "activity_id": "0",
            "activity_kind": "type",
            "data": {
                "kind": "Click",
                "what": "outer_pane",
                "which": "body",
                "x": 1226,
                "y": 636
            }
        },
        {
            "user_id": "video",
            "session_id": "video_1467714087513",
            "timestamp": 1467714062675,
            "sequence_id": 3,
            "section_id": "2",
            "activity_id": "0",
            "activity_kind": "dragdrop",
            "data": {
                "kind": "Click",
                "what": "previous_btn",
                "which": "libellé",
                "x": 1193,
                "y": 685
            }
        },
        {
            "user_id": "video",
            "session_id": "video_1467714087513",
            "timestamp": 1467714064401,
            "sequence_id": 3,
            "section_id": "0",
            "activity_id": "0",
            "activity_kind": "dragdrop",
            "data": {
                "kind": "MousePressed",
                "what": "DD_sticker",
                "x": 1376,
                "y": 289
            }
        },
        {
            "user_id": "video",
            "session_id": "video_1467714087513",
            "timestamp": 1467714065191,
            "sequence_id": 3,
            "section_id": "0",
            "activity_id": "0",
            "activity_kind": "dragdrop",
            "data": {
                "kind": "MouseReleased",
                "what": "statement_pane",
                "which": "Hypothèses à vérifier",
                "x": 1180,
                "y": 566
            }
        },
        {
            "user_id": "video",
            "session_id": "video_1467714087513",
            "timestamp": 1467714065584,
            "sequence_id": 3,
            "section_id": "0",
            "activity_id": "0",
            "activity_kind": "dragdrop",
            "data": {
                "kind": "MousePressed",
                "what": "DD_sticker",
                "x": 1381,
                "y": 398
            }
        },
        {
            "user_id": "video",
            "session_id": "video_1467714087513",
            "timestamp": 1467714066335,
            "sequence_id": 3,
            "section_id": "0",
            "activity_id": "0",
            "activity_kind": "dragdrop",
            "data": {
                "kind": "MouseReleased",
                "what": "statement_pane",
                "which": "Hypothèses à vérifier",
                "x": 1178,
                "y": 577
            }
        },
        {
            "user_id": "video",
            "session_id": "video_1467714087513",
            "timestamp": 1467714067199,
            "sequence_id": 3,
            "section_id": "0",
            "activity_id": "0",
            "activity_kind": "dragdrop",
            "data": {
                "kind": "MousePressed",
                "what": "correct_btn",
                "which": "Hypothèses à vérifier",
                "x": 1174,
                "y": 686
            }
        },
        {
            "user_id": "video",
            "session_id": "video_1467714087513",
            "timestamp": 1467714067287,
            "sequence_id": 3,
            "section_id": "0",
            "activity_id": "0",
            "activity_kind": "dragdrop",
            "data": {
                "kind": "MouseReleased",
                "what": "correct_btn",
                "which": "Hypothèses à vérifier",
                "x": 1174,
                "y": 687
            }
        },
        {
            "user_id": "video",
            "session_id": "video_1467714087513",
            "timestamp": 1467714067295,
            "sequence_id": 3,
            "section_id": "0",
            "activity_id": "0",
            "activity_kind": "dragdrop",
            "data": {
                "kind": "Click",
                "what": "correct_btn",
                "which": "Hypothèses à vérifier",
                "x": 1174,
                "y": 687
            }
        },
        {
            "user_id": "video",
            "session_id": "video_1467714087513",
            "timestamp": 1467714070106,
            "sequence_id": 3,
            "section_id": 0,
            "activity_id": 0,
            "activity_kind": "dragdrop",
            "data": {
                "kind": "MousePressed",
                "what": "menu_item",
                "which": "Expérimentation n°1",
                "x": 509,
                "y": 418
            }
        },
        {
            "user_id": "video",
            "session_id": "video_1467714087513",
            "timestamp": 1467714070191,
            "sequence_id": 3,
            "section_id": 0,
            "activity_id": 0,
            "activity_kind": "dragdrop",
            "data": {
                "kind": "MouseReleased",
                "what": "menu_item",
                "which": "Expérimentation n°1",
                "x": 509,
                "y": 418
            }
        },
        {
            "user_id": "video",
            "session_id": "video_1467714087513",
            "timestamp": 1467714070206,
            "sequence_id": 3,
            "section_id": 2,
            "activity_id": 0,
            "activity_kind": "type",
            "data": {
                "kind": "Click",
                "what": "menu_item",
                "which": "Expérimentation n°1",
                "x": 509,
                "y": 418
            }
        },
        {
            "user_id": "video",
            "session_id": "video_1467714087513",
            "timestamp": 1467714076804,
            "sequence_id": 3,
            "section_id": "2",
            "activity_id": "0",
            "activity_kind": "type",
            "data": {
                "kind": "Click",
                "what": "outer_pane",
                "which": "body",
                "x": 1332,
                "y": 344
            }
        },
        {
            "user_id": "video",
            "session_id": "video_1467714087513",
            "timestamp": 1467714080586,
            "sequence_id": 3,
            "section_id": "2",
            "activity_id": "0",
            "activity_kind": "type",
            "data": {
                "kind": "Click",
                "what": "outer_pane",
                "which": "body",
                "x": 1336,
                "y": 284
            }
        },
        {
            "user_id": "video",
            "session_id": "video_1467714087513",
            "timestamp": 1467714082322,
            "sequence_id": 3,
            "section_id": "2",
            "activity_id": "0",
            "activity_kind": "type",
            "data": {
                "kind": "Click",
                "what": "outer_pane",
                "which": "body",
                "x": 1336,
                "y": 314
            }
        },
        {
            "user_id": "video",
            "session_id": "video_1467714087513",
            "timestamp": 1467714084263,
            "sequence_id": 3,
            "section_id": "2",
            "activity_id": "0",
            "activity_kind": "type",
            "data": {
                "kind": "Click",
                "what": "outer_pane",
                "which": "body",
                "x": 1336,
                "y": 305
            }
        },
        {
            "user_id": "video",
            "session_id": "video_1467714087513",
            "timestamp": 1467714087222,
            "sequence_id": 3,
            "section_id": "2",
            "activity_id": "0",
            "activity_kind": "type",
            "data": {
                "kind": "Click",
                "what": "outer_pane",
                "which": "body",
                "x": 1246,
                "y": 362
            }
        },
        {
            "user_id": "video",
            "session_id": "video_1467714087513",
            "timestamp": 1467714091247,
            "sequence_id": 3,
            "section_id": "2",
            "activity_id": "0",
            "activity_kind": "dragdrop",
            "data": {
                "kind": "Click",
                "what": "previous_btn",
                "which": "libellé",
                "x": 1246,
                "y": 679
            }
        },
        {
            "user_id": "video",
            "session_id": "video_1467714087513",
            "timestamp": 1467714092847,
            "sequence_id": 3,
            "section_id": "0",
            "activity_id": "0",
            "activity_kind": "dragdrop",
            "data": {
                "kind": "MousePressed",
                "what": "DD_sticker",
                "x": 1420,
                "y": 555
            }
        },
        {
            "user_id": "video",
            "session_id": "video_1467714087513",
            "timestamp": 1467714093566,
            "sequence_id": 3,
            "section_id": "0",
            "activity_id": "0",
            "activity_kind": "dragdrop",
            "data": {
                "kind": "MouseReleased",
                "what": "statement_pane",
                "which": "Hypothèses à vérifier",
                "x": 1158,
                "y": 195
            }
        },
        {
            "user_id": "video",
            "session_id": "video_1467714087513",
            "timestamp": 1467714095165,
            "sequence_id": 3,
            "section_id": "0",
            "activity_id": "0",
            "activity_kind": "dragdrop",
            "data": {
                "kind": "MousePressed",
                "what": "statement_pane",
                "which": "Hypothèses à vérifier",
                "x": 1571,
                "y": 413
            }
        },
        {
            "user_id": "video",
            "session_id": "video_1467714087513",
            "timestamp": 1467714095365,
            "sequence_id": 3,
            "section_id": "0",
            "activity_id": "0",
            "activity_kind": "dragdrop",
            "data": {
                "kind": "MouseReleased",
                "what": "statement_pane",
                "which": "Hypothèses à vérifier",
                "x": 1577,
                "y": 475
            }
        },
        {
            "user_id": "video",
            "session_id": "video_1467714087513",
            "timestamp": 1467714095703,
            "sequence_id": 3,
            "section_id": "0",
            "activity_id": "0",
            "activity_kind": "dragdrop",
            "data": {
                "kind": "MousePressed",
                "what": "DD_sticker",
                "x": 1470,
                "y": 519
            }
        },
        {
            "user_id": "video",
            "session_id": "video_1467714087513",
            "timestamp": 1467714096533,
            "sequence_id": 3,
            "section_id": "0",
            "activity_id": "0",
            "activity_kind": "dragdrop",
            "data": {
                "kind": "MouseReleased",
                "what": "statement_pane",
                "which": "Hypothèses à vérifier",
                "x": 1133,
                "y": 351
            }
        },
        {
            "user_id": "video",
            "session_id": "video_1467714087513",
            "timestamp": 1467714097525,
            "sequence_id": 3,
            "section_id": "0",
            "activity_id": "0",
            "activity_kind": "dragdrop",
            "data": {
                "kind": "MousePressed",
                "what": "correct_btn",
                "which": "Hypothèses à vérifier",
                "x": 1154,
                "y": 684
            }
        },
        {
            "user_id": "video",
            "session_id": "video_1467714087513",
            "timestamp": 1467714097613,
            "sequence_id": 3,
            "section_id": "0",
            "activity_id": "0",
            "activity_kind": "dragdrop",
            "data": {
                "kind": "MouseReleased",
                "what": "correct_btn",
                "which": "Hypothèses à vérifier",
                "x": 1155,
                "y": 684
            }
        },
        {
            "user_id": "video",
            "session_id": "video_1467714087513",
            "timestamp": 1467714097621,
            "sequence_id": 3,
            "section_id": "0",
            "activity_id": "0",
            "activity_kind": "dragdrop",
            "data": {
                "kind": "Click",
                "what": "correct_btn",
                "which": "Hypothèses à vérifier",
                "x": 1155,
                "y": 684
            }
        },
        {
            "user_id": "video",
            "session_id": "video_1467714087513",
            "timestamp": 1467714103229,
            "sequence_id": 3,
            "section_id": 0,
            "activity_id": 0,
            "activity_kind": "dragdrop",
            "data": {
                "kind": "MousePressed",
                "what": "menu_item",
                "which": "Expérimentation n°1",
                "x": 443,
                "y": 402
            }
        },
        {
            "user_id": "video",
            "session_id": "video_1467714087513",
            "timestamp": 1467714103302,
            "sequence_id": 3,
            "section_id": 2,
            "activity_id": 0,
            "activity_kind": "type",
            "data": {
                "kind": "Click",
                "what": "menu_item",
                "which": "Expérimentation n°1",
                "x": 443,
                "y": 402
            }
        },
        {
            "user_id": "video",
            "session_id": "video_1467714087513",
            "timestamp": 1467714103293,
            "sequence_id": 3,
            "section_id": 0,
            "activity_id": 0,
            "activity_kind": "dragdrop",
            "data": {
                "kind": "MouseReleased",
                "what": "menu_item",
                "which": "Expérimentation n°1",
                "x": 443,
                "y": 402
            }
        },
        {
            "user_id": "video",
            "session_id": "video_1467714087513",
            "timestamp": 1467714106140,
            "sequence_id": 3,
            "section_id": "2",
            "activity_id": "0",
            "activity_kind": "type",
            "data": {
                "kind": "Click",
                "what": "outer_pane",
                "which": "body",
                "x": 1357,
                "y": 322
            }
        },
        {
            "user_id": "video",
            "session_id": "video_1467714087513",
            "timestamp": 1467714111965,
            "sequence_id": 3,
            "section_id": "2",
            "activity_id": "0",
            "activity_kind": "type",
            "data": {
                "kind": "Click",
                "what": "outer_pane",
                "which": "body",
                "x": 1383,
                "y": 566
            }
        },
        {
            "user_id": "video",
            "session_id": "video_1467714087513",
            "timestamp": 1467714114533,
            "sequence_id": 3,
            "section_id": "2",
            "activity_id": "0",
            "activity_kind": "type",
            "data": {
                "kind": "Click",
                "what": "outer_pane",
                "which": "body",
                "x": 1240,
                "y": 370
            }
        },
        {
            "user_id": "video",
            "session_id": "video_1467714087513",
            "timestamp": 1467714115795,
            "sequence_id": 3,
            "section_id": "2",
            "activity_id": "0",
            "activity_kind": "dragdrop",
            "data": {
                "kind": "Click",
                "what": "previous_btn",
                "which": "libellé",
                "x": 1162,
                "y": 691
            }
        },
        {
            "user_id": "video",
            "session_id": "video_1467714087513",
            "timestamp": 1467714117676,
            "sequence_id": 3,
            "section_id": "0",
            "activity_id": "0",
            "activity_kind": "dragdrop",
            "data": {
                "kind": "MousePressed",
                "what": "statement_pane",
                "which": "Hypothèses à vérifier",
                "x": 1570,
                "y": 393
            }
        },
        {
            "user_id": "video",
            "session_id": "video_1467714087513",
            "timestamp": 1467714118204,
            "sequence_id": 3,
            "section_id": "0",
            "activity_id": "0",
            "activity_kind": "dragdrop",
            "data": {
                "kind": "MouseReleased",
                "what": "statement_pane",
                "which": "Hypothèses à vérifier",
                "x": 1587,
                "y": 532
            }
        },
        {
            "user_id": "video",
            "session_id": "video_1467714087513",
            "timestamp": 1467714118598,
            "sequence_id": 3,
            "section_id": "0",
            "activity_id": "0",
            "activity_kind": "dragdrop",
            "data": {
                "kind": "MousePressed",
                "what": "DD_sticker",
                "x": 1459,
                "y": 531
            }
        },
        {
            "user_id": "video",
            "session_id": "video_1467714087513",
            "timestamp": 1467714119660,
            "sequence_id": 3,
            "section_id": "0",
            "activity_id": "0",
            "activity_kind": "dragdrop",
            "data": {
                "kind": "MouseReleased",
                "what": "statement_pane",
                "which": "Hypothèses à vérifier",
                "x": 1158,
                "y": 231
            }
        },
        {
            "user_id": "video",
            "session_id": "video_1467714087513",
            "timestamp": 1467714123884,
            "sequence_id": 3,
            "section_id": "0",
            "activity_id": "0",
            "activity_kind": "dragdrop",
            "data": {
                "kind": "MousePressed",
                "what": "correct_btn",
                "which": "Hypothèses à vérifier",
                "x": 1157,
                "y": 678
            }
        },
        {
            "user_id": "video",
            "session_id": "video_1467714087513",
            "timestamp": 1467714123953,
            "sequence_id": 3,
            "section_id": "0",
            "activity_id": "0",
            "activity_kind": "dragdrop",
            "data": {
                "kind": "Click",
                "what": "btn_bar",
                "which": "Hypothèses à vérifier",
                "x": 1157,
                "y": 678
            }
        },
        {
            "user_id": "video",
            "session_id": "video_1467714087513",
            "timestamp": 1467714123948,
            "sequence_id": 3,
            "section_id": "0",
            "activity_id": "0",
            "activity_kind": "dragdrop",
            "data": {
                "kind": "MouseReleased",
                "what": "correct_btn",
                "which": "Hypothèses à vérifier",
                "x": 1157,
                "y": 678
            }
        },
        {
            "user_id": "video",
            "session_id": "video_1467714087513",
            "timestamp": 1467714127556,
            "sequence_id": 3,
            "section_id": "0",
            "activity_id": "0",
            "activity_kind": "dragdrop",
            "data": {
                "kind": "MousePressed",
                "what": "next_btn",
                "which": "Hypothèses à vérifier",
                "x": 1543,
                "y": 692
            }
        },
        {
            "user_id": "video",
            "session_id": "video_1467714087513",
            "timestamp": 1467714127636,
            "sequence_id": 3,
            "section_id": "0",
            "activity_id": "0",
            "activity_kind": "dragdrop",
            "data": {
                "kind": "MouseReleased",
                "what": "next_btn",
                "which": "Hypothèses à vérifier",
                "x": 1544,
                "y": 692
            }
        },
        {
            "user_id": "video",
            "session_id": "video_1467714087513",
            "timestamp": 1467714127650,
            "sequence_id": 3,
            "section_id": "0",
            "activity_id": "0",
            "activity_kind": "dragdrop",
            "data": {
                "kind": "Click",
                "what": "next_btn",
                "which": "Hypothèses à vérifier",
                "x": 1544,
                "y": 692
            }
        },
        {
            "user_id": "video",
            "session_id": "video_1467714087513",
            "timestamp": 1467714139987,
            "sequence_id": 3,
            "section_id": "0",
            "activity_id": "0",
            "activity_kind": "dragdrop",
            "data": {
                "kind": "MousePressed",
                "what": "next_btn",
                "which": "Hypothèses à vérifier",
                "x": 1528,
                "y": 686
            }
        },
        {
            "user_id": "video",
            "session_id": "video_1467714087513",
            "timestamp": 1467714140139,
            "sequence_id": 3,
            "section_id": "0",
            "activity_id": "0",
            "activity_kind": "dragdrop",
            "data": {
                "kind": "MouseReleased",
                "what": "next_btn",
                "which": "Hypothèses à vérifier",
                "x": 1529,
                "y": 687
            }
        },
        {
            "user_id": "video",
            "session_id": "video_1467714087513",
            "timestamp": 1467714140156,
            "sequence_id": 3,
            "section_id": "0",
            "activity_id": "0",
            "data": {
                "kind": "Click",
                "what": "next_btn",
                "which": "Hypothèses à vérifier",
                "x": 1529,
                "y": 687
            }
        }
    ]
}