{
    "events": [
        {
            "user_id": "21004482",
            "session_id": "21004482_1475682686313",
            "timestamp": 1475669890003,
            "sequence_id": 1,
            "section_id": "0",
            "activity_id": "-1",
            "activity_kind": "dragdrop",
            "data": {
                "kind": "Click",
                "what": "next_btn",
                "which": "requirements",
                "x": 1194,
                "y": 698
            }
        },
        {
            "user_id": "21004482",
            "session_id": "21004482_1475682686313",
            "timestamp": 1475669903306,
            "sequence_id": 1,
            "section_id": "0",
            "activity_id": "0",
            "activity_kind": "dragdrop",
            "data": {
                "kind": "MousePressed",
                "what": "DD_sticker",
                "which": "G1",
                "x": 1014,
                "y": 337
            }
        },
        {
            "user_id": "21004482",
            "session_id": "21004482_1475682686313",
            "timestamp": 1475669906288,
            "sequence_id": 1,
            "section_id": "0",
            "activity_id": "0",
            "activity_kind": "dragdrop",
            "data": {
                "kind": "MouseReleased",
                "what": "DD_sticker",
                "which": "G1",
                "x": 757,
                "y": 331
            }
        },
        {
            "user_id": "21004482",
            "session_id": "21004482_1475682686313",
            "timestamp": 1475669908274,
            "sequence_id": 1,
            "section_id": "0",
            "activity_id": "0",
            "activity_kind": "dragdrop",
            "data": {
                "kind": "MousePressed",
                "what": "DD_sticker",
                "which": "G0",
                "x": 1039,
                "y": 274
            }
        },
        {
            "user_id": "21004482",
            "session_id": "21004482_1475682686313",
            "timestamp": 1475669910647,
            "sequence_id": 1,
            "section_id": "0",
            "activity_id": "0",
            "activity_kind": "dragdrop",
            "data": {
                "kind": "MouseReleased",
                "what": "DD_sticker",
                "which": "G0",
                "x": 856,
                "y": 254
            }
        },
        {
            "user_id": "21004482",
            "session_id": "21004482_1475682686313",
            "timestamp": 1475669912472,
            "sequence_id": 1,
            "section_id": "0",
            "activity_id": "0",
            "activity_kind": "dragdrop",
            "data": {
                "kind": "MousePressed",
                "what": "DD_sticker",
                "which": "S",
                "x": 1109,
                "y": 272
            }
        },
        {
            "user_id": "21004482",
            "session_id": "21004482_1475682686313",
            "timestamp": 1475669914479,
            "sequence_id": 1,
            "section_id": "0",
            "activity_id": "0",
            "activity_kind": "dragdrop",
            "data": {
                "kind": "MouseReleased",
                "what": "DD_sticker",
                "which": "S",
                "x": 709,
                "y": 520
            }
        },
        {
            "user_id": "21004482",
            "session_id": "21004482_1475682686313",
            "timestamp": 1475669917832,
            "sequence_id": 1,
            "section_id": "0",
            "activity_id": "0",
            "activity_kind": "dragdrop",
            "data": {
                "kind": "MousePressed",
                "what": "DD_sticker",
                "which": "G2",
                "x": 981,
                "y": 269
            }
        },
        {
            "user_id": "21004482",
            "session_id": "21004482_1475682686313",
            "timestamp": 1475669920783,
            "sequence_id": 1,
            "section_id": "0",
            "activity_id": "0",
            "activity_kind": "dragdrop",
            "data": {
                "kind": "MouseReleased",
                "what": "DD_sticker",
                "which": "G2",
                "x": 479,
                "y": 464
            }
        },
        {
            "user_id": "21004482",
            "session_id": "21004482_1475682686313",
            "timestamp": 1475669922608,
            "sequence_id": 1,
            "section_id": "0",
            "activity_id": "0",
            "activity_kind": "dragdrop",
            "data": {
                "kind": "MousePressed",
                "what": "DD_sticker",
                "which": "M",
                "x": 1188,
                "y": 323
            }
        },
        {
            "user_id": "21004482",
            "session_id": "21004482_1475682686313",
            "timestamp": 1475669924535,
            "sequence_id": 1,
            "section_id": "0",
            "activity_id": "0",
            "activity_kind": "dragdrop",
            "data": {
                "kind": "MouseReleased",
                "what": "DD_sticker",
                "which": "M",
                "x": 545,
                "y": 252
            }
        },
        {
            "user_id": "21004482",
            "session_id": "21004482_1475682686313",
            "timestamp": 1475669928816,
            "sequence_id": 1,
            "section_id": "0",
            "activity_id": "0",
            "activity_kind": "dragdrop",
            "data": {
                "kind": "MousePressed",
                "what": "DD_sticker",
                "which": "/ressources/act0/dd1.png",
                "x": 1159,
                "y": 415
            }
        },
        {
            "user_id": "21004482",
            "session_id": "21004482_1475682686313",
            "timestamp": 1475669933977,
            "sequence_id": 1,
            "section_id": "0",
            "activity_id": "0",
            "activity_kind": "dragdrop",
            "data": {
                "kind": "MouseReleased",
                "what": "DD_sticker",
                "which": "/ressources/act0/dd1.png",
                "x": 1174,
                "y": 436
            }
        },
        {
            "user_id": "21004482",
            "session_id": "21004482_1475682686313",
            "timestamp": 1475669937368,
            "sequence_id": 1,
            "section_id": "0",
            "activity_id": "0",
            "activity_kind": "dragdrop",
            "data": {
                "kind": "MousePressed",
                "what": "DD_sticker",
                "which": "/ressources/act0/dd3.png",
                "x": 1163,
                "y": 546
            }
        },
        {
            "user_id": "21004482",
            "session_id": "21004482_1475682686313",
            "timestamp": 1475669938351,
            "sequence_id": 1,
            "section_id": "0",
            "activity_id": "0",
            "activity_kind": "dragdrop",
            "data": {
                "kind": "MouseReleased",
                "what": "DD_sticker",
                "which": "/ressources/act0/dd3.png",
                "x": 522,
                "y": 181
            }
        },
        {
            "user_id": "21004482",
            "session_id": "21004482_1475682686313",
            "timestamp": 1475669940632,
            "sequence_id": 1,
            "section_id": "0",
            "activity_id": "0",
            "activity_kind": "dragdrop",
            "data": {
                "kind": "MousePressed",
                "what": "DD_sticker",
                "which": "/ressources/act0/dd3.png",
                "x": 464,
                "y": 165
            }
        },
        {
            "user_id": "21004482",
            "session_id": "21004482_1475682686313",
            "timestamp": 1475669942990,
            "sequence_id": 1,
            "section_id": "0",
            "activity_id": "0",
            "activity_kind": "dragdrop",
            "data": {
                "kind": "MouseReleased",
                "what": "DD_sticker",
                "which": "/ressources/act0/dd3.png",
                "x": 493,
                "y": 183
            }
        },
        {
            "user_id": "21004482",
            "session_id": "21004482_1475682686313",
            "timestamp": 1475669944399,
            "sequence_id": 1,
            "section_id": "0",
            "activity_id": "0",
            "activity_kind": "dragdrop",
            "data": {
                "kind": "MousePressed",
                "what": "DD_sticker",
                "which": "/ressources/act0/dd1.png",
                "x": 1169,
                "y": 425
            }
        },
        {
            "user_id": "21004482",
            "session_id": "21004482_1475682686313",
            "timestamp": 1475669948422,
            "sequence_id": 1,
            "section_id": "0",
            "activity_id": "0",
            "activity_kind": "dragdrop",
            "data": {
                "kind": "MouseReleased",
                "what": "DD_sticker",
                "which": "/ressources/act0/dd1.png",
                "x": 875,
                "y": 378
            }
        },
        {
            "user_id": "21004482",
            "session_id": "21004482_1475682686313",
            "timestamp": 1475669964974,
            "sequence_id": 1,
            "section_id": "0",
            "activity_id": "0",
            "activity_kind": "dragdrop",
            "data": {
                "kind": "MousePressed",
                "what": "DD_sticker",
                "which": "/ressources/act0/dd4.png",
                "x": 1055,
                "y": 535
            }
        },
        {
            "user_id": "21004482",
            "session_id": "21004482_1475682686313",
            "timestamp": 1475669966189,
            "sequence_id": 1,
            "section_id": "0",
            "activity_id": "0",
            "activity_kind": "dragdrop",
            "data": {
                "kind": "MouseReleased",
                "what": "DD_sticker",
                "which": "/ressources/act0/dd4.png",
                "x": 803,
                "y": 568
            }
        },
        {
            "user_id": "21004482",
            "session_id": "21004482_1475682686313",
            "timestamp": 1475669967990,
            "sequence_id": 1,
            "section_id": "0",
            "activity_id": "0",
            "activity_kind": "dragdrop",
            "data": {
                "kind": "MousePressed",
                "what": "DD_sticker",
                "which": "/ressources/act0/dd2.png",
                "x": 1047,
                "y": 430
            }
        },
        {
            "user_id": "21004482",
            "session_id": "21004482_1475682686313",
            "timestamp": 1475669969341,
            "sequence_id": 1,
            "section_id": "0",
            "activity_id": "0",
            "activity_kind": "dragdrop",
            "data": {
                "kind": "MouseReleased",
                "what": "DD_sticker",
                "which": "/ressources/act0/dd2.png",
                "x": 404,
                "y": 528
            }
        },
        {
            "user_id": "21004482",
            "session_id": "21004482_1475682686313",
            "timestamp": 1475669971829,
            "sequence_id": 1,
            "section_id": "0",
            "activity_id": "0",
            "activity_kind": "dragdrop",
            "data": {
                "kind": "MousePressed",
                "what": "correct_btn",
                "which": "Les phases du cycle cellulaire",
                "x": 1218,
                "y": 689
            }
        },
        {
            "user_id": "21004482",
            "session_id": "21004482_1475682686313",
            "timestamp": 1475669971965,
            "sequence_id": 1,
            "section_id": "0",
            "activity_id": "0",
            "activity_kind": "dragdrop",
            "data": {
                "kind": "MouseReleased",
                "what": "correct_btn",
                "which": "Les phases du cycle cellulaire",
                "x": 1218,
                "y": 689
            }
        },
        {
            "user_id": "21004482",
            "session_id": "21004482_1475682686313",
            "timestamp": 1475669971972,
            "sequence_id": 1,
            "section_id": "0",
            "activity_id": "0",
            "activity_kind": "dragdrop",
            "data": {
                "kind": "Click",
                "what": "correct_btn",
                "which": "Les phases du cycle cellulaire",
                "x": 1218,
                "y": 689
            }
        },
        {
            "user_id": "21004482",
            "session_id": "21004482_1475682686313",
            "timestamp": 1475669984790,
            "sequence_id": 1,
            "section_id": "0",
            "activity_id": "0",
            "activity_kind": "dragdrop",
            "data": {
                "kind": "MousePressed",
                "what": "next_btn",
                "which": "Les phases du cycle cellulaire",
                "x": 1218,
                "y": 689
            }
        },
        {
            "user_id": "21004482",
            "session_id": "21004482_1475682686313",
            "timestamp": 1475669984916,
            "sequence_id": 1,
            "section_id": "0",
            "activity_id": "0",
            "activity_kind": "dragdrop",
            "data": {
                "kind": "MouseReleased",
                "what": "next_btn",
                "which": "Les phases du cycle cellulaire",
                "x": 1218,
                "y": 689
            }
        },
        {
            "user_id": "21004482",
            "session_id": "21004482_1475682686313",
            "timestamp": 1475669984939,
            "sequence_id": 1,
            "section_id": "0",
            "activity_id": "0",
            "activity_kind": "dragdrop",
            "data": {
                "kind": "Click",
                "what": "next_btn",
                "which": "Les phases du cycle cellulaire",
                "x": 1218,
                "y": 689
            }
        },
        {
            "user_id": "21004482",
            "session_id": "21004482_1475682686313",
            "timestamp": 1475669988060,
            "sequence_id": 1,
            "section_id": "0",
            "activity_id": "0",
            "activity_kind": "dragdrop",
            "data": {
                "kind": "MousePressed",
                "what": "previous_btn",
                "which": "Les phases du cycle cellulaire",
                "x": 399,
                "y": 687
            }
        },
        {
            "user_id": "21004482",
            "session_id": "21004482_1475682686313",
            "timestamp": 1475669988156,
            "sequence_id": 1,
            "section_id": "0",
            "activity_id": "0",
            "activity_kind": "dragdrop",
            "data": {
                "kind": "MouseReleased",
                "what": "previous_btn",
                "which": "Les phases du cycle cellulaire",
                "x": 399,
                "y": 687
            }
        },
        {
            "user_id": "21004482",
            "session_id": "21004482_1475682686313",
            "timestamp": 1475669988168,
            "sequence_id": 1,
            "section_id": "0",
            "activity_id": "0",
            "activity_kind": "transition",
            "data": {
                "kind": "Click",
                "what": "previous_btn",
                "which": "Les phases du cycle cellulaire",
                "x": 399,
                "y": 687
            }
        },
        {
            "user_id": "21004482",
            "session_id": "21004482_1475682686313",
            "timestamp": 1475669990029,
            "sequence_id": 1,
            "section_id": "0",
            "activity_id": "-1",
            "activity_kind": "dragdrop",
            "data": {
                "kind": "Click",
                "what": "next_btn",
                "which": "requirements",
                "x": 1225,
                "y": 688
            }
        },
        {
            "user_id": "21004482",
            "session_id": "21004482_1475682686313",
            "timestamp": 1475670031090,
            "sequence_id": 1,
            "section_id": "0",
            "activity_id": "0",
            "activity_kind": "dragdrop",
            "data": {
                "kind": "MousePressed",
                "what": "next_btn",
                "which": "Les phases du cycle cellulaire",
                "x": 1246,
                "y": 697
            }
        },
        {
            "user_id": "21004482",
            "session_id": "21004482_1475682686313",
            "timestamp": 1475670031210,
            "sequence_id": 1,
            "section_id": "0",
            "activity_id": "0",
            "activity_kind": "dragdrop",
            "data": {
                "kind": "MouseReleased",
                "what": "next_btn",
                "which": "Les phases du cycle cellulaire",
                "x": 1246,
                "y": 697
            }
        },
        {
            "user_id": "21004482",
            "session_id": "21004482_1475682686313",
            "timestamp": 1475670031227,
            "sequence_id": 1,
            "section_id": "0",
            "activity_id": "0",
            "activity_kind": "transition",
            "data": {
                "kind": "Click",
                "what": "next_btn",
                "which": "Les phases du cycle cellulaire",
                "x": 1246,
                "y": 697
            }
        },
        {
            "user_id": "21004482",
            "session_id": "21004482_1475682686313",
            "timestamp": 1475670066505,
            "sequence_id": 1,
            "section_id": "1",
            "activity_id": "-1",
            "activity_kind": "dragdrop",
            "data": {
                "kind": "Click",
                "what": "next_btn",
                "which": "hypothesis",
                "x": 1287,
                "y": 697
            }
        },
        {
            "user_id": "21004482",
            "session_id": "21004482_1475682686313",
            "timestamp": 1475670159895,
            "sequence_id": 1,
            "section_id": "1",
            "activity_id": "0",
            "activity_kind": "dragdrop",
            "data": {
                "kind": "MousePressed",
                "what": "DD_sticker",
                "which": "0h30",
                "x": 1063,
                "y": 436
            }
        },
        {
            "user_id": "21004482",
            "session_id": "21004482_1475682686313",
            "timestamp": 1475670162070,
            "sequence_id": 1,
            "section_id": "1",
            "activity_id": "0",
            "activity_kind": "dragdrop",
            "data": {
                "kind": "MouseReleased",
                "what": "DD_sticker",
                "which": "0h30",
                "x": 639,
                "y": 161
            }
        },
        {
            "user_id": "21004482",
            "session_id": "21004482_1475682686313",
            "timestamp": 1475670166510,
            "sequence_id": 1,
            "section_id": "1",
            "activity_id": "0",
            "activity_kind": "dragdrop",
            "data": {
                "kind": "MousePressed",
                "what": "DD_sticker",
                "which": "9h",
                "x": 1216,
                "y": 515
            }
        },
        {
            "user_id": "21004482",
            "session_id": "21004482_1475682686313",
            "timestamp": 1475670171894,
            "sequence_id": 1,
            "section_id": "1",
            "activity_id": "0",
            "activity_kind": "dragdrop",
            "data": {
                "kind": "MouseReleased",
                "what": "DD_sticker",
                "which": "9h",
                "x": 1232,
                "y": 520
            }
        },
        {
            "user_id": "21004482",
            "session_id": "21004482_1475682686313",
            "timestamp": 1475670171941,
            "sequence_id": 1,
            "section_id": "1",
            "activity_id": "0",
            "activity_kind": "dragdrop",
            "data": {
                "kind": "MousePressed",
                "what": "DD_sticker",
                "which": "9h",
                "x": 1211,
                "y": 511
            }
        },
        {
            "user_id": "21004482",
            "session_id": "21004482_1475682686313",
            "timestamp": 1475670172254,
            "sequence_id": 1,
            "section_id": "1",
            "activity_id": "0",
            "activity_kind": "dragdrop",
            "data": {
                "kind": "MouseReleased",
                "what": "DD_sticker",
                "which": "9h",
                "x": 1211,
                "y": 511
            }
        },
        {
            "user_id": "21004482",
            "session_id": "21004482_1475682686313",
            "timestamp": 1475670172257,
            "sequence_id": 1,
            "section_id": "1",
            "activity_id": "0",
            "activity_kind": "dragdrop",
            "data": {
                "kind": "Click",
                "what": "DD_sticker",
                "which": "9h",
                "x": 1211,
                "y": 511
            }
        },
        {
            "user_id": "21004482",
            "session_id": "21004482_1475682686313",
            "timestamp": 1475670173149,
            "sequence_id": 1,
            "section_id": "1",
            "activity_id": "0",
            "activity_kind": "dragdrop",
            "data": {
                "kind": "MousePressed",
                "what": "DD_sticker",
                "which": "14h",
                "x": 1137,
                "y": 515
            }
        },
        {
            "user_id": "21004482",
            "session_id": "21004482_1475682686313",
            "timestamp": 1475670175764,
            "sequence_id": 1,
            "section_id": "1",
            "activity_id": "0",
            "activity_kind": "dragdrop",
            "data": {
                "kind": "MouseReleased",
                "what": "DD_sticker",
                "which": "14h",
                "x": 1134,
                "y": 511
            }
        },
        {
            "user_id": "21004482",
            "session_id": "21004482_1475682686313",
            "timestamp": 1475670178741,
            "sequence_id": 1,
            "section_id": "1",
            "activity_id": "0",
            "activity_kind": "dragdrop",
            "data": {
                "kind": "MousePressed",
                "what": "DD_sticker",
                "which": "0h30",
                "x": 626,
                "y": 155
            }
        },
        {
            "user_id": "21004482",
            "session_id": "21004482_1475682686313",
            "timestamp": 1475670179396,
            "sequence_id": 1,
            "section_id": "1",
            "activity_id": "0",
            "activity_kind": "dragdrop",
            "data": {
                "kind": "MouseReleased",
                "what": "DD_sticker",
                "which": "0h30",
                "x": 1065,
                "y": 424
            }
        },
        {
            "user_id": "21004482",
            "session_id": "21004482_1475682686313",
            "timestamp": 1475670180613,
            "sequence_id": 1,
            "section_id": "1",
            "activity_id": "0",
            "activity_kind": "dragdrop",
            "data": {
                "kind": "MousePressed",
                "what": "DD_sticker",
                "which": "0h30",
                "x": 629,
                "y": 166
            }
        },
        {
            "user_id": "21004482",
            "session_id": "21004482_1475682686313",
            "timestamp": 1475670181003,
            "sequence_id": 1,
            "section_id": "1",
            "activity_id": "0",
            "activity_kind": "dragdrop",
            "data": {
                "kind": "MouseReleased",
                "what": "DD_sticker",
                "which": "0h30",
                "x": 1167,
                "y": 453
            }
        },
        {
            "user_id": "21004482",
            "session_id": "21004482_1475682686313",
            "timestamp": 1475670182157,
            "sequence_id": 1,
            "section_id": "1",
            "activity_id": "0",
            "activity_kind": "dragdrop",
            "data": {
                "kind": "MousePressed",
                "what": "DD_sticker",
                "which": "0h30",
                "x": 618,
                "y": 157
            }
        },
        {
            "user_id": "21004482",
            "session_id": "21004482_1475682686313",
            "timestamp": 1475670182252,
            "sequence_id": 1,
            "section_id": "1",
            "activity_id": "0",
            "activity_kind": "dragdrop",
            "data": {
                "kind": "MouseReleased",
                "what": "DD_sticker",
                "which": "0h30",
                "x": 618,
                "y": 157
            }
        },
        {
            "user_id": "21004482",
            "session_id": "21004482_1475682686313",
            "timestamp": 1475670182607,
            "sequence_id": 1,
            "section_id": "1",
            "activity_id": "0",
            "activity_kind": "dragdrop",
            "data": {
                "kind": "MousePressed",
                "what": "DD_sticker",
                "which": "0h30",
                "x": 618,
                "y": 164
            }
        },
        {
            "user_id": "21004482",
            "session_id": "21004482_1475682686313",
            "timestamp": 1475670184004,
            "sequence_id": 1,
            "section_id": "1",
            "activity_id": "0",
            "activity_kind": "dragdrop",
            "data": {
                "kind": "MouseReleased",
                "what": "DD_sticker",
                "which": "0h30",
                "x": 923,
                "y": 359
            }
        },
        {
            "user_id": "21004482",
            "session_id": "21004482_1475682686313",
            "timestamp": 1475670184549,
            "sequence_id": 1,
            "section_id": "1",
            "activity_id": "0",
            "activity_kind": "dragdrop",
            "data": {
                "kind": "MousePressed",
                "what": "DD_sticker",
                "which": "0h30",
                "x": 924,
                "y": 366
            }
        },
        {
            "user_id": "21004482",
            "session_id": "21004482_1475682686313",
            "timestamp": 1475670188292,
            "sequence_id": 1,
            "section_id": "1",
            "activity_id": "0",
            "activity_kind": "dragdrop",
            "data": {
                "kind": "MouseReleased",
                "what": "DD_sticker",
                "which": "0h30",
                "x": 1051,
                "y": 431
            }
        },
        {
            "user_id": "21004482",
            "session_id": "21004482_1475682686313",
            "timestamp": 1475670189589,
            "sequence_id": 1,
            "section_id": "1",
            "activity_id": "0",
            "activity_kind": "dragdrop",
            "data": {
                "kind": "MousePressed",
                "what": "DD_sticker",
                "which": "0h30",
                "x": 926,
                "y": 360
            }
        },
        {
            "user_id": "21004482",
            "session_id": "21004482_1475682686313",
            "timestamp": 1475670190564,
            "sequence_id": 1,
            "section_id": "1",
            "activity_id": "0",
            "activity_kind": "dragdrop",
            "data": {
                "kind": "MouseReleased",
                "what": "DD_sticker",
                "which": "0h30",
                "x": 871,
                "y": 695
            }
        },
        {
            "user_id": "21004482",
            "session_id": "21004482_1475682686313",
            "timestamp": 1475670207621,
            "sequence_id": 1,
            "section_id": "1",
            "activity_id": "0",
            "activity_kind": "dragdrop",
            "data": {
                "kind": "MousePressed",
                "what": "DD_sticker",
                "which": "14h",
                "x": 1127,
                "y": 516
            }
        },
        {
            "user_id": "21004482",
            "session_id": "21004482_1475682686313",
            "timestamp": 1475670211180,
            "sequence_id": 1,
            "section_id": "1",
            "activity_id": "0",
            "activity_kind": "dragdrop",
            "data": {
                "kind": "MouseReleased",
                "what": "DD_sticker",
                "which": "14h",
                "x": 812,
                "y": 575
            }
        },
        {
            "user_id": "21004482",
            "session_id": "21004482_1475682686313",
            "timestamp": 1475670212020,
            "sequence_id": 1,
            "section_id": "1",
            "activity_id": "0",
            "activity_kind": "dragdrop",
            "data": {
                "kind": "MousePressed",
                "what": "DD_sticker",
                "which": "4h45",
                "x": 1146,
                "y": 443
            }
        },
        {
            "user_id": "21004482",
            "session_id": "21004482_1475682686313",
            "timestamp": 1475670217683,
            "sequence_id": 1,
            "section_id": "1",
            "activity_id": "0",
            "activity_kind": "dragdrop",
            "data": {
                "kind": "MouseReleased",
                "what": "DD_sticker",
                "which": "4h45",
                "x": 1145,
                "y": 443
            }
        },
        {
            "user_id": "21004482",
            "session_id": "21004482_1475682686313",
            "timestamp": 1475670219388,
            "sequence_id": 1,
            "section_id": "1",
            "activity_id": "0",
            "activity_kind": "dragdrop",
            "data": {
                "kind": "MousePressed",
                "what": "DD_sticker",
                "which": "9h",
                "x": 1204,
                "y": 512
            }
        },
        {
            "user_id": "21004482",
            "session_id": "21004482_1475682686313",
            "timestamp": 1475670223523,
            "sequence_id": 1,
            "section_id": "1",
            "activity_id": "0",
            "activity_kind": "dragdrop",
            "data": {
                "kind": "MouseReleased",
                "what": "DD_sticker",
                "which": "9h",
                "x": 934,
                "y": 370
            }
        },
        {
            "user_id": "21004482",
            "session_id": "21004482_1475682686313",
            "timestamp": 1475670226076,
            "sequence_id": 1,
            "section_id": "1",
            "activity_id": "0",
            "activity_kind": "dragdrop",
            "data": {
                "kind": "MousePressed",
                "what": "DD_sticker",
                "which": "4h45",
                "x": 1128,
                "y": 429
            }
        },
        {
            "user_id": "21004482",
            "session_id": "21004482_1475682686313",
            "timestamp": 1475670232673,
            "sequence_id": 1,
            "section_id": "1",
            "activity_id": "0",
            "activity_kind": "dragdrop",
            "data": {
                "kind": "MouseReleased",
                "what": "DD_sticker",
                "which": "4h45",
                "x": 1125,
                "y": 444
            }
        },
        {
            "user_id": "21004482",
            "session_id": "21004482_1475682686313",
            "timestamp": 1475670234291,
            "sequence_id": 1,
            "section_id": "1",
            "activity_id": "0",
            "activity_kind": "dragdrop",
            "data": {
                "kind": "MousePressed",
                "what": "DD_sticker",
                "which": "14h",
                "x": 807,
                "y": 580
            }
        },
        {
            "user_id": "21004482",
            "session_id": "21004482_1475682686313",
            "timestamp": 1475670239537,
            "sequence_id": 1,
            "section_id": "1",
            "activity_id": "0",
            "activity_kind": "dragdrop",
            "data": {
                "kind": "MouseReleased",
                "what": "DD_sticker",
                "which": "14h",
                "x": 885,
                "y": 697
            }
        },
        {
            "user_id": "21004482",
            "session_id": "21004482_1475682686313",
            "timestamp": 1475670241042,
            "sequence_id": 1,
            "section_id": "1",
            "activity_id": "0",
            "activity_kind": "dragdrop",
            "data": {
                "kind": "MousePressed",
                "what": "DD_sticker",
                "which": "4h45",
                "x": 1143,
                "y": 442
            }
        },
        {
            "user_id": "21004482",
            "session_id": "21004482_1475682686313",
            "timestamp": 1475670247313,
            "sequence_id": 1,
            "section_id": "1",
            "activity_id": "0",
            "activity_kind": "dragdrop",
            "data": {
                "kind": "MouseReleased",
                "what": "DD_sticker",
                "which": "4h45",
                "x": 829,
                "y": 581
            }
        },
        {
            "user_id": "21004482",
            "session_id": "21004482_1475682686313",
            "timestamp": 1475670251521,
            "sequence_id": 1,
            "section_id": "1",
            "activity_id": "0",
            "activity_kind": "dragdrop",
            "data": {
                "kind": "MousePressed",
                "what": "DD_sticker",
                "which": "4h45",
                "x": 820,
                "y": 571
            }
        },
        {
            "user_id": "21004482",
            "session_id": "21004482_1475682686313",
            "timestamp": 1475670252185,
            "sequence_id": 1,
            "section_id": "1",
            "activity_id": "0",
            "activity_kind": "dragdrop",
            "data": {
                "kind": "MouseReleased",
                "what": "DD_sticker",
                "which": "4h45",
                "x": 1128,
                "y": 567
            }
        },
        {
            "user_id": "21004482",
            "session_id": "21004482_1475682686313",
            "timestamp": 1475670253537,
            "sequence_id": 1,
            "section_id": "1",
            "activity_id": "0",
            "activity_kind": "dragdrop",
            "data": {
                "kind": "MousePressed",
                "what": "DD_sticker",
                "which": "9h",
                "x": 933,
                "y": 374
            }
        },
        {
            "user_id": "21004482",
            "session_id": "21004482_1475682686313",
            "timestamp": 1475670254401,
            "sequence_id": 1,
            "section_id": "1",
            "activity_id": "0",
            "activity_kind": "dragdrop",
            "data": {
                "kind": "MouseReleased",
                "what": "DD_sticker",
                "which": "9h",
                "x": 894,
                "y": 685
            }
        },
        {
            "user_id": "21004482",
            "session_id": "21004482_1475682686313",
            "timestamp": 1475670255416,
            "sequence_id": 1,
            "section_id": "1",
            "activity_id": "0",
            "activity_kind": "dragdrop",
            "data": {
                "kind": "MousePressed",
                "what": "DD_sticker",
                "which": "14h",
                "x": 1141,
                "y": 517
            }
        },
        {
            "user_id": "21004482",
            "session_id": "21004482_1475682686313",
            "timestamp": 1475670258905,
            "sequence_id": 1,
            "section_id": "1",
            "activity_id": "0",
            "activity_kind": "dragdrop",
            "data": {
                "kind": "MouseReleased",
                "what": "DD_sticker",
                "which": "14h",
                "x": 840,
                "y": 589
            }
        },
        {
            "user_id": "21004482",
            "session_id": "21004482_1475682686313",
            "timestamp": 1475670261683,
            "sequence_id": 1,
            "section_id": "1",
            "activity_id": "0",
            "activity_kind": "dragdrop",
            "data": {
                "kind": "MousePressed",
                "what": "DD_sticker",
                "which": "1h00",
                "x": 1294,
                "y": 439
            }
        },
        {
            "user_id": "21004482",
            "session_id": "21004482_1475682686313",
            "timestamp": 1475670262554,
            "sequence_id": 1,
            "section_id": "1",
            "activity_id": "0",
            "activity_kind": "dragdrop",
            "data": {
                "kind": "MouseReleased",
                "what": "DD_sticker",
                "which": "1h00",
                "x": 924,
                "y": 377
            }
        },
        {
            "user_id": "21004482",
            "session_id": "21004482_1475682686313",
            "timestamp": 1475670264588,
            "sequence_id": 1,
            "section_id": "1",
            "activity_id": "0",
            "activity_kind": "dragdrop",
            "data": {
                "kind": "MousePressed",
                "what": "DD_sticker",
                "which": "4h45",
                "x": 1143,
                "y": 447
            }
        },
        {
            "user_id": "21004482",
            "session_id": "21004482_1475682686313",
            "timestamp": 1475670265313,
            "sequence_id": 1,
            "section_id": "1",
            "activity_id": "0",
            "activity_kind": "dragdrop",
            "data": {
                "kind": "MouseReleased",
                "what": "DD_sticker",
                "which": "4h45",
                "x": 495,
                "y": 472
            }
        },
        {
            "user_id": "21004482",
            "session_id": "21004482_1475682686313",
            "timestamp": 1475670266265,
            "sequence_id": 1,
            "section_id": "1",
            "activity_id": "0",
            "activity_kind": "dragdrop",
            "data": {
                "kind": "MousePressed",
                "what": "DD_sticker",
                "which": "0h30",
                "x": 1058,
                "y": 438
            }
        },
        {
            "user_id": "21004482",
            "session_id": "21004482_1475682686313",
            "timestamp": 1475670267184,
            "sequence_id": 1,
            "section_id": "1",
            "activity_id": "0",
            "activity_kind": "dragdrop",
            "data": {
                "kind": "MouseReleased",
                "what": "DD_sticker",
                "which": "0h30",
                "x": 667,
                "y": 178
            }
        },
        {
            "user_id": "21004482",
            "session_id": "21004482_1475682686313",
            "timestamp": 1475670268537,
            "sequence_id": 1,
            "section_id": "1",
            "activity_id": "0",
            "activity_kind": "dragdrop",
            "data": {
                "kind": "MousePressed",
                "what": "DD_sticker",
                "which": "0h30",
                "x": 1065,
                "y": 438
            }
        },
        {
            "user_id": "21004482",
            "session_id": "21004482_1475682686313",
            "timestamp": 1475670270089,
            "sequence_id": 1,
            "section_id": "1",
            "activity_id": "0",
            "activity_kind": "dragdrop",
            "data": {
                "kind": "MouseReleased",
                "what": "DD_sticker",
                "which": "0h30",
                "x": 660,
                "y": 178
            }
        },
        {
            "user_id": "21004482",
            "session_id": "21004482_1475682686313",
            "timestamp": 1475670271600,
            "sequence_id": 1,
            "section_id": "1",
            "activity_id": "0",
            "activity_kind": "dragdrop",
            "data": {
                "kind": "MousePressed",
                "what": "next_btn",
                "which": "La durée des phases du cycle cellulaire",
                "x": 1305,
                "y": 675
            }
        },
        {
            "user_id": "21004482",
            "session_id": "21004482_1475682686313",
            "timestamp": 1475670271696,
            "sequence_id": 1,
            "section_id": "1",
            "activity_id": "0",
            "activity_kind": "dragdrop",
            "data": {
                "kind": "MouseReleased",
                "what": "next_btn",
                "which": "La durée des phases du cycle cellulaire",
                "x": 1305,
                "y": 675
            }
        },
        {
            "user_id": "21004482",
            "session_id": "21004482_1475682686313",
            "timestamp": 1475670271717,
            "sequence_id": 1,
            "section_id": "1",
            "activity_id": "0",
            "activity_kind": "dragdrop",
            "data": {
                "kind": "Click",
                "what": "next_btn",
                "which": "La durée des phases du cycle cellulaire",
                "x": 1305,
                "y": 675
            }
        },
        {
            "user_id": "21004482",
            "session_id": "21004482_1475682686313",
            "timestamp": 1475670298583,
            "sequence_id": 1,
            "section_id": "1",
            "activity_id": "0",
            "activity_kind": "dragdrop",
            "data": {
                "kind": "MousePressed",
                "what": "next_btn",
                "which": "La durée des phases du cycle cellulaire",
                "x": 1306,
                "y": 696
            }
        },
        {
            "user_id": "21004482",
            "session_id": "21004482_1475682686313",
            "timestamp": 1475670298719,
            "sequence_id": 1,
            "section_id": "1",
            "activity_id": "0",
            "activity_kind": "dragdrop",
            "data": {
                "kind": "MouseReleased",
                "what": "next_btn",
                "which": "La durée des phases du cycle cellulaire",
                "x": 1306,
                "y": 696
            }
        },
        {
            "user_id": "21004482",
            "session_id": "21004482_1475682686313",
            "timestamp": 1475670298767,
            "sequence_id": 1,
            "section_id": "1",
            "activity_id": "0",
            "activity_kind": "curvetest",
            "data": {
                "kind": "Click",
                "what": "next_btn",
                "which": "La durée des phases du cycle cellulaire",
                "x": 1306,
                "y": 696
            }
        },
        {
            "user_id": "21004482",
            "session_id": "21004482_1475682686313",
            "timestamp": 1475670354040,
            "sequence_id": 1,
            "section_id": "1",
            "activity_id": "1",
            "activity_kind": "curvetest",
            "data": {
                "kind": "Click",
                "what": "Curve_canvas",
                "which": "Courbe de croissance dans des conditions optimales",
                "x": 463,
                "y": 496
            }
        },
        {
            "user_id": "21004482",
            "session_id": "21004482_1475682686313",
            "timestamp": 1475670359383,
            "sequence_id": 1,
            "section_id": "1",
            "activity_id": "1",
            "activity_kind": "curvetest",
            "data": {
                "kind": "Click",
                "what": "Curve_canvas",
                "which": "Courbe de croissance dans des conditions optimales",
                "x": 844,
                "y": 176
            }
        },
        {
            "user_id": "21004482",
            "session_id": "21004482_1475682686313",
            "timestamp": 1475670361943,
            "sequence_id": 1,
            "section_id": "1",
            "activity_id": "1",
            "activity_kind": "curvetest",
            "data": {
                "kind": "Click",
                "what": "Curve_canvas",
                "which": "Courbe de croissance dans des conditions optimales",
                "x": 826,
                "y": 265
            }
        },
        {
            "user_id": "21004482",
            "session_id": "21004482_1475682686313",
            "timestamp": 1475670368167,
            "sequence_id": 1,
            "section_id": "1",
            "activity_id": "1",
            "activity_kind": "curvetest",
            "data": {
                "kind": "Click",
                "what": "Curve_canvas",
                "which": "Courbe de croissance dans des conditions optimales",
                "x": 658,
                "y": 498
            }
        },
        {
            "user_id": "21004482",
            "session_id": "21004482_1475682686313",
            "timestamp": 1475670372046,
            "sequence_id": 1,
            "section_id": "1",
            "activity_id": "1",
            "activity_kind": "curvetest",
            "data": {
                "kind": "Click",
                "what": "Curve_canvas",
                "which": "Courbe de croissance dans des conditions optimales",
                "x": 557,
                "y": 500
            }
        },
        {
            "user_id": "21004482",
            "session_id": "21004482_1475682686313",
            "timestamp": 1475670376431,
            "sequence_id": 1,
            "section_id": "1",
            "activity_id": "1",
            "activity_kind": "curvetest",
            "data": {
                "kind": "Click",
                "what": "Curve_canvas",
                "which": "Courbe de croissance dans des conditions optimales",
                "x": 637,
                "y": 498
            }
        },
        {
            "user_id": "21004482",
            "session_id": "21004482_1475682686313",
            "timestamp": 1475670380462,
            "sequence_id": 1,
            "section_id": "1",
            "activity_id": "1",
            "activity_kind": "curvetest",
            "data": {
                "kind": "Click",
                "what": "Curve_canvas",
                "which": "Courbe de croissance dans des conditions optimales",
                "x": 818,
                "y": 305
            }
        },
        {
            "user_id": "21004482",
            "session_id": "21004482_1475682686313",
            "timestamp": 1475670382950,
            "sequence_id": 1,
            "section_id": "1",
            "activity_id": "1",
            "activity_kind": "curvetest",
            "data": {
                "kind": "Click",
                "what": "Curve_canvas",
                "which": "Courbe de croissance dans des conditions optimales",
                "x": 910,
                "y": 179
            }
        },
        {
            "user_id": "21004482",
            "session_id": "21004482_1475682686313",
            "timestamp": 1475670395029,
            "sequence_id": 1,
            "section_id": "1",
            "activity_id": "1",
            "activity_kind": "curvetest",
            "data": {
                "kind": "Click",
                "what": "Curve_canvas",
                "which": "Courbe de croissance dans des conditions optimales",
                "x": 920,
                "y": 309
            }
        },
        {
            "user_id": "21004482",
            "session_id": "21004482_1475682686313",
            "timestamp": 1475670418372,
            "sequence_id": 1,
            "section_id": "1",
            "activity_id": "1",
            "activity_kind": "curvetest",
            "data": {
                "kind": "Click",
                "what": "Curve_canvas",
                "which": "Courbe de croissance dans des conditions optimales",
                "x": 822,
                "y": 309
            }
        },
        {
            "user_id": "21004482",
            "session_id": "21004482_1475682686313",
            "timestamp": 1475670428221,
            "sequence_id": 1,
            "section_id": "1",
            "activity_id": "1",
            "activity_kind": "curvetest",
            "data": {
                "kind": "Click",
                "what": "Curve_canvas",
                "which": "Courbe de croissance dans des conditions optimales",
                "x": 746,
                "y": 403
            }
        },
        {
            "user_id": "21004482",
            "session_id": "21004482_1475682686313",
            "timestamp": 1475670443144,
            "sequence_id": 1,
            "section_id": "1",
            "activity_id": "1",
            "activity_kind": "curvetest",
            "data": {
                "kind": "Click",
                "what": "next_btn",
                "which": "Courbe de croissance dans des conditions optimales",
                "x": 1311,
                "y": 697
            }
        },
        {
            "user_id": "21004482",
            "session_id": "21004482_1475682686313",
            "timestamp": 1475670455354,
            "sequence_id": 1,
            "section_id": "1",
            "activity_id": "1",
            "activity_kind": "curvetest",
            "data": {
                "kind": "Click",
                "what": "Curve_canvas",
                "which": "Courbe de croissance dans des conditions optimales",
                "x": 832,
                "y": 383
            }
        },
        {
            "user_id": "21004482",
            "session_id": "21004482_1475682686313",
            "timestamp": 1475670456581,
            "sequence_id": 1,
            "section_id": "1",
            "activity_id": "1",
            "activity_kind": "dragdrop",
            "data": {
                "kind": "Click",
                "what": "previous_btn",
                "which": "Courbe de croissance dans des conditions optimales",
                "x": 426,
                "y": 681
            }
        },
        {
            "user_id": "21004482",
            "session_id": "21004482_1475682686313",
            "timestamp": 1475670458185,
            "sequence_id": 1,
            "section_id": "1",
            "activity_id": "0",
            "activity_kind": "dragdrop",
            "data": {
                "kind": "MousePressed",
                "what": "next_btn",
                "which": "La durée des phases du cycle cellulaire",
                "x": 1298,
                "y": 689
            }
        },
        {
            "user_id": "21004482",
            "session_id": "21004482_1475682686313",
            "timestamp": 1475670458297,
            "sequence_id": 1,
            "section_id": "1",
            "activity_id": "0",
            "activity_kind": "dragdrop",
            "data": {
                "kind": "MouseReleased",
                "what": "next_btn",
                "which": "La durée des phases du cycle cellulaire",
                "x": 1298,
                "y": 689
            }
        },
        {
            "user_id": "21004482",
            "session_id": "21004482_1475682686313",
            "timestamp": 1475670458306,
            "sequence_id": 1,
            "section_id": "1",
            "activity_id": "0",
            "activity_kind": "curvetest",
            "data": {
                "kind": "Click",
                "what": "next_btn",
                "which": "La durée des phases du cycle cellulaire",
                "x": 1298,
                "y": 689
            }
        },
        {
            "user_id": "21004482",
            "session_id": "21004482_1475682686313",
            "timestamp": 1475670460634,
            "sequence_id": 1,
            "section_id": "1",
            "activity_id": "1",
            "activity_kind": "curvetest",
            "data": {
                "kind": "Click",
                "what": "Curve_canvas",
                "which": "Courbe de croissance dans des conditions optimales",
                "x": 729,
                "y": 434
            }
        },
        {
            "user_id": "21004482",
            "session_id": "21004482_1475682686313",
            "timestamp": 1475670461314,
            "sequence_id": 1,
            "section_id": "1",
            "activity_id": "1",
            "activity_kind": "curvetest",
            "data": {
                "kind": "Click",
                "what": "Curve_canvas",
                "which": "Courbe de croissance dans des conditions optimales",
                "x": 736,
                "y": 431
            }
        },
        {
            "user_id": "21004482",
            "session_id": "21004482_1475682686313",
            "timestamp": 1475670462258,
            "sequence_id": 1,
            "section_id": "1",
            "activity_id": "1",
            "activity_kind": "curvetest",
            "data": {
                "kind": "Click",
                "what": "Curve_canvas",
                "which": "Courbe de croissance dans des conditions optimales",
                "x": 819,
                "y": 396
            }
        },
        {
            "user_id": "21004482",
            "session_id": "21004482_1475682686313",
            "timestamp": 1475670463130,
            "sequence_id": 1,
            "section_id": "1",
            "activity_id": "1",
            "activity_kind": "curvetest",
            "data": {
                "kind": "Click",
                "what": "Curve_canvas",
                "which": "Courbe de croissance dans des conditions optimales",
                "x": 860,
                "y": 347
            }
        },
        {
            "user_id": "21004482",
            "session_id": "21004482_1475682686313",
            "timestamp": 1475670464274,
            "sequence_id": 1,
            "section_id": "1",
            "activity_id": "1",
            "activity_kind": "curvetest",
            "data": {
                "kind": "Click",
                "what": "Curve_canvas",
                "which": "Courbe de croissance dans des conditions optimales",
                "x": 820,
                "y": 355
            }
        },
        {
            "user_id": "21004482",
            "session_id": "21004482_1475682686313",
            "timestamp": 1475670465738,
            "sequence_id": 1,
            "section_id": "1",
            "activity_id": "1",
            "activity_kind": "curvetest",
            "data": {
                "kind": "Click",
                "what": "Curve_canvas",
                "which": "Courbe de croissance dans des conditions optimales",
                "x": 785,
                "y": 369
            }
        },
        {
            "user_id": "21004482",
            "session_id": "21004482_1475682686313",
            "timestamp": 1475670468465,
            "sequence_id": 1,
            "section_id": "1",
            "activity_id": "1",
            "activity_kind": "curvetest",
            "data": {
                "kind": "Click",
                "what": "Curve_canvas",
                "which": "Courbe de croissance dans des conditions optimales",
                "x": 809,
                "y": 415
            }
        },
        {
            "user_id": "21004482",
            "session_id": "21004482_1475682686313",
            "timestamp": 1475670469713,
            "sequence_id": 1,
            "section_id": "1",
            "activity_id": "1",
            "activity_kind": "curvetest",
            "data": {
                "kind": "Click",
                "what": "Curve_canvas",
                "which": "Courbe de croissance dans des conditions optimales",
                "x": 738,
                "y": 465
            }
        }
    ]
}