{
    "inputs": [
        {
            "user_id": "21100494",
            "session_id": "21100494_1475775811934",
            "timestamp": 1475763018866,
            "sequence_id": 2,
            "section_id": 0,
            "activity_id": 0,
            "activity_kind": "dragdrop",
            "data": {
                "kind": "Input",
                "user_input": [
                    {
                        "slot": 0,
                        "stickers": [
                            "0"
                        ]
                    },
                    {
                        "slot": 1,
                        "stickers": [
                            "2"
                        ]
                    },
                    {
                        "slot": 2,
                        "stickers": [
                            "1"
                        ]
                    },
                    {
                        "slot": 3,
                        "stickers": []
                    },
                    {
                        "slot": 4,
                        "stickers": []
                    },
                    {
                        "slot": 5,
                        "stickers": [
                            "3"
                        ]
                    },
                    {
                        "slot": 6,
                        "stickers": []
                    },
                    {
                        "slot": 7,
                        "stickers": []
                    }
                ]
            }
        },
        {
            "user_id": "21100494",
            "session_id": "21100494_1475775811934",
            "timestamp": 1475763024075,
            "sequence_id": 2,
            "section_id": 0,
            "activity_id": 0,
            "activity_kind": "dragdrop",
            "data": {
                "kind": "Input",
                "user_input": [
                    {
                        "slot": 0,
                        "stickers": []
                    },
                    {
                        "slot": 1,
                        "stickers": [
                            "2"
                        ]
                    },
                    {
                        "slot": 2,
                        "stickers": [
                            "1"
                        ]
                    },
                    {
                        "slot": 3,
                        "stickers": []
                    },
                    {
                        "slot": 4,
                        "stickers": [
                            "0"
                        ]
                    },
                    {
                        "slot": 5,
                        "stickers": [
                            "3"
                        ]
                    },
                    {
                        "slot": 6,
                        "stickers": []
                    },
                    {
                        "slot": 7,
                        "stickers": []
                    }
                ]
            }
        },
        {
            "user_id": "21100494",
            "session_id": "21100494_1475775811934",
            "timestamp": 1475763046772,
            "sequence_id": 2,
            "section_id": 0,
            "activity_id": 1,
            "activity_kind": "dragdrop",
            "data": {
                "kind": "Input",
                "user_input": [
                    {
                        "slot": 0,
                        "stickers": [
                            "0"
                        ]
                    },
                    {
                        "slot": 1,
                        "stickers": [
                            "2"
                        ]
                    },
                    {
                        "slot": 2,
                        "stickers": [
                            "3",
                            "1"
                        ]
                    }
                ]
            }
        },
        {
            "user_id": "21100494",
            "session_id": "21100494_1475775811934",
            "timestamp": 1475763051736,
            "sequence_id": 2,
            "section_id": 0,
            "activity_id": 1,
            "activity_kind": "dragdrop",
            "data": {
                "kind": "Input",
                "user_input": [
                    {
                        "slot": 0,
                        "stickers": [
                            "0"
                        ]
                    },
                    {
                        "slot": 1,
                        "stickers": [
                            "3"
                        ]
                    },
                    {
                        "slot": 2,
                        "stickers": [
                            "1",
                            "2"
                        ]
                    }
                ]
            }
        },
        {
            "user_id": "21100494",
            "session_id": "21100494_1475775811934",
            "timestamp": 1475763063087,
            "sequence_id": 2,
            "section_id": 1,
            "activity_id": 0,
            "activity_kind": "dragdrop",
            "data": {
                "kind": "Input",
                "user_input": [
                    {
                        "slot": 0,
                        "stickers": []
                    },
                    {
                        "slot": 1,
                        "stickers": []
                    },
                    {
                        "slot": 2,
                        "stickers": []
                    },
                    {
                        "slot": 3,
                        "stickers": [
                            "0"
                        ]
                    }
                ]
            }
        },
        {
            "user_id": "21100494",
            "session_id": "21100494_1475775811934",
            "timestamp": 1475763111180,
            "sequence_id": 2,
            "section_id": 1,
            "activity_id": 1,
            "activity_kind": "curvetest",
            "data": {
                "kind": "Input",
                "user_input": [
                    0.3974358974358974,
                    0.4076923076923077,
                    0.5846153846153846,
                    0.7897435897435897,
                    0.7948717948717948,
                    0.7974358974358975,
                    0.8051282051282052
                ]
            }
        },
        {
            "user_id": "21100494",
            "session_id": "21100494_1475775811934",
            "timestamp": 1475763138182,
            "sequence_id": 2,
            "section_id": 2,
            "activity_id": 0,
            "activity_kind": "planif",
            "data": {
                "kind": "Input",
                "user_input": {
                    "protocol": [
                        "-36",
                        "72",
                        "12"
                    ],
                    "temoincheck": true,
                    "culture": [],
                    "temoin": []
                }
            }
        },
        {
            "user_id": "21100494",
            "session_id": "21100494_1475775811934",
            "timestamp": 1475763147226,
            "sequence_id": 2,
            "section_id": 2,
            "activity_id": 0,
            "activity_kind": "planif",
            "data": {
                "kind": "Input",
                "user_input": {
                    "protocol": [
                        "-36",
                        "72",
                        "12"
                    ],
                    "temoincheck": true,
                    "culture": [],
                    "temoin": []
                }
            }
        },
        {
            "user_id": "21100494",
            "session_id": "21100494_1475775811934",
            "timestamp": 1475763167988,
            "sequence_id": 2,
            "section_id": 2,
            "activity_id": 0,
            "activity_kind": "planif",
            "data": {
                "kind": "Input",
                "user_input": {
                    "protocol": [
                        "-36",
                        "72",
                        "12"
                    ],
                    "temoincheck": true,
                    "culture": [],
                    "temoin": []
                }
            }
        },
        {
            "user_id": "21100494",
            "session_id": "21100494_1475775811934",
            "timestamp": 1475763183408,
            "sequence_id": 2,
            "section_id": 2,
            "activity_id": 1,
            "activity_kind": "dragdrop",
            "data": {
                "kind": "Input",
                "user_input": [
                    {
                        "slot": 0,
                        "stickers": [
                            "7"
                        ]
                    }
                ]
            }
        },
        {
            "user_id": "21100494",
            "session_id": "21100494_1475775811934",
            "timestamp": 1475763193610,
            "sequence_id": 2,
            "section_id": 2,
            "activity_id": 1,
            "activity_kind": "dragdrop",
            "data": {
                "kind": "Input",
                "user_input": [
                    {
                        "slot": 0,
                        "stickers": [
                            "8"
                        ]
                    }
                ]
            }
        },
        {
            "user_id": "21100494",
            "session_id": "21100494_1475775811934",
            "timestamp": 1475763410493,
            "sequence_id": 2,
            "section_id": 2,
            "activity_id": 5,
            "activity_kind": "doublepipette",
            "data": {
                "kind": "Input",
                "user_input": [
                    3,
                    0.1,
                    18,
                    3,
                    0.1,
                    21
                ]
            }
        },
        {
            "user_id": "21100494",
            "session_id": "21100494_1475775811934",
            "timestamp": 1475763417218,
            "sequence_id": 2,
            "section_id": 2,
            "activity_id": 5,
            "activity_kind": "doublepipette",
            "data": {
                "kind": "Input",
                "user_input": [
                    3,
                    0.1,
                    18,
                    3,
                    0.1,
                    21
                ]
            }
        },
        {
            "user_id": "21100494",
            "session_id": "21100494_1475775811934",
            "timestamp": 1475763423369,
            "sequence_id": 2,
            "section_id": 2,
            "activity_id": 5,
            "activity_kind": "doublepipette",
            "data": {
                "kind": "Input",
                "user_input": [
                    3,
                    0.1,
                    18,
                    3,
                    0.1,
                    21
                ]
            }
        },
        {
            "user_id": "21100494",
            "session_id": "21100494_1475775811934",
            "timestamp": 1475763463051,
            "sequence_id": 2,
            "section_id": 4,
            "activity_id": 0,
            "activity_kind": "dragdrop",
            "data": {
                "kind": "Input",
                "user_input": [
                    {
                        "slot": 0,
                        "stickers": [
                            "0"
                        ]
                    },
                    {
                        "slot": 1,
                        "stickers": [
                            "0"
                        ]
                    },
                    {
                        "slot": 2,
                        "stickers": [
                            "2"
                        ]
                    },
                    {
                        "slot": 3,
                        "stickers": [
                            "3"
                        ]
                    },
                    {
                        "slot": 4,
                        "stickers": [
                            "4"
                        ]
                    }
                ]
            }
        },
        {
            "user_id": "21100494",
            "session_id": "21100494_1475775811934",
            "timestamp": 1475763467811,
            "sequence_id": 2,
            "section_id": 4,
            "activity_id": 0,
            "activity_kind": "dragdrop",
            "data": {
                "kind": "Input",
                "user_input": [
                    {
                        "slot": 0,
                        "stickers": [
                            "0"
                        ]
                    },
                    {
                        "slot": 1,
                        "stickers": [
                            "2"
                        ]
                    },
                    {
                        "slot": 2,
                        "stickers": [
                            "2"
                        ]
                    },
                    {
                        "slot": 3,
                        "stickers": [
                            "3"
                        ]
                    },
                    {
                        "slot": 4,
                        "stickers": [
                            "4"
                        ]
                    }
                ]
            }
        },
        {
            "user_id": "21100494",
            "session_id": "21100494_1475775811934",
            "timestamp": 1475763475395,
            "sequence_id": 2,
            "section_id": 4,
            "activity_id": 0,
            "activity_kind": "dragdrop",
            "data": {
                "kind": "Input",
                "user_input": [
                    {
                        "slot": 0,
                        "stickers": [
                            "0"
                        ]
                    },
                    {
                        "slot": 1,
                        "stickers": [
                            "1"
                        ]
                    },
                    {
                        "slot": 2,
                        "stickers": [
                            "2"
                        ]
                    },
                    {
                        "slot": 3,
                        "stickers": [
                            "3"
                        ]
                    },
                    {
                        "slot": 4,
                        "stickers": [
                            "4"
                        ]
                    }
                ]
            }
        },
        {
            "user_id": "21100494",
            "session_id": "21100494_1475775811934",
            "timestamp": 1475763477566,
            "sequence_id": 2,
            "section_id": 4,
            "activity_id": 1,
            "activity_kind": "dragdrop",
            "data": {
                "kind": "Input",
                "user_input": [
                    {
                        "slot": 0,
                        "stickers": []
                    },
                    {
                        "slot": 1,
                        "stickers": []
                    },
                    {
                        "slot": 2,
                        "stickers": []
                    },
                    {
                        "slot": 3,
                        "stickers": [
                            "0"
                        ]
                    }
                ]
            }
        },
        {
            "user_id": "21100494",
            "session_id": "21100494_1475775811934",
            "timestamp": 1475763481149,
            "sequence_id": 2,
            "section_id": 4,
            "activity_id": 2,
            "activity_kind": "curvestar",
            "data": {
                "kind": "Input",
                "user_input": [
                    0.3974358974358974,
                    0.4076923076923077,
                    0.5846153846153846,
                    0.7897435897435897,
                    0.7948717948717948,
                    0.7974358974358975,
                    0.8051282051282052
                ]
            }
        },
        {
            "user_id": "21100494",
            "session_id": "21100494_1475775811934",
            "timestamp": 1475763485726,
            "sequence_id": 2,
            "section_id": 4,
            "activity_id": 2,
            "activity_kind": "curvestar",
            "data": {
                "kind": "Input",
                "user_input": [
                    0.3974358974358974,
                    0.4076923076923077,
                    0.5846153846153846,
                    0.7897435897435897,
                    0.7948717948717948,
                    0.7974358974358975,
                    0.8051282051282052
                ]
            }
        },
        {
            "user_id": "21100494",
            "session_id": "21100494_1475775811934",
            "timestamp": 1475763488187,
            "sequence_id": 2,
            "section_id": 4,
            "activity_id": 2,
            "activity_kind": "curvestar",
            "data": {
                "kind": "Input",
                "user_input": [
                    0.3974358974358974,
                    0.4076923076923077,
                    0.5846153846153846,
                    0.7897435897435897,
                    0.7948717948717948,
                    0.7974358974358975,
                    0.9923076923076923
                ]
            }
        },
        {
            "user_id": "21100494",
            "session_id": "21100494_1475775811934",
            "timestamp": 1475763490943,
            "sequence_id": 2,
            "section_id": 4,
            "activity_id": 2,
            "activity_kind": "curvestar",
            "data": {
                "kind": "Input",
                "user_input": [
                    0.3974358974358974,
                    0.4076923076923077,
                    0.5846153846153846,
                    0.7897435897435897,
                    0.7948717948717948,
                    0.9974358974358974,
                    0.9923076923076923
                ]
            }
        },
        {
            "user_id": "21100494",
            "session_id": "21100494_1475775811934",
            "timestamp": 1475763493049,
            "sequence_id": 2,
            "section_id": 4,
            "activity_id": 2,
            "activity_kind": "curvestar",
            "data": {
                "kind": "Input",
                "user_input": [
                    0.3974358974358974,
                    0.4076923076923077,
                    0.5846153846153846,
                    0.7897435897435897,
                    0.9897435897435898,
                    0.9974358974358974,
                    0.9923076923076923
                ]
            }
        },
        {
            "user_id": "21100494",
            "session_id": "21100494_1475775811934",
            "timestamp": 1475763496832,
            "sequence_id": 2,
            "section_id": 4,
            "activity_id": 2,
            "activity_kind": "curvestar",
            "data": {
                "kind": "Input",
                "user_input": [
                    0.3974358974358974,
                    0.4076923076923077,
                    0.5846153846153846,
                    0.7897435897435897,
                    0.8051282051282052,
                    0.9974358974358974,
                    0.9923076923076923
                ]
            }
        },
        {
            "user_id": "21100494",
            "session_id": "21100494_1475775811934",
            "timestamp": 1475763500454,
            "sequence_id": 2,
            "section_id": 4,
            "activity_id": 2,
            "activity_kind": "curvestar",
            "data": {
                "kind": "Input",
                "user_input": [
                    0.3974358974358974,
                    0.4076923076923077,
                    0.5846153846153846,
                    0.9974358974358974,
                    0.8051282051282052,
                    0.9974358974358974,
                    0.9923076923076923
                ]
            }
        },
        {
            "user_id": "21100494",
            "session_id": "21100494_1475775811934",
            "timestamp": 1475763503198,
            "sequence_id": 2,
            "section_id": 4,
            "activity_id": 2,
            "activity_kind": "curvestar",
            "data": {
                "kind": "Input",
                "user_input": [
                    0.3974358974358974,
                    0.4076923076923077,
                    0.5846153846153846,
                    0.8,
                    0.8051282051282052,
                    0.9974358974358974,
                    0.9923076923076923
                ]
            }
        },
        {
            "user_id": "21100494",
            "session_id": "21100494_1475775811934",
            "timestamp": 1475763506047,
            "sequence_id": 2,
            "section_id": 4,
            "activity_id": 2,
            "activity_kind": "curvestar",
            "data": {
                "kind": "Input",
                "user_input": [
                    0.3974358974358974,
                    0.4076923076923077,
                    0.7948717948717948,
                    0.8,
                    0.8051282051282052,
                    0.9974358974358974,
                    0.9923076923076923
                ]
            }
        },
        {
            "user_id": "21100494",
            "session_id": "21100494_1475775811934",
            "timestamp": 1475763508642,
            "sequence_id": 2,
            "section_id": 4,
            "activity_id": 2,
            "activity_kind": "curvestar",
            "data": {
                "kind": "Input",
                "user_input": [
                    0.3974358974358974,
                    0.4076923076923077,
                    0.6128205128205129,
                    0.8,
                    0.8051282051282052,
                    0.9974358974358974,
                    0.9923076923076923
                ]
            }
        },
        {
            "user_id": "21100494",
            "session_id": "21100494_1475775811934",
            "timestamp": 1475763535971,
            "sequence_id": 2,
            "section_id": 5,
            "activity_id": 0,
            "activity_kind": "synthesis",
            "data": {
                "kind": "Input",
                "user_input": [
                    "prolifération",
                    "facteurs de croissance",
                    "le point de restriction",
                    "G1",
                    "synchronisées",
                    "G0"
                ]
            }
        }
    ]
}