{
    "inputs": [
        {
            "user_id": "21101724",
            "session_id": "21101724_1475077819753",
            "timestamp": 1475065151362,
            "sequence_id": 1,
            "section_id": 0,
            "activity_id": 0,
            "activity_kind": "dragdrop",
            "data": {
                "kind": "Input",
                "user_input": [
                    {
                        "slot": 0,
                        "stickers": [
                            "0"
                        ]
                    },
                    {
                        "slot": 1,
                        "stickers": [
                            "1"
                        ]
                    },
                    {
                        "slot": 2,
                        "stickers": [
                            "2"
                        ]
                    },
                    {
                        "slot": 3,
                        "stickers": [
                            "3"
                        ]
                    },
                    {
                        "slot": 4,
                        "stickers": [
                            "4"
                        ]
                    },
                    {
                        "slot": 5,
                        "stickers": [
                            "9"
                        ]
                    },
                    {
                        "slot": 6,
                        "stickers": [
                            "12"
                        ]
                    },
                    {
                        "slot": 7,
                        "stickers": [
                            "10"
                        ]
                    },
                    {
                        "slot": 8,
                        "stickers": [
                            "11"
                        ]
                    }
                ]
            }
        },
        {
            "user_id": "21101724",
            "session_id": "21101724_1475077819753",
            "timestamp": 1475065227122,
            "sequence_id": 1,
            "section_id": 1,
            "activity_id": 0,
            "activity_kind": "dragdrop",
            "data": {
                "kind": "Input",
                "user_input": [
                    {
                        "slot": 0,
                        "stickers": [
                            "4"
                        ]
                    },
                    {
                        "slot": 1,
                        "stickers": [
                            "1"
                        ]
                    },
                    {
                        "slot": 2,
                        "stickers": [
                            "0"
                        ]
                    },
                    {
                        "slot": 3,
                        "stickers": [
                            "2"
                        ]
                    }
                ]
            }
        },
        {
            "user_id": "21101724",
            "session_id": "21101724_1475077819753",
            "timestamp": 1475065294339,
            "sequence_id": 1,
            "section_id": 1,
            "activity_id": 1,
            "activity_kind": "curvetest",
            "data": {
                "kind": "Input",
                "user_input": [
                    979.5918367346939,
                    2020.408163265306,
                    6000,
                    4102.04081632653,
                    2020.408163265306,
                    275.51020408163265
                ]
            }
        },
        {
            "user_id": "21101724",
            "session_id": "21101724_1475077819753",
            "timestamp": 1475065426253,
            "sequence_id": 1,
            "section_id": 2,
            "activity_id": 2,
            "activity_kind": "counttest",
            "data": {
                "kind": "Input",
                "user_input": [
                    10,
                    9,
                    11,
                    9
                ]
            }
        },
        {
            "user_id": "21101724",
            "session_id": "21101724_1475077819753",
            "timestamp": 1475065453730,
            "sequence_id": 1,
            "section_id": 2,
            "activity_id": 2,
            "activity_kind": "counttest",
            "data": {
                "kind": "Input",
                "user_input": [
                    10,
                    9,
                    10,
                    10
                ]
            }
        },
        {
            "user_id": "21101724",
            "session_id": "21101724_1475077819753",
            "timestamp": 1475065462257,
            "sequence_id": 1,
            "section_id": 2,
            "activity_id": 2,
            "activity_kind": "counttest",
            "data": {
                "kind": "Input",
                "user_input": [
                    10,
                    9,
                    9,
                    10
                ]
            }
        },
        {
            "user_id": "21101724",
            "session_id": "21101724_1475077819753",
            "timestamp": 1475065891640,
            "sequence_id": 1,
            "section_id": 2,
            "activity_id": 3,
            "activity_kind": "input",
            "data": {
                "kind": "Input",
                "user_input": "0.13"
            }
        },
        {
            "user_id": "21101724",
            "session_id": "21101724_1475077819753",
            "timestamp": 1475066010862,
            "sequence_id": 1,
            "section_id": 2,
            "activity_id": 3,
            "activity_kind": "input",
            "data": {
                "kind": "Input",
                "user_input": "115000"
            }
        },
        {
            "user_id": "21101724",
            "session_id": "21101724_1475077819753",
            "timestamp": 1475066036717,
            "sequence_id": 1,
            "section_id": 2,
            "activity_id": 3,
            "activity_kind": "input",
            "data": {
                "kind": "Input",
                "user_input": "1150000"
            }
        },
        {
            "user_id": "21101724",
            "session_id": "21101724_1475077819753",
            "timestamp": 1475066831120,
            "sequence_id": 1,
            "section_id": 2,
            "activity_id": 5,
            "activity_kind": "pipette",
            "data": {
                "kind": "Input",
                "user_input": [
                    198636,
                    3.17,
                    0.01,
                    34.9
                ]
            }
        },
        {
            "user_id": "21101724",
            "session_id": "21101724_1475077819753",
            "timestamp": 1475067216683,
            "sequence_id": 1,
            "section_id": 2,
            "activity_id": 5,
            "activity_kind": "pipette",
            "data": {
                "kind": "Input",
                "user_input": [
                    198636,
                    3.17,
                    0.1,
                    34.9
                ]
            }
        },
        {
            "user_id": "21101724",
            "session_id": "21101724_1475077819753",
            "timestamp": 1475067368516,
            "sequence_id": 1,
            "section_id": 2,
            "activity_id": 5,
            "activity_kind": "pipette",
            "data": {
                "kind": "Input",
                "user_input": [
                    52273,
                    3.05,
                    0.1,
                    33.5
                ]
            }
        },
        {
            "user_id": "21101724",
            "session_id": "21101724_1475077819753",
            "timestamp": 1475067557918,
            "sequence_id": 1,
            "section_id": 4,
            "activity_id": 0,
            "activity_kind": "dragdrop",
            "data": {
                "kind": "Input",
                "user_input": [
                    {
                        "slot": 0,
                        "stickers": [
                            "0"
                        ]
                    },
                    {
                        "slot": 1,
                        "stickers": [
                            "4"
                        ]
                    },
                    {
                        "slot": 2,
                        "stickers": [
                            "2"
                        ]
                    },
                    {
                        "slot": 3,
                        "stickers": [
                            "1"
                        ]
                    },
                    {
                        "slot": 4,
                        "stickers": [
                            "3"
                        ]
                    },
                    {
                        "slot": 5,
                        "stickers": [
                            "5"
                        ]
                    }
                ]
            }
        },
        {
            "user_id": "21101724",
            "session_id": "21101724_1475077819753",
            "timestamp": 1475067572245,
            "sequence_id": 1,
            "section_id": 4,
            "activity_id": 0,
            "activity_kind": "dragdrop",
            "data": {
                "kind": "Input",
                "user_input": [
                    {
                        "slot": 0,
                        "stickers": [
                            "0"
                        ]
                    },
                    {
                        "slot": 1,
                        "stickers": [
                            "4"
                        ]
                    },
                    {
                        "slot": 2,
                        "stickers": [
                            "1"
                        ]
                    },
                    {
                        "slot": 3,
                        "stickers": [
                            "2"
                        ]
                    },
                    {
                        "slot": 4,
                        "stickers": [
                            "3"
                        ]
                    },
                    {
                        "slot": 5,
                        "stickers": [
                            "5"
                        ]
                    }
                ]
            }
        },
        {
            "user_id": "21101724",
            "session_id": "21101724_1475077819753",
            "timestamp": 1475067575739,
            "sequence_id": 1,
            "section_id": 4,
            "activity_id": 1,
            "activity_kind": "curvestar",
            "data": {
                "kind": "Input",
                "user_input": [
                    979.5918367346939,
                    2020.408163265306,
                    6000,
                    4102.04081632653,
                    2020.408163265306,
                    275.51020408163265
                ]
            }
        },
        {
            "user_id": "21101724",
            "session_id": "21101724_1475077819753",
            "timestamp": 1475067580412,
            "sequence_id": 1,
            "section_id": 4,
            "activity_id": 1,
            "activity_kind": "curvestar",
            "data": {
                "kind": "Input",
                "user_input": [
                    979.5918367346939,
                    2020.408163265306,
                    6000,
                    4102.04081632653,
                    2020.408163265306,
                    275.51020408163265
                ]
            }
        },
        {
            "user_id": "21101724",
            "session_id": "21101724_1475077819753",
            "timestamp": 1475067581020,
            "sequence_id": 1,
            "section_id": 4,
            "activity_id": 1,
            "activity_kind": "curvestar",
            "data": {
                "kind": "Input",
                "user_input": [
                    979.5918367346939,
                    2020.408163265306,
                    6000,
                    4102.04081632653,
                    2020.408163265306,
                    275.51020408163265
                ]
            }
        },
        {
            "user_id": "21101724",
            "session_id": "21101724_1475077819753",
            "timestamp": 1475067584172,
            "sequence_id": 1,
            "section_id": 4,
            "activity_id": 1,
            "activity_kind": "curvestar",
            "data": {
                "kind": "Input",
                "user_input": [
                    979.5918367346939,
                    2020.408163265306,
                    1102.0408163265306,
                    4102.04081632653,
                    2020.408163265306,
                    275.51020408163265
                ]
            }
        },
        {
            "user_id": "21101724",
            "session_id": "21101724_1475077819753",
            "timestamp": 1475067585324,
            "sequence_id": 1,
            "section_id": 4,
            "activity_id": 1,
            "activity_kind": "curvestar",
            "data": {
                "kind": "Input",
                "user_input": [
                    979.5918367346939,
                    1025.5102040816325,
                    1102.0408163265306,
                    4102.04081632653,
                    2020.408163265306,
                    275.51020408163265
                ]
            }
        },
        {
            "user_id": "21101724",
            "session_id": "21101724_1475077819753",
            "timestamp": 1475067586732,
            "sequence_id": 1,
            "section_id": 4,
            "activity_id": 1,
            "activity_kind": "curvestar",
            "data": {
                "kind": "Input",
                "user_input": [
                    979.5918367346939,
                    1025.5102040816325,
                    1102.0408163265306,
                    3336.734693877551,
                    2020.408163265306,
                    275.51020408163265
                ]
            }
        },
        {
            "user_id": "21101724",
            "session_id": "21101724_1475077819753",
            "timestamp": 1475067588052,
            "sequence_id": 1,
            "section_id": 4,
            "activity_id": 1,
            "activity_kind": "curvestar",
            "data": {
                "kind": "Input",
                "user_input": [
                    979.5918367346939,
                    1025.5102040816325,
                    1102.0408163265306,
                    3336.734693877551,
                    3459.1836734693875,
                    275.51020408163265
                ]
            }
        },
        {
            "user_id": "21101724",
            "session_id": "21101724_1475077819753",
            "timestamp": 1475067589588,
            "sequence_id": 1,
            "section_id": 4,
            "activity_id": 1,
            "activity_kind": "curvestar",
            "data": {
                "kind": "Input",
                "user_input": [
                    979.5918367346939,
                    1025.5102040816325,
                    1102.0408163265306,
                    3336.734693877551,
                    3459.1836734693875,
                    3306.122448979592
                ]
            }
        },
        {
            "user_id": "21101724",
            "session_id": "21101724_1475077819753",
            "timestamp": 1475067590947,
            "sequence_id": 1,
            "section_id": 4,
            "activity_id": 1,
            "activity_kind": "curvestar",
            "data": {
                "kind": "Input",
                "user_input": [
                    979.5918367346939,
                    1025.5102040816325,
                    1102.0408163265306,
                    3336.734693877551,
                    3290.816326530612,
                    3306.122448979592
                ]
            }
        },
        {
            "user_id": "21101724",
            "session_id": "21101724_1475077819753",
            "timestamp": 1475067591907,
            "sequence_id": 1,
            "section_id": 4,
            "activity_id": 1,
            "activity_kind": "curvestar",
            "data": {
                "kind": "Input",
                "user_input": [
                    979.5918367346939,
                    1025.5102040816325,
                    1102.0408163265306,
                    3336.734693877551,
                    3352.0408163265306,
                    3306.122448979592
                ]
            }
        },
        {
            "user_id": "21101724",
            "session_id": "21101724_1475077819753",
            "timestamp": 1475067593651,
            "sequence_id": 1,
            "section_id": 4,
            "activity_id": 1,
            "activity_kind": "curvestar",
            "data": {
                "kind": "Input",
                "user_input": [
                    979.5918367346939,
                    1025.5102040816325,
                    1010.204081632653,
                    3336.734693877551,
                    3352.0408163265306,
                    3306.122448979592
                ]
            }
        },
        {
            "user_id": "21101724",
            "session_id": "21101724_1475077819753",
            "timestamp": 1475067595363,
            "sequence_id": 1,
            "section_id": 4,
            "activity_id": 1,
            "activity_kind": "curvestar",
            "data": {
                "kind": "Input",
                "user_input": [
                    979.5918367346939,
                    948.9795918367347,
                    1010.204081632653,
                    3336.734693877551,
                    3352.0408163265306,
                    3306.122448979592
                ]
            }
        },
        {
            "user_id": "21101724",
            "session_id": "21101724_1475077819753",
            "timestamp": 1475067598379,
            "sequence_id": 1,
            "section_id": 4,
            "activity_id": 1,
            "activity_kind": "curvestar",
            "data": {
                "kind": "Input",
                "user_input": [
                    979.5918367346939,
                    948.9795918367347,
                    1010.204081632653,
                    4836.734693877551,
                    3352.0408163265306,
                    3306.122448979592
                ]
            }
        },
        {
            "user_id": "21101724",
            "session_id": "21101724_1475077819753",
            "timestamp": 1475067600379,
            "sequence_id": 1,
            "section_id": 4,
            "activity_id": 1,
            "activity_kind": "curvestar",
            "data": {
                "kind": "Input",
                "user_input": [
                    979.5918367346939,
                    948.9795918367347,
                    1010.204081632653,
                    3948.9795918367345,
                    3352.0408163265306,
                    3306.122448979592
                ]
            }
        },
        {
            "user_id": "21101724",
            "session_id": "21101724_1475077819753",
            "timestamp": 1475067601027,
            "sequence_id": 1,
            "section_id": 4,
            "activity_id": 1,
            "activity_kind": "curvestar",
            "data": {
                "kind": "Input",
                "user_input": [
                    979.5918367346939,
                    948.9795918367347,
                    1010.204081632653,
                    3765.3061224489793,
                    3352.0408163265306,
                    3306.122448979592
                ]
            }
        },
        {
            "user_id": "21101724",
            "session_id": "21101724_1475077819753",
            "timestamp": 1475067601707,
            "sequence_id": 1,
            "section_id": 4,
            "activity_id": 1,
            "activity_kind": "curvestar",
            "data": {
                "kind": "Input",
                "user_input": [
                    979.5918367346939,
                    948.9795918367347,
                    1010.204081632653,
                    3566.326530612245,
                    3352.0408163265306,
                    3306.122448979592
                ]
            }
        },
        {
            "user_id": "21101724",
            "session_id": "21101724_1475077819753",
            "timestamp": 1475067602427,
            "sequence_id": 1,
            "section_id": 4,
            "activity_id": 1,
            "activity_kind": "curvestar",
            "data": {
                "kind": "Input",
                "user_input": [
                    979.5918367346939,
                    948.9795918367347,
                    1010.204081632653,
                    3382.6530612244896,
                    3352.0408163265306,
                    3306.122448979592
                ]
            }
        },
        {
            "user_id": "21101724",
            "session_id": "21101724_1475077819753",
            "timestamp": 1475067603139,
            "sequence_id": 1,
            "section_id": 4,
            "activity_id": 1,
            "activity_kind": "curvestar",
            "data": {
                "kind": "Input",
                "user_input": [
                    979.5918367346939,
                    948.9795918367347,
                    1010.204081632653,
                    3214.285714285714,
                    3352.0408163265306,
                    3306.122448979592
                ]
            }
        },
        {
            "user_id": "21101724",
            "session_id": "21101724_1475077819753",
            "timestamp": 1475067603867,
            "sequence_id": 1,
            "section_id": 4,
            "activity_id": 1,
            "activity_kind": "curvestar",
            "data": {
                "kind": "Input",
                "user_input": [
                    979.5918367346939,
                    948.9795918367347,
                    1010.204081632653,
                    3122.4489795918366,
                    3352.0408163265306,
                    3306.122448979592
                ]
            }
        },
        {
            "user_id": "21101724",
            "session_id": "21101724_1475077819753",
            "timestamp": 1475067605435,
            "sequence_id": 1,
            "section_id": 4,
            "activity_id": 1,
            "activity_kind": "curvestar",
            "data": {
                "kind": "Input",
                "user_input": [
                    979.5918367346939,
                    948.9795918367347,
                    1010.204081632653,
                    3122.4489795918366,
                    3107.142857142857,
                    3306.122448979592
                ]
            }
        },
        {
            "user_id": "21101724",
            "session_id": "21101724_1475077819753",
            "timestamp": 1475067606803,
            "sequence_id": 1,
            "section_id": 4,
            "activity_id": 1,
            "activity_kind": "curvestar",
            "data": {
                "kind": "Input",
                "user_input": [
                    979.5918367346939,
                    948.9795918367347,
                    1010.204081632653,
                    3122.4489795918366,
                    3107.142857142857,
                    3168.3673469387754
                ]
            }
        },
        {
            "user_id": "21101724",
            "session_id": "21101724_1475077819753",
            "timestamp": 1475067608506,
            "sequence_id": 1,
            "section_id": 4,
            "activity_id": 1,
            "activity_kind": "curvestar",
            "data": {
                "kind": "Input",
                "user_input": [
                    979.5918367346939,
                    948.9795918367347,
                    1010.204081632653,
                    3045.918367346939,
                    3107.142857142857,
                    3168.3673469387754
                ]
            }
        },
        {
            "user_id": "21101724",
            "session_id": "21101724_1475077819753",
            "timestamp": 1475067609914,
            "sequence_id": 1,
            "section_id": 4,
            "activity_id": 1,
            "activity_kind": "curvestar",
            "data": {
                "kind": "Input",
                "user_input": [
                    979.5918367346939,
                    948.9795918367347,
                    1010.204081632653,
                    3045.918367346939,
                    3045.918367346939,
                    3168.3673469387754
                ]
            }
        },
        {
            "user_id": "21101724",
            "session_id": "21101724_1475077819753",
            "timestamp": 1475067611971,
            "sequence_id": 1,
            "section_id": 4,
            "activity_id": 1,
            "activity_kind": "curvestar",
            "data": {
                "kind": "Input",
                "user_input": [
                    979.5918367346939,
                    948.9795918367347,
                    1010.204081632653,
                    3045.918367346939,
                    3045.918367346939,
                    3000
                ]
            }
        },
        {
            "user_id": "21101724",
            "session_id": "21101724_1475077819753",
            "timestamp": 1475067614994,
            "sequence_id": 1,
            "section_id": 4,
            "activity_id": 1,
            "activity_kind": "curvestar",
            "data": {
                "kind": "Input",
                "user_input": [
                    979.5918367346939,
                    948.9795918367347,
                    1010.204081632653,
                    1989.795918367347,
                    3045.918367346939,
                    3000
                ]
            }
        },
        {
            "user_id": "21101724",
            "session_id": "21101724_1475077819753",
            "timestamp": 1475067616676,
            "sequence_id": 1,
            "section_id": 4,
            "activity_id": 1,
            "activity_kind": "curvestar",
            "data": {
                "kind": "Input",
                "user_input": [
                    979.5918367346939,
                    948.9795918367347,
                    1010.204081632653,
                    1989.795918367347,
                    2020.408163265306,
                    3000
                ]
            }
        },
        {
            "user_id": "21101724",
            "session_id": "21101724_1475077819753",
            "timestamp": 1475067617587,
            "sequence_id": 1,
            "section_id": 4,
            "activity_id": 1,
            "activity_kind": "curvestar",
            "data": {
                "kind": "Input",
                "user_input": [
                    979.5918367346939,
                    948.9795918367347,
                    1010.204081632653,
                    1989.795918367347,
                    2020.408163265306,
                    3000
                ]
            }
        },
        {
            "user_id": "21101724",
            "session_id": "21101724_1475077819753",
            "timestamp": 1475067618722,
            "sequence_id": 1,
            "section_id": 4,
            "activity_id": 1,
            "activity_kind": "curvestar",
            "data": {
                "kind": "Input",
                "user_input": [
                    979.5918367346939,
                    948.9795918367347,
                    1010.204081632653,
                    1989.795918367347,
                    2020.408163265306,
                    1989.795918367347
                ]
            }
        },
        {
            "user_id": "21101724",
            "session_id": "21101724_1475077819753",
            "timestamp": 1475067620586,
            "sequence_id": 1,
            "section_id": 4,
            "activity_id": 1,
            "activity_kind": "curvestar",
            "data": {
                "kind": "Input",
                "user_input": [
                    979.5918367346939,
                    948.9795918367347,
                    1010.204081632653,
                    1989.795918367347,
                    2020.408163265306,
                    2051.020408163265
                ]
            }
        },
        {
            "user_id": "21101724",
            "session_id": "21101724_1475077819753",
            "timestamp": 1475067622210,
            "sequence_id": 1,
            "section_id": 4,
            "activity_id": 1,
            "activity_kind": "curvestar",
            "data": {
                "kind": "Input",
                "user_input": [
                    979.5918367346939,
                    948.9795918367347,
                    1010.204081632653,
                    1989.795918367347,
                    3015.3061224489797,
                    2051.020408163265
                ]
            }
        },
        {
            "user_id": "21101724",
            "session_id": "21101724_1475077819753",
            "timestamp": 1475067623642,
            "sequence_id": 1,
            "section_id": 4,
            "activity_id": 1,
            "activity_kind": "curvestar",
            "data": {
                "kind": "Input",
                "user_input": [
                    979.5918367346939,
                    948.9795918367347,
                    1010.204081632653,
                    1989.795918367347,
                    3015.3061224489797,
                    3030.612244897959
                ]
            }
        },
        {
            "user_id": "21101724",
            "session_id": "21101724_1475077819753",
            "timestamp": 1475067627010,
            "sequence_id": 1,
            "section_id": 4,
            "activity_id": 1,
            "activity_kind": "curvestar",
            "data": {
                "kind": "Input",
                "user_input": [
                    979.5918367346939,
                    948.9795918367347,
                    1316.3265306122448,
                    1989.795918367347,
                    3015.3061224489797,
                    3030.612244897959
                ]
            }
        },
        {
            "user_id": "21101724",
            "session_id": "21101724_1475077819753",
            "timestamp": 1475067652497,
            "sequence_id": 1,
            "section_id": 4,
            "activity_id": 2,
            "activity_kind": "dragdrop",
            "data": {
                "kind": "Input",
                "user_input": [
                    {
                        "slot": 0,
                        "stickers": [
                            "3"
                        ]
                    },
                    {
                        "slot": 1,
                        "stickers": [
                            "4"
                        ]
                    },
                    {
                        "slot": 2,
                        "stickers": [
                            "2"
                        ]
                    }
                ]
            }
        },
        {
            "user_id": "21101724",
            "session_id": "21101724_1475077819753",
            "timestamp": 1475067657660,
            "sequence_id": 1,
            "section_id": 4,
            "activity_id": 3,
            "activity_kind": "dragdrop",
            "data": {
                "kind": "Input",
                "user_input": [
                    {
                        "slot": 0,
                        "stickers": [
                            "4"
                        ]
                    },
                    {
                        "slot": 1,
                        "stickers": [
                            "1"
                        ]
                    },
                    {
                        "slot": 2,
                        "stickers": [
                            "0"
                        ]
                    },
                    {
                        "slot": 3,
                        "stickers": [
                            "2"
                        ]
                    }
                ]
            }
        },
        {
            "user_id": "21101724",
            "session_id": "21101724_1475077819753",
            "timestamp": 1475067663795,
            "sequence_id": 1,
            "section_id": 4,
            "activity_id": 3,
            "activity_kind": "dragdrop",
            "data": {
                "kind": "Input",
                "user_input": [
                    {
                        "slot": 0,
                        "stickers": [
                            "4"
                        ]
                    },
                    {
                        "slot": 1,
                        "stickers": [
                            "1"
                        ]
                    },
                    {
                        "slot": 2,
                        "stickers": [
                            "0"
                        ]
                    },
                    {
                        "slot": 3,
                        "stickers": [
                            "2"
                        ]
                    }
                ]
            }
        },
        {
            "user_id": "21101724",
            "session_id": "21101724_1475077819753",
            "timestamp": 1475067663798,
            "sequence_id": 1,
            "section_id": 4,
            "activity_id": 3,
            "activity_kind": "dragdrop",
            "data": {
                "kind": "Input",
                "user_input": [
                    {
                        "slot": 0,
                        "stickers": [
                            "5"
                        ]
                    },
                    {
                        "slot": 1,
                        "stickers": [
                            "1"
                        ]
                    },
                    {
                        "slot": 2,
                        "stickers": [
                            "0"
                        ]
                    },
                    {
                        "slot": 3,
                        "stickers": [
                            "2"
                        ]
                    }
                ]
            }
        },
        {
            "user_id": "21101724",
            "session_id": "21101724_1475077819753",
            "timestamp": 1475067669426,
            "sequence_id": 1,
            "section_id": 4,
            "activity_id": 3,
            "activity_kind": "dragdrop",
            "data": {
                "kind": "Input",
                "user_input": [
                    {
                        "slot": 0,
                        "stickers": [
                            "5"
                        ]
                    },
                    {
                        "slot": 1,
                        "stickers": [
                            "1"
                        ]
                    },
                    {
                        "slot": 2,
                        "stickers": [
                            "0"
                        ]
                    },
                    {
                        "slot": 3,
                        "stickers": [
                            "2"
                        ]
                    }
                ]
            }
        },
        {
            "user_id": "21101724",
            "session_id": "21101724_1475077819753",
            "timestamp": 1475067669429,
            "sequence_id": 1,
            "section_id": 4,
            "activity_id": 3,
            "activity_kind": "dragdrop",
            "data": {
                "kind": "Input",
                "user_input": [
                    {
                        "slot": 0,
                        "stickers": [
                            "4"
                        ]
                    },
                    {
                        "slot": 1,
                        "stickers": [
                            "1"
                        ]
                    },
                    {
                        "slot": 2,
                        "stickers": [
                            "0"
                        ]
                    },
                    {
                        "slot": 3,
                        "stickers": [
                            "2"
                        ]
                    }
                ]
            }
        },
        {
            "user_id": "21101724",
            "session_id": "21101724_1475077819753",
            "timestamp": 1475067685526,
            "sequence_id": 1,
            "section_id": 4,
            "activity_id": 3,
            "activity_kind": "dragdrop",
            "data": {
                "kind": "Input",
                "user_input": [
                    {
                        "slot": 0,
                        "stickers": [
                            "4"
                        ]
                    },
                    {
                        "slot": 1,
                        "stickers": [
                            "1"
                        ]
                    },
                    {
                        "slot": 2,
                        "stickers": [
                            "0"
                        ]
                    },
                    {
                        "slot": 3,
                        "stickers": [
                            "2"
                        ]
                    }
                ]
            }
        },
        {
            "user_id": "21101724",
            "session_id": "21101724_1475077819753",
            "timestamp": 1475067685530,
            "sequence_id": 1,
            "section_id": 4,
            "activity_id": 3,
            "activity_kind": "dragdrop",
            "data": {
                "kind": "Input",
                "user_input": [
                    {
                        "slot": 0,
                        "stickers": [
                            "4"
                        ]
                    },
                    {
                        "slot": 1,
                        "stickers": [
                            "1"
                        ]
                    },
                    {
                        "slot": 2,
                        "stickers": []
                    },
                    {
                        "slot": 3,
                        "stickers": [
                            "0"
                        ]
                    }
                ]
            }
        },
        {
            "user_id": "21101724",
            "session_id": "21101724_1475077819753",
            "timestamp": 1475067689587,
            "sequence_id": 1,
            "section_id": 4,
            "activity_id": 3,
            "activity_kind": "dragdrop",
            "data": {
                "kind": "Input",
                "user_input": [
                    {
                        "slot": 0,
                        "stickers": [
                            "4"
                        ]
                    },
                    {
                        "slot": 1,
                        "stickers": [
                            "1"
                        ]
                    },
                    {
                        "slot": 2,
                        "stickers": []
                    },
                    {
                        "slot": 3,
                        "stickers": [
                            "0"
                        ]
                    }
                ]
            }
        },
        {
            "user_id": "21101724",
            "session_id": "21101724_1475077819753",
            "timestamp": 1475067689591,
            "sequence_id": 1,
            "section_id": 4,
            "activity_id": 3,
            "activity_kind": "dragdrop",
            "data": {
                "kind": "Input",
                "user_input": [
                    {
                        "slot": 0,
                        "stickers": [
                            "4"
                        ]
                    },
                    {
                        "slot": 1,
                        "stickers": [
                            "1"
                        ]
                    },
                    {
                        "slot": 2,
                        "stickers": [
                            "2"
                        ]
                    },
                    {
                        "slot": 3,
                        "stickers": [
                            "0"
                        ]
                    }
                ]
            }
        },
        {
            "user_id": "21101724",
            "session_id": "21101724_1475077819753",
            "timestamp": 1475067691475,
            "sequence_id": 1,
            "section_id": 4,
            "activity_id": 3,
            "activity_kind": "dragdrop",
            "data": {
                "kind": "Input",
                "user_input": [
                    {
                        "slot": 0,
                        "stickers": [
                            "4"
                        ]
                    },
                    {
                        "slot": 1,
                        "stickers": [
                            "1"
                        ]
                    },
                    {
                        "slot": 2,
                        "stickers": [
                            "2"
                        ]
                    },
                    {
                        "slot": 3,
                        "stickers": [
                            "0"
                        ]
                    }
                ]
            }
        },
        {
            "user_id": "21101724",
            "session_id": "21101724_1475077819753",
            "timestamp": 1475067691479,
            "sequence_id": 1,
            "section_id": 4,
            "activity_id": 3,
            "activity_kind": "dragdrop",
            "data": {
                "kind": "Input",
                "user_input": [
                    {
                        "slot": 0,
                        "stickers": [
                            "4"
                        ]
                    },
                    {
                        "slot": 1,
                        "stickers": [
                            "2"
                        ]
                    },
                    {
                        "slot": 2,
                        "stickers": [
                            "2"
                        ]
                    },
                    {
                        "slot": 3,
                        "stickers": [
                            "0"
                        ]
                    }
                ]
            }
        },
        {
            "user_id": "21101724",
            "session_id": "21101724_1475077819753",
            "timestamp": 1475067763748,
            "sequence_id": 1,
            "section_id": 5,
            "activity_id": 0,
            "activity_kind": "synthesis",
            "data": {
                "kind": "Input",
                "user_input": [
                    "latence",
                    "exponentielle",
                    "la courbe de croissance",
                    "une phase stationnaire",
                    "l'inhibition de contact",
                    "asynchrone",
                    "le profil de cytométrie de flux",
                    "G1",
                    "ordonnées",
                    "G1, S, G2, M"
                ]
            }
        },
        {
            "user_id": "21101724",
            "session_id": "21101724_1475077819753",
            "timestamp": 1475067862873,
            "sequence_id": 2,
            "section_id": 0,
            "activity_id": 0,
            "activity_kind": "dragdrop",
            "data": {
                "kind": "Input",
                "user_input": [
                    {
                        "slot": 0,
                        "stickers": []
                    },
                    {
                        "slot": 1,
                        "stickers": [
                            "2"
                        ]
                    },
                    {
                        "slot": 2,
                        "stickers": [
                            "1"
                        ]
                    },
                    {
                        "slot": 3,
                        "stickers": [
                            "6"
                        ]
                    },
                    {
                        "slot": 4,
                        "stickers": [
                            "0"
                        ]
                    },
                    {
                        "slot": 5,
                        "stickers": [
                            "3"
                        ]
                    },
                    {
                        "slot": 6,
                        "stickers": [
                            "5"
                        ]
                    },
                    {
                        "slot": 7,
                        "stickers": [
                            "4"
                        ]
                    }
                ]
            }
        },
        {
            "user_id": "21101724",
            "session_id": "21101724_1475077819753",
            "timestamp": 1475067873831,
            "sequence_id": 2,
            "section_id": 0,
            "activity_id": 0,
            "activity_kind": "dragdrop",
            "data": {
                "kind": "Input",
                "user_input": [
                    {
                        "slot": 0,
                        "stickers": [
                            "4"
                        ]
                    },
                    {
                        "slot": 1,
                        "stickers": [
                            "2"
                        ]
                    },
                    {
                        "slot": 2,
                        "stickers": [
                            "1"
                        ]
                    },
                    {
                        "slot": 3,
                        "stickers": []
                    },
                    {
                        "slot": 4,
                        "stickers": [
                            "0"
                        ]
                    },
                    {
                        "slot": 5,
                        "stickers": [
                            "3"
                        ]
                    },
                    {
                        "slot": 6,
                        "stickers": [
                            "6"
                        ]
                    },
                    {
                        "slot": 7,
                        "stickers": [
                            "5"
                        ]
                    }
                ]
            }
        },
        {
            "user_id": "21101724",
            "session_id": "21101724_1475077819753",
            "timestamp": 1475067886054,
            "sequence_id": 2,
            "section_id": 0,
            "activity_id": 0,
            "activity_kind": "dragdrop",
            "data": {
                "kind": "Input",
                "user_input": [
                    {
                        "slot": 0,
                        "stickers": [
                            "6"
                        ]
                    },
                    {
                        "slot": 1,
                        "stickers": [
                            "2"
                        ]
                    },
                    {
                        "slot": 2,
                        "stickers": [
                            "1"
                        ]
                    },
                    {
                        "slot": 3,
                        "stickers": [
                            "5"
                        ]
                    },
                    {
                        "slot": 4,
                        "stickers": [
                            "0"
                        ]
                    },
                    {
                        "slot": 5,
                        "stickers": [
                            "3"
                        ]
                    },
                    {
                        "slot": 6,
                        "stickers": [
                            "4"
                        ]
                    },
                    {
                        "slot": 7,
                        "stickers": []
                    }
                ]
            }
        },
        {
            "user_id": "21101724",
            "session_id": "21101724_1475077819753",
            "timestamp": 1475067906270,
            "sequence_id": 2,
            "section_id": 0,
            "activity_id": 1,
            "activity_kind": "dragdrop",
            "data": {
                "kind": "Input",
                "user_input": [
                    {
                        "slot": 0,
                        "stickers": [
                            "0"
                        ]
                    },
                    {
                        "slot": 1,
                        "stickers": [
                            "3"
                        ]
                    },
                    {
                        "slot": 2,
                        "stickers": [
                            "2"
                        ]
                    }
                ]
            }
        },
        {
            "user_id": "21101724",
            "session_id": "21101724_1475077819753",
            "timestamp": 1475067910837,
            "sequence_id": 2,
            "section_id": 0,
            "activity_id": 1,
            "activity_kind": "dragdrop",
            "data": {
                "kind": "Input",
                "user_input": [
                    {
                        "slot": 0,
                        "stickers": [
                            "0"
                        ]
                    },
                    {
                        "slot": 1,
                        "stickers": [
                            "3"
                        ]
                    },
                    {
                        "slot": 2,
                        "stickers": [
                            "2",
                            "1"
                        ]
                    }
                ]
            }
        },
        {
            "user_id": "21101724",
            "session_id": "21101724_1475077819753",
            "timestamp": 1475067928903,
            "sequence_id": 2,
            "section_id": 1,
            "activity_id": 0,
            "activity_kind": "dragdrop",
            "data": {
                "kind": "Input",
                "user_input": [
                    {
                        "slot": 0,
                        "stickers": []
                    },
                    {
                        "slot": 1,
                        "stickers": []
                    },
                    {
                        "slot": 2,
                        "stickers": []
                    },
                    {
                        "slot": 3,
                        "stickers": [
                            "0"
                        ]
                    }
                ]
            }
        },
        {
            "user_id": "21101724",
            "session_id": "21101724_1475077819753",
            "timestamp": 1475067971859,
            "sequence_id": 2,
            "section_id": 1,
            "activity_id": 1,
            "activity_kind": "curvetest",
            "data": {
                "kind": "Input",
                "user_input": [
                    0.29743589743589743,
                    0.7128205128205128,
                    0.7153846153846154,
                    0.7205128205128205,
                    0.7230769230769231,
                    0.7205128205128205,
                    0.7256410256410256
                ]
            }
        },
        {
            "user_id": "21101724",
            "session_id": "21101724_1475077819753",
            "timestamp": 1475068038903,
            "sequence_id": 2,
            "section_id": 2,
            "activity_id": 0,
            "activity_kind": "planif",
            "data": {
                "kind": "Input",
                "user_input": {
                    "protocol": [
                        "-36",
                        "132",
                        "6"
                    ],
                    "temoincheck": true,
                    "culture": [
                        {
                            "condition": "+ sérum",
                            "time": "0"
                        }
                    ],
                    "temoin": [
                        {
                            "condition": "+ glucose",
                            "time": "0"
                        },
                        {
                            "condition": "+ oxygène",
                            "time": "0"
                        },
                        {
                            "condition": "+ sérum",
                            "time": "0"
                        }
                    ]
                }
            }
        },
        {
            "user_id": "21101724",
            "session_id": "21101724_1475077819753",
            "timestamp": 1475068116124,
            "sequence_id": 2,
            "section_id": 2,
            "activity_id": 0,
            "activity_kind": "planif",
            "data": {
                "kind": "Input",
                "user_input": {
                    "protocol": [
                        "-36",
                        "72",
                        "12"
                    ],
                    "temoincheck": true,
                    "culture": [
                        {
                            "condition": "- glucose",
                            "time": "0"
                        },
                        {
                            "condition": "- oxygène",
                            "time": "0"
                        },
                        {
                            "condition": "- sérum",
                            "time": "0"
                        }
                    ],
                    "temoin": [
                        {
                            "condition": "+ glucose",
                            "time": "0"
                        },
                        {
                            "condition": "+ oxygène",
                            "time": "0"
                        },
                        {
                            "condition": "+ sérum",
                            "time": "0"
                        }
                    ]
                }
            }
        },
        {
            "user_id": "21101724",
            "session_id": "21101724_1475077819753",
            "timestamp": 1475068129083,
            "sequence_id": 2,
            "section_id": 2,
            "activity_id": 0,
            "activity_kind": "planif",
            "data": {
                "kind": "Input",
                "user_input": {
                    "protocol": [
                        "-36",
                        "72",
                        "12"
                    ],
                    "temoincheck": true,
                    "culture": [
                        {
                            "condition": "- sérum",
                            "time": "0"
                        }
                    ],
                    "temoin": [
                        {
                            "condition": "+ sérum",
                            "time": "0"
                        }
                    ]
                }
            }
        },
        {
            "user_id": "21101724",
            "session_id": "21101724_1475077819753",
            "timestamp": 1475068190424,
            "sequence_id": 2,
            "section_id": 2,
            "activity_id": 1,
            "activity_kind": "dragdrop",
            "data": {
                "kind": "Input",
                "user_input": [
                    {
                        "slot": 0,
                        "stickers": [
                            "9"
                        ]
                    }
                ]
            }
        },
        {
            "user_id": "21101724",
            "session_id": "21101724_1475077819753",
            "timestamp": 1475068193896,
            "sequence_id": 2,
            "section_id": 2,
            "activity_id": 1,
            "activity_kind": "dragdrop",
            "data": {
                "kind": "Input",
                "user_input": [
                    {
                        "slot": 0,
                        "stickers": [
                            "8"
                        ]
                    }
                ]
            }
        },
        {
            "user_id": "21101724",
            "session_id": "21101724_1475077819753",
            "timestamp": 1475068589405,
            "sequence_id": 2,
            "section_id": 2,
            "activity_id": 5,
            "activity_kind": "doublepipette",
            "data": {
                "kind": "Input",
                "user_input": [
                    3,
                    0.005,
                    18,
                    3,
                    0.1,
                    21
                ]
            }
        },
        {
            "user_id": "21101724",
            "session_id": "21101724_1475077819753",
            "timestamp": 1475068648915,
            "sequence_id": 2,
            "section_id": 4,
            "activity_id": 0,
            "activity_kind": "dragdrop",
            "data": {
                "kind": "Input",
                "user_input": [
                    {
                        "slot": 0,
                        "stickers": [
                            "0"
                        ]
                    },
                    {
                        "slot": 1,
                        "stickers": [
                            "1"
                        ]
                    },
                    {
                        "slot": 2,
                        "stickers": [
                            "2"
                        ]
                    },
                    {
                        "slot": 3,
                        "stickers": [
                            "3"
                        ]
                    },
                    {
                        "slot": 4,
                        "stickers": [
                            "4"
                        ]
                    }
                ]
            }
        },
        {
            "user_id": "21101724",
            "session_id": "21101724_1475077819753",
            "timestamp": 1475068651827,
            "sequence_id": 2,
            "section_id": 4,
            "activity_id": 1,
            "activity_kind": "dragdrop",
            "data": {
                "kind": "Input",
                "user_input": [
                    {
                        "slot": 0,
                        "stickers": []
                    },
                    {
                        "slot": 1,
                        "stickers": []
                    },
                    {
                        "slot": 2,
                        "stickers": []
                    },
                    {
                        "slot": 3,
                        "stickers": [
                            "0"
                        ]
                    }
                ]
            }
        },
        {
            "user_id": "21101724",
            "session_id": "21101724_1475077819753",
            "timestamp": 1475068660686,
            "sequence_id": 2,
            "section_id": 4,
            "activity_id": 2,
            "activity_kind": "curvestar",
            "data": {
                "kind": "Input",
                "user_input": [
                    0.29743589743589743,
                    0.7128205128205128,
                    0.7153846153846154,
                    0.7205128205128205,
                    0.7230769230769231,
                    0.7205128205128205,
                    0.7256410256410256
                ]
            }
        },
        {
            "user_id": "21101724",
            "session_id": "21101724_1475077819753",
            "timestamp": 1475068669177,
            "sequence_id": 2,
            "section_id": 4,
            "activity_id": 2,
            "activity_kind": "curvestar",
            "data": {
                "kind": "Input",
                "user_input": [
                    0.29743589743589743,
                    0.5794871794871795,
                    0.7153846153846154,
                    0.7205128205128205,
                    0.7230769230769231,
                    0.7205128205128205,
                    0.7256410256410256
                ]
            }
        },
        {
            "user_id": "21101724",
            "session_id": "21101724_1475077819753",
            "timestamp": 1475068670945,
            "sequence_id": 2,
            "section_id": 4,
            "activity_id": 2,
            "activity_kind": "curvestar",
            "data": {
                "kind": "Input",
                "user_input": [
                    0.29743589743589743,
                    0.5794871794871795,
                    0.6051282051282051,
                    0.7205128205128205,
                    0.7230769230769231,
                    0.7205128205128205,
                    0.7256410256410256
                ]
            }
        },
        {
            "user_id": "21101724",
            "session_id": "21101724_1475077819753",
            "timestamp": 1475068674849,
            "sequence_id": 2,
            "section_id": 4,
            "activity_id": 2,
            "activity_kind": "curvestar",
            "data": {
                "kind": "Input",
                "user_input": [
                    0.29743589743589743,
                    0.5794871794871795,
                    0.6051282051282051,
                    0.8692307692307693,
                    0.7230769230769231,
                    0.7205128205128205,
                    0.7256410256410256
                ]
            }
        },
        {
            "user_id": "21101724",
            "session_id": "21101724_1475077819753",
            "timestamp": 1475068679937,
            "sequence_id": 2,
            "section_id": 4,
            "activity_id": 2,
            "activity_kind": "curvestar",
            "data": {
                "kind": "Input",
                "user_input": [
                    0.29743589743589743,
                    0.5794871794871795,
                    0.6051282051282051,
                    0.8692307692307693,
                    0.8564102564102564,
                    0.7205128205128205,
                    0.7256410256410256
                ]
            }
        },
        {
            "user_id": "21101724",
            "session_id": "21101724_1475077819753",
            "timestamp": 1475068681881,
            "sequence_id": 2,
            "section_id": 4,
            "activity_id": 2,
            "activity_kind": "curvestar",
            "data": {
                "kind": "Input",
                "user_input": [
                    0.29743589743589743,
                    0.5794871794871795,
                    0.6051282051282051,
                    0.8692307692307693,
                    0.8564102564102564,
                    0.7205128205128205,
                    0.7256410256410256
                ]
            }
        },
        {
            "user_id": "21101724",
            "session_id": "21101724_1475077819753",
            "timestamp": 1475068683041,
            "sequence_id": 2,
            "section_id": 4,
            "activity_id": 2,
            "activity_kind": "curvestar",
            "data": {
                "kind": "Input",
                "user_input": [
                    0.29743589743589743,
                    0.5794871794871795,
                    0.6051282051282051,
                    0.8692307692307693,
                    0.8692307692307693,
                    0.7205128205128205,
                    0.7256410256410256
                ]
            }
        },
        {
            "user_id": "21101724",
            "session_id": "21101724_1475077819753",
            "timestamp": 1475068685193,
            "sequence_id": 2,
            "section_id": 4,
            "activity_id": 2,
            "activity_kind": "curvestar",
            "data": {
                "kind": "Input",
                "user_input": [
                    0.29743589743589743,
                    0.5794871794871795,
                    0.6051282051282051,
                    0.8692307692307693,
                    0.8692307692307693,
                    0.7205128205128205,
                    0.7256410256410256
                ]
            }
        },
        {
            "user_id": "21101724",
            "session_id": "21101724_1475077819753",
            "timestamp": 1475068687616,
            "sequence_id": 2,
            "section_id": 4,
            "activity_id": 2,
            "activity_kind": "curvestar",
            "data": {
                "kind": "Input",
                "user_input": [
                    0.29743589743589743,
                    0.5794871794871795,
                    0.6051282051282051,
                    0.8692307692307693,
                    0.8692307692307693,
                    0.9948717948717949,
                    0.7256410256410256
                ]
            }
        },
        {
            "user_id": "21101724",
            "session_id": "21101724_1475077819753",
            "timestamp": 1475068689577,
            "sequence_id": 2,
            "section_id": 4,
            "activity_id": 2,
            "activity_kind": "curvestar",
            "data": {
                "kind": "Input",
                "user_input": [
                    0.29743589743589743,
                    0.5794871794871795,
                    0.6051282051282051,
                    0.8692307692307693,
                    0.8692307692307693,
                    0.9948717948717949,
                    0.9974358974358974
                ]
            }
        },
        {
            "user_id": "21101724",
            "session_id": "21101724_1475077819753",
            "timestamp": 1475068718310,
            "sequence_id": 2,
            "section_id": 5,
            "activity_id": 0,
            "activity_kind": "synthesis",
            "data": {
                "kind": "Input",
                "user_input": [
                    "prolifération",
                    "facteurs de croissance",
                    "le point de restriction",
                    "G1",
                    "synchronisées",
                    "G0"
                ]
            }
        }
    ]
}