{
    "inputs": [
        {
            "user_id": "21201880",
            "session_id": "21201880_1475597790817",
            "timestamp": 1475585032537,
            "sequence_id": 2,
            "section_id": 0,
            "activity_id": 0,
            "activity_kind": "dragdrop",
            "data": {
                "kind": "Input",
                "user_input": [
                    {
                        "slot": 0,
                        "stickers": [
                            "4"
                        ]
                    },
                    {
                        "slot": 1,
                        "stickers": [
                            "2"
                        ]
                    },
                    {
                        "slot": 2,
                        "stickers": [
                            "1"
                        ]
                    },
                    {
                        "slot": 3,
                        "stickers": [
                            "6"
                        ]
                    },
                    {
                        "slot": 4,
                        "stickers": [
                            "0"
                        ]
                    },
                    {
                        "slot": 5,
                        "stickers": [
                            "3"
                        ]
                    },
                    {
                        "slot": 6,
                        "stickers": [
                            "5"
                        ]
                    },
                    {
                        "slot": 7,
                        "stickers": [
                            "0"
                        ]
                    }
                ]
            }
        },
        {
            "user_id": "21201880",
            "session_id": "21201880_1475597790817",
            "timestamp": 1475585063591,
            "sequence_id": 2,
            "section_id": 0,
            "activity_id": 0,
            "activity_kind": "dragdrop",
            "data": {
                "kind": "Input",
                "user_input": [
                    {
                        "slot": 0,
                        "stickers": [
                            "2"
                        ]
                    },
                    {
                        "slot": 1,
                        "stickers": [
                            "2"
                        ]
                    },
                    {
                        "slot": 2,
                        "stickers": [
                            "1"
                        ]
                    },
                    {
                        "slot": 3,
                        "stickers": [
                            "4"
                        ]
                    },
                    {
                        "slot": 4,
                        "stickers": [
                            "0"
                        ]
                    },
                    {
                        "slot": 5,
                        "stickers": [
                            "3"
                        ]
                    },
                    {
                        "slot": 6,
                        "stickers": [
                            "6"
                        ]
                    },
                    {
                        "slot": 7,
                        "stickers": [
                            "5"
                        ]
                    }
                ]
            }
        },
        {
            "user_id": "21201880",
            "session_id": "21201880_1475597790817",
            "timestamp": 1475585081703,
            "sequence_id": 2,
            "section_id": 0,
            "activity_id": 0,
            "activity_kind": "dragdrop",
            "data": {
                "kind": "Input",
                "user_input": [
                    {
                        "slot": 0,
                        "stickers": [
                            "5"
                        ]
                    },
                    {
                        "slot": 1,
                        "stickers": [
                            "2"
                        ]
                    },
                    {
                        "slot": 2,
                        "stickers": [
                            "1"
                        ]
                    },
                    {
                        "slot": 3,
                        "stickers": [
                            "2"
                        ]
                    },
                    {
                        "slot": 4,
                        "stickers": [
                            "0"
                        ]
                    },
                    {
                        "slot": 5,
                        "stickers": [
                            "3"
                        ]
                    },
                    {
                        "slot": 6,
                        "stickers": [
                            "5"
                        ]
                    },
                    {
                        "slot": 7,
                        "stickers": [
                            "4"
                        ]
                    }
                ]
            }
        },
        {
            "user_id": "21201880",
            "session_id": "21201880_1475597790817",
            "timestamp": 1475585184011,
            "sequence_id": 2,
            "section_id": 0,
            "activity_id": 1,
            "activity_kind": "dragdrop",
            "data": {
                "kind": "Input",
                "user_input": [
                    {
                        "slot": 0,
                        "stickers": [
                            "0"
                        ]
                    },
                    {
                        "slot": 1,
                        "stickers": [
                            "3"
                        ]
                    },
                    {
                        "slot": 2,
                        "stickers": [
                            "2",
                            "1"
                        ]
                    }
                ]
            }
        },
        {
            "user_id": "21201880",
            "session_id": "21201880_1475597790817",
            "timestamp": 1475585253829,
            "sequence_id": 2,
            "section_id": 1,
            "activity_id": 0,
            "activity_kind": "dragdrop",
            "data": {
                "kind": "Input",
                "user_input": [
                    {
                        "slot": 0,
                        "stickers": []
                    },
                    {
                        "slot": 1,
                        "stickers": []
                    },
                    {
                        "slot": 2,
                        "stickers": [
                            "0"
                        ]
                    },
                    {
                        "slot": 3,
                        "stickers": []
                    }
                ]
            }
        },
        {
            "user_id": "21201880",
            "session_id": "21201880_1475597790817",
            "timestamp": 1475585308344,
            "sequence_id": 2,
            "section_id": 1,
            "activity_id": 1,
            "activity_kind": "curvetest",
            "data": {
                "kind": "Input",
                "user_input": [
                    0.29743589743589743,
                    0.5025641025641026,
                    0.9974358974358974,
                    0.47692307692307695,
                    0.29743589743589743,
                    0.29743589743589743,
                    0.29743589743589743
                ]
            }
        },
        {
            "user_id": "21201880",
            "session_id": "21201880_1475597790817",
            "timestamp": 1475585406481,
            "sequence_id": 2,
            "section_id": 2,
            "activity_id": 0,
            "activity_kind": "planif",
            "data": {
                "kind": "Input",
                "user_input": {
                    "protocol": [
                        "-36",
                        "72",
                        "12"
                    ],
                    "temoincheck": true,
                    "culture": [
                        {
                            "condition": "+ sérum",
                            "time": "12"
                        }
                    ],
                    "temoin": [
                        {
                            "condition": "- sérum",
                            "time": "12"
                        }
                    ]
                }
            }
        },
        {
            "user_id": "21201880",
            "session_id": "21201880_1475597790817",
            "timestamp": 1475585411322,
            "sequence_id": 2,
            "section_id": 2,
            "activity_id": 0,
            "activity_kind": "planif",
            "data": {
                "kind": "Input",
                "user_input": {
                    "protocol": [
                        "-36",
                        "72",
                        "12"
                    ],
                    "temoincheck": true,
                    "culture": [
                        {
                            "condition": "+ sérum",
                            "time": "0"
                        }
                    ],
                    "temoin": [
                        {
                            "condition": "- sérum",
                            "time": "0"
                        }
                    ]
                }
            }
        },
        {
            "user_id": "21201880",
            "session_id": "21201880_1475597790817",
            "timestamp": 1475585423033,
            "sequence_id": 2,
            "section_id": 2,
            "activity_id": 0,
            "activity_kind": "planif",
            "data": {
                "kind": "Input",
                "user_input": {
                    "protocol": [
                        "-36",
                        "72",
                        "12"
                    ],
                    "temoincheck": true,
                    "culture": [
                        {
                            "condition": "- sérum",
                            "time": "0"
                        }
                    ],
                    "temoin": [
                        {
                            "condition": "+ sérum",
                            "time": "0"
                        }
                    ]
                }
            }
        },
        {
            "user_id": "21201880",
            "session_id": "21201880_1475597790817",
            "timestamp": 1475585470128,
            "sequence_id": 2,
            "section_id": 2,
            "activity_id": 1,
            "activity_kind": "dragdrop",
            "data": {
                "kind": "Input",
                "user_input": [
                    {
                        "slot": 0,
                        "stickers": [
                            "7"
                        ]
                    }
                ]
            }
        },
        {
            "user_id": "21201880",
            "session_id": "21201880_1475597790817",
            "timestamp": 1475585473296,
            "sequence_id": 2,
            "section_id": 2,
            "activity_id": 1,
            "activity_kind": "dragdrop",
            "data": {
                "kind": "Input",
                "user_input": [
                    {
                        "slot": 0,
                        "stickers": [
                            "9"
                        ]
                    }
                ]
            }
        },
        {
            "user_id": "21201880",
            "session_id": "21201880_1475597790817",
            "timestamp": 1475585476352,
            "sequence_id": 2,
            "section_id": 2,
            "activity_id": 1,
            "activity_kind": "dragdrop",
            "data": {
                "kind": "Input",
                "user_input": [
                    {
                        "slot": 0,
                        "stickers": [
                            "11"
                        ]
                    }
                ]
            }
        },
        {
            "user_id": "21201880",
            "session_id": "21201880_1475597790817",
            "timestamp": 1475585724998,
            "sequence_id": 2,
            "section_id": 2,
            "activity_id": 5,
            "activity_kind": "doublepipette",
            "data": {
                "kind": "Input",
                "user_input": [
                    1.8333333333333333,
                    0,
                    11,
                    4.285714285714286,
                    0,
                    30
                ]
            }
        },
        {
            "user_id": "21201880",
            "session_id": "21201880_1475597790817",
            "timestamp": 1475585744516,
            "sequence_id": 2,
            "section_id": 2,
            "activity_id": 5,
            "activity_kind": "doublepipette",
            "data": {
                "kind": "Input",
                "user_input": [
                    1.8333333333333333,
                    0,
                    11,
                    4.857142857142857,
                    0.11764705882352941,
                    34
                ]
            }
        },
        {
            "user_id": "21201880",
            "session_id": "21201880_1475597790817",
            "timestamp": 1475585765036,
            "sequence_id": 2,
            "section_id": 2,
            "activity_id": 5,
            "activity_kind": "doublepipette",
            "data": {
                "kind": "Input",
                "user_input": [
                    0,
                    0,
                    0,
                    4.457142857142857,
                    0.038461538461538464,
                    31.2
                ]
            }
        },
        {
            "user_id": "21201880",
            "session_id": "21201880_1475597790817",
            "timestamp": 1475585873026,
            "sequence_id": 2,
            "section_id": 4,
            "activity_id": 0,
            "activity_kind": "dragdrop",
            "data": {
                "kind": "Input",
                "user_input": [
                    {
                        "slot": 0,
                        "stickers": [
                            "1"
                        ]
                    },
                    {
                        "slot": 1,
                        "stickers": [
                            "3"
                        ]
                    },
                    {
                        "slot": 2,
                        "stickers": [
                            "2"
                        ]
                    },
                    {
                        "slot": 3,
                        "stickers": [
                            "0"
                        ]
                    },
                    {
                        "slot": 4,
                        "stickers": [
                            "6"
                        ]
                    }
                ]
            }
        },
        {
            "user_id": "21201880",
            "session_id": "21201880_1475597790817",
            "timestamp": 1475585889417,
            "sequence_id": 2,
            "section_id": 4,
            "activity_id": 0,
            "activity_kind": "dragdrop",
            "data": {
                "kind": "Input",
                "user_input": [
                    {
                        "slot": 0,
                        "stickers": [
                            "1"
                        ]
                    },
                    {
                        "slot": 1,
                        "stickers": [
                            "1"
                        ]
                    },
                    {
                        "slot": 2,
                        "stickers": [
                            "2"
                        ]
                    },
                    {
                        "slot": 3,
                        "stickers": [
                            "3"
                        ]
                    },
                    {
                        "slot": 4,
                        "stickers": [
                            "5"
                        ]
                    }
                ]
            }
        },
        {
            "user_id": "21201880",
            "session_id": "21201880_1475597790817",
            "timestamp": 1475585900433,
            "sequence_id": 2,
            "section_id": 4,
            "activity_id": 0,
            "activity_kind": "dragdrop",
            "data": {
                "kind": "Input",
                "user_input": [
                    {
                        "slot": 0,
                        "stickers": [
                            "2"
                        ]
                    },
                    {
                        "slot": 1,
                        "stickers": [
                            "1"
                        ]
                    },
                    {
                        "slot": 2,
                        "stickers": [
                            "2"
                        ]
                    },
                    {
                        "slot": 3,
                        "stickers": [
                            "3"
                        ]
                    },
                    {
                        "slot": 4,
                        "stickers": [
                            "4"
                        ]
                    }
                ]
            }
        },
        {
            "user_id": "21201880",
            "session_id": "21201880_1475597790817",
            "timestamp": 1475585923513,
            "sequence_id": 2,
            "section_id": 4,
            "activity_id": 1,
            "activity_kind": "dragdrop",
            "data": {
                "kind": "Input",
                "user_input": [
                    {
                        "slot": 0,
                        "stickers": []
                    },
                    {
                        "slot": 1,
                        "stickers": []
                    },
                    {
                        "slot": 2,
                        "stickers": [
                            "0"
                        ]
                    },
                    {
                        "slot": 3,
                        "stickers": []
                    }
                ]
            }
        },
        {
            "user_id": "21201880",
            "session_id": "21201880_1475597790817",
            "timestamp": 1475585935958,
            "sequence_id": 2,
            "section_id": 4,
            "activity_id": 1,
            "activity_kind": "dragdrop",
            "data": {
                "kind": "Input",
                "user_input": [
                    {
                        "slot": 0,
                        "stickers": []
                    },
                    {
                        "slot": 1,
                        "stickers": []
                    },
                    {
                        "slot": 2,
                        "stickers": [
                            "0"
                        ]
                    },
                    {
                        "slot": 3,
                        "stickers": []
                    }
                ]
            }
        },
        {
            "user_id": "21201880",
            "session_id": "21201880_1475597790817",
            "timestamp": 1475585935961,
            "sequence_id": 2,
            "section_id": 4,
            "activity_id": 1,
            "activity_kind": "dragdrop",
            "data": {
                "kind": "Input",
                "user_input": [
                    {
                        "slot": 0,
                        "stickers": [
                            "0"
                        ]
                    },
                    {
                        "slot": 1,
                        "stickers": []
                    },
                    {
                        "slot": 2,
                        "stickers": []
                    },
                    {
                        "slot": 3,
                        "stickers": []
                    }
                ]
            }
        },
        {
            "user_id": "21201880",
            "session_id": "21201880_1475597790817",
            "timestamp": 1475585938041,
            "sequence_id": 2,
            "section_id": 4,
            "activity_id": 1,
            "activity_kind": "dragdrop",
            "data": {
                "kind": "Input",
                "user_input": [
                    {
                        "slot": 0,
                        "stickers": [
                            "0"
                        ]
                    },
                    {
                        "slot": 1,
                        "stickers": []
                    },
                    {
                        "slot": 2,
                        "stickers": []
                    },
                    {
                        "slot": 3,
                        "stickers": []
                    }
                ]
            }
        },
        {
            "user_id": "21201880",
            "session_id": "21201880_1475597790817",
            "timestamp": 1475585938044,
            "sequence_id": 2,
            "section_id": 4,
            "activity_id": 1,
            "activity_kind": "dragdrop",
            "data": {
                "kind": "Input",
                "user_input": [
                    {
                        "slot": 0,
                        "stickers": []
                    },
                    {
                        "slot": 1,
                        "stickers": [
                            "0"
                        ]
                    },
                    {
                        "slot": 2,
                        "stickers": []
                    },
                    {
                        "slot": 3,
                        "stickers": []
                    }
                ]
            }
        },
        {
            "user_id": "21201880",
            "session_id": "21201880_1475597790817",
            "timestamp": 1475585939642,
            "sequence_id": 2,
            "section_id": 4,
            "activity_id": 1,
            "activity_kind": "dragdrop",
            "data": {
                "kind": "Input",
                "user_input": [
                    {
                        "slot": 0,
                        "stickers": []
                    },
                    {
                        "slot": 1,
                        "stickers": [
                            "0"
                        ]
                    },
                    {
                        "slot": 2,
                        "stickers": []
                    },
                    {
                        "slot": 3,
                        "stickers": []
                    }
                ]
            }
        },
        {
            "user_id": "21201880",
            "session_id": "21201880_1475597790817",
            "timestamp": 1475585939644,
            "sequence_id": 2,
            "section_id": 4,
            "activity_id": 1,
            "activity_kind": "dragdrop",
            "data": {
                "kind": "Input",
                "user_input": [
                    {
                        "slot": 0,
                        "stickers": []
                    },
                    {
                        "slot": 1,
                        "stickers": []
                    },
                    {
                        "slot": 2,
                        "stickers": [
                            "0"
                        ]
                    },
                    {
                        "slot": 3,
                        "stickers": []
                    }
                ]
            }
        },
        {
            "user_id": "21201880",
            "session_id": "21201880_1475597790817",
            "timestamp": 1475585947425,
            "sequence_id": 2,
            "section_id": 4,
            "activity_id": 1,
            "activity_kind": "dragdrop",
            "data": {
                "kind": "Input",
                "user_input": [
                    {
                        "slot": 0,
                        "stickers": []
                    },
                    {
                        "slot": 1,
                        "stickers": []
                    },
                    {
                        "slot": 2,
                        "stickers": [
                            "0"
                        ]
                    },
                    {
                        "slot": 3,
                        "stickers": []
                    }
                ]
            }
        },
        {
            "user_id": "21201880",
            "session_id": "21201880_1475597790817",
            "timestamp": 1475585947429,
            "sequence_id": 2,
            "section_id": 4,
            "activity_id": 1,
            "activity_kind": "dragdrop",
            "data": {
                "kind": "Input",
                "user_input": [
                    {
                        "slot": 0,
                        "stickers": []
                    },
                    {
                        "slot": 1,
                        "stickers": []
                    },
                    {
                        "slot": 2,
                        "stickers": []
                    },
                    {
                        "slot": 3,
                        "stickers": [
                            "0"
                        ]
                    }
                ]
            }
        },
        {
            "user_id": "21201880",
            "session_id": "21201880_1475597790817",
            "timestamp": 1475586000727,
            "sequence_id": 2,
            "section_id": 4,
            "activity_id": 2,
            "activity_kind": "curvestar",
            "data": {
                "kind": "Input",
                "user_input": [
                    0.29743589743589743,
                    0.5025641025641026,
                    0.9974358974358974,
                    0.47692307692307695,
                    0.29743589743589743,
                    0.29743589743589743,
                    0.29743589743589743
                ]
            }
        },
        {
            "user_id": "21201880",
            "session_id": "21201880_1475597790817",
            "timestamp": 1475586008419,
            "sequence_id": 2,
            "section_id": 4,
            "activity_id": 2,
            "activity_kind": "curvestar",
            "data": {
                "kind": "Input",
                "user_input": [
                    0.29743589743589743,
                    0.5025641025641026,
                    0.1076923076923077,
                    0.47692307692307695,
                    0.29743589743589743,
                    0.29743589743589743,
                    0.29743589743589743
                ]
            }
        },
        {
            "user_id": "21201880",
            "session_id": "21201880_1475597790817",
            "timestamp": 1475586013947,
            "sequence_id": 2,
            "section_id": 4,
            "activity_id": 2,
            "activity_kind": "curvestar",
            "data": {
                "kind": "Input",
                "user_input": [
                    0.29743589743589743,
                    0.5487179487179488,
                    0.1076923076923077,
                    0.47692307692307695,
                    0.29743589743589743,
                    0.29743589743589743,
                    0.29743589743589743
                ]
            }
        },
        {
            "user_id": "21201880",
            "session_id": "21201880_1475597790817",
            "timestamp": 1475586018251,
            "sequence_id": 2,
            "section_id": 4,
            "activity_id": 2,
            "activity_kind": "curvestar",
            "data": {
                "kind": "Input",
                "user_input": [
                    0.29743589743589743,
                    0.5487179487179488,
                    0.6025641025641025,
                    0.47692307692307695,
                    0.29743589743589743,
                    0.29743589743589743,
                    0.29743589743589743
                ]
            }
        },
        {
            "user_id": "21201880",
            "session_id": "21201880_1475597790817",
            "timestamp": 1475586022794,
            "sequence_id": 2,
            "section_id": 4,
            "activity_id": 2,
            "activity_kind": "curvestar",
            "data": {
                "kind": "Input",
                "user_input": [
                    0.29743589743589743,
                    0.5487179487179488,
                    0.6025641025641025,
                    0.8692307692307693,
                    0.29743589743589743,
                    0.29743589743589743,
                    0.29743589743589743
                ]
            }
        },
        {
            "user_id": "21201880",
            "session_id": "21201880_1475597790817",
            "timestamp": 1475586026874,
            "sequence_id": 2,
            "section_id": 4,
            "activity_id": 2,
            "activity_kind": "curvestar",
            "data": {
                "kind": "Input",
                "user_input": [
                    0.29743589743589743,
                    0.5487179487179488,
                    0.6025641025641025,
                    0.8333333333333334,
                    0.29743589743589743,
                    0.29743589743589743,
                    0.29743589743589743
                ]
            }
        },
        {
            "user_id": "21201880",
            "session_id": "21201880_1475597790817",
            "timestamp": 1475586031714,
            "sequence_id": 2,
            "section_id": 4,
            "activity_id": 2,
            "activity_kind": "curvestar",
            "data": {
                "kind": "Input",
                "user_input": [
                    0.29743589743589743,
                    0.5487179487179488,
                    0.6025641025641025,
                    0.8333333333333334,
                    0.8666666666666667,
                    0.29743589743589743,
                    0.29743589743589743
                ]
            }
        },
        {
            "user_id": "21201880",
            "session_id": "21201880_1475597790817",
            "timestamp": 1475586037666,
            "sequence_id": 2,
            "section_id": 4,
            "activity_id": 2,
            "activity_kind": "curvestar",
            "data": {
                "kind": "Input",
                "user_input": [
                    0.29743589743589743,
                    0.5487179487179488,
                    0.6025641025641025,
                    0.8333333333333334,
                    0.8666666666666667,
                    0.9564102564102565,
                    0.29743589743589743
                ]
            }
        },
        {
            "user_id": "21201880",
            "session_id": "21201880_1475597790817",
            "timestamp": 1475586040522,
            "sequence_id": 2,
            "section_id": 4,
            "activity_id": 2,
            "activity_kind": "curvestar",
            "data": {
                "kind": "Input",
                "user_input": [
                    0.29743589743589743,
                    0.5487179487179488,
                    0.6025641025641025,
                    0.8333333333333334,
                    0.8666666666666667,
                    0.9564102564102565,
                    0.9974358974358974
                ]
            }
        },
        {
            "user_id": "21201880",
            "session_id": "21201880_1475597790817",
            "timestamp": 1475586043010,
            "sequence_id": 2,
            "section_id": 4,
            "activity_id": 2,
            "activity_kind": "curvestar",
            "data": {
                "kind": "Input",
                "user_input": [
                    0.29743589743589743,
                    0.5487179487179488,
                    0.6025641025641025,
                    0.8333333333333334,
                    0.8666666666666667,
                    0.9564102564102565,
                    0.9974358974358974
                ]
            }
        },
        {
            "user_id": "21201880",
            "session_id": "21201880_1475597790817",
            "timestamp": 1475586043770,
            "sequence_id": 2,
            "section_id": 4,
            "activity_id": 2,
            "activity_kind": "curvestar",
            "data": {
                "kind": "Input",
                "user_input": [
                    0.29743589743589743,
                    0.5487179487179488,
                    0.6025641025641025,
                    0.8333333333333334,
                    0.8666666666666667,
                    0.9564102564102565,
                    1
                ]
            }
        },
        {
            "user_id": "21201880",
            "session_id": "21201880_1475597790817",
            "timestamp": 1475586047251,
            "sequence_id": 2,
            "section_id": 4,
            "activity_id": 2,
            "activity_kind": "curvestar",
            "data": {
                "kind": "Input",
                "user_input": [
                    0.29743589743589743,
                    0.5487179487179488,
                    0.6025641025641025,
                    0.8333333333333334,
                    0.8666666666666667,
                    0.982051282051282,
                    1
                ]
            }
        },
        {
            "user_id": "21201880",
            "session_id": "21201880_1475597790817",
            "timestamp": 1475586049762,
            "sequence_id": 2,
            "section_id": 4,
            "activity_id": 2,
            "activity_kind": "curvestar",
            "data": {
                "kind": "Input",
                "user_input": [
                    0.29743589743589743,
                    0.5487179487179488,
                    0.6025641025641025,
                    0.8333333333333334,
                    0.8846153846153846,
                    0.982051282051282,
                    1
                ]
            }
        },
        {
            "user_id": "21201880",
            "session_id": "21201880_1475597790817",
            "timestamp": 1475586052354,
            "sequence_id": 2,
            "section_id": 4,
            "activity_id": 2,
            "activity_kind": "curvestar",
            "data": {
                "kind": "Input",
                "user_input": [
                    0.29743589743589743,
                    0.5487179487179488,
                    0.6025641025641025,
                    0.8512820512820513,
                    0.8846153846153846,
                    0.982051282051282,
                    1
                ]
            }
        },
        {
            "user_id": "21201880",
            "session_id": "21201880_1475597790817",
            "timestamp": 1475586053850,
            "sequence_id": 2,
            "section_id": 4,
            "activity_id": 2,
            "activity_kind": "curvestar",
            "data": {
                "kind": "Input",
                "user_input": [
                    0.29743589743589743,
                    0.5487179487179488,
                    0.6025641025641025,
                    0.8435897435897436,
                    0.8846153846153846,
                    0.982051282051282,
                    1
                ]
            }
        },
        {
            "user_id": "21201880",
            "session_id": "21201880_1475597790817",
            "timestamp": 1475586057873,
            "sequence_id": 2,
            "section_id": 4,
            "activity_id": 2,
            "activity_kind": "curvestar",
            "data": {
                "kind": "Input",
                "user_input": [
                    0.29743589743589743,
                    0.5743589743589743,
                    0.6025641025641025,
                    0.8435897435897436,
                    0.8846153846153846,
                    0.982051282051282,
                    1
                ]
            }
        },
        {
            "user_id": "21201880",
            "session_id": "21201880_1475597790817",
            "timestamp": 1475586062337,
            "sequence_id": 2,
            "section_id": 4,
            "activity_id": 2,
            "activity_kind": "curvestar",
            "data": {
                "kind": "Input",
                "user_input": [
                    0.29743589743589743,
                    0.5743589743589743,
                    0.6102564102564103,
                    0.8435897435897436,
                    0.8846153846153846,
                    0.982051282051282,
                    1
                ]
            }
        },
        {
            "user_id": "21201880",
            "session_id": "21201880_1475597790817",
            "timestamp": 1475586063786,
            "sequence_id": 2,
            "section_id": 4,
            "activity_id": 2,
            "activity_kind": "curvestar",
            "data": {
                "kind": "Input",
                "user_input": [
                    0.29743589743589743,
                    0.5743589743589743,
                    0.5974358974358974,
                    0.8435897435897436,
                    0.8846153846153846,
                    0.982051282051282,
                    1
                ]
            }
        },
        {
            "user_id": "21201880",
            "session_id": "21201880_1475597790817",
            "timestamp": 1475586073049,
            "sequence_id": 2,
            "section_id": 4,
            "activity_id": 2,
            "activity_kind": "curvestar",
            "data": {
                "kind": "Input",
                "user_input": [
                    0.29743589743589743,
                    0.5743589743589743,
                    0.5974358974358974,
                    0.8615384615384616,
                    0.8846153846153846,
                    0.982051282051282,
                    1
                ]
            }
        },
        {
            "user_id": "21201880",
            "session_id": "21201880_1475597790817",
            "timestamp": 1475586076497,
            "sequence_id": 2,
            "section_id": 4,
            "activity_id": 2,
            "activity_kind": "curvestar",
            "data": {
                "kind": "Input",
                "user_input": [
                    0.29743589743589743,
                    0.5743589743589743,
                    0.5974358974358974,
                    0.8615384615384616,
                    0.8871794871794871,
                    0.982051282051282,
                    1
                ]
            }
        },
        {
            "user_id": "21201880",
            "session_id": "21201880_1475597790817",
            "timestamp": 1475586078792,
            "sequence_id": 2,
            "section_id": 4,
            "activity_id": 2,
            "activity_kind": "curvestar",
            "data": {
                "kind": "Input",
                "user_input": [
                    0.29743589743589743,
                    0.5743589743589743,
                    0.5974358974358974,
                    0.8615384615384616,
                    0.8871794871794871,
                    1,
                    1
                ]
            }
        },
        {
            "user_id": "21201880",
            "session_id": "21201880_1475597790817",
            "timestamp": 1475586082864,
            "sequence_id": 2,
            "section_id": 4,
            "activity_id": 2,
            "activity_kind": "curvestar",
            "data": {
                "kind": "Input",
                "user_input": [
                    0.29743589743589743,
                    0.5743589743589743,
                    0.5974358974358974,
                    0.8615384615384616,
                    0.8871794871794871,
                    0.9948717948717949,
                    1
                ]
            }
        },
        {
            "user_id": "21201880",
            "session_id": "21201880_1475597790817",
            "timestamp": 1475586128976,
            "sequence_id": 2,
            "section_id": 5,
            "activity_id": 0,
            "activity_kind": "synthesis",
            "data": {
                "kind": "Input",
                "user_input": [
                    "prolifération",
                    "oxygène",
                    "G1/S",
                    "G1",
                    "désynchronisées",
                    "G0"
                ]
            }
        },
        {
            "user_id": "21201880",
            "session_id": "21201880_1475597790817",
            "timestamp": 1475586139071,
            "sequence_id": 2,
            "section_id": 5,
            "activity_id": 0,
            "activity_kind": "synthesis",
            "data": {
                "kind": "Input",
                "user_input": [
                    "prolifération",
                    "facteurs de croissance",
                    "le point de restriction",
                    "G1",
                    "asynchronisées",
                    "G0"
                ]
            }
        },
        {
            "user_id": "21201880",
            "session_id": "21201880_1475597790817",
            "timestamp": 1475586144775,
            "sequence_id": 2,
            "section_id": 5,
            "activity_id": 0,
            "activity_kind": "synthesis",
            "data": {
                "kind": "Input",
                "user_input": [
                    "prolifération",
                    "facteurs de croissance",
                    "le point de restriction",
                    "G1",
                    "synchronisées",
                    "G0"
                ]
            }
        }
    ]
}