{
    "events": [
        {
            "user_id": "21203120",
            "session_id": "21203120_1474649154371",
            "timestamp": 1474636275330,
            "sequence_id": 2,
            "section_id": "0",
            "activity_id": "-1",
            "activity_kind": "dragdrop",
            "data": {
                "kind": "Click",
                "what": "next_btn",
                "which": "requirements",
                "x": 1320,
                "y": 699
            }
        },
        {
            "user_id": "21203120",
            "session_id": "21203120_1474649154371",
            "timestamp": 1474636282371,
            "sequence_id": 2,
            "section_id": "0",
            "activity_id": "0",
            "activity_kind": "dragdrop",
            "data": {
                "kind": "MousePressed",
                "what": "DD_sticker",
                "which": "G1/S",
                "x": 1203,
                "y": 333
            }
        },
        {
            "user_id": "21203120",
            "session_id": "21203120_1474649154371",
            "timestamp": 1474636283188,
            "sequence_id": 2,
            "section_id": "0",
            "activity_id": "0",
            "activity_kind": "dragdrop",
            "data": {
                "kind": "MouseReleased",
                "what": "DD_sticker",
                "which": "G1/S",
                "x": 564,
                "y": 584
            }
        },
        {
            "user_id": "21203120",
            "session_id": "21203120_1474649154371",
            "timestamp": 1474636283901,
            "sequence_id": 2,
            "section_id": "0",
            "activity_id": "0",
            "activity_kind": "dragdrop",
            "data": {
                "kind": "MousePressed",
                "what": "DD_sticker",
                "which": "R",
                "x": 1155,
                "y": 329
            }
        },
        {
            "user_id": "21203120",
            "session_id": "21203120_1474649154371",
            "timestamp": 1474636285055,
            "sequence_id": 2,
            "section_id": "0",
            "activity_id": "0",
            "activity_kind": "dragdrop",
            "data": {
                "kind": "MouseReleased",
                "what": "DD_sticker",
                "which": "R",
                "x": 834,
                "y": 530
            }
        },
        {
            "user_id": "21203120",
            "session_id": "21203120_1474649154371",
            "timestamp": 1474636287445,
            "sequence_id": 2,
            "section_id": "0",
            "activity_id": "0",
            "activity_kind": "dragdrop",
            "data": {
                "kind": "MousePressed",
                "what": "DD_sticker",
                "which": "S/G2",
                "x": 1117,
                "y": 262
            }
        },
        {
            "user_id": "21203120",
            "session_id": "21203120_1474649154371",
            "timestamp": 1474636288275,
            "sequence_id": 2,
            "section_id": "0",
            "activity_id": "0",
            "activity_kind": "dragdrop",
            "data": {
                "kind": "MouseReleased",
                "what": "DD_sticker",
                "which": "S/G2",
                "x": 452,
                "y": 389
            }
        },
        {
            "user_id": "21203120",
            "session_id": "21203120_1474649154371",
            "timestamp": 1474636292300,
            "sequence_id": 2,
            "section_id": "0",
            "activity_id": "0",
            "activity_kind": "dragdrop",
            "data": {
                "kind": "MousePressed",
                "what": "DD_sticker",
                "which": "G2/M",
                "x": 1306,
                "y": 265
            }
        },
        {
            "user_id": "21203120",
            "session_id": "21203120_1474649154371",
            "timestamp": 1474636293259,
            "sequence_id": 2,
            "section_id": "0",
            "activity_id": "0",
            "activity_kind": "dragdrop",
            "data": {
                "kind": "MouseReleased",
                "what": "DD_sticker",
                "which": "G2/M",
                "x": 564,
                "y": 200
            }
        },
        {
            "user_id": "21203120",
            "session_id": "21203120_1474649154371",
            "timestamp": 1474636305698,
            "sequence_id": 2,
            "section_id": "0",
            "activity_id": "0",
            "activity_kind": "dragdrop",
            "data": {
                "kind": "MousePressed",
                "what": "correct_btn",
                "which": "Les checkpoints du cycle cellulaire",
                "x": 1318,
                "y": 701
            }
        },
        {
            "user_id": "21203120",
            "session_id": "21203120_1474649154371",
            "timestamp": 1474636306354,
            "sequence_id": 2,
            "section_id": "0",
            "activity_id": "0",
            "activity_kind": "dragdrop",
            "data": {
                "kind": "MouseReleased",
                "what": "correct_btn",
                "which": "Les checkpoints du cycle cellulaire",
                "x": 1318,
                "y": 701
            }
        },
        {
            "user_id": "21203120",
            "session_id": "21203120_1474649154371",
            "timestamp": 1474636306361,
            "sequence_id": 2,
            "section_id": "0",
            "activity_id": "0",
            "activity_kind": "dragdrop",
            "data": {
                "kind": "Click",
                "what": "correct_btn",
                "which": "Les checkpoints du cycle cellulaire",
                "x": 1318,
                "y": 701
            }
        },
        {
            "user_id": "21203120",
            "session_id": "21203120_1474649154371",
            "timestamp": 1474636313107,
            "sequence_id": 2,
            "section_id": "0",
            "activity_id": "0",
            "activity_kind": "dragdrop",
            "data": {
                "kind": "MousePressed",
                "what": "DD_sticker",
                "which": "iM",
                "x": 1233,
                "y": 266
            }
        },
        {
            "user_id": "21203120",
            "session_id": "21203120_1474649154371",
            "timestamp": 1474636314490,
            "sequence_id": 2,
            "section_id": "0",
            "activity_id": "0",
            "activity_kind": "dragdrop",
            "data": {
                "kind": "MouseReleased",
                "what": "DD_sticker",
                "which": "iM",
                "x": 621,
                "y": 174
            }
        },
        {
            "user_id": "21203120",
            "session_id": "21203120_1474649154371",
            "timestamp": 1474636316123,
            "sequence_id": 2,
            "section_id": "0",
            "activity_id": "0",
            "activity_kind": "dragdrop",
            "data": {
                "kind": "MousePressed",
                "what": "DD_sticker",
                "which": "S/G2",
                "x": 446,
                "y": 397
            }
        },
        {
            "user_id": "21203120",
            "session_id": "21203120_1474649154371",
            "timestamp": 1474636316436,
            "sequence_id": 2,
            "section_id": "0",
            "activity_id": "0",
            "activity_kind": "dragdrop",
            "data": {
                "kind": "MouseReleased",
                "what": "DD_sticker",
                "which": "S/G2",
                "x": 1096,
                "y": 250
            }
        },
        {
            "user_id": "21203120",
            "session_id": "21203120_1474649154371",
            "timestamp": 1474636325538,
            "sequence_id": 2,
            "section_id": "0",
            "activity_id": "0",
            "activity_kind": "dragdrop",
            "data": {
                "kind": "MousePressed",
                "what": "DD_sticker",
                "which": "L",
                "x": 1057,
                "y": 270
            }
        },
        {
            "user_id": "21203120",
            "session_id": "21203120_1474649154371",
            "timestamp": 1474636326257,
            "sequence_id": 2,
            "section_id": "0",
            "activity_id": "0",
            "activity_kind": "dragdrop",
            "data": {
                "kind": "MouseReleased",
                "what": "DD_sticker",
                "which": "L",
                "x": 429,
                "y": 423
            }
        },
        {
            "user_id": "21203120",
            "session_id": "21203120_1474649154371",
            "timestamp": 1474636327217,
            "sequence_id": 2,
            "section_id": "0",
            "activity_id": "0",
            "activity_kind": "dragdrop",
            "data": {
                "kind": "MousePressed",
                "what": "correct_btn",
                "which": "Les checkpoints du cycle cellulaire",
                "x": 1322,
                "y": 691
            }
        },
        {
            "user_id": "21203120",
            "session_id": "21203120_1474649154371",
            "timestamp": 1474636327321,
            "sequence_id": 2,
            "section_id": "0",
            "activity_id": "0",
            "activity_kind": "dragdrop",
            "data": {
                "kind": "MouseReleased",
                "what": "correct_btn",
                "which": "Les checkpoints du cycle cellulaire",
                "x": 1322,
                "y": 691
            }
        },
        {
            "user_id": "21203120",
            "session_id": "21203120_1474649154371",
            "timestamp": 1474636327328,
            "sequence_id": 2,
            "section_id": "0",
            "activity_id": "0",
            "activity_kind": "dragdrop",
            "data": {
                "kind": "Click",
                "what": "correct_btn",
                "which": "Les checkpoints du cycle cellulaire",
                "x": 1322,
                "y": 691
            }
        },
        {
            "user_id": "21203120",
            "session_id": "21203120_1474649154371",
            "timestamp": 1474636332762,
            "sequence_id": 2,
            "section_id": "0",
            "activity_id": "0",
            "activity_kind": "dragdrop",
            "data": {
                "kind": "MousePressed",
                "what": "DD_sticker",
                "which": "P",
                "x": 1184,
                "y": 263
            }
        },
        {
            "user_id": "21203120",
            "session_id": "21203120_1474649154371",
            "timestamp": 1474636333610,
            "sequence_id": 2,
            "section_id": "0",
            "activity_id": "0",
            "activity_kind": "dragdrop",
            "data": {
                "kind": "MouseReleased",
                "what": "DD_sticker",
                "which": "P",
                "x": 440,
                "y": 405
            }
        },
        {
            "user_id": "21203120",
            "session_id": "21203120_1474649154371",
            "timestamp": 1474636334529,
            "sequence_id": 2,
            "section_id": "0",
            "activity_id": "0",
            "activity_kind": "dragdrop",
            "data": {
                "kind": "MousePressed",
                "what": "outer_pane",
                "which": "body",
                "x": 1314,
                "y": 664
            }
        },
        {
            "user_id": "21203120",
            "session_id": "21203120_1474649154371",
            "timestamp": 1474636334568,
            "sequence_id": 2,
            "section_id": "0",
            "activity_id": "0",
            "activity_kind": "dragdrop",
            "data": {
                "kind": "MouseReleased",
                "what": "outer_pane",
                "which": "body",
                "x": 1314,
                "y": 664
            }
        },
        {
            "user_id": "21203120",
            "session_id": "21203120_1474649154371",
            "timestamp": 1474636334571,
            "sequence_id": 2,
            "section_id": "0",
            "activity_id": "0",
            "activity_kind": "dragdrop",
            "data": {
                "kind": "Click",
                "what": "outer_pane",
                "which": "body",
                "x": 1314,
                "y": 664
            }
        },
        {
            "user_id": "21203120",
            "session_id": "21203120_1474649154371",
            "timestamp": 1474636334809,
            "sequence_id": 2,
            "section_id": "0",
            "activity_id": "0",
            "activity_kind": "dragdrop",
            "data": {
                "kind": "MousePressed",
                "what": "correct_btn",
                "which": "Les checkpoints du cycle cellulaire",
                "x": 1325,
                "y": 689
            }
        },
        {
            "user_id": "21203120",
            "session_id": "21203120_1474649154371",
            "timestamp": 1474636334817,
            "sequence_id": 2,
            "section_id": "0",
            "activity_id": "0",
            "activity_kind": "dragdrop",
            "data": {
                "kind": "MousePressed",
                "what": "correct_btn",
                "which": "Les checkpoints du cycle cellulaire",
                "x": 1325,
                "y": 689
            }
        },
        {
            "user_id": "21203120",
            "session_id": "21203120_1474649154371",
            "timestamp": 1474636334921,
            "sequence_id": 2,
            "section_id": "0",
            "activity_id": "0",
            "activity_kind": "dragdrop",
            "data": {
                "kind": "MouseReleased",
                "what": "correct_btn",
                "which": "Les checkpoints du cycle cellulaire",
                "x": 1325,
                "y": 689
            }
        },
        {
            "user_id": "21203120",
            "session_id": "21203120_1474649154371",
            "timestamp": 1474636334928,
            "sequence_id": 2,
            "section_id": "0",
            "activity_id": "0",
            "activity_kind": "dragdrop",
            "data": {
                "kind": "Click",
                "what": "correct_btn",
                "which": "Les checkpoints du cycle cellulaire",
                "x": 1325,
                "y": 689
            }
        },
        {
            "user_id": "21203120",
            "session_id": "21203120_1474649154371",
            "timestamp": 1474636336250,
            "sequence_id": 2,
            "section_id": "0",
            "activity_id": "0",
            "activity_kind": "dragdrop",
            "data": {
                "kind": "MousePressed",
                "what": "main_pane",
                "which": "Les checkpoints du cycle cellulaire",
                "x": 853,
                "y": 659
            }
        },
        {
            "user_id": "21203120",
            "session_id": "21203120_1474649154371",
            "timestamp": 1474636336360,
            "sequence_id": 2,
            "section_id": "0",
            "activity_id": "0",
            "activity_kind": "dragdrop",
            "data": {
                "kind": "MouseReleased",
                "what": "main_pane",
                "which": "Les checkpoints du cycle cellulaire",
                "x": 854,
                "y": 659
            }
        },
        {
            "user_id": "21203120",
            "session_id": "21203120_1474649154371",
            "timestamp": 1474636336363,
            "sequence_id": 2,
            "section_id": "0",
            "activity_id": "0",
            "activity_kind": "dragdrop",
            "data": {
                "kind": "Click",
                "what": "main_pane",
                "which": "Les checkpoints du cycle cellulaire",
                "x": 854,
                "y": 659
            }
        },
        {
            "user_id": "21203120",
            "session_id": "21203120_1474649154371",
            "timestamp": 1474636337713,
            "sequence_id": 2,
            "section_id": "0",
            "activity_id": "0",
            "activity_kind": "dragdrop",
            "data": {
                "kind": "MousePressed",
                "what": "DD_sticker",
                "which": "G2/M",
                "x": 1284,
                "y": 266
            }
        },
        {
            "user_id": "21203120",
            "session_id": "21203120_1474649154371",
            "timestamp": 1474636338016,
            "sequence_id": 2,
            "section_id": "0",
            "activity_id": "0",
            "activity_kind": "dragdrop",
            "data": {
                "kind": "MouseReleased",
                "what": "statement_pane",
                "which": "Les checkpoints du cycle cellulaire",
                "x": 1179,
                "y": 314
            }
        },
        {
            "user_id": "21203120",
            "session_id": "21203120_1474649154371",
            "timestamp": 1474636342088,
            "sequence_id": 2,
            "section_id": "0",
            "activity_id": "0",
            "activity_kind": "dragdrop",
            "data": {
                "kind": "MousePressed",
                "what": "next_btn",
                "which": "Les checkpoints du cycle cellulaire",
                "x": 1288,
                "y": 682
            }
        },
        {
            "user_id": "21203120",
            "session_id": "21203120_1474649154371",
            "timestamp": 1474636342224,
            "sequence_id": 2,
            "section_id": "0",
            "activity_id": "0",
            "activity_kind": "dragdrop",
            "data": {
                "kind": "MouseReleased",
                "what": "next_btn",
                "which": "Les checkpoints du cycle cellulaire",
                "x": 1290,
                "y": 681
            }
        },
        {
            "user_id": "21203120",
            "session_id": "21203120_1474649154371",
            "timestamp": 1474636342239,
            "sequence_id": 2,
            "section_id": "0",
            "activity_id": "0",
            "activity_kind": "dragdrop",
            "data": {
                "kind": "Click",
                "what": "next_btn",
                "which": "Les checkpoints du cycle cellulaire",
                "x": 1290,
                "y": 681
            }
        },
        {
            "user_id": "21203120",
            "session_id": "21203120_1474649154371",
            "timestamp": 1474636348978,
            "sequence_id": 2,
            "section_id": "0",
            "activity_id": "0",
            "activity_kind": "dragdrop",
            "data": {
                "kind": "MousePressed",
                "what": "previous_btn",
                "which": "Les checkpoints du cycle cellulaire",
                "x": 441,
                "y": 683
            }
        },
        {
            "user_id": "21203120",
            "session_id": "21203120_1474649154371",
            "timestamp": 1474636349042,
            "sequence_id": 2,
            "section_id": "0",
            "activity_id": "0",
            "activity_kind": "dragdrop",
            "data": {
                "kind": "MouseReleased",
                "what": "previous_btn",
                "which": "Les checkpoints du cycle cellulaire",
                "x": 441,
                "y": 683
            }
        },
        {
            "user_id": "21203120",
            "session_id": "21203120_1474649154371",
            "timestamp": 1474636349065,
            "sequence_id": 2,
            "section_id": "0",
            "activity_id": "0",
            "activity_kind": "transition",
            "data": {
                "kind": "Click",
                "what": "previous_btn",
                "which": "Les checkpoints du cycle cellulaire",
                "x": 441,
                "y": 683
            }
        },
        {
            "user_id": "21203120",
            "session_id": "21203120_1474649154371",
            "timestamp": 1474636350343,
            "sequence_id": 2,
            "section_id": "0",
            "activity_id": "-1",
            "activity_kind": "transition",
            "data": {
                "kind": "Click",
                "what": "transition_pane",
                "which": "requirement",
                "x": 612,
                "y": 325
            }
        },
        {
            "user_id": "21203120",
            "session_id": "21203120_1474649154371",
            "timestamp": 1474636351018,
            "sequence_id": 2,
            "section_id": "0",
            "activity_id": "-1",
            "activity_kind": "dragdrop",
            "data": {
                "kind": "Click",
                "what": "next_btn",
                "which": "requirements",
                "x": 1287,
                "y": 704
            }
        },
        {
            "user_id": "21203120",
            "session_id": "21203120_1474649154371",
            "timestamp": 1474636353871,
            "sequence_id": 2,
            "section_id": 0,
            "activity_id": 0,
            "activity_kind": "dragdrop",
            "data": {
                "kind": "MousePressed",
                "what": "toggle_btn",
                "which": "timer",
                "x": 1077,
                "y": 64
            }
        },
        {
            "user_id": "21203120",
            "session_id": "21203120_1474649154371",
            "timestamp": 1474636353984,
            "sequence_id": 2,
            "section_id": 0,
            "activity_id": 0,
            "activity_kind": "dragdrop",
            "data": {
                "kind": "MouseReleased",
                "what": "toggle_btn",
                "which": "timer",
                "x": 1075,
                "y": 64
            }
        },
        {
            "user_id": "21203120",
            "session_id": "21203120_1474649154371",
            "timestamp": 1474636353988,
            "sequence_id": 2,
            "section_id": 0,
            "activity_id": 0,
            "activity_kind": "dragdrop",
            "data": {
                "kind": "Click",
                "what": "toggle_btn",
                "which": "timer",
                "x": 1075,
                "y": 64
            }
        },
        {
            "user_id": "21203120",
            "session_id": "21203120_1474649154371",
            "timestamp": 1474636354640,
            "sequence_id": 2,
            "section_id": "0",
            "activity_id": "0",
            "activity_kind": "dragdrop",
            "data": {
                "kind": "MousePressed",
                "what": "previous_btn",
                "which": "Les checkpoints du cycle cellulaire",
                "x": 493,
                "y": 684
            }
        },
        {
            "user_id": "21203120",
            "session_id": "21203120_1474649154371",
            "timestamp": 1474636354744,
            "sequence_id": 2,
            "section_id": "0",
            "activity_id": "0",
            "activity_kind": "dragdrop",
            "data": {
                "kind": "MouseReleased",
                "what": "previous_btn",
                "which": "Les checkpoints du cycle cellulaire",
                "x": 493,
                "y": 684
            }
        },
        {
            "user_id": "21203120",
            "session_id": "21203120_1474649154371",
            "timestamp": 1474636354756,
            "sequence_id": 2,
            "section_id": "0",
            "activity_id": "0",
            "activity_kind": "transition",
            "data": {
                "kind": "Click",
                "what": "previous_btn",
                "which": "Les checkpoints du cycle cellulaire",
                "x": 493,
                "y": 684
            }
        },
        {
            "user_id": "21203120",
            "session_id": "21203120_1474649154371",
            "timestamp": 1474636356020,
            "sequence_id": 2,
            "section_id": 0,
            "activity_id": -1,
            "activity_kind": "transition",
            "data": {
                "kind": "Click",
                "what": "logout_btn",
                "which": "appbar",
                "x": 1331,
                "y": 57
            }
        }
    ]
}