{
    "inputs": [
        {
            "user_id": "21200184",
            "session_id": "21200184_1474562522570",
            "timestamp": 1474549712115,
            "sequence_id": 2,
            "section_id": 0,
            "activity_id": 0,
            "activity_kind": "dragdrop",
            "data": {
                "kind": "Input",
                "user_input": [
                    {
                        "slot": 0,
                        "stickers": [
                            "5"
                        ]
                    },
                    {
                        "slot": 1,
                        "stickers": [
                            "2"
                        ]
                    },
                    {
                        "slot": 2,
                        "stickers": [
                            "1"
                        ]
                    },
                    {
                        "slot": 3,
                        "stickers": [
                            "6"
                        ]
                    },
                    {
                        "slot": 4,
                        "stickers": [
                            "0"
                        ]
                    },
                    {
                        "slot": 5,
                        "stickers": [
                            "3"
                        ]
                    },
                    {
                        "slot": 6,
                        "stickers": [
                            "4"
                        ]
                    },
                    {
                        "slot": 7,
                        "stickers": [
                            "2"
                        ]
                    }
                ]
            }
        },
        {
            "user_id": "21200184",
            "session_id": "21200184_1474562522570",
            "timestamp": 1474549729917,
            "sequence_id": 2,
            "section_id": 0,
            "activity_id": 0,
            "activity_kind": "dragdrop",
            "data": {
                "kind": "Input",
                "user_input": [
                    {
                        "slot": 0,
                        "stickers": [
                            "2"
                        ]
                    },
                    {
                        "slot": 1,
                        "stickers": [
                            "2"
                        ]
                    },
                    {
                        "slot": 2,
                        "stickers": [
                            "1"
                        ]
                    },
                    {
                        "slot": 3,
                        "stickers": [
                            "5"
                        ]
                    },
                    {
                        "slot": 4,
                        "stickers": [
                            "0"
                        ]
                    },
                    {
                        "slot": 5,
                        "stickers": [
                            "3"
                        ]
                    },
                    {
                        "slot": 6,
                        "stickers": [
                            "6"
                        ]
                    },
                    {
                        "slot": 7,
                        "stickers": [
                            "0"
                        ]
                    }
                ]
            }
        },
        {
            "user_id": "21200184",
            "session_id": "21200184_1474562522570",
            "timestamp": 1474549751077,
            "sequence_id": 2,
            "section_id": 0,
            "activity_id": 0,
            "activity_kind": "dragdrop",
            "data": {
                "kind": "Input",
                "user_input": [
                    {
                        "slot": 0,
                        "stickers": [
                            "0"
                        ]
                    },
                    {
                        "slot": 1,
                        "stickers": [
                            "2"
                        ]
                    },
                    {
                        "slot": 2,
                        "stickers": [
                            "1"
                        ]
                    },
                    {
                        "slot": 3,
                        "stickers": [
                            "4"
                        ]
                    },
                    {
                        "slot": 4,
                        "stickers": [
                            "0"
                        ]
                    },
                    {
                        "slot": 5,
                        "stickers": [
                            "3"
                        ]
                    },
                    {
                        "slot": 6,
                        "stickers": [
                            "5"
                        ]
                    },
                    {
                        "slot": 7,
                        "stickers": [
                            "2"
                        ]
                    }
                ]
            }
        },
        {
            "user_id": "21200184",
            "session_id": "21200184_1474562522570",
            "timestamp": 1474549798874,
            "sequence_id": 2,
            "section_id": 0,
            "activity_id": 1,
            "activity_kind": "dragdrop",
            "data": {
                "kind": "Input",
                "user_input": [
                    {
                        "slot": 0,
                        "stickers": [
                            "0"
                        ]
                    },
                    {
                        "slot": 1,
                        "stickers": [
                            "3"
                        ]
                    },
                    {
                        "slot": 2,
                        "stickers": [
                            "2",
                            "1"
                        ]
                    }
                ]
            }
        },
        {
            "user_id": "21200184",
            "session_id": "21200184_1474562522570",
            "timestamp": 1474549824367,
            "sequence_id": 2,
            "section_id": 1,
            "activity_id": 0,
            "activity_kind": "dragdrop",
            "data": {
                "kind": "Input",
                "user_input": [
                    {
                        "slot": 0,
                        "stickers": []
                    },
                    {
                        "slot": 1,
                        "stickers": []
                    },
                    {
                        "slot": 2,
                        "stickers": []
                    },
                    {
                        "slot": 3,
                        "stickers": [
                            "0"
                        ]
                    }
                ]
            }
        },
        {
            "user_id": "21200184",
            "session_id": "21200184_1474562522570",
            "timestamp": 1474549895906,
            "sequence_id": 2,
            "section_id": 1,
            "activity_id": 1,
            "activity_kind": "curvetest",
            "data": {
                "kind": "Input",
                "user_input": [
                    0.29743589743589743,
                    0.3435897435897436,
                    0.3871794871794872,
                    0.44358974358974357,
                    0.5333333333333333,
                    0.6871794871794872,
                    1
                ]
            }
        },
        {
            "user_id": "21200184",
            "session_id": "21200184_1474562522570",
            "timestamp": 1474550169008,
            "sequence_id": 2,
            "section_id": 2,
            "activity_id": 0,
            "activity_kind": "planif",
            "data": {
                "kind": "Input",
                "user_input": {
                    "protocol": [
                        "-36",
                        "72",
                        "12"
                    ],
                    "temoincheck": true,
                    "culture": [
                        {
                            "condition": "- sérum",
                            "time": "0"
                        }
                    ],
                    "temoin": [
                        {
                            "condition": "- sérum",
                            "time": "0"
                        }
                    ]
                }
            }
        },
        {
            "user_id": "21200184",
            "session_id": "21200184_1474562522570",
            "timestamp": 1474550261350,
            "sequence_id": 2,
            "section_id": 2,
            "activity_id": 0,
            "activity_kind": "planif",
            "data": {
                "kind": "Input",
                "user_input": {
                    "protocol": [
                        "-36",
                        "72",
                        "12"
                    ],
                    "temoincheck": true,
                    "culture": [
                        {
                            "condition": "- sérum",
                            "time": "0"
                        }
                    ],
                    "temoin": []
                }
            }
        },
        {
            "user_id": "21200184",
            "session_id": "21200184_1474562522570",
            "timestamp": 1474550272861,
            "sequence_id": 2,
            "section_id": 2,
            "activity_id": 0,
            "activity_kind": "planif",
            "data": {
                "kind": "Input",
                "user_input": {
                    "protocol": [
                        "-36",
                        "72",
                        "12"
                    ],
                    "temoincheck": true,
                    "culture": [
                        {
                            "condition": "- sérum",
                            "time": "0"
                        }
                    ],
                    "temoin": [
                        {
                            "condition": "+ sérum",
                            "time": "0"
                        }
                    ]
                }
            }
        },
        {
            "user_id": "21200184",
            "session_id": "21200184_1474562522570",
            "timestamp": 1474550342812,
            "sequence_id": 2,
            "section_id": 2,
            "activity_id": 1,
            "activity_kind": "dragdrop",
            "data": {
                "kind": "Input",
                "user_input": [
                    {
                        "slot": 0,
                        "stickers": [
                            "9"
                        ]
                    }
                ]
            }
        },
        {
            "user_id": "21200184",
            "session_id": "21200184_1474562522570",
            "timestamp": 1474550348228,
            "sequence_id": 2,
            "section_id": 2,
            "activity_id": 1,
            "activity_kind": "dragdrop",
            "data": {
                "kind": "Input",
                "user_input": [
                    {
                        "slot": 0,
                        "stickers": [
                            "11"
                        ]
                    }
                ]
            }
        },
        {
            "user_id": "21200184",
            "session_id": "21200184_1474562522570",
            "timestamp": 1474550358443,
            "sequence_id": 2,
            "section_id": 2,
            "activity_id": 1,
            "activity_kind": "dragdrop",
            "data": {
                "kind": "Input",
                "user_input": [
                    {
                        "slot": 0,
                        "stickers": [
                            "13"
                        ]
                    }
                ]
            }
        },
        {
            "user_id": "21200184",
            "session_id": "21200184_1474562522570",
            "timestamp": 1474550459913,
            "sequence_id": 2,
            "section_id": 2,
            "activity_id": 5,
            "activity_kind": "doublepipette",
            "data": {
                "kind": "Input",
                "user_input": [
                    0,
                    0,
                    0,
                    0,
                    0,
                    0
                ]
            }
        },
        {
            "user_id": "21200184",
            "session_id": "21200184_1474562522570",
            "timestamp": 1474550460073,
            "sequence_id": 2,
            "section_id": 2,
            "activity_id": 5,
            "activity_kind": "doublepipette",
            "data": {
                "kind": "Input",
                "user_input": [
                    0,
                    0,
                    0,
                    0,
                    0,
                    0
                ]
            }
        },
        {
            "user_id": "21200184",
            "session_id": "21200184_1474562522570",
            "timestamp": 1474550460207,
            "sequence_id": 2,
            "section_id": 2,
            "activity_id": 5,
            "activity_kind": "doublepipette",
            "data": {
                "kind": "Input",
                "user_input": [
                    0,
                    0,
                    0,
                    0,
                    0,
                    0
                ]
            }
        },
        {
            "user_id": "21200184",
            "session_id": "21200184_1474562522570",
            "timestamp": 1474550495289,
            "sequence_id": 2,
            "section_id": 4,
            "activity_id": 0,
            "activity_kind": "dragdrop",
            "data": {
                "kind": "Input",
                "user_input": [
                    {
                        "slot": 0,
                        "stickers": [
                            "3"
                        ]
                    },
                    {
                        "slot": 1,
                        "stickers": [
                            "2"
                        ]
                    },
                    {
                        "slot": 2,
                        "stickers": [
                            "1"
                        ]
                    },
                    {
                        "slot": 3,
                        "stickers": [
                            "0"
                        ]
                    },
                    {
                        "slot": 4,
                        "stickers": [
                            "4"
                        ]
                    }
                ]
            }
        },
        {
            "user_id": "21200184",
            "session_id": "21200184_1474562522570",
            "timestamp": 1474550513832,
            "sequence_id": 2,
            "section_id": 4,
            "activity_id": 0,
            "activity_kind": "dragdrop",
            "data": {
                "kind": "Input",
                "user_input": [
                    {
                        "slot": 0,
                        "stickers": [
                            "0"
                        ]
                    },
                    {
                        "slot": 1,
                        "stickers": [
                            "1"
                        ]
                    },
                    {
                        "slot": 2,
                        "stickers": [
                            "2"
                        ]
                    },
                    {
                        "slot": 3,
                        "stickers": [
                            "3"
                        ]
                    },
                    {
                        "slot": 4,
                        "stickers": [
                            "4"
                        ]
                    }
                ]
            }
        },
        {
            "user_id": "21200184",
            "session_id": "21200184_1474562522570",
            "timestamp": 1474550519760,
            "sequence_id": 2,
            "section_id": 4,
            "activity_id": 1,
            "activity_kind": "dragdrop",
            "data": {
                "kind": "Input",
                "user_input": [
                    {
                        "slot": 0,
                        "stickers": []
                    },
                    {
                        "slot": 1,
                        "stickers": []
                    },
                    {
                        "slot": 2,
                        "stickers": []
                    },
                    {
                        "slot": 3,
                        "stickers": [
                            "0"
                        ]
                    }
                ]
            }
        },
        {
            "user_id": "21200184",
            "session_id": "21200184_1474562522570",
            "timestamp": 1474550524886,
            "sequence_id": 2,
            "section_id": 4,
            "activity_id": 2,
            "activity_kind": "curvestar",
            "data": {
                "kind": "Input",
                "user_input": [
                    0.29743589743589743,
                    0.3435897435897436,
                    0.3871794871794872,
                    0.44358974358974357,
                    0.5333333333333333,
                    0.6871794871794872,
                    1
                ]
            }
        },
        {
            "user_id": "21200184",
            "session_id": "21200184_1474562522570",
            "timestamp": 1474550534254,
            "sequence_id": 2,
            "section_id": 4,
            "activity_id": 2,
            "activity_kind": "curvestar",
            "data": {
                "kind": "Input",
                "user_input": [
                    0.29743589743589743,
                    0.3435897435897436,
                    0.3871794871794872,
                    0.44358974358974357,
                    0.5333333333333333,
                    0.8589743589743589,
                    1
                ]
            }
        },
        {
            "user_id": "21200184",
            "session_id": "21200184_1474562522570",
            "timestamp": 1474550541422,
            "sequence_id": 2,
            "section_id": 4,
            "activity_id": 2,
            "activity_kind": "curvestar",
            "data": {
                "kind": "Input",
                "user_input": [
                    0.5564102564102564,
                    0.3435897435897436,
                    0.3871794871794872,
                    0.44358974358974357,
                    0.5333333333333333,
                    0.8589743589743589,
                    1
                ]
            }
        },
        {
            "user_id": "21200184",
            "session_id": "21200184_1474562522570",
            "timestamp": 1474550544758,
            "sequence_id": 2,
            "section_id": 4,
            "activity_id": 2,
            "activity_kind": "curvestar",
            "data": {
                "kind": "Input",
                "user_input": [
                    0.5564102564102564,
                    0.6,
                    0.3871794871794872,
                    0.44358974358974357,
                    0.5333333333333333,
                    0.8589743589743589,
                    1
                ]
            }
        },
        {
            "user_id": "21200184",
            "session_id": "21200184_1474562522570",
            "timestamp": 1474550549981,
            "sequence_id": 2,
            "section_id": 4,
            "activity_id": 2,
            "activity_kind": "curvestar",
            "data": {
                "kind": "Input",
                "user_input": [
                    0.5564102564102564,
                    0.6,
                    0.5923076923076923,
                    0.44358974358974357,
                    0.5333333333333333,
                    0.8589743589743589,
                    1
                ]
            }
        },
        {
            "user_id": "21200184",
            "session_id": "21200184_1474562522570",
            "timestamp": 1474550555277,
            "sequence_id": 2,
            "section_id": 4,
            "activity_id": 2,
            "activity_kind": "curvestar",
            "data": {
                "kind": "Input",
                "user_input": [
                    0.5564102564102564,
                    0.5769230769230769,
                    0.5923076923076923,
                    0.44358974358974357,
                    0.5333333333333333,
                    0.8589743589743589,
                    1
                ]
            }
        },
        {
            "user_id": "21200184",
            "session_id": "21200184_1474562522570",
            "timestamp": 1474550564397,
            "sequence_id": 2,
            "section_id": 4,
            "activity_id": 2,
            "activity_kind": "curvestar",
            "data": {
                "kind": "Input",
                "user_input": [
                    0.5564102564102564,
                    0.5769230769230769,
                    0.5923076923076923,
                    0.44358974358974357,
                    0.8589743589743589,
                    0.8589743589743589,
                    1
                ]
            }
        },
        {
            "user_id": "21200184",
            "session_id": "21200184_1474562522570",
            "timestamp": 1474550567469,
            "sequence_id": 2,
            "section_id": 4,
            "activity_id": 2,
            "activity_kind": "curvestar",
            "data": {
                "kind": "Input",
                "user_input": [
                    0.5564102564102564,
                    0.5769230769230769,
                    0.5923076923076923,
                    0.44358974358974357,
                    0.8589743589743589,
                    0.9358974358974359,
                    1
                ]
            }
        },
        {
            "user_id": "21200184",
            "session_id": "21200184_1474562522570",
            "timestamp": 1474550572988,
            "sequence_id": 2,
            "section_id": 4,
            "activity_id": 2,
            "activity_kind": "curvestar",
            "data": {
                "kind": "Input",
                "user_input": [
                    0.5564102564102564,
                    0.5769230769230769,
                    0.5923076923076923,
                    0.7128205128205128,
                    0.8589743589743589,
                    0.9358974358974359,
                    1
                ]
            }
        },
        {
            "user_id": "21200184",
            "session_id": "21200184_1474562522570",
            "timestamp": 1474550653243,
            "sequence_id": 2,
            "section_id": 5,
            "activity_id": 0,
            "activity_kind": "synthesis",
            "data": {
                "kind": "Input",
                "user_input": [
                    "prolifération",
                    "facteurs de croissance",
                    "G1/S",
                    "G1",
                    "synchronisées",
                    "G0"
                ]
            }
        },
        {
            "user_id": "21200184",
            "session_id": "21200184_1474562522570",
            "timestamp": 1474550658764,
            "sequence_id": 2,
            "section_id": 5,
            "activity_id": 0,
            "activity_kind": "synthesis",
            "data": {
                "kind": "Input",
                "user_input": [
                    "prolifération",
                    "facteurs de croissance",
                    "iM",
                    "G1",
                    "synchronisées",
                    "G0"
                ]
            }
        },
        {
            "user_id": "21200184",
            "session_id": "21200184_1474562522570",
            "timestamp": 1474550661811,
            "sequence_id": 2,
            "section_id": 5,
            "activity_id": 0,
            "activity_kind": "synthesis",
            "data": {
                "kind": "Input",
                "user_input": [
                    "prolifération",
                    "facteurs de croissance",
                    "le point de restriction",
                    "G1",
                    "synchronisées",
                    "G0"
                ]
            }
        }
    ]
}