{
    "inputs": [
        {
            "user_id": "21202575",
            "session_id": "21202575_1475771241498",
            "timestamp": 1475758473719,
            "sequence_id": 2,
            "section_id": 0,
            "activity_id": 0,
            "activity_kind": "dragdrop",
            "data": {
                "kind": "Input",
                "user_input": [
                    {
                        "slot": 0,
                        "stickers": [
                            "0"
                        ]
                    },
                    {
                        "slot": 1,
                        "stickers": [
                            "5"
                        ]
                    },
                    {
                        "slot": 2,
                        "stickers": [
                            "1"
                        ]
                    },
                    {
                        "slot": 3,
                        "stickers": [
                            "6"
                        ]
                    },
                    {
                        "slot": 4,
                        "stickers": [
                            "2"
                        ]
                    },
                    {
                        "slot": 5,
                        "stickers": [
                            "3"
                        ]
                    },
                    {
                        "slot": 6,
                        "stickers": [
                            "4"
                        ]
                    },
                    {
                        "slot": 7,
                        "stickers": []
                    }
                ]
            }
        },
        {
            "user_id": "21202575",
            "session_id": "21202575_1475771241498",
            "timestamp": 1475758558924,
            "sequence_id": 2,
            "section_id": 0,
            "activity_id": 0,
            "activity_kind": "dragdrop",
            "data": {
                "kind": "Input",
                "user_input": [
                    {
                        "slot": 0,
                        "stickers": [
                            "4"
                        ]
                    },
                    {
                        "slot": 1,
                        "stickers": [
                            "2"
                        ]
                    },
                    {
                        "slot": 2,
                        "stickers": [
                            "1"
                        ]
                    },
                    {
                        "slot": 3,
                        "stickers": [
                            "6"
                        ]
                    },
                    {
                        "slot": 4,
                        "stickers": [
                            "0"
                        ]
                    },
                    {
                        "slot": 5,
                        "stickers": [
                            "3"
                        ]
                    },
                    {
                        "slot": 6,
                        "stickers": [
                            "6"
                        ]
                    },
                    {
                        "slot": 7,
                        "stickers": [
                            "4"
                        ]
                    }
                ]
            }
        },
        {
            "user_id": "21202575",
            "session_id": "21202575_1475771241498",
            "timestamp": 1475758587738,
            "sequence_id": 2,
            "section_id": 0,
            "activity_id": 0,
            "activity_kind": "dragdrop",
            "data": {
                "kind": "Input",
                "user_input": [
                    {
                        "slot": 0,
                        "stickers": [
                            "5"
                        ]
                    },
                    {
                        "slot": 1,
                        "stickers": [
                            "2"
                        ]
                    },
                    {
                        "slot": 2,
                        "stickers": [
                            "1"
                        ]
                    },
                    {
                        "slot": 3,
                        "stickers": [
                            "5"
                        ]
                    },
                    {
                        "slot": 4,
                        "stickers": [
                            "0"
                        ]
                    },
                    {
                        "slot": 5,
                        "stickers": [
                            "3"
                        ]
                    },
                    {
                        "slot": 6,
                        "stickers": [
                            "5"
                        ]
                    },
                    {
                        "slot": 7,
                        "stickers": [
                            "5"
                        ]
                    }
                ]
            }
        },
        {
            "user_id": "21202575",
            "session_id": "21202575_1475771241498",
            "timestamp": 1475758641470,
            "sequence_id": 2,
            "section_id": 0,
            "activity_id": 1,
            "activity_kind": "dragdrop",
            "data": {
                "kind": "Input",
                "user_input": [
                    {
                        "slot": 0,
                        "stickers": [
                            "0"
                        ]
                    },
                    {
                        "slot": 1,
                        "stickers": [
                            "3"
                        ]
                    },
                    {
                        "slot": 2,
                        "stickers": [
                            "2"
                        ]
                    }
                ]
            }
        },
        {
            "user_id": "21202575",
            "session_id": "21202575_1475771241498",
            "timestamp": 1475758652535,
            "sequence_id": 2,
            "section_id": 0,
            "activity_id": 1,
            "activity_kind": "dragdrop",
            "data": {
                "kind": "Input",
                "user_input": [
                    {
                        "slot": 0,
                        "stickers": [
                            "0"
                        ]
                    },
                    {
                        "slot": 1,
                        "stickers": [
                            "3"
                        ]
                    },
                    {
                        "slot": 2,
                        "stickers": [
                            "2",
                            "1"
                        ]
                    }
                ]
            }
        },
        {
            "user_id": "21202575",
            "session_id": "21202575_1475771241498",
            "timestamp": 1475758678819,
            "sequence_id": 2,
            "section_id": 1,
            "activity_id": 0,
            "activity_kind": "dragdrop",
            "data": {
                "kind": "Input",
                "user_input": [
                    {
                        "slot": 0,
                        "stickers": []
                    },
                    {
                        "slot": 1,
                        "stickers": []
                    },
                    {
                        "slot": 2,
                        "stickers": []
                    },
                    {
                        "slot": 3,
                        "stickers": [
                            "0"
                        ]
                    }
                ]
            }
        },
        {
            "user_id": "21202575",
            "session_id": "21202575_1475771241498",
            "timestamp": 1475758749181,
            "sequence_id": 2,
            "section_id": 1,
            "activity_id": 1,
            "activity_kind": "curvetest",
            "data": {
                "kind": "Input",
                "user_input": [
                    0.14871794871794872,
                    0.24615384615384617,
                    0.38974358974358975,
                    0.5102564102564102,
                    0.6743589743589744,
                    0.8076923076923077,
                    0.8384615384615385
                ]
            }
        },
        {
            "user_id": "21202575",
            "session_id": "21202575_1475771241498",
            "timestamp": 1475758831134,
            "sequence_id": 2,
            "section_id": 2,
            "activity_id": 0,
            "activity_kind": "planif",
            "data": {
                "kind": "Input",
                "user_input": {
                    "protocol": [
                        "-36",
                        "132",
                        "24"
                    ],
                    "temoincheck": true,
                    "culture": [],
                    "temoin": []
                }
            }
        },
        {
            "user_id": "21202575",
            "session_id": "21202575_1475771241498",
            "timestamp": 1475758921978,
            "sequence_id": 2,
            "section_id": 2,
            "activity_id": 0,
            "activity_kind": "planif",
            "data": {
                "kind": "Input",
                "user_input": {
                    "protocol": [
                        "-36",
                        "72",
                        "12"
                    ],
                    "temoincheck": true,
                    "culture": [],
                    "temoin": [
                        {
                            "condition": "+ glucose",
                            "time": "0"
                        }
                    ]
                }
            }
        },
        {
            "user_id": "21202575",
            "session_id": "21202575_1475771241498",
            "timestamp": 1475758972193,
            "sequence_id": 2,
            "section_id": 2,
            "activity_id": 0,
            "activity_kind": "planif",
            "data": {
                "kind": "Input",
                "user_input": {
                    "protocol": [
                        "-36",
                        "72",
                        "12"
                    ],
                    "temoincheck": true,
                    "culture": [
                        {
                            "condition": "- sérum",
                            "time": "0"
                        }
                    ],
                    "temoin": [
                        {
                            "condition": "+ sérum",
                            "time": "0"
                        }
                    ]
                }
            }
        },
        {
            "user_id": "21202575",
            "session_id": "21202575_1475771241498",
            "timestamp": 1475759011063,
            "sequence_id": 2,
            "section_id": 2,
            "activity_id": 1,
            "activity_kind": "dragdrop",
            "data": {
                "kind": "Input",
                "user_input": [
                    {
                        "slot": 0,
                        "stickers": [
                            "8"
                        ]
                    }
                ]
            }
        },
        {
            "user_id": "21202575",
            "session_id": "21202575_1475771241498",
            "timestamp": 1475759398230,
            "sequence_id": 2,
            "section_id": 2,
            "activity_id": 5,
            "activity_kind": "doublepipette",
            "data": {
                "kind": "Input",
                "user_input": [
                    2.401666666666667,
                    0.04996530187369882,
                    14.41,
                    2.6971428571428575,
                    0.09057203389830507,
                    18.880000000000003
                ]
            }
        },
        {
            "user_id": "21202575",
            "session_id": "21202575_1475771241498",
            "timestamp": 1475759430171,
            "sequence_id": 2,
            "section_id": 2,
            "activity_id": 5,
            "activity_kind": "doublepipette",
            "data": {
                "kind": "Input",
                "user_input": [
                    2.401666666666667,
                    0.04996530187369882,
                    14.41,
                    2.6971428571428575,
                    0.09057203389830507,
                    18.880000000000003
                ]
            }
        },
        {
            "user_id": "21202575",
            "session_id": "21202575_1475771241498",
            "timestamp": 1475759431667,
            "sequence_id": 2,
            "section_id": 2,
            "activity_id": 5,
            "activity_kind": "doublepipette",
            "data": {
                "kind": "Input",
                "user_input": [
                    2.401666666666667,
                    0.04996530187369882,
                    14.41,
                    2.6971428571428575,
                    0.09057203389830507,
                    18.880000000000003
                ]
            }
        },
        {
            "user_id": "21202575",
            "session_id": "21202575_1475771241498",
            "timestamp": 1475759491682,
            "sequence_id": 2,
            "section_id": 4,
            "activity_id": 0,
            "activity_kind": "dragdrop",
            "data": {
                "kind": "Input",
                "user_input": [
                    {
                        "slot": 0,
                        "stickers": [
                            "1"
                        ]
                    },
                    {
                        "slot": 1,
                        "stickers": [
                            "3"
                        ]
                    },
                    {
                        "slot": 2,
                        "stickers": [
                            "2"
                        ]
                    },
                    {
                        "slot": 3,
                        "stickers": [
                            "0"
                        ]
                    },
                    {
                        "slot": 4,
                        "stickers": [
                            "4"
                        ]
                    }
                ]
            }
        },
        {
            "user_id": "21202575",
            "session_id": "21202575_1475771241498",
            "timestamp": 1475759507281,
            "sequence_id": 2,
            "section_id": 4,
            "activity_id": 0,
            "activity_kind": "dragdrop",
            "data": {
                "kind": "Input",
                "user_input": [
                    {
                        "slot": 0,
                        "stickers": [
                            "3"
                        ]
                    },
                    {
                        "slot": 1,
                        "stickers": [
                            "0"
                        ]
                    },
                    {
                        "slot": 2,
                        "stickers": [
                            "2"
                        ]
                    },
                    {
                        "slot": 3,
                        "stickers": [
                            "1"
                        ]
                    },
                    {
                        "slot": 4,
                        "stickers": [
                            "4"
                        ]
                    }
                ]
            }
        },
        {
            "user_id": "21202575",
            "session_id": "21202575_1475771241498",
            "timestamp": 1475759519873,
            "sequence_id": 2,
            "section_id": 4,
            "activity_id": 0,
            "activity_kind": "dragdrop",
            "data": {
                "kind": "Input",
                "user_input": [
                    {
                        "slot": 0,
                        "stickers": [
                            "0"
                        ]
                    },
                    {
                        "slot": 1,
                        "stickers": [
                            "1"
                        ]
                    },
                    {
                        "slot": 2,
                        "stickers": [
                            "2"
                        ]
                    },
                    {
                        "slot": 3,
                        "stickers": [
                            "3"
                        ]
                    },
                    {
                        "slot": 4,
                        "stickers": [
                            "4"
                        ]
                    }
                ]
            }
        },
        {
            "user_id": "21202575",
            "session_id": "21202575_1475771241498",
            "timestamp": 1475759524023,
            "sequence_id": 2,
            "section_id": 4,
            "activity_id": 1,
            "activity_kind": "dragdrop",
            "data": {
                "kind": "Input",
                "user_input": [
                    {
                        "slot": 0,
                        "stickers": []
                    },
                    {
                        "slot": 1,
                        "stickers": []
                    },
                    {
                        "slot": 2,
                        "stickers": []
                    },
                    {
                        "slot": 3,
                        "stickers": [
                            "0"
                        ]
                    }
                ]
            }
        },
        {
            "user_id": "21202575",
            "session_id": "21202575_1475771241498",
            "timestamp": 1475759529597,
            "sequence_id": 2,
            "section_id": 4,
            "activity_id": 2,
            "activity_kind": "curvestar",
            "data": {
                "kind": "Input",
                "user_input": [
                    0.14871794871794872,
                    0.24615384615384617,
                    0.38974358974358975,
                    0.5102564102564102,
                    0.6743589743589744,
                    0.8076923076923077,
                    0.8384615384615385
                ]
            }
        },
        {
            "user_id": "21202575",
            "session_id": "21202575_1475771241498",
            "timestamp": 1475759545070,
            "sequence_id": 2,
            "section_id": 4,
            "activity_id": 2,
            "activity_kind": "curvestar",
            "data": {
                "kind": "Input",
                "user_input": [
                    0.5435897435897435,
                    0.24615384615384617,
                    0.38974358974358975,
                    0.5102564102564102,
                    0.6743589743589744,
                    0.8076923076923077,
                    0.8384615384615385
                ]
            }
        },
        {
            "user_id": "21202575",
            "session_id": "21202575_1475771241498",
            "timestamp": 1475759548662,
            "sequence_id": 2,
            "section_id": 4,
            "activity_id": 2,
            "activity_kind": "curvestar",
            "data": {
                "kind": "Input",
                "user_input": [
                    0.5435897435897435,
                    0.6,
                    0.38974358974358975,
                    0.5102564102564102,
                    0.6743589743589744,
                    0.8076923076923077,
                    0.8384615384615385
                ]
            }
        },
        {
            "user_id": "21202575",
            "session_id": "21202575_1475771241498",
            "timestamp": 1475759552389,
            "sequence_id": 2,
            "section_id": 4,
            "activity_id": 2,
            "activity_kind": "curvestar",
            "data": {
                "kind": "Input",
                "user_input": [
                    0.5435897435897435,
                    0.5717948717948718,
                    0.38974358974358975,
                    0.5102564102564102,
                    0.6743589743589744,
                    0.8076923076923077,
                    0.8384615384615385
                ]
            }
        },
        {
            "user_id": "21202575",
            "session_id": "21202575_1475771241498",
            "timestamp": 1475759554509,
            "sequence_id": 2,
            "section_id": 4,
            "activity_id": 2,
            "activity_kind": "curvestar",
            "data": {
                "kind": "Input",
                "user_input": [
                    0.5435897435897435,
                    0.5717948717948718,
                    0.6076923076923076,
                    0.5102564102564102,
                    0.6743589743589744,
                    0.8076923076923077,
                    0.8384615384615385
                ]
            }
        },
        {
            "user_id": "21202575",
            "session_id": "21202575_1475771241498",
            "timestamp": 1475759557437,
            "sequence_id": 2,
            "section_id": 4,
            "activity_id": 2,
            "activity_kind": "curvestar",
            "data": {
                "kind": "Input",
                "user_input": [
                    0.5435897435897435,
                    0.5717948717948718,
                    0.6076923076923076,
                    0.8487179487179487,
                    0.6743589743589744,
                    0.8076923076923077,
                    0.8384615384615385
                ]
            }
        },
        {
            "user_id": "21202575",
            "session_id": "21202575_1475771241498",
            "timestamp": 1475759560581,
            "sequence_id": 2,
            "section_id": 4,
            "activity_id": 2,
            "activity_kind": "curvestar",
            "data": {
                "kind": "Input",
                "user_input": [
                    0.5435897435897435,
                    0.5717948717948718,
                    0.6076923076923076,
                    0.8487179487179487,
                    0.8692307692307693,
                    0.8076923076923077,
                    0.8384615384615385
                ]
            }
        },
        {
            "user_id": "21202575",
            "session_id": "21202575_1475771241498",
            "timestamp": 1475759561844,
            "sequence_id": 2,
            "section_id": 4,
            "activity_id": 2,
            "activity_kind": "curvestar",
            "data": {
                "kind": "Input",
                "user_input": [
                    0.5435897435897435,
                    0.5717948717948718,
                    0.6076923076923076,
                    0.8487179487179487,
                    0.8692307692307693,
                    0.8076923076923077,
                    0.8384615384615385
                ]
            }
        },
        {
            "user_id": "21202575",
            "session_id": "21202575_1475771241498",
            "timestamp": 1475759563436,
            "sequence_id": 2,
            "section_id": 4,
            "activity_id": 2,
            "activity_kind": "curvestar",
            "data": {
                "kind": "Input",
                "user_input": [
                    0.5435897435897435,
                    0.5717948717948718,
                    0.6076923076923076,
                    0.7384615384615385,
                    0.8692307692307693,
                    0.8076923076923077,
                    0.8384615384615385
                ]
            }
        },
        {
            "user_id": "21202575",
            "session_id": "21202575_1475771241498",
            "timestamp": 1475759566253,
            "sequence_id": 2,
            "section_id": 4,
            "activity_id": 2,
            "activity_kind": "curvestar",
            "data": {
                "kind": "Input",
                "user_input": [
                    0.5435897435897435,
                    0.5717948717948718,
                    0.6076923076923076,
                    0.7384615384615385,
                    0.8692307692307693,
                    0.9564102564102565,
                    0.8384615384615385
                ]
            }
        },
        {
            "user_id": "21202575",
            "session_id": "21202575_1475771241498",
            "timestamp": 1475759568661,
            "sequence_id": 2,
            "section_id": 4,
            "activity_id": 2,
            "activity_kind": "curvestar",
            "data": {
                "kind": "Input",
                "user_input": [
                    0.5435897435897435,
                    0.5717948717948718,
                    0.6076923076923076,
                    0.7384615384615385,
                    0.8692307692307693,
                    0.9564102564102565,
                    1
                ]
            }
        },
        {
            "user_id": "21202575",
            "session_id": "21202575_1475771241498",
            "timestamp": 1475759623851,
            "sequence_id": 2,
            "section_id": 5,
            "activity_id": 0,
            "activity_kind": "synthesis",
            "data": {
                "kind": "Input",
                "user_input": [
                    "prolifération",
                    "facteurs de croissance",
                    "le point de restriction",
                    "G1",
                    "synchronisées",
                    "G0"
                ]
            }
        }
    ]
}