{
    "events": [
        {
            "user_id": "21206804",
            "session_id": "21206804_1475628215079",
            "timestamp": 1475615389618,
            "sequence_id": 1,
            "section_id": 0,
            "activity_id": -1,
            "activity_kind": "transition",
            "data": {
                "kind": "Click",
                "what": "navigation_pane",
                "which": "menubar",
                "x": 77,
                "y": 160
            }
        },
        {
            "user_id": "21206804",
            "session_id": "21206804_1475628215079",
            "timestamp": 1475615389816,
            "sequence_id": 1,
            "section_id": 0,
            "activity_id": -1,
            "activity_kind": "transition",
            "data": {
                "kind": "Click",
                "what": "navigation_pane",
                "which": "menubar",
                "x": 77,
                "y": 160
            }
        },
        {
            "user_id": "21206804",
            "session_id": "21206804_1475628215079",
            "timestamp": 1475615389837,
            "sequence_id": 1,
            "section_id": 0,
            "activity_id": -1,
            "activity_kind": "transition",
            "data": {
                "kind": "Click",
                "what": "navigation_pane",
                "which": "menubar",
                "x": 77,
                "y": 160
            }
        },
        {
            "user_id": "21206804",
            "session_id": "21206804_1475628215079",
            "timestamp": 1475615395003,
            "sequence_id": 1,
            "section_id": "0",
            "activity_id": "-1",
            "activity_kind": "transition",
            "data": {
                "kind": "Click",
                "what": "transition_pane",
                "which": "requirement",
                "x": 1158,
                "y": 168
            }
        },
        {
            "user_id": "21206804",
            "session_id": "21206804_1475628215079",
            "timestamp": 1475615395037,
            "sequence_id": 1,
            "section_id": "0",
            "activity_id": "-1",
            "activity_kind": "transition",
            "data": {
                "kind": "Click",
                "what": "transition_pane",
                "which": "requirement",
                "x": 1158,
                "y": 168
            }
        },
        {
            "user_id": "21206804",
            "session_id": "21206804_1475628215079",
            "timestamp": 1475615395399,
            "sequence_id": 1,
            "section_id": "0",
            "activity_id": "-1",
            "activity_kind": "transition",
            "data": {
                "kind": "Click",
                "what": "transition_pane",
                "which": "requirement",
                "x": 1158,
                "y": 168
            }
        }
    ]
}