{
    "inputs": [
        {
            "user_id": "21200371",
            "session_id": "21200371_1474476789009",
            "timestamp": 1474464068978,
            "sequence_id": 2,
            "section_id": 0,
            "activity_id": 0,
            "activity_kind": "dragdrop",
            "data": {
                "kind": "Input",
                "user_input": [
                    {
                        "slot": 0,
                        "stickers": [
                            "0"
                        ]
                    },
                    {
                        "slot": 1,
                        "stickers": [
                            "2"
                        ]
                    },
                    {
                        "slot": 2,
                        "stickers": [
                            "1"
                        ]
                    },
                    {
                        "slot": 3,
                        "stickers": [
                            "6"
                        ]
                    },
                    {
                        "slot": 4,
                        "stickers": []
                    },
                    {
                        "slot": 5,
                        "stickers": [
                            "3"
                        ]
                    },
                    {
                        "slot": 6,
                        "stickers": []
                    },
                    {
                        "slot": 7,
                        "stickers": []
                    }
                ]
            }
        },
        {
            "user_id": "21200371",
            "session_id": "21200371_1474476789009",
            "timestamp": 1474464087554,
            "sequence_id": 2,
            "section_id": 0,
            "activity_id": 0,
            "activity_kind": "dragdrop",
            "data": {
                "kind": "Input",
                "user_input": [
                    {
                        "slot": 0,
                        "stickers": []
                    },
                    {
                        "slot": 1,
                        "stickers": [
                            "2"
                        ]
                    },
                    {
                        "slot": 2,
                        "stickers": [
                            "1"
                        ]
                    },
                    {
                        "slot": 3,
                        "stickers": []
                    },
                    {
                        "slot": 4,
                        "stickers": [
                            "0"
                        ]
                    },
                    {
                        "slot": 5,
                        "stickers": [
                            "3"
                        ]
                    },
                    {
                        "slot": 6,
                        "stickers": [
                            "6"
                        ]
                    },
                    {
                        "slot": 7,
                        "stickers": []
                    }
                ]
            }
        },
        {
            "user_id": "21200371",
            "session_id": "21200371_1474476789009",
            "timestamp": 1474464161623,
            "sequence_id": 2,
            "section_id": 0,
            "activity_id": 0,
            "activity_kind": "dragdrop",
            "data": {
                "kind": "Input",
                "user_input": [
                    {
                        "slot": 0,
                        "stickers": []
                    },
                    {
                        "slot": 1,
                        "stickers": [
                            "2"
                        ]
                    },
                    {
                        "slot": 2,
                        "stickers": [
                            "1"
                        ]
                    },
                    {
                        "slot": 3,
                        "stickers": []
                    },
                    {
                        "slot": 4,
                        "stickers": [
                            "0"
                        ]
                    },
                    {
                        "slot": 5,
                        "stickers": [
                            "3"
                        ]
                    },
                    {
                        "slot": 6,
                        "stickers": [
                            "5"
                        ]
                    },
                    {
                        "slot": 7,
                        "stickers": []
                    }
                ]
            }
        },
        {
            "user_id": "21200371",
            "session_id": "21200371_1474476789009",
            "timestamp": 1474464204337,
            "sequence_id": 2,
            "section_id": 0,
            "activity_id": 1,
            "activity_kind": "dragdrop",
            "data": {
                "kind": "Input",
                "user_input": [
                    {
                        "slot": 0,
                        "stickers": [
                            "0"
                        ]
                    },
                    {
                        "slot": 1,
                        "stickers": [
                            "3"
                        ]
                    },
                    {
                        "slot": 2,
                        "stickers": [
                            "2"
                        ]
                    }
                ]
            }
        },
        {
            "user_id": "21200371",
            "session_id": "21200371_1474476789009",
            "timestamp": 1474464210509,
            "sequence_id": 2,
            "section_id": 0,
            "activity_id": 1,
            "activity_kind": "dragdrop",
            "data": {
                "kind": "Input",
                "user_input": [
                    {
                        "slot": 0,
                        "stickers": [
                            "0"
                        ]
                    },
                    {
                        "slot": 1,
                        "stickers": [
                            "3"
                        ]
                    },
                    {
                        "slot": 2,
                        "stickers": [
                            "2",
                            "1"
                        ]
                    }
                ]
            }
        },
        {
            "user_id": "21200371",
            "session_id": "21200371_1474476789009",
            "timestamp": 1474464230097,
            "sequence_id": 2,
            "section_id": 1,
            "activity_id": 0,
            "activity_kind": "dragdrop",
            "data": {
                "kind": "Input",
                "user_input": [
                    {
                        "slot": 0,
                        "stickers": []
                    },
                    {
                        "slot": 1,
                        "stickers": []
                    },
                    {
                        "slot": 2,
                        "stickers": []
                    },
                    {
                        "slot": 3,
                        "stickers": []
                    }
                ]
            }
        },
        {
            "user_id": "21200371",
            "session_id": "21200371_1474476789009",
            "timestamp": 1474464313184,
            "sequence_id": 2,
            "section_id": 1,
            "activity_id": 1,
            "activity_kind": "curvetest",
            "data": {
                "kind": "Input",
                "user_input": [
                    0.9794871794871794,
                    0.6820512820512821,
                    0.4025641025641026,
                    0.2,
                    0.08717948717948718,
                    0,
                    0
                ]
            }
        },
        {
            "user_id": "21200371",
            "session_id": "21200371_1474476789009",
            "timestamp": 1474464403701,
            "sequence_id": 2,
            "section_id": 2,
            "activity_id": 0,
            "activity_kind": "planif",
            "data": {
                "kind": "Input",
                "user_input": {
                    "protocol": [
                        "-30",
                        "132",
                        "24"
                    ],
                    "temoincheck": true,
                    "culture": [
                        {
                            "condition": "- sérum",
                            "time": "0"
                        },
                        {
                            "condition": "+ sérum",
                            "time": "0"
                        }
                    ],
                    "temoin": []
                }
            }
        },
        {
            "user_id": "21200371",
            "session_id": "21200371_1474476789009",
            "timestamp": 1474464427188,
            "sequence_id": 2,
            "section_id": 2,
            "activity_id": 0,
            "activity_kind": "planif",
            "data": {
                "kind": "Input",
                "user_input": {
                    "protocol": [
                        "-30",
                        "132",
                        "24"
                    ],
                    "temoincheck": true,
                    "culture": [],
                    "temoin": []
                }
            }
        },
        {
            "user_id": "21200371",
            "session_id": "21200371_1474476789009",
            "timestamp": 1474464429396,
            "sequence_id": 2,
            "section_id": 2,
            "activity_id": 0,
            "activity_kind": "planif",
            "data": {
                "kind": "Input",
                "user_input": {
                    "protocol": [
                        "-30",
                        "132",
                        "24"
                    ],
                    "temoincheck": true,
                    "culture": [],
                    "temoin": []
                }
            }
        },
        {
            "user_id": "21200371",
            "session_id": "21200371_1474476789009",
            "timestamp": 1474464487028,
            "sequence_id": 2,
            "section_id": 2,
            "activity_id": 1,
            "activity_kind": "dragdrop",
            "data": {
                "kind": "Input",
                "user_input": [
                    {
                        "slot": 0,
                        "stickers": [
                            "1"
                        ]
                    }
                ]
            }
        },
        {
            "user_id": "21200371",
            "session_id": "21200371_1474476789009",
            "timestamp": 1474464500395,
            "sequence_id": 2,
            "section_id": 2,
            "activity_id": 1,
            "activity_kind": "dragdrop",
            "data": {
                "kind": "Input",
                "user_input": [
                    {
                        "slot": 0,
                        "stickers": [
                            "7"
                        ]
                    }
                ]
            }
        },
        {
            "user_id": "21200371",
            "session_id": "21200371_1474476789009",
            "timestamp": 1474464511866,
            "sequence_id": 2,
            "section_id": 2,
            "activity_id": 1,
            "activity_kind": "dragdrop",
            "data": {
                "kind": "Input",
                "user_input": [
                    {
                        "slot": 0,
                        "stickers": [
                            "2"
                        ]
                    }
                ]
            }
        },
        {
            "user_id": "21200371",
            "session_id": "21200371_1474476789009",
            "timestamp": 1474464955905,
            "sequence_id": 2,
            "section_id": 2,
            "activity_id": 5,
            "activity_kind": "doublepipette",
            "data": {
                "kind": "Input",
                "user_input": [
                    3,
                    0.1,
                    18,
                    3,
                    0.1,
                    21
                ]
            }
        },
        {
            "user_id": "21200371",
            "session_id": "21200371_1474476789009",
            "timestamp": 1474464966745,
            "sequence_id": 2,
            "section_id": 2,
            "activity_id": 5,
            "activity_kind": "doublepipette",
            "data": {
                "kind": "Input",
                "user_input": [
                    3,
                    0.1,
                    18,
                    3,
                    0.1,
                    21
                ]
            }
        },
        {
            "user_id": "21200371",
            "session_id": "21200371_1474476789009",
            "timestamp": 1474464966976,
            "sequence_id": 2,
            "section_id": 2,
            "activity_id": 5,
            "activity_kind": "doublepipette",
            "data": {
                "kind": "Input",
                "user_input": [
                    3,
                    0.1,
                    18,
                    3,
                    0.1,
                    21
                ]
            }
        },
        {
            "user_id": "21200371",
            "session_id": "21200371_1474476789009",
            "timestamp": 1474465024065,
            "sequence_id": 2,
            "section_id": 4,
            "activity_id": 0,
            "activity_kind": "dragdrop",
            "data": {
                "kind": "Input",
                "user_input": [
                    {
                        "slot": 0,
                        "stickers": [
                            "0"
                        ]
                    },
                    {
                        "slot": 1,
                        "stickers": [
                            "1"
                        ]
                    },
                    {
                        "slot": 2,
                        "stickers": [
                            "2"
                        ]
                    },
                    {
                        "slot": 3,
                        "stickers": [
                            "3"
                        ]
                    },
                    {
                        "slot": 4,
                        "stickers": [
                            "4"
                        ]
                    }
                ]
            }
        },
        {
            "user_id": "21200371",
            "session_id": "21200371_1474476789009",
            "timestamp": 1474465028689,
            "sequence_id": 2,
            "section_id": 4,
            "activity_id": 1,
            "activity_kind": "dragdrop",
            "data": {
                "kind": "Input",
                "user_input": [
                    {
                        "slot": 0,
                        "stickers": []
                    },
                    {
                        "slot": 1,
                        "stickers": []
                    },
                    {
                        "slot": 2,
                        "stickers": []
                    },
                    {
                        "slot": 3,
                        "stickers": []
                    }
                ]
            }
        },
        {
            "user_id": "21200371",
            "session_id": "21200371_1474476789009",
            "timestamp": 1474465052258,
            "sequence_id": 2,
            "section_id": 4,
            "activity_id": 1,
            "activity_kind": "dragdrop",
            "data": {
                "kind": "Input",
                "user_input": [
                    {
                        "slot": 0,
                        "stickers": []
                    },
                    {
                        "slot": 1,
                        "stickers": []
                    },
                    {
                        "slot": 2,
                        "stickers": []
                    },
                    {
                        "slot": 3,
                        "stickers": []
                    }
                ]
            }
        },
        {
            "user_id": "21200371",
            "session_id": "21200371_1474476789009",
            "timestamp": 1474465052266,
            "sequence_id": 2,
            "section_id": 4,
            "activity_id": 1,
            "activity_kind": "dragdrop",
            "data": {
                "kind": "Input",
                "user_input": [
                    {
                        "slot": 0,
                        "stickers": []
                    },
                    {
                        "slot": 1,
                        "stickers": []
                    },
                    {
                        "slot": 2,
                        "stickers": []
                    },
                    {
                        "slot": 3,
                        "stickers": [
                            "0"
                        ]
                    }
                ]
            }
        },
        {
            "user_id": "21200371",
            "session_id": "21200371_1474476789009",
            "timestamp": 1474465057843,
            "sequence_id": 2,
            "section_id": 4,
            "activity_id": 2,
            "activity_kind": "curvestar",
            "data": {
                "kind": "Input",
                "user_input": [
                    0.9794871794871794,
                    0.6820512820512821,
                    0.4025641025641026,
                    0.2,
                    0.08717948717948718,
                    0,
                    0
                ]
            }
        },
        {
            "user_id": "21200371",
            "session_id": "21200371_1474476789009",
            "timestamp": 1474465069325,
            "sequence_id": 2,
            "section_id": 4,
            "activity_id": 2,
            "activity_kind": "curvestar",
            "data": {
                "kind": "Input",
                "user_input": [
                    0.5769230769230769,
                    0.6820512820512821,
                    0.4025641025641026,
                    0.2,
                    0.08717948717948718,
                    0,
                    0
                ]
            }
        },
        {
            "user_id": "21200371",
            "session_id": "21200371_1474476789009",
            "timestamp": 1474465074357,
            "sequence_id": 2,
            "section_id": 4,
            "activity_id": 2,
            "activity_kind": "curvestar",
            "data": {
                "kind": "Input",
                "user_input": [
                    0.5769230769230769,
                    0.5923076923076923,
                    0.4025641025641026,
                    0.2,
                    0.08717948717948718,
                    0,
                    0
                ]
            }
        },
        {
            "user_id": "21200371",
            "session_id": "21200371_1474476789009",
            "timestamp": 1474465082284,
            "sequence_id": 2,
            "section_id": 4,
            "activity_id": 2,
            "activity_kind": "curvestar",
            "data": {
                "kind": "Input",
                "user_input": [
                    0.5769230769230769,
                    0.5923076923076923,
                    0.5923076923076923,
                    0.2,
                    0.08717948717948718,
                    0,
                    0
                ]
            }
        },
        {
            "user_id": "21200371",
            "session_id": "21200371_1474476789009",
            "timestamp": 1474465090372,
            "sequence_id": 2,
            "section_id": 4,
            "activity_id": 2,
            "activity_kind": "curvestar",
            "data": {
                "kind": "Input",
                "user_input": [
                    0.5769230769230769,
                    0.5923076923076923,
                    0.5923076923076923,
                    0.3769230769230769,
                    0.08717948717948718,
                    0,
                    0
                ]
            }
        },
        {
            "user_id": "21200371",
            "session_id": "21200371_1474476789009",
            "timestamp": 1474465095804,
            "sequence_id": 2,
            "section_id": 4,
            "activity_id": 2,
            "activity_kind": "curvestar",
            "data": {
                "kind": "Input",
                "user_input": [
                    0.5769230769230769,
                    0.5923076923076923,
                    0.5923076923076923,
                    0.3769230769230769,
                    0.8666666666666667,
                    0,
                    0
                ]
            }
        },
        {
            "user_id": "21200371",
            "session_id": "21200371_1474476789009",
            "timestamp": 1474465098924,
            "sequence_id": 2,
            "section_id": 4,
            "activity_id": 2,
            "activity_kind": "curvestar",
            "data": {
                "kind": "Input",
                "user_input": [
                    0.5769230769230769,
                    0.5923076923076923,
                    0.5923076923076923,
                    0.6641025641025641,
                    0.8666666666666667,
                    0,
                    0
                ]
            }
        },
        {
            "user_id": "21200371",
            "session_id": "21200371_1474476789009",
            "timestamp": 1474465102187,
            "sequence_id": 2,
            "section_id": 4,
            "activity_id": 2,
            "activity_kind": "curvestar",
            "data": {
                "kind": "Input",
                "user_input": [
                    0.5769230769230769,
                    0.5923076923076923,
                    0.5923076923076923,
                    0.6641025641025641,
                    0.8666666666666667,
                    0.9076923076923077,
                    0
                ]
            }
        },
        {
            "user_id": "21200371",
            "session_id": "21200371_1474476789009",
            "timestamp": 1474465105028,
            "sequence_id": 2,
            "section_id": 4,
            "activity_id": 2,
            "activity_kind": "curvestar",
            "data": {
                "kind": "Input",
                "user_input": [
                    0.5769230769230769,
                    0.5923076923076923,
                    0.5923076923076923,
                    0.6641025641025641,
                    0.8666666666666667,
                    0.9076923076923077,
                    0.9923076923076923
                ]
            }
        },
        {
            "user_id": "21200371",
            "session_id": "21200371_1474476789009",
            "timestamp": 1474465152026,
            "sequence_id": 2,
            "section_id": 5,
            "activity_id": 0,
            "activity_kind": "synthesis",
            "data": {
                "kind": "Input",
                "user_input": [
                    "prolifération",
                    "facteurs de croissance",
                    "G1/S",
                    "G1",
                    "synchronisées",
                    "G0"
                ]
            }
        },
        {
            "user_id": "21200371",
            "session_id": "21200371_1474476789009",
            "timestamp": 1474465157820,
            "sequence_id": 2,
            "section_id": 5,
            "activity_id": 0,
            "activity_kind": "synthesis",
            "data": {
                "kind": "Input",
                "user_input": [
                    "prolifération",
                    "facteurs de croissance",
                    "le point de restriction",
                    "G1",
                    "synchronisées",
                    "G0"
                ]
            }
        }
    ]
}