{
    "inputs": [
        {
            "user_id": "21204967",
            "session_id": "21204967_1475769245772",
            "timestamp": 1475756502443,
            "sequence_id": 1,
            "section_id": 0,
            "activity_id": 0,
            "activity_kind": "dragdrop",
            "data": {
                "kind": "Input",
                "user_input": [
                    {
                        "slot": 0,
                        "stickers": [
                            "0"
                        ]
                    },
                    {
                        "slot": 1,
                        "stickers": [
                            "1"
                        ]
                    },
                    {
                        "slot": 2,
                        "stickers": [
                            "2"
                        ]
                    },
                    {
                        "slot": 3,
                        "stickers": [
                            "3"
                        ]
                    },
                    {
                        "slot": 4,
                        "stickers": [
                            "4"
                        ]
                    },
                    {
                        "slot": 5,
                        "stickers": [
                            "9"
                        ]
                    },
                    {
                        "slot": 6,
                        "stickers": [
                            "12"
                        ]
                    },
                    {
                        "slot": 7,
                        "stickers": [
                            "10"
                        ]
                    },
                    {
                        "slot": 8,
                        "stickers": [
                            "11"
                        ]
                    }
                ]
            }
        },
        {
            "user_id": "21204967",
            "session_id": "21204967_1475769245772",
            "timestamp": 1475756550118,
            "sequence_id": 1,
            "section_id": 1,
            "activity_id": 0,
            "activity_kind": "dragdrop",
            "data": {
                "kind": "Input",
                "user_input": [
                    {
                        "slot": 0,
                        "stickers": []
                    },
                    {
                        "slot": 1,
                        "stickers": []
                    },
                    {
                        "slot": 2,
                        "stickers": []
                    },
                    {
                        "slot": 3,
                        "stickers": []
                    }
                ]
            }
        },
        {
            "user_id": "21204967",
            "session_id": "21204967_1475769245772",
            "timestamp": 1475756596006,
            "sequence_id": 1,
            "section_id": 1,
            "activity_id": 1,
            "activity_kind": "curvetest",
            "data": {
                "kind": "Input",
                "user_input": [
                    2020.408163265306,
                    2020.408163265306,
                    2020.408163265306,
                    2020.408163265306,
                    2020.408163265306,
                    2020.408163265306
                ]
            }
        },
        {
            "user_id": "21204967",
            "session_id": "21204967_1475769245772",
            "timestamp": 1475756736395,
            "sequence_id": 1,
            "section_id": 2,
            "activity_id": 2,
            "activity_kind": "counttest",
            "data": {
                "kind": "Input",
                "user_input": [
                    9,
                    8,
                    0,
                    0
                ]
            }
        },
        {
            "user_id": "21204967",
            "session_id": "21204967_1475769245772",
            "timestamp": 1475756755085,
            "sequence_id": 1,
            "section_id": 2,
            "activity_id": 2,
            "activity_kind": "counttest",
            "data": {
                "kind": "Input",
                "user_input": [
                    10,
                    8,
                    0,
                    0
                ]
            }
        },
        {
            "user_id": "21204967",
            "session_id": "21204967_1475769245772",
            "timestamp": 1475756770931,
            "sequence_id": 1,
            "section_id": 2,
            "activity_id": 2,
            "activity_kind": "counttest",
            "data": {
                "kind": "Input",
                "user_input": [
                    10,
                    8,
                    0,
                    0
                ]
            }
        },
        {
            "user_id": "21204967",
            "session_id": "21204967_1475769245772",
            "timestamp": 1475756914823,
            "sequence_id": 1,
            "section_id": 2,
            "activity_id": 3,
            "activity_kind": "input",
            "data": {
                "kind": "Input",
                "user_input": "11500"
            }
        },
        {
            "user_id": "21204967",
            "session_id": "21204967_1475769245772",
            "timestamp": 1475756946053,
            "sequence_id": 1,
            "section_id": 2,
            "activity_id": 3,
            "activity_kind": "input",
            "data": {
                "kind": "Input",
                "user_input": "1150000"
            }
        },
        {
            "user_id": "21204967",
            "session_id": "21204967_1475769245772",
            "timestamp": 1475757599960,
            "sequence_id": 1,
            "section_id": 2,
            "activity_id": 5,
            "activity_kind": "pipette",
            "data": {
                "kind": "Input",
                "user_input": [
                    197591,
                    3,
                    0.11,
                    33
                ]
            }
        },
        {
            "user_id": "21204967",
            "session_id": "21204967_1475769245772",
            "timestamp": 1475758352893,
            "sequence_id": 1,
            "section_id": 2,
            "activity_id": 5,
            "activity_kind": "pipette",
            "data": {
                "kind": "Input",
                "user_input": [
                    199682,
                    3,
                    0.1,
                    33
                ]
            }
        },
        {
            "user_id": "21204967",
            "session_id": "21204967_1475769245772",
            "timestamp": 1475758429447,
            "sequence_id": 1,
            "section_id": 4,
            "activity_id": 0,
            "activity_kind": "dragdrop",
            "data": {
                "kind": "Input",
                "user_input": [
                    {
                        "slot": 0,
                        "stickers": []
                    },
                    {
                        "slot": 1,
                        "stickers": []
                    },
                    {
                        "slot": 2,
                        "stickers": []
                    },
                    {
                        "slot": 3,
                        "stickers": []
                    },
                    {
                        "slot": 4,
                        "stickers": []
                    },
                    {
                        "slot": 5,
                        "stickers": []
                    }
                ]
            }
        },
        {
            "user_id": "21204967",
            "session_id": "21204967_1475769245772",
            "timestamp": 1475758434359,
            "sequence_id": 1,
            "section_id": 4,
            "activity_id": 0,
            "activity_kind": "dragdrop",
            "data": {
                "kind": "Input",
                "user_input": [
                    {
                        "slot": 0,
                        "stickers": []
                    },
                    {
                        "slot": 1,
                        "stickers": []
                    },
                    {
                        "slot": 2,
                        "stickers": []
                    },
                    {
                        "slot": 3,
                        "stickers": []
                    },
                    {
                        "slot": 4,
                        "stickers": []
                    },
                    {
                        "slot": 5,
                        "stickers": []
                    }
                ]
            }
        },
        {
            "user_id": "21204967",
            "session_id": "21204967_1475769245772",
            "timestamp": 1475758434727,
            "sequence_id": 1,
            "section_id": 4,
            "activity_id": 0,
            "activity_kind": "dragdrop",
            "data": {
                "kind": "Input",
                "user_input": [
                    {
                        "slot": 0,
                        "stickers": []
                    },
                    {
                        "slot": 1,
                        "stickers": []
                    },
                    {
                        "slot": 2,
                        "stickers": []
                    },
                    {
                        "slot": 3,
                        "stickers": []
                    },
                    {
                        "slot": 4,
                        "stickers": []
                    },
                    {
                        "slot": 5,
                        "stickers": []
                    }
                ]
            }
        },
        {
            "user_id": "21204967",
            "session_id": "21204967_1475769245772",
            "timestamp": 1475758452338,
            "sequence_id": 1,
            "section_id": 4,
            "activity_id": 1,
            "activity_kind": "curvestar",
            "data": {
                "kind": "Input",
                "user_input": [
                    2020.408163265306,
                    2020.408163265306,
                    2020.408163265306,
                    2020.408163265306,
                    2020.408163265306,
                    2020.408163265306
                ]
            }
        },
        {
            "user_id": "21204967",
            "session_id": "21204967_1475769245772",
            "timestamp": 1475758464452,
            "sequence_id": 1,
            "section_id": 4,
            "activity_id": 1,
            "activity_kind": "curvestar",
            "data": {
                "kind": "Input",
                "user_input": [
                    979.5918367346939,
                    2020.408163265306,
                    2020.408163265306,
                    2020.408163265306,
                    2020.408163265306,
                    2020.408163265306
                ]
            }
        },
        {
            "user_id": "21204967",
            "session_id": "21204967_1475769245772",
            "timestamp": 1475758467403,
            "sequence_id": 1,
            "section_id": 4,
            "activity_id": 1,
            "activity_kind": "curvestar",
            "data": {
                "kind": "Input",
                "user_input": [
                    979.5918367346939,
                    979.5918367346939,
                    2020.408163265306,
                    2020.408163265306,
                    2020.408163265306,
                    2020.408163265306
                ]
            }
        },
        {
            "user_id": "21204967",
            "session_id": "21204967_1475769245772",
            "timestamp": 1475758470683,
            "sequence_id": 1,
            "section_id": 4,
            "activity_id": 1,
            "activity_kind": "curvestar",
            "data": {
                "kind": "Input",
                "user_input": [
                    979.5918367346939,
                    979.5918367346939,
                    1469.3877551020407,
                    2020.408163265306,
                    2020.408163265306,
                    2020.408163265306
                ]
            }
        },
        {
            "user_id": "21204967",
            "session_id": "21204967_1475769245772",
            "timestamp": 1475758472475,
            "sequence_id": 1,
            "section_id": 4,
            "activity_id": 1,
            "activity_kind": "curvestar",
            "data": {
                "kind": "Input",
                "user_input": [
                    979.5918367346939,
                    979.5918367346939,
                    1469.3877551020407,
                    2020.408163265306,
                    2020.408163265306,
                    2020.408163265306
                ]
            }
        },
        {
            "user_id": "21204967",
            "session_id": "21204967_1475769245772",
            "timestamp": 1475758477090,
            "sequence_id": 1,
            "section_id": 4,
            "activity_id": 1,
            "activity_kind": "curvestar",
            "data": {
                "kind": "Input",
                "user_input": [
                    979.5918367346939,
                    979.5918367346939,
                    1469.3877551020407,
                    2020.408163265306,
                    3030.612244897959,
                    2020.408163265306
                ]
            }
        },
        {
            "user_id": "21204967",
            "session_id": "21204967_1475769245772",
            "timestamp": 1475758479706,
            "sequence_id": 1,
            "section_id": 4,
            "activity_id": 1,
            "activity_kind": "curvestar",
            "data": {
                "kind": "Input",
                "user_input": [
                    979.5918367346939,
                    979.5918367346939,
                    1469.3877551020407,
                    2020.408163265306,
                    3030.612244897959,
                    3015.3061224489797
                ]
            }
        },
        {
            "user_id": "21204967",
            "session_id": "21204967_1475769245772",
            "timestamp": 1475758530808,
            "sequence_id": 1,
            "section_id": 4,
            "activity_id": 2,
            "activity_kind": "dragdrop",
            "data": {
                "kind": "Input",
                "user_input": [
                    {
                        "slot": 0,
                        "stickers": [
                            "3"
                        ]
                    },
                    {
                        "slot": 1,
                        "stickers": [
                            "4"
                        ]
                    },
                    {
                        "slot": 2,
                        "stickers": [
                            "2"
                        ]
                    }
                ]
            }
        },
        {
            "user_id": "21204967",
            "session_id": "21204967_1475769245772",
            "timestamp": 1475758549631,
            "sequence_id": 1,
            "section_id": 4,
            "activity_id": 3,
            "activity_kind": "dragdrop",
            "data": {
                "kind": "Input",
                "user_input": [
                    {
                        "slot": 0,
                        "stickers": []
                    },
                    {
                        "slot": 1,
                        "stickers": []
                    },
                    {
                        "slot": 2,
                        "stickers": []
                    },
                    {
                        "slot": 3,
                        "stickers": []
                    }
                ]
            }
        },
        {
            "user_id": "21204967",
            "session_id": "21204967_1475769245772",
            "timestamp": 1475758571209,
            "sequence_id": 1,
            "section_id": 4,
            "activity_id": 3,
            "activity_kind": "dragdrop",
            "data": {
                "kind": "Input",
                "user_input": [
                    {
                        "slot": 0,
                        "stickers": []
                    },
                    {
                        "slot": 1,
                        "stickers": []
                    },
                    {
                        "slot": 2,
                        "stickers": []
                    },
                    {
                        "slot": 3,
                        "stickers": []
                    }
                ]
            }
        },
        {
            "user_id": "21204967",
            "session_id": "21204967_1475769245772",
            "timestamp": 1475758571213,
            "sequence_id": 1,
            "section_id": 4,
            "activity_id": 3,
            "activity_kind": "dragdrop",
            "data": {
                "kind": "Input",
                "user_input": [
                    {
                        "slot": 0,
                        "stickers": [
                            "3"
                        ]
                    },
                    {
                        "slot": 1,
                        "stickers": []
                    },
                    {
                        "slot": 2,
                        "stickers": []
                    },
                    {
                        "slot": 3,
                        "stickers": []
                    }
                ]
            }
        },
        {
            "user_id": "21204967",
            "session_id": "21204967_1475769245772",
            "timestamp": 1475758572266,
            "sequence_id": 1,
            "section_id": 4,
            "activity_id": 3,
            "activity_kind": "dragdrop",
            "data": {
                "kind": "Input",
                "user_input": [
                    {
                        "slot": 0,
                        "stickers": [
                            "3"
                        ]
                    },
                    {
                        "slot": 1,
                        "stickers": []
                    },
                    {
                        "slot": 2,
                        "stickers": []
                    },
                    {
                        "slot": 3,
                        "stickers": []
                    }
                ]
            }
        },
        {
            "user_id": "21204967",
            "session_id": "21204967_1475769245772",
            "timestamp": 1475758572269,
            "sequence_id": 1,
            "section_id": 4,
            "activity_id": 3,
            "activity_kind": "dragdrop",
            "data": {
                "kind": "Input",
                "user_input": [
                    {
                        "slot": 0,
                        "stickers": []
                    },
                    {
                        "slot": 1,
                        "stickers": []
                    },
                    {
                        "slot": 2,
                        "stickers": []
                    },
                    {
                        "slot": 3,
                        "stickers": [
                            "3"
                        ]
                    }
                ]
            }
        },
        {
            "user_id": "21204967",
            "session_id": "21204967_1475769245772",
            "timestamp": 1475758573225,
            "sequence_id": 1,
            "section_id": 4,
            "activity_id": 3,
            "activity_kind": "dragdrop",
            "data": {
                "kind": "Input",
                "user_input": [
                    {
                        "slot": 0,
                        "stickers": []
                    },
                    {
                        "slot": 1,
                        "stickers": []
                    },
                    {
                        "slot": 2,
                        "stickers": []
                    },
                    {
                        "slot": 3,
                        "stickers": [
                            "3"
                        ]
                    }
                ]
            }
        },
        {
            "user_id": "21204967",
            "session_id": "21204967_1475769245772",
            "timestamp": 1475758573229,
            "sequence_id": 1,
            "section_id": 4,
            "activity_id": 3,
            "activity_kind": "dragdrop",
            "data": {
                "kind": "Input",
                "user_input": [
                    {
                        "slot": 0,
                        "stickers": []
                    },
                    {
                        "slot": 1,
                        "stickers": []
                    },
                    {
                        "slot": 2,
                        "stickers": [
                            "3"
                        ]
                    },
                    {
                        "slot": 3,
                        "stickers": []
                    }
                ]
            }
        },
        {
            "user_id": "21204967",
            "session_id": "21204967_1475769245772",
            "timestamp": 1475758574236,
            "sequence_id": 1,
            "section_id": 4,
            "activity_id": 3,
            "activity_kind": "dragdrop",
            "data": {
                "kind": "Input",
                "user_input": [
                    {
                        "slot": 0,
                        "stickers": []
                    },
                    {
                        "slot": 1,
                        "stickers": []
                    },
                    {
                        "slot": 2,
                        "stickers": [
                            "3"
                        ]
                    },
                    {
                        "slot": 3,
                        "stickers": []
                    }
                ]
            }
        },
        {
            "user_id": "21204967",
            "session_id": "21204967_1475769245772",
            "timestamp": 1475758574240,
            "sequence_id": 1,
            "section_id": 4,
            "activity_id": 3,
            "activity_kind": "dragdrop",
            "data": {
                "kind": "Input",
                "user_input": [
                    {
                        "slot": 0,
                        "stickers": []
                    },
                    {
                        "slot": 1,
                        "stickers": [
                            "3"
                        ]
                    },
                    {
                        "slot": 2,
                        "stickers": []
                    },
                    {
                        "slot": 3,
                        "stickers": []
                    }
                ]
            }
        },
        {
            "user_id": "21204967",
            "session_id": "21204967_1475769245772",
            "timestamp": 1475758594169,
            "sequence_id": 1,
            "section_id": 4,
            "activity_id": 3,
            "activity_kind": "dragdrop",
            "data": {
                "kind": "Input",
                "user_input": [
                    {
                        "slot": 0,
                        "stickers": []
                    },
                    {
                        "slot": 1,
                        "stickers": [
                            "3"
                        ]
                    },
                    {
                        "slot": 2,
                        "stickers": []
                    },
                    {
                        "slot": 3,
                        "stickers": []
                    }
                ]
            }
        },
        {
            "user_id": "21204967",
            "session_id": "21204967_1475769245772",
            "timestamp": 1475758594176,
            "sequence_id": 1,
            "section_id": 4,
            "activity_id": 3,
            "activity_kind": "dragdrop",
            "data": {
                "kind": "Input",
                "user_input": [
                    {
                        "slot": 0,
                        "stickers": []
                    },
                    {
                        "slot": 1,
                        "stickers": [
                            "4"
                        ]
                    },
                    {
                        "slot": 2,
                        "stickers": []
                    },
                    {
                        "slot": 3,
                        "stickers": []
                    }
                ]
            }
        },
        {
            "user_id": "21204967",
            "session_id": "21204967_1475769245772",
            "timestamp": 1475758600909,
            "sequence_id": 1,
            "section_id": 4,
            "activity_id": 3,
            "activity_kind": "dragdrop",
            "data": {
                "kind": "Input",
                "user_input": [
                    {
                        "slot": 0,
                        "stickers": []
                    },
                    {
                        "slot": 1,
                        "stickers": [
                            "4"
                        ]
                    },
                    {
                        "slot": 2,
                        "stickers": []
                    },
                    {
                        "slot": 3,
                        "stickers": []
                    }
                ]
            }
        },
        {
            "user_id": "21204967",
            "session_id": "21204967_1475769245772",
            "timestamp": 1475758600913,
            "sequence_id": 1,
            "section_id": 4,
            "activity_id": 3,
            "activity_kind": "dragdrop",
            "data": {
                "kind": "Input",
                "user_input": [
                    {
                        "slot": 0,
                        "stickers": [
                            "4"
                        ]
                    },
                    {
                        "slot": 1,
                        "stickers": []
                    },
                    {
                        "slot": 2,
                        "stickers": []
                    },
                    {
                        "slot": 3,
                        "stickers": []
                    }
                ]
            }
        },
        {
            "user_id": "21204967",
            "session_id": "21204967_1475769245772",
            "timestamp": 1475758609541,
            "sequence_id": 1,
            "section_id": 4,
            "activity_id": 3,
            "activity_kind": "dragdrop",
            "data": {
                "kind": "Input",
                "user_input": [
                    {
                        "slot": 0,
                        "stickers": [
                            "4"
                        ]
                    },
                    {
                        "slot": 1,
                        "stickers": []
                    },
                    {
                        "slot": 2,
                        "stickers": []
                    },
                    {
                        "slot": 3,
                        "stickers": []
                    }
                ]
            }
        },
        {
            "user_id": "21204967",
            "session_id": "21204967_1475769245772",
            "timestamp": 1475758609545,
            "sequence_id": 1,
            "section_id": 4,
            "activity_id": 3,
            "activity_kind": "dragdrop",
            "data": {
                "kind": "Input",
                "user_input": [
                    {
                        "slot": 0,
                        "stickers": [
                            "4"
                        ]
                    },
                    {
                        "slot": 1,
                        "stickers": [
                            "1"
                        ]
                    },
                    {
                        "slot": 2,
                        "stickers": []
                    },
                    {
                        "slot": 3,
                        "stickers": []
                    }
                ]
            }
        },
        {
            "user_id": "21204967",
            "session_id": "21204967_1475769245772",
            "timestamp": 1475758611245,
            "sequence_id": 1,
            "section_id": 4,
            "activity_id": 3,
            "activity_kind": "dragdrop",
            "data": {
                "kind": "Input",
                "user_input": [
                    {
                        "slot": 0,
                        "stickers": [
                            "4"
                        ]
                    },
                    {
                        "slot": 1,
                        "stickers": [
                            "1"
                        ]
                    },
                    {
                        "slot": 2,
                        "stickers": []
                    },
                    {
                        "slot": 3,
                        "stickers": []
                    }
                ]
            }
        },
        {
            "user_id": "21204967",
            "session_id": "21204967_1475769245772",
            "timestamp": 1475758611251,
            "sequence_id": 1,
            "section_id": 4,
            "activity_id": 3,
            "activity_kind": "dragdrop",
            "data": {
                "kind": "Input",
                "user_input": [
                    {
                        "slot": 0,
                        "stickers": [
                            "4"
                        ]
                    },
                    {
                        "slot": 1,
                        "stickers": [
                            "0"
                        ]
                    },
                    {
                        "slot": 2,
                        "stickers": []
                    },
                    {
                        "slot": 3,
                        "stickers": []
                    }
                ]
            }
        },
        {
            "user_id": "21204967",
            "session_id": "21204967_1475769245772",
            "timestamp": 1475758614969,
            "sequence_id": 1,
            "section_id": 4,
            "activity_id": 3,
            "activity_kind": "dragdrop",
            "data": {
                "kind": "Input",
                "user_input": [
                    {
                        "slot": 0,
                        "stickers": [
                            "4"
                        ]
                    },
                    {
                        "slot": 1,
                        "stickers": [
                            "0"
                        ]
                    },
                    {
                        "slot": 2,
                        "stickers": []
                    },
                    {
                        "slot": 3,
                        "stickers": []
                    }
                ]
            }
        },
        {
            "user_id": "21204967",
            "session_id": "21204967_1475769245772",
            "timestamp": 1475758614975,
            "sequence_id": 1,
            "section_id": 4,
            "activity_id": 3,
            "activity_kind": "dragdrop",
            "data": {
                "kind": "Input",
                "user_input": [
                    {
                        "slot": 0,
                        "stickers": [
                            "4"
                        ]
                    },
                    {
                        "slot": 1,
                        "stickers": [
                            "2"
                        ]
                    },
                    {
                        "slot": 2,
                        "stickers": []
                    },
                    {
                        "slot": 3,
                        "stickers": []
                    }
                ]
            }
        },
        {
            "user_id": "21204967",
            "session_id": "21204967_1475769245772",
            "timestamp": 1475758620613,
            "sequence_id": 1,
            "section_id": 4,
            "activity_id": 3,
            "activity_kind": "dragdrop",
            "data": {
                "kind": "Input",
                "user_input": [
                    {
                        "slot": 0,
                        "stickers": [
                            "4"
                        ]
                    },
                    {
                        "slot": 1,
                        "stickers": [
                            "2"
                        ]
                    },
                    {
                        "slot": 2,
                        "stickers": []
                    },
                    {
                        "slot": 3,
                        "stickers": []
                    }
                ]
            }
        },
        {
            "user_id": "21204967",
            "session_id": "21204967_1475769245772",
            "timestamp": 1475758620616,
            "sequence_id": 1,
            "section_id": 4,
            "activity_id": 3,
            "activity_kind": "dragdrop",
            "data": {
                "kind": "Input",
                "user_input": [
                    {
                        "slot": 0,
                        "stickers": [
                            "4"
                        ]
                    },
                    {
                        "slot": 1,
                        "stickers": [
                            "2"
                        ]
                    },
                    {
                        "slot": 2,
                        "stickers": [
                            "3"
                        ]
                    },
                    {
                        "slot": 3,
                        "stickers": []
                    }
                ]
            }
        },
        {
            "user_id": "21204967",
            "session_id": "21204967_1475769245772",
            "timestamp": 1475758625276,
            "sequence_id": 1,
            "section_id": 4,
            "activity_id": 3,
            "activity_kind": "dragdrop",
            "data": {
                "kind": "Input",
                "user_input": [
                    {
                        "slot": 0,
                        "stickers": [
                            "4"
                        ]
                    },
                    {
                        "slot": 1,
                        "stickers": [
                            "2"
                        ]
                    },
                    {
                        "slot": 2,
                        "stickers": [
                            "3"
                        ]
                    },
                    {
                        "slot": 3,
                        "stickers": []
                    }
                ]
            }
        },
        {
            "user_id": "21204967",
            "session_id": "21204967_1475769245772",
            "timestamp": 1475758625281,
            "sequence_id": 1,
            "section_id": 4,
            "activity_id": 3,
            "activity_kind": "dragdrop",
            "data": {
                "kind": "Input",
                "user_input": [
                    {
                        "slot": 0,
                        "stickers": [
                            "4"
                        ]
                    },
                    {
                        "slot": 1,
                        "stickers": [
                            "2"
                        ]
                    },
                    {
                        "slot": 2,
                        "stickers": [
                            "2"
                        ]
                    },
                    {
                        "slot": 3,
                        "stickers": []
                    }
                ]
            }
        },
        {
            "user_id": "21204967",
            "session_id": "21204967_1475769245772",
            "timestamp": 1475758646347,
            "sequence_id": 1,
            "section_id": 4,
            "activity_id": 3,
            "activity_kind": "dragdrop",
            "data": {
                "kind": "Input",
                "user_input": [
                    {
                        "slot": 0,
                        "stickers": [
                            "4"
                        ]
                    },
                    {
                        "slot": 1,
                        "stickers": [
                            "2"
                        ]
                    },
                    {
                        "slot": 2,
                        "stickers": [
                            "2"
                        ]
                    },
                    {
                        "slot": 3,
                        "stickers": []
                    }
                ]
            }
        },
        {
            "user_id": "21204967",
            "session_id": "21204967_1475769245772",
            "timestamp": 1475758646350,
            "sequence_id": 1,
            "section_id": 4,
            "activity_id": 3,
            "activity_kind": "dragdrop",
            "data": {
                "kind": "Input",
                "user_input": [
                    {
                        "slot": 0,
                        "stickers": [
                            "4"
                        ]
                    },
                    {
                        "slot": 1,
                        "stickers": [
                            "2"
                        ]
                    },
                    {
                        "slot": 2,
                        "stickers": [
                            "2"
                        ]
                    },
                    {
                        "slot": 3,
                        "stickers": [
                            "0"
                        ]
                    }
                ]
            }
        },
        {
            "user_id": "21204967",
            "session_id": "21204967_1475769245772",
            "timestamp": 1475758777526,
            "sequence_id": 1,
            "section_id": 5,
            "activity_id": 0,
            "activity_kind": "synthesis",
            "data": {
                "kind": "Input",
                "user_input": [
                    "latence",
                    "exponentielle",
                    "la courbe de croissance",
                    "une phase stationnaire",
                    "l'inhibition de contact",
                    "asynchrone",
                    "le profil de cytométrie de flux",
                    "G1",
                    "ordonnées",
                    "G1, S, G2, M"
                ]
            }
        },
        {
            "user_id": "21204967",
            "session_id": "21204967_1475769245772",
            "timestamp": 1475758852028,
            "sequence_id": 2,
            "section_id": 0,
            "activity_id": 0,
            "activity_kind": "dragdrop",
            "data": {
                "kind": "Input",
                "user_input": [
                    {
                        "slot": 0,
                        "stickers": []
                    },
                    {
                        "slot": 1,
                        "stickers": [
                            "2"
                        ]
                    },
                    {
                        "slot": 2,
                        "stickers": [
                            "1"
                        ]
                    },
                    {
                        "slot": 3,
                        "stickers": [
                            "6"
                        ]
                    },
                    {
                        "slot": 4,
                        "stickers": []
                    },
                    {
                        "slot": 5,
                        "stickers": [
                            "3"
                        ]
                    },
                    {
                        "slot": 6,
                        "stickers": []
                    },
                    {
                        "slot": 7,
                        "stickers": [
                            "4"
                        ]
                    }
                ]
            }
        },
        {
            "user_id": "21204967",
            "session_id": "21204967_1475769245772",
            "timestamp": 1475758884321,
            "sequence_id": 2,
            "section_id": 0,
            "activity_id": 0,
            "activity_kind": "dragdrop",
            "data": {
                "kind": "Input",
                "user_input": [
                    {
                        "slot": 0,
                        "stickers": []
                    },
                    {
                        "slot": 1,
                        "stickers": [
                            "2"
                        ]
                    },
                    {
                        "slot": 2,
                        "stickers": [
                            "1"
                        ]
                    },
                    {
                        "slot": 3,
                        "stickers": []
                    },
                    {
                        "slot": 4,
                        "stickers": [
                            "4"
                        ]
                    },
                    {
                        "slot": 5,
                        "stickers": [
                            "3"
                        ]
                    },
                    {
                        "slot": 6,
                        "stickers": []
                    },
                    {
                        "slot": 7,
                        "stickers": []
                    }
                ]
            }
        },
        {
            "user_id": "21204967",
            "session_id": "21204967_1475769245772",
            "timestamp": 1475758892392,
            "sequence_id": 2,
            "section_id": 0,
            "activity_id": 0,
            "activity_kind": "dragdrop",
            "data": {
                "kind": "Input",
                "user_input": [
                    {
                        "slot": 0,
                        "stickers": []
                    },
                    {
                        "slot": 1,
                        "stickers": [
                            "2"
                        ]
                    },
                    {
                        "slot": 2,
                        "stickers": [
                            "1"
                        ]
                    },
                    {
                        "slot": 3,
                        "stickers": []
                    },
                    {
                        "slot": 4,
                        "stickers": [
                            "5"
                        ]
                    },
                    {
                        "slot": 5,
                        "stickers": [
                            "3"
                        ]
                    },
                    {
                        "slot": 6,
                        "stickers": []
                    },
                    {
                        "slot": 7,
                        "stickers": []
                    }
                ]
            }
        },
        {
            "user_id": "21204967",
            "session_id": "21204967_1475769245772",
            "timestamp": 1475758968924,
            "sequence_id": 2,
            "section_id": 0,
            "activity_id": 1,
            "activity_kind": "dragdrop",
            "data": {
                "kind": "Input",
                "user_input": [
                    {
                        "slot": 0,
                        "stickers": [
                            "0"
                        ]
                    },
                    {
                        "slot": 1,
                        "stickers": [
                            "3"
                        ]
                    },
                    {
                        "slot": 2,
                        "stickers": [
                            "1",
                            "2"
                        ]
                    }
                ]
            }
        },
        {
            "user_id": "21204967",
            "session_id": "21204967_1475769245772",
            "timestamp": 1475758980694,
            "sequence_id": 2,
            "section_id": 1,
            "activity_id": 0,
            "activity_kind": "dragdrop",
            "data": {
                "kind": "Input",
                "user_input": [
                    {
                        "slot": 0,
                        "stickers": []
                    },
                    {
                        "slot": 1,
                        "stickers": []
                    },
                    {
                        "slot": 2,
                        "stickers": []
                    },
                    {
                        "slot": 3,
                        "stickers": [
                            "0"
                        ]
                    }
                ]
            }
        },
        {
            "user_id": "21204967",
            "session_id": "21204967_1475769245772",
            "timestamp": 1475759075192,
            "sequence_id": 2,
            "section_id": 1,
            "activity_id": 1,
            "activity_kind": "curvetest",
            "data": {
                "kind": "Input",
                "user_input": [
                    0.5333333333333333,
                    0.6846153846153846,
                    0.7923076923076923,
                    0.9,
                    1,
                    1,
                    1
                ]
            }
        },
        {
            "user_id": "21204967",
            "session_id": "21204967_1475769245772",
            "timestamp": 1475759196457,
            "sequence_id": 2,
            "section_id": 2,
            "activity_id": 0,
            "activity_kind": "planif",
            "data": {
                "kind": "Input",
                "user_input": {
                    "protocol": [
                        "-36",
                        "72",
                        "12"
                    ],
                    "temoincheck": false,
                    "culture": [
                        {
                            "condition": "- glucose",
                            "time": "0"
                        },
                        {
                            "condition": "- sérum",
                            "time": "0"
                        }
                    ],
                    "temoin": []
                }
            }
        },
        {
            "user_id": "21204967",
            "session_id": "21204967_1475769245772",
            "timestamp": 1475759227671,
            "sequence_id": 2,
            "section_id": 2,
            "activity_id": 0,
            "activity_kind": "planif",
            "data": {
                "kind": "Input",
                "user_input": {
                    "protocol": [
                        "-36",
                        "72",
                        "12"
                    ],
                    "temoincheck": true,
                    "culture": [
                        {
                            "condition": "- sérum",
                            "time": "0"
                        }
                    ],
                    "temoin": [
                        {
                            "condition": "+ sérum",
                            "time": "0"
                        }
                    ]
                }
            }
        },
        {
            "user_id": "21204967",
            "session_id": "21204967_1475769245772",
            "timestamp": 1475759275541,
            "sequence_id": 2,
            "section_id": 2,
            "activity_id": 1,
            "activity_kind": "dragdrop",
            "data": {
                "kind": "Input",
                "user_input": [
                    {
                        "slot": 0,
                        "stickers": [
                            "11"
                        ]
                    }
                ]
            }
        },
        {
            "user_id": "21204967",
            "session_id": "21204967_1475769245772",
            "timestamp": 1475759280548,
            "sequence_id": 2,
            "section_id": 2,
            "activity_id": 1,
            "activity_kind": "dragdrop",
            "data": {
                "kind": "Input",
                "user_input": [
                    {
                        "slot": 0,
                        "stickers": [
                            "9"
                        ]
                    }
                ]
            }
        },
        {
            "user_id": "21204967",
            "session_id": "21204967_1475769245772",
            "timestamp": 1475759332688,
            "sequence_id": 2,
            "section_id": 2,
            "activity_id": 1,
            "activity_kind": "dragdrop",
            "data": {
                "kind": "Input",
                "user_input": [
                    {
                        "slot": 0,
                        "stickers": [
                            "7"
                        ]
                    }
                ]
            }
        },
        {
            "user_id": "21204967",
            "session_id": "21204967_1475769245772",
            "timestamp": 1475759769353,
            "sequence_id": 2,
            "section_id": 2,
            "activity_id": 5,
            "activity_kind": "doublepipette",
            "data": {
                "kind": "Input",
                "user_input": [
                    3.016666666666667,
                    0.004972375690607734,
                    18.1,
                    3,
                    0.1,
                    21
                ]
            }
        },
        {
            "user_id": "21204967",
            "session_id": "21204967_1475769245772",
            "timestamp": 1475759911207,
            "sequence_id": 2,
            "section_id": 2,
            "activity_id": 5,
            "activity_kind": "doublepipette",
            "data": {
                "kind": "Input",
                "user_input": [
                    3,
                    0.005,
                    18,
                    3,
                    0.1,
                    21
                ]
            }
        },
        {
            "user_id": "21204967",
            "session_id": "21204967_1475769245772",
            "timestamp": 1475759950527,
            "sequence_id": 2,
            "section_id": 4,
            "activity_id": 0,
            "activity_kind": "dragdrop",
            "data": {
                "kind": "Input",
                "user_input": [
                    {
                        "slot": 0,
                        "stickers": [
                            "0"
                        ]
                    },
                    {
                        "slot": 1,
                        "stickers": [
                            "1"
                        ]
                    },
                    {
                        "slot": 2,
                        "stickers": [
                            "2"
                        ]
                    },
                    {
                        "slot": 3,
                        "stickers": [
                            "3"
                        ]
                    },
                    {
                        "slot": 4,
                        "stickers": [
                            "4"
                        ]
                    }
                ]
            }
        },
        {
            "user_id": "21204967",
            "session_id": "21204967_1475769245772",
            "timestamp": 1475759954295,
            "sequence_id": 2,
            "section_id": 4,
            "activity_id": 1,
            "activity_kind": "dragdrop",
            "data": {
                "kind": "Input",
                "user_input": [
                    {
                        "slot": 0,
                        "stickers": []
                    },
                    {
                        "slot": 1,
                        "stickers": []
                    },
                    {
                        "slot": 2,
                        "stickers": []
                    },
                    {
                        "slot": 3,
                        "stickers": [
                            "0"
                        ]
                    }
                ]
            }
        },
        {
            "user_id": "21204967",
            "session_id": "21204967_1475769245772",
            "timestamp": 1475759965244,
            "sequence_id": 2,
            "section_id": 4,
            "activity_id": 2,
            "activity_kind": "curvestar",
            "data": {
                "kind": "Input",
                "user_input": [
                    0.5333333333333333,
                    0.6846153846153846,
                    0.7923076923076923,
                    0.9,
                    1,
                    1,
                    1
                ]
            }
        },
        {
            "user_id": "21204967",
            "session_id": "21204967_1475769245772",
            "timestamp": 1475759976906,
            "sequence_id": 2,
            "section_id": 4,
            "activity_id": 2,
            "activity_kind": "curvestar",
            "data": {
                "kind": "Input",
                "user_input": [
                    0.5487179487179488,
                    0.6846153846153846,
                    0.7923076923076923,
                    0.9,
                    1,
                    1,
                    1
                ]
            }
        },
        {
            "user_id": "21204967",
            "session_id": "21204967_1475769245772",
            "timestamp": 1475759981378,
            "sequence_id": 2,
            "section_id": 4,
            "activity_id": 2,
            "activity_kind": "curvestar",
            "data": {
                "kind": "Input",
                "user_input": [
                    0.5487179487179488,
                    0.6538461538461539,
                    0.7923076923076923,
                    0.9,
                    1,
                    1,
                    1
                ]
            }
        },
        {
            "user_id": "21204967",
            "session_id": "21204967_1475769245772",
            "timestamp": 1475759986964,
            "sequence_id": 2,
            "section_id": 4,
            "activity_id": 2,
            "activity_kind": "curvestar",
            "data": {
                "kind": "Input",
                "user_input": [
                    0.5487179487179488,
                    0.6538461538461539,
                    0.6025641025641025,
                    0.9,
                    1,
                    1,
                    1
                ]
            }
        },
        {
            "user_id": "21204967",
            "session_id": "21204967_1475769245772",
            "timestamp": 1475759988866,
            "sequence_id": 2,
            "section_id": 4,
            "activity_id": 2,
            "activity_kind": "curvestar",
            "data": {
                "kind": "Input",
                "user_input": [
                    0.5487179487179488,
                    0.5948717948717949,
                    0.6025641025641025,
                    0.9,
                    1,
                    1,
                    1
                ]
            }
        },
        {
            "user_id": "21204967",
            "session_id": "21204967_1475769245772",
            "timestamp": 1475759991977,
            "sequence_id": 2,
            "section_id": 4,
            "activity_id": 2,
            "activity_kind": "curvestar",
            "data": {
                "kind": "Input",
                "user_input": [
                    0.5487179487179488,
                    0.5846153846153846,
                    0.6025641025641025,
                    0.9,
                    1,
                    1,
                    1
                ]
            }
        },
        {
            "user_id": "21204967",
            "session_id": "21204967_1475769245772",
            "timestamp": 1475759996873,
            "sequence_id": 2,
            "section_id": 4,
            "activity_id": 2,
            "activity_kind": "curvestar",
            "data": {
                "kind": "Input",
                "user_input": [
                    0.5487179487179488,
                    0.5846153846153846,
                    0.6025641025641025,
                    0.9,
                    0.8615384615384616,
                    1,
                    1
                ]
            }
        },
        {
            "user_id": "21204967",
            "session_id": "21204967_1475769245772",
            "timestamp": 1475759998464,
            "sequence_id": 2,
            "section_id": 4,
            "activity_id": 2,
            "activity_kind": "curvestar",
            "data": {
                "kind": "Input",
                "user_input": [
                    0.5487179487179488,
                    0.5846153846153846,
                    0.6025641025641025,
                    0.9,
                    0.8615384615384616,
                    1,
                    1
                ]
            }
        },
        {
            "user_id": "21204967",
            "session_id": "21204967_1475769245772",
            "timestamp": 1475759999448,
            "sequence_id": 2,
            "section_id": 4,
            "activity_id": 2,
            "activity_kind": "curvestar",
            "data": {
                "kind": "Input",
                "user_input": [
                    0.5487179487179488,
                    0.5846153846153846,
                    0.6025641025641025,
                    0.9,
                    0.8615384615384616,
                    1,
                    1
                ]
            }
        },
        {
            "user_id": "21204967",
            "session_id": "21204967_1475769245772",
            "timestamp": 1475760000024,
            "sequence_id": 2,
            "section_id": 4,
            "activity_id": 2,
            "activity_kind": "curvestar",
            "data": {
                "kind": "Input",
                "user_input": [
                    0.5487179487179488,
                    0.5846153846153846,
                    0.6025641025641025,
                    0.9,
                    0.8615384615384616,
                    1,
                    1
                ]
            }
        },
        {
            "user_id": "21204967",
            "session_id": "21204967_1475769245772",
            "timestamp": 1475760000288,
            "sequence_id": 2,
            "section_id": 4,
            "activity_id": 2,
            "activity_kind": "curvestar",
            "data": {
                "kind": "Input",
                "user_input": [
                    0.5487179487179488,
                    0.5846153846153846,
                    0.6025641025641025,
                    0.9,
                    0.8615384615384616,
                    1,
                    1
                ]
            }
        },
        {
            "user_id": "21204967",
            "session_id": "21204967_1475769245772",
            "timestamp": 1475760000888,
            "sequence_id": 2,
            "section_id": 4,
            "activity_id": 2,
            "activity_kind": "curvestar",
            "data": {
                "kind": "Input",
                "user_input": [
                    0.5487179487179488,
                    0.5846153846153846,
                    0.6025641025641025,
                    0.9,
                    0.8615384615384616,
                    1,
                    1
                ]
            }
        },
        {
            "user_id": "21204967",
            "session_id": "21204967_1475769245772",
            "timestamp": 1475760040766,
            "sequence_id": 2,
            "section_id": 5,
            "activity_id": 0,
            "activity_kind": "synthesis",
            "data": {
                "kind": "Input",
                "user_input": [
                    "prolifération",
                    "facteurs de croissance",
                    "le point de restriction",
                    "G1",
                    "synchronisées",
                    "G0"
                ]
            }
        }
    ]
}