{
    "inputs": [
        {
            "user_id": "21307124",
            "session_id": "21307124_1475250655413",
            "timestamp": 1475237938486,
            "sequence_id": 1,
            "section_id": 0,
            "activity_id": 0,
            "activity_kind": "dragdrop",
            "data": {
                "kind": "Input",
                "user_input": [
                    {
                        "slot": 0,
                        "stickers": [
                            "0"
                        ]
                    },
                    {
                        "slot": 1,
                        "stickers": [
                            "1"
                        ]
                    },
                    {
                        "slot": 2,
                        "stickers": [
                            "2"
                        ]
                    },
                    {
                        "slot": 3,
                        "stickers": [
                            "3"
                        ]
                    },
                    {
                        "slot": 4,
                        "stickers": [
                            "4"
                        ]
                    },
                    {
                        "slot": 5,
                        "stickers": [
                            "9"
                        ]
                    },
                    {
                        "slot": 6,
                        "stickers": [
                            "12"
                        ]
                    },
                    {
                        "slot": 7,
                        "stickers": [
                            "10"
                        ]
                    },
                    {
                        "slot": 8,
                        "stickers": [
                            "11"
                        ]
                    }
                ]
            }
        },
        {
            "user_id": "21307124",
            "session_id": "21307124_1475250655413",
            "timestamp": 1475238122939,
            "sequence_id": 1,
            "section_id": 1,
            "activity_id": 0,
            "activity_kind": "dragdrop",
            "data": {
                "kind": "Input",
                "user_input": [
                    {
                        "slot": 0,
                        "stickers": [
                            "4"
                        ]
                    },
                    {
                        "slot": 1,
                        "stickers": [
                            "2"
                        ]
                    },
                    {
                        "slot": 2,
                        "stickers": [
                            "2"
                        ]
                    },
                    {
                        "slot": 3,
                        "stickers": [
                            "0"
                        ]
                    }
                ]
            }
        },
        {
            "user_id": "21307124",
            "session_id": "21307124_1475250655413",
            "timestamp": 1475238244828,
            "sequence_id": 1,
            "section_id": 1,
            "activity_id": 1,
            "activity_kind": "curvetest",
            "data": {
                "kind": "Input",
                "user_input": [
                    979.5918367346939,
                    1500,
                    2020.408163265306,
                    3015.3061224489797,
                    3979.591836734694,
                    6000
                ]
            }
        },
        {
            "user_id": "21307124",
            "session_id": "21307124_1475250655413",
            "timestamp": 1475238642241,
            "sequence_id": 1,
            "section_id": 2,
            "activity_id": 2,
            "activity_kind": "counttest",
            "data": {
                "kind": "Input",
                "user_input": [
                    14,
                    8,
                    11,
                    10
                ]
            }
        },
        {
            "user_id": "21307124",
            "session_id": "21307124_1475250655413",
            "timestamp": 1475238665536,
            "sequence_id": 1,
            "section_id": 2,
            "activity_id": 2,
            "activity_kind": "counttest",
            "data": {
                "kind": "Input",
                "user_input": [
                    10,
                    8,
                    10,
                    10
                ]
            }
        },
        {
            "user_id": "21307124",
            "session_id": "21307124_1475250655413",
            "timestamp": 1475238667832,
            "sequence_id": 1,
            "section_id": 2,
            "activity_id": 2,
            "activity_kind": "counttest",
            "data": {
                "kind": "Input",
                "user_input": [
                    10,
                    8,
                    9,
                    10
                ]
            }
        },
        {
            "user_id": "21307124",
            "session_id": "21307124_1475250655413",
            "timestamp": 1475239319377,
            "sequence_id": 1,
            "section_id": 2,
            "activity_id": 3,
            "activity_kind": "input",
            "data": {
                "kind": "Input",
                "user_input": "1150000"
            }
        },
        {
            "user_id": "21307124",
            "session_id": "21307124_1475250655413",
            "timestamp": 1475240328440,
            "sequence_id": 1,
            "section_id": 2,
            "activity_id": 5,
            "activity_kind": "pipette",
            "data": {
                "kind": "Input",
                "user_input": [
                    199682,
                    3,
                    0.1,
                    33
                ]
            }
        },
        {
            "user_id": "21307124",
            "session_id": "21307124_1475250655413",
            "timestamp": 1475240525577,
            "sequence_id": 1,
            "section_id": 4,
            "activity_id": 0,
            "activity_kind": "dragdrop",
            "data": {
                "kind": "Input",
                "user_input": [
                    {
                        "slot": 0,
                        "stickers": [
                            "4"
                        ]
                    },
                    {
                        "slot": 1,
                        "stickers": [
                            "0"
                        ]
                    },
                    {
                        "slot": 2,
                        "stickers": [
                            "1"
                        ]
                    },
                    {
                        "slot": 3,
                        "stickers": [
                            "2"
                        ]
                    },
                    {
                        "slot": 4,
                        "stickers": [
                            "5"
                        ]
                    },
                    {
                        "slot": 5,
                        "stickers": [
                            "3"
                        ]
                    }
                ]
            }
        },
        {
            "user_id": "21307124",
            "session_id": "21307124_1475250655413",
            "timestamp": 1475240578745,
            "sequence_id": 1,
            "section_id": 4,
            "activity_id": 1,
            "activity_kind": "curvestar",
            "data": {
                "kind": "Input",
                "user_input": [
                    979.5918367346939,
                    1500,
                    2020.408163265306,
                    3015.3061224489797,
                    3979.591836734694,
                    6000
                ]
            }
        },
        {
            "user_id": "21307124",
            "session_id": "21307124_1475250655413",
            "timestamp": 1475240583780,
            "sequence_id": 1,
            "section_id": 4,
            "activity_id": 1,
            "activity_kind": "curvestar",
            "data": {
                "kind": "Input",
                "user_input": [
                    979.5918367346939,
                    1025.5102040816325,
                    2020.408163265306,
                    3015.3061224489797,
                    3979.591836734694,
                    6000
                ]
            }
        },
        {
            "user_id": "21307124",
            "session_id": "21307124_1475250655413",
            "timestamp": 1475240585076,
            "sequence_id": 1,
            "section_id": 4,
            "activity_id": 1,
            "activity_kind": "curvestar",
            "data": {
                "kind": "Input",
                "user_input": [
                    979.5918367346939,
                    994.8979591836735,
                    2020.408163265306,
                    3015.3061224489797,
                    3979.591836734694,
                    6000
                ]
            }
        },
        {
            "user_id": "21307124",
            "session_id": "21307124_1475250655413",
            "timestamp": 1475240588860,
            "sequence_id": 1,
            "section_id": 4,
            "activity_id": 1,
            "activity_kind": "curvestar",
            "data": {
                "kind": "Input",
                "user_input": [
                    979.5918367346939,
                    994.8979591836735,
                    2020.408163265306,
                    3015.3061224489797,
                    3979.591836734694,
                    4010.204081632653
                ]
            }
        },
        {
            "user_id": "21307124",
            "session_id": "21307124_1475250655413",
            "timestamp": 1475240591084,
            "sequence_id": 1,
            "section_id": 4,
            "activity_id": 1,
            "activity_kind": "curvestar",
            "data": {
                "kind": "Input",
                "user_input": [
                    979.5918367346939,
                    994.8979591836735,
                    2020.408163265306,
                    3015.3061224489797,
                    3030.612244897959,
                    4010.204081632653
                ]
            }
        },
        {
            "user_id": "21307124",
            "session_id": "21307124_1475250655413",
            "timestamp": 1475240593115,
            "sequence_id": 1,
            "section_id": 4,
            "activity_id": 1,
            "activity_kind": "curvestar",
            "data": {
                "kind": "Input",
                "user_input": [
                    979.5918367346939,
                    994.8979591836735,
                    2020.408163265306,
                    3015.3061224489797,
                    3030.612244897959,
                    3045.918367346939
                ]
            }
        },
        {
            "user_id": "21307124",
            "session_id": "21307124_1475250655413",
            "timestamp": 1475240594859,
            "sequence_id": 1,
            "section_id": 4,
            "activity_id": 1,
            "activity_kind": "curvestar",
            "data": {
                "kind": "Input",
                "user_input": [
                    979.5918367346939,
                    994.8979591836735,
                    2020.408163265306,
                    3015.3061224489797,
                    3030.612244897959,
                    3000
                ]
            }
        },
        {
            "user_id": "21307124",
            "session_id": "21307124_1475250655413",
            "timestamp": 1475240596819,
            "sequence_id": 1,
            "section_id": 4,
            "activity_id": 1,
            "activity_kind": "curvestar",
            "data": {
                "kind": "Input",
                "user_input": [
                    979.5918367346939,
                    994.8979591836735,
                    2020.408163265306,
                    3015.3061224489797,
                    3030.612244897959,
                    3015.3061224489797
                ]
            }
        },
        {
            "user_id": "21307124",
            "session_id": "21307124_1475250655413",
            "timestamp": 1475240598211,
            "sequence_id": 1,
            "section_id": 4,
            "activity_id": 1,
            "activity_kind": "curvestar",
            "data": {
                "kind": "Input",
                "user_input": [
                    979.5918367346939,
                    994.8979591836735,
                    2020.408163265306,
                    3015.3061224489797,
                    2969.387755102041,
                    3015.3061224489797
                ]
            }
        },
        {
            "user_id": "21307124",
            "session_id": "21307124_1475250655413",
            "timestamp": 1475240599827,
            "sequence_id": 1,
            "section_id": 4,
            "activity_id": 1,
            "activity_kind": "curvestar",
            "data": {
                "kind": "Input",
                "user_input": [
                    979.5918367346939,
                    994.8979591836735,
                    2020.408163265306,
                    2877.5510204081634,
                    2969.387755102041,
                    3015.3061224489797
                ]
            }
        },
        {
            "user_id": "21307124",
            "session_id": "21307124_1475250655413",
            "timestamp": 1475240602635,
            "sequence_id": 1,
            "section_id": 4,
            "activity_id": 1,
            "activity_kind": "curvestar",
            "data": {
                "kind": "Input",
                "user_input": [
                    979.5918367346939,
                    994.8979591836735,
                    1836.734693877551,
                    2877.5510204081634,
                    2969.387755102041,
                    3015.3061224489797
                ]
            }
        },
        {
            "user_id": "21307124",
            "session_id": "21307124_1475250655413",
            "timestamp": 1475240603963,
            "sequence_id": 1,
            "section_id": 4,
            "activity_id": 1,
            "activity_kind": "curvestar",
            "data": {
                "kind": "Input",
                "user_input": [
                    979.5918367346939,
                    994.8979591836735,
                    1714.2857142857142,
                    2877.5510204081634,
                    2969.387755102041,
                    3015.3061224489797
                ]
            }
        },
        {
            "user_id": "21307124",
            "session_id": "21307124_1475250655413",
            "timestamp": 1475240605314,
            "sequence_id": 1,
            "section_id": 4,
            "activity_id": 1,
            "activity_kind": "curvestar",
            "data": {
                "kind": "Input",
                "user_input": [
                    979.5918367346939,
                    994.8979591836735,
                    1714.2857142857142,
                    2571.4285714285716,
                    2969.387755102041,
                    3015.3061224489797
                ]
            }
        },
        {
            "user_id": "21307124",
            "session_id": "21307124_1475250655413",
            "timestamp": 1475240606714,
            "sequence_id": 1,
            "section_id": 4,
            "activity_id": 1,
            "activity_kind": "curvestar",
            "data": {
                "kind": "Input",
                "user_input": [
                    979.5918367346939,
                    994.8979591836735,
                    1714.2857142857142,
                    2571.4285714285716,
                    2586.734693877551,
                    3015.3061224489797
                ]
            }
        },
        {
            "user_id": "21307124",
            "session_id": "21307124_1475250655413",
            "timestamp": 1475240608475,
            "sequence_id": 1,
            "section_id": 4,
            "activity_id": 1,
            "activity_kind": "curvestar",
            "data": {
                "kind": "Input",
                "user_input": [
                    979.5918367346939,
                    994.8979591836735,
                    1714.2857142857142,
                    2571.4285714285716,
                    2586.734693877551,
                    2556.122448979592
                ]
            }
        },
        {
            "user_id": "21307124",
            "session_id": "21307124_1475250655413",
            "timestamp": 1475240610722,
            "sequence_id": 1,
            "section_id": 4,
            "activity_id": 1,
            "activity_kind": "curvestar",
            "data": {
                "kind": "Input",
                "user_input": [
                    979.5918367346939,
                    994.8979591836735,
                    1714.2857142857142,
                    2571.4285714285716,
                    2586.734693877551,
                    2892.8571428571427
                ]
            }
        },
        {
            "user_id": "21307124",
            "session_id": "21307124_1475250655413",
            "timestamp": 1475240611842,
            "sequence_id": 1,
            "section_id": 4,
            "activity_id": 1,
            "activity_kind": "curvestar",
            "data": {
                "kind": "Input",
                "user_input": [
                    979.5918367346939,
                    994.8979591836735,
                    1714.2857142857142,
                    2571.4285714285716,
                    2586.734693877551,
                    2892.8571428571427
                ]
            }
        },
        {
            "user_id": "21307124",
            "session_id": "21307124_1475250655413",
            "timestamp": 1475240612467,
            "sequence_id": 1,
            "section_id": 4,
            "activity_id": 1,
            "activity_kind": "curvestar",
            "data": {
                "kind": "Input",
                "user_input": [
                    979.5918367346939,
                    994.8979591836735,
                    1714.2857142857142,
                    2571.4285714285716,
                    2586.734693877551,
                    3000
                ]
            }
        },
        {
            "user_id": "21307124",
            "session_id": "21307124_1475250655413",
            "timestamp": 1475240614282,
            "sequence_id": 1,
            "section_id": 4,
            "activity_id": 1,
            "activity_kind": "curvestar",
            "data": {
                "kind": "Input",
                "user_input": [
                    979.5918367346939,
                    994.8979591836735,
                    1714.2857142857142,
                    2571.4285714285716,
                    2755.1020408163263,
                    3000
                ]
            }
        },
        {
            "user_id": "21307124",
            "session_id": "21307124_1475250655413",
            "timestamp": 1475240616050,
            "sequence_id": 1,
            "section_id": 4,
            "activity_id": 1,
            "activity_kind": "curvestar",
            "data": {
                "kind": "Input",
                "user_input": [
                    979.5918367346939,
                    994.8979591836735,
                    1714.2857142857142,
                    2709.1836734693875,
                    2755.1020408163263,
                    3000
                ]
            }
        },
        {
            "user_id": "21307124",
            "session_id": "21307124_1475250655413",
            "timestamp": 1475240617882,
            "sequence_id": 1,
            "section_id": 4,
            "activity_id": 1,
            "activity_kind": "curvestar",
            "data": {
                "kind": "Input",
                "user_input": [
                    979.5918367346939,
                    994.8979591836735,
                    1714.2857142857142,
                    2617.3469387755104,
                    2755.1020408163263,
                    3000
                ]
            }
        },
        {
            "user_id": "21307124",
            "session_id": "21307124_1475250655413",
            "timestamp": 1475240619362,
            "sequence_id": 1,
            "section_id": 4,
            "activity_id": 1,
            "activity_kind": "curvestar",
            "data": {
                "kind": "Input",
                "user_input": [
                    979.5918367346939,
                    994.8979591836735,
                    1714.2857142857142,
                    2617.3469387755104,
                    2785.714285714286,
                    3000
                ]
            }
        },
        {
            "user_id": "21307124",
            "session_id": "21307124_1475250655413",
            "timestamp": 1475240621033,
            "sequence_id": 1,
            "section_id": 4,
            "activity_id": 1,
            "activity_kind": "curvestar",
            "data": {
                "kind": "Input",
                "user_input": [
                    979.5918367346939,
                    994.8979591836735,
                    1714.2857142857142,
                    2617.3469387755104,
                    2816.326530612245,
                    3000
                ]
            }
        },
        {
            "user_id": "21307124",
            "session_id": "21307124_1475250655413",
            "timestamp": 1475240622385,
            "sequence_id": 1,
            "section_id": 4,
            "activity_id": 1,
            "activity_kind": "curvestar",
            "data": {
                "kind": "Input",
                "user_input": [
                    979.5918367346939,
                    994.8979591836735,
                    1714.2857142857142,
                    2617.3469387755104,
                    2816.326530612245,
                    2908.1632653061224
                ]
            }
        },
        {
            "user_id": "21307124",
            "session_id": "21307124_1475250655413",
            "timestamp": 1475240623241,
            "sequence_id": 1,
            "section_id": 4,
            "activity_id": 1,
            "activity_kind": "curvestar",
            "data": {
                "kind": "Input",
                "user_input": [
                    979.5918367346939,
                    994.8979591836735,
                    1714.2857142857142,
                    2617.3469387755104,
                    2816.326530612245,
                    2908.1632653061224
                ]
            }
        },
        {
            "user_id": "21307124",
            "session_id": "21307124_1475250655413",
            "timestamp": 1475240629225,
            "sequence_id": 1,
            "section_id": 4,
            "activity_id": 1,
            "activity_kind": "curvestar",
            "data": {
                "kind": "Input",
                "user_input": [
                    979.5918367346939,
                    994.8979591836735,
                    1469.3877551020407,
                    2617.3469387755104,
                    2816.326530612245,
                    2908.1632653061224
                ]
            }
        },
        {
            "user_id": "21307124",
            "session_id": "21307124_1475250655413",
            "timestamp": 1475240631129,
            "sequence_id": 1,
            "section_id": 4,
            "activity_id": 1,
            "activity_kind": "curvestar",
            "data": {
                "kind": "Input",
                "user_input": [
                    979.5918367346939,
                    994.8979591836735,
                    1469.3877551020407,
                    2081.6326530612246,
                    2816.326530612245,
                    2908.1632653061224
                ]
            }
        },
        {
            "user_id": "21307124",
            "session_id": "21307124_1475250655413",
            "timestamp": 1475240631936,
            "sequence_id": 1,
            "section_id": 4,
            "activity_id": 1,
            "activity_kind": "curvestar",
            "data": {
                "kind": "Input",
                "user_input": [
                    979.5918367346939,
                    994.8979591836735,
                    1469.3877551020407,
                    2081.6326530612246,
                    2816.326530612245,
                    2908.1632653061224
                ]
            }
        },
        {
            "user_id": "21307124",
            "session_id": "21307124_1475250655413",
            "timestamp": 1475240632712,
            "sequence_id": 1,
            "section_id": 4,
            "activity_id": 1,
            "activity_kind": "curvestar",
            "data": {
                "kind": "Input",
                "user_input": [
                    979.5918367346939,
                    994.8979591836735,
                    1469.3877551020407,
                    2081.6326530612246,
                    2816.326530612245,
                    2908.1632653061224
                ]
            }
        },
        {
            "user_id": "21307124",
            "session_id": "21307124_1475250655413",
            "timestamp": 1475240633640,
            "sequence_id": 1,
            "section_id": 4,
            "activity_id": 1,
            "activity_kind": "curvestar",
            "data": {
                "kind": "Input",
                "user_input": [
                    979.5918367346939,
                    994.8979591836735,
                    1469.3877551020407,
                    2081.6326530612246,
                    2816.326530612245,
                    2908.1632653061224
                ]
            }
        },
        {
            "user_id": "21307124",
            "session_id": "21307124_1475250655413",
            "timestamp": 1475240634248,
            "sequence_id": 1,
            "section_id": 4,
            "activity_id": 1,
            "activity_kind": "curvestar",
            "data": {
                "kind": "Input",
                "user_input": [
                    979.5918367346939,
                    994.8979591836735,
                    1469.3877551020407,
                    2081.6326530612246,
                    2816.326530612245,
                    2908.1632653061224
                ]
            }
        },
        {
            "user_id": "21307124",
            "session_id": "21307124_1475250655413",
            "timestamp": 1475240637608,
            "sequence_id": 1,
            "section_id": 4,
            "activity_id": 1,
            "activity_kind": "curvestar",
            "data": {
                "kind": "Input",
                "user_input": [
                    979.5918367346939,
                    994.8979591836735,
                    1469.3877551020407,
                    2081.6326530612246,
                    2816.326530612245,
                    2908.1632653061224
                ]
            }
        },
        {
            "user_id": "21307124",
            "session_id": "21307124_1475250655413",
            "timestamp": 1475240649247,
            "sequence_id": 1,
            "section_id": 4,
            "activity_id": 1,
            "activity_kind": "curvestar",
            "data": {
                "kind": "Input",
                "user_input": [
                    979.5918367346939,
                    994.8979591836735,
                    1469.3877551020407,
                    2081.6326530612246,
                    2816.326530612245,
                    2908.1632653061224
                ]
            }
        },
        {
            "user_id": "21307124",
            "session_id": "21307124_1475250655413",
            "timestamp": 1475240649607,
            "sequence_id": 1,
            "section_id": 4,
            "activity_id": 1,
            "activity_kind": "curvestar",
            "data": {
                "kind": "Input",
                "user_input": [
                    979.5918367346939,
                    994.8979591836735,
                    1469.3877551020407,
                    2081.6326530612246,
                    2816.326530612245,
                    2908.1632653061224
                ]
            }
        },
        {
            "user_id": "21307124",
            "session_id": "21307124_1475250655413",
            "timestamp": 1475240649879,
            "sequence_id": 1,
            "section_id": 4,
            "activity_id": 1,
            "activity_kind": "curvestar",
            "data": {
                "kind": "Input",
                "user_input": [
                    979.5918367346939,
                    994.8979591836735,
                    1469.3877551020407,
                    2081.6326530612246,
                    2816.326530612245,
                    2908.1632653061224
                ]
            }
        },
        {
            "user_id": "21307124",
            "session_id": "21307124_1475250655413",
            "timestamp": 1475240650095,
            "sequence_id": 1,
            "section_id": 4,
            "activity_id": 1,
            "activity_kind": "curvestar",
            "data": {
                "kind": "Input",
                "user_input": [
                    979.5918367346939,
                    994.8979591836735,
                    1469.3877551020407,
                    2081.6326530612246,
                    2816.326530612245,
                    2908.1632653061224
                ]
            }
        },
        {
            "user_id": "21307124",
            "session_id": "21307124_1475250655413",
            "timestamp": 1475240650287,
            "sequence_id": 1,
            "section_id": 4,
            "activity_id": 1,
            "activity_kind": "curvestar",
            "data": {
                "kind": "Input",
                "user_input": [
                    979.5918367346939,
                    994.8979591836735,
                    1469.3877551020407,
                    2081.6326530612246,
                    2816.326530612245,
                    2908.1632653061224
                ]
            }
        },
        {
            "user_id": "21307124",
            "session_id": "21307124_1475250655413",
            "timestamp": 1475240650479,
            "sequence_id": 1,
            "section_id": 4,
            "activity_id": 1,
            "activity_kind": "curvestar",
            "data": {
                "kind": "Input",
                "user_input": [
                    979.5918367346939,
                    994.8979591836735,
                    1469.3877551020407,
                    2081.6326530612246,
                    2816.326530612245,
                    2908.1632653061224
                ]
            }
        },
        {
            "user_id": "21307124",
            "session_id": "21307124_1475250655413",
            "timestamp": 1475240650759,
            "sequence_id": 1,
            "section_id": 4,
            "activity_id": 1,
            "activity_kind": "curvestar",
            "data": {
                "kind": "Input",
                "user_input": [
                    979.5918367346939,
                    994.8979591836735,
                    1469.3877551020407,
                    2081.6326530612246,
                    2816.326530612245,
                    2908.1632653061224
                ]
            }
        },
        {
            "user_id": "21307124",
            "session_id": "21307124_1475250655413",
            "timestamp": 1475240651279,
            "sequence_id": 1,
            "section_id": 4,
            "activity_id": 1,
            "activity_kind": "curvestar",
            "data": {
                "kind": "Input",
                "user_input": [
                    979.5918367346939,
                    994.8979591836735,
                    1469.3877551020407,
                    2081.6326530612246,
                    2816.326530612245,
                    2908.1632653061224
                ]
            }
        },
        {
            "user_id": "21307124",
            "session_id": "21307124_1475250655413",
            "timestamp": 1475240681703,
            "sequence_id": 1,
            "section_id": 4,
            "activity_id": 2,
            "activity_kind": "dragdrop",
            "data": {
                "kind": "Input",
                "user_input": [
                    {
                        "slot": 0,
                        "stickers": [
                            "3"
                        ]
                    },
                    {
                        "slot": 1,
                        "stickers": [
                            "4"
                        ]
                    },
                    {
                        "slot": 2,
                        "stickers": [
                            "2"
                        ]
                    }
                ]
            }
        },
        {
            "user_id": "21307124",
            "session_id": "21307124_1475250655413",
            "timestamp": 1475240692580,
            "sequence_id": 1,
            "section_id": 4,
            "activity_id": 3,
            "activity_kind": "dragdrop",
            "data": {
                "kind": "Input",
                "user_input": [
                    {
                        "slot": 0,
                        "stickers": [
                            "4"
                        ]
                    },
                    {
                        "slot": 1,
                        "stickers": [
                            "2"
                        ]
                    },
                    {
                        "slot": 2,
                        "stickers": [
                            "2"
                        ]
                    },
                    {
                        "slot": 3,
                        "stickers": [
                            "0"
                        ]
                    }
                ]
            }
        },
        {
            "user_id": "21307124",
            "session_id": "21307124_1475250655413",
            "timestamp": 1475240816022,
            "sequence_id": 1,
            "section_id": 5,
            "activity_id": 0,
            "activity_kind": "synthesis",
            "data": {
                "kind": "Input",
                "user_input": [
                    "latence",
                    "exponentielle",
                    "la courbe de croissance",
                    "une phase stationnaire",
                    "l'inhibition de contact",
                    "asynchrone",
                    "le profil de cytométrie de flux",
                    "G1",
                    "ordonnées",
                    "G1, S, G2, M"
                ]
            }
        },
        {
            "user_id": "21307124",
            "session_id": "21307124_1475250655413",
            "timestamp": 1475241076080,
            "sequence_id": 2,
            "section_id": 0,
            "activity_id": 0,
            "activity_kind": "dragdrop",
            "data": {
                "kind": "Input",
                "user_input": [
                    {
                        "slot": 0,
                        "stickers": [
                            "0"
                        ]
                    },
                    {
                        "slot": 1,
                        "stickers": [
                            "2"
                        ]
                    },
                    {
                        "slot": 2,
                        "stickers": [
                            "1"
                        ]
                    },
                    {
                        "slot": 3,
                        "stickers": [
                            "6"
                        ]
                    },
                    {
                        "slot": 4,
                        "stickers": [
                            "2"
                        ]
                    },
                    {
                        "slot": 5,
                        "stickers": [
                            "3"
                        ]
                    },
                    {
                        "slot": 6,
                        "stickers": [
                            "2"
                        ]
                    },
                    {
                        "slot": 7,
                        "stickers": [
                            "4"
                        ]
                    }
                ]
            }
        },
        {
            "user_id": "21307124",
            "session_id": "21307124_1475250655413",
            "timestamp": 1475241138659,
            "sequence_id": 2,
            "section_id": 0,
            "activity_id": 0,
            "activity_kind": "dragdrop",
            "data": {
                "kind": "Input",
                "user_input": [
                    {
                        "slot": 0,
                        "stickers": []
                    },
                    {
                        "slot": 1,
                        "stickers": [
                            "2"
                        ]
                    },
                    {
                        "slot": 2,
                        "stickers": [
                            "1"
                        ]
                    },
                    {
                        "slot": 3,
                        "stickers": []
                    },
                    {
                        "slot": 4,
                        "stickers": [
                            "0"
                        ]
                    },
                    {
                        "slot": 5,
                        "stickers": [
                            "3"
                        ]
                    },
                    {
                        "slot": 6,
                        "stickers": []
                    },
                    {
                        "slot": 7,
                        "stickers": []
                    }
                ]
            }
        },
        {
            "user_id": "21307124",
            "session_id": "21307124_1475250655413",
            "timestamp": 1475241183465,
            "sequence_id": 2,
            "section_id": 0,
            "activity_id": 1,
            "activity_kind": "dragdrop",
            "data": {
                "kind": "Input",
                "user_input": [
                    {
                        "slot": 0,
                        "stickers": [
                            "0"
                        ]
                    },
                    {
                        "slot": 1,
                        "stickers": [
                            "3"
                        ]
                    },
                    {
                        "slot": 2,
                        "stickers": [
                            "2",
                            "1"
                        ]
                    }
                ]
            }
        },
        {
            "user_id": "21307124",
            "session_id": "21307124_1475250655413",
            "timestamp": 1475241216947,
            "sequence_id": 2,
            "section_id": 1,
            "activity_id": 0,
            "activity_kind": "dragdrop",
            "data": {
                "kind": "Input",
                "user_input": [
                    {
                        "slot": 0,
                        "stickers": []
                    },
                    {
                        "slot": 1,
                        "stickers": []
                    },
                    {
                        "slot": 2,
                        "stickers": []
                    },
                    {
                        "slot": 3,
                        "stickers": [
                            "0"
                        ]
                    }
                ]
            }
        },
        {
            "user_id": "21307124",
            "session_id": "21307124_1475250655413",
            "timestamp": 1475241391013,
            "sequence_id": 2,
            "section_id": 1,
            "activity_id": 1,
            "activity_kind": "curvetest",
            "data": {
                "kind": "Input",
                "user_input": [
                    0.5641025641025641,
                    0.558974358974359,
                    0.5897435897435898,
                    0.6333333333333333,
                    0.6410256410256411,
                    0.6333333333333333,
                    0.6333333333333333
                ]
            }
        },
        {
            "user_id": "21307124",
            "session_id": "21307124_1475250655413",
            "timestamp": 1475241560110,
            "sequence_id": 2,
            "section_id": 2,
            "activity_id": 0,
            "activity_kind": "planif",
            "data": {
                "kind": "Input",
                "user_input": {
                    "protocol": [
                        "-36",
                        "84",
                        "12"
                    ],
                    "temoincheck": true,
                    "culture": [
                        {
                            "condition": "- sérum",
                            "time": "0"
                        }
                    ],
                    "temoin": [
                        {
                            "condition": "+ sérum",
                            "time": "0"
                        }
                    ]
                }
            }
        },
        {
            "user_id": "21307124",
            "session_id": "21307124_1475250655413",
            "timestamp": 1475241565030,
            "sequence_id": 2,
            "section_id": 2,
            "activity_id": 0,
            "activity_kind": "planif",
            "data": {
                "kind": "Input",
                "user_input": {
                    "protocol": [
                        "-36",
                        "72",
                        "12"
                    ],
                    "temoincheck": true,
                    "culture": [
                        {
                            "condition": "- sérum",
                            "time": "0"
                        }
                    ],
                    "temoin": [
                        {
                            "condition": "+ sérum",
                            "time": "0"
                        }
                    ]
                }
            }
        },
        {
            "user_id": "21307124",
            "session_id": "21307124_1475250655413",
            "timestamp": 1475241593557,
            "sequence_id": 2,
            "section_id": 2,
            "activity_id": 1,
            "activity_kind": "dragdrop",
            "data": {
                "kind": "Input",
                "user_input": [
                    {
                        "slot": 0,
                        "stickers": [
                            "13"
                        ]
                    }
                ]
            }
        },
        {
            "user_id": "21307124",
            "session_id": "21307124_1475250655413",
            "timestamp": 1475241602316,
            "sequence_id": 2,
            "section_id": 2,
            "activity_id": 1,
            "activity_kind": "dragdrop",
            "data": {
                "kind": "Input",
                "user_input": [
                    {
                        "slot": 0,
                        "stickers": [
                            "12"
                        ]
                    }
                ]
            }
        },
        {
            "user_id": "21307124",
            "session_id": "21307124_1475250655413",
            "timestamp": 1475241731044,
            "sequence_id": 2,
            "section_id": 2,
            "activity_id": 1,
            "activity_kind": "dragdrop",
            "data": {
                "kind": "Input",
                "user_input": [
                    {
                        "slot": 0,
                        "stickers": [
                            "8"
                        ]
                    }
                ]
            }
        },
        {
            "user_id": "21307124",
            "session_id": "21307124_1475250655413",
            "timestamp": 1475242554701,
            "sequence_id": 2,
            "section_id": 2,
            "activity_id": 5,
            "activity_kind": "doublepipette",
            "data": {
                "kind": "Input",
                "user_input": [
                    3,
                    0.005,
                    18,
                    3,
                    0.1,
                    21
                ]
            }
        },
        {
            "user_id": "21307124",
            "session_id": "21307124_1475250655413",
            "timestamp": 1475242752408,
            "sequence_id": 2,
            "section_id": 4,
            "activity_id": 0,
            "activity_kind": "dragdrop",
            "data": {
                "kind": "Input",
                "user_input": [
                    {
                        "slot": 0,
                        "stickers": [
                            "0"
                        ]
                    },
                    {
                        "slot": 1,
                        "stickers": [
                            "1"
                        ]
                    },
                    {
                        "slot": 2,
                        "stickers": [
                            "2"
                        ]
                    },
                    {
                        "slot": 3,
                        "stickers": [
                            "3"
                        ]
                    },
                    {
                        "slot": 4,
                        "stickers": [
                            "4"
                        ]
                    }
                ]
            }
        },
        {
            "user_id": "21307124",
            "session_id": "21307124_1475250655413",
            "timestamp": 1475242761322,
            "sequence_id": 2,
            "section_id": 4,
            "activity_id": 1,
            "activity_kind": "dragdrop",
            "data": {
                "kind": "Input",
                "user_input": [
                    {
                        "slot": 0,
                        "stickers": []
                    },
                    {
                        "slot": 1,
                        "stickers": []
                    },
                    {
                        "slot": 2,
                        "stickers": []
                    },
                    {
                        "slot": 3,
                        "stickers": [
                            "0"
                        ]
                    }
                ]
            }
        },
        {
            "user_id": "21307124",
            "session_id": "21307124_1475250655413",
            "timestamp": 1475242821264,
            "sequence_id": 2,
            "section_id": 4,
            "activity_id": 2,
            "activity_kind": "curvestar",
            "data": {
                "kind": "Input",
                "user_input": [
                    0.5641025641025641,
                    0.558974358974359,
                    0.5897435897435898,
                    0.6333333333333333,
                    0.6410256410256411,
                    0.6333333333333333,
                    0.6333333333333333
                ]
            }
        },
        {
            "user_id": "21307124",
            "session_id": "21307124_1475250655413",
            "timestamp": 1475242828179,
            "sequence_id": 2,
            "section_id": 4,
            "activity_id": 2,
            "activity_kind": "curvestar",
            "data": {
                "kind": "Input",
                "user_input": [
                    0.5641025641025641,
                    0.5948717948717949,
                    0.5897435897435898,
                    0.6333333333333333,
                    0.6410256410256411,
                    0.6333333333333333,
                    0.6333333333333333
                ]
            }
        },
        {
            "user_id": "21307124",
            "session_id": "21307124_1475250655413",
            "timestamp": 1475242832618,
            "sequence_id": 2,
            "section_id": 4,
            "activity_id": 2,
            "activity_kind": "curvestar",
            "data": {
                "kind": "Input",
                "user_input": [
                    0.5641025641025641,
                    0.5948717948717949,
                    0.6666666666666666,
                    0.6333333333333333,
                    0.6410256410256411,
                    0.6333333333333333,
                    0.6333333333333333
                ]
            }
        },
        {
            "user_id": "21307124",
            "session_id": "21307124_1475250655413",
            "timestamp": 1475242834298,
            "sequence_id": 2,
            "section_id": 4,
            "activity_id": 2,
            "activity_kind": "curvestar",
            "data": {
                "kind": "Input",
                "user_input": [
                    0.5641025641025641,
                    0.5948717948717949,
                    0.6666666666666666,
                    0.7153846153846154,
                    0.6410256410256411,
                    0.6333333333333333,
                    0.6333333333333333
                ]
            }
        },
        {
            "user_id": "21307124",
            "session_id": "21307124_1475250655413",
            "timestamp": 1475242841073,
            "sequence_id": 2,
            "section_id": 4,
            "activity_id": 2,
            "activity_kind": "curvestar",
            "data": {
                "kind": "Input",
                "user_input": [
                    0.5641025641025641,
                    0.5948717948717949,
                    0.6666666666666666,
                    0.7153846153846154,
                    0.8692307692307693,
                    0.6333333333333333,
                    0.6333333333333333
                ]
            }
        },
        {
            "user_id": "21307124",
            "session_id": "21307124_1475250655413",
            "timestamp": 1475242843169,
            "sequence_id": 2,
            "section_id": 4,
            "activity_id": 2,
            "activity_kind": "curvestar",
            "data": {
                "kind": "Input",
                "user_input": [
                    0.5641025641025641,
                    0.5948717948717949,
                    0.6666666666666666,
                    0.7153846153846154,
                    0.8692307692307693,
                    0.6333333333333333,
                    0.6333333333333333
                ]
            }
        },
        {
            "user_id": "21307124",
            "session_id": "21307124_1475250655413",
            "timestamp": 1475242844339,
            "sequence_id": 2,
            "section_id": 4,
            "activity_id": 2,
            "activity_kind": "curvestar",
            "data": {
                "kind": "Input",
                "user_input": [
                    0.5641025641025641,
                    0.5948717948717949,
                    0.6666666666666666,
                    0.7153846153846154,
                    0.8692307692307693,
                    0.6333333333333333,
                    0.6333333333333333
                ]
            }
        },
        {
            "user_id": "21307124",
            "session_id": "21307124_1475250655413",
            "timestamp": 1475242849801,
            "sequence_id": 2,
            "section_id": 4,
            "activity_id": 2,
            "activity_kind": "curvestar",
            "data": {
                "kind": "Input",
                "user_input": [
                    0.5641025641025641,
                    0.5948717948717949,
                    0.6666666666666666,
                    0.7153846153846154,
                    0.8692307692307693,
                    0.6333333333333333,
                    0.9923076923076923
                ]
            }
        },
        {
            "user_id": "21307124",
            "session_id": "21307124_1475250655413",
            "timestamp": 1475242854800,
            "sequence_id": 2,
            "section_id": 4,
            "activity_id": 2,
            "activity_kind": "curvestar",
            "data": {
                "kind": "Input",
                "user_input": [
                    0.5641025641025641,
                    0.5948717948717949,
                    0.6666666666666666,
                    0.7153846153846154,
                    0.8692307692307693,
                    0.9307692307692308,
                    0.9923076923076923
                ]
            }
        },
        {
            "user_id": "21307124",
            "session_id": "21307124_1475250655413",
            "timestamp": 1475242929276,
            "sequence_id": 2,
            "section_id": 5,
            "activity_id": 0,
            "activity_kind": "synthesis",
            "data": {
                "kind": "Input",
                "user_input": [
                    "prolifération",
                    "facteurs de croissance",
                    "le point de restriction",
                    "G1",
                    "synchronisées",
                    "G0"
                ]
            }
        }
    ]
}