{
    "inputs": [
        {
            "user_id": "21303792",
            "session_id": "21303792_1474648180478",
            "timestamp": 1474635345025,
            "sequence_id": 2,
            "section_id": 0,
            "activity_id": 0,
            "activity_kind": "dragdrop",
            "data": {
                "kind": "Input",
                "user_input": [
                    {
                        "slot": 0,
                        "stickers": [
                            "4"
                        ]
                    },
                    {
                        "slot": 1,
                        "stickers": [
                            "2"
                        ]
                    },
                    {
                        "slot": 2,
                        "stickers": [
                            "1"
                        ]
                    },
                    {
                        "slot": 3,
                        "stickers": [
                            "6"
                        ]
                    },
                    {
                        "slot": 4,
                        "stickers": [
                            "5"
                        ]
                    },
                    {
                        "slot": 5,
                        "stickers": [
                            "0"
                        ]
                    },
                    {
                        "slot": 6,
                        "stickers": [
                            "2"
                        ]
                    },
                    {
                        "slot": 7,
                        "stickers": [
                            "2"
                        ]
                    }
                ]
            }
        },
        {
            "user_id": "21303792",
            "session_id": "21303792_1474648180478",
            "timestamp": 1474635373208,
            "sequence_id": 2,
            "section_id": 0,
            "activity_id": 0,
            "activity_kind": "dragdrop",
            "data": {
                "kind": "Input",
                "user_input": [
                    {
                        "slot": 0,
                        "stickers": [
                            "0"
                        ]
                    },
                    {
                        "slot": 1,
                        "stickers": [
                            "2"
                        ]
                    },
                    {
                        "slot": 2,
                        "stickers": [
                            "1"
                        ]
                    },
                    {
                        "slot": 3,
                        "stickers": [
                            "5"
                        ]
                    },
                    {
                        "slot": 4,
                        "stickers": [
                            "4"
                        ]
                    },
                    {
                        "slot": 5,
                        "stickers": [
                            "2"
                        ]
                    },
                    {
                        "slot": 6,
                        "stickers": [
                            "6"
                        ]
                    },
                    {
                        "slot": 7,
                        "stickers": [
                            "4"
                        ]
                    }
                ]
            }
        },
        {
            "user_id": "21303792",
            "session_id": "21303792_1474648180478",
            "timestamp": 1474635386062,
            "sequence_id": 2,
            "section_id": 0,
            "activity_id": 0,
            "activity_kind": "dragdrop",
            "data": {
                "kind": "Input",
                "user_input": [
                    {
                        "slot": 0,
                        "stickers": [
                            "0"
                        ]
                    },
                    {
                        "slot": 1,
                        "stickers": [
                            "2"
                        ]
                    },
                    {
                        "slot": 2,
                        "stickers": [
                            "1"
                        ]
                    },
                    {
                        "slot": 3,
                        "stickers": [
                            "5"
                        ]
                    },
                    {
                        "slot": 4,
                        "stickers": [
                            "4"
                        ]
                    },
                    {
                        "slot": 5,
                        "stickers": [
                            "4"
                        ]
                    },
                    {
                        "slot": 6,
                        "stickers": [
                            "2"
                        ]
                    },
                    {
                        "slot": 7,
                        "stickers": [
                            "4"
                        ]
                    }
                ]
            }
        },
        {
            "user_id": "21303792",
            "session_id": "21303792_1474648180478",
            "timestamp": 1474635462522,
            "sequence_id": 2,
            "section_id": 0,
            "activity_id": 1,
            "activity_kind": "dragdrop",
            "data": {
                "kind": "Input",
                "user_input": [
                    {
                        "slot": 0,
                        "stickers": [
                            "0"
                        ]
                    },
                    {
                        "slot": 1,
                        "stickers": [
                            "2"
                        ]
                    },
                    {
                        "slot": 2,
                        "stickers": [
                            "3",
                            "1"
                        ]
                    }
                ]
            }
        },
        {
            "user_id": "21303792",
            "session_id": "21303792_1474648180478",
            "timestamp": 1474635466538,
            "sequence_id": 2,
            "section_id": 0,
            "activity_id": 1,
            "activity_kind": "dragdrop",
            "data": {
                "kind": "Input",
                "user_input": [
                    {
                        "slot": 0,
                        "stickers": [
                            "0"
                        ]
                    },
                    {
                        "slot": 1,
                        "stickers": [
                            "3"
                        ]
                    },
                    {
                        "slot": 2,
                        "stickers": [
                            "1",
                            "2"
                        ]
                    }
                ]
            }
        },
        {
            "user_id": "21303792",
            "session_id": "21303792_1474648180478",
            "timestamp": 1474635516994,
            "sequence_id": 2,
            "section_id": 1,
            "activity_id": 0,
            "activity_kind": "dragdrop",
            "data": {
                "kind": "Input",
                "user_input": [
                    {
                        "slot": 0,
                        "stickers": []
                    },
                    {
                        "slot": 1,
                        "stickers": []
                    },
                    {
                        "slot": 2,
                        "stickers": [
                            "0"
                        ]
                    },
                    {
                        "slot": 3,
                        "stickers": []
                    }
                ]
            }
        },
        {
            "user_id": "21303792",
            "session_id": "21303792_1474648180478",
            "timestamp": 1474635540543,
            "sequence_id": 2,
            "section_id": 1,
            "activity_id": 1,
            "activity_kind": "curvetest",
            "data": {
                "kind": "Input",
                "user_input": [
                    0.29743589743589743,
                    0.29743589743589743,
                    0.44358974358974357,
                    0.5487179487179488,
                    0.6205128205128205,
                    0.8256410256410256,
                    0.941025641025641
                ]
            }
        },
        {
            "user_id": "21303792",
            "session_id": "21303792_1474648180478",
            "timestamp": 1474635549068,
            "sequence_id": 2,
            "section_id": 2,
            "activity_id": 0,
            "activity_kind": "planif",
            "data": {
                "kind": "Input",
                "user_input": {
                    "protocol": [
                        "-36",
                        "132",
                        "24"
                    ],
                    "temoincheck": false,
                    "culture": [],
                    "temoin": []
                }
            }
        },
        {
            "user_id": "21303792",
            "session_id": "21303792_1474648180478",
            "timestamp": 1474635583698,
            "sequence_id": 2,
            "section_id": 2,
            "activity_id": 0,
            "activity_kind": "planif",
            "data": {
                "kind": "Input",
                "user_input": {
                    "protocol": [
                        "-36",
                        "72",
                        "6"
                    ],
                    "temoincheck": true,
                    "culture": [
                        {
                            "condition": "- oxygène",
                            "time": "0"
                        }
                    ],
                    "temoin": [
                        {
                            "condition": "+ glucose",
                            "time": "0"
                        }
                    ]
                }
            }
        },
        {
            "user_id": "21303792",
            "session_id": "21303792_1474648180478",
            "timestamp": 1474635585250,
            "sequence_id": 2,
            "section_id": 2,
            "activity_id": 0,
            "activity_kind": "planif",
            "data": {
                "kind": "Input",
                "user_input": {
                    "protocol": [
                        "-36",
                        "72",
                        "6"
                    ],
                    "temoincheck": true,
                    "culture": [
                        {
                            "condition": "- oxygène",
                            "time": "0"
                        }
                    ],
                    "temoin": [
                        {
                            "condition": "+ glucose",
                            "time": "0"
                        }
                    ]
                }
            }
        },
        {
            "user_id": "21303792",
            "session_id": "21303792_1474648180478",
            "timestamp": 1474635721763,
            "sequence_id": 2,
            "section_id": 2,
            "activity_id": 1,
            "activity_kind": "dragdrop",
            "data": {
                "kind": "Input",
                "user_input": [
                    {
                        "slot": 0,
                        "stickers": [
                            "1"
                        ]
                    }
                ]
            }
        },
        {
            "user_id": "21303792",
            "session_id": "21303792_1474648180478",
            "timestamp": 1474635728074,
            "sequence_id": 2,
            "section_id": 2,
            "activity_id": 1,
            "activity_kind": "dragdrop",
            "data": {
                "kind": "Input",
                "user_input": [
                    {
                        "slot": 0,
                        "stickers": [
                            "5"
                        ]
                    }
                ]
            }
        },
        {
            "user_id": "21303792",
            "session_id": "21303792_1474648180478",
            "timestamp": 1474635732962,
            "sequence_id": 2,
            "section_id": 2,
            "activity_id": 1,
            "activity_kind": "dragdrop",
            "data": {
                "kind": "Input",
                "user_input": [
                    {
                        "slot": 0,
                        "stickers": [
                            "7"
                        ]
                    }
                ]
            }
        },
        {
            "user_id": "21303792",
            "session_id": "21303792_1474648180478",
            "timestamp": 1474635776471,
            "sequence_id": 2,
            "section_id": 2,
            "activity_id": 5,
            "activity_kind": "doublepipette",
            "data": {
                "kind": "Input",
                "user_input": [
                    0,
                    0,
                    0,
                    0,
                    0,
                    0
                ]
            }
        },
        {
            "user_id": "21303792",
            "session_id": "21303792_1474648180478",
            "timestamp": 1474635776630,
            "sequence_id": 2,
            "section_id": 2,
            "activity_id": 5,
            "activity_kind": "doublepipette",
            "data": {
                "kind": "Input",
                "user_input": [
                    0,
                    0,
                    0,
                    0,
                    0,
                    0
                ]
            }
        },
        {
            "user_id": "21303792",
            "session_id": "21303792_1474648180478",
            "timestamp": 1474635776870,
            "sequence_id": 2,
            "section_id": 2,
            "activity_id": 5,
            "activity_kind": "doublepipette",
            "data": {
                "kind": "Input",
                "user_input": [
                    0,
                    0,
                    0,
                    0,
                    0,
                    0
                ]
            }
        },
        {
            "user_id": "21303792",
            "session_id": "21303792_1474648180478",
            "timestamp": 1474636200935,
            "sequence_id": 2,
            "section_id": 4,
            "activity_id": 0,
            "activity_kind": "dragdrop",
            "data": {
                "kind": "Input",
                "user_input": [
                    {
                        "slot": 0,
                        "stickers": [
                            "3"
                        ]
                    },
                    {
                        "slot": 1,
                        "stickers": [
                            "2"
                        ]
                    },
                    {
                        "slot": 2,
                        "stickers": [
                            "1"
                        ]
                    },
                    {
                        "slot": 3,
                        "stickers": [
                            "0"
                        ]
                    },
                    {
                        "slot": 4,
                        "stickers": [
                            "7"
                        ]
                    }
                ]
            }
        },
        {
            "user_id": "21303792",
            "session_id": "21303792_1474648180478",
            "timestamp": 1474636211086,
            "sequence_id": 2,
            "section_id": 4,
            "activity_id": 0,
            "activity_kind": "dragdrop",
            "data": {
                "kind": "Input",
                "user_input": [
                    {
                        "slot": 0,
                        "stickers": [
                            "0"
                        ]
                    },
                    {
                        "slot": 1,
                        "stickers": [
                            "1"
                        ]
                    },
                    {
                        "slot": 2,
                        "stickers": [
                            "2"
                        ]
                    },
                    {
                        "slot": 3,
                        "stickers": [
                            "3"
                        ]
                    },
                    {
                        "slot": 4,
                        "stickers": [
                            "6"
                        ]
                    }
                ]
            }
        },
        {
            "user_id": "21303792",
            "session_id": "21303792_1474648180478",
            "timestamp": 1474636221918,
            "sequence_id": 2,
            "section_id": 4,
            "activity_id": 0,
            "activity_kind": "dragdrop",
            "data": {
                "kind": "Input",
                "user_input": [
                    {
                        "slot": 0,
                        "stickers": [
                            "0"
                        ]
                    },
                    {
                        "slot": 1,
                        "stickers": [
                            "1"
                        ]
                    },
                    {
                        "slot": 2,
                        "stickers": [
                            "2"
                        ]
                    },
                    {
                        "slot": 3,
                        "stickers": [
                            "3"
                        ]
                    },
                    {
                        "slot": 4,
                        "stickers": [
                            "4"
                        ]
                    }
                ]
            }
        },
        {
            "user_id": "21303792",
            "session_id": "21303792_1474648180478",
            "timestamp": 1474636265141,
            "sequence_id": 2,
            "section_id": 4,
            "activity_id": 1,
            "activity_kind": "dragdrop",
            "data": {
                "kind": "Input",
                "user_input": [
                    {
                        "slot": 0,
                        "stickers": []
                    },
                    {
                        "slot": 1,
                        "stickers": []
                    },
                    {
                        "slot": 2,
                        "stickers": [
                            "0"
                        ]
                    },
                    {
                        "slot": 3,
                        "stickers": []
                    }
                ]
            }
        },
        {
            "user_id": "21303792",
            "session_id": "21303792_1474648180478",
            "timestamp": 1474636362914,
            "sequence_id": 2,
            "section_id": 4,
            "activity_id": 1,
            "activity_kind": "dragdrop",
            "data": {
                "kind": "Input",
                "user_input": [
                    {
                        "slot": 0,
                        "stickers": []
                    },
                    {
                        "slot": 1,
                        "stickers": []
                    },
                    {
                        "slot": 2,
                        "stickers": [
                            "0"
                        ]
                    },
                    {
                        "slot": 3,
                        "stickers": []
                    }
                ]
            }
        },
        {
            "user_id": "21303792",
            "session_id": "21303792_1474648180478",
            "timestamp": 1474636362918,
            "sequence_id": 2,
            "section_id": 4,
            "activity_id": 1,
            "activity_kind": "dragdrop",
            "data": {
                "kind": "Input",
                "user_input": [
                    {
                        "slot": 0,
                        "stickers": []
                    },
                    {
                        "slot": 1,
                        "stickers": []
                    },
                    {
                        "slot": 2,
                        "stickers": []
                    },
                    {
                        "slot": 3,
                        "stickers": [
                            "0"
                        ]
                    }
                ]
            }
        },
        {
            "user_id": "21303792",
            "session_id": "21303792_1474648180478",
            "timestamp": 1474636434421,
            "sequence_id": 2,
            "section_id": 4,
            "activity_id": 2,
            "activity_kind": "curvestar",
            "data": {
                "kind": "Input",
                "user_input": [
                    0.29743589743589743,
                    0.29743589743589743,
                    0.44358974358974357,
                    0.5487179487179488,
                    0.6205128205128205,
                    0.8256410256410256,
                    0.941025641025641
                ]
            }
        },
        {
            "user_id": "21303792",
            "session_id": "21303792_1474648180478",
            "timestamp": 1474636445200,
            "sequence_id": 2,
            "section_id": 4,
            "activity_id": 2,
            "activity_kind": "curvestar",
            "data": {
                "kind": "Input",
                "user_input": [
                    0.5615384615384615,
                    0.29743589743589743,
                    0.44358974358974357,
                    0.5487179487179488,
                    0.6205128205128205,
                    0.8256410256410256,
                    0.941025641025641
                ]
            }
        },
        {
            "user_id": "21303792",
            "session_id": "21303792_1474648180478",
            "timestamp": 1474636447879,
            "sequence_id": 2,
            "section_id": 4,
            "activity_id": 2,
            "activity_kind": "curvestar",
            "data": {
                "kind": "Input",
                "user_input": [
                    0.5615384615384615,
                    0.5692307692307692,
                    0.44358974358974357,
                    0.5487179487179488,
                    0.6205128205128205,
                    0.8256410256410256,
                    0.941025641025641
                ]
            }
        },
        {
            "user_id": "21303792",
            "session_id": "21303792_1474648180478",
            "timestamp": 1474636450751,
            "sequence_id": 2,
            "section_id": 4,
            "activity_id": 2,
            "activity_kind": "curvestar",
            "data": {
                "kind": "Input",
                "user_input": [
                    0.5615384615384615,
                    0.5692307692307692,
                    0.5974358974358974,
                    0.5487179487179488,
                    0.6205128205128205,
                    0.8256410256410256,
                    0.941025641025641
                ]
            }
        },
        {
            "user_id": "21303792",
            "session_id": "21303792_1474648180478",
            "timestamp": 1474636458399,
            "sequence_id": 2,
            "section_id": 4,
            "activity_id": 2,
            "activity_kind": "curvestar",
            "data": {
                "kind": "Input",
                "user_input": [
                    0.5615384615384615,
                    0.5692307692307692,
                    0.5974358974358974,
                    0.5487179487179488,
                    0.8641025641025641,
                    0.8256410256410256,
                    0.941025641025641
                ]
            }
        },
        {
            "user_id": "21303792",
            "session_id": "21303792_1474648180478",
            "timestamp": 1474636459831,
            "sequence_id": 2,
            "section_id": 4,
            "activity_id": 2,
            "activity_kind": "curvestar",
            "data": {
                "kind": "Input",
                "user_input": [
                    0.5615384615384615,
                    0.5692307692307692,
                    0.5974358974358974,
                    0.6846153846153846,
                    0.8641025641025641,
                    0.8256410256410256,
                    0.941025641025641
                ]
            }
        },
        {
            "user_id": "21303792",
            "session_id": "21303792_1474648180478",
            "timestamp": 1474636461774,
            "sequence_id": 2,
            "section_id": 4,
            "activity_id": 2,
            "activity_kind": "curvestar",
            "data": {
                "kind": "Input",
                "user_input": [
                    0.5615384615384615,
                    0.5692307692307692,
                    0.5974358974358974,
                    0.6846153846153846,
                    0.8641025641025641,
                    0.8256410256410256,
                    0.941025641025641
                ]
            }
        },
        {
            "user_id": "21303792",
            "session_id": "21303792_1474648180478",
            "timestamp": 1474636462590,
            "sequence_id": 2,
            "section_id": 4,
            "activity_id": 2,
            "activity_kind": "curvestar",
            "data": {
                "kind": "Input",
                "user_input": [
                    0.5615384615384615,
                    0.5692307692307692,
                    0.5974358974358974,
                    0.6846153846153846,
                    0.8641025641025641,
                    0.8256410256410256,
                    0.941025641025641
                ]
            }
        },
        {
            "user_id": "21303792",
            "session_id": "21303792_1474648180478",
            "timestamp": 1474636463670,
            "sequence_id": 2,
            "section_id": 4,
            "activity_id": 2,
            "activity_kind": "curvestar",
            "data": {
                "kind": "Input",
                "user_input": [
                    0.5615384615384615,
                    0.5692307692307692,
                    0.5974358974358974,
                    0.6846153846153846,
                    0.8641025641025641,
                    0.9076923076923077,
                    0.941025641025641
                ]
            }
        },
        {
            "user_id": "21303792",
            "session_id": "21303792_1474648180478",
            "timestamp": 1474636532067,
            "sequence_id": 2,
            "section_id": 5,
            "activity_id": 0,
            "activity_kind": "synthesis",
            "data": {
                "kind": "Input",
                "user_input": [
                    "prolifération",
                    "facteurs de croissance",
                    "G1/S",
                    "G1",
                    "désynchronisées",
                    "G0"
                ]
            }
        },
        {
            "user_id": "21303792",
            "session_id": "21303792_1474648180478",
            "timestamp": 1474636536707,
            "sequence_id": 2,
            "section_id": 5,
            "activity_id": 0,
            "activity_kind": "synthesis",
            "data": {
                "kind": "Input",
                "user_input": [
                    "prolifération",
                    "facteurs de croissance",
                    "le point de restriction",
                    "G1",
                    "synchronisées",
                    "G0"
                ]
            }
        }
    ]
}