{
    "inputs": [
        {
            "user_id": "21302782",
            "session_id": "21302782_1474646041522",
            "timestamp": 1474633256530,
            "sequence_id": 1,
            "section_id": 0,
            "activity_id": 0,
            "activity_kind": "dragdrop",
            "data": {
                "kind": "Input",
                "user_input": [
                    {
                        "slot": 0,
                        "stickers": [
                            "0"
                        ]
                    },
                    {
                        "slot": 1,
                        "stickers": [
                            "1"
                        ]
                    },
                    {
                        "slot": 2,
                        "stickers": [
                            "2"
                        ]
                    },
                    {
                        "slot": 3,
                        "stickers": [
                            "3"
                        ]
                    },
                    {
                        "slot": 4,
                        "stickers": [
                            "4"
                        ]
                    },
                    {
                        "slot": 5,
                        "stickers": [
                            "9"
                        ]
                    },
                    {
                        "slot": 6,
                        "stickers": [
                            "12"
                        ]
                    },
                    {
                        "slot": 7,
                        "stickers": [
                            "10"
                        ]
                    },
                    {
                        "slot": 8,
                        "stickers": [
                            "11"
                        ]
                    }
                ]
            }
        },
        {
            "user_id": "21302782",
            "session_id": "21302782_1474646041522",
            "timestamp": 1474633578302,
            "sequence_id": 1,
            "section_id": 1,
            "activity_id": 0,
            "activity_kind": "dragdrop",
            "data": {
                "kind": "Input",
                "user_input": [
                    {
                        "slot": 0,
                        "stickers": [
                            "3"
                        ]
                    },
                    {
                        "slot": 1,
                        "stickers": [
                            "2"
                        ]
                    },
                    {
                        "slot": 2,
                        "stickers": [
                            "2"
                        ]
                    },
                    {
                        "slot": 3,
                        "stickers": [
                            "1"
                        ]
                    }
                ]
            }
        },
        {
            "user_id": "21302782",
            "session_id": "21302782_1474646041522",
            "timestamp": 1474633812124,
            "sequence_id": 1,
            "section_id": 1,
            "activity_id": 1,
            "activity_kind": "curvetest",
            "data": {
                "kind": "Input",
                "user_input": [
                    964.2857142857142,
                    1454.0816326530612,
                    1974.4897959183672,
                    3045.918367346939,
                    4040.816326530612,
                    6000
                ]
            }
        },
        {
            "user_id": "21302782",
            "session_id": "21302782_1474646041522",
            "timestamp": 1474634052662,
            "sequence_id": 1,
            "section_id": 2,
            "activity_id": 2,
            "activity_kind": "counttest",
            "data": {
                "kind": "Input",
                "user_input": [
                    12,
                    8,
                    0,
                    0
                ]
            }
        },
        {
            "user_id": "21302782",
            "session_id": "21302782_1474646041522",
            "timestamp": 1474634150419,
            "sequence_id": 1,
            "section_id": 2,
            "activity_id": 2,
            "activity_kind": "counttest",
            "data": {
                "kind": "Input",
                "user_input": [
                    12,
                    8,
                    14,
                    11
                ]
            }
        },
        {
            "user_id": "21302782",
            "session_id": "21302782_1474646041522",
            "timestamp": 1474634170554,
            "sequence_id": 1,
            "section_id": 2,
            "activity_id": 2,
            "activity_kind": "counttest",
            "data": {
                "kind": "Input",
                "user_input": [
                    12,
                    8,
                    11,
                    11
                ]
            }
        },
        {
            "user_id": "21302782",
            "session_id": "21302782_1474646041522",
            "timestamp": 1474634841016,
            "sequence_id": 1,
            "section_id": 2,
            "activity_id": 3,
            "activity_kind": "input",
            "data": {
                "kind": "Input",
                "user_input": "1150000"
            }
        },
        {
            "user_id": "21302782",
            "session_id": "21302782_1474646041522",
            "timestamp": 1474635688967,
            "sequence_id": 1,
            "section_id": 2,
            "activity_id": 5,
            "activity_kind": "pipette",
            "data": {
                "kind": "Input",
                "user_input": [
                    199682,
                    3,
                    0.1,
                    33
                ]
            }
        },
        {
            "user_id": "21302782",
            "session_id": "21302782_1474646041522",
            "timestamp": 1474635752100,
            "sequence_id": 1,
            "section_id": 4,
            "activity_id": 0,
            "activity_kind": "dragdrop",
            "data": {
                "kind": "Input",
                "user_input": [
                    {
                        "slot": 0,
                        "stickers": [
                            "0"
                        ]
                    },
                    {
                        "slot": 1,
                        "stickers": [
                            "4"
                        ]
                    },
                    {
                        "slot": 2,
                        "stickers": [
                            "1"
                        ]
                    },
                    {
                        "slot": 3,
                        "stickers": [
                            "5"
                        ]
                    },
                    {
                        "slot": 4,
                        "stickers": [
                            "3"
                        ]
                    },
                    {
                        "slot": 5,
                        "stickers": [
                            "2"
                        ]
                    }
                ]
            }
        },
        {
            "user_id": "21302782",
            "session_id": "21302782_1474646041522",
            "timestamp": 1474635767564,
            "sequence_id": 1,
            "section_id": 4,
            "activity_id": 0,
            "activity_kind": "dragdrop",
            "data": {
                "kind": "Input",
                "user_input": [
                    {
                        "slot": 0,
                        "stickers": [
                            "0"
                        ]
                    },
                    {
                        "slot": 1,
                        "stickers": [
                            "4"
                        ]
                    },
                    {
                        "slot": 2,
                        "stickers": [
                            "1"
                        ]
                    },
                    {
                        "slot": 3,
                        "stickers": [
                            "2"
                        ]
                    },
                    {
                        "slot": 4,
                        "stickers": [
                            "3"
                        ]
                    },
                    {
                        "slot": 5,
                        "stickers": [
                            "5"
                        ]
                    }
                ]
            }
        },
        {
            "user_id": "21302782",
            "session_id": "21302782_1474646041522",
            "timestamp": 1474635780662,
            "sequence_id": 1,
            "section_id": 4,
            "activity_id": 1,
            "activity_kind": "curvestar",
            "data": {
                "kind": "Input",
                "user_input": [
                    964.2857142857142,
                    1454.0816326530612,
                    1974.4897959183672,
                    3045.918367346939,
                    4040.816326530612,
                    6000
                ]
            }
        },
        {
            "user_id": "21302782",
            "session_id": "21302782_1474646041522",
            "timestamp": 1474635790498,
            "sequence_id": 1,
            "section_id": 4,
            "activity_id": 1,
            "activity_kind": "curvestar",
            "data": {
                "kind": "Input",
                "user_input": [
                    964.2857142857142,
                    1102.0408163265306,
                    1974.4897959183672,
                    3045.918367346939,
                    4040.816326530612,
                    6000
                ]
            }
        },
        {
            "user_id": "21302782",
            "session_id": "21302782_1474646041522",
            "timestamp": 1474635798353,
            "sequence_id": 1,
            "section_id": 4,
            "activity_id": 1,
            "activity_kind": "curvestar",
            "data": {
                "kind": "Input",
                "user_input": [
                    964.2857142857142,
                    1102.0408163265306,
                    1974.4897959183672,
                    2433.673469387755,
                    4040.816326530612,
                    6000
                ]
            }
        },
        {
            "user_id": "21302782",
            "session_id": "21302782_1474646041522",
            "timestamp": 1474635800937,
            "sequence_id": 1,
            "section_id": 4,
            "activity_id": 1,
            "activity_kind": "curvestar",
            "data": {
                "kind": "Input",
                "user_input": [
                    964.2857142857142,
                    1102.0408163265306,
                    1622.4489795918366,
                    2433.673469387755,
                    4040.816326530612,
                    6000
                ]
            }
        },
        {
            "user_id": "21302782",
            "session_id": "21302782_1474646041522",
            "timestamp": 1474635805496,
            "sequence_id": 1,
            "section_id": 4,
            "activity_id": 1,
            "activity_kind": "curvestar",
            "data": {
                "kind": "Input",
                "user_input": [
                    964.2857142857142,
                    1102.0408163265306,
                    1622.4489795918366,
                    2433.673469387755,
                    2693.877551020408,
                    6000
                ]
            }
        },
        {
            "user_id": "21302782",
            "session_id": "21302782_1474646041522",
            "timestamp": 1474635808592,
            "sequence_id": 1,
            "section_id": 4,
            "activity_id": 1,
            "activity_kind": "curvestar",
            "data": {
                "kind": "Input",
                "user_input": [
                    964.2857142857142,
                    1102.0408163265306,
                    1622.4489795918366,
                    2433.673469387755,
                    2693.877551020408,
                    2816.326530612245
                ]
            }
        },
        {
            "user_id": "21302782",
            "session_id": "21302782_1474646041522",
            "timestamp": 1474635811352,
            "sequence_id": 1,
            "section_id": 4,
            "activity_id": 1,
            "activity_kind": "curvestar",
            "data": {
                "kind": "Input",
                "user_input": [
                    964.2857142857142,
                    1102.0408163265306,
                    1622.4489795918366,
                    2433.673469387755,
                    2693.877551020408,
                    2785.714285714286
                ]
            }
        },
        {
            "user_id": "21302782",
            "session_id": "21302782_1474646041522",
            "timestamp": 1474635813488,
            "sequence_id": 1,
            "section_id": 4,
            "activity_id": 1,
            "activity_kind": "curvestar",
            "data": {
                "kind": "Input",
                "user_input": [
                    964.2857142857142,
                    1102.0408163265306,
                    1622.4489795918366,
                    2433.673469387755,
                    2755.1020408163263,
                    2785.714285714286
                ]
            }
        },
        {
            "user_id": "21302782",
            "session_id": "21302782_1474646041522",
            "timestamp": 1474635818704,
            "sequence_id": 1,
            "section_id": 4,
            "activity_id": 1,
            "activity_kind": "curvestar",
            "data": {
                "kind": "Input",
                "user_input": [
                    964.2857142857142,
                    1102.0408163265306,
                    1622.4489795918366,
                    1943.8775510204082,
                    2755.1020408163263,
                    2785.714285714286
                ]
            }
        },
        {
            "user_id": "21302782",
            "session_id": "21302782_1474646041522",
            "timestamp": 1474635821480,
            "sequence_id": 1,
            "section_id": 4,
            "activity_id": 1,
            "activity_kind": "curvestar",
            "data": {
                "kind": "Input",
                "user_input": [
                    964.2857142857142,
                    1102.0408163265306,
                    1622.4489795918366,
                    1943.8775510204082,
                    2984.6938775510203,
                    2785.714285714286
                ]
            }
        },
        {
            "user_id": "21302782",
            "session_id": "21302782_1474646041522",
            "timestamp": 1474635824567,
            "sequence_id": 1,
            "section_id": 4,
            "activity_id": 1,
            "activity_kind": "curvestar",
            "data": {
                "kind": "Input",
                "user_input": [
                    964.2857142857142,
                    1102.0408163265306,
                    1622.4489795918366,
                    1943.8775510204082,
                    2984.6938775510203,
                    2785.714285714286
                ]
            }
        },
        {
            "user_id": "21302782",
            "session_id": "21302782_1474646041522",
            "timestamp": 1474635826406,
            "sequence_id": 1,
            "section_id": 4,
            "activity_id": 1,
            "activity_kind": "curvestar",
            "data": {
                "kind": "Input",
                "user_input": [
                    964.2857142857142,
                    1102.0408163265306,
                    1622.4489795918366,
                    1943.8775510204082,
                    2984.6938775510203,
                    2785.714285714286
                ]
            }
        },
        {
            "user_id": "21302782",
            "session_id": "21302782_1474646041522",
            "timestamp": 1474635846501,
            "sequence_id": 1,
            "section_id": 4,
            "activity_id": 1,
            "activity_kind": "curvestar",
            "data": {
                "kind": "Input",
                "user_input": [
                    964.2857142857142,
                    1102.0408163265306,
                    1622.4489795918366,
                    1943.8775510204082,
                    2984.6938775510203,
                    2785.714285714286
                ]
            }
        },
        {
            "user_id": "21302782",
            "session_id": "21302782_1474646041522",
            "timestamp": 1474635847085,
            "sequence_id": 1,
            "section_id": 4,
            "activity_id": 1,
            "activity_kind": "curvestar",
            "data": {
                "kind": "Input",
                "user_input": [
                    964.2857142857142,
                    1102.0408163265306,
                    1622.4489795918366,
                    1943.8775510204082,
                    2984.6938775510203,
                    2785.714285714286
                ]
            }
        },
        {
            "user_id": "21302782",
            "session_id": "21302782_1474646041522",
            "timestamp": 1474635949507,
            "sequence_id": 1,
            "section_id": 4,
            "activity_id": 2,
            "activity_kind": "dragdrop",
            "data": {
                "kind": "Input",
                "user_input": [
                    {
                        "slot": 0,
                        "stickers": [
                            "3"
                        ]
                    },
                    {
                        "slot": 1,
                        "stickers": [
                            "4"
                        ]
                    },
                    {
                        "slot": 2,
                        "stickers": [
                            "2"
                        ]
                    }
                ]
            }
        },
        {
            "user_id": "21302782",
            "session_id": "21302782_1474646041522",
            "timestamp": 1474635953873,
            "sequence_id": 1,
            "section_id": 4,
            "activity_id": 3,
            "activity_kind": "dragdrop",
            "data": {
                "kind": "Input",
                "user_input": [
                    {
                        "slot": 0,
                        "stickers": [
                            "3"
                        ]
                    },
                    {
                        "slot": 1,
                        "stickers": [
                            "2"
                        ]
                    },
                    {
                        "slot": 2,
                        "stickers": [
                            "2"
                        ]
                    },
                    {
                        "slot": 3,
                        "stickers": [
                            "1"
                        ]
                    }
                ]
            }
        },
        {
            "user_id": "21302782",
            "session_id": "21302782_1474646041522",
            "timestamp": 1474635961614,
            "sequence_id": 1,
            "section_id": 4,
            "activity_id": 3,
            "activity_kind": "dragdrop",
            "data": {
                "kind": "Input",
                "user_input": [
                    {
                        "slot": 0,
                        "stickers": [
                            "3"
                        ]
                    },
                    {
                        "slot": 1,
                        "stickers": [
                            "2"
                        ]
                    },
                    {
                        "slot": 2,
                        "stickers": [
                            "2"
                        ]
                    },
                    {
                        "slot": 3,
                        "stickers": [
                            "1"
                        ]
                    }
                ]
            }
        },
        {
            "user_id": "21302782",
            "session_id": "21302782_1474646041522",
            "timestamp": 1474635961617,
            "sequence_id": 1,
            "section_id": 4,
            "activity_id": 3,
            "activity_kind": "dragdrop",
            "data": {
                "kind": "Input",
                "user_input": [
                    {
                        "slot": 0,
                        "stickers": [
                            "3"
                        ]
                    },
                    {
                        "slot": 1,
                        "stickers": [
                            "2"
                        ]
                    },
                    {
                        "slot": 2,
                        "stickers": [
                            "2"
                        ]
                    },
                    {
                        "slot": 3,
                        "stickers": [
                            "1"
                        ]
                    }
                ]
            }
        },
        {
            "user_id": "21302782",
            "session_id": "21302782_1474646041522",
            "timestamp": 1474635965247,
            "sequence_id": 1,
            "section_id": 4,
            "activity_id": 3,
            "activity_kind": "dragdrop",
            "data": {
                "kind": "Input",
                "user_input": [
                    {
                        "slot": 0,
                        "stickers": [
                            "3"
                        ]
                    },
                    {
                        "slot": 1,
                        "stickers": [
                            "2"
                        ]
                    },
                    {
                        "slot": 2,
                        "stickers": [
                            "2"
                        ]
                    },
                    {
                        "slot": 3,
                        "stickers": [
                            "1"
                        ]
                    }
                ]
            }
        },
        {
            "user_id": "21302782",
            "session_id": "21302782_1474646041522",
            "timestamp": 1474635965252,
            "sequence_id": 1,
            "section_id": 4,
            "activity_id": 3,
            "activity_kind": "dragdrop",
            "data": {
                "kind": "Input",
                "user_input": [
                    {
                        "slot": 0,
                        "stickers": [
                            "3"
                        ]
                    },
                    {
                        "slot": 1,
                        "stickers": [
                            "2"
                        ]
                    },
                    {
                        "slot": 2,
                        "stickers": [
                            "2"
                        ]
                    },
                    {
                        "slot": 3,
                        "stickers": [
                            "0"
                        ]
                    }
                ]
            }
        },
        {
            "user_id": "21302782",
            "session_id": "21302782_1474646041522",
            "timestamp": 1474635970781,
            "sequence_id": 1,
            "section_id": 4,
            "activity_id": 3,
            "activity_kind": "dragdrop",
            "data": {
                "kind": "Input",
                "user_input": [
                    {
                        "slot": 0,
                        "stickers": [
                            "3"
                        ]
                    },
                    {
                        "slot": 1,
                        "stickers": [
                            "2"
                        ]
                    },
                    {
                        "slot": 2,
                        "stickers": [
                            "2"
                        ]
                    },
                    {
                        "slot": 3,
                        "stickers": [
                            "0"
                        ]
                    }
                ]
            }
        },
        {
            "user_id": "21302782",
            "session_id": "21302782_1474646041522",
            "timestamp": 1474635970789,
            "sequence_id": 1,
            "section_id": 4,
            "activity_id": 3,
            "activity_kind": "dragdrop",
            "data": {
                "kind": "Input",
                "user_input": [
                    {
                        "slot": 0,
                        "stickers": [
                            "4"
                        ]
                    },
                    {
                        "slot": 1,
                        "stickers": [
                            "2"
                        ]
                    },
                    {
                        "slot": 2,
                        "stickers": [
                            "2"
                        ]
                    },
                    {
                        "slot": 3,
                        "stickers": [
                            "0"
                        ]
                    }
                ]
            }
        },
        {
            "user_id": "21302782",
            "session_id": "21302782_1474646041522",
            "timestamp": 1474636210231,
            "sequence_id": 1,
            "section_id": 5,
            "activity_id": 0,
            "activity_kind": "synthesis",
            "data": {
                "kind": "Input",
                "user_input": [
                    "latence",
                    "exponentielle",
                    "la courbe de croissance",
                    "une phase stationnaire",
                    "l'inhibition de contact",
                    "synchronisée",
                    "le profil de cytométrie de flux",
                    "G1",
                    "désordonnées",
                    "G1, S, G2, M"
                ]
            }
        },
        {
            "user_id": "21302782",
            "session_id": "21302782_1474646041522",
            "timestamp": 1474636217974,
            "sequence_id": 1,
            "section_id": 5,
            "activity_id": 0,
            "activity_kind": "synthesis",
            "data": {
                "kind": "Input",
                "user_input": [
                    "latence",
                    "exponentielle",
                    "la courbe de croissance",
                    "une phase stationnaire",
                    "l'inhibition de contact",
                    "asynchrone",
                    "le profil de cytométrie de flux",
                    "G1",
                    "ordonnées",
                    "G1, S, G2, M"
                ]
            }
        },
        {
            "user_id": "21302782",
            "session_id": "21302782_1474646041522",
            "timestamp": 1474636350385,
            "sequence_id": 2,
            "section_id": 0,
            "activity_id": 0,
            "activity_kind": "dragdrop",
            "data": {
                "kind": "Input",
                "user_input": [
                    {
                        "slot": 0,
                        "stickers": []
                    },
                    {
                        "slot": 1,
                        "stickers": [
                            "2"
                        ]
                    },
                    {
                        "slot": 2,
                        "stickers": [
                            "1"
                        ]
                    },
                    {
                        "slot": 3,
                        "stickers": []
                    },
                    {
                        "slot": 4,
                        "stickers": [
                            "0"
                        ]
                    },
                    {
                        "slot": 5,
                        "stickers": [
                            "3"
                        ]
                    },
                    {
                        "slot": 6,
                        "stickers": []
                    },
                    {
                        "slot": 7,
                        "stickers": []
                    }
                ]
            }
        },
        {
            "user_id": "21302782",
            "session_id": "21302782_1474646041522",
            "timestamp": 1474636497393,
            "sequence_id": 2,
            "section_id": 0,
            "activity_id": 1,
            "activity_kind": "dragdrop",
            "data": {
                "kind": "Input",
                "user_input": [
                    {
                        "slot": 0,
                        "stickers": [
                            "0",
                            "2"
                        ]
                    },
                    {
                        "slot": 1,
                        "stickers": [
                            "3"
                        ]
                    },
                    {
                        "slot": 2,
                        "stickers": [
                            "1"
                        ]
                    }
                ]
            }
        },
        {
            "user_id": "21302782",
            "session_id": "21302782_1474646041522",
            "timestamp": 1474636550855,
            "sequence_id": 2,
            "section_id": 0,
            "activity_id": 1,
            "activity_kind": "dragdrop",
            "data": {
                "kind": "Input",
                "user_input": [
                    {
                        "slot": 0,
                        "stickers": [
                            "0"
                        ]
                    },
                    {
                        "slot": 1,
                        "stickers": [
                            "3"
                        ]
                    },
                    {
                        "slot": 2,
                        "stickers": [
                            "1"
                        ]
                    }
                ]
            }
        },
        {
            "user_id": "21302782",
            "session_id": "21302782_1474646041522",
            "timestamp": 1474636558054,
            "sequence_id": 2,
            "section_id": 0,
            "activity_id": 1,
            "activity_kind": "dragdrop",
            "data": {
                "kind": "Input",
                "user_input": [
                    {
                        "slot": 0,
                        "stickers": [
                            "0",
                            "2"
                        ]
                    },
                    {
                        "slot": 1,
                        "stickers": [
                            "3"
                        ]
                    },
                    {
                        "slot": 2,
                        "stickers": [
                            "1"
                        ]
                    }
                ]
            }
        },
        {
            "user_id": "21302782",
            "session_id": "21302782_1474646041522",
            "timestamp": 1474636582157,
            "sequence_id": 2,
            "section_id": 1,
            "activity_id": 0,
            "activity_kind": "dragdrop",
            "data": {
                "kind": "Input",
                "user_input": [
                    {
                        "slot": 0,
                        "stickers": []
                    },
                    {
                        "slot": 1,
                        "stickers": []
                    },
                    {
                        "slot": 2,
                        "stickers": []
                    },
                    {
                        "slot": 3,
                        "stickers": [
                            "0"
                        ]
                    }
                ]
            }
        },
        {
            "user_id": "21302782",
            "session_id": "21302782_1474646041522",
            "timestamp": 1474636714874,
            "sequence_id": 2,
            "section_id": 1,
            "activity_id": 1,
            "activity_kind": "curvetest",
            "data": {
                "kind": "Input",
                "user_input": [
                    0.01282051282051282,
                    0.07435897435897436,
                    0.22564102564102564,
                    0.382051282051282,
                    0.4717948717948718,
                    0.5128205128205128,
                    0.5307692307692308
                ]
            }
        },
        {
            "user_id": "21302782",
            "session_id": "21302782_1474646041522",
            "timestamp": 1474636884469,
            "sequence_id": 2,
            "section_id": 2,
            "activity_id": 0,
            "activity_kind": "planif",
            "data": {
                "kind": "Input",
                "user_input": {
                    "protocol": [
                        "-36",
                        "72",
                        "12"
                    ],
                    "temoincheck": true,
                    "culture": [
                        {
                            "condition": "- sérum",
                            "time": "0"
                        }
                    ],
                    "temoin": [
                        {
                            "condition": "+ sérum",
                            "time": "0"
                        }
                    ]
                }
            }
        },
        {
            "user_id": "21302782",
            "session_id": "21302782_1474646041522",
            "timestamp": 1474636927668,
            "sequence_id": 2,
            "section_id": 2,
            "activity_id": 1,
            "activity_kind": "dragdrop",
            "data": {
                "kind": "Input",
                "user_input": [
                    {
                        "slot": 0,
                        "stickers": [
                            "10"
                        ]
                    }
                ]
            }
        },
        {
            "user_id": "21302782",
            "session_id": "21302782_1474646041522",
            "timestamp": 1474636962754,
            "sequence_id": 2,
            "section_id": 2,
            "activity_id": 1,
            "activity_kind": "dragdrop",
            "data": {
                "kind": "Input",
                "user_input": [
                    {
                        "slot": 0,
                        "stickers": [
                            "8"
                        ]
                    }
                ]
            }
        },
        {
            "user_id": "21302782",
            "session_id": "21302782_1474646041522",
            "timestamp": 1474637370190,
            "sequence_id": 2,
            "section_id": 2,
            "activity_id": 5,
            "activity_kind": "doublepipette",
            "data": {
                "kind": "Input",
                "user_input": [
                    3.15,
                    0.04761904761904762,
                    18.9,
                    3.3000000000000003,
                    0.09090909090909091,
                    23.1
                ]
            }
        },
        {
            "user_id": "21302782",
            "session_id": "21302782_1474646041522",
            "timestamp": 1474637373229,
            "sequence_id": 2,
            "section_id": 2,
            "activity_id": 5,
            "activity_kind": "doublepipette",
            "data": {
                "kind": "Input",
                "user_input": [
                    3.15,
                    0.04761904761904762,
                    18.9,
                    3.3000000000000003,
                    0.09090909090909091,
                    23.1
                ]
            }
        },
        {
            "user_id": "21302782",
            "session_id": "21302782_1474646041522",
            "timestamp": 1474637373821,
            "sequence_id": 2,
            "section_id": 2,
            "activity_id": 5,
            "activity_kind": "doublepipette",
            "data": {
                "kind": "Input",
                "user_input": [
                    3.15,
                    0.04761904761904762,
                    18.9,
                    3.3000000000000003,
                    0.09090909090909091,
                    23.1
                ]
            }
        },
        {
            "user_id": "21302782",
            "session_id": "21302782_1474646041522",
            "timestamp": 1474637439323,
            "sequence_id": 2,
            "section_id": 4,
            "activity_id": 0,
            "activity_kind": "dragdrop",
            "data": {
                "kind": "Input",
                "user_input": [
                    {
                        "slot": 0,
                        "stickers": [
                            "1"
                        ]
                    },
                    {
                        "slot": 1,
                        "stickers": [
                            "0"
                        ]
                    },
                    {
                        "slot": 2,
                        "stickers": [
                            "2"
                        ]
                    },
                    {
                        "slot": 3,
                        "stickers": [
                            "3"
                        ]
                    },
                    {
                        "slot": 4,
                        "stickers": [
                            "4"
                        ]
                    }
                ]
            }
        },
        {
            "user_id": "21302782",
            "session_id": "21302782_1474646041522",
            "timestamp": 1474637454587,
            "sequence_id": 2,
            "section_id": 4,
            "activity_id": 0,
            "activity_kind": "dragdrop",
            "data": {
                "kind": "Input",
                "user_input": [
                    {
                        "slot": 0,
                        "stickers": [
                            "0"
                        ]
                    },
                    {
                        "slot": 1,
                        "stickers": [
                            "1"
                        ]
                    },
                    {
                        "slot": 2,
                        "stickers": [
                            "2"
                        ]
                    },
                    {
                        "slot": 3,
                        "stickers": [
                            "3"
                        ]
                    },
                    {
                        "slot": 4,
                        "stickers": [
                            "4"
                        ]
                    }
                ]
            }
        },
        {
            "user_id": "21302782",
            "session_id": "21302782_1474646041522",
            "timestamp": 1474637459160,
            "sequence_id": 2,
            "section_id": 4,
            "activity_id": 1,
            "activity_kind": "dragdrop",
            "data": {
                "kind": "Input",
                "user_input": [
                    {
                        "slot": 0,
                        "stickers": []
                    },
                    {
                        "slot": 1,
                        "stickers": []
                    },
                    {
                        "slot": 2,
                        "stickers": []
                    },
                    {
                        "slot": 3,
                        "stickers": [
                            "0"
                        ]
                    }
                ]
            }
        },
        {
            "user_id": "21302782",
            "session_id": "21302782_1474646041522",
            "timestamp": 1474637464958,
            "sequence_id": 2,
            "section_id": 4,
            "activity_id": 2,
            "activity_kind": "curvestar",
            "data": {
                "kind": "Input",
                "user_input": [
                    0.01282051282051282,
                    0.07435897435897436,
                    0.22564102564102564,
                    0.382051282051282,
                    0.4717948717948718,
                    0.5128205128205128,
                    0.5307692307692308
                ]
            }
        },
        {
            "user_id": "21302782",
            "session_id": "21302782_1474646041522",
            "timestamp": 1474637474040,
            "sequence_id": 2,
            "section_id": 4,
            "activity_id": 2,
            "activity_kind": "curvestar",
            "data": {
                "kind": "Input",
                "user_input": [
                    0.5564102564102564,
                    0.07435897435897436,
                    0.22564102564102564,
                    0.382051282051282,
                    0.4717948717948718,
                    0.5128205128205128,
                    0.5307692307692308
                ]
            }
        },
        {
            "user_id": "21302782",
            "session_id": "21302782_1474646041522",
            "timestamp": 1474637481703,
            "sequence_id": 2,
            "section_id": 4,
            "activity_id": 2,
            "activity_kind": "curvestar",
            "data": {
                "kind": "Input",
                "user_input": [
                    0.5564102564102564,
                    0.5923076923076923,
                    0.22564102564102564,
                    0.382051282051282,
                    0.4717948717948718,
                    0.5128205128205128,
                    0.5307692307692308
                ]
            }
        },
        {
            "user_id": "21302782",
            "session_id": "21302782_1474646041522",
            "timestamp": 1474637488287,
            "sequence_id": 2,
            "section_id": 4,
            "activity_id": 2,
            "activity_kind": "curvestar",
            "data": {
                "kind": "Input",
                "user_input": [
                    0.5564102564102564,
                    0.5923076923076923,
                    0.5923076923076923,
                    0.382051282051282,
                    0.4717948717948718,
                    0.5128205128205128,
                    0.5307692307692308
                ]
            }
        },
        {
            "user_id": "21302782",
            "session_id": "21302782_1474646041522",
            "timestamp": 1474637531213,
            "sequence_id": 2,
            "section_id": 4,
            "activity_id": 2,
            "activity_kind": "curvestar",
            "data": {
                "kind": "Input",
                "user_input": [
                    0.5564102564102564,
                    0.5923076923076923,
                    0.5923076923076923,
                    0.382051282051282,
                    0.8692307692307693,
                    0.5128205128205128,
                    0.5307692307692308
                ]
            }
        },
        {
            "user_id": "21302782",
            "session_id": "21302782_1474646041522",
            "timestamp": 1474637536037,
            "sequence_id": 2,
            "section_id": 4,
            "activity_id": 2,
            "activity_kind": "curvestar",
            "data": {
                "kind": "Input",
                "user_input": [
                    0.5564102564102564,
                    0.5923076923076923,
                    0.5923076923076923,
                    0.7051282051282052,
                    0.8692307692307693,
                    0.5128205128205128,
                    0.5307692307692308
                ]
            }
        },
        {
            "user_id": "21302782",
            "session_id": "21302782_1474646041522",
            "timestamp": 1474637541333,
            "sequence_id": 2,
            "section_id": 4,
            "activity_id": 2,
            "activity_kind": "curvestar",
            "data": {
                "kind": "Input",
                "user_input": [
                    0.5564102564102564,
                    0.5923076923076923,
                    0.5923076923076923,
                    0.7051282051282052,
                    0.8692307692307693,
                    0.5128205128205128,
                    0.9974358974358974
                ]
            }
        },
        {
            "user_id": "21302782",
            "session_id": "21302782_1474646041522",
            "timestamp": 1474637548660,
            "sequence_id": 2,
            "section_id": 4,
            "activity_id": 2,
            "activity_kind": "curvestar",
            "data": {
                "kind": "Input",
                "user_input": [
                    0.5564102564102564,
                    0.5923076923076923,
                    0.5923076923076923,
                    0.7051282051282052,
                    0.8692307692307693,
                    0.9512820512820512,
                    0.9974358974358974
                ]
            }
        },
        {
            "user_id": "21302782",
            "session_id": "21302782_1474646041522",
            "timestamp": 1474637877221,
            "sequence_id": 2,
            "section_id": 5,
            "activity_id": 0,
            "activity_kind": "synthesis",
            "data": {
                "kind": "Input",
                "user_input": [
                    "prolifération",
                    "facteurs de croissance",
                    "le point de restriction",
                    "G1",
                    "synchronisées",
                    "M"
                ]
            }
        },
        {
            "user_id": "21302782",
            "session_id": "21302782_1474646041522",
            "timestamp": 1474637881701,
            "sequence_id": 2,
            "section_id": 5,
            "activity_id": 0,
            "activity_kind": "synthesis",
            "data": {
                "kind": "Input",
                "user_input": [
                    "prolifération",
                    "facteurs de croissance",
                    "le point de restriction",
                    "G1",
                    "synchronisées",
                    "G0"
                ]
            }
        }
    ]
}