{
    "inputs": [
        {
            "user_id": "21303188",
            "session_id": "21303188_1475858000091",
            "timestamp": 1475845488597,
            "sequence_id": 2,
            "section_id": 0,
            "activity_id": 0,
            "activity_kind": "dragdrop",
            "data": {
                "kind": "Input",
                "user_input": [
                    {
                        "slot": 0,
                        "stickers": []
                    },
                    {
                        "slot": 1,
                        "stickers": [
                            "2"
                        ]
                    },
                    {
                        "slot": 2,
                        "stickers": [
                            "1"
                        ]
                    },
                    {
                        "slot": 3,
                        "stickers": []
                    },
                    {
                        "slot": 4,
                        "stickers": [
                            "0"
                        ]
                    },
                    {
                        "slot": 5,
                        "stickers": [
                            "3"
                        ]
                    },
                    {
                        "slot": 6,
                        "stickers": []
                    },
                    {
                        "slot": 7,
                        "stickers": []
                    }
                ]
            }
        },
        {
            "user_id": "21303188",
            "session_id": "21303188_1475858000091",
            "timestamp": 1475845558810,
            "sequence_id": 2,
            "section_id": 0,
            "activity_id": 1,
            "activity_kind": "dragdrop",
            "data": {
                "kind": "Input",
                "user_input": [
                    {
                        "slot": 0,
                        "stickers": [
                            "0"
                        ]
                    },
                    {
                        "slot": 1,
                        "stickers": [
                            "3"
                        ]
                    },
                    {
                        "slot": 2,
                        "stickers": [
                            "2",
                            "1"
                        ]
                    }
                ]
            }
        },
        {
            "user_id": "21303188",
            "session_id": "21303188_1475858000091",
            "timestamp": 1475845600774,
            "sequence_id": 2,
            "section_id": 1,
            "activity_id": 0,
            "activity_kind": "dragdrop",
            "data": {
                "kind": "Input",
                "user_input": [
                    {
                        "slot": 0,
                        "stickers": []
                    },
                    {
                        "slot": 1,
                        "stickers": [
                            "0"
                        ]
                    },
                    {
                        "slot": 2,
                        "stickers": []
                    },
                    {
                        "slot": 3,
                        "stickers": []
                    }
                ]
            }
        },
        {
            "user_id": "21303188",
            "session_id": "21303188_1475858000091",
            "timestamp": 1475845695224,
            "sequence_id": 2,
            "section_id": 1,
            "activity_id": 1,
            "activity_kind": "curvetest",
            "data": {
                "kind": "Input",
                "user_input": [
                    0.558974358974359,
                    0.6435897435897436,
                    0.7153846153846154,
                    0.8102564102564103,
                    0.8948717948717949,
                    0.9358974358974359,
                    1
                ]
            }
        },
        {
            "user_id": "21303188",
            "session_id": "21303188_1475858000091",
            "timestamp": 1475845814930,
            "sequence_id": 2,
            "section_id": 2,
            "activity_id": 0,
            "activity_kind": "planif",
            "data": {
                "kind": "Input",
                "user_input": {
                    "protocol": [
                        "-36",
                        "72",
                        "12"
                    ],
                    "temoincheck": true,
                    "culture": [
                        {
                            "condition": "+ sérum",
                            "time": "0"
                        },
                        {
                            "condition": "- sérum",
                            "time": "36"
                        }
                    ],
                    "temoin": [
                        {
                            "condition": "+ sérum",
                            "time": "0"
                        }
                    ]
                }
            }
        },
        {
            "user_id": "21303188",
            "session_id": "21303188_1475858000091",
            "timestamp": 1475845874336,
            "sequence_id": 2,
            "section_id": 2,
            "activity_id": 0,
            "activity_kind": "planif",
            "data": {
                "kind": "Input",
                "user_input": {
                    "protocol": [
                        "-36",
                        "72",
                        "12"
                    ],
                    "temoincheck": true,
                    "culture": [
                        {
                            "condition": "- sérum",
                            "time": "0"
                        }
                    ],
                    "temoin": [
                        {
                            "condition": "+ sérum",
                            "time": "0"
                        }
                    ]
                }
            }
        },
        {
            "user_id": "21303188",
            "session_id": "21303188_1475858000091",
            "timestamp": 1475845911960,
            "sequence_id": 2,
            "section_id": 2,
            "activity_id": 1,
            "activity_kind": "dragdrop",
            "data": {
                "kind": "Input",
                "user_input": [
                    {
                        "slot": 0,
                        "stickers": [
                            "2"
                        ]
                    }
                ]
            }
        },
        {
            "user_id": "21303188",
            "session_id": "21303188_1475858000091",
            "timestamp": 1475845919119,
            "sequence_id": 2,
            "section_id": 2,
            "activity_id": 1,
            "activity_kind": "dragdrop",
            "data": {
                "kind": "Input",
                "user_input": [
                    {
                        "slot": 0,
                        "stickers": [
                            "3"
                        ]
                    }
                ]
            }
        },
        {
            "user_id": "21303188",
            "session_id": "21303188_1475858000091",
            "timestamp": 1475845972990,
            "sequence_id": 2,
            "section_id": 2,
            "activity_id": 1,
            "activity_kind": "dragdrop",
            "data": {
                "kind": "Input",
                "user_input": [
                    {
                        "slot": 0,
                        "stickers": [
                            "4"
                        ]
                    }
                ]
            }
        },
        {
            "user_id": "21303188",
            "session_id": "21303188_1475858000091",
            "timestamp": 1475846217950,
            "sequence_id": 2,
            "section_id": 2,
            "activity_id": 5,
            "activity_kind": "doublepipette",
            "data": {
                "kind": "Input",
                "user_input": [
                    1.2616666666666667,
                    1,
                    7.57,
                    0.51,
                    1,
                    3.57
                ]
            }
        },
        {
            "user_id": "21303188",
            "session_id": "21303188_1475858000091",
            "timestamp": 1475846421143,
            "sequence_id": 2,
            "section_id": 2,
            "activity_id": 5,
            "activity_kind": "doublepipette",
            "data": {
                "kind": "Input",
                "user_input": [
                    6.5,
                    0.09999999999999999,
                    39,
                    0,
                    0,
                    0
                ]
            }
        },
        {
            "user_id": "21303188",
            "session_id": "21303188_1475858000091",
            "timestamp": 1475846425359,
            "sequence_id": 2,
            "section_id": 2,
            "activity_id": 5,
            "activity_kind": "doublepipette",
            "data": {
                "kind": "Input",
                "user_input": [
                    6.5,
                    0.09999999999999999,
                    39,
                    0,
                    0,
                    0
                ]
            }
        },
        {
            "user_id": "21303188",
            "session_id": "21303188_1475858000091",
            "timestamp": 1475846644578,
            "sequence_id": 2,
            "section_id": 4,
            "activity_id": 0,
            "activity_kind": "dragdrop",
            "data": {
                "kind": "Input",
                "user_input": [
                    {
                        "slot": 0,
                        "stickers": [
                            "2"
                        ]
                    },
                    {
                        "slot": 1,
                        "stickers": [
                            "0"
                        ]
                    },
                    {
                        "slot": 2,
                        "stickers": [
                            "1"
                        ]
                    },
                    {
                        "slot": 3,
                        "stickers": [
                            "3"
                        ]
                    },
                    {
                        "slot": 4,
                        "stickers": []
                    }
                ]
            }
        },
        {
            "user_id": "21303188",
            "session_id": "21303188_1475858000091",
            "timestamp": 1475846650858,
            "sequence_id": 2,
            "section_id": 4,
            "activity_id": 0,
            "activity_kind": "dragdrop",
            "data": {
                "kind": "Input",
                "user_input": [
                    {
                        "slot": 0,
                        "stickers": [
                            "1"
                        ]
                    },
                    {
                        "slot": 1,
                        "stickers": [
                            "0"
                        ]
                    },
                    {
                        "slot": 2,
                        "stickers": [
                            "2"
                        ]
                    },
                    {
                        "slot": 3,
                        "stickers": [
                            "3"
                        ]
                    },
                    {
                        "slot": 4,
                        "stickers": []
                    }
                ]
            }
        },
        {
            "user_id": "21303188",
            "session_id": "21303188_1475858000091",
            "timestamp": 1475846666770,
            "sequence_id": 2,
            "section_id": 4,
            "activity_id": 0,
            "activity_kind": "dragdrop",
            "data": {
                "kind": "Input",
                "user_input": [
                    {
                        "slot": 0,
                        "stickers": [
                            "2"
                        ]
                    },
                    {
                        "slot": 1,
                        "stickers": [
                            "2"
                        ]
                    },
                    {
                        "slot": 2,
                        "stickers": [
                            "2"
                        ]
                    },
                    {
                        "slot": 3,
                        "stickers": [
                            "3"
                        ]
                    },
                    {
                        "slot": 4,
                        "stickers": []
                    }
                ]
            }
        },
        {
            "user_id": "21303188",
            "session_id": "21303188_1475858000091",
            "timestamp": 1475846699359,
            "sequence_id": 2,
            "section_id": 4,
            "activity_id": 1,
            "activity_kind": "dragdrop",
            "data": {
                "kind": "Input",
                "user_input": [
                    {
                        "slot": 0,
                        "stickers": []
                    },
                    {
                        "slot": 1,
                        "stickers": [
                            "0"
                        ]
                    },
                    {
                        "slot": 2,
                        "stickers": []
                    },
                    {
                        "slot": 3,
                        "stickers": []
                    }
                ]
            }
        },
        {
            "user_id": "21303188",
            "session_id": "21303188_1475858000091",
            "timestamp": 1475846720884,
            "sequence_id": 2,
            "section_id": 4,
            "activity_id": 1,
            "activity_kind": "dragdrop",
            "data": {
                "kind": "Input",
                "user_input": [
                    {
                        "slot": 0,
                        "stickers": []
                    },
                    {
                        "slot": 1,
                        "stickers": [
                            "0"
                        ]
                    },
                    {
                        "slot": 2,
                        "stickers": []
                    },
                    {
                        "slot": 3,
                        "stickers": []
                    }
                ]
            }
        },
        {
            "user_id": "21303188",
            "session_id": "21303188_1475858000091",
            "timestamp": 1475846720888,
            "sequence_id": 2,
            "section_id": 4,
            "activity_id": 1,
            "activity_kind": "dragdrop",
            "data": {
                "kind": "Input",
                "user_input": [
                    {
                        "slot": 0,
                        "stickers": []
                    },
                    {
                        "slot": 1,
                        "stickers": []
                    },
                    {
                        "slot": 2,
                        "stickers": []
                    },
                    {
                        "slot": 3,
                        "stickers": [
                            "0"
                        ]
                    }
                ]
            }
        },
        {
            "user_id": "21303188",
            "session_id": "21303188_1475858000091",
            "timestamp": 1475846742818,
            "sequence_id": 2,
            "section_id": 4,
            "activity_id": 2,
            "activity_kind": "curvestar",
            "data": {
                "kind": "Input",
                "user_input": [
                    0.558974358974359,
                    0.6435897435897436,
                    0.7153846153846154,
                    0.8102564102564103,
                    0.8948717948717949,
                    0.9358974358974359,
                    1
                ]
            }
        },
        {
            "user_id": "21303188",
            "session_id": "21303188_1475858000091",
            "timestamp": 1475846751598,
            "sequence_id": 2,
            "section_id": 4,
            "activity_id": 2,
            "activity_kind": "curvestar",
            "data": {
                "kind": "Input",
                "user_input": [
                    0.558974358974359,
                    0.6435897435897436,
                    0.7153846153846154,
                    0.8102564102564103,
                    0.8948717948717949,
                    0.9564102564102565,
                    1
                ]
            }
        },
        {
            "user_id": "21303188",
            "session_id": "21303188_1475858000091",
            "timestamp": 1475846753446,
            "sequence_id": 2,
            "section_id": 4,
            "activity_id": 2,
            "activity_kind": "curvestar",
            "data": {
                "kind": "Input",
                "user_input": [
                    0.558974358974359,
                    0.6435897435897436,
                    0.7153846153846154,
                    0.8102564102564103,
                    0.8948717948717949,
                    1,
                    1
                ]
            }
        },
        {
            "user_id": "21303188",
            "session_id": "21303188_1475858000091",
            "timestamp": 1475846754774,
            "sequence_id": 2,
            "section_id": 4,
            "activity_id": 2,
            "activity_kind": "curvestar",
            "data": {
                "kind": "Input",
                "user_input": [
                    0.558974358974359,
                    0.6435897435897436,
                    0.7153846153846154,
                    0.8102564102564103,
                    0.8948717948717949,
                    1,
                    1
                ]
            }
        },
        {
            "user_id": "21303188",
            "session_id": "21303188_1475858000091",
            "timestamp": 1475846755702,
            "sequence_id": 2,
            "section_id": 4,
            "activity_id": 2,
            "activity_kind": "curvestar",
            "data": {
                "kind": "Input",
                "user_input": [
                    0.558974358974359,
                    0.6435897435897436,
                    0.7153846153846154,
                    0.8102564102564103,
                    0.8948717948717949,
                    1,
                    1
                ]
            }
        },
        {
            "user_id": "21303188",
            "session_id": "21303188_1475858000091",
            "timestamp": 1475846756853,
            "sequence_id": 2,
            "section_id": 4,
            "activity_id": 2,
            "activity_kind": "curvestar",
            "data": {
                "kind": "Input",
                "user_input": [
                    0.558974358974359,
                    0.6435897435897436,
                    0.7153846153846154,
                    0.8102564102564103,
                    0.8948717948717949,
                    1,
                    1
                ]
            }
        },
        {
            "user_id": "21303188",
            "session_id": "21303188_1475858000091",
            "timestamp": 1475846758197,
            "sequence_id": 2,
            "section_id": 4,
            "activity_id": 2,
            "activity_kind": "curvestar",
            "data": {
                "kind": "Input",
                "user_input": [
                    0.558974358974359,
                    0.6435897435897436,
                    0.7153846153846154,
                    0.8102564102564103,
                    1,
                    1,
                    1
                ]
            }
        },
        {
            "user_id": "21303188",
            "session_id": "21303188_1475858000091",
            "timestamp": 1475846759781,
            "sequence_id": 2,
            "section_id": 4,
            "activity_id": 2,
            "activity_kind": "curvestar",
            "data": {
                "kind": "Input",
                "user_input": [
                    0.558974358974359,
                    0.6435897435897436,
                    0.7153846153846154,
                    0.8102564102564103,
                    0.9641025641025641,
                    1,
                    1
                ]
            }
        },
        {
            "user_id": "21303188",
            "session_id": "21303188_1475858000091",
            "timestamp": 1475846760781,
            "sequence_id": 2,
            "section_id": 4,
            "activity_id": 2,
            "activity_kind": "curvestar",
            "data": {
                "kind": "Input",
                "user_input": [
                    0.558974358974359,
                    0.6435897435897436,
                    0.7153846153846154,
                    0.8102564102564103,
                    0.9641025641025641,
                    1,
                    1
                ]
            }
        },
        {
            "user_id": "21303188",
            "session_id": "21303188_1475858000091",
            "timestamp": 1475846765317,
            "sequence_id": 2,
            "section_id": 4,
            "activity_id": 2,
            "activity_kind": "curvestar",
            "data": {
                "kind": "Input",
                "user_input": [
                    0.558974358974359,
                    0.6435897435897436,
                    0.7153846153846154,
                    0.8102564102564103,
                    0.8692307692307693,
                    1,
                    1
                ]
            }
        },
        {
            "user_id": "21303188",
            "session_id": "21303188_1475858000091",
            "timestamp": 1475846775245,
            "sequence_id": 2,
            "section_id": 4,
            "activity_id": 2,
            "activity_kind": "curvestar",
            "data": {
                "kind": "Input",
                "user_input": [
                    0.558974358974359,
                    0.6435897435897436,
                    0.5897435897435898,
                    0.8102564102564103,
                    0.8692307692307693,
                    1,
                    1
                ]
            }
        },
        {
            "user_id": "21303188",
            "session_id": "21303188_1475858000091",
            "timestamp": 1475846777812,
            "sequence_id": 2,
            "section_id": 4,
            "activity_id": 2,
            "activity_kind": "curvestar",
            "data": {
                "kind": "Input",
                "user_input": [
                    0.558974358974359,
                    0.6435897435897436,
                    0.5897435897435898,
                    0.8102564102564103,
                    0.8692307692307693,
                    1,
                    1
                ]
            }
        },
        {
            "user_id": "21303188",
            "session_id": "21303188_1475858000091",
            "timestamp": 1475846778524,
            "sequence_id": 2,
            "section_id": 4,
            "activity_id": 2,
            "activity_kind": "curvestar",
            "data": {
                "kind": "Input",
                "user_input": [
                    0.558974358974359,
                    0.6435897435897436,
                    0.5897435897435898,
                    0.8102564102564103,
                    0.8692307692307693,
                    1,
                    1
                ]
            }
        },
        {
            "user_id": "21303188",
            "session_id": "21303188_1475858000091",
            "timestamp": 1475846779379,
            "sequence_id": 2,
            "section_id": 4,
            "activity_id": 2,
            "activity_kind": "curvestar",
            "data": {
                "kind": "Input",
                "user_input": [
                    0.558974358974359,
                    0.6435897435897436,
                    0.5897435897435898,
                    0.8102564102564103,
                    0.8692307692307693,
                    1,
                    1
                ]
            }
        },
        {
            "user_id": "21303188",
            "session_id": "21303188_1475858000091",
            "timestamp": 1475846779627,
            "sequence_id": 2,
            "section_id": 4,
            "activity_id": 2,
            "activity_kind": "curvestar",
            "data": {
                "kind": "Input",
                "user_input": [
                    0.558974358974359,
                    0.6435897435897436,
                    0.5897435897435898,
                    0.8102564102564103,
                    0.8692307692307693,
                    1,
                    1
                ]
            }
        },
        {
            "user_id": "21303188",
            "session_id": "21303188_1475858000091",
            "timestamp": 1475846827452,
            "sequence_id": 2,
            "section_id": 5,
            "activity_id": 0,
            "activity_kind": "synthesis",
            "data": {
                "kind": "Input",
                "user_input": [
                    "prolifération",
                    "facteurs de croissance",
                    "le point de restriction",
                    "G1",
                    "synchronisées",
                    "G0"
                ]
            }
        }
    ]
}