{
    "inputs": [
        {
            "user_id": "21403875",
            "session_id": "21403875_1474472987683",
            "timestamp": 1474460201435,
            "sequence_id": 1,
            "section_id": 0,
            "activity_id": 0,
            "activity_kind": "dragdrop",
            "data": {
                "kind": "Input",
                "user_input": [
                    {
                        "slot": 0,
                        "stickers": [
                            "0"
                        ]
                    },
                    {
                        "slot": 1,
                        "stickers": [
                            "1"
                        ]
                    },
                    {
                        "slot": 2,
                        "stickers": [
                            "2"
                        ]
                    },
                    {
                        "slot": 3,
                        "stickers": [
                            "3"
                        ]
                    },
                    {
                        "slot": 4,
                        "stickers": [
                            "4"
                        ]
                    },
                    {
                        "slot": 5,
                        "stickers": [
                            "9"
                        ]
                    },
                    {
                        "slot": 6,
                        "stickers": [
                            "12"
                        ]
                    },
                    {
                        "slot": 7,
                        "stickers": [
                            "10"
                        ]
                    },
                    {
                        "slot": 8,
                        "stickers": [
                            "11"
                        ]
                    }
                ]
            }
        },
        {
            "user_id": "21403875",
            "session_id": "21403875_1474472987683",
            "timestamp": 1474460424174,
            "sequence_id": 1,
            "section_id": 1,
            "activity_id": 0,
            "activity_kind": "dragdrop",
            "data": {
                "kind": "Input",
                "user_input": [
                    {
                        "slot": 0,
                        "stickers": [
                            "3"
                        ]
                    },
                    {
                        "slot": 1,
                        "stickers": [
                            "2"
                        ]
                    },
                    {
                        "slot": 2,
                        "stickers": [
                            "3"
                        ]
                    },
                    {
                        "slot": 3,
                        "stickers": [
                            "0"
                        ]
                    }
                ]
            }
        },
        {
            "user_id": "21403875",
            "session_id": "21403875_1474472987683",
            "timestamp": 1474460607357,
            "sequence_id": 1,
            "section_id": 1,
            "activity_id": 1,
            "activity_kind": "curvetest",
            "data": {
                "kind": "Input",
                "user_input": [
                    979.5918367346939,
                    1056.1224489795918,
                    1408.1632653061224,
                    2096.938775510204,
                    3688.7755102040815,
                    6000
                ]
            }
        },
        {
            "user_id": "21403875",
            "session_id": "21403875_1474472987683",
            "timestamp": 1474460856640,
            "sequence_id": 1,
            "section_id": 2,
            "activity_id": 2,
            "activity_kind": "counttest",
            "data": {
                "kind": "Input",
                "user_input": [
                    13,
                    8,
                    0,
                    0
                ]
            }
        },
        {
            "user_id": "21403875",
            "session_id": "21403875_1474472987683",
            "timestamp": 1474460880394,
            "sequence_id": 1,
            "section_id": 2,
            "activity_id": 2,
            "activity_kind": "counttest",
            "data": {
                "kind": "Input",
                "user_input": [
                    13,
                    8,
                    11,
                    11
                ]
            }
        },
        {
            "user_id": "21403875",
            "session_id": "21403875_1474472987683",
            "timestamp": 1474460909523,
            "sequence_id": 1,
            "section_id": 2,
            "activity_id": 2,
            "activity_kind": "counttest",
            "data": {
                "kind": "Input",
                "user_input": [
                    13,
                    8,
                    12,
                    11
                ]
            }
        },
        {
            "user_id": "21403875",
            "session_id": "21403875_1474472987683",
            "timestamp": 1474461197172,
            "sequence_id": 1,
            "section_id": 2,
            "activity_id": 3,
            "activity_kind": "input",
            "data": {
                "kind": "Input",
                "user_input": "1150000"
            }
        },
        {
            "user_id": "21403875",
            "session_id": "21403875_1474472987683",
            "timestamp": 1474461678123,
            "sequence_id": 1,
            "section_id": 2,
            "activity_id": 5,
            "activity_kind": "pipette",
            "data": {
                "kind": "Input",
                "user_input": [
                    199682,
                    3.17,
                    0.1,
                    34.91
                ]
            }
        },
        {
            "user_id": "21403875",
            "session_id": "21403875_1474472987683",
            "timestamp": 1474461876626,
            "sequence_id": 1,
            "section_id": 2,
            "activity_id": 5,
            "activity_kind": "pipette",
            "data": {
                "kind": "Input",
                "user_input": [
                    199682,
                    3,
                    0.11,
                    33
                ]
            }
        },
        {
            "user_id": "21403875",
            "session_id": "21403875_1474472987683",
            "timestamp": 1474462126398,
            "sequence_id": 1,
            "section_id": 2,
            "activity_id": 5,
            "activity_kind": "pipette",
            "data": {
                "kind": "Input",
                "user_input": [
                    199682,
                    2.98,
                    0.1,
                    32.75
                ]
            }
        },
        {
            "user_id": "21403875",
            "session_id": "21403875_1474472987683",
            "timestamp": 1474462256354,
            "sequence_id": 1,
            "section_id": 4,
            "activity_id": 0,
            "activity_kind": "dragdrop",
            "data": {
                "kind": "Input",
                "user_input": [
                    {
                        "slot": 0,
                        "stickers": [
                            "4"
                        ]
                    },
                    {
                        "slot": 1,
                        "stickers": [
                            "0"
                        ]
                    },
                    {
                        "slot": 2,
                        "stickers": [
                            "1"
                        ]
                    },
                    {
                        "slot": 3,
                        "stickers": [
                            "2"
                        ]
                    },
                    {
                        "slot": 4,
                        "stickers": [
                            "5"
                        ]
                    },
                    {
                        "slot": 5,
                        "stickers": [
                            "5"
                        ]
                    }
                ]
            }
        },
        {
            "user_id": "21403875",
            "session_id": "21403875_1474472987683",
            "timestamp": 1474462261746,
            "sequence_id": 1,
            "section_id": 4,
            "activity_id": 1,
            "activity_kind": "curvestar",
            "data": {
                "kind": "Input",
                "user_input": [
                    979.5918367346939,
                    1056.1224489795918,
                    1408.1632653061224,
                    2096.938775510204,
                    3688.7755102040815,
                    6000
                ]
            }
        },
        {
            "user_id": "21403875",
            "session_id": "21403875_1474472987683",
            "timestamp": 1474462266328,
            "sequence_id": 1,
            "section_id": 4,
            "activity_id": 1,
            "activity_kind": "curvestar",
            "data": {
                "kind": "Input",
                "user_input": [
                    979.5918367346939,
                    1056.1224489795918,
                    1408.1632653061224,
                    2096.938775510204,
                    3688.7755102040815,
                    6000
                ]
            }
        },
        {
            "user_id": "21403875",
            "session_id": "21403875_1474472987683",
            "timestamp": 1474462274111,
            "sequence_id": 1,
            "section_id": 4,
            "activity_id": 1,
            "activity_kind": "curvestar",
            "data": {
                "kind": "Input",
                "user_input": [
                    979.5918367346939,
                    964.2857142857142,
                    1408.1632653061224,
                    2096.938775510204,
                    3688.7755102040815,
                    6000
                ]
            }
        },
        {
            "user_id": "21403875",
            "session_id": "21403875_1474472987683",
            "timestamp": 1474462277111,
            "sequence_id": 1,
            "section_id": 4,
            "activity_id": 1,
            "activity_kind": "curvestar",
            "data": {
                "kind": "Input",
                "user_input": [
                    979.5918367346939,
                    964.2857142857142,
                    1515.3061224489795,
                    2096.938775510204,
                    3688.7755102040815,
                    6000
                ]
            }
        },
        {
            "user_id": "21403875",
            "session_id": "21403875_1474472987683",
            "timestamp": 1474462278687,
            "sequence_id": 1,
            "section_id": 4,
            "activity_id": 1,
            "activity_kind": "curvestar",
            "data": {
                "kind": "Input",
                "user_input": [
                    979.5918367346939,
                    964.2857142857142,
                    1469.3877551020407,
                    2096.938775510204,
                    3688.7755102040815,
                    6000
                ]
            }
        },
        {
            "user_id": "21403875",
            "session_id": "21403875_1474472987683",
            "timestamp": 1474462280207,
            "sequence_id": 1,
            "section_id": 4,
            "activity_id": 1,
            "activity_kind": "curvestar",
            "data": {
                "kind": "Input",
                "user_input": [
                    979.5918367346939,
                    964.2857142857142,
                    1469.3877551020407,
                    2096.938775510204,
                    3688.7755102040815,
                    6000
                ]
            }
        },
        {
            "user_id": "21403875",
            "session_id": "21403875_1474472987683",
            "timestamp": 1474462281951,
            "sequence_id": 1,
            "section_id": 4,
            "activity_id": 1,
            "activity_kind": "curvestar",
            "data": {
                "kind": "Input",
                "user_input": [
                    979.5918367346939,
                    964.2857142857142,
                    1469.3877551020407,
                    2096.938775510204,
                    3061.224489795918,
                    6000
                ]
            }
        },
        {
            "user_id": "21403875",
            "session_id": "21403875_1474472987683",
            "timestamp": 1474462282735,
            "sequence_id": 1,
            "section_id": 4,
            "activity_id": 1,
            "activity_kind": "curvestar",
            "data": {
                "kind": "Input",
                "user_input": [
                    979.5918367346939,
                    964.2857142857142,
                    1469.3877551020407,
                    2096.938775510204,
                    3061.224489795918,
                    6000
                ]
            }
        },
        {
            "user_id": "21403875",
            "session_id": "21403875_1474472987683",
            "timestamp": 1474462285895,
            "sequence_id": 1,
            "section_id": 4,
            "activity_id": 1,
            "activity_kind": "curvestar",
            "data": {
                "kind": "Input",
                "user_input": [
                    979.5918367346939,
                    964.2857142857142,
                    1469.3877551020407,
                    2096.938775510204,
                    3061.224489795918,
                    3045.918367346939
                ]
            }
        },
        {
            "user_id": "21403875",
            "session_id": "21403875_1474472987683",
            "timestamp": 1474462485047,
            "sequence_id": 1,
            "section_id": 4,
            "activity_id": 2,
            "activity_kind": "dragdrop",
            "data": {
                "kind": "Input",
                "user_input": [
                    {
                        "slot": 0,
                        "stickers": [
                            "3"
                        ]
                    },
                    {
                        "slot": 1,
                        "stickers": [
                            "4"
                        ]
                    },
                    {
                        "slot": 2,
                        "stickers": [
                            "2"
                        ]
                    }
                ]
            }
        },
        {
            "user_id": "21403875",
            "session_id": "21403875_1474472987683",
            "timestamp": 1474462495080,
            "sequence_id": 1,
            "section_id": 4,
            "activity_id": 3,
            "activity_kind": "dragdrop",
            "data": {
                "kind": "Input",
                "user_input": [
                    {
                        "slot": 0,
                        "stickers": [
                            "3"
                        ]
                    },
                    {
                        "slot": 1,
                        "stickers": [
                            "2"
                        ]
                    },
                    {
                        "slot": 2,
                        "stickers": [
                            "3"
                        ]
                    },
                    {
                        "slot": 3,
                        "stickers": [
                            "0"
                        ]
                    }
                ]
            }
        },
        {
            "user_id": "21403875",
            "session_id": "21403875_1474472987683",
            "timestamp": 1474462505624,
            "sequence_id": 1,
            "section_id": 4,
            "activity_id": 3,
            "activity_kind": "dragdrop",
            "data": {
                "kind": "Input",
                "user_input": [
                    {
                        "slot": 0,
                        "stickers": [
                            "3"
                        ]
                    },
                    {
                        "slot": 1,
                        "stickers": [
                            "2"
                        ]
                    },
                    {
                        "slot": 2,
                        "stickers": [
                            "3"
                        ]
                    },
                    {
                        "slot": 3,
                        "stickers": [
                            "0"
                        ]
                    }
                ]
            }
        },
        {
            "user_id": "21403875",
            "session_id": "21403875_1474472987683",
            "timestamp": 1474462505628,
            "sequence_id": 1,
            "section_id": 4,
            "activity_id": 3,
            "activity_kind": "dragdrop",
            "data": {
                "kind": "Input",
                "user_input": [
                    {
                        "slot": 0,
                        "stickers": [
                            "4"
                        ]
                    },
                    {
                        "slot": 1,
                        "stickers": [
                            "2"
                        ]
                    },
                    {
                        "slot": 2,
                        "stickers": [
                            "3"
                        ]
                    },
                    {
                        "slot": 3,
                        "stickers": [
                            "0"
                        ]
                    }
                ]
            }
        },
        {
            "user_id": "21403875",
            "session_id": "21403875_1474472987683",
            "timestamp": 1474462514320,
            "sequence_id": 1,
            "section_id": 4,
            "activity_id": 3,
            "activity_kind": "dragdrop",
            "data": {
                "kind": "Input",
                "user_input": [
                    {
                        "slot": 0,
                        "stickers": [
                            "4"
                        ]
                    },
                    {
                        "slot": 1,
                        "stickers": [
                            "2"
                        ]
                    },
                    {
                        "slot": 2,
                        "stickers": [
                            "3"
                        ]
                    },
                    {
                        "slot": 3,
                        "stickers": [
                            "0"
                        ]
                    }
                ]
            }
        },
        {
            "user_id": "21403875",
            "session_id": "21403875_1474472987683",
            "timestamp": 1474462514323,
            "sequence_id": 1,
            "section_id": 4,
            "activity_id": 3,
            "activity_kind": "dragdrop",
            "data": {
                "kind": "Input",
                "user_input": [
                    {
                        "slot": 0,
                        "stickers": [
                            "4"
                        ]
                    },
                    {
                        "slot": 1,
                        "stickers": [
                            "2"
                        ]
                    },
                    {
                        "slot": 2,
                        "stickers": [
                            "2"
                        ]
                    },
                    {
                        "slot": 3,
                        "stickers": [
                            "0"
                        ]
                    }
                ]
            }
        },
        {
            "user_id": "21403875",
            "session_id": "21403875_1474472987683",
            "timestamp": 1474462700517,
            "sequence_id": 1,
            "section_id": 5,
            "activity_id": 0,
            "activity_kind": "synthesis",
            "data": {
                "kind": "Input",
                "user_input": [
                    "latence",
                    "exponentielle",
                    "la courbe de croissance",
                    "une phase stationnaire",
                    "l'inhibition de contact",
                    "asynchrone",
                    "le profil de cytométrie de flux",
                    "G1",
                    "désordonnées",
                    "G0, G1, G2"
                ]
            }
        },
        {
            "user_id": "21403875",
            "session_id": "21403875_1474472987683",
            "timestamp": 1474462705140,
            "sequence_id": 1,
            "section_id": 5,
            "activity_id": 0,
            "activity_kind": "synthesis",
            "data": {
                "kind": "Input",
                "user_input": [
                    "latence",
                    "exponentielle",
                    "la courbe de croissance",
                    "une phase stationnaire",
                    "l'inhibition de contact",
                    "asynchrone",
                    "le profil de cytométrie de flux",
                    "G1",
                    "ordonnées",
                    "G1, S, G2, M"
                ]
            }
        },
        {
            "user_id": "21403875",
            "session_id": "21403875_1474472987683",
            "timestamp": 1474462980538,
            "sequence_id": 2,
            "section_id": 0,
            "activity_id": 0,
            "activity_kind": "dragdrop",
            "data": {
                "kind": "Input",
                "user_input": [
                    {
                        "slot": 0,
                        "stickers": [
                            "5"
                        ]
                    },
                    {
                        "slot": 1,
                        "stickers": [
                            "2"
                        ]
                    },
                    {
                        "slot": 2,
                        "stickers": [
                            "1"
                        ]
                    },
                    {
                        "slot": 3,
                        "stickers": [
                            "5"
                        ]
                    },
                    {
                        "slot": 4,
                        "stickers": [
                            "0"
                        ]
                    },
                    {
                        "slot": 5,
                        "stickers": [
                            "3"
                        ]
                    },
                    {
                        "slot": 6,
                        "stickers": [
                            "4"
                        ]
                    },
                    {
                        "slot": 7,
                        "stickers": [
                            "4"
                        ]
                    }
                ]
            }
        },
        {
            "user_id": "21403875",
            "session_id": "21403875_1474472987683",
            "timestamp": 1474462995033,
            "sequence_id": 2,
            "section_id": 0,
            "activity_id": 0,
            "activity_kind": "dragdrop",
            "data": {
                "kind": "Input",
                "user_input": [
                    {
                        "slot": 0,
                        "stickers": [
                            "4"
                        ]
                    },
                    {
                        "slot": 1,
                        "stickers": [
                            "2"
                        ]
                    },
                    {
                        "slot": 2,
                        "stickers": [
                            "1"
                        ]
                    },
                    {
                        "slot": 3,
                        "stickers": [
                            "4"
                        ]
                    },
                    {
                        "slot": 4,
                        "stickers": [
                            "0"
                        ]
                    },
                    {
                        "slot": 5,
                        "stickers": [
                            "3"
                        ]
                    },
                    {
                        "slot": 6,
                        "stickers": [
                            "5"
                        ]
                    },
                    {
                        "slot": 7,
                        "stickers": [
                            "5"
                        ]
                    }
                ]
            }
        },
        {
            "user_id": "21403875",
            "session_id": "21403875_1474472987683",
            "timestamp": 1474463017704,
            "sequence_id": 2,
            "section_id": 0,
            "activity_id": 0,
            "activity_kind": "dragdrop",
            "data": {
                "kind": "Input",
                "user_input": [
                    {
                        "slot": 0,
                        "stickers": [
                            "2"
                        ]
                    },
                    {
                        "slot": 1,
                        "stickers": [
                            "2"
                        ]
                    },
                    {
                        "slot": 2,
                        "stickers": [
                            "1"
                        ]
                    },
                    {
                        "slot": 3,
                        "stickers": [
                            "2"
                        ]
                    },
                    {
                        "slot": 4,
                        "stickers": [
                            "0"
                        ]
                    },
                    {
                        "slot": 5,
                        "stickers": [
                            "3"
                        ]
                    },
                    {
                        "slot": 6,
                        "stickers": [
                            "2"
                        ]
                    },
                    {
                        "slot": 7,
                        "stickers": [
                            "2"
                        ]
                    }
                ]
            }
        },
        {
            "user_id": "21403875",
            "session_id": "21403875_1474472987683",
            "timestamp": 1474463141538,
            "sequence_id": 2,
            "section_id": 0,
            "activity_id": 1,
            "activity_kind": "dragdrop",
            "data": {
                "kind": "Input",
                "user_input": [
                    {
                        "slot": 0,
                        "stickers": [
                            "0"
                        ]
                    },
                    {
                        "slot": 1,
                        "stickers": [
                            "3"
                        ]
                    },
                    {
                        "slot": 2,
                        "stickers": [
                            "2",
                            "1"
                        ]
                    }
                ]
            }
        },
        {
            "user_id": "21403875",
            "session_id": "21403875_1474472987683",
            "timestamp": 1474463412099,
            "sequence_id": 2,
            "section_id": 1,
            "activity_id": 0,
            "activity_kind": "dragdrop",
            "data": {
                "kind": "Input",
                "user_input": [
                    {
                        "slot": 0,
                        "stickers": []
                    },
                    {
                        "slot": 1,
                        "stickers": []
                    },
                    {
                        "slot": 2,
                        "stickers": [
                            "0"
                        ]
                    },
                    {
                        "slot": 3,
                        "stickers": [
                            "0"
                        ]
                    }
                ]
            }
        },
        {
            "user_id": "21403875",
            "session_id": "21403875_1474472987683",
            "timestamp": 1474463523244,
            "sequence_id": 2,
            "section_id": 1,
            "activity_id": 1,
            "activity_kind": "curvetest",
            "data": {
                "kind": "Input",
                "user_input": [
                    0.5538461538461539,
                    0.7102564102564103,
                    1,
                    1,
                    1,
                    1,
                    1
                ]
            }
        },
        {
            "user_id": "21403875",
            "session_id": "21403875_1474472987683",
            "timestamp": 1474463636131,
            "sequence_id": 2,
            "section_id": 2,
            "activity_id": -1,
            "activity_kind": "planif",
            "data": {
                "kind": "Input",
                "user_input": {
                    "protocol": [
                        "-36",
                        "132",
                        "12"
                    ],
                    "temoincheck": true,
                    "culture": [
                        {
                            "condition": "- sérum",
                            "time": "0"
                        }
                    ],
                    "temoin": []
                }
            }
        },
        {
            "user_id": "21403875",
            "session_id": "21403875_1474472987683",
            "timestamp": 1474463672994,
            "sequence_id": 2,
            "section_id": 2,
            "activity_id": -1,
            "activity_kind": "planif",
            "data": {
                "kind": "Input",
                "user_input": {
                    "protocol": [
                        "-36",
                        "72",
                        "12"
                    ],
                    "temoincheck": true,
                    "culture": [
                        {
                            "condition": "- sérum",
                            "time": "0"
                        }
                    ],
                    "temoin": []
                }
            }
        },
        {
            "user_id": "21403875",
            "session_id": "21403875_1474472987683",
            "timestamp": 1474463857282,
            "sequence_id": 2,
            "section_id": 2,
            "activity_id": -1,
            "activity_kind": "planif",
            "data": {
                "kind": "Input",
                "user_input": {
                    "protocol": [
                        "-36",
                        "72",
                        "12"
                    ],
                    "temoincheck": true,
                    "culture": [
                        {
                            "condition": "- sérum",
                            "time": "0"
                        }
                    ],
                    "temoin": []
                }
            }
        },
        {
            "user_id": "21403875",
            "session_id": "21403875_1474472987683",
            "timestamp": 1474463974776,
            "sequence_id": 2,
            "section_id": 2,
            "activity_id": 1,
            "activity_kind": "dragdrop",
            "data": {
                "kind": "Input",
                "user_input": [
                    {
                        "slot": 0,
                        "stickers": [
                            "13"
                        ]
                    }
                ]
            }
        },
        {
            "user_id": "21403875",
            "session_id": "21403875_1474472987683",
            "timestamp": 1474463990500,
            "sequence_id": 2,
            "section_id": 2,
            "activity_id": 1,
            "activity_kind": "dragdrop",
            "data": {
                "kind": "Input",
                "user_input": [
                    {
                        "slot": 0,
                        "stickers": [
                            "9"
                        ]
                    }
                ]
            }
        },
        {
            "user_id": "21403875",
            "session_id": "21403875_1474472987683",
            "timestamp": 1474464077889,
            "sequence_id": 2,
            "section_id": 2,
            "activity_id": 1,
            "activity_kind": "dragdrop",
            "data": {
                "kind": "Input",
                "user_input": [
                    {
                        "slot": 0,
                        "stickers": [
                            "10"
                        ]
                    }
                ]
            }
        },
        {
            "user_id": "21403875",
            "session_id": "21403875_1474472987683",
            "timestamp": 1474464606969,
            "sequence_id": 2,
            "section_id": 2,
            "activity_id": 5,
            "activity_kind": "doublepipette",
            "data": {
                "kind": "Input",
                "user_input": [
                    3,
                    0.005,
                    18,
                    3,
                    0.1,
                    21
                ]
            }
        },
        {
            "user_id": "21403875",
            "session_id": "21403875_1474472987683",
            "timestamp": 1474464644825,
            "sequence_id": 2,
            "section_id": 4,
            "activity_id": 0,
            "activity_kind": "dragdrop",
            "data": {
                "kind": "Input",
                "user_input": [
                    {
                        "slot": 0,
                        "stickers": [
                            "0"
                        ]
                    },
                    {
                        "slot": 1,
                        "stickers": [
                            "1"
                        ]
                    },
                    {
                        "slot": 2,
                        "stickers": [
                            "2"
                        ]
                    },
                    {
                        "slot": 3,
                        "stickers": [
                            "3"
                        ]
                    },
                    {
                        "slot": 4,
                        "stickers": [
                            "4"
                        ]
                    }
                ]
            }
        },
        {
            "user_id": "21403875",
            "session_id": "21403875_1474472987683",
            "timestamp": 1474464649934,
            "sequence_id": 2,
            "section_id": 4,
            "activity_id": 1,
            "activity_kind": "dragdrop",
            "data": {
                "kind": "Input",
                "user_input": [
                    {
                        "slot": 0,
                        "stickers": []
                    },
                    {
                        "slot": 1,
                        "stickers": []
                    },
                    {
                        "slot": 2,
                        "stickers": [
                            "0"
                        ]
                    },
                    {
                        "slot": 3,
                        "stickers": [
                            "0"
                        ]
                    }
                ]
            }
        },
        {
            "user_id": "21403875",
            "session_id": "21403875_1474472987683",
            "timestamp": 1474464676682,
            "sequence_id": 2,
            "section_id": 4,
            "activity_id": 1,
            "activity_kind": "dragdrop",
            "data": {
                "kind": "Input",
                "user_input": [
                    {
                        "slot": 0,
                        "stickers": []
                    },
                    {
                        "slot": 1,
                        "stickers": []
                    },
                    {
                        "slot": 2,
                        "stickers": [
                            "0"
                        ]
                    },
                    {
                        "slot": 3,
                        "stickers": [
                            "0"
                        ]
                    }
                ]
            }
        },
        {
            "user_id": "21403875",
            "session_id": "21403875_1474472987683",
            "timestamp": 1474464676685,
            "sequence_id": 2,
            "section_id": 4,
            "activity_id": 1,
            "activity_kind": "dragdrop",
            "data": {
                "kind": "Input",
                "user_input": [
                    {
                        "slot": 0,
                        "stickers": []
                    },
                    {
                        "slot": 1,
                        "stickers": []
                    },
                    {
                        "slot": 2,
                        "stickers": [
                            "0"
                        ]
                    },
                    {
                        "slot": 3,
                        "stickers": [
                            "0"
                        ]
                    }
                ]
            }
        },
        {
            "user_id": "21403875",
            "session_id": "21403875_1474472987683",
            "timestamp": 1474464685200,
            "sequence_id": 2,
            "section_id": 4,
            "activity_id": 2,
            "activity_kind": "curvestar",
            "data": {
                "kind": "Input",
                "user_input": [
                    0.5538461538461539,
                    0.7102564102564103,
                    1,
                    1,
                    1,
                    1,
                    1
                ]
            }
        },
        {
            "user_id": "21403875",
            "session_id": "21403875_1474472987683",
            "timestamp": 1474464695308,
            "sequence_id": 2,
            "section_id": 4,
            "activity_id": 2,
            "activity_kind": "curvestar",
            "data": {
                "kind": "Input",
                "user_input": [
                    0.5538461538461539,
                    0.6051282051282051,
                    1,
                    1,
                    1,
                    1,
                    1
                ]
            }
        },
        {
            "user_id": "21403875",
            "session_id": "21403875_1474472987683",
            "timestamp": 1474464697358,
            "sequence_id": 2,
            "section_id": 4,
            "activity_id": 2,
            "activity_kind": "curvestar",
            "data": {
                "kind": "Input",
                "user_input": [
                    0.5538461538461539,
                    0.6051282051282051,
                    1,
                    1,
                    1,
                    1,
                    1
                ]
            }
        },
        {
            "user_id": "21403875",
            "session_id": "21403875_1474472987683",
            "timestamp": 1474464703564,
            "sequence_id": 2,
            "section_id": 4,
            "activity_id": 2,
            "activity_kind": "curvestar",
            "data": {
                "kind": "Input",
                "user_input": [
                    0.5538461538461539,
                    0.6051282051282051,
                    0.8769230769230769,
                    1,
                    1,
                    1,
                    1
                ]
            }
        },
        {
            "user_id": "21403875",
            "session_id": "21403875_1474472987683",
            "timestamp": 1474464707668,
            "sequence_id": 2,
            "section_id": 4,
            "activity_id": 2,
            "activity_kind": "curvestar",
            "data": {
                "kind": "Input",
                "user_input": [
                    0.5538461538461539,
                    0.6051282051282051,
                    0.8717948717948718,
                    1,
                    1,
                    1,
                    1
                ]
            }
        },
        {
            "user_id": "21403875",
            "session_id": "21403875_1474472987683",
            "timestamp": 1474464746042,
            "sequence_id": 2,
            "section_id": 5,
            "activity_id": 0,
            "activity_kind": "synthesis",
            "data": {
                "kind": "Input",
                "user_input": [
                    "prolifération",
                    "facteurs de croissance",
                    "le point de restriction",
                    "G1",
                    "synchronisées",
                    "G0"
                ]
            }
        }
    ]
}