{
    "inputs": [
        {
            "user_id": "21405330",
            "session_id": "21405330_1475686010264",
            "timestamp": 1475673395192,
            "sequence_id": 2,
            "section_id": 0,
            "activity_id": 0,
            "activity_kind": "dragdrop",
            "data": {
                "kind": "Input",
                "user_input": [
                    {
                        "slot": 0,
                        "stickers": [
                            "0"
                        ]
                    },
                    {
                        "slot": 1,
                        "stickers": [
                            "2"
                        ]
                    },
                    {
                        "slot": 2,
                        "stickers": [
                            "1"
                        ]
                    },
                    {
                        "slot": 3,
                        "stickers": [
                            "6"
                        ]
                    },
                    {
                        "slot": 4,
                        "stickers": [
                            "0"
                        ]
                    },
                    {
                        "slot": 5,
                        "stickers": [
                            "3"
                        ]
                    },
                    {
                        "slot": 6,
                        "stickers": [
                            "3"
                        ]
                    },
                    {
                        "slot": 7,
                        "stickers": [
                            "0"
                        ]
                    }
                ]
            }
        },
        {
            "user_id": "21405330",
            "session_id": "21405330_1475686010264",
            "timestamp": 1475673473862,
            "sequence_id": 2,
            "section_id": 0,
            "activity_id": 0,
            "activity_kind": "dragdrop",
            "data": {
                "kind": "Input",
                "user_input": [
                    {
                        "slot": 0,
                        "stickers": [
                            "1"
                        ]
                    },
                    {
                        "slot": 1,
                        "stickers": [
                            "2"
                        ]
                    },
                    {
                        "slot": 2,
                        "stickers": [
                            "1"
                        ]
                    },
                    {
                        "slot": 3,
                        "stickers": [
                            "1"
                        ]
                    },
                    {
                        "slot": 4,
                        "stickers": [
                            "0"
                        ]
                    },
                    {
                        "slot": 5,
                        "stickers": [
                            "3"
                        ]
                    },
                    {
                        "slot": 6,
                        "stickers": [
                            "6"
                        ]
                    },
                    {
                        "slot": 7,
                        "stickers": [
                            "1"
                        ]
                    }
                ]
            }
        },
        {
            "user_id": "21405330",
            "session_id": "21405330_1475686010264",
            "timestamp": 1475673554115,
            "sequence_id": 2,
            "section_id": 0,
            "activity_id": 0,
            "activity_kind": "dragdrop",
            "data": {
                "kind": "Input",
                "user_input": [
                    {
                        "slot": 0,
                        "stickers": [
                            "1"
                        ]
                    },
                    {
                        "slot": 1,
                        "stickers": [
                            "2"
                        ]
                    },
                    {
                        "slot": 2,
                        "stickers": [
                            "1"
                        ]
                    },
                    {
                        "slot": 3,
                        "stickers": [
                            "1"
                        ]
                    },
                    {
                        "slot": 4,
                        "stickers": [
                            "0"
                        ]
                    },
                    {
                        "slot": 5,
                        "stickers": [
                            "3"
                        ]
                    },
                    {
                        "slot": 6,
                        "stickers": [
                            "6"
                        ]
                    },
                    {
                        "slot": 7,
                        "stickers": [
                            "2"
                        ]
                    }
                ]
            }
        },
        {
            "user_id": "21405330",
            "session_id": "21405330_1475686010264",
            "timestamp": 1475673612942,
            "sequence_id": 2,
            "section_id": 0,
            "activity_id": 1,
            "activity_kind": "dragdrop",
            "data": {
                "kind": "Input",
                "user_input": [
                    {
                        "slot": 0,
                        "stickers": [
                            "0",
                            "2"
                        ]
                    },
                    {
                        "slot": 1,
                        "stickers": [
                            "3"
                        ]
                    },
                    {
                        "slot": 2,
                        "stickers": [
                            "1"
                        ]
                    }
                ]
            }
        },
        {
            "user_id": "21405330",
            "session_id": "21405330_1475686010264",
            "timestamp": 1475673759736,
            "sequence_id": 2,
            "section_id": 0,
            "activity_id": 1,
            "activity_kind": "dragdrop",
            "data": {
                "kind": "Input",
                "user_input": [
                    {
                        "slot": 0,
                        "stickers": [
                            "0"
                        ]
                    },
                    {
                        "slot": 1,
                        "stickers": [
                            "3"
                        ]
                    },
                    {
                        "slot": 2,
                        "stickers": [
                            "1",
                            "2"
                        ]
                    }
                ]
            }
        },
        {
            "user_id": "21405330",
            "session_id": "21405330_1475686010264",
            "timestamp": 1475673791831,
            "sequence_id": 2,
            "section_id": 1,
            "activity_id": 0,
            "activity_kind": "dragdrop",
            "data": {
                "kind": "Input",
                "user_input": [
                    {
                        "slot": 0,
                        "stickers": []
                    },
                    {
                        "slot": 1,
                        "stickers": []
                    },
                    {
                        "slot": 2,
                        "stickers": []
                    },
                    {
                        "slot": 3,
                        "stickers": [
                            "0"
                        ]
                    }
                ]
            }
        },
        {
            "user_id": "21405330",
            "session_id": "21405330_1475686010264",
            "timestamp": 1475674024581,
            "sequence_id": 2,
            "section_id": 1,
            "activity_id": 1,
            "activity_kind": "curvetest",
            "data": {
                "kind": "Input",
                "user_input": [
                    0.5564102564102564,
                    0.8025641025641026,
                    1,
                    0.9948717948717949,
                    0.9923076923076923,
                    0.9948717948717949,
                    1
                ]
            }
        },
        {
            "user_id": "21405330",
            "session_id": "21405330_1475686010264",
            "timestamp": 1475674276874,
            "sequence_id": 2,
            "section_id": 2,
            "activity_id": 0,
            "activity_kind": "planif",
            "data": {
                "kind": "Input",
                "user_input": {
                    "protocol": [
                        "-36",
                        "72",
                        "12"
                    ],
                    "temoincheck": true,
                    "culture": [
                        {
                            "condition": "- sérum",
                            "time": "0"
                        }
                    ],
                    "temoin": [
                        {
                            "condition": "+ sérum",
                            "time": "0"
                        }
                    ]
                }
            }
        },
        {
            "user_id": "21405330",
            "session_id": "21405330_1475686010264",
            "timestamp": 1475674424420,
            "sequence_id": 2,
            "section_id": 2,
            "activity_id": 1,
            "activity_kind": "dragdrop",
            "data": {
                "kind": "Input",
                "user_input": [
                    {
                        "slot": 0,
                        "stickers": [
                            "8"
                        ]
                    }
                ]
            }
        },
        {
            "user_id": "21405330",
            "session_id": "21405330_1475686010264",
            "timestamp": 1475676116668,
            "sequence_id": 2,
            "section_id": 2,
            "activity_id": 5,
            "activity_kind": "doublepipette",
            "data": {
                "kind": "Input",
                "user_input": [
                    2.6799999999999997,
                    0,
                    16.08,
                    2.7285714285714286,
                    0.09999999999999999,
                    19.1
                ]
            }
        },
        {
            "user_id": "21405330",
            "session_id": "21405330_1475686010264",
            "timestamp": 1475676119212,
            "sequence_id": 2,
            "section_id": 2,
            "activity_id": 5,
            "activity_kind": "doublepipette",
            "data": {
                "kind": "Input",
                "user_input": [
                    2.6799999999999997,
                    0,
                    16.08,
                    2.7285714285714286,
                    0.09999999999999999,
                    19.1
                ]
            }
        },
        {
            "user_id": "21405330",
            "session_id": "21405330_1475686010264",
            "timestamp": 1475676119731,
            "sequence_id": 2,
            "section_id": 2,
            "activity_id": 5,
            "activity_kind": "doublepipette",
            "data": {
                "kind": "Input",
                "user_input": [
                    2.6799999999999997,
                    0,
                    16.08,
                    2.7285714285714286,
                    0.09999999999999999,
                    19.1
                ]
            }
        },
        {
            "user_id": "21405330",
            "session_id": "21405330_1475686010264",
            "timestamp": 1475676177124,
            "sequence_id": 2,
            "section_id": 4,
            "activity_id": 0,
            "activity_kind": "dragdrop",
            "data": {
                "kind": "Input",
                "user_input": [
                    {
                        "slot": 0,
                        "stickers": [
                            "0"
                        ]
                    },
                    {
                        "slot": 1,
                        "stickers": [
                            "1"
                        ]
                    },
                    {
                        "slot": 2,
                        "stickers": [
                            "2"
                        ]
                    },
                    {
                        "slot": 3,
                        "stickers": [
                            "3"
                        ]
                    },
                    {
                        "slot": 4,
                        "stickers": [
                            "4"
                        ]
                    }
                ]
            }
        },
        {
            "user_id": "21405330",
            "session_id": "21405330_1475686010264",
            "timestamp": 1475676179767,
            "sequence_id": 2,
            "section_id": 4,
            "activity_id": 1,
            "activity_kind": "dragdrop",
            "data": {
                "kind": "Input",
                "user_input": [
                    {
                        "slot": 0,
                        "stickers": []
                    },
                    {
                        "slot": 1,
                        "stickers": []
                    },
                    {
                        "slot": 2,
                        "stickers": []
                    },
                    {
                        "slot": 3,
                        "stickers": [
                            "0"
                        ]
                    }
                ]
            }
        },
        {
            "user_id": "21405330",
            "session_id": "21405330_1475686010264",
            "timestamp": 1475676185831,
            "sequence_id": 2,
            "section_id": 4,
            "activity_id": 2,
            "activity_kind": "curvestar",
            "data": {
                "kind": "Input",
                "user_input": [
                    0.5564102564102564,
                    0.8025641025641026,
                    1,
                    0.9948717948717949,
                    0.9923076923076923,
                    0.9948717948717949,
                    1
                ]
            }
        },
        {
            "user_id": "21405330",
            "session_id": "21405330_1475686010264",
            "timestamp": 1475676192914,
            "sequence_id": 2,
            "section_id": 4,
            "activity_id": 2,
            "activity_kind": "curvestar",
            "data": {
                "kind": "Input",
                "user_input": [
                    0.5564102564102564,
                    0.7,
                    1,
                    0.9948717948717949,
                    0.9923076923076923,
                    0.9948717948717949,
                    1
                ]
            }
        },
        {
            "user_id": "21405330",
            "session_id": "21405330_1475686010264",
            "timestamp": 1475676195600,
            "sequence_id": 2,
            "section_id": 4,
            "activity_id": 2,
            "activity_kind": "curvestar",
            "data": {
                "kind": "Input",
                "user_input": [
                    0.5564102564102564,
                    0.7,
                    0.8589743589743589,
                    0.9948717948717949,
                    0.9923076923076923,
                    0.9948717948717949,
                    1
                ]
            }
        },
        {
            "user_id": "21405330",
            "session_id": "21405330_1475686010264",
            "timestamp": 1475676201944,
            "sequence_id": 2,
            "section_id": 4,
            "activity_id": 2,
            "activity_kind": "curvestar",
            "data": {
                "kind": "Input",
                "user_input": [
                    0.5564102564102564,
                    0.7,
                    0.8641025641025641,
                    0.9948717948717949,
                    0.9923076923076923,
                    0.9948717948717949,
                    1
                ]
            }
        },
        {
            "user_id": "21405330",
            "session_id": "21405330_1475686010264",
            "timestamp": 1475676205176,
            "sequence_id": 2,
            "section_id": 4,
            "activity_id": 2,
            "activity_kind": "curvestar",
            "data": {
                "kind": "Input",
                "user_input": [
                    0.5564102564102564,
                    0.7,
                    0.8641025641025641,
                    0.9230769230769231,
                    0.9923076923076923,
                    0.9948717948717949,
                    1
                ]
            }
        },
        {
            "user_id": "21405330",
            "session_id": "21405330_1475686010264",
            "timestamp": 1475676206232,
            "sequence_id": 2,
            "section_id": 4,
            "activity_id": 2,
            "activity_kind": "curvestar",
            "data": {
                "kind": "Input",
                "user_input": [
                    0.5564102564102564,
                    0.7,
                    0.8153846153846154,
                    0.9230769230769231,
                    0.9923076923076923,
                    0.9948717948717949,
                    1
                ]
            }
        },
        {
            "user_id": "21405330",
            "session_id": "21405330_1475686010264",
            "timestamp": 1475676208039,
            "sequence_id": 2,
            "section_id": 4,
            "activity_id": 2,
            "activity_kind": "curvestar",
            "data": {
                "kind": "Input",
                "user_input": [
                    0.5564102564102564,
                    0.6743589743589744,
                    0.8153846153846154,
                    0.9230769230769231,
                    0.9923076923076923,
                    0.9948717948717949,
                    1
                ]
            }
        },
        {
            "user_id": "21405330",
            "session_id": "21405330_1475686010264",
            "timestamp": 1475676209336,
            "sequence_id": 2,
            "section_id": 4,
            "activity_id": 2,
            "activity_kind": "curvestar",
            "data": {
                "kind": "Input",
                "user_input": [
                    0.5564102564102564,
                    0.6743589743589744,
                    0.8,
                    0.9230769230769231,
                    0.9923076923076923,
                    0.9948717948717949,
                    1
                ]
            }
        },
        {
            "user_id": "21405330",
            "session_id": "21405330_1475686010264",
            "timestamp": 1475676210560,
            "sequence_id": 2,
            "section_id": 4,
            "activity_id": 2,
            "activity_kind": "curvestar",
            "data": {
                "kind": "Input",
                "user_input": [
                    0.5564102564102564,
                    0.6743589743589744,
                    0.8,
                    0.9205128205128205,
                    0.9923076923076923,
                    0.9948717948717949,
                    1
                ]
            }
        },
        {
            "user_id": "21405330",
            "session_id": "21405330_1475686010264",
            "timestamp": 1475676212008,
            "sequence_id": 2,
            "section_id": 4,
            "activity_id": 2,
            "activity_kind": "curvestar",
            "data": {
                "kind": "Input",
                "user_input": [
                    0.5564102564102564,
                    0.6743589743589744,
                    0.8,
                    0.9025641025641026,
                    0.9923076923076923,
                    0.9948717948717949,
                    1
                ]
            }
        },
        {
            "user_id": "21405330",
            "session_id": "21405330_1475686010264",
            "timestamp": 1475676214255,
            "sequence_id": 2,
            "section_id": 4,
            "activity_id": 2,
            "activity_kind": "curvestar",
            "data": {
                "kind": "Input",
                "user_input": [
                    0.5564102564102564,
                    0.6743589743589744,
                    0.8,
                    0.9025641025641026,
                    0.9358974358974359,
                    0.9948717948717949,
                    1
                ]
            }
        },
        {
            "user_id": "21405330",
            "session_id": "21405330_1475686010264",
            "timestamp": 1475676216279,
            "sequence_id": 2,
            "section_id": 4,
            "activity_id": 2,
            "activity_kind": "curvestar",
            "data": {
                "kind": "Input",
                "user_input": [
                    0.5564102564102564,
                    0.6743589743589744,
                    0.8,
                    0.9025641025641026,
                    0.9358974358974359,
                    0.9948717948717949,
                    1
                ]
            }
        },
        {
            "user_id": "21405330",
            "session_id": "21405330_1475686010264",
            "timestamp": 1475676217191,
            "sequence_id": 2,
            "section_id": 4,
            "activity_id": 2,
            "activity_kind": "curvestar",
            "data": {
                "kind": "Input",
                "user_input": [
                    0.5564102564102564,
                    0.6743589743589744,
                    0.8,
                    0.9025641025641026,
                    0.9615384615384616,
                    0.9948717948717949,
                    1
                ]
            }
        },
        {
            "user_id": "21405330",
            "session_id": "21405330_1475686010264",
            "timestamp": 1475676223815,
            "sequence_id": 2,
            "section_id": 4,
            "activity_id": 2,
            "activity_kind": "curvestar",
            "data": {
                "kind": "Input",
                "user_input": [
                    0.5564102564102564,
                    0.6743589743589744,
                    0.7692307692307693,
                    0.9025641025641026,
                    0.9615384615384616,
                    0.9948717948717949,
                    1
                ]
            }
        },
        {
            "user_id": "21405330",
            "session_id": "21405330_1475686010264",
            "timestamp": 1475676226303,
            "sequence_id": 2,
            "section_id": 4,
            "activity_id": 2,
            "activity_kind": "curvestar",
            "data": {
                "kind": "Input",
                "user_input": [
                    0.5564102564102564,
                    0.6435897435897436,
                    0.7692307692307693,
                    0.9025641025641026,
                    0.9615384615384616,
                    0.9948717948717949,
                    1
                ]
            }
        },
        {
            "user_id": "21405330",
            "session_id": "21405330_1475686010264",
            "timestamp": 1475676228871,
            "sequence_id": 2,
            "section_id": 4,
            "activity_id": 2,
            "activity_kind": "curvestar",
            "data": {
                "kind": "Input",
                "user_input": [
                    0.5564102564102564,
                    0.6128205128205129,
                    0.7692307692307693,
                    0.9025641025641026,
                    0.9615384615384616,
                    0.9948717948717949,
                    1
                ]
            }
        },
        {
            "user_id": "21405330",
            "session_id": "21405330_1475686010264",
            "timestamp": 1475676232102,
            "sequence_id": 2,
            "section_id": 4,
            "activity_id": 2,
            "activity_kind": "curvestar",
            "data": {
                "kind": "Input",
                "user_input": [
                    0.5564102564102564,
                    0.6051282051282051,
                    0.7692307692307693,
                    0.9025641025641026,
                    0.9615384615384616,
                    0.9948717948717949,
                    1
                ]
            }
        },
        {
            "user_id": "21405330",
            "session_id": "21405330_1475686010264",
            "timestamp": 1475676234030,
            "sequence_id": 2,
            "section_id": 4,
            "activity_id": 2,
            "activity_kind": "curvestar",
            "data": {
                "kind": "Input",
                "user_input": [
                    0.5564102564102564,
                    0.6051282051282051,
                    0.7692307692307693,
                    0.8743589743589744,
                    0.9615384615384616,
                    0.9948717948717949,
                    1
                ]
            }
        },
        {
            "user_id": "21405330",
            "session_id": "21405330_1475686010264",
            "timestamp": 1475676241262,
            "sequence_id": 2,
            "section_id": 4,
            "activity_id": 2,
            "activity_kind": "curvestar",
            "data": {
                "kind": "Input",
                "user_input": [
                    0.5564102564102564,
                    0.6051282051282051,
                    0.7692307692307693,
                    0.7769230769230769,
                    0.9615384615384616,
                    0.9948717948717949,
                    1
                ]
            }
        },
        {
            "user_id": "21405330",
            "session_id": "21405330_1475686010264",
            "timestamp": 1475676245694,
            "sequence_id": 2,
            "section_id": 4,
            "activity_id": 2,
            "activity_kind": "curvestar",
            "data": {
                "kind": "Input",
                "user_input": [
                    0.5564102564102564,
                    0.6051282051282051,
                    0.6692307692307692,
                    0.7769230769230769,
                    0.9615384615384616,
                    0.9948717948717949,
                    1
                ]
            }
        },
        {
            "user_id": "21405330",
            "session_id": "21405330_1475686010264",
            "timestamp": 1475676246846,
            "sequence_id": 2,
            "section_id": 4,
            "activity_id": 2,
            "activity_kind": "curvestar",
            "data": {
                "kind": "Input",
                "user_input": [
                    0.5564102564102564,
                    0.6051282051282051,
                    0.6461538461538462,
                    0.7769230769230769,
                    0.9615384615384616,
                    0.9948717948717949,
                    1
                ]
            }
        },
        {
            "user_id": "21405330",
            "session_id": "21405330_1475686010264",
            "timestamp": 1475676307220,
            "sequence_id": 2,
            "section_id": 5,
            "activity_id": 0,
            "activity_kind": "synthesis",
            "data": {
                "kind": "Input",
                "user_input": [
                    "prolifération",
                    "facteurs de croissance",
                    "le point de restriction",
                    "G1",
                    "synchronisées",
                    "G0"
                ]
            }
        }
    ]
}