{
    "inputs": [
        {
            "user_id": "21400278",
            "session_id": "21400278_1474995574182",
            "timestamp": 1474982758306,
            "sequence_id": 2,
            "section_id": 0,
            "activity_id": 0,
            "activity_kind": "dragdrop",
            "data": {
                "kind": "Input",
                "user_input": [
                    {
                        "slot": 0,
                        "stickers": [
                            "4"
                        ]
                    },
                    {
                        "slot": 1,
                        "stickers": [
                            "2"
                        ]
                    },
                    {
                        "slot": 2,
                        "stickers": [
                            "1"
                        ]
                    },
                    {
                        "slot": 3,
                        "stickers": [
                            "6"
                        ]
                    },
                    {
                        "slot": 4,
                        "stickers": [
                            "5"
                        ]
                    },
                    {
                        "slot": 5,
                        "stickers": [
                            "0"
                        ]
                    },
                    {
                        "slot": 6,
                        "stickers": [
                            "2"
                        ]
                    },
                    {
                        "slot": 7,
                        "stickers": [
                            "0"
                        ]
                    }
                ]
            }
        },
        {
            "user_id": "21400278",
            "session_id": "21400278_1474995574182",
            "timestamp": 1474982760809,
            "sequence_id": 2,
            "section_id": 0,
            "activity_id": 0,
            "activity_kind": "dragdrop",
            "data": {
                "kind": "Input",
                "user_input": [
                    {
                        "slot": 0,
                        "stickers": [
                            "4"
                        ]
                    },
                    {
                        "slot": 1,
                        "stickers": [
                            "2"
                        ]
                    },
                    {
                        "slot": 2,
                        "stickers": [
                            "1"
                        ]
                    },
                    {
                        "slot": 3,
                        "stickers": [
                            "6"
                        ]
                    },
                    {
                        "slot": 4,
                        "stickers": [
                            "5"
                        ]
                    },
                    {
                        "slot": 5,
                        "stickers": [
                            "0"
                        ]
                    },
                    {
                        "slot": 6,
                        "stickers": [
                            "2"
                        ]
                    },
                    {
                        "slot": 7,
                        "stickers": [
                            "0"
                        ]
                    }
                ]
            }
        },
        {
            "user_id": "21400278",
            "session_id": "21400278_1474995574182",
            "timestamp": 1474982761272,
            "sequence_id": 2,
            "section_id": 0,
            "activity_id": 0,
            "activity_kind": "dragdrop",
            "data": {
                "kind": "Input",
                "user_input": [
                    {
                        "slot": 0,
                        "stickers": [
                            "4"
                        ]
                    },
                    {
                        "slot": 1,
                        "stickers": [
                            "2"
                        ]
                    },
                    {
                        "slot": 2,
                        "stickers": [
                            "1"
                        ]
                    },
                    {
                        "slot": 3,
                        "stickers": [
                            "6"
                        ]
                    },
                    {
                        "slot": 4,
                        "stickers": [
                            "5"
                        ]
                    },
                    {
                        "slot": 5,
                        "stickers": [
                            "0"
                        ]
                    },
                    {
                        "slot": 6,
                        "stickers": [
                            "2"
                        ]
                    },
                    {
                        "slot": 7,
                        "stickers": [
                            "0"
                        ]
                    }
                ]
            }
        },
        {
            "user_id": "21400278",
            "session_id": "21400278_1474995574182",
            "timestamp": 1474982843002,
            "sequence_id": 2,
            "section_id": 0,
            "activity_id": 1,
            "activity_kind": "dragdrop",
            "data": {
                "kind": "Input",
                "user_input": [
                    {
                        "slot": 0,
                        "stickers": [
                            "0"
                        ]
                    },
                    {
                        "slot": 1,
                        "stickers": [
                            "1"
                        ]
                    },
                    {
                        "slot": 2,
                        "stickers": [
                            "2"
                        ]
                    }
                ]
            }
        },
        {
            "user_id": "21400278",
            "session_id": "21400278_1474995574182",
            "timestamp": 1474982853749,
            "sequence_id": 2,
            "section_id": 0,
            "activity_id": 1,
            "activity_kind": "dragdrop",
            "data": {
                "kind": "Input",
                "user_input": [
                    {
                        "slot": 0,
                        "stickers": [
                            "0"
                        ]
                    },
                    {
                        "slot": 1,
                        "stickers": [
                            "1",
                            "3"
                        ]
                    },
                    {
                        "slot": 2,
                        "stickers": [
                            "2"
                        ]
                    }
                ]
            }
        },
        {
            "user_id": "21400278",
            "session_id": "21400278_1474995574182",
            "timestamp": 1474982863562,
            "sequence_id": 2,
            "section_id": 0,
            "activity_id": 1,
            "activity_kind": "dragdrop",
            "data": {
                "kind": "Input",
                "user_input": [
                    {
                        "slot": 0,
                        "stickers": [
                            "0"
                        ]
                    },
                    {
                        "slot": 1,
                        "stickers": [
                            "3"
                        ]
                    },
                    {
                        "slot": 2,
                        "stickers": [
                            "2",
                            "1"
                        ]
                    }
                ]
            }
        },
        {
            "user_id": "21400278",
            "session_id": "21400278_1474995574182",
            "timestamp": 1474982912825,
            "sequence_id": 2,
            "section_id": 1,
            "activity_id": 0,
            "activity_kind": "dragdrop",
            "data": {
                "kind": "Input",
                "user_input": [
                    {
                        "slot": 0,
                        "stickers": []
                    },
                    {
                        "slot": 1,
                        "stickers": [
                            "0"
                        ]
                    },
                    {
                        "slot": 2,
                        "stickers": []
                    },
                    {
                        "slot": 3,
                        "stickers": []
                    }
                ]
            }
        },
        {
            "user_id": "21400278",
            "session_id": "21400278_1474995574182",
            "timestamp": 1474982970271,
            "sequence_id": 2,
            "section_id": 1,
            "activity_id": 1,
            "activity_kind": "curvetest",
            "data": {
                "kind": "Input",
                "user_input": [
                    0.29743589743589743,
                    0.29743589743589743,
                    0.30256410256410254,
                    0.517948717948718,
                    0.8025641025641026,
                    0.8179487179487179,
                    0.8102564102564103
                ]
            }
        },
        {
            "user_id": "21400278",
            "session_id": "21400278_1474995574182",
            "timestamp": 1474983033900,
            "sequence_id": 2,
            "section_id": 2,
            "activity_id": -1,
            "activity_kind": "planif",
            "data": {
                "kind": "Input",
                "user_input": {
                    "protocol": [
                        "-36",
                        "132",
                        "24"
                    ],
                    "temoincheck": false,
                    "culture": [],
                    "temoin": []
                }
            }
        },
        {
            "user_id": "21400278",
            "session_id": "21400278_1474995574182",
            "timestamp": 1474983038114,
            "sequence_id": 2,
            "section_id": 2,
            "activity_id": -1,
            "activity_kind": "planif",
            "data": {
                "kind": "Input",
                "user_input": {
                    "protocol": [
                        "-36",
                        "132",
                        "24"
                    ],
                    "temoincheck": false,
                    "culture": [],
                    "temoin": []
                }
            }
        },
        {
            "user_id": "21400278",
            "session_id": "21400278_1474995574182",
            "timestamp": 1474983038642,
            "sequence_id": 2,
            "section_id": 2,
            "activity_id": -1,
            "activity_kind": "planif",
            "data": {
                "kind": "Input",
                "user_input": {
                    "protocol": [
                        "-36",
                        "132",
                        "24"
                    ],
                    "temoincheck": false,
                    "culture": [],
                    "temoin": []
                }
            }
        },
        {
            "user_id": "21400278",
            "session_id": "21400278_1474995574182",
            "timestamp": 1474983133821,
            "sequence_id": 2,
            "section_id": 2,
            "activity_id": 1,
            "activity_kind": "dragdrop",
            "data": {
                "kind": "Input",
                "user_input": [
                    {
                        "slot": 0,
                        "stickers": [
                            "8"
                        ]
                    }
                ]
            }
        },
        {
            "user_id": "21400278",
            "session_id": "21400278_1474995574182",
            "timestamp": 1474983389296,
            "sequence_id": 2,
            "section_id": 2,
            "activity_id": 5,
            "activity_kind": "doublepipette",
            "data": {
                "kind": "Input",
                "user_input": [
                    7.5,
                    0.1111111111111111,
                    45,
                    0,
                    0,
                    0
                ]
            }
        },
        {
            "user_id": "21400278",
            "session_id": "21400278_1474995574182",
            "timestamp": 1474983419505,
            "sequence_id": 2,
            "section_id": 2,
            "activity_id": 5,
            "activity_kind": "doublepipette",
            "data": {
                "kind": "Input",
                "user_input": [
                    0,
                    0,
                    0,
                    0,
                    0,
                    0
                ]
            }
        },
        {
            "user_id": "21400278",
            "session_id": "21400278_1474995574182",
            "timestamp": 1474983420360,
            "sequence_id": 2,
            "section_id": 2,
            "activity_id": 5,
            "activity_kind": "doublepipette",
            "data": {
                "kind": "Input",
                "user_input": [
                    0,
                    0,
                    0,
                    0,
                    0,
                    0
                ]
            }
        },
        {
            "user_id": "21400278",
            "session_id": "21400278_1474995574182",
            "timestamp": 1474983535908,
            "sequence_id": 2,
            "section_id": 4,
            "activity_id": 0,
            "activity_kind": "dragdrop",
            "data": {
                "kind": "Input",
                "user_input": [
                    {
                        "slot": 0,
                        "stickers": [
                            "3"
                        ]
                    },
                    {
                        "slot": 1,
                        "stickers": [
                            "2"
                        ]
                    },
                    {
                        "slot": 2,
                        "stickers": [
                            "1"
                        ]
                    },
                    {
                        "slot": 3,
                        "stickers": [
                            "0"
                        ]
                    },
                    {
                        "slot": 4,
                        "stickers": [
                            "4"
                        ]
                    }
                ]
            }
        },
        {
            "user_id": "21400278",
            "session_id": "21400278_1474995574182",
            "timestamp": 1474983556661,
            "sequence_id": 2,
            "section_id": 4,
            "activity_id": 0,
            "activity_kind": "dragdrop",
            "data": {
                "kind": "Input",
                "user_input": [
                    {
                        "slot": 0,
                        "stickers": [
                            "2"
                        ]
                    },
                    {
                        "slot": 1,
                        "stickers": [
                            "0"
                        ]
                    },
                    {
                        "slot": 2,
                        "stickers": [
                            "1"
                        ]
                    },
                    {
                        "slot": 3,
                        "stickers": [
                            "3"
                        ]
                    },
                    {
                        "slot": 4,
                        "stickers": [
                            "4"
                        ]
                    }
                ]
            }
        },
        {
            "user_id": "21400278",
            "session_id": "21400278_1474995574182",
            "timestamp": 1474983559236,
            "sequence_id": 2,
            "section_id": 4,
            "activity_id": 0,
            "activity_kind": "dragdrop",
            "data": {
                "kind": "Input",
                "user_input": [
                    {
                        "slot": 0,
                        "stickers": [
                            "2"
                        ]
                    },
                    {
                        "slot": 1,
                        "stickers": [
                            "0"
                        ]
                    },
                    {
                        "slot": 2,
                        "stickers": [
                            "1"
                        ]
                    },
                    {
                        "slot": 3,
                        "stickers": [
                            "3"
                        ]
                    },
                    {
                        "slot": 4,
                        "stickers": [
                            "4"
                        ]
                    }
                ]
            }
        },
        {
            "user_id": "21400278",
            "session_id": "21400278_1474995574182",
            "timestamp": 1474983580920,
            "sequence_id": 2,
            "section_id": 4,
            "activity_id": 1,
            "activity_kind": "dragdrop",
            "data": {
                "kind": "Input",
                "user_input": [
                    {
                        "slot": 0,
                        "stickers": []
                    },
                    {
                        "slot": 1,
                        "stickers": [
                            "0"
                        ]
                    },
                    {
                        "slot": 2,
                        "stickers": []
                    },
                    {
                        "slot": 3,
                        "stickers": []
                    }
                ]
            }
        },
        {
            "user_id": "21400278",
            "session_id": "21400278_1474995574182",
            "timestamp": 1474983600795,
            "sequence_id": 2,
            "section_id": 4,
            "activity_id": 1,
            "activity_kind": "dragdrop",
            "data": {
                "kind": "Input",
                "user_input": [
                    {
                        "slot": 0,
                        "stickers": []
                    },
                    {
                        "slot": 1,
                        "stickers": [
                            "0"
                        ]
                    },
                    {
                        "slot": 2,
                        "stickers": []
                    },
                    {
                        "slot": 3,
                        "stickers": []
                    }
                ]
            }
        },
        {
            "user_id": "21400278",
            "session_id": "21400278_1474995574182",
            "timestamp": 1474983600799,
            "sequence_id": 2,
            "section_id": 4,
            "activity_id": 1,
            "activity_kind": "dragdrop",
            "data": {
                "kind": "Input",
                "user_input": [
                    {
                        "slot": 0,
                        "stickers": []
                    },
                    {
                        "slot": 1,
                        "stickers": [
                            "0"
                        ]
                    },
                    {
                        "slot": 2,
                        "stickers": []
                    },
                    {
                        "slot": 3,
                        "stickers": [
                            "0"
                        ]
                    }
                ]
            }
        },
        {
            "user_id": "21400278",
            "session_id": "21400278_1474995574182",
            "timestamp": 1474983604699,
            "sequence_id": 2,
            "section_id": 4,
            "activity_id": 1,
            "activity_kind": "dragdrop",
            "data": {
                "kind": "Input",
                "user_input": [
                    {
                        "slot": 0,
                        "stickers": []
                    },
                    {
                        "slot": 1,
                        "stickers": [
                            "0"
                        ]
                    },
                    {
                        "slot": 2,
                        "stickers": []
                    },
                    {
                        "slot": 3,
                        "stickers": [
                            "0"
                        ]
                    }
                ]
            }
        },
        {
            "user_id": "21400278",
            "session_id": "21400278_1474995574182",
            "timestamp": 1474983604703,
            "sequence_id": 2,
            "section_id": 4,
            "activity_id": 1,
            "activity_kind": "dragdrop",
            "data": {
                "kind": "Input",
                "user_input": [
                    {
                        "slot": 0,
                        "stickers": []
                    },
                    {
                        "slot": 1,
                        "stickers": [
                            "0"
                        ]
                    },
                    {
                        "slot": 2,
                        "stickers": [
                            "0"
                        ]
                    },
                    {
                        "slot": 3,
                        "stickers": []
                    }
                ]
            }
        },
        {
            "user_id": "21400278",
            "session_id": "21400278_1474995574182",
            "timestamp": 1474983609106,
            "sequence_id": 2,
            "section_id": 4,
            "activity_id": 1,
            "activity_kind": "dragdrop",
            "data": {
                "kind": "Input",
                "user_input": [
                    {
                        "slot": 0,
                        "stickers": []
                    },
                    {
                        "slot": 1,
                        "stickers": [
                            "0"
                        ]
                    },
                    {
                        "slot": 2,
                        "stickers": [
                            "0"
                        ]
                    },
                    {
                        "slot": 3,
                        "stickers": []
                    }
                ]
            }
        },
        {
            "user_id": "21400278",
            "session_id": "21400278_1474995574182",
            "timestamp": 1474983609110,
            "sequence_id": 2,
            "section_id": 4,
            "activity_id": 1,
            "activity_kind": "dragdrop",
            "data": {
                "kind": "Input",
                "user_input": [
                    {
                        "slot": 0,
                        "stickers": [
                            "0"
                        ]
                    },
                    {
                        "slot": 1,
                        "stickers": [
                            "0"
                        ]
                    },
                    {
                        "slot": 2,
                        "stickers": []
                    },
                    {
                        "slot": 3,
                        "stickers": []
                    }
                ]
            }
        },
        {
            "user_id": "21400278",
            "session_id": "21400278_1474995574182",
            "timestamp": 1474983611627,
            "sequence_id": 2,
            "section_id": 4,
            "activity_id": 1,
            "activity_kind": "dragdrop",
            "data": {
                "kind": "Input",
                "user_input": [
                    {
                        "slot": 0,
                        "stickers": [
                            "0"
                        ]
                    },
                    {
                        "slot": 1,
                        "stickers": [
                            "0"
                        ]
                    },
                    {
                        "slot": 2,
                        "stickers": []
                    },
                    {
                        "slot": 3,
                        "stickers": []
                    }
                ]
            }
        },
        {
            "user_id": "21400278",
            "session_id": "21400278_1474995574182",
            "timestamp": 1474983611633,
            "sequence_id": 2,
            "section_id": 4,
            "activity_id": 1,
            "activity_kind": "dragdrop",
            "data": {
                "kind": "Input",
                "user_input": [
                    {
                        "slot": 0,
                        "stickers": []
                    },
                    {
                        "slot": 1,
                        "stickers": [
                            "0"
                        ]
                    },
                    {
                        "slot": 2,
                        "stickers": []
                    },
                    {
                        "slot": 3,
                        "stickers": [
                            "0"
                        ]
                    }
                ]
            }
        },
        {
            "user_id": "21400278",
            "session_id": "21400278_1474995574182",
            "timestamp": 1474983616295,
            "sequence_id": 2,
            "section_id": 4,
            "activity_id": 1,
            "activity_kind": "dragdrop",
            "data": {
                "kind": "Input",
                "user_input": [
                    {
                        "slot": 0,
                        "stickers": []
                    },
                    {
                        "slot": 1,
                        "stickers": [
                            "0"
                        ]
                    },
                    {
                        "slot": 2,
                        "stickers": []
                    },
                    {
                        "slot": 3,
                        "stickers": [
                            "0"
                        ]
                    }
                ]
            }
        },
        {
            "user_id": "21400278",
            "session_id": "21400278_1474995574182",
            "timestamp": 1474983616297,
            "sequence_id": 2,
            "section_id": 4,
            "activity_id": 1,
            "activity_kind": "dragdrop",
            "data": {
                "kind": "Input",
                "user_input": [
                    {
                        "slot": 0,
                        "stickers": []
                    },
                    {
                        "slot": 1,
                        "stickers": [
                            "0"
                        ]
                    },
                    {
                        "slot": 2,
                        "stickers": []
                    },
                    {
                        "slot": 3,
                        "stickers": [
                            "0"
                        ]
                    }
                ]
            }
        },
        {
            "user_id": "21400278",
            "session_id": "21400278_1474995574182",
            "timestamp": 1474983638688,
            "sequence_id": 2,
            "section_id": 4,
            "activity_id": 2,
            "activity_kind": "curvestar",
            "data": {
                "kind": "Input",
                "user_input": [
                    0.29743589743589743,
                    0.29743589743589743,
                    0.30256410256410254,
                    0.517948717948718,
                    0.8025641025641026,
                    0.8179487179487179,
                    0.8102564102564103
                ]
            }
        },
        {
            "user_id": "21400278",
            "session_id": "21400278_1474995574182",
            "timestamp": 1474983645762,
            "sequence_id": 2,
            "section_id": 4,
            "activity_id": 2,
            "activity_kind": "curvestar",
            "data": {
                "kind": "Input",
                "user_input": [
                    0.29743589743589743,
                    0.29743589743589743,
                    0.36923076923076925,
                    0.517948717948718,
                    0.8025641025641026,
                    0.8179487179487179,
                    0.8102564102564103
                ]
            }
        },
        {
            "user_id": "21400278",
            "session_id": "21400278_1474995574182",
            "timestamp": 1474983647322,
            "sequence_id": 2,
            "section_id": 4,
            "activity_id": 2,
            "activity_kind": "curvestar",
            "data": {
                "kind": "Input",
                "user_input": [
                    0.29743589743589743,
                    0.29743589743589743,
                    0.4846153846153846,
                    0.517948717948718,
                    0.8025641025641026,
                    0.8179487179487179,
                    0.8102564102564103
                ]
            }
        },
        {
            "user_id": "21400278",
            "session_id": "21400278_1474995574182",
            "timestamp": 1474983649011,
            "sequence_id": 2,
            "section_id": 4,
            "activity_id": 2,
            "activity_kind": "curvestar",
            "data": {
                "kind": "Input",
                "user_input": [
                    0.29743589743589743,
                    0.29743589743589743,
                    0.558974358974359,
                    0.517948717948718,
                    0.8025641025641026,
                    0.8179487179487179,
                    0.8102564102564103
                ]
            }
        },
        {
            "user_id": "21400278",
            "session_id": "21400278_1474995574182",
            "timestamp": 1474983650875,
            "sequence_id": 2,
            "section_id": 4,
            "activity_id": 2,
            "activity_kind": "curvestar",
            "data": {
                "kind": "Input",
                "user_input": [
                    0.29743589743589743,
                    0.29743589743589743,
                    0.558974358974359,
                    0.6666666666666666,
                    0.8025641025641026,
                    0.8179487179487179,
                    0.8102564102564103
                ]
            }
        },
        {
            "user_id": "21400278",
            "session_id": "21400278_1474995574182",
            "timestamp": 1474983652331,
            "sequence_id": 2,
            "section_id": 4,
            "activity_id": 2,
            "activity_kind": "curvestar",
            "data": {
                "kind": "Input",
                "user_input": [
                    0.29743589743589743,
                    0.29743589743589743,
                    0.558974358974359,
                    0.7384615384615385,
                    0.8025641025641026,
                    0.8179487179487179,
                    0.8102564102564103
                ]
            }
        },
        {
            "user_id": "21400278",
            "session_id": "21400278_1474995574182",
            "timestamp": 1474983655451,
            "sequence_id": 2,
            "section_id": 4,
            "activity_id": 2,
            "activity_kind": "curvestar",
            "data": {
                "kind": "Input",
                "user_input": [
                    0.29743589743589743,
                    0.3384615384615385,
                    0.558974358974359,
                    0.7384615384615385,
                    0.8025641025641026,
                    0.8179487179487179,
                    0.8102564102564103
                ]
            }
        },
        {
            "user_id": "21400278",
            "session_id": "21400278_1474995574182",
            "timestamp": 1474983657123,
            "sequence_id": 2,
            "section_id": 4,
            "activity_id": 2,
            "activity_kind": "curvestar",
            "data": {
                "kind": "Input",
                "user_input": [
                    0.29743589743589743,
                    0.4153846153846154,
                    0.558974358974359,
                    0.7384615384615385,
                    0.8025641025641026,
                    0.8179487179487179,
                    0.8102564102564103
                ]
            }
        },
        {
            "user_id": "21400278",
            "session_id": "21400278_1474995574182",
            "timestamp": 1474983658539,
            "sequence_id": 2,
            "section_id": 4,
            "activity_id": 2,
            "activity_kind": "curvestar",
            "data": {
                "kind": "Input",
                "user_input": [
                    0.29743589743589743,
                    0.48205128205128206,
                    0.558974358974359,
                    0.7384615384615385,
                    0.8025641025641026,
                    0.8179487179487179,
                    0.8102564102564103
                ]
            }
        },
        {
            "user_id": "21400278",
            "session_id": "21400278_1474995574182",
            "timestamp": 1474983660259,
            "sequence_id": 2,
            "section_id": 4,
            "activity_id": 2,
            "activity_kind": "curvestar",
            "data": {
                "kind": "Input",
                "user_input": [
                    0.29743589743589743,
                    0.48205128205128206,
                    0.6076923076923076,
                    0.7384615384615385,
                    0.8025641025641026,
                    0.8179487179487179,
                    0.8102564102564103
                ]
            }
        },
        {
            "user_id": "21400278",
            "session_id": "21400278_1474995574182",
            "timestamp": 1474983661651,
            "sequence_id": 2,
            "section_id": 4,
            "activity_id": 2,
            "activity_kind": "curvestar",
            "data": {
                "kind": "Input",
                "user_input": [
                    0.29743589743589743,
                    0.48205128205128206,
                    0.7,
                    0.7384615384615385,
                    0.8025641025641026,
                    0.8179487179487179,
                    0.8102564102564103
                ]
            }
        },
        {
            "user_id": "21400278",
            "session_id": "21400278_1474995574182",
            "timestamp": 1474983663419,
            "sequence_id": 2,
            "section_id": 4,
            "activity_id": 2,
            "activity_kind": "curvestar",
            "data": {
                "kind": "Input",
                "user_input": [
                    0.29743589743589743,
                    0.48205128205128206,
                    0.6487179487179487,
                    0.7384615384615385,
                    0.8025641025641026,
                    0.8179487179487179,
                    0.8102564102564103
                ]
            }
        },
        {
            "user_id": "21400278",
            "session_id": "21400278_1474995574182",
            "timestamp": 1474983665155,
            "sequence_id": 2,
            "section_id": 4,
            "activity_id": 2,
            "activity_kind": "curvestar",
            "data": {
                "kind": "Input",
                "user_input": [
                    0.29743589743589743,
                    0.5282051282051282,
                    0.6487179487179487,
                    0.7384615384615385,
                    0.8025641025641026,
                    0.8179487179487179,
                    0.8102564102564103
                ]
            }
        },
        {
            "user_id": "21400278",
            "session_id": "21400278_1474995574182",
            "timestamp": 1474983666619,
            "sequence_id": 2,
            "section_id": 4,
            "activity_id": 2,
            "activity_kind": "curvestar",
            "data": {
                "kind": "Input",
                "user_input": [
                    0.29743589743589743,
                    0.5282051282051282,
                    0.6487179487179487,
                    0.7384615384615385,
                    0.8589743589743589,
                    0.8179487179487179,
                    0.8102564102564103
                ]
            }
        },
        {
            "user_id": "21400278",
            "session_id": "21400278_1474995574182",
            "timestamp": 1474983668843,
            "sequence_id": 2,
            "section_id": 4,
            "activity_id": 2,
            "activity_kind": "curvestar",
            "data": {
                "kind": "Input",
                "user_input": [
                    0.29743589743589743,
                    0.5282051282051282,
                    0.6487179487179487,
                    0.7384615384615385,
                    0.8589743589743589,
                    0.941025641025641,
                    0.8102564102564103
                ]
            }
        },
        {
            "user_id": "21400278",
            "session_id": "21400278_1474995574182",
            "timestamp": 1474983671131,
            "sequence_id": 2,
            "section_id": 4,
            "activity_id": 2,
            "activity_kind": "curvestar",
            "data": {
                "kind": "Input",
                "user_input": [
                    0.29743589743589743,
                    0.5282051282051282,
                    0.6487179487179487,
                    0.7384615384615385,
                    0.8589743589743589,
                    0.941025641025641,
                    1
                ]
            }
        },
        {
            "user_id": "21400278",
            "session_id": "21400278_1474995574182",
            "timestamp": 1474983673836,
            "sequence_id": 2,
            "section_id": 4,
            "activity_id": 2,
            "activity_kind": "curvestar",
            "data": {
                "kind": "Input",
                "user_input": [
                    0.3487179487179487,
                    0.5282051282051282,
                    0.6487179487179487,
                    0.7384615384615385,
                    0.8589743589743589,
                    0.941025641025641,
                    1
                ]
            }
        },
        {
            "user_id": "21400278",
            "session_id": "21400278_1474995574182",
            "timestamp": 1474983675548,
            "sequence_id": 2,
            "section_id": 4,
            "activity_id": 2,
            "activity_kind": "curvestar",
            "data": {
                "kind": "Input",
                "user_input": [
                    0.4128205128205128,
                    0.5282051282051282,
                    0.6487179487179487,
                    0.7384615384615385,
                    0.8589743589743589,
                    0.941025641025641,
                    1
                ]
            }
        },
        {
            "user_id": "21400278",
            "session_id": "21400278_1474995574182",
            "timestamp": 1474983677219,
            "sequence_id": 2,
            "section_id": 4,
            "activity_id": 2,
            "activity_kind": "curvestar",
            "data": {
                "kind": "Input",
                "user_input": [
                    0.4666666666666667,
                    0.5282051282051282,
                    0.6487179487179487,
                    0.7384615384615385,
                    0.8589743589743589,
                    0.941025641025641,
                    1
                ]
            }
        },
        {
            "user_id": "21400278",
            "session_id": "21400278_1474995574182",
            "timestamp": 1474983678347,
            "sequence_id": 2,
            "section_id": 4,
            "activity_id": 2,
            "activity_kind": "curvestar",
            "data": {
                "kind": "Input",
                "user_input": [
                    0.5,
                    0.5282051282051282,
                    0.6487179487179487,
                    0.7384615384615385,
                    0.8589743589743589,
                    0.941025641025641,
                    1
                ]
            }
        },
        {
            "user_id": "21400278",
            "session_id": "21400278_1474995574182",
            "timestamp": 1474983679443,
            "sequence_id": 2,
            "section_id": 4,
            "activity_id": 2,
            "activity_kind": "curvestar",
            "data": {
                "kind": "Input",
                "user_input": [
                    0.5333333333333333,
                    0.5282051282051282,
                    0.6487179487179487,
                    0.7384615384615385,
                    0.8589743589743589,
                    0.941025641025641,
                    1
                ]
            }
        },
        {
            "user_id": "21400278",
            "session_id": "21400278_1474995574182",
            "timestamp": 1474983680371,
            "sequence_id": 2,
            "section_id": 4,
            "activity_id": 2,
            "activity_kind": "curvestar",
            "data": {
                "kind": "Input",
                "user_input": [
                    0.6025641025641025,
                    0.5282051282051282,
                    0.6487179487179487,
                    0.7384615384615385,
                    0.8589743589743589,
                    0.941025641025641,
                    1
                ]
            }
        },
        {
            "user_id": "21400278",
            "session_id": "21400278_1474995574182",
            "timestamp": 1474983775063,
            "sequence_id": 2,
            "section_id": 5,
            "activity_id": 0,
            "activity_kind": "synthesis",
            "data": {
                "kind": "Input",
                "user_input": [
                    "prolifération",
                    "agents génotoxiques",
                    "le point de restriction",
                    "M",
                    "désynchronisées",
                    "G0"
                ]
            }
        },
        {
            "user_id": "21400278",
            "session_id": "21400278_1474995574182",
            "timestamp": 1474983792110,
            "sequence_id": 2,
            "section_id": 5,
            "activity_id": 0,
            "activity_kind": "synthesis",
            "data": {
                "kind": "Input",
                "user_input": [
                    "prolifération",
                    "facteurs de croissance",
                    "le point de restriction",
                    "G1",
                    "asynchronisées",
                    "G0"
                ]
            }
        },
        {
            "user_id": "21400278",
            "session_id": "21400278_1474995574182",
            "timestamp": 1474983795518,
            "sequence_id": 2,
            "section_id": 5,
            "activity_id": 0,
            "activity_kind": "synthesis",
            "data": {
                "kind": "Input",
                "user_input": [
                    "prolifération",
                    "facteurs de croissance",
                    "le point de restriction",
                    "G1",
                    "synchronisées",
                    "G0"
                ]
            }
        }
    ]
}