{
    "inputs": [
        {
            "user_id": "21400526",
            "session_id": "21400526_1475077823552",
            "timestamp": 1475065146487,
            "sequence_id": 1,
            "section_id": 0,
            "activity_id": 0,
            "activity_kind": "dragdrop",
            "data": {
                "kind": "Input",
                "user_input": [
                    {
                        "slot": 0,
                        "stickers": [
                            "0"
                        ]
                    },
                    {
                        "slot": 1,
                        "stickers": [
                            "1"
                        ]
                    },
                    {
                        "slot": 2,
                        "stickers": [
                            "2"
                        ]
                    },
                    {
                        "slot": 3,
                        "stickers": [
                            "3"
                        ]
                    },
                    {
                        "slot": 4,
                        "stickers": [
                            "4"
                        ]
                    },
                    {
                        "slot": 5,
                        "stickers": [
                            "9"
                        ]
                    },
                    {
                        "slot": 6,
                        "stickers": [
                            "12"
                        ]
                    },
                    {
                        "slot": 7,
                        "stickers": [
                            "10"
                        ]
                    },
                    {
                        "slot": 8,
                        "stickers": [
                            "11"
                        ]
                    }
                ]
            }
        },
        {
            "user_id": "21400526",
            "session_id": "21400526_1475077823552",
            "timestamp": 1475065209197,
            "sequence_id": 1,
            "section_id": 1,
            "activity_id": 0,
            "activity_kind": "dragdrop",
            "data": {
                "kind": "Input",
                "user_input": [
                    {
                        "slot": 0,
                        "stickers": [
                            "4"
                        ]
                    },
                    {
                        "slot": 1,
                        "stickers": [
                            "1"
                        ]
                    },
                    {
                        "slot": 2,
                        "stickers": [
                            "2"
                        ]
                    },
                    {
                        "slot": 3,
                        "stickers": [
                            "0"
                        ]
                    }
                ]
            }
        },
        {
            "user_id": "21400526",
            "session_id": "21400526_1475077823552",
            "timestamp": 1475065279761,
            "sequence_id": 1,
            "section_id": 1,
            "activity_id": 1,
            "activity_kind": "curvetest",
            "data": {
                "kind": "Input",
                "user_input": [
                    994.8979591836735,
                    2005.1020408163265,
                    2984.6938775510203,
                    3994.8979591836733,
                    5020.408163265306,
                    5035.714285714285
                ]
            }
        },
        {
            "user_id": "21400526",
            "session_id": "21400526_1475077823552",
            "timestamp": 1475065571951,
            "sequence_id": 1,
            "section_id": 2,
            "activity_id": 2,
            "activity_kind": "counttest",
            "data": {
                "kind": "Input",
                "user_input": [
                    11,
                    8,
                    11,
                    13
                ]
            }
        },
        {
            "user_id": "21400526",
            "session_id": "21400526_1475077823552",
            "timestamp": 1475065586299,
            "sequence_id": 1,
            "section_id": 2,
            "activity_id": 2,
            "activity_kind": "counttest",
            "data": {
                "kind": "Input",
                "user_input": [
                    11,
                    8,
                    10,
                    13
                ]
            }
        },
        {
            "user_id": "21400526",
            "session_id": "21400526_1475077823552",
            "timestamp": 1475065597594,
            "sequence_id": 1,
            "section_id": 2,
            "activity_id": 2,
            "activity_kind": "counttest",
            "data": {
                "kind": "Input",
                "user_input": [
                    11,
                    8,
                    9,
                    13
                ]
            }
        },
        {
            "user_id": "21400526",
            "session_id": "21400526_1475077823552",
            "timestamp": 1475065838754,
            "sequence_id": 1,
            "section_id": 2,
            "activity_id": 3,
            "activity_kind": "input",
            "data": {
                "kind": "Input",
                "user_input": "1.125"
            }
        },
        {
            "user_id": "21400526",
            "session_id": "21400526_1475077823552",
            "timestamp": 1475065959502,
            "sequence_id": 1,
            "section_id": 2,
            "activity_id": 3,
            "activity_kind": "input",
            "data": {
                "kind": "Input",
                "user_input": "460000"
            }
        },
        {
            "user_id": "21400526",
            "session_id": "21400526_1475077823552",
            "timestamp": 1475066002164,
            "sequence_id": 1,
            "section_id": 2,
            "activity_id": 3,
            "activity_kind": "input",
            "data": {
                "kind": "Input",
                "user_input": "115000"
            }
        },
        {
            "user_id": "21400526",
            "session_id": "21400526_1475077823552",
            "timestamp": 1475066613527,
            "sequence_id": 1,
            "section_id": 2,
            "activity_id": 5,
            "activity_kind": "pipette",
            "data": {
                "kind": "Input",
                "user_input": [
                    199682,
                    0.45,
                    0.1,
                    4.91
                ]
            }
        },
        {
            "user_id": "21400526",
            "session_id": "21400526_1475077823552",
            "timestamp": 1475066721387,
            "sequence_id": 1,
            "section_id": 2,
            "activity_id": 5,
            "activity_kind": "pipette",
            "data": {
                "kind": "Input",
                "user_input": [
                    199682,
                    3.17,
                    0.1,
                    34.91
                ]
            }
        },
        {
            "user_id": "21400526",
            "session_id": "21400526_1475077823552",
            "timestamp": 1475066807985,
            "sequence_id": 1,
            "section_id": 2,
            "activity_id": 5,
            "activity_kind": "pipette",
            "data": {
                "kind": "Input",
                "user_input": [
                    199682,
                    3,
                    0.11,
                    33
                ]
            }
        },
        {
            "user_id": "21400526",
            "session_id": "21400526_1475077823552",
            "timestamp": 1475067001917,
            "sequence_id": 1,
            "section_id": 4,
            "activity_id": 0,
            "activity_kind": "dragdrop",
            "data": {
                "kind": "Input",
                "user_input": [
                    {
                        "slot": 0,
                        "stickers": [
                            "0"
                        ]
                    },
                    {
                        "slot": 1,
                        "stickers": [
                            "4"
                        ]
                    },
                    {
                        "slot": 2,
                        "stickers": [
                            "1"
                        ]
                    },
                    {
                        "slot": 3,
                        "stickers": [
                            "2"
                        ]
                    },
                    {
                        "slot": 4,
                        "stickers": [
                            "5"
                        ]
                    },
                    {
                        "slot": 5,
                        "stickers": [
                            "3"
                        ]
                    }
                ]
            }
        },
        {
            "user_id": "21400526",
            "session_id": "21400526_1475077823552",
            "timestamp": 1475067008642,
            "sequence_id": 1,
            "section_id": 4,
            "activity_id": 1,
            "activity_kind": "curvestar",
            "data": {
                "kind": "Input",
                "user_input": [
                    994.8979591836735,
                    2005.1020408163265,
                    2984.6938775510203,
                    3994.8979591836733,
                    5020.408163265306,
                    5035.714285714285
                ]
            }
        },
        {
            "user_id": "21400526",
            "session_id": "21400526_1475077823552",
            "timestamp": 1475067020074,
            "sequence_id": 1,
            "section_id": 4,
            "activity_id": 1,
            "activity_kind": "curvestar",
            "data": {
                "kind": "Input",
                "user_input": [
                    994.8979591836735,
                    1010.204081632653,
                    2984.6938775510203,
                    3994.8979591836733,
                    5020.408163265306,
                    5035.714285714285
                ]
            }
        },
        {
            "user_id": "21400526",
            "session_id": "21400526_1475077823552",
            "timestamp": 1475067023546,
            "sequence_id": 1,
            "section_id": 4,
            "activity_id": 1,
            "activity_kind": "curvestar",
            "data": {
                "kind": "Input",
                "user_input": [
                    994.8979591836735,
                    1010.204081632653,
                    1500,
                    3994.8979591836733,
                    5020.408163265306,
                    5035.714285714285
                ]
            }
        },
        {
            "user_id": "21400526",
            "session_id": "21400526_1475077823552",
            "timestamp": 1475067026058,
            "sequence_id": 1,
            "section_id": 4,
            "activity_id": 1,
            "activity_kind": "curvestar",
            "data": {
                "kind": "Input",
                "user_input": [
                    994.8979591836735,
                    1010.204081632653,
                    1500,
                    2005.1020408163265,
                    5020.408163265306,
                    5035.714285714285
                ]
            }
        },
        {
            "user_id": "21400526",
            "session_id": "21400526_1475077823552",
            "timestamp": 1475067029130,
            "sequence_id": 1,
            "section_id": 4,
            "activity_id": 1,
            "activity_kind": "curvestar",
            "data": {
                "kind": "Input",
                "user_input": [
                    994.8979591836735,
                    1010.204081632653,
                    1500,
                    2005.1020408163265,
                    3030.612244897959,
                    5035.714285714285
                ]
            }
        },
        {
            "user_id": "21400526",
            "session_id": "21400526_1475077823552",
            "timestamp": 1475067031985,
            "sequence_id": 1,
            "section_id": 4,
            "activity_id": 1,
            "activity_kind": "curvestar",
            "data": {
                "kind": "Input",
                "user_input": [
                    994.8979591836735,
                    1010.204081632653,
                    1500,
                    2005.1020408163265,
                    3030.612244897959,
                    3045.918367346939
                ]
            }
        },
        {
            "user_id": "21400526",
            "session_id": "21400526_1475077823552",
            "timestamp": 1475067058538,
            "sequence_id": 1,
            "section_id": 4,
            "activity_id": 2,
            "activity_kind": "dragdrop",
            "data": {
                "kind": "Input",
                "user_input": [
                    {
                        "slot": 0,
                        "stickers": [
                            "3"
                        ]
                    },
                    {
                        "slot": 1,
                        "stickers": [
                            "4"
                        ]
                    },
                    {
                        "slot": 2,
                        "stickers": [
                            "2"
                        ]
                    }
                ]
            }
        },
        {
            "user_id": "21400526",
            "session_id": "21400526_1475077823552",
            "timestamp": 1475067062980,
            "sequence_id": 1,
            "section_id": 4,
            "activity_id": 3,
            "activity_kind": "dragdrop",
            "data": {
                "kind": "Input",
                "user_input": [
                    {
                        "slot": 0,
                        "stickers": [
                            "4"
                        ]
                    },
                    {
                        "slot": 1,
                        "stickers": [
                            "1"
                        ]
                    },
                    {
                        "slot": 2,
                        "stickers": [
                            "2"
                        ]
                    },
                    {
                        "slot": 3,
                        "stickers": [
                            "0"
                        ]
                    }
                ]
            }
        },
        {
            "user_id": "21400526",
            "session_id": "21400526_1475077823552",
            "timestamp": 1475067114348,
            "sequence_id": 1,
            "section_id": 4,
            "activity_id": 3,
            "activity_kind": "dragdrop",
            "data": {
                "kind": "Input",
                "user_input": [
                    {
                        "slot": 0,
                        "stickers": [
                            "4"
                        ]
                    },
                    {
                        "slot": 1,
                        "stickers": [
                            "1"
                        ]
                    },
                    {
                        "slot": 2,
                        "stickers": [
                            "2"
                        ]
                    },
                    {
                        "slot": 3,
                        "stickers": [
                            "0"
                        ]
                    }
                ]
            }
        },
        {
            "user_id": "21400526",
            "session_id": "21400526_1475077823552",
            "timestamp": 1475067114353,
            "sequence_id": 1,
            "section_id": 4,
            "activity_id": 3,
            "activity_kind": "dragdrop",
            "data": {
                "kind": "Input",
                "user_input": [
                    {
                        "slot": 0,
                        "stickers": [
                            "4"
                        ]
                    },
                    {
                        "slot": 1,
                        "stickers": [
                            "2"
                        ]
                    },
                    {
                        "slot": 2,
                        "stickers": [
                            "2"
                        ]
                    },
                    {
                        "slot": 3,
                        "stickers": [
                            "0"
                        ]
                    }
                ]
            }
        },
        {
            "user_id": "21400526",
            "session_id": "21400526_1475077823552",
            "timestamp": 1475067294354,
            "sequence_id": 1,
            "section_id": 5,
            "activity_id": 0,
            "activity_kind": "synthesis",
            "data": {
                "kind": "Input",
                "user_input": [
                    "latence",
                    "exponentielle",
                    "la courbe de croissance",
                    "une phase stationnaire",
                    "l'inhibition de contact",
                    "asynchrone",
                    "le profil de cytométrie de flux",
                    "G1",
                    "ordonnées",
                    "G1, S, G2, M"
                ]
            }
        }
    ]
}