{
    "inputs": [
        {
            "user_id": "21406278",
            "session_id": "21406278_1475065130763",
            "timestamp": 1475052332366,
            "sequence_id": 1,
            "section_id": 0,
            "activity_id": 0,
            "activity_kind": "dragdrop",
            "data": {
                "kind": "Input",
                "user_input": [
                    {
                        "slot": 0,
                        "stickers": [
                            "0"
                        ]
                    },
                    {
                        "slot": 1,
                        "stickers": [
                            "1"
                        ]
                    },
                    {
                        "slot": 2,
                        "stickers": [
                            "2"
                        ]
                    },
                    {
                        "slot": 3,
                        "stickers": [
                            "3"
                        ]
                    },
                    {
                        "slot": 4,
                        "stickers": [
                            "4"
                        ]
                    },
                    {
                        "slot": 5,
                        "stickers": [
                            "9"
                        ]
                    },
                    {
                        "slot": 6,
                        "stickers": [
                            "12"
                        ]
                    },
                    {
                        "slot": 7,
                        "stickers": [
                            "10"
                        ]
                    },
                    {
                        "slot": 8,
                        "stickers": [
                            "11"
                        ]
                    }
                ]
            }
        },
        {
            "user_id": "21406278",
            "session_id": "21406278_1475065130763",
            "timestamp": 1475052345417,
            "sequence_id": 1,
            "section_id": 1,
            "activity_id": 0,
            "activity_kind": "dragdrop",
            "data": {
                "kind": "Input",
                "user_input": [
                    {
                        "slot": 0,
                        "stickers": [
                            "4"
                        ]
                    },
                    {
                        "slot": 1,
                        "stickers": [
                            "2"
                        ]
                    },
                    {
                        "slot": 2,
                        "stickers": [
                            "0"
                        ]
                    },
                    {
                        "slot": 3,
                        "stickers": [
                            "1"
                        ]
                    }
                ]
            }
        },
        {
            "user_id": "21406278",
            "session_id": "21406278_1475065130763",
            "timestamp": 1475052358868,
            "sequence_id": 1,
            "section_id": 1,
            "activity_id": 1,
            "activity_kind": "curvetest",
            "data": {
                "kind": "Input",
                "user_input": [
                    1010.204081632653,
                    994.8979591836735,
                    2020.408163265306,
                    2020.408163265306,
                    3994.8979591836733,
                    4025.5102040816328
                ]
            }
        },
        {
            "user_id": "21406278",
            "session_id": "21406278_1475065130763",
            "timestamp": 1475052381904,
            "sequence_id": 1,
            "section_id": 2,
            "activity_id": 2,
            "activity_kind": "counttest",
            "data": {
                "kind": "Input",
                "user_input": [
                    13,
                    10,
                    13,
                    8
                ]
            }
        },
        {
            "user_id": "21406278",
            "session_id": "21406278_1475065130763",
            "timestamp": 1475052387290,
            "sequence_id": 1,
            "section_id": 2,
            "activity_id": 2,
            "activity_kind": "counttest",
            "data": {
                "kind": "Input",
                "user_input": [
                    13,
                    8,
                    13,
                    10
                ]
            }
        },
        {
            "user_id": "21406278",
            "session_id": "21406278_1475065130763",
            "timestamp": 1475052397551,
            "sequence_id": 1,
            "section_id": 2,
            "activity_id": 3,
            "activity_kind": "input",
            "data": {
                "kind": "Input",
                "user_input": "1.15E6"
            }
        },
        {
            "user_id": "21406278",
            "session_id": "21406278_1475065130763",
            "timestamp": 1475052456042,
            "sequence_id": 1,
            "section_id": 2,
            "activity_id": 5,
            "activity_kind": "pipette",
            "data": {
                "kind": "Input",
                "user_input": [
                    2185000,
                    3,
                    0.27,
                    33
                ]
            }
        },
        {
            "user_id": "21406278",
            "session_id": "21406278_1475065130763",
            "timestamp": 1475052577106,
            "sequence_id": 1,
            "section_id": 2,
            "activity_id": 5,
            "activity_kind": "pipette",
            "data": {
                "kind": "Input",
                "user_input": [
                    199682,
                    3,
                    0.11,
                    33
                ]
            }
        },
        {
            "user_id": "21406278",
            "session_id": "21406278_1475065130763",
            "timestamp": 1475052616464,
            "sequence_id": 1,
            "section_id": 2,
            "activity_id": 5,
            "activity_kind": "pipette",
            "data": {
                "kind": "Input",
                "user_input": [
                    199682,
                    2.98,
                    0.1,
                    32.8
                ]
            }
        },
        {
            "user_id": "21406278",
            "session_id": "21406278_1475065130763",
            "timestamp": 1475052672573,
            "sequence_id": 1,
            "section_id": 4,
            "activity_id": 0,
            "activity_kind": "dragdrop",
            "data": {
                "kind": "Input",
                "user_input": [
                    {
                        "slot": 0,
                        "stickers": [
                            "4"
                        ]
                    },
                    {
                        "slot": 1,
                        "stickers": [
                            "0"
                        ]
                    },
                    {
                        "slot": 2,
                        "stickers": [
                            "1"
                        ]
                    },
                    {
                        "slot": 3,
                        "stickers": [
                            "2"
                        ]
                    },
                    {
                        "slot": 4,
                        "stickers": [
                            "3"
                        ]
                    },
                    {
                        "slot": 5,
                        "stickers": [
                            "3"
                        ]
                    }
                ]
            }
        },
        {
            "user_id": "21406278",
            "session_id": "21406278_1475065130763",
            "timestamp": 1475052676897,
            "sequence_id": 1,
            "section_id": 4,
            "activity_id": 1,
            "activity_kind": "curvestar",
            "data": {
                "kind": "Input",
                "user_input": [
                    1010.204081632653,
                    994.8979591836735,
                    2020.408163265306,
                    2020.408163265306,
                    3994.8979591836733,
                    4025.5102040816328
                ]
            }
        },
        {
            "user_id": "21406278",
            "session_id": "21406278_1475065130763",
            "timestamp": 1475052684267,
            "sequence_id": 1,
            "section_id": 4,
            "activity_id": 1,
            "activity_kind": "curvestar",
            "data": {
                "kind": "Input",
                "user_input": [
                    1010.204081632653,
                    994.8979591836735,
                    1454.0816326530612,
                    2020.408163265306,
                    3994.8979591836733,
                    4025.5102040816328
                ]
            }
        },
        {
            "user_id": "21406278",
            "session_id": "21406278_1475065130763",
            "timestamp": 1475052688187,
            "sequence_id": 1,
            "section_id": 4,
            "activity_id": 1,
            "activity_kind": "curvestar",
            "data": {
                "kind": "Input",
                "user_input": [
                    1010.204081632653,
                    994.8979591836735,
                    1454.0816326530612,
                    2020.408163265306,
                    2969.387755102041,
                    4025.5102040816328
                ]
            }
        },
        {
            "user_id": "21406278",
            "session_id": "21406278_1475065130763",
            "timestamp": 1475052691995,
            "sequence_id": 1,
            "section_id": 4,
            "activity_id": 1,
            "activity_kind": "curvestar",
            "data": {
                "kind": "Input",
                "user_input": [
                    1010.204081632653,
                    994.8979591836735,
                    1239.795918367347,
                    2020.408163265306,
                    2969.387755102041,
                    4025.5102040816328
                ]
            }
        },
        {
            "user_id": "21406278",
            "session_id": "21406278_1475065130763",
            "timestamp": 1475052693467,
            "sequence_id": 1,
            "section_id": 4,
            "activity_id": 1,
            "activity_kind": "curvestar",
            "data": {
                "kind": "Input",
                "user_input": [
                    1010.204081632653,
                    994.8979591836735,
                    1500,
                    2020.408163265306,
                    2969.387755102041,
                    4025.5102040816328
                ]
            }
        },
        {
            "user_id": "21406278",
            "session_id": "21406278_1475065130763",
            "timestamp": 1475052694563,
            "sequence_id": 1,
            "section_id": 4,
            "activity_id": 1,
            "activity_kind": "curvestar",
            "data": {
                "kind": "Input",
                "user_input": [
                    1010.204081632653,
                    994.8979591836735,
                    1668.3673469387754,
                    2020.408163265306,
                    2969.387755102041,
                    4025.5102040816328
                ]
            }
        },
        {
            "user_id": "21406278",
            "session_id": "21406278_1475065130763",
            "timestamp": 1475052695986,
            "sequence_id": 1,
            "section_id": 4,
            "activity_id": 1,
            "activity_kind": "curvestar",
            "data": {
                "kind": "Input",
                "user_input": [
                    1010.204081632653,
                    994.8979591836735,
                    1607.142857142857,
                    2020.408163265306,
                    2969.387755102041,
                    4025.5102040816328
                ]
            }
        },
        {
            "user_id": "21406278",
            "session_id": "21406278_1475065130763",
            "timestamp": 1475052701018,
            "sequence_id": 1,
            "section_id": 4,
            "activity_id": 1,
            "activity_kind": "curvestar",
            "data": {
                "kind": "Input",
                "user_input": [
                    1010.204081632653,
                    994.8979591836735,
                    1607.142857142857,
                    2005.1020408163265,
                    2969.387755102041,
                    4025.5102040816328
                ]
            }
        },
        {
            "user_id": "21406278",
            "session_id": "21406278_1475065130763",
            "timestamp": 1475052725466,
            "sequence_id": 1,
            "section_id": 4,
            "activity_id": 2,
            "activity_kind": "dragdrop",
            "data": {
                "kind": "Input",
                "user_input": [
                    {
                        "slot": 0,
                        "stickers": [
                            "3"
                        ]
                    },
                    {
                        "slot": 1,
                        "stickers": [
                            "4"
                        ]
                    },
                    {
                        "slot": 2,
                        "stickers": [
                            "2"
                        ]
                    }
                ]
            }
        },
        {
            "user_id": "21406278",
            "session_id": "21406278_1475065130763",
            "timestamp": 1475052728841,
            "sequence_id": 1,
            "section_id": 4,
            "activity_id": 3,
            "activity_kind": "dragdrop",
            "data": {
                "kind": "Input",
                "user_input": [
                    {
                        "slot": 0,
                        "stickers": [
                            "4"
                        ]
                    },
                    {
                        "slot": 1,
                        "stickers": [
                            "2"
                        ]
                    },
                    {
                        "slot": 2,
                        "stickers": [
                            "0"
                        ]
                    },
                    {
                        "slot": 3,
                        "stickers": [
                            "1"
                        ]
                    }
                ]
            }
        },
        {
            "user_id": "21406278",
            "session_id": "21406278_1475065130763",
            "timestamp": 1475052753566,
            "sequence_id": 1,
            "section_id": 4,
            "activity_id": 3,
            "activity_kind": "dragdrop",
            "data": {
                "kind": "Input",
                "user_input": [
                    {
                        "slot": 0,
                        "stickers": [
                            "4"
                        ]
                    },
                    {
                        "slot": 1,
                        "stickers": [
                            "2"
                        ]
                    },
                    {
                        "slot": 2,
                        "stickers": [
                            "0"
                        ]
                    },
                    {
                        "slot": 3,
                        "stickers": [
                            "1"
                        ]
                    }
                ]
            }
        },
        {
            "user_id": "21406278",
            "session_id": "21406278_1475065130763",
            "timestamp": 1475052753573,
            "sequence_id": 1,
            "section_id": 4,
            "activity_id": 3,
            "activity_kind": "dragdrop",
            "data": {
                "kind": "Input",
                "user_input": [
                    {
                        "slot": 0,
                        "stickers": [
                            "4"
                        ]
                    },
                    {
                        "slot": 1,
                        "stickers": [
                            "2"
                        ]
                    },
                    {
                        "slot": 2,
                        "stickers": [
                            "2"
                        ]
                    },
                    {
                        "slot": 3,
                        "stickers": [
                            "1"
                        ]
                    }
                ]
            }
        },
        {
            "user_id": "21406278",
            "session_id": "21406278_1475065130763",
            "timestamp": 1475052758491,
            "sequence_id": 1,
            "section_id": 4,
            "activity_id": 3,
            "activity_kind": "dragdrop",
            "data": {
                "kind": "Input",
                "user_input": [
                    {
                        "slot": 0,
                        "stickers": [
                            "4"
                        ]
                    },
                    {
                        "slot": 1,
                        "stickers": [
                            "2"
                        ]
                    },
                    {
                        "slot": 2,
                        "stickers": [
                            "2"
                        ]
                    },
                    {
                        "slot": 3,
                        "stickers": [
                            "1"
                        ]
                    }
                ]
            }
        },
        {
            "user_id": "21406278",
            "session_id": "21406278_1475065130763",
            "timestamp": 1475052758496,
            "sequence_id": 1,
            "section_id": 4,
            "activity_id": 3,
            "activity_kind": "dragdrop",
            "data": {
                "kind": "Input",
                "user_input": [
                    {
                        "slot": 0,
                        "stickers": [
                            "4"
                        ]
                    },
                    {
                        "slot": 1,
                        "stickers": [
                            "2"
                        ]
                    },
                    {
                        "slot": 2,
                        "stickers": [
                            "2"
                        ]
                    },
                    {
                        "slot": 3,
                        "stickers": [
                            "0"
                        ]
                    }
                ]
            }
        },
        {
            "user_id": "21406278",
            "session_id": "21406278_1475065130763",
            "timestamp": 1475052813700,
            "sequence_id": 1,
            "section_id": 5,
            "activity_id": 0,
            "activity_kind": "synthesis",
            "data": {
                "kind": "Input",
                "user_input": [
                    "repos",
                    "exponentielle",
                    "la courbe de croissance",
                    "une phase stationnaire",
                    "l'inhibition de contact",
                    "asynchrone",
                    "le profil de cytométrie de flux",
                    "G1",
                    "ordonnées",
                    "G1, S, G2, M"
                ]
            }
        },
        {
            "user_id": "21406278",
            "session_id": "21406278_1475065130763",
            "timestamp": 1475052817116,
            "sequence_id": 1,
            "section_id": 5,
            "activity_id": 0,
            "activity_kind": "synthesis",
            "data": {
                "kind": "Input",
                "user_input": [
                    "activation",
                    "exponentielle",
                    "la courbe de croissance",
                    "une phase stationnaire",
                    "l'inhibition de contact",
                    "asynchrone",
                    "le profil de cytométrie de flux",
                    "G1",
                    "ordonnées",
                    "G1, S, G2, M"
                ]
            }
        },
        {
            "user_id": "21406278",
            "session_id": "21406278_1475065130763",
            "timestamp": 1475052821812,
            "sequence_id": 1,
            "section_id": 5,
            "activity_id": 0,
            "activity_kind": "synthesis",
            "data": {
                "kind": "Input",
                "user_input": [
                    "latence",
                    "exponentielle",
                    "la courbe de croissance",
                    "une phase stationnaire",
                    "l'inhibition de contact",
                    "asynchrone",
                    "le profil de cytométrie de flux",
                    "G1",
                    "ordonnées",
                    "G1, S, G2, M"
                ]
            }
        },
        {
            "user_id": "21406278",
            "session_id": "21406278_1475065130763",
            "timestamp": 1475052912230,
            "sequence_id": 2,
            "section_id": 0,
            "activity_id": 0,
            "activity_kind": "dragdrop",
            "data": {
                "kind": "Input",
                "user_input": [
                    {
                        "slot": 0,
                        "stickers": [
                            "4"
                        ]
                    },
                    {
                        "slot": 1,
                        "stickers": [
                            "5"
                        ]
                    },
                    {
                        "slot": 2,
                        "stickers": [
                            "1"
                        ]
                    },
                    {
                        "slot": 3,
                        "stickers": [
                            "6"
                        ]
                    },
                    {
                        "slot": 4,
                        "stickers": [
                            "0"
                        ]
                    },
                    {
                        "slot": 5,
                        "stickers": [
                            "2"
                        ]
                    },
                    {
                        "slot": 6,
                        "stickers": [
                            "2"
                        ]
                    },
                    {
                        "slot": 7,
                        "stickers": [
                            "5"
                        ]
                    }
                ]
            }
        },
        {
            "user_id": "21406278",
            "session_id": "21406278_1475065130763",
            "timestamp": 1475052956802,
            "sequence_id": 2,
            "section_id": 0,
            "activity_id": 0,
            "activity_kind": "dragdrop",
            "data": {
                "kind": "Input",
                "user_input": [
                    {
                        "slot": 0,
                        "stickers": [
                            "5"
                        ]
                    },
                    {
                        "slot": 1,
                        "stickers": [
                            "2"
                        ]
                    },
                    {
                        "slot": 2,
                        "stickers": [
                            "1"
                        ]
                    },
                    {
                        "slot": 3,
                        "stickers": [
                            "4"
                        ]
                    },
                    {
                        "slot": 4,
                        "stickers": [
                            "0"
                        ]
                    },
                    {
                        "slot": 5,
                        "stickers": [
                            "3"
                        ]
                    },
                    {
                        "slot": 6,
                        "stickers": [
                            "5"
                        ]
                    },
                    {
                        "slot": 7,
                        "stickers": [
                            "2"
                        ]
                    }
                ]
            }
        },
        {
            "user_id": "21406278",
            "session_id": "21406278_1475065130763",
            "timestamp": 1475053007128,
            "sequence_id": 2,
            "section_id": 0,
            "activity_id": 0,
            "activity_kind": "dragdrop",
            "data": {
                "kind": "Input",
                "user_input": [
                    {
                        "slot": 0,
                        "stickers": [
                            "2"
                        ]
                    },
                    {
                        "slot": 1,
                        "stickers": [
                            "2"
                        ]
                    },
                    {
                        "slot": 2,
                        "stickers": [
                            "1"
                        ]
                    },
                    {
                        "slot": 3,
                        "stickers": [
                            "2"
                        ]
                    },
                    {
                        "slot": 4,
                        "stickers": [
                            "0"
                        ]
                    },
                    {
                        "slot": 5,
                        "stickers": [
                            "3"
                        ]
                    },
                    {
                        "slot": 6,
                        "stickers": [
                            "2"
                        ]
                    },
                    {
                        "slot": 7,
                        "stickers": [
                            "4"
                        ]
                    }
                ]
            }
        },
        {
            "user_id": "21406278",
            "session_id": "21406278_1475065130763",
            "timestamp": 1475053036071,
            "sequence_id": 2,
            "section_id": 0,
            "activity_id": 1,
            "activity_kind": "dragdrop",
            "data": {
                "kind": "Input",
                "user_input": [
                    {
                        "slot": 0,
                        "stickers": [
                            "0"
                        ]
                    },
                    {
                        "slot": 1,
                        "stickers": [
                            "3"
                        ]
                    },
                    {
                        "slot": 2,
                        "stickers": [
                            "2",
                            "1"
                        ]
                    }
                ]
            }
        },
        {
            "user_id": "21406278",
            "session_id": "21406278_1475065130763",
            "timestamp": 1475053049234,
            "sequence_id": 2,
            "section_id": 1,
            "activity_id": 0,
            "activity_kind": "dragdrop",
            "data": {
                "kind": "Input",
                "user_input": [
                    {
                        "slot": 0,
                        "stickers": []
                    },
                    {
                        "slot": 1,
                        "stickers": []
                    },
                    {
                        "slot": 2,
                        "stickers": []
                    },
                    {
                        "slot": 3,
                        "stickers": [
                            "0"
                        ]
                    }
                ]
            }
        },
        {
            "user_id": "21406278",
            "session_id": "21406278_1475065130763",
            "timestamp": 1475053166658,
            "sequence_id": 2,
            "section_id": 1,
            "activity_id": 1,
            "activity_kind": "curvetest",
            "data": {
                "kind": "Input",
                "user_input": [
                    1,
                    0.8769230769230769,
                    0.6897435897435897,
                    0.4897435897435897,
                    0.29743589743589743,
                    0.19487179487179487,
                    0.09743589743589744
                ]
            }
        },
        {
            "user_id": "21406278",
            "session_id": "21406278_1475065130763",
            "timestamp": 1475053262048,
            "sequence_id": 2,
            "section_id": 2,
            "activity_id": 0,
            "activity_kind": "planif",
            "data": {
                "kind": "Input",
                "user_input": {
                    "protocol": [
                        "-36",
                        "72",
                        "12"
                    ],
                    "temoincheck": true,
                    "culture": [
                        {
                            "condition": "- sérum",
                            "time": "0"
                        }
                    ],
                    "temoin": [
                        {
                            "condition": "+ sérum",
                            "time": "0"
                        }
                    ]
                }
            }
        },
        {
            "user_id": "21406278",
            "session_id": "21406278_1475065130763",
            "timestamp": 1475053279104,
            "sequence_id": 2,
            "section_id": 2,
            "activity_id": 1,
            "activity_kind": "dragdrop",
            "data": {
                "kind": "Input",
                "user_input": [
                    {
                        "slot": 0,
                        "stickers": [
                            "6"
                        ]
                    }
                ]
            }
        },
        {
            "user_id": "21406278",
            "session_id": "21406278_1475065130763",
            "timestamp": 1475053298366,
            "sequence_id": 2,
            "section_id": 2,
            "activity_id": 1,
            "activity_kind": "dragdrop",
            "data": {
                "kind": "Input",
                "user_input": [
                    {
                        "slot": 0,
                        "stickers": [
                            "9"
                        ]
                    }
                ]
            }
        },
        {
            "user_id": "21406278",
            "session_id": "21406278_1475065130763",
            "timestamp": 1475053304662,
            "sequence_id": 2,
            "section_id": 2,
            "activity_id": 1,
            "activity_kind": "dragdrop",
            "data": {
                "kind": "Input",
                "user_input": [
                    {
                        "slot": 0,
                        "stickers": [
                            "11"
                        ]
                    }
                ]
            }
        },
        {
            "user_id": "21406278",
            "session_id": "21406278_1475065130763",
            "timestamp": 1475053597419,
            "sequence_id": 2,
            "section_id": 2,
            "activity_id": 5,
            "activity_kind": "doublepipette",
            "data": {
                "kind": "Input",
                "user_input": [
                    3,
                    0.05,
                    18,
                    3,
                    0.1,
                    21
                ]
            }
        },
        {
            "user_id": "21406278",
            "session_id": "21406278_1475065130763",
            "timestamp": 1475053756972,
            "sequence_id": 2,
            "section_id": 2,
            "activity_id": 5,
            "activity_kind": "doublepipette",
            "data": {
                "kind": "Input",
                "user_input": [
                    3,
                    0.005,
                    18,
                    3,
                    0.1,
                    21
                ]
            }
        },
        {
            "user_id": "21406278",
            "session_id": "21406278_1475065130763",
            "timestamp": 1475054133120,
            "sequence_id": 2,
            "section_id": 4,
            "activity_id": 0,
            "activity_kind": "dragdrop",
            "data": {
                "kind": "Input",
                "user_input": [
                    {
                        "slot": 0,
                        "stickers": [
                            "0"
                        ]
                    },
                    {
                        "slot": 1,
                        "stickers": [
                            "1"
                        ]
                    },
                    {
                        "slot": 2,
                        "stickers": [
                            "2"
                        ]
                    },
                    {
                        "slot": 3,
                        "stickers": [
                            "3"
                        ]
                    },
                    {
                        "slot": 4,
                        "stickers": [
                            "4"
                        ]
                    }
                ]
            }
        },
        {
            "user_id": "21406278",
            "session_id": "21406278_1475065130763",
            "timestamp": 1475054148516,
            "sequence_id": 2,
            "section_id": 4,
            "activity_id": 1,
            "activity_kind": "dragdrop",
            "data": {
                "kind": "Input",
                "user_input": [
                    {
                        "slot": 0,
                        "stickers": []
                    },
                    {
                        "slot": 1,
                        "stickers": []
                    },
                    {
                        "slot": 2,
                        "stickers": []
                    },
                    {
                        "slot": 3,
                        "stickers": [
                            "0"
                        ]
                    }
                ]
            }
        },
        {
            "user_id": "21406278",
            "session_id": "21406278_1475065130763",
            "timestamp": 1475054152805,
            "sequence_id": 2,
            "section_id": 4,
            "activity_id": 2,
            "activity_kind": "curvestar",
            "data": {
                "kind": "Input",
                "user_input": [
                    1,
                    0.8769230769230769,
                    0.6897435897435897,
                    0.4897435897435897,
                    0.29743589743589743,
                    0.19487179487179487,
                    0.09743589743589744
                ]
            }
        },
        {
            "user_id": "21406278",
            "session_id": "21406278_1475065130763",
            "timestamp": 1475054158119,
            "sequence_id": 2,
            "section_id": 4,
            "activity_id": 2,
            "activity_kind": "curvestar",
            "data": {
                "kind": "Input",
                "user_input": [
                    1,
                    0.8769230769230769,
                    0.6897435897435897,
                    0.4897435897435897,
                    0.29743589743589743,
                    0.19487179487179487,
                    0.9743589743589743
                ]
            }
        },
        {
            "user_id": "21406278",
            "session_id": "21406278_1475065130763",
            "timestamp": 1475054159055,
            "sequence_id": 2,
            "section_id": 4,
            "activity_id": 2,
            "activity_kind": "curvestar",
            "data": {
                "kind": "Input",
                "user_input": [
                    1,
                    0.8769230769230769,
                    0.6897435897435897,
                    0.4897435897435897,
                    0.29743589743589743,
                    0.19487179487179487,
                    1
                ]
            }
        },
        {
            "user_id": "21406278",
            "session_id": "21406278_1475065130763",
            "timestamp": 1475054161598,
            "sequence_id": 2,
            "section_id": 4,
            "activity_id": 2,
            "activity_kind": "curvestar",
            "data": {
                "kind": "Input",
                "user_input": [
                    0.30512820512820515,
                    0.8769230769230769,
                    0.6897435897435897,
                    0.4897435897435897,
                    0.29743589743589743,
                    0.19487179487179487,
                    1
                ]
            }
        },
        {
            "user_id": "21406278",
            "session_id": "21406278_1475065130763",
            "timestamp": 1475054163206,
            "sequence_id": 2,
            "section_id": 4,
            "activity_id": 2,
            "activity_kind": "curvestar",
            "data": {
                "kind": "Input",
                "user_input": [
                    0.30512820512820515,
                    0.8769230769230769,
                    0.6897435897435897,
                    0.4897435897435897,
                    0.29743589743589743,
                    0.19487179487179487,
                    1
                ]
            }
        },
        {
            "user_id": "21406278",
            "session_id": "21406278_1475065130763",
            "timestamp": 1475054164286,
            "sequence_id": 2,
            "section_id": 4,
            "activity_id": 2,
            "activity_kind": "curvestar",
            "data": {
                "kind": "Input",
                "user_input": [
                    0.30512820512820515,
                    0.8769230769230769,
                    0.6897435897435897,
                    0.4897435897435897,
                    0.29743589743589743,
                    0.19487179487179487,
                    1
                ]
            }
        },
        {
            "user_id": "21406278",
            "session_id": "21406278_1475065130763",
            "timestamp": 1475054167366,
            "sequence_id": 2,
            "section_id": 4,
            "activity_id": 2,
            "activity_kind": "curvestar",
            "data": {
                "kind": "Input",
                "user_input": [
                    0.30512820512820515,
                    0.8769230769230769,
                    0.6897435897435897,
                    0.4897435897435897,
                    0.29743589743589743,
                    1,
                    1
                ]
            }
        },
        {
            "user_id": "21406278",
            "session_id": "21406278_1475065130763",
            "timestamp": 1475054169758,
            "sequence_id": 2,
            "section_id": 4,
            "activity_id": 2,
            "activity_kind": "curvestar",
            "data": {
                "kind": "Input",
                "user_input": [
                    0.30512820512820515,
                    0.3,
                    0.6897435897435897,
                    0.4897435897435897,
                    0.29743589743589743,
                    1,
                    1
                ]
            }
        },
        {
            "user_id": "21406278",
            "session_id": "21406278_1475065130763",
            "timestamp": 1475054172086,
            "sequence_id": 2,
            "section_id": 4,
            "activity_id": 2,
            "activity_kind": "curvestar",
            "data": {
                "kind": "Input",
                "user_input": [
                    0.5564102564102564,
                    0.3,
                    0.6897435897435897,
                    0.4897435897435897,
                    0.29743589743589743,
                    1,
                    1
                ]
            }
        },
        {
            "user_id": "21406278",
            "session_id": "21406278_1475065130763",
            "timestamp": 1475054173766,
            "sequence_id": 2,
            "section_id": 4,
            "activity_id": 2,
            "activity_kind": "curvestar",
            "data": {
                "kind": "Input",
                "user_input": [
                    0.5564102564102564,
                    0.5564102564102564,
                    0.6897435897435897,
                    0.4897435897435897,
                    0.29743589743589743,
                    1,
                    1
                ]
            }
        },
        {
            "user_id": "21406278",
            "session_id": "21406278_1475065130763",
            "timestamp": 1475054176390,
            "sequence_id": 2,
            "section_id": 4,
            "activity_id": 2,
            "activity_kind": "curvestar",
            "data": {
                "kind": "Input",
                "user_input": [
                    0.5564102564102564,
                    0.5564102564102564,
                    0.5974358974358974,
                    0.4897435897435897,
                    0.29743589743589743,
                    1,
                    1
                ]
            }
        },
        {
            "user_id": "21406278",
            "session_id": "21406278_1475065130763",
            "timestamp": 1475054178933,
            "sequence_id": 2,
            "section_id": 4,
            "activity_id": 2,
            "activity_kind": "curvestar",
            "data": {
                "kind": "Input",
                "user_input": [
                    0.5564102564102564,
                    0.5564102564102564,
                    0.5974358974358974,
                    0.5923076923076923,
                    0.29743589743589743,
                    1,
                    1
                ]
            }
        },
        {
            "user_id": "21406278",
            "session_id": "21406278_1475065130763",
            "timestamp": 1475054181957,
            "sequence_id": 2,
            "section_id": 4,
            "activity_id": 2,
            "activity_kind": "curvestar",
            "data": {
                "kind": "Input",
                "user_input": [
                    0.5564102564102564,
                    0.5564102564102564,
                    0.5974358974358974,
                    0.5923076923076923,
                    0.8692307692307693,
                    1,
                    1
                ]
            }
        },
        {
            "user_id": "21406278",
            "session_id": "21406278_1475065130763",
            "timestamp": 1475054209380,
            "sequence_id": 2,
            "section_id": 5,
            "activity_id": 0,
            "activity_kind": "synthesis",
            "data": {
                "kind": "Input",
                "user_input": [
                    "prolifération",
                    "facteurs de croissance",
                    "le point de restriction",
                    "G1",
                    "synchronisées",
                    "G0"
                ]
            }
        }
    ]
}