{
    "inputs": [
        {
            "user_id": "21404025",
            "session_id": "21404025_1475066886031",
            "timestamp": 1475054140941,
            "sequence_id": 2,
            "section_id": 0,
            "activity_id": 0,
            "activity_kind": "dragdrop",
            "data": {
                "kind": "Input",
                "user_input": [
                    {
                        "slot": 0,
                        "stickers": []
                    },
                    {
                        "slot": 1,
                        "stickers": [
                            "2"
                        ]
                    },
                    {
                        "slot": 2,
                        "stickers": [
                            "1"
                        ]
                    },
                    {
                        "slot": 3,
                        "stickers": [
                            "6"
                        ]
                    },
                    {
                        "slot": 4,
                        "stickers": []
                    },
                    {
                        "slot": 5,
                        "stickers": [
                            "3"
                        ]
                    },
                    {
                        "slot": 6,
                        "stickers": []
                    },
                    {
                        "slot": 7,
                        "stickers": []
                    }
                ]
            }
        },
        {
            "user_id": "21404025",
            "session_id": "21404025_1475066886031",
            "timestamp": 1475054177322,
            "sequence_id": 2,
            "section_id": 0,
            "activity_id": 0,
            "activity_kind": "dragdrop",
            "data": {
                "kind": "Input",
                "user_input": [
                    {
                        "slot": 0,
                        "stickers": []
                    },
                    {
                        "slot": 1,
                        "stickers": [
                            "2"
                        ]
                    },
                    {
                        "slot": 2,
                        "stickers": [
                            "1"
                        ]
                    },
                    {
                        "slot": 3,
                        "stickers": []
                    },
                    {
                        "slot": 4,
                        "stickers": [
                            "5"
                        ]
                    },
                    {
                        "slot": 5,
                        "stickers": [
                            "3"
                        ]
                    },
                    {
                        "slot": 6,
                        "stickers": []
                    },
                    {
                        "slot": 7,
                        "stickers": []
                    }
                ]
            }
        },
        {
            "user_id": "21404025",
            "session_id": "21404025_1475066886031",
            "timestamp": 1475054180760,
            "sequence_id": 2,
            "section_id": 0,
            "activity_id": 0,
            "activity_kind": "dragdrop",
            "data": {
                "kind": "Input",
                "user_input": [
                    {
                        "slot": 0,
                        "stickers": []
                    },
                    {
                        "slot": 1,
                        "stickers": [
                            "2"
                        ]
                    },
                    {
                        "slot": 2,
                        "stickers": [
                            "1"
                        ]
                    },
                    {
                        "slot": 3,
                        "stickers": []
                    },
                    {
                        "slot": 4,
                        "stickers": [
                            "0"
                        ]
                    },
                    {
                        "slot": 5,
                        "stickers": [
                            "3"
                        ]
                    },
                    {
                        "slot": 6,
                        "stickers": []
                    },
                    {
                        "slot": 7,
                        "stickers": []
                    }
                ]
            }
        },
        {
            "user_id": "21404025",
            "session_id": "21404025_1475066886031",
            "timestamp": 1475054208983,
            "sequence_id": 2,
            "section_id": 0,
            "activity_id": 1,
            "activity_kind": "dragdrop",
            "data": {
                "kind": "Input",
                "user_input": [
                    {
                        "slot": 0,
                        "stickers": [
                            "0",
                            "2"
                        ]
                    },
                    {
                        "slot": 1,
                        "stickers": [
                            "3"
                        ]
                    },
                    {
                        "slot": 2,
                        "stickers": [
                            "1"
                        ]
                    }
                ]
            }
        },
        {
            "user_id": "21404025",
            "session_id": "21404025_1475066886031",
            "timestamp": 1475054217280,
            "sequence_id": 2,
            "section_id": 0,
            "activity_id": 1,
            "activity_kind": "dragdrop",
            "data": {
                "kind": "Input",
                "user_input": [
                    {
                        "slot": 0,
                        "stickers": [
                            "0"
                        ]
                    },
                    {
                        "slot": 1,
                        "stickers": [
                            "3"
                        ]
                    },
                    {
                        "slot": 2,
                        "stickers": [
                            "1",
                            "2"
                        ]
                    }
                ]
            }
        },
        {
            "user_id": "21404025",
            "session_id": "21404025_1475066886031",
            "timestamp": 1475054239058,
            "sequence_id": 2,
            "section_id": 1,
            "activity_id": 0,
            "activity_kind": "dragdrop",
            "data": {
                "kind": "Input",
                "user_input": [
                    {
                        "slot": 0,
                        "stickers": []
                    },
                    {
                        "slot": 1,
                        "stickers": []
                    },
                    {
                        "slot": 2,
                        "stickers": []
                    },
                    {
                        "slot": 3,
                        "stickers": [
                            "0"
                        ]
                    }
                ]
            }
        },
        {
            "user_id": "21404025",
            "session_id": "21404025_1475066886031",
            "timestamp": 1475054292054,
            "sequence_id": 2,
            "section_id": 1,
            "activity_id": 1,
            "activity_kind": "curvetest",
            "data": {
                "kind": "Input",
                "user_input": [
                    0.29743589743589743,
                    0.9358974358974359,
                    0.7897435897435897,
                    0.29743589743589743,
                    0.29743589743589743,
                    0.29743589743589743,
                    0.29743589743589743
                ]
            }
        },
        {
            "user_id": "21404025",
            "session_id": "21404025_1475066886031",
            "timestamp": 1475054406956,
            "sequence_id": 2,
            "section_id": 2,
            "activity_id": 0,
            "activity_kind": "planif",
            "data": {
                "kind": "Input",
                "user_input": {
                    "protocol": [
                        "0",
                        "108",
                        "12"
                    ],
                    "temoincheck": true,
                    "culture": [],
                    "temoin": []
                }
            }
        },
        {
            "user_id": "21404025",
            "session_id": "21404025_1475066886031",
            "timestamp": 1475054472010,
            "sequence_id": 2,
            "section_id": 2,
            "activity_id": 0,
            "activity_kind": "planif",
            "data": {
                "kind": "Input",
                "user_input": {
                    "protocol": [
                        "-36",
                        "72",
                        "12"
                    ],
                    "temoincheck": true,
                    "culture": [
                        {
                            "condition": "- sérum",
                            "time": "36"
                        }
                    ],
                    "temoin": [
                        {
                            "condition": "+ sérum",
                            "time": "36"
                        }
                    ]
                }
            }
        },
        {
            "user_id": "21404025",
            "session_id": "21404025_1475066886031",
            "timestamp": 1475054482864,
            "sequence_id": 2,
            "section_id": 2,
            "activity_id": 0,
            "activity_kind": "planif",
            "data": {
                "kind": "Input",
                "user_input": {
                    "protocol": [
                        "-36",
                        "72",
                        "12"
                    ],
                    "temoincheck": false,
                    "culture": [
                        {
                            "condition": "- sérum",
                            "time": "0"
                        }
                    ],
                    "temoin": [
                        {
                            "condition": "+ sérum",
                            "time": "36"
                        }
                    ]
                }
            }
        },
        {
            "user_id": "21404025",
            "session_id": "21404025_1475066886031",
            "timestamp": 1475054528696,
            "sequence_id": 2,
            "section_id": 2,
            "activity_id": 1,
            "activity_kind": "dragdrop",
            "data": {
                "kind": "Input",
                "user_input": [
                    {
                        "slot": 0,
                        "stickers": [
                            "2"
                        ]
                    }
                ]
            }
        },
        {
            "user_id": "21404025",
            "session_id": "21404025_1475066886031",
            "timestamp": 1475054533081,
            "sequence_id": 2,
            "section_id": 2,
            "activity_id": 1,
            "activity_kind": "dragdrop",
            "data": {
                "kind": "Input",
                "user_input": [
                    {
                        "slot": 0,
                        "stickers": [
                            "1"
                        ]
                    }
                ]
            }
        },
        {
            "user_id": "21404025",
            "session_id": "21404025_1475066886031",
            "timestamp": 1475054547566,
            "sequence_id": 2,
            "section_id": 2,
            "activity_id": 1,
            "activity_kind": "dragdrop",
            "data": {
                "kind": "Input",
                "user_input": [
                    {
                        "slot": 0,
                        "stickers": [
                            "7"
                        ]
                    }
                ]
            }
        },
        {
            "user_id": "21404025",
            "session_id": "21404025_1475066886031",
            "timestamp": 1475054792688,
            "sequence_id": 2,
            "section_id": 2,
            "activity_id": 5,
            "activity_kind": "doublepipette",
            "data": {
                "kind": "Input",
                "user_input": [
                    1.6666666666666667,
                    0,
                    10,
                    1.4285714285714286,
                    0,
                    10
                ]
            }
        },
        {
            "user_id": "21404025",
            "session_id": "21404025_1475066886031",
            "timestamp": 1475054804783,
            "sequence_id": 2,
            "section_id": 2,
            "activity_id": 5,
            "activity_kind": "doublepipette",
            "data": {
                "kind": "Input",
                "user_input": [
                    1.6666666666666667,
                    0,
                    10,
                    1.5714285714285714,
                    0.09090909090909091,
                    11
                ]
            }
        },
        {
            "user_id": "21404025",
            "session_id": "21404025_1475066886031",
            "timestamp": 1475054807015,
            "sequence_id": 2,
            "section_id": 2,
            "activity_id": 5,
            "activity_kind": "doublepipette",
            "data": {
                "kind": "Input",
                "user_input": [
                    1.6666666666666667,
                    0,
                    10,
                    1.5714285714285714,
                    0.09090909090909091,
                    11
                ]
            }
        },
        {
            "user_id": "21404025",
            "session_id": "21404025_1475066886031",
            "timestamp": 1475054865197,
            "sequence_id": 2,
            "section_id": 4,
            "activity_id": 0,
            "activity_kind": "dragdrop",
            "data": {
                "kind": "Input",
                "user_input": [
                    {
                        "slot": 0,
                        "stickers": [
                            "0"
                        ]
                    },
                    {
                        "slot": 1,
                        "stickers": [
                            "1"
                        ]
                    },
                    {
                        "slot": 2,
                        "stickers": [
                            "2"
                        ]
                    },
                    {
                        "slot": 3,
                        "stickers": [
                            "3"
                        ]
                    },
                    {
                        "slot": 4,
                        "stickers": [
                            "4"
                        ]
                    }
                ]
            }
        },
        {
            "user_id": "21404025",
            "session_id": "21404025_1475066886031",
            "timestamp": 1475054878892,
            "sequence_id": 2,
            "section_id": 4,
            "activity_id": 1,
            "activity_kind": "dragdrop",
            "data": {
                "kind": "Input",
                "user_input": [
                    {
                        "slot": 0,
                        "stickers": []
                    },
                    {
                        "slot": 1,
                        "stickers": []
                    },
                    {
                        "slot": 2,
                        "stickers": []
                    },
                    {
                        "slot": 3,
                        "stickers": [
                            "0"
                        ]
                    }
                ]
            }
        },
        {
            "user_id": "21404025",
            "session_id": "21404025_1475066886031",
            "timestamp": 1475054886401,
            "sequence_id": 2,
            "section_id": 4,
            "activity_id": 2,
            "activity_kind": "curvestar",
            "data": {
                "kind": "Input",
                "user_input": [
                    0.29743589743589743,
                    0.9358974358974359,
                    0.7897435897435897,
                    0.29743589743589743,
                    0.29743589743589743,
                    0.29743589743589743,
                    0.29743589743589743
                ]
            }
        },
        {
            "user_id": "21404025",
            "session_id": "21404025_1475066886031",
            "timestamp": 1475054898026,
            "sequence_id": 2,
            "section_id": 4,
            "activity_id": 2,
            "activity_kind": "curvestar",
            "data": {
                "kind": "Input",
                "user_input": [
                    0.29743589743589743,
                    0.9358974358974359,
                    0.6897435897435897,
                    0.29743589743589743,
                    0.29743589743589743,
                    0.29743589743589743,
                    0.29743589743589743
                ]
            }
        },
        {
            "user_id": "21404025",
            "session_id": "21404025_1475066886031",
            "timestamp": 1475054899242,
            "sequence_id": 2,
            "section_id": 4,
            "activity_id": 2,
            "activity_kind": "curvestar",
            "data": {
                "kind": "Input",
                "user_input": [
                    0.29743589743589743,
                    0.9358974358974359,
                    0.5461538461538461,
                    0.29743589743589743,
                    0.29743589743589743,
                    0.29743589743589743,
                    0.29743589743589743
                ]
            }
        },
        {
            "user_id": "21404025",
            "session_id": "21404025_1475066886031",
            "timestamp": 1475054900618,
            "sequence_id": 2,
            "section_id": 4,
            "activity_id": 2,
            "activity_kind": "curvestar",
            "data": {
                "kind": "Input",
                "user_input": [
                    0.29743589743589743,
                    0.9358974358974359,
                    0.3230769230769231,
                    0.29743589743589743,
                    0.29743589743589743,
                    0.29743589743589743,
                    0.29743589743589743
                ]
            }
        },
        {
            "user_id": "21404025",
            "session_id": "21404025_1475066886031",
            "timestamp": 1475054901786,
            "sequence_id": 2,
            "section_id": 4,
            "activity_id": 2,
            "activity_kind": "curvestar",
            "data": {
                "kind": "Input",
                "user_input": [
                    0.29743589743589743,
                    0.9358974358974359,
                    0.43846153846153846,
                    0.29743589743589743,
                    0.29743589743589743,
                    0.29743589743589743,
                    0.29743589743589743
                ]
            }
        },
        {
            "user_id": "21404025",
            "session_id": "21404025_1475066886031",
            "timestamp": 1475054903321,
            "sequence_id": 2,
            "section_id": 4,
            "activity_id": 2,
            "activity_kind": "curvestar",
            "data": {
                "kind": "Input",
                "user_input": [
                    0.29743589743589743,
                    0.8102564102564103,
                    0.43846153846153846,
                    0.29743589743589743,
                    0.29743589743589743,
                    0.29743589743589743,
                    0.29743589743589743
                ]
            }
        },
        {
            "user_id": "21404025",
            "session_id": "21404025_1475066886031",
            "timestamp": 1475054904297,
            "sequence_id": 2,
            "section_id": 4,
            "activity_id": 2,
            "activity_kind": "curvestar",
            "data": {
                "kind": "Input",
                "user_input": [
                    0.29743589743589743,
                    0.6794871794871795,
                    0.43846153846153846,
                    0.29743589743589743,
                    0.29743589743589743,
                    0.29743589743589743,
                    0.29743589743589743
                ]
            }
        },
        {
            "user_id": "21404025",
            "session_id": "21404025_1475066886031",
            "timestamp": 1475054905185,
            "sequence_id": 2,
            "section_id": 4,
            "activity_id": 2,
            "activity_kind": "curvestar",
            "data": {
                "kind": "Input",
                "user_input": [
                    0.29743589743589743,
                    0.5794871794871795,
                    0.43846153846153846,
                    0.29743589743589743,
                    0.29743589743589743,
                    0.29743589743589743,
                    0.29743589743589743
                ]
            }
        },
        {
            "user_id": "21404025",
            "session_id": "21404025_1475066886031",
            "timestamp": 1475054906137,
            "sequence_id": 2,
            "section_id": 4,
            "activity_id": 2,
            "activity_kind": "curvestar",
            "data": {
                "kind": "Input",
                "user_input": [
                    0.29743589743589743,
                    0.5794871794871795,
                    0.43846153846153846,
                    0.29743589743589743,
                    0.29743589743589743,
                    0.29743589743589743,
                    0.29743589743589743
                ]
            }
        },
        {
            "user_id": "21404025",
            "session_id": "21404025_1475066886031",
            "timestamp": 1475054907209,
            "sequence_id": 2,
            "section_id": 4,
            "activity_id": 2,
            "activity_kind": "curvestar",
            "data": {
                "kind": "Input",
                "user_input": [
                    0.29743589743589743,
                    0.5358974358974359,
                    0.43846153846153846,
                    0.29743589743589743,
                    0.29743589743589743,
                    0.29743589743589743,
                    0.29743589743589743
                ]
            }
        },
        {
            "user_id": "21404025",
            "session_id": "21404025_1475066886031",
            "timestamp": 1475054908305,
            "sequence_id": 2,
            "section_id": 4,
            "activity_id": 2,
            "activity_kind": "curvestar",
            "data": {
                "kind": "Input",
                "user_input": [
                    0.29743589743589743,
                    0.617948717948718,
                    0.43846153846153846,
                    0.29743589743589743,
                    0.29743589743589743,
                    0.29743589743589743,
                    0.29743589743589743
                ]
            }
        },
        {
            "user_id": "21404025",
            "session_id": "21404025_1475066886031",
            "timestamp": 1475054909513,
            "sequence_id": 2,
            "section_id": 4,
            "activity_id": 2,
            "activity_kind": "curvestar",
            "data": {
                "kind": "Input",
                "user_input": [
                    0.29743589743589743,
                    0.617948717948718,
                    0.43846153846153846,
                    0.36153846153846153,
                    0.29743589743589743,
                    0.29743589743589743,
                    0.29743589743589743
                ]
            }
        },
        {
            "user_id": "21404025",
            "session_id": "21404025_1475066886031",
            "timestamp": 1475054910321,
            "sequence_id": 2,
            "section_id": 4,
            "activity_id": 2,
            "activity_kind": "curvestar",
            "data": {
                "kind": "Input",
                "user_input": [
                    0.29743589743589743,
                    0.617948717948718,
                    0.43846153846153846,
                    0.4153846153846154,
                    0.29743589743589743,
                    0.29743589743589743,
                    0.29743589743589743
                ]
            }
        },
        {
            "user_id": "21404025",
            "session_id": "21404025_1475066886031",
            "timestamp": 1475054911281,
            "sequence_id": 2,
            "section_id": 4,
            "activity_id": 2,
            "activity_kind": "curvestar",
            "data": {
                "kind": "Input",
                "user_input": [
                    0.29743589743589743,
                    0.617948717948718,
                    0.43846153846153846,
                    0.5102564102564102,
                    0.29743589743589743,
                    0.29743589743589743,
                    0.29743589743589743
                ]
            }
        },
        {
            "user_id": "21404025",
            "session_id": "21404025_1475066886031",
            "timestamp": 1475054913105,
            "sequence_id": 2,
            "section_id": 4,
            "activity_id": 2,
            "activity_kind": "curvestar",
            "data": {
                "kind": "Input",
                "user_input": [
                    0.29743589743589743,
                    0.617948717948718,
                    0.5897435897435898,
                    0.5102564102564102,
                    0.29743589743589743,
                    0.29743589743589743,
                    0.29743589743589743
                ]
            }
        },
        {
            "user_id": "21404025",
            "session_id": "21404025_1475066886031",
            "timestamp": 1475054914177,
            "sequence_id": 2,
            "section_id": 4,
            "activity_id": 2,
            "activity_kind": "curvestar",
            "data": {
                "kind": "Input",
                "user_input": [
                    0.29743589743589743,
                    0.617948717948718,
                    0.6461538461538462,
                    0.5102564102564102,
                    0.29743589743589743,
                    0.29743589743589743,
                    0.29743589743589743
                ]
            }
        },
        {
            "user_id": "21404025",
            "session_id": "21404025_1475066886031",
            "timestamp": 1475054915753,
            "sequence_id": 2,
            "section_id": 4,
            "activity_id": 2,
            "activity_kind": "curvestar",
            "data": {
                "kind": "Input",
                "user_input": [
                    0.29743589743589743,
                    0.617948717948718,
                    0.5871794871794872,
                    0.5102564102564102,
                    0.29743589743589743,
                    0.29743589743589743,
                    0.29743589743589743
                ]
            }
        },
        {
            "user_id": "21404025",
            "session_id": "21404025_1475066886031",
            "timestamp": 1475054917097,
            "sequence_id": 2,
            "section_id": 4,
            "activity_id": 2,
            "activity_kind": "curvestar",
            "data": {
                "kind": "Input",
                "user_input": [
                    0.29743589743589743,
                    0.617948717948718,
                    0.5871794871794872,
                    0.5102564102564102,
                    0.3974358974358974,
                    0.29743589743589743,
                    0.29743589743589743
                ]
            }
        },
        {
            "user_id": "21404025",
            "session_id": "21404025_1475066886031",
            "timestamp": 1475054918545,
            "sequence_id": 2,
            "section_id": 4,
            "activity_id": 2,
            "activity_kind": "curvestar",
            "data": {
                "kind": "Input",
                "user_input": [
                    0.29743589743589743,
                    0.617948717948718,
                    0.5871794871794872,
                    0.5102564102564102,
                    0.4512820512820513,
                    0.29743589743589743,
                    0.29743589743589743
                ]
            }
        },
        {
            "user_id": "21404025",
            "session_id": "21404025_1475066886031",
            "timestamp": 1475054919913,
            "sequence_id": 2,
            "section_id": 4,
            "activity_id": 2,
            "activity_kind": "curvestar",
            "data": {
                "kind": "Input",
                "user_input": [
                    0.29743589743589743,
                    0.617948717948718,
                    0.5871794871794872,
                    0.5102564102564102,
                    0.4512820512820513,
                    0.29743589743589743,
                    0.29743589743589743
                ]
            }
        },
        {
            "user_id": "21404025",
            "session_id": "21404025_1475066886031",
            "timestamp": 1475054920648,
            "sequence_id": 2,
            "section_id": 4,
            "activity_id": 2,
            "activity_kind": "curvestar",
            "data": {
                "kind": "Input",
                "user_input": [
                    0.29743589743589743,
                    0.617948717948718,
                    0.5871794871794872,
                    0.5102564102564102,
                    0.4512820512820513,
                    0.3974358974358974,
                    0.29743589743589743
                ]
            }
        },
        {
            "user_id": "21404025",
            "session_id": "21404025_1475066886031",
            "timestamp": 1475054921624,
            "sequence_id": 2,
            "section_id": 4,
            "activity_id": 2,
            "activity_kind": "curvestar",
            "data": {
                "kind": "Input",
                "user_input": [
                    0.29743589743589743,
                    0.617948717948718,
                    0.5871794871794872,
                    0.5102564102564102,
                    0.4512820512820513,
                    0.48717948717948717,
                    0.29743589743589743
                ]
            }
        },
        {
            "user_id": "21404025",
            "session_id": "21404025_1475066886031",
            "timestamp": 1475054977358,
            "sequence_id": 2,
            "section_id": 5,
            "activity_id": 0,
            "activity_kind": "synthesis",
            "data": {
                "kind": "Input",
                "user_input": [
                    "prolifération",
                    "facteurs de croissance",
                    "le point de restriction",
                    "G1",
                    "synchronisées",
                    "G0"
                ]
            }
        }
    ]
}