{
    "inputs": [
        {
            "user_id": "21607125",
            "session_id": "21607125_1474560623580",
            "timestamp": 1474547765862,
            "sequence_id": 1,
            "section_id": 0,
            "activity_id": 0,
            "activity_kind": "dragdrop",
            "data": {
                "kind": "Input",
                "user_input": [
                    {
                        "slot": 0,
                        "stickers": [
                            "0"
                        ]
                    },
                    {
                        "slot": 1,
                        "stickers": [
                            "1"
                        ]
                    },
                    {
                        "slot": 2,
                        "stickers": [
                            "2"
                        ]
                    },
                    {
                        "slot": 3,
                        "stickers": [
                            "3"
                        ]
                    },
                    {
                        "slot": 4,
                        "stickers": [
                            "4"
                        ]
                    },
                    {
                        "slot": 5,
                        "stickers": [
                            "9"
                        ]
                    },
                    {
                        "slot": 6,
                        "stickers": [
                            "12"
                        ]
                    },
                    {
                        "slot": 7,
                        "stickers": [
                            "10"
                        ]
                    },
                    {
                        "slot": 8,
                        "stickers": [
                            "11"
                        ]
                    }
                ]
            }
        },
        {
            "user_id": "21607125",
            "session_id": "21607125_1474560623580",
            "timestamp": 1474547778227,
            "sequence_id": 1,
            "section_id": 1,
            "activity_id": 0,
            "activity_kind": "dragdrop",
            "data": {
                "kind": "Input",
                "user_input": [
                    {
                        "slot": 0,
                        "stickers": [
                            "4"
                        ]
                    },
                    {
                        "slot": 1,
                        "stickers": [
                            "2"
                        ]
                    },
                    {
                        "slot": 2,
                        "stickers": [
                            "2"
                        ]
                    },
                    {
                        "slot": 3,
                        "stickers": [
                            "0"
                        ]
                    }
                ]
            }
        },
        {
            "user_id": "21607125",
            "session_id": "21607125_1474560623580",
            "timestamp": 1474547922774,
            "sequence_id": 1,
            "section_id": 1,
            "activity_id": 1,
            "activity_kind": "curvetest",
            "data": {
                "kind": "Input",
                "user_input": [
                    948.9795918367347,
                    1301.0204081632653,
                    1974.4897959183672,
                    3000,
                    4040.816326530612,
                    4576.530612244898
                ]
            }
        },
        {
            "user_id": "21607125",
            "session_id": "21607125_1474560623580",
            "timestamp": 1474548163739,
            "sequence_id": 1,
            "section_id": 2,
            "activity_id": 2,
            "activity_kind": "counttest",
            "data": {
                "kind": "Input",
                "user_input": [
                    13,
                    8,
                    0,
                    0
                ]
            }
        },
        {
            "user_id": "21607125",
            "session_id": "21607125_1474560623580",
            "timestamp": 1474548203711,
            "sequence_id": 1,
            "section_id": 2,
            "activity_id": 2,
            "activity_kind": "counttest",
            "data": {
                "kind": "Input",
                "user_input": [
                    13,
                    8,
                    13,
                    14
                ]
            }
        },
        {
            "user_id": "21607125",
            "session_id": "21607125_1474560623580",
            "timestamp": 1474548219558,
            "sequence_id": 1,
            "section_id": 2,
            "activity_id": 2,
            "activity_kind": "counttest",
            "data": {
                "kind": "Input",
                "user_input": [
                    13,
                    8,
                    13,
                    15
                ]
            }
        },
        {
            "user_id": "21607125",
            "session_id": "21607125_1474560623580",
            "timestamp": 1474548526635,
            "sequence_id": 1,
            "section_id": 2,
            "activity_id": 3,
            "activity_kind": "input",
            "data": {
                "kind": "Input",
                "user_input": "115000"
            }
        },
        {
            "user_id": "21607125",
            "session_id": "21607125_1474560623580",
            "timestamp": 1474548611918,
            "sequence_id": 1,
            "section_id": 2,
            "activity_id": 3,
            "activity_kind": "input",
            "data": {
                "kind": "Input",
                "user_input": "1150000"
            }
        },
        {
            "user_id": "21607125",
            "session_id": "21607125_1474560623580",
            "timestamp": 1474549454288,
            "sequence_id": 1,
            "section_id": 2,
            "activity_id": 5,
            "activity_kind": "pipette",
            "data": {
                "kind": "Input",
                "user_input": [
                    202818,
                    3,
                    0.11,
                    33.04
                ]
            }
        },
        {
            "user_id": "21607125",
            "session_id": "21607125_1474560623580",
            "timestamp": 1474549546610,
            "sequence_id": 1,
            "section_id": 2,
            "activity_id": 5,
            "activity_kind": "pipette",
            "data": {
                "kind": "Input",
                "user_input": [
                    199682,
                    2.95,
                    0.09,
                    32.41
                ]
            }
        },
        {
            "user_id": "21607125",
            "session_id": "21607125_1474560623580",
            "timestamp": 1474549723816,
            "sequence_id": 1,
            "section_id": 2,
            "activity_id": 5,
            "activity_kind": "pipette",
            "data": {
                "kind": "Input",
                "user_input": [
                    199682,
                    2.96,
                    0.1,
                    32.61
                ]
            }
        },
        {
            "user_id": "21607125",
            "session_id": "21607125_1474560623580",
            "timestamp": 1474549837900,
            "sequence_id": 1,
            "section_id": 4,
            "activity_id": 0,
            "activity_kind": "dragdrop",
            "data": {
                "kind": "Input",
                "user_input": [
                    {
                        "slot": 0,
                        "stickers": [
                            "4"
                        ]
                    },
                    {
                        "slot": 1,
                        "stickers": [
                            "4"
                        ]
                    },
                    {
                        "slot": 2,
                        "stickers": [
                            "3"
                        ]
                    },
                    {
                        "slot": 3,
                        "stickers": [
                            "5"
                        ]
                    },
                    {
                        "slot": 4,
                        "stickers": [
                            "1"
                        ]
                    },
                    {
                        "slot": 5,
                        "stickers": [
                            "2"
                        ]
                    }
                ]
            }
        },
        {
            "user_id": "21607125",
            "session_id": "21607125_1474560623580",
            "timestamp": 1474549886177,
            "sequence_id": 1,
            "section_id": 4,
            "activity_id": 0,
            "activity_kind": "dragdrop",
            "data": {
                "kind": "Input",
                "user_input": [
                    {
                        "slot": 0,
                        "stickers": [
                            "4"
                        ]
                    },
                    {
                        "slot": 1,
                        "stickers": [
                            "4"
                        ]
                    },
                    {
                        "slot": 2,
                        "stickers": [
                            "1"
                        ]
                    },
                    {
                        "slot": 3,
                        "stickers": [
                            "1"
                        ]
                    },
                    {
                        "slot": 4,
                        "stickers": [
                            "3"
                        ]
                    },
                    {
                        "slot": 5,
                        "stickers": [
                            "1"
                        ]
                    }
                ]
            }
        },
        {
            "user_id": "21607125",
            "session_id": "21607125_1474560623580",
            "timestamp": 1474549894637,
            "sequence_id": 1,
            "section_id": 4,
            "activity_id": 0,
            "activity_kind": "dragdrop",
            "data": {
                "kind": "Input",
                "user_input": [
                    {
                        "slot": 0,
                        "stickers": [
                            "4"
                        ]
                    },
                    {
                        "slot": 1,
                        "stickers": [
                            "4"
                        ]
                    },
                    {
                        "slot": 2,
                        "stickers": [
                            "1"
                        ]
                    },
                    {
                        "slot": 3,
                        "stickers": [
                            "1"
                        ]
                    },
                    {
                        "slot": 4,
                        "stickers": [
                            "3"
                        ]
                    },
                    {
                        "slot": 5,
                        "stickers": [
                            "2"
                        ]
                    }
                ]
            }
        },
        {
            "user_id": "21607125",
            "session_id": "21607125_1474560623580",
            "timestamp": 1474549901934,
            "sequence_id": 1,
            "section_id": 4,
            "activity_id": 1,
            "activity_kind": "curvestar",
            "data": {
                "kind": "Input",
                "user_input": [
                    948.9795918367347,
                    1301.0204081632653,
                    1974.4897959183672,
                    3000,
                    4040.816326530612,
                    4576.530612244898
                ]
            }
        },
        {
            "user_id": "21607125",
            "session_id": "21607125_1474560623580",
            "timestamp": 1474549911407,
            "sequence_id": 1,
            "section_id": 4,
            "activity_id": 1,
            "activity_kind": "curvestar",
            "data": {
                "kind": "Input",
                "user_input": [
                    948.9795918367347,
                    1301.0204081632653,
                    1974.4897959183672,
                    3000,
                    4040.816326530612,
                    3948.9795918367345
                ]
            }
        },
        {
            "user_id": "21607125",
            "session_id": "21607125_1474560623580",
            "timestamp": 1474549912279,
            "sequence_id": 1,
            "section_id": 4,
            "activity_id": 1,
            "activity_kind": "curvestar",
            "data": {
                "kind": "Input",
                "user_input": [
                    948.9795918367347,
                    1301.0204081632653,
                    1974.4897959183672,
                    3000,
                    4040.816326530612,
                    4056.122448979592
                ]
            }
        },
        {
            "user_id": "21607125",
            "session_id": "21607125_1474560623580",
            "timestamp": 1474549915454,
            "sequence_id": 1,
            "section_id": 4,
            "activity_id": 1,
            "activity_kind": "curvestar",
            "data": {
                "kind": "Input",
                "user_input": [
                    948.9795918367347,
                    1301.0204081632653,
                    1852.0408163265306,
                    3000,
                    4040.816326530612,
                    4056.122448979592
                ]
            }
        },
        {
            "user_id": "21607125",
            "session_id": "21607125_1474560623580",
            "timestamp": 1474549917246,
            "sequence_id": 1,
            "section_id": 4,
            "activity_id": 1,
            "activity_kind": "curvestar",
            "data": {
                "kind": "Input",
                "user_input": [
                    948.9795918367347,
                    964.2857142857142,
                    1852.0408163265306,
                    3000,
                    4040.816326530612,
                    4056.122448979592
                ]
            }
        },
        {
            "user_id": "21607125",
            "session_id": "21607125_1474560623580",
            "timestamp": 1474549919006,
            "sequence_id": 1,
            "section_id": 4,
            "activity_id": 1,
            "activity_kind": "curvestar",
            "data": {
                "kind": "Input",
                "user_input": [
                    948.9795918367347,
                    964.2857142857142,
                    1438.7755102040817,
                    3000,
                    4040.816326530612,
                    4056.122448979592
                ]
            }
        },
        {
            "user_id": "21607125",
            "session_id": "21607125_1474560623580",
            "timestamp": 1474549921894,
            "sequence_id": 1,
            "section_id": 4,
            "activity_id": 1,
            "activity_kind": "curvestar",
            "data": {
                "kind": "Input",
                "user_input": [
                    948.9795918367347,
                    964.2857142857142,
                    1438.7755102040817,
                    2020.408163265306,
                    4040.816326530612,
                    4056.122448979592
                ]
            }
        },
        {
            "user_id": "21607125",
            "session_id": "21607125_1474560623580",
            "timestamp": 1474549925358,
            "sequence_id": 1,
            "section_id": 4,
            "activity_id": 1,
            "activity_kind": "curvestar",
            "data": {
                "kind": "Input",
                "user_input": [
                    948.9795918367347,
                    964.2857142857142,
                    1438.7755102040817,
                    2020.408163265306,
                    4040.816326530612,
                    2969.387755102041
                ]
            }
        },
        {
            "user_id": "21607125",
            "session_id": "21607125_1474560623580",
            "timestamp": 1474549927365,
            "sequence_id": 1,
            "section_id": 4,
            "activity_id": 1,
            "activity_kind": "curvestar",
            "data": {
                "kind": "Input",
                "user_input": [
                    948.9795918367347,
                    964.2857142857142,
                    1438.7755102040817,
                    2020.408163265306,
                    3030.612244897959,
                    2969.387755102041
                ]
            }
        },
        {
            "user_id": "21607125",
            "session_id": "21607125_1474560623580",
            "timestamp": 1474549928965,
            "sequence_id": 1,
            "section_id": 4,
            "activity_id": 1,
            "activity_kind": "curvestar",
            "data": {
                "kind": "Input",
                "user_input": [
                    948.9795918367347,
                    964.2857142857142,
                    1438.7755102040817,
                    2020.408163265306,
                    3030.612244897959,
                    2969.387755102041
                ]
            }
        },
        {
            "user_id": "21607125",
            "session_id": "21607125_1474560623580",
            "timestamp": 1474549929693,
            "sequence_id": 1,
            "section_id": 4,
            "activity_id": 1,
            "activity_kind": "curvestar",
            "data": {
                "kind": "Input",
                "user_input": [
                    948.9795918367347,
                    964.2857142857142,
                    1438.7755102040817,
                    2020.408163265306,
                    3030.612244897959,
                    2969.387755102041
                ]
            }
        },
        {
            "user_id": "21607125",
            "session_id": "21607125_1474560623580",
            "timestamp": 1474550024995,
            "sequence_id": 1,
            "section_id": 4,
            "activity_id": 2,
            "activity_kind": "dragdrop",
            "data": {
                "kind": "Input",
                "user_input": [
                    {
                        "slot": 0,
                        "stickers": [
                            "4"
                        ]
                    },
                    {
                        "slot": 1,
                        "stickers": [
                            "3"
                        ]
                    },
                    {
                        "slot": 2,
                        "stickers": [
                            "2"
                        ]
                    }
                ]
            }
        },
        {
            "user_id": "21607125",
            "session_id": "21607125_1474560623580",
            "timestamp": 1474550033618,
            "sequence_id": 1,
            "section_id": 4,
            "activity_id": 2,
            "activity_kind": "dragdrop",
            "data": {
                "kind": "Input",
                "user_input": [
                    {
                        "slot": 0,
                        "stickers": [
                            "3"
                        ]
                    },
                    {
                        "slot": 1,
                        "stickers": [
                            "4"
                        ]
                    },
                    {
                        "slot": 2,
                        "stickers": [
                            "2"
                        ]
                    }
                ]
            }
        },
        {
            "user_id": "21607125",
            "session_id": "21607125_1474560623580",
            "timestamp": 1474550041803,
            "sequence_id": 1,
            "section_id": 4,
            "activity_id": 3,
            "activity_kind": "dragdrop",
            "data": {
                "kind": "Input",
                "user_input": [
                    {
                        "slot": 0,
                        "stickers": [
                            "4"
                        ]
                    },
                    {
                        "slot": 1,
                        "stickers": [
                            "2"
                        ]
                    },
                    {
                        "slot": 2,
                        "stickers": [
                            "2"
                        ]
                    },
                    {
                        "slot": 3,
                        "stickers": [
                            "0"
                        ]
                    }
                ]
            }
        },
        {
            "user_id": "21607125",
            "session_id": "21607125_1474560623580",
            "timestamp": 1474550121085,
            "sequence_id": 1,
            "section_id": 5,
            "activity_id": 0,
            "activity_kind": "synthesis",
            "data": {
                "kind": "Input",
                "user_input": [
                    "latence",
                    "exponentielle",
                    "la courbe de croissance",
                    "une phase stationnaire",
                    "l'inhibition de contact",
                    "désynchronisée",
                    "le profil de cytométrie de flux",
                    "G1",
                    "désordonnées",
                    "G1, S, G2, M"
                ]
            }
        },
        {
            "user_id": "21607125",
            "session_id": "21607125_1474560623580",
            "timestamp": 1474550128516,
            "sequence_id": 1,
            "section_id": 5,
            "activity_id": 0,
            "activity_kind": "synthesis",
            "data": {
                "kind": "Input",
                "user_input": [
                    "latence",
                    "exponentielle",
                    "la courbe de croissance",
                    "une phase stationnaire",
                    "l'inhibition de contact",
                    "asynchrone",
                    "le profil de cytométrie de flux",
                    "G1",
                    "ordonnées",
                    "G1, S, G2, M"
                ]
            }
        },
        {
            "user_id": "21607125",
            "session_id": "21607125_1474560623580",
            "timestamp": 1474550210489,
            "sequence_id": 2,
            "section_id": 0,
            "activity_id": 0,
            "activity_kind": "dragdrop",
            "data": {
                "kind": "Input",
                "user_input": [
                    {
                        "slot": 0,
                        "stickers": [
                            "0"
                        ]
                    },
                    {
                        "slot": 1,
                        "stickers": [
                            "2"
                        ]
                    },
                    {
                        "slot": 2,
                        "stickers": [
                            "1"
                        ]
                    },
                    {
                        "slot": 3,
                        "stickers": [
                            "6"
                        ]
                    },
                    {
                        "slot": 4,
                        "stickers": [
                            "0"
                        ]
                    },
                    {
                        "slot": 5,
                        "stickers": [
                            "3"
                        ]
                    },
                    {
                        "slot": 6,
                        "stickers": [
                            "2"
                        ]
                    },
                    {
                        "slot": 7,
                        "stickers": [
                            "4"
                        ]
                    }
                ]
            }
        },
        {
            "user_id": "21607125",
            "session_id": "21607125_1474560623580",
            "timestamp": 1474550278972,
            "sequence_id": 2,
            "section_id": 0,
            "activity_id": 0,
            "activity_kind": "dragdrop",
            "data": {
                "kind": "Input",
                "user_input": [
                    {
                        "slot": 0,
                        "stickers": [
                            "4"
                        ]
                    },
                    {
                        "slot": 1,
                        "stickers": [
                            "2"
                        ]
                    },
                    {
                        "slot": 2,
                        "stickers": [
                            "1"
                        ]
                    },
                    {
                        "slot": 3,
                        "stickers": [
                            "1"
                        ]
                    },
                    {
                        "slot": 4,
                        "stickers": [
                            "0"
                        ]
                    },
                    {
                        "slot": 5,
                        "stickers": [
                            "3"
                        ]
                    },
                    {
                        "slot": 6,
                        "stickers": [
                            "5"
                        ]
                    },
                    {
                        "slot": 7,
                        "stickers": [
                            "5"
                        ]
                    }
                ]
            }
        },
        {
            "user_id": "21607125",
            "session_id": "21607125_1474560623580",
            "timestamp": 1474550312012,
            "sequence_id": 2,
            "section_id": 0,
            "activity_id": 0,
            "activity_kind": "dragdrop",
            "data": {
                "kind": "Input",
                "user_input": [
                    {
                        "slot": 0,
                        "stickers": [
                            "2"
                        ]
                    },
                    {
                        "slot": 1,
                        "stickers": [
                            "2"
                        ]
                    },
                    {
                        "slot": 2,
                        "stickers": [
                            "1"
                        ]
                    },
                    {
                        "slot": 3,
                        "stickers": [
                            "2"
                        ]
                    },
                    {
                        "slot": 4,
                        "stickers": [
                            "0"
                        ]
                    },
                    {
                        "slot": 5,
                        "stickers": [
                            "3"
                        ]
                    },
                    {
                        "slot": 6,
                        "stickers": [
                            "6"
                        ]
                    },
                    {
                        "slot": 7,
                        "stickers": [
                            "2"
                        ]
                    }
                ]
            }
        },
        {
            "user_id": "21607125",
            "session_id": "21607125_1474560623580",
            "timestamp": 1474550481882,
            "sequence_id": 2,
            "section_id": 0,
            "activity_id": 1,
            "activity_kind": "dragdrop",
            "data": {
                "kind": "Input",
                "user_input": [
                    {
                        "slot": 0,
                        "stickers": [
                            "0"
                        ]
                    },
                    {
                        "slot": 1,
                        "stickers": [
                            "3"
                        ]
                    },
                    {
                        "slot": 2,
                        "stickers": [
                            "1",
                            "2"
                        ]
                    }
                ]
            }
        },
        {
            "user_id": "21607125",
            "session_id": "21607125_1474560623580",
            "timestamp": 1474550507423,
            "sequence_id": 2,
            "section_id": 1,
            "activity_id": 0,
            "activity_kind": "dragdrop",
            "data": {
                "kind": "Input",
                "user_input": [
                    {
                        "slot": 0,
                        "stickers": []
                    },
                    {
                        "slot": 1,
                        "stickers": []
                    },
                    {
                        "slot": 2,
                        "stickers": []
                    },
                    {
                        "slot": 3,
                        "stickers": [
                            "0"
                        ]
                    }
                ]
            }
        },
        {
            "user_id": "21607125",
            "session_id": "21607125_1474560623580",
            "timestamp": 1474550560288,
            "sequence_id": 2,
            "section_id": 1,
            "activity_id": 1,
            "activity_kind": "curvetest",
            "data": {
                "kind": "Input",
                "user_input": [
                    0.6948717948717948,
                    0.49230769230769234,
                    0.38461538461538464,
                    0.30256410256410254,
                    0.29743589743589743,
                    0.29743589743589743,
                    0.29743589743589743
                ]
            }
        },
        {
            "user_id": "21607125",
            "session_id": "21607125_1474560623580",
            "timestamp": 1474550679334,
            "sequence_id": 2,
            "section_id": 2,
            "activity_id": 0,
            "activity_kind": "planif",
            "data": {
                "kind": "Input",
                "user_input": {
                    "protocol": [
                        "-36",
                        "120",
                        "12"
                    ],
                    "temoincheck": false,
                    "culture": [],
                    "temoin": []
                }
            }
        },
        {
            "user_id": "21607125",
            "session_id": "21607125_1474560623580",
            "timestamp": 1474550702110,
            "sequence_id": 2,
            "section_id": 2,
            "activity_id": 0,
            "activity_kind": "planif",
            "data": {
                "kind": "Input",
                "user_input": {
                    "protocol": [
                        "-36",
                        "120",
                        "12"
                    ],
                    "temoincheck": true,
                    "culture": [
                        {
                            "condition": "+ glucose",
                            "time": "0"
                        }
                    ],
                    "temoin": [
                        {
                            "condition": "+ glucose",
                            "time": "0"
                        }
                    ]
                }
            }
        },
        {
            "user_id": "21607125",
            "session_id": "21607125_1474560623580",
            "timestamp": 1474550703086,
            "sequence_id": 2,
            "section_id": 2,
            "activity_id": 0,
            "activity_kind": "planif",
            "data": {
                "kind": "Input",
                "user_input": {
                    "protocol": [
                        "-36",
                        "120",
                        "12"
                    ],
                    "temoincheck": true,
                    "culture": [
                        {
                            "condition": "+ glucose",
                            "time": "0"
                        }
                    ],
                    "temoin": [
                        {
                            "condition": "+ glucose",
                            "time": "0"
                        }
                    ]
                }
            }
        },
        {
            "user_id": "21607125",
            "session_id": "21607125_1474560623580",
            "timestamp": 1474550724530,
            "sequence_id": 2,
            "section_id": 2,
            "activity_id": 1,
            "activity_kind": "dragdrop",
            "data": {
                "kind": "Input",
                "user_input": [
                    {
                        "slot": 0,
                        "stickers": [
                            "9"
                        ]
                    }
                ]
            }
        },
        {
            "user_id": "21607125",
            "session_id": "21607125_1474560623580",
            "timestamp": 1474550734061,
            "sequence_id": 2,
            "section_id": 2,
            "activity_id": 1,
            "activity_kind": "dragdrop",
            "data": {
                "kind": "Input",
                "user_input": [
                    {
                        "slot": 0,
                        "stickers": [
                            "11"
                        ]
                    }
                ]
            }
        },
        {
            "user_id": "21607125",
            "session_id": "21607125_1474560623580",
            "timestamp": 1474550736301,
            "sequence_id": 2,
            "section_id": 2,
            "activity_id": 1,
            "activity_kind": "dragdrop",
            "data": {
                "kind": "Input",
                "user_input": [
                    {
                        "slot": 0,
                        "stickers": [
                            "13"
                        ]
                    }
                ]
            }
        },
        {
            "user_id": "21607125",
            "session_id": "21607125_1474560623580",
            "timestamp": 1474551205899,
            "sequence_id": 2,
            "section_id": 2,
            "activity_id": 5,
            "activity_kind": "doublepipette",
            "data": {
                "kind": "Input",
                "user_input": [
                    3,
                    0.05,
                    18,
                    3,
                    0.1,
                    21
                ]
            }
        },
        {
            "user_id": "21607125",
            "session_id": "21607125_1474560623580",
            "timestamp": 1474551364651,
            "sequence_id": 2,
            "section_id": 2,
            "activity_id": 5,
            "activity_kind": "doublepipette",
            "data": {
                "kind": "Input",
                "user_input": [
                    2.8666666666666667,
                    0.005232558139534884,
                    17.2,
                    3,
                    0.1,
                    21
                ]
            }
        },
        {
            "user_id": "21607125",
            "session_id": "21607125_1474560623580",
            "timestamp": 1474551377281,
            "sequence_id": 2,
            "section_id": 2,
            "activity_id": 5,
            "activity_kind": "doublepipette",
            "data": {
                "kind": "Input",
                "user_input": [
                    2.8666666666666667,
                    0.005232558139534884,
                    17.2,
                    3,
                    0.1,
                    21
                ]
            }
        },
        {
            "user_id": "21607125",
            "session_id": "21607125_1474560623580",
            "timestamp": 1474551393625,
            "sequence_id": 2,
            "section_id": 4,
            "activity_id": 0,
            "activity_kind": "dragdrop",
            "data": {
                "kind": "Input",
                "user_input": [
                    {
                        "slot": 0,
                        "stickers": [
                            "1"
                        ]
                    },
                    {
                        "slot": 1,
                        "stickers": [
                            "0"
                        ]
                    },
                    {
                        "slot": 2,
                        "stickers": [
                            "3"
                        ]
                    },
                    {
                        "slot": 3,
                        "stickers": [
                            "2"
                        ]
                    },
                    {
                        "slot": 4,
                        "stickers": []
                    }
                ]
            }
        },
        {
            "user_id": "21607125",
            "session_id": "21607125_1474560623580",
            "timestamp": 1474551411673,
            "sequence_id": 2,
            "section_id": 4,
            "activity_id": 0,
            "activity_kind": "dragdrop",
            "data": {
                "kind": "Input",
                "user_input": [
                    {
                        "slot": 0,
                        "stickers": [
                            "1"
                        ]
                    },
                    {
                        "slot": 1,
                        "stickers": [
                            "0"
                        ]
                    },
                    {
                        "slot": 2,
                        "stickers": [
                            "2"
                        ]
                    },
                    {
                        "slot": 3,
                        "stickers": [
                            "3"
                        ]
                    },
                    {
                        "slot": 4,
                        "stickers": []
                    }
                ]
            }
        },
        {
            "user_id": "21607125",
            "session_id": "21607125_1474560623580",
            "timestamp": 1474551418689,
            "sequence_id": 2,
            "section_id": 4,
            "activity_id": 0,
            "activity_kind": "dragdrop",
            "data": {
                "kind": "Input",
                "user_input": [
                    {
                        "slot": 0,
                        "stickers": [
                            "0"
                        ]
                    },
                    {
                        "slot": 1,
                        "stickers": [
                            "0"
                        ]
                    },
                    {
                        "slot": 2,
                        "stickers": [
                            "2"
                        ]
                    },
                    {
                        "slot": 3,
                        "stickers": [
                            "3"
                        ]
                    },
                    {
                        "slot": 4,
                        "stickers": []
                    }
                ]
            }
        },
        {
            "user_id": "21607125",
            "session_id": "21607125_1474560623580",
            "timestamp": 1474551422596,
            "sequence_id": 2,
            "section_id": 4,
            "activity_id": 1,
            "activity_kind": "dragdrop",
            "data": {
                "kind": "Input",
                "user_input": [
                    {
                        "slot": 0,
                        "stickers": []
                    },
                    {
                        "slot": 1,
                        "stickers": []
                    },
                    {
                        "slot": 2,
                        "stickers": []
                    },
                    {
                        "slot": 3,
                        "stickers": [
                            "0"
                        ]
                    }
                ]
            }
        },
        {
            "user_id": "21607125",
            "session_id": "21607125_1474560623580",
            "timestamp": 1474551430092,
            "sequence_id": 2,
            "section_id": 4,
            "activity_id": 2,
            "activity_kind": "curvestar",
            "data": {
                "kind": "Input",
                "user_input": [
                    0.6948717948717948,
                    0.49230769230769234,
                    0.38461538461538464,
                    0.30256410256410254,
                    0.29743589743589743,
                    0.29743589743589743,
                    0.29743589743589743
                ]
            }
        },
        {
            "user_id": "21607125",
            "session_id": "21607125_1474560623580",
            "timestamp": 1474551436358,
            "sequence_id": 2,
            "section_id": 4,
            "activity_id": 2,
            "activity_kind": "curvestar",
            "data": {
                "kind": "Input",
                "user_input": [
                    0.6948717948717948,
                    0.6743589743589744,
                    0.38461538461538464,
                    0.30256410256410254,
                    0.29743589743589743,
                    0.29743589743589743,
                    0.29743589743589743
                ]
            }
        },
        {
            "user_id": "21607125",
            "session_id": "21607125_1474560623580",
            "timestamp": 1474551439222,
            "sequence_id": 2,
            "section_id": 4,
            "activity_id": 2,
            "activity_kind": "curvestar",
            "data": {
                "kind": "Input",
                "user_input": [
                    0.6948717948717948,
                    0.6743589743589744,
                    0.5871794871794872,
                    0.30256410256410254,
                    0.29743589743589743,
                    0.29743589743589743,
                    0.29743589743589743
                ]
            }
        },
        {
            "user_id": "21607125",
            "session_id": "21607125_1474560623580",
            "timestamp": 1474551442901,
            "sequence_id": 2,
            "section_id": 4,
            "activity_id": 2,
            "activity_kind": "curvestar",
            "data": {
                "kind": "Input",
                "user_input": [
                    0.5641025641025641,
                    0.6743589743589744,
                    0.5871794871794872,
                    0.30256410256410254,
                    0.29743589743589743,
                    0.29743589743589743,
                    0.29743589743589743
                ]
            }
        },
        {
            "user_id": "21607125",
            "session_id": "21607125_1474560623580",
            "timestamp": 1474551449030,
            "sequence_id": 2,
            "section_id": 4,
            "activity_id": 2,
            "activity_kind": "curvestar",
            "data": {
                "kind": "Input",
                "user_input": [
                    0.5641025641025641,
                    0.6743589743589744,
                    0.5871794871794872,
                    0.30256410256410254,
                    0.29743589743589743,
                    0.29743589743589743,
                    0.9923076923076923
                ]
            }
        },
        {
            "user_id": "21607125",
            "session_id": "21607125_1474560623580",
            "timestamp": 1474551455685,
            "sequence_id": 2,
            "section_id": 4,
            "activity_id": 2,
            "activity_kind": "curvestar",
            "data": {
                "kind": "Input",
                "user_input": [
                    0.5641025641025641,
                    0.6743589743589744,
                    0.5871794871794872,
                    0.30256410256410254,
                    0.29743589743589743,
                    0.7871794871794872,
                    0.9923076923076923
                ]
            }
        },
        {
            "user_id": "21607125",
            "session_id": "21607125_1474560623580",
            "timestamp": 1474551458452,
            "sequence_id": 2,
            "section_id": 4,
            "activity_id": 2,
            "activity_kind": "curvestar",
            "data": {
                "kind": "Input",
                "user_input": [
                    0.5641025641025641,
                    0.6743589743589744,
                    0.5871794871794872,
                    0.30256410256410254,
                    0.6282051282051282,
                    0.7871794871794872,
                    0.9923076923076923
                ]
            }
        },
        {
            "user_id": "21607125",
            "session_id": "21607125_1474560623580",
            "timestamp": 1474551460317,
            "sequence_id": 2,
            "section_id": 4,
            "activity_id": 2,
            "activity_kind": "curvestar",
            "data": {
                "kind": "Input",
                "user_input": [
                    0.5641025641025641,
                    0.6743589743589744,
                    0.5871794871794872,
                    0.5974358974358974,
                    0.6282051282051282,
                    0.7871794871794872,
                    0.9923076923076923
                ]
            }
        },
        {
            "user_id": "21607125",
            "session_id": "21607125_1474560623580",
            "timestamp": 1474551463804,
            "sequence_id": 2,
            "section_id": 4,
            "activity_id": 2,
            "activity_kind": "curvestar",
            "data": {
                "kind": "Input",
                "user_input": [
                    0.5641025641025641,
                    0.6743589743589744,
                    0.5871794871794872,
                    0.5974358974358974,
                    0.6282051282051282,
                    0.8666666666666667,
                    0.9923076923076923
                ]
            }
        },
        {
            "user_id": "21607125",
            "session_id": "21607125_1474560623580",
            "timestamp": 1474551465732,
            "sequence_id": 2,
            "section_id": 4,
            "activity_id": 2,
            "activity_kind": "curvestar",
            "data": {
                "kind": "Input",
                "user_input": [
                    0.5641025641025641,
                    0.6743589743589744,
                    0.5871794871794872,
                    0.5974358974358974,
                    0.7205128205128205,
                    0.8666666666666667,
                    0.9923076923076923
                ]
            }
        },
        {
            "user_id": "21607125",
            "session_id": "21607125_1474560623580",
            "timestamp": 1474551468172,
            "sequence_id": 2,
            "section_id": 4,
            "activity_id": 2,
            "activity_kind": "curvestar",
            "data": {
                "kind": "Input",
                "user_input": [
                    0.5641025641025641,
                    0.6743589743589744,
                    0.5871794871794872,
                    0.5974358974358974,
                    0.7205128205128205,
                    0.8666666666666667,
                    0.9923076923076923
                ]
            }
        },
        {
            "user_id": "21607125",
            "session_id": "21607125_1474560623580",
            "timestamp": 1474551473404,
            "sequence_id": 2,
            "section_id": 4,
            "activity_id": 2,
            "activity_kind": "curvestar",
            "data": {
                "kind": "Input",
                "user_input": [
                    0.5641025641025641,
                    0.6025641025641025,
                    0.5871794871794872,
                    0.5974358974358974,
                    0.7205128205128205,
                    0.8666666666666667,
                    0.9923076923076923
                ]
            }
        },
        {
            "user_id": "21607125",
            "session_id": "21607125_1474560623580",
            "timestamp": 1474551475252,
            "sequence_id": 2,
            "section_id": 4,
            "activity_id": 2,
            "activity_kind": "curvestar",
            "data": {
                "kind": "Input",
                "user_input": [
                    0.5641025641025641,
                    0.5923076923076923,
                    0.5871794871794872,
                    0.5974358974358974,
                    0.7205128205128205,
                    0.8666666666666667,
                    0.9923076923076923
                ]
            }
        },
        {
            "user_id": "21607125",
            "session_id": "21607125_1474560623580",
            "timestamp": 1474551479811,
            "sequence_id": 2,
            "section_id": 4,
            "activity_id": 2,
            "activity_kind": "curvestar",
            "data": {
                "kind": "Input",
                "user_input": [
                    0.5641025641025641,
                    0.5923076923076923,
                    0.5871794871794872,
                    0.658974358974359,
                    0.7205128205128205,
                    0.8666666666666667,
                    0.9923076923076923
                ]
            }
        },
        {
            "user_id": "21607125",
            "session_id": "21607125_1474560623580",
            "timestamp": 1474551481859,
            "sequence_id": 2,
            "section_id": 4,
            "activity_id": 2,
            "activity_kind": "curvestar",
            "data": {
                "kind": "Input",
                "user_input": [
                    0.5641025641025641,
                    0.5923076923076923,
                    0.5871794871794872,
                    0.658974358974359,
                    0.7666666666666667,
                    0.8666666666666667,
                    0.9923076923076923
                ]
            }
        },
        {
            "user_id": "21607125",
            "session_id": "21607125_1474560623580",
            "timestamp": 1474551484899,
            "sequence_id": 2,
            "section_id": 4,
            "activity_id": 2,
            "activity_kind": "curvestar",
            "data": {
                "kind": "Input",
                "user_input": [
                    0.5641025641025641,
                    0.5923076923076923,
                    0.5871794871794872,
                    0.658974358974359,
                    0.7666666666666667,
                    0.8794871794871795,
                    0.9923076923076923
                ]
            }
        },
        {
            "user_id": "21607125",
            "session_id": "21607125_1474560623580",
            "timestamp": 1474551488179,
            "sequence_id": 2,
            "section_id": 4,
            "activity_id": 2,
            "activity_kind": "curvestar",
            "data": {
                "kind": "Input",
                "user_input": [
                    0.5743589743589743,
                    0.5923076923076923,
                    0.5871794871794872,
                    0.658974358974359,
                    0.7666666666666667,
                    0.8794871794871795,
                    0.9923076923076923
                ]
            }
        },
        {
            "user_id": "21607125",
            "session_id": "21607125_1474560623580",
            "timestamp": 1474551496114,
            "sequence_id": 2,
            "section_id": 4,
            "activity_id": 2,
            "activity_kind": "curvestar",
            "data": {
                "kind": "Input",
                "user_input": [
                    0.5743589743589743,
                    0.5923076923076923,
                    0.6025641025641025,
                    0.658974358974359,
                    0.7666666666666667,
                    0.8794871794871795,
                    0.9923076923076923
                ]
            }
        },
        {
            "user_id": "21607125",
            "session_id": "21607125_1474560623580",
            "timestamp": 1474551498642,
            "sequence_id": 2,
            "section_id": 4,
            "activity_id": 2,
            "activity_kind": "curvestar",
            "data": {
                "kind": "Input",
                "user_input": [
                    0.5743589743589743,
                    0.5923076923076923,
                    0.6025641025641025,
                    0.6717948717948717,
                    0.7666666666666667,
                    0.8794871794871795,
                    0.9923076923076923
                ]
            }
        },
        {
            "user_id": "21607125",
            "session_id": "21607125_1474560623580",
            "timestamp": 1474551573695,
            "sequence_id": 2,
            "section_id": 5,
            "activity_id": 0,
            "activity_kind": "synthesis",
            "data": {
                "kind": "Input",
                "user_input": [
                    "prolifération",
                    "facteurs de croissance",
                    "le point de restriction",
                    "G1",
                    "synchronisées",
                    "G0"
                ]
            }
        }
    ]
}