{
    "events": [
        {
            "user_id": "21603806",
            "session_id": "21603806_1474631378457",
            "timestamp": 1474618545870,
            "sequence_id": 1,
            "section_id": "0",
            "activity_id": "-1",
            "activity_kind": "dragdrop",
            "data": {
                "kind": "Click",
                "what": "next_btn",
                "which": "requirements",
                "x": 1551,
                "y": 694
            }
        },
        {
            "user_id": "21603806",
            "session_id": "21603806_1474631378457",
            "timestamp": 1474618551810,
            "sequence_id": 1,
            "section_id": "0",
            "activity_id": "0",
            "activity_kind": "dragdrop",
            "data": {
                "kind": "MousePressed",
                "what": "DD_sticker",
                "which": "G1",
                "x": 1452,
                "y": 344
            }
        },
        {
            "user_id": "21603806",
            "session_id": "21603806_1474631378457",
            "timestamp": 1474618553056,
            "sequence_id": 1,
            "section_id": "0",
            "activity_id": "0",
            "activity_kind": "dragdrop",
            "data": {
                "kind": "MouseReleased",
                "what": "DD_sticker",
                "which": "G1",
                "x": 1150,
                "y": 402
            }
        },
        {
            "user_id": "21603806",
            "session_id": "21603806_1474631378457",
            "timestamp": 1474618562151,
            "sequence_id": 1,
            "section_id": "0",
            "activity_id": "0",
            "activity_kind": "dragdrop",
            "data": {
                "kind": "MousePressed",
                "what": "DD_slot",
                "which": "5",
                "x": 1168,
                "y": 367
            }
        },
        {
            "user_id": "21603806",
            "session_id": "21603806_1474631378457",
            "timestamp": 1474618562327,
            "sequence_id": 1,
            "section_id": "0",
            "activity_id": "0",
            "activity_kind": "dragdrop",
            "data": {
                "kind": "MouseReleased",
                "what": "DD_slot",
                "which": "5",
                "x": 1168,
                "y": 367
            }
        },
        {
            "user_id": "21603806",
            "session_id": "21603806_1474631378457",
            "timestamp": 1474618562329,
            "sequence_id": 1,
            "section_id": "0",
            "activity_id": "0",
            "activity_kind": "dragdrop",
            "data": {
                "kind": "Click",
                "what": "DD_slot",
                "which": "5",
                "x": 1168,
                "y": 367
            }
        },
        {
            "user_id": "21603806",
            "session_id": "21603806_1474631378457",
            "timestamp": 1474618562575,
            "sequence_id": 1,
            "section_id": "0",
            "activity_id": "0",
            "activity_kind": "dragdrop",
            "data": {
                "kind": "MousePressed",
                "what": "DD_slot",
                "which": "5",
                "x": 1168,
                "y": 387
            }
        },
        {
            "user_id": "21603806",
            "session_id": "21603806_1474631378457",
            "timestamp": 1474618562743,
            "sequence_id": 1,
            "section_id": "0",
            "activity_id": "0",
            "activity_kind": "dragdrop",
            "data": {
                "kind": "MouseReleased",
                "what": "DD_slot",
                "which": "5",
                "x": 1168,
                "y": 387
            }
        },
        {
            "user_id": "21603806",
            "session_id": "21603806_1474631378457",
            "timestamp": 1474618562745,
            "sequence_id": 1,
            "section_id": "0",
            "activity_id": "0",
            "activity_kind": "dragdrop",
            "data": {
                "kind": "Click",
                "what": "DD_slot",
                "which": "5",
                "x": 1168,
                "y": 387
            }
        },
        {
            "user_id": "21603806",
            "session_id": "21603806_1474631378457",
            "timestamp": 1474618565560,
            "sequence_id": 1,
            "section_id": "0",
            "activity_id": "0",
            "activity_kind": "dragdrop",
            "data": {
                "kind": "MousePressed",
                "what": "DD_sticker",
                "which": "G0",
                "x": 1541,
                "y": 262
            }
        },
        {
            "user_id": "21603806",
            "session_id": "21603806_1474631378457",
            "timestamp": 1474618566863,
            "sequence_id": 1,
            "section_id": "0",
            "activity_id": "0",
            "activity_kind": "dragdrop",
            "data": {
                "kind": "MouseReleased",
                "what": "DD_sticker",
                "which": "G0",
                "x": 1175,
                "y": 243
            }
        },
        {
            "user_id": "21603806",
            "session_id": "21603806_1474631378457",
            "timestamp": 1474618569616,
            "sequence_id": 1,
            "section_id": "0",
            "activity_id": "0",
            "activity_kind": "dragdrop",
            "data": {
                "kind": "MousePressed",
                "what": "DD_sticker",
                "which": "G1",
                "x": 1454,
                "y": 343
            }
        },
        {
            "user_id": "21603806",
            "session_id": "21603806_1474631378457",
            "timestamp": 1474618570855,
            "sequence_id": 1,
            "section_id": "0",
            "activity_id": "0",
            "activity_kind": "dragdrop",
            "data": {
                "kind": "MouseReleased",
                "what": "DD_sticker",
                "which": "G1",
                "x": 1074,
                "y": 335
            }
        },
        {
            "user_id": "21603806",
            "session_id": "21603806_1474631378457",
            "timestamp": 1474618573591,
            "sequence_id": 1,
            "section_id": "0",
            "activity_id": "0",
            "activity_kind": "dragdrop",
            "data": {
                "kind": "MousePressed",
                "what": "DD_sticker",
                "which": "S",
                "x": 1367,
                "y": 270
            }
        },
        {
            "user_id": "21603806",
            "session_id": "21603806_1474631378457",
            "timestamp": 1474618575606,
            "sequence_id": 1,
            "section_id": "0",
            "activity_id": "0",
            "activity_kind": "dragdrop",
            "data": {
                "kind": "MouseReleased",
                "what": "DD_sticker",
                "which": "S",
                "x": 1012,
                "y": 528
            }
        },
        {
            "user_id": "21603806",
            "session_id": "21603806_1474631378457",
            "timestamp": 1474618577423,
            "sequence_id": 1,
            "section_id": "0",
            "activity_id": "0",
            "activity_kind": "dragdrop",
            "data": {
                "kind": "MousePressed",
                "what": "DD_sticker",
                "which": "G2",
                "x": 1378,
                "y": 337
            }
        },
        {
            "user_id": "21603806",
            "session_id": "21603806_1474631378457",
            "timestamp": 1474618579144,
            "sequence_id": 1,
            "section_id": "0",
            "activity_id": "0",
            "activity_kind": "dragdrop",
            "data": {
                "kind": "MouseReleased",
                "what": "DD_sticker",
                "which": "G2",
                "x": 786,
                "y": 468
            }
        },
        {
            "user_id": "21603806",
            "session_id": "21603806_1474631378457",
            "timestamp": 1474618581336,
            "sequence_id": 1,
            "section_id": "0",
            "activity_id": "0",
            "activity_kind": "dragdrop",
            "data": {
                "kind": "MousePressed",
                "what": "DD_sticker",
                "which": "M",
                "x": 1489,
                "y": 266
            }
        },
        {
            "user_id": "21603806",
            "session_id": "21603806_1474631378457",
            "timestamp": 1474618582840,
            "sequence_id": 1,
            "section_id": "0",
            "activity_id": "0",
            "activity_kind": "dragdrop",
            "data": {
                "kind": "MouseReleased",
                "what": "DD_sticker",
                "which": "M",
                "x": 859,
                "y": 266
            }
        },
        {
            "user_id": "21603806",
            "session_id": "21603806_1474631378457",
            "timestamp": 1474618597607,
            "sequence_id": 1,
            "section_id": "0",
            "activity_id": "0",
            "activity_kind": "dragdrop",
            "data": {
                "kind": "MousePressed",
                "what": "DD_sticker",
                "which": "/ressources/act0/dd4.png",
                "x": 1371,
                "y": 417
            }
        },
        {
            "user_id": "21603806",
            "session_id": "21603806_1474631378457",
            "timestamp": 1474618598638,
            "sequence_id": 1,
            "section_id": "0",
            "activity_id": "0",
            "activity_kind": "dragdrop",
            "data": {
                "kind": "MouseReleased",
                "what": "DD_sticker",
                "which": "/ressources/act0/dd4.png",
                "x": 1092,
                "y": 593
            }
        },
        {
            "user_id": "21603806",
            "session_id": "21603806_1474631378457",
            "timestamp": 1474618605598,
            "sequence_id": 1,
            "section_id": "0",
            "activity_id": "0",
            "activity_kind": "dragdrop",
            "data": {
                "kind": "MousePressed",
                "what": "DD_sticker",
                "which": "/ressources/act0/dd2.png",
                "x": 1367,
                "y": 534
            }
        },
        {
            "user_id": "21603806",
            "session_id": "21603806_1474631378457",
            "timestamp": 1474618606725,
            "sequence_id": 1,
            "section_id": "0",
            "activity_id": "0",
            "activity_kind": "dragdrop",
            "data": {
                "kind": "MouseReleased",
                "what": "DD_sticker",
                "which": "/ressources/act0/dd2.png",
                "x": 701,
                "y": 513
            }
        },
        {
            "user_id": "21603806",
            "session_id": "21603806_1474631378457",
            "timestamp": 1474618607678,
            "sequence_id": 1,
            "section_id": "0",
            "activity_id": "0",
            "activity_kind": "dragdrop",
            "data": {
                "kind": "MousePressed",
                "what": "DD_sticker",
                "which": "/ressources/act0/dd1.png",
                "x": 1483,
                "y": 434
            }
        },
        {
            "user_id": "21603806",
            "session_id": "21603806_1474631378457",
            "timestamp": 1474618608941,
            "sequence_id": 1,
            "section_id": "0",
            "activity_id": "0",
            "activity_kind": "dragdrop",
            "data": {
                "kind": "MouseReleased",
                "what": "DD_sticker",
                "which": "/ressources/act0/dd1.png",
                "x": 1180,
                "y": 389
            }
        },
        {
            "user_id": "21603806",
            "session_id": "21603806_1474631378457",
            "timestamp": 1474618609902,
            "sequence_id": 1,
            "section_id": "0",
            "activity_id": "0",
            "activity_kind": "dragdrop",
            "data": {
                "kind": "MousePressed",
                "what": "DD_sticker",
                "which": "/ressources/act0/dd3.png",
                "x": 1505,
                "y": 547
            }
        },
        {
            "user_id": "21603806",
            "session_id": "21603806_1474631378457",
            "timestamp": 1474618612117,
            "sequence_id": 1,
            "section_id": "0",
            "activity_id": "0",
            "activity_kind": "dragdrop",
            "data": {
                "kind": "MouseReleased",
                "what": "DD_sticker",
                "which": "/ressources/act0/dd3.png",
                "x": 839,
                "y": 171
            }
        },
        {
            "user_id": "21603806",
            "session_id": "21603806_1474631378457",
            "timestamp": 1474618615277,
            "sequence_id": 1,
            "section_id": "0",
            "activity_id": "0",
            "activity_kind": "dragdrop",
            "data": {
                "kind": "MousePressed",
                "what": "correct_btn",
                "which": "Les phases du cycle cellulaire",
                "x": 1537,
                "y": 695
            }
        },
        {
            "user_id": "21603806",
            "session_id": "21603806_1474631378457",
            "timestamp": 1474618615413,
            "sequence_id": 1,
            "section_id": "0",
            "activity_id": "0",
            "activity_kind": "dragdrop",
            "data": {
                "kind": "MouseReleased",
                "what": "correct_btn",
                "which": "Les phases du cycle cellulaire",
                "x": 1537,
                "y": 695
            }
        },
        {
            "user_id": "21603806",
            "session_id": "21603806_1474631378457",
            "timestamp": 1474618615419,
            "sequence_id": 1,
            "section_id": "0",
            "activity_id": "0",
            "activity_kind": "dragdrop",
            "data": {
                "kind": "Click",
                "what": "correct_btn",
                "which": "Les phases du cycle cellulaire",
                "x": 1537,
                "y": 695
            }
        },
        {
            "user_id": "21603806",
            "session_id": "21603806_1474631378457",
            "timestamp": 1474618618661,
            "sequence_id": 1,
            "section_id": "0",
            "activity_id": "0",
            "activity_kind": "dragdrop",
            "data": {
                "kind": "MousePressed",
                "what": "next_btn",
                "which": "Les phases du cycle cellulaire",
                "x": 1537,
                "y": 695
            }
        },
        {
            "user_id": "21603806",
            "session_id": "21603806_1474631378457",
            "timestamp": 1474618618725,
            "sequence_id": 1,
            "section_id": "0",
            "activity_id": "0",
            "activity_kind": "dragdrop",
            "data": {
                "kind": "MouseReleased",
                "what": "next_btn",
                "which": "Les phases du cycle cellulaire",
                "x": 1538,
                "y": 695
            }
        },
        {
            "user_id": "21603806",
            "session_id": "21603806_1474631378457",
            "timestamp": 1474618618736,
            "sequence_id": 1,
            "section_id": "0",
            "activity_id": "0",
            "activity_kind": "dragdrop",
            "data": {
                "kind": "Click",
                "what": "next_btn",
                "which": "Les phases du cycle cellulaire",
                "x": 1538,
                "y": 695
            }
        },
        {
            "user_id": "21603806",
            "session_id": "21603806_1474631378457",
            "timestamp": 1474618645062,
            "sequence_id": 1,
            "section_id": "0",
            "activity_id": "0",
            "activity_kind": "dragdrop",
            "data": {
                "kind": "MousePressed",
                "what": "next_btn",
                "which": "Les phases du cycle cellulaire",
                "x": 1559,
                "y": 687
            }
        },
        {
            "user_id": "21603806",
            "session_id": "21603806_1474631378457",
            "timestamp": 1474618645196,
            "sequence_id": 1,
            "section_id": "0",
            "activity_id": "0",
            "activity_kind": "dragdrop",
            "data": {
                "kind": "MouseReleased",
                "what": "next_btn",
                "which": "Les phases du cycle cellulaire",
                "x": 1559,
                "y": 687
            }
        },
        {
            "user_id": "21603806",
            "session_id": "21603806_1474631378457",
            "timestamp": 1474618645212,
            "sequence_id": 1,
            "section_id": "0",
            "activity_id": "0",
            "activity_kind": "transition",
            "data": {
                "kind": "Click",
                "what": "next_btn",
                "which": "Les phases du cycle cellulaire",
                "x": 1559,
                "y": 687
            }
        },
        {
            "user_id": "21603806",
            "session_id": "21603806_1474631378457",
            "timestamp": 1474618654979,
            "sequence_id": 1,
            "section_id": "1",
            "activity_id": "-1",
            "activity_kind": "dragdrop",
            "data": {
                "kind": "Click",
                "what": "next_btn",
                "which": "hypothesis",
                "x": 1551,
                "y": 692
            }
        },
        {
            "user_id": "21603806",
            "session_id": "21603806_1474631378457",
            "timestamp": 1474618678805,
            "sequence_id": 1,
            "section_id": "1",
            "activity_id": "0",
            "activity_kind": "dragdrop",
            "data": {
                "kind": "MousePressed",
                "what": "DD_sticker",
                "which": "20h",
                "x": 1461,
                "y": 519
            }
        },
        {
            "user_id": "21603806",
            "session_id": "21603806_1474631378457",
            "timestamp": 1474618682579,
            "sequence_id": 1,
            "section_id": "1",
            "activity_id": "0",
            "activity_kind": "dragdrop",
            "data": {
                "kind": "MouseReleased",
                "what": "DD_sticker",
                "which": "20h",
                "x": 1178,
                "y": 367
            }
        },
        {
            "user_id": "21603806",
            "session_id": "21603806_1474631378457",
            "timestamp": 1474618697683,
            "sequence_id": 1,
            "section_id": "1",
            "activity_id": "0",
            "activity_kind": "dragdrop",
            "data": {
                "kind": "MousePressed",
                "what": "DD_sticker",
                "which": "1h00",
                "x": 1463,
                "y": 445
            }
        },
        {
            "user_id": "21603806",
            "session_id": "21603806_1474631378457",
            "timestamp": 1474618698362,
            "sequence_id": 1,
            "section_id": "1",
            "activity_id": "0",
            "activity_kind": "dragdrop",
            "data": {
                "kind": "MouseReleased",
                "what": "DD_sticker",
                "which": "1h00",
                "x": 1463,
                "y": 445
            }
        },
        {
            "user_id": "21603806",
            "session_id": "21603806_1474631378457",
            "timestamp": 1474618698366,
            "sequence_id": 1,
            "section_id": "1",
            "activity_id": "0",
            "activity_kind": "dragdrop",
            "data": {
                "kind": "Click",
                "what": "DD_sticker",
                "which": "1h00",
                "x": 1463,
                "y": 445
            }
        },
        {
            "user_id": "21603806",
            "session_id": "21603806_1474631378457",
            "timestamp": 1474618752945,
            "sequence_id": 1,
            "section_id": "1",
            "activity_id": "0",
            "activity_kind": "dragdrop",
            "data": {
                "kind": "MousePressed",
                "what": "DD_sticker",
                "which": "20h",
                "x": 1191,
                "y": 359
            }
        },
        {
            "user_id": "21603806",
            "session_id": "21603806_1474631378457",
            "timestamp": 1474618755456,
            "sequence_id": 1,
            "section_id": "1",
            "activity_id": "0",
            "activity_kind": "dragdrop",
            "data": {
                "kind": "MouseReleased",
                "what": "DD_sticker",
                "which": "20h",
                "x": 1194,
                "y": 361
            }
        },
        {
            "user_id": "21603806",
            "session_id": "21603806_1474631378457",
            "timestamp": 1474618764272,
            "sequence_id": 1,
            "section_id": "1",
            "activity_id": "0",
            "activity_kind": "dragdrop",
            "data": {
                "kind": "MousePressed",
                "what": "DD_sticker",
                "which": "1h00",
                "x": 1462,
                "y": 443
            }
        },
        {
            "user_id": "21603806",
            "session_id": "21603806_1474631378457",
            "timestamp": 1474618765559,
            "sequence_id": 1,
            "section_id": "1",
            "activity_id": "0",
            "activity_kind": "dragdrop",
            "data": {
                "kind": "MouseReleased",
                "what": "DD_sticker",
                "which": "1h00",
                "x": 1450,
                "y": 454
            }
        },
        {
            "user_id": "21603806",
            "session_id": "21603806_1474631378457",
            "timestamp": 1474618767720,
            "sequence_id": 1,
            "section_id": "1",
            "activity_id": "0",
            "activity_kind": "dragdrop",
            "data": {
                "kind": "MousePressed",
                "what": "DD_sticker",
                "which": "1h00",
                "x": 1479,
                "y": 442
            }
        },
        {
            "user_id": "21603806",
            "session_id": "21603806_1474631378457",
            "timestamp": 1474618768599,
            "sequence_id": 1,
            "section_id": "1",
            "activity_id": "0",
            "activity_kind": "dragdrop",
            "data": {
                "kind": "MouseReleased",
                "what": "DD_sticker",
                "which": "1h00",
                "x": 1090,
                "y": 584
            }
        },
        {
            "user_id": "21603806",
            "session_id": "21603806_1474631378457",
            "timestamp": 1474618769599,
            "sequence_id": 1,
            "section_id": "1",
            "activity_id": "0",
            "activity_kind": "dragdrop",
            "data": {
                "kind": "MousePressed",
                "what": "statement_pane",
                "which": "La durée des phases du cycle cellulaire",
                "x": 1564,
                "y": 443
            }
        },
        {
            "user_id": "21603806",
            "session_id": "21603806_1474631378457",
            "timestamp": 1474618770223,
            "sequence_id": 1,
            "section_id": "1",
            "activity_id": "0",
            "activity_kind": "dragdrop",
            "data": {
                "kind": "MouseReleased",
                "what": "statement_pane",
                "which": "La durée des phases du cycle cellulaire",
                "x": 1278,
                "y": 482
            }
        },
        {
            "user_id": "21603806",
            "session_id": "21603806_1474631378457",
            "timestamp": 1474618770225,
            "sequence_id": 1,
            "section_id": "1",
            "activity_id": "0",
            "activity_kind": "dragdrop",
            "data": {
                "kind": "Click",
                "what": "statement_pane",
                "which": "La durée des phases du cycle cellulaire",
                "x": 1278,
                "y": 482
            }
        },
        {
            "user_id": "21603806",
            "session_id": "21603806_1474631378457",
            "timestamp": 1474618770767,
            "sequence_id": 1,
            "section_id": "1",
            "activity_id": "0",
            "activity_kind": "dragdrop",
            "data": {
                "kind": "MousePressed",
                "what": "statement_pane",
                "which": "La durée des phases du cycle cellulaire",
                "x": 1524,
                "y": 465
            }
        },
        {
            "user_id": "21603806",
            "session_id": "21603806_1474631378457",
            "timestamp": 1474618770903,
            "sequence_id": 1,
            "section_id": "1",
            "activity_id": "0",
            "activity_kind": "dragdrop",
            "data": {
                "kind": "MouseReleased",
                "what": "statement_pane",
                "which": "La durée des phases du cycle cellulaire",
                "x": 1524,
                "y": 465
            }
        },
        {
            "user_id": "21603806",
            "session_id": "21603806_1474631378457",
            "timestamp": 1474618770905,
            "sequence_id": 1,
            "section_id": "1",
            "activity_id": "0",
            "activity_kind": "dragdrop",
            "data": {
                "kind": "Click",
                "what": "statement_pane",
                "which": "La durée des phases du cycle cellulaire",
                "x": 1524,
                "y": 465
            }
        },
        {
            "user_id": "21603806",
            "session_id": "21603806_1474631378457",
            "timestamp": 1474618774653,
            "sequence_id": 1,
            "section_id": "1",
            "activity_id": "0",
            "activity_kind": "dragdrop",
            "data": {
                "kind": "MousePressed",
                "what": "DD_sticker",
                "which": "1h00",
                "x": 1055,
                "y": 583
            }
        },
        {
            "user_id": "21603806",
            "session_id": "21603806_1474631378457",
            "timestamp": 1474618775575,
            "sequence_id": 1,
            "section_id": "1",
            "activity_id": "0",
            "activity_kind": "dragdrop",
            "data": {
                "kind": "MouseReleased",
                "what": "DD_slot",
                "which": "3",
                "x": 869,
                "y": 166
            }
        },
        {
            "user_id": "21603806",
            "session_id": "21603806_1474631378457",
            "timestamp": 1474618783057,
            "sequence_id": 1,
            "section_id": "1",
            "activity_id": "0",
            "activity_kind": "dragdrop",
            "data": {
                "kind": "MousePressed",
                "what": "DD_sticker",
                "which": "4h45",
                "x": 1375,
                "y": 448
            }
        },
        {
            "user_id": "21603806",
            "session_id": "21603806_1474631378457",
            "timestamp": 1474618784106,
            "sequence_id": 1,
            "section_id": "1",
            "activity_id": "0",
            "activity_kind": "dragdrop",
            "data": {
                "kind": "MouseReleased",
                "what": "DD_sticker",
                "which": "4h45",
                "x": 1056,
                "y": 595
            }
        },
        {
            "user_id": "21603806",
            "session_id": "21603806_1474631378457",
            "timestamp": 1474618785496,
            "sequence_id": 1,
            "section_id": "1",
            "activity_id": "0",
            "activity_kind": "dragdrop",
            "data": {
                "kind": "MousePressed",
                "what": "DD_sticker",
                "which": "14h",
                "x": 1548,
                "y": 457
            }
        },
        {
            "user_id": "21603806",
            "session_id": "21603806_1474631378457",
            "timestamp": 1474618786744,
            "sequence_id": 1,
            "section_id": "1",
            "activity_id": "0",
            "activity_kind": "dragdrop",
            "data": {
                "kind": "MouseReleased",
                "what": "DD_sticker",
                "which": "14h",
                "x": 749,
                "y": 507
            }
        },
        {
            "user_id": "21603806",
            "session_id": "21603806_1474631378457",
            "timestamp": 1474618787447,
            "sequence_id": 1,
            "section_id": "1",
            "activity_id": "0",
            "activity_kind": "dragdrop",
            "data": {
                "kind": "MousePressed",
                "what": "next_btn",
                "which": "La durée des phases du cycle cellulaire",
                "x": 1543,
                "y": 689
            }
        },
        {
            "user_id": "21603806",
            "session_id": "21603806_1474631378457",
            "timestamp": 1474618787566,
            "sequence_id": 1,
            "section_id": "1",
            "activity_id": "0",
            "activity_kind": "dragdrop",
            "data": {
                "kind": "MouseReleased",
                "what": "next_btn",
                "which": "La durée des phases du cycle cellulaire",
                "x": 1543,
                "y": 689
            }
        },
        {
            "user_id": "21603806",
            "session_id": "21603806_1474631378457",
            "timestamp": 1474618787581,
            "sequence_id": 1,
            "section_id": "1",
            "activity_id": "0",
            "activity_kind": "dragdrop",
            "data": {
                "kind": "Click",
                "what": "next_btn",
                "which": "La durée des phases du cycle cellulaire",
                "x": 1543,
                "y": 689
            }
        },
        {
            "user_id": "21603806",
            "session_id": "21603806_1474631378457",
            "timestamp": 1474618789607,
            "sequence_id": 1,
            "section_id": "1",
            "activity_id": "0",
            "activity_kind": "dragdrop",
            "data": {
                "kind": "MousePressed",
                "what": "next_btn",
                "which": "La durée des phases du cycle cellulaire",
                "x": 1535,
                "y": 694
            }
        },
        {
            "user_id": "21603806",
            "session_id": "21603806_1474631378457",
            "timestamp": 1474618789734,
            "sequence_id": 1,
            "section_id": "1",
            "activity_id": "0",
            "activity_kind": "dragdrop",
            "data": {
                "kind": "MouseReleased",
                "what": "next_btn",
                "which": "La durée des phases du cycle cellulaire",
                "x": 1535,
                "y": 694
            }
        },
        {
            "user_id": "21603806",
            "session_id": "21603806_1474631378457",
            "timestamp": 1474618789765,
            "sequence_id": 1,
            "section_id": "1",
            "activity_id": "0",
            "activity_kind": "curvetest",
            "data": {
                "kind": "Click",
                "what": "next_btn",
                "which": "La durée des phases du cycle cellulaire",
                "x": 1535,
                "y": 694
            }
        },
        {
            "user_id": "21603806",
            "session_id": "21603806_1474631378457",
            "timestamp": 1474618805408,
            "sequence_id": 1,
            "section_id": "1",
            "activity_id": "1",
            "activity_kind": "curvetest",
            "data": {
                "kind": "Click",
                "what": "Curve_canvas",
                "which": "Courbe de croissance dans des conditions optimales",
                "x": 707,
                "y": 504
            }
        },
        {
            "user_id": "21603806",
            "session_id": "21603806_1474631378457",
            "timestamp": 1474618868230,
            "sequence_id": 1,
            "section_id": "1",
            "activity_id": "1",
            "activity_kind": "curvetest",
            "data": {
                "kind": "Click",
                "what": "Curve_canvas",
                "which": "Courbe de croissance dans des conditions optimales",
                "x": 784,
                "y": 439
            }
        },
        {
            "user_id": "21603806",
            "session_id": "21603806_1474631378457",
            "timestamp": 1474618872613,
            "sequence_id": 1,
            "section_id": "1",
            "activity_id": "1",
            "activity_kind": "curvetest",
            "data": {
                "kind": "Click",
                "what": "Curve_canvas",
                "which": "Courbe de croissance dans des conditions optimales",
                "x": 787,
                "y": 500
            }
        },
        {
            "user_id": "21603806",
            "session_id": "21603806_1474631378457",
            "timestamp": 1474618877927,
            "sequence_id": 1,
            "section_id": "1",
            "activity_id": "1",
            "activity_kind": "curvetest",
            "data": {
                "kind": "Click",
                "what": "Curve_canvas",
                "which": "Courbe de croissance dans des conditions optimales",
                "x": 1065,
                "y": 507
            }
        },
        {
            "user_id": "21603806",
            "session_id": "21603806_1474631378457",
            "timestamp": 1474618880277,
            "sequence_id": 1,
            "section_id": "1",
            "activity_id": "1",
            "activity_kind": "curvetest",
            "data": {
                "kind": "Click",
                "what": "Curve_canvas",
                "which": "Courbe de croissance dans des conditions optimales",
                "x": 1151,
                "y": 500
            }
        },
        {
            "user_id": "21603806",
            "session_id": "21603806_1474631378457",
            "timestamp": 1474618888948,
            "sequence_id": 1,
            "section_id": "1",
            "activity_id": "1",
            "activity_kind": "curvetest",
            "data": {
                "kind": "Click",
                "what": "Curve_canvas",
                "which": "Courbe de croissance dans des conditions optimales",
                "x": 1057,
                "y": 373
            }
        },
        {
            "user_id": "21603806",
            "session_id": "21603806_1474631378457",
            "timestamp": 1474618891684,
            "sequence_id": 1,
            "section_id": "1",
            "activity_id": "1",
            "activity_kind": "curvetest",
            "data": {
                "kind": "Click",
                "what": "Curve_canvas",
                "which": "Courbe de croissance dans des conditions optimales",
                "x": 1146,
                "y": 375
            }
        },
        {
            "user_id": "21603806",
            "session_id": "21603806_1474631378457",
            "timestamp": 1474618906589,
            "sequence_id": 1,
            "section_id": "1",
            "activity_id": "1",
            "activity_kind": "curvetest",
            "data": {
                "kind": "Click",
                "what": "Curve_canvas",
                "which": "Courbe de croissance dans des conditions optimales",
                "x": 972,
                "y": 367
            }
        },
        {
            "user_id": "21603806",
            "session_id": "21603806_1474631378457",
            "timestamp": 1474618913958,
            "sequence_id": 1,
            "section_id": "1",
            "activity_id": "1",
            "activity_kind": "curvetest",
            "data": {
                "kind": "Click",
                "what": "next_btn",
                "which": "Courbe de croissance dans des conditions optimales",
                "x": 1558,
                "y": 694
            }
        },
        {
            "user_id": "21603806",
            "session_id": "21603806_1474631378457",
            "timestamp": 1474618915016,
            "sequence_id": 1,
            "section_id": "1",
            "activity_id": "1",
            "activity_kind": "transition",
            "data": {
                "kind": "Click",
                "what": "next_btn",
                "which": "Courbe de croissance dans des conditions optimales",
                "x": 1558,
                "y": 694
            }
        },
        {
            "user_id": "21603806",
            "session_id": "21603806_1474631378457",
            "timestamp": 1474618947168,
            "sequence_id": 1,
            "section_id": "2",
            "activity_id": "-1",
            "activity_kind": "transition",
            "data": {
                "kind": "Click",
                "what": "next_btn",
                "which": "protocol",
                "x": 1559,
                "y": 692
            }
        },
        {
            "user_id": "21603806",
            "session_id": "21603806_1474631378457",
            "timestamp": 1474618973911,
            "sequence_id": 1,
            "section_id": "2",
            "activity_id": "0",
            "activity_kind": "transition",
            "data": {
                "kind": "Click",
                "what": "next_btn",
                "which": "Planification du protocole expérimental",
                "x": 1569,
                "y": 678
            }
        },
        {
            "user_id": "21603806",
            "session_id": "21603806_1474631378457",
            "timestamp": 1474618995106,
            "sequence_id": 1,
            "section_id": "2",
            "activity_id": "1",
            "activity_kind": "counttest",
            "data": {
                "kind": "Click",
                "what": "next_btn",
                "which": "Nombres de boîtes de Pétri",
                "x": 1560,
                "y": 690
            }
        },
        {
            "user_id": "21603806",
            "session_id": "21603806_1474631378457",
            "timestamp": 1474619072774,
            "sequence_id": 1,
            "section_id": "2",
            "activity_id": "2",
            "activity_kind": "counttest",
            "data": {
                "kind": "Click",
                "what": "count_field_A",
                "which": "Comptage",
                "x": 1484,
                "y": 438
            }
        },
        {
            "user_id": "21603806",
            "session_id": "21603806_1474631378457",
            "timestamp": 1474619073054,
            "sequence_id": 1,
            "section_id": "2",
            "activity_id": "2",
            "activity_kind": "counttest",
            "data": {
                "kind": "Click",
                "what": "count_field_A",
                "which": "Comptage",
                "x": 1484,
                "y": 438
            }
        },
        {
            "user_id": "21603806",
            "session_id": "21603806_1474631378457",
            "timestamp": 1474619073285,
            "sequence_id": 1,
            "section_id": "2",
            "activity_id": "2",
            "activity_kind": "counttest",
            "data": {
                "kind": "Click",
                "what": "count_field_A",
                "which": "Comptage",
                "x": 1484,
                "y": 438
            }
        },
        {
            "user_id": "21603806",
            "session_id": "21603806_1474631378457",
            "timestamp": 1474619073533,
            "sequence_id": 1,
            "section_id": "2",
            "activity_id": "2",
            "activity_kind": "counttest",
            "data": {
                "kind": "Click",
                "what": "count_field_A",
                "which": "Comptage",
                "x": 1484,
                "y": 438
            }
        },
        {
            "user_id": "21603806",
            "session_id": "21603806_1474631378457",
            "timestamp": 1474619073780,
            "sequence_id": 1,
            "section_id": "2",
            "activity_id": "2",
            "activity_kind": "counttest",
            "data": {
                "kind": "Click",
                "what": "count_field_A",
                "which": "Comptage",
                "x": 1484,
                "y": 438
            }
        },
        {
            "user_id": "21603806",
            "session_id": "21603806_1474631378457",
            "timestamp": 1474619074029,
            "sequence_id": 1,
            "section_id": "2",
            "activity_id": "2",
            "activity_kind": "counttest",
            "data": {
                "kind": "Click",
                "what": "count_field_A",
                "which": "Comptage",
                "x": 1484,
                "y": 438
            }
        },
        {
            "user_id": "21603806",
            "session_id": "21603806_1474631378457",
            "timestamp": 1474619074284,
            "sequence_id": 1,
            "section_id": "2",
            "activity_id": "2",
            "activity_kind": "counttest",
            "data": {
                "kind": "Click",
                "what": "count_field_A",
                "which": "Comptage",
                "x": 1484,
                "y": 438
            }
        },
        {
            "user_id": "21603806",
            "session_id": "21603806_1474631378457",
            "timestamp": 1474619074733,
            "sequence_id": 1,
            "section_id": "2",
            "activity_id": "2",
            "activity_kind": "counttest",
            "data": {
                "kind": "Click",
                "what": "count_field_A",
                "which": "Comptage",
                "x": 1484,
                "y": 438
            }
        },
        {
            "user_id": "21603806",
            "session_id": "21603806_1474631378457",
            "timestamp": 1474619085012,
            "sequence_id": 1,
            "section_id": "2",
            "activity_id": "2",
            "activity_kind": "counttest",
            "data": {
                "kind": "Click",
                "what": "count_field_A",
                "which": "Comptage",
                "x": 1488,
                "y": 432
            }
        },
        {
            "user_id": "21603806",
            "session_id": "21603806_1474631378457",
            "timestamp": 1474619094852,
            "sequence_id": 1,
            "section_id": "2",
            "activity_id": "2",
            "activity_kind": "counttest",
            "data": {
                "kind": "Click",
                "what": "count_field_B",
                "which": "Comptage",
                "x": 1492,
                "y": 482
            }
        },
        {
            "user_id": "21603806",
            "session_id": "21603806_1474631378457",
            "timestamp": 1474619095045,
            "sequence_id": 1,
            "section_id": "2",
            "activity_id": "2",
            "activity_kind": "counttest",
            "data": {
                "kind": "Click",
                "what": "count_field_B",
                "which": "Comptage",
                "x": 1492,
                "y": 482
            }
        },
        {
            "user_id": "21603806",
            "session_id": "21603806_1474631378457",
            "timestamp": 1474619095260,
            "sequence_id": 1,
            "section_id": "2",
            "activity_id": "2",
            "activity_kind": "counttest",
            "data": {
                "kind": "Click",
                "what": "count_field_B",
                "which": "Comptage",
                "x": 1492,
                "y": 482
            }
        },
        {
            "user_id": "21603806",
            "session_id": "21603806_1474631378457",
            "timestamp": 1474619095476,
            "sequence_id": 1,
            "section_id": "2",
            "activity_id": "2",
            "activity_kind": "counttest",
            "data": {
                "kind": "Click",
                "what": "count_field_B",
                "which": "Comptage",
                "x": 1492,
                "y": 482
            }
        },
        {
            "user_id": "21603806",
            "session_id": "21603806_1474631378457",
            "timestamp": 1474619095676,
            "sequence_id": 1,
            "section_id": "2",
            "activity_id": "2",
            "activity_kind": "counttest",
            "data": {
                "kind": "Click",
                "what": "count_field_B",
                "which": "Comptage",
                "x": 1492,
                "y": 482
            }
        },
        {
            "user_id": "21603806",
            "session_id": "21603806_1474631378457",
            "timestamp": 1474619095916,
            "sequence_id": 1,
            "section_id": "2",
            "activity_id": "2",
            "activity_kind": "counttest",
            "data": {
                "kind": "Click",
                "what": "count_field_B",
                "which": "Comptage",
                "x": 1492,
                "y": 482
            }
        },
        {
            "user_id": "21603806",
            "session_id": "21603806_1474631378457",
            "timestamp": 1474619096252,
            "sequence_id": 1,
            "section_id": "2",
            "activity_id": "2",
            "activity_kind": "counttest",
            "data": {
                "kind": "Click",
                "what": "count_field_B",
                "which": "Comptage",
                "x": 1492,
                "y": 482
            }
        },
        {
            "user_id": "21603806",
            "session_id": "21603806_1474631378457",
            "timestamp": 1474619096588,
            "sequence_id": 1,
            "section_id": "2",
            "activity_id": "2",
            "activity_kind": "counttest",
            "data": {
                "kind": "Click",
                "what": "count_field_B",
                "which": "Comptage",
                "x": 1492,
                "y": 482
            }
        },
        {
            "user_id": "21603806",
            "session_id": "21603806_1474631378457",
            "timestamp": 1474619097760,
            "sequence_id": 1,
            "section_id": "2",
            "activity_id": "2",
            "activity_kind": "counttest",
            "data": {
                "kind": "Click",
                "what": "correct_btn",
                "which": "Comptage",
                "x": 1535,
                "y": 698
            }
        },
        {
            "user_id": "21603806",
            "session_id": "21603806_1474631378457",
            "timestamp": 1474619111867,
            "sequence_id": 1,
            "section_id": "2",
            "activity_id": "2",
            "activity_kind": "counttest",
            "data": {
                "kind": "Click",
                "what": "count_field_A",
                "which": "Comptage",
                "x": 1491,
                "y": 437
            }
        },
        {
            "user_id": "21603806",
            "session_id": "21603806_1474631378457",
            "timestamp": 1474619112861,
            "sequence_id": 1,
            "section_id": "2",
            "activity_id": "2",
            "activity_kind": "counttest",
            "data": {
                "kind": "Click",
                "what": "correct_btn",
                "which": "Comptage",
                "x": 1544,
                "y": 686
            }
        },
        {
            "user_id": "21603806",
            "session_id": "21603806_1474631378457",
            "timestamp": 1474619142843,
            "sequence_id": 1,
            "section_id": "2",
            "activity_id": "2",
            "activity_kind": "counttest",
            "data": {
                "kind": "Click",
                "what": "count_field_A",
                "which": "Comptage",
                "x": 1490,
                "y": 433
            }
        },
        {
            "user_id": "21603806",
            "session_id": "21603806_1474631378457",
            "timestamp": 1474619143051,
            "sequence_id": 1,
            "section_id": "2",
            "activity_id": "2",
            "activity_kind": "counttest",
            "data": {
                "kind": "Click",
                "what": "count_field_A",
                "which": "Comptage",
                "x": 1490,
                "y": 433
            }
        },
        {
            "user_id": "21603806",
            "session_id": "21603806_1474631378457",
            "timestamp": 1474619143762,
            "sequence_id": 1,
            "section_id": "2",
            "activity_id": "2",
            "activity_kind": "counttest",
            "data": {
                "kind": "Click",
                "what": "correct_btn",
                "which": "Comptage",
                "x": 1542,
                "y": 684
            }
        },
        {
            "user_id": "21603806",
            "session_id": "21603806_1474631378457",
            "timestamp": 1474619145664,
            "sequence_id": 1,
            "section_id": "2",
            "activity_id": "2",
            "activity_kind": "counttest",
            "data": {
                "kind": "Click",
                "what": "next_btn",
                "which": "Comptage",
                "x": 1542,
                "y": 684
            }
        },
        {
            "user_id": "21603806",
            "session_id": "21603806_1474631378457",
            "timestamp": 1474619185490,
            "sequence_id": 1,
            "section_id": "2",
            "activity_id": "2",
            "activity_kind": "input",
            "data": {
                "kind": "Click",
                "what": "next_btn",
                "which": "Comptage",
                "x": 1567,
                "y": 684
            }
        },
        {
            "user_id": "21603806",
            "session_id": "21603806_1474631378457",
            "timestamp": 1474619606008,
            "sequence_id": 1,
            "section_id": "2",
            "activity_id": "3",
            "activity_kind": "input",
            "data": {
                "kind": "Click",
                "what": "input_field",
                "which": "Densité Cellulaire",
                "x": 1309,
                "y": 508
            }
        },
        {
            "user_id": "21603806",
            "session_id": "21603806_1474631378457",
            "timestamp": 1474619629972,
            "sequence_id": 1,
            "section_id": "2",
            "activity_id": "3",
            "activity_kind": "input",
            "data": {
                "kind": "Click",
                "what": "correct_btn",
                "which": "Densité Cellulaire",
                "x": 1523,
                "y": 691
            }
        },
        {
            "user_id": "21603806",
            "session_id": "21603806_1474631378457",
            "timestamp": 1474619631852,
            "sequence_id": 1,
            "section_id": "2",
            "activity_id": "3",
            "activity_kind": "input",
            "data": {
                "kind": "Click",
                "what": "next_btn",
                "which": "Densité Cellulaire",
                "x": 1523,
                "y": 691
            }
        },
        {
            "user_id": "21603806",
            "session_id": "21603806_1474631378457",
            "timestamp": 1474619640724,
            "sequence_id": 1,
            "section_id": "2",
            "activity_id": "3",
            "activity_kind": "transition",
            "data": {
                "kind": "Click",
                "what": "next_btn",
                "which": "Densité Cellulaire",
                "x": 1548,
                "y": 699
            }
        },
        {
            "user_id": "21603806",
            "session_id": "21603806_1474631378457",
            "timestamp": 1474619667287,
            "sequence_id": 1,
            "section_id": "2",
            "activity_id": "4",
            "activity_kind": "pipette",
            "data": {
                "kind": "Click",
                "what": "next_btn",
                "which": "Nombre de cellules par boite et tailles des boites",
                "x": 1550,
                "y": 704
            }
        },
        {
            "user_id": "21603806",
            "session_id": "21603806_1474631378457",
            "timestamp": 1474619739178,
            "sequence_id": 1,
            "section_id": "2",
            "activity_id": "5",
            "activity_kind": "pipette",
            "data": {
                "kind": "Click",
                "what": "select_cells",
                "which": "Ensemencement",
                "x": 1327,
                "y": 446
            }
        },
        {
            "user_id": "21603806",
            "session_id": "21603806_1474631378457",
            "timestamp": 1474619739182,
            "sequence_id": 1,
            "section_id": "2",
            "activity_id": "5",
            "activity_kind": "pipette",
            "data": {
                "kind": "Click",
                "what": "select_cells",
                "which": "Ensemencement",
                "x": 1327,
                "y": 446
            }
        },
        {
            "user_id": "21603806",
            "session_id": "21603806_1474631378457",
            "timestamp": 1474619744586,
            "sequence_id": 1,
            "section_id": "2",
            "activity_id": "5",
            "activity_kind": "pipette",
            "data": {
                "kind": "Click",
                "what": "pipette_2",
                "which": "Ensemencement",
                "x": 1493,
                "y": 319
            }
        },
        {
            "user_id": "21603806",
            "session_id": "21603806_1474631378457",
            "timestamp": 1474619744589,
            "sequence_id": 1,
            "section_id": "2",
            "activity_id": "5",
            "activity_kind": "pipette",
            "data": {
                "kind": "Click",
                "what": "pipette_2",
                "which": "Ensemencement",
                "x": 1493,
                "y": 319
            }
        },
        {
            "user_id": "21603806",
            "session_id": "21603806_1474631378457",
            "timestamp": 1474619747176,
            "sequence_id": 1,
            "section_id": "2",
            "activity_id": "5",
            "activity_kind": "pipette",
            "data": {
                "kind": "Click",
                "what": "add_constituant",
                "which": "Ensemencement",
                "x": 1406,
                "y": 507
            }
        },
        {
            "user_id": "21603806",
            "session_id": "21603806_1474631378457",
            "timestamp": 1474619751310,
            "sequence_id": 1,
            "section_id": "2",
            "activity_id": "5",
            "activity_kind": "pipette",
            "data": {
                "kind": "Click",
                "what": "add_constituant",
                "which": "Ensemencement",
                "x": 1406,
                "y": 507
            }
        },
        {
            "user_id": "21603806",
            "session_id": "21603806_1474631378457",
            "timestamp": 1474619751910,
            "sequence_id": 1,
            "section_id": "2",
            "activity_id": "5",
            "activity_kind": "pipette",
            "data": {
                "kind": "Click",
                "what": "add_constituant",
                "which": "Ensemencement",
                "x": 1406,
                "y": 507
            }
        },
        {
            "user_id": "21603806",
            "session_id": "21603806_1474631378457",
            "timestamp": 1474619752647,
            "sequence_id": 1,
            "section_id": "2",
            "activity_id": "5",
            "activity_kind": "pipette",
            "data": {
                "kind": "Click",
                "what": "add_constituant",
                "which": "Ensemencement",
                "x": 1406,
                "y": 507
            }
        },
        {
            "user_id": "21603806",
            "session_id": "21603806_1474631378457",
            "timestamp": 1474619753758,
            "sequence_id": 1,
            "section_id": "2",
            "activity_id": "5",
            "activity_kind": "pipette",
            "data": {
                "kind": "Click",
                "what": "add_constituant",
                "which": "Ensemencement",
                "x": 1406,
                "y": 507
            }
        },
        {
            "user_id": "21603806",
            "session_id": "21603806_1474631378457",
            "timestamp": 1474619754841,
            "sequence_id": 1,
            "section_id": "2",
            "activity_id": "5",
            "activity_kind": "pipette",
            "data": {
                "kind": "Click",
                "what": "pipette_1",
                "which": "Ensemencement",
                "x": 1458,
                "y": 328
            }
        },
        {
            "user_id": "21603806",
            "session_id": "21603806_1474631378457",
            "timestamp": 1474619754844,
            "sequence_id": 1,
            "section_id": "2",
            "activity_id": "5",
            "activity_kind": "pipette",
            "data": {
                "kind": "Click",
                "what": "pipette_1",
                "which": "Ensemencement",
                "x": 1458,
                "y": 328
            }
        },
        {
            "user_id": "21603806",
            "session_id": "21603806_1474631378457",
            "timestamp": 1474619755686,
            "sequence_id": 1,
            "section_id": "2",
            "activity_id": "5",
            "activity_kind": "pipette",
            "data": {
                "kind": "Click",
                "what": "add_constituant",
                "which": "Ensemencement",
                "x": 1445,
                "y": 496
            }
        },
        {
            "user_id": "21603806",
            "session_id": "21603806_1474631378457",
            "timestamp": 1474619755925,
            "sequence_id": 1,
            "section_id": "2",
            "activity_id": "5",
            "activity_kind": "pipette",
            "data": {
                "kind": "Click",
                "what": "add_constituant",
                "which": "Ensemencement",
                "x": 1445,
                "y": 496
            }
        },
        {
            "user_id": "21603806",
            "session_id": "21603806_1474631378457",
            "timestamp": 1474619756245,
            "sequence_id": 1,
            "section_id": "2",
            "activity_id": "5",
            "activity_kind": "pipette",
            "data": {
                "kind": "Click",
                "what": "add_constituant",
                "which": "Ensemencement",
                "x": 1445,
                "y": 496
            }
        },
        {
            "user_id": "21603806",
            "session_id": "21603806_1474631378457",
            "timestamp": 1474619756589,
            "sequence_id": 1,
            "section_id": "2",
            "activity_id": "5",
            "activity_kind": "pipette",
            "data": {
                "kind": "Click",
                "what": "add_constituant",
                "which": "Ensemencement",
                "x": 1445,
                "y": 496
            }
        },
        {
            "user_id": "21603806",
            "session_id": "21603806_1474631378457",
            "timestamp": 1474619756949,
            "sequence_id": 1,
            "section_id": "2",
            "activity_id": "5",
            "activity_kind": "pipette",
            "data": {
                "kind": "Click",
                "what": "add_constituant",
                "which": "Ensemencement",
                "x": 1445,
                "y": 496
            }
        },
        {
            "user_id": "21603806",
            "session_id": "21603806_1474631378457",
            "timestamp": 1474619757391,
            "sequence_id": 1,
            "section_id": "2",
            "activity_id": "5",
            "activity_kind": "pipette",
            "data": {
                "kind": "Click",
                "what": "add_constituant",
                "which": "Ensemencement",
                "x": 1445,
                "y": 496
            }
        },
        {
            "user_id": "21603806",
            "session_id": "21603806_1474631378457",
            "timestamp": 1474619757893,
            "sequence_id": 1,
            "section_id": "2",
            "activity_id": "5",
            "activity_kind": "pipette",
            "data": {
                "kind": "Click",
                "what": "add_constituant",
                "which": "Ensemencement",
                "x": 1445,
                "y": 496
            }
        },
        {
            "user_id": "21603806",
            "session_id": "21603806_1474631378457",
            "timestamp": 1474619767276,
            "sequence_id": 1,
            "section_id": "2",
            "activity_id": "5",
            "activity_kind": "pipette",
            "data": {
                "kind": "Click",
                "what": "pipette_0",
                "which": "Ensemencement",
                "x": 1424,
                "y": 322
            }
        },
        {
            "user_id": "21603806",
            "session_id": "21603806_1474631378457",
            "timestamp": 1474619767273,
            "sequence_id": 1,
            "section_id": "2",
            "activity_id": "5",
            "activity_kind": "pipette",
            "data": {
                "kind": "Click",
                "what": "pipette_0",
                "which": "Ensemencement",
                "x": 1424,
                "y": 322
            }
        },
        {
            "user_id": "21603806",
            "session_id": "21603806_1474631378457",
            "timestamp": 1474619768044,
            "sequence_id": 1,
            "section_id": "2",
            "activity_id": "5",
            "activity_kind": "pipette",
            "data": {
                "kind": "Click",
                "what": "add_constituant",
                "which": "Ensemencement",
                "x": 1438,
                "y": 506
            }
        },
        {
            "user_id": "21603806",
            "session_id": "21603806_1474631378457",
            "timestamp": 1474619768245,
            "sequence_id": 1,
            "section_id": "2",
            "activity_id": "5",
            "activity_kind": "pipette",
            "data": {
                "kind": "Click",
                "what": "add_constituant",
                "which": "Ensemencement",
                "x": 1438,
                "y": 506
            }
        },
        {
            "user_id": "21603806",
            "session_id": "21603806_1474631378457",
            "timestamp": 1474619768458,
            "sequence_id": 1,
            "section_id": "2",
            "activity_id": "5",
            "activity_kind": "pipette",
            "data": {
                "kind": "Click",
                "what": "add_constituant",
                "which": "Ensemencement",
                "x": 1438,
                "y": 506
            }
        },
        {
            "user_id": "21603806",
            "session_id": "21603806_1474631378457",
            "timestamp": 1474619768749,
            "sequence_id": 1,
            "section_id": "2",
            "activity_id": "5",
            "activity_kind": "pipette",
            "data": {
                "kind": "Click",
                "what": "add_constituant",
                "which": "Ensemencement",
                "x": 1438,
                "y": 506
            }
        },
        {
            "user_id": "21603806",
            "session_id": "21603806_1474631378457",
            "timestamp": 1474619769612,
            "sequence_id": 1,
            "section_id": "2",
            "activity_id": "5",
            "activity_kind": "pipette",
            "data": {
                "kind": "Click",
                "what": "add_constituant",
                "which": "Ensemencement",
                "x": 1440,
                "y": 509
            }
        },
        {
            "user_id": "21603806",
            "session_id": "21603806_1474631378457",
            "timestamp": 1474619775792,
            "sequence_id": 1,
            "section_id": "2",
            "activity_id": "5",
            "activity_kind": "pipette",
            "data": {
                "kind": "Click",
                "what": "select_milieu",
                "which": "Ensemencement",
                "x": 1323,
                "y": 290
            }
        },
        {
            "user_id": "21603806",
            "session_id": "21603806_1474631378457",
            "timestamp": 1474619775795,
            "sequence_id": 1,
            "section_id": "2",
            "activity_id": "5",
            "activity_kind": "pipette",
            "data": {
                "kind": "Click",
                "what": "select_milieu",
                "which": "Ensemencement",
                "x": 1323,
                "y": 290
            }
        },
        {
            "user_id": "21603806",
            "session_id": "21603806_1474631378457",
            "timestamp": 1474619788248,
            "sequence_id": 1,
            "section_id": "2",
            "activity_id": "5",
            "activity_kind": "pipette",
            "data": {
                "kind": "Click",
                "what": "select_serum",
                "which": "Ensemencement",
                "x": 1355,
                "y": 385
            }
        },
        {
            "user_id": "21603806",
            "session_id": "21603806_1474631378457",
            "timestamp": 1474619788251,
            "sequence_id": 1,
            "section_id": "2",
            "activity_id": "5",
            "activity_kind": "pipette",
            "data": {
                "kind": "Click",
                "what": "select_serum",
                "which": "Ensemencement",
                "x": 1355,
                "y": 385
            }
        },
        {
            "user_id": "21603806",
            "session_id": "21603806_1474631378457",
            "timestamp": 1474619789728,
            "sequence_id": 1,
            "section_id": "2",
            "activity_id": "5",
            "activity_kind": "pipette",
            "data": {
                "kind": "Click",
                "what": "pipette_1",
                "which": "Ensemencement",
                "x": 1466,
                "y": 315
            }
        },
        {
            "user_id": "21603806",
            "session_id": "21603806_1474631378457",
            "timestamp": 1474619789731,
            "sequence_id": 1,
            "section_id": "2",
            "activity_id": "5",
            "activity_kind": "pipette",
            "data": {
                "kind": "Click",
                "what": "pipette_1",
                "which": "Ensemencement",
                "x": 1466,
                "y": 315
            }
        },
        {
            "user_id": "21603806",
            "session_id": "21603806_1474631378457",
            "timestamp": 1474619790541,
            "sequence_id": 1,
            "section_id": "2",
            "activity_id": "5",
            "activity_kind": "pipette",
            "data": {
                "kind": "Click",
                "what": "add_constituant",
                "which": "Ensemencement",
                "x": 1403,
                "y": 497
            }
        },
        {
            "user_id": "21603806",
            "session_id": "21603806_1474631378457",
            "timestamp": 1474619790820,
            "sequence_id": 1,
            "section_id": "2",
            "activity_id": "5",
            "activity_kind": "pipette",
            "data": {
                "kind": "Click",
                "what": "add_constituant",
                "which": "Ensemencement",
                "x": 1403,
                "y": 497
            }
        },
        {
            "user_id": "21603806",
            "session_id": "21603806_1474631378457",
            "timestamp": 1474619791283,
            "sequence_id": 1,
            "section_id": "2",
            "activity_id": "5",
            "activity_kind": "pipette",
            "data": {
                "kind": "Click",
                "what": "add_constituant",
                "which": "Ensemencement",
                "x": 1403,
                "y": 497
            }
        },
        {
            "user_id": "21603806",
            "session_id": "21603806_1474631378457",
            "timestamp": 1474619793329,
            "sequence_id": 1,
            "section_id": "2",
            "activity_id": "5",
            "activity_kind": "pipette",
            "data": {
                "kind": "Click",
                "what": "select_milieu",
                "which": "Ensemencement",
                "x": 1340,
                "y": 297
            }
        },
        {
            "user_id": "21603806",
            "session_id": "21603806_1474631378457",
            "timestamp": 1474619793334,
            "sequence_id": 1,
            "section_id": "2",
            "activity_id": "5",
            "activity_kind": "pipette",
            "data": {
                "kind": "Click",
                "what": "select_milieu",
                "which": "Ensemencement",
                "x": 1340,
                "y": 297
            }
        },
        {
            "user_id": "21603806",
            "session_id": "21603806_1474631378457",
            "timestamp": 1474619796305,
            "sequence_id": 1,
            "section_id": "2",
            "activity_id": "5",
            "activity_kind": "pipette",
            "data": {
                "kind": "Click",
                "what": "pipette_2",
                "which": "Ensemencement",
                "x": 1500,
                "y": 334
            }
        },
        {
            "user_id": "21603806",
            "session_id": "21603806_1474631378457",
            "timestamp": 1474619796310,
            "sequence_id": 1,
            "section_id": "2",
            "activity_id": "5",
            "activity_kind": "pipette",
            "data": {
                "kind": "Click",
                "what": "pipette_2",
                "which": "Ensemencement",
                "x": 1500,
                "y": 334
            }
        },
        {
            "user_id": "21603806",
            "session_id": "21603806_1474631378457",
            "timestamp": 1474619797079,
            "sequence_id": 1,
            "section_id": "2",
            "activity_id": "5",
            "activity_kind": "pipette",
            "data": {
                "kind": "Click",
                "what": "add_constituant",
                "which": "Ensemencement",
                "x": 1441,
                "y": 506
            }
        },
        {
            "user_id": "21603806",
            "session_id": "21603806_1474631378457",
            "timestamp": 1474619797364,
            "sequence_id": 1,
            "section_id": "2",
            "activity_id": "5",
            "activity_kind": "pipette",
            "data": {
                "kind": "Click",
                "what": "add_constituant",
                "which": "Ensemencement",
                "x": 1441,
                "y": 506
            }
        },
        {
            "user_id": "21603806",
            "session_id": "21603806_1474631378457",
            "timestamp": 1474619801095,
            "sequence_id": 1,
            "section_id": "2",
            "activity_id": "5",
            "activity_kind": "pipette",
            "data": {
                "kind": "Click",
                "what": "pipette_1",
                "which": "Ensemencement",
                "x": 1464,
                "y": 312
            }
        },
        {
            "user_id": "21603806",
            "session_id": "21603806_1474631378457",
            "timestamp": 1474619801098,
            "sequence_id": 1,
            "section_id": "2",
            "activity_id": "5",
            "activity_kind": "pipette",
            "data": {
                "kind": "Click",
                "what": "pipette_1",
                "which": "Ensemencement",
                "x": 1464,
                "y": 312
            }
        },
        {
            "user_id": "21603806",
            "session_id": "21603806_1474631378457",
            "timestamp": 1474619801996,
            "sequence_id": 1,
            "section_id": "2",
            "activity_id": "5",
            "activity_kind": "pipette",
            "data": {
                "kind": "Click",
                "what": "add_constituant",
                "which": "Ensemencement",
                "x": 1428,
                "y": 488
            }
        },
        {
            "user_id": "21603806",
            "session_id": "21603806_1474631378457",
            "timestamp": 1474619802339,
            "sequence_id": 1,
            "section_id": "2",
            "activity_id": "5",
            "activity_kind": "pipette",
            "data": {
                "kind": "Click",
                "what": "add_constituant",
                "which": "Ensemencement",
                "x": 1428,
                "y": 488
            }
        },
        {
            "user_id": "21603806",
            "session_id": "21603806_1474631378457",
            "timestamp": 1474619802763,
            "sequence_id": 1,
            "section_id": "2",
            "activity_id": "5",
            "activity_kind": "pipette",
            "data": {
                "kind": "Click",
                "what": "add_constituant",
                "which": "Ensemencement",
                "x": 1428,
                "y": 488
            }
        },
        {
            "user_id": "21603806",
            "session_id": "21603806_1474631378457",
            "timestamp": 1474619803300,
            "sequence_id": 1,
            "section_id": "2",
            "activity_id": "5",
            "activity_kind": "pipette",
            "data": {
                "kind": "Click",
                "what": "add_constituant",
                "which": "Ensemencement",
                "x": 1428,
                "y": 488
            }
        },
        {
            "user_id": "21603806",
            "session_id": "21603806_1474631378457",
            "timestamp": 1474619803772,
            "sequence_id": 1,
            "section_id": "2",
            "activity_id": "5",
            "activity_kind": "pipette",
            "data": {
                "kind": "Click",
                "what": "add_constituant",
                "which": "Ensemencement",
                "x": 1428,
                "y": 488
            }
        },
        {
            "user_id": "21603806",
            "session_id": "21603806_1474631378457",
            "timestamp": 1474619804331,
            "sequence_id": 1,
            "section_id": "2",
            "activity_id": "5",
            "activity_kind": "pipette",
            "data": {
                "kind": "Click",
                "what": "add_constituant",
                "which": "Ensemencement",
                "x": 1428,
                "y": 488
            }
        },
        {
            "user_id": "21603806",
            "session_id": "21603806_1474631378457",
            "timestamp": 1474619804947,
            "sequence_id": 1,
            "section_id": "2",
            "activity_id": "5",
            "activity_kind": "pipette",
            "data": {
                "kind": "Click",
                "what": "add_constituant",
                "which": "Ensemencement",
                "x": 1428,
                "y": 488
            }
        },
        {
            "user_id": "21603806",
            "session_id": "21603806_1474631378457",
            "timestamp": 1474619806211,
            "sequence_id": 1,
            "section_id": "2",
            "activity_id": "5",
            "activity_kind": "pipette",
            "data": {
                "kind": "Click",
                "what": "correct_btn",
                "which": "Ensemencement",
                "x": 1534,
                "y": 686
            }
        },
        {
            "user_id": "21603806",
            "session_id": "21603806_1474631378457",
            "timestamp": 1474619847589,
            "sequence_id": 1,
            "section_id": "2",
            "activity_id": "5",
            "activity_kind": "pipette",
            "data": {
                "kind": "Click",
                "what": "content_pane",
                "which": "Ensemencement",
                "x": 1063,
                "y": 282
            }
        },
        {
            "user_id": "21603806",
            "session_id": "21603806_1474631378457",
            "timestamp": 1474619848974,
            "sequence_id": 1,
            "section_id": "2",
            "activity_id": "5",
            "activity_kind": "pipette",
            "data": {
                "kind": "Click",
                "what": "content_pane",
                "which": "Ensemencement",
                "x": 1075,
                "y": 289
            }
        },
        {
            "user_id": "21603806",
            "session_id": "21603806_1474631378457",
            "timestamp": 1474619849838,
            "sequence_id": 1,
            "section_id": "2",
            "activity_id": "5",
            "activity_kind": "pipette",
            "data": {
                "kind": "Click",
                "what": "content_pane",
                "which": "Ensemencement",
                "x": 1078,
                "y": 177
            }
        },
        {
            "user_id": "21603806",
            "session_id": "21603806_1474631378457",
            "timestamp": 1474619850077,
            "sequence_id": 1,
            "section_id": "2",
            "activity_id": "5",
            "activity_kind": "pipette",
            "data": {
                "kind": "Click",
                "what": "content_pane",
                "which": "Ensemencement",
                "x": 1078,
                "y": 177
            }
        },
        {
            "user_id": "21603806",
            "session_id": "21603806_1474631378457",
            "timestamp": 1474619850446,
            "sequence_id": 1,
            "section_id": "2",
            "activity_id": "5",
            "activity_kind": "pipette",
            "data": {
                "kind": "Click",
                "what": "content_pane",
                "which": "Ensemencement",
                "x": 1078,
                "y": 178
            }
        },
        {
            "user_id": "21603806",
            "session_id": "21603806_1474631378457",
            "timestamp": 1474619850693,
            "sequence_id": 1,
            "section_id": "2",
            "activity_id": "5",
            "activity_kind": "pipette",
            "data": {
                "kind": "Click",
                "what": "content_pane",
                "which": "Ensemencement",
                "x": 1078,
                "y": 178
            }
        }
    ]
}