{
    "inputs": [
        {
            "user_id": "21604380",
            "session_id": "21604380_1475235890387",
            "timestamp": 1475223140959,
            "sequence_id": 1,
            "section_id": 0,
            "activity_id": 0,
            "activity_kind": "dragdrop",
            "data": {
                "kind": "Input",
                "user_input": [
                    {
                        "slot": 0,
                        "stickers": [
                            "0"
                        ]
                    },
                    {
                        "slot": 1,
                        "stickers": [
                            "3"
                        ]
                    },
                    {
                        "slot": 2,
                        "stickers": [
                            "2"
                        ]
                    },
                    {
                        "slot": 3,
                        "stickers": [
                            "1"
                        ]
                    },
                    {
                        "slot": 4,
                        "stickers": [
                            "4"
                        ]
                    },
                    {
                        "slot": 5,
                        "stickers": [
                            "9"
                        ]
                    },
                    {
                        "slot": 6,
                        "stickers": [
                            "12"
                        ]
                    },
                    {
                        "slot": 7,
                        "stickers": [
                            "10"
                        ]
                    },
                    {
                        "slot": 8,
                        "stickers": [
                            "11"
                        ]
                    }
                ]
            }
        },
        {
            "user_id": "21604380",
            "session_id": "21604380_1475235890387",
            "timestamp": 1475223151463,
            "sequence_id": 1,
            "section_id": 0,
            "activity_id": 0,
            "activity_kind": "dragdrop",
            "data": {
                "kind": "Input",
                "user_input": [
                    {
                        "slot": 0,
                        "stickers": [
                            "0"
                        ]
                    },
                    {
                        "slot": 1,
                        "stickers": [
                            "1"
                        ]
                    },
                    {
                        "slot": 2,
                        "stickers": [
                            "2"
                        ]
                    },
                    {
                        "slot": 3,
                        "stickers": [
                            "3"
                        ]
                    },
                    {
                        "slot": 4,
                        "stickers": [
                            "4"
                        ]
                    },
                    {
                        "slot": 5,
                        "stickers": [
                            "9"
                        ]
                    },
                    {
                        "slot": 6,
                        "stickers": [
                            "12"
                        ]
                    },
                    {
                        "slot": 7,
                        "stickers": [
                            "10"
                        ]
                    },
                    {
                        "slot": 8,
                        "stickers": [
                            "11"
                        ]
                    }
                ]
            }
        },
        {
            "user_id": "21604380",
            "session_id": "21604380_1475235890387",
            "timestamp": 1475223298453,
            "sequence_id": 1,
            "section_id": 1,
            "activity_id": 0,
            "activity_kind": "dragdrop",
            "data": {
                "kind": "Input",
                "user_input": [
                    {
                        "slot": 0,
                        "stickers": [
                            "4"
                        ]
                    },
                    {
                        "slot": 1,
                        "stickers": [
                            "2"
                        ]
                    },
                    {
                        "slot": 2,
                        "stickers": [
                            "2"
                        ]
                    },
                    {
                        "slot": 3,
                        "stickers": [
                            "0"
                        ]
                    }
                ]
            }
        },
        {
            "user_id": "21604380",
            "session_id": "21604380_1475235890387",
            "timestamp": 1475223401621,
            "sequence_id": 1,
            "section_id": 1,
            "activity_id": 1,
            "activity_kind": "curvetest",
            "data": {
                "kind": "Input",
                "user_input": [
                    933.6734693877551,
                    1454.0816326530612,
                    2020.408163265306,
                    2969.387755102041,
                    4010.204081632653,
                    5984.693877551021
                ]
            }
        },
        {
            "user_id": "21604380",
            "session_id": "21604380_1475235890387",
            "timestamp": 1475223625019,
            "sequence_id": 1,
            "section_id": 2,
            "activity_id": 2,
            "activity_kind": "counttest",
            "data": {
                "kind": "Input",
                "user_input": [
                    10,
                    8,
                    0,
                    0
                ]
            }
        },
        {
            "user_id": "21604380",
            "session_id": "21604380_1475235890387",
            "timestamp": 1475223654837,
            "sequence_id": 1,
            "section_id": 2,
            "activity_id": 2,
            "activity_kind": "counttest",
            "data": {
                "kind": "Input",
                "user_input": [
                    10,
                    8,
                    10,
                    12
                ]
            }
        },
        {
            "user_id": "21604380",
            "session_id": "21604380_1475235890387",
            "timestamp": 1475223664602,
            "sequence_id": 1,
            "section_id": 2,
            "activity_id": 2,
            "activity_kind": "counttest",
            "data": {
                "kind": "Input",
                "user_input": [
                    10,
                    8,
                    11,
                    12
                ]
            }
        },
        {
            "user_id": "21604380",
            "session_id": "21604380_1475235890387",
            "timestamp": 1475224126895,
            "sequence_id": 1,
            "section_id": 2,
            "activity_id": 3,
            "activity_kind": "input",
            "data": {
                "kind": "Input",
                "user_input": "1150000"
            }
        },
        {
            "user_id": "21604380",
            "session_id": "21604380_1475235890387",
            "timestamp": 1475224673000,
            "sequence_id": 1,
            "section_id": 2,
            "activity_id": 5,
            "activity_kind": "pipette",
            "data": {
                "kind": "Input",
                "user_input": [
                    199682,
                    2.73,
                    0.12,
                    30
                ]
            }
        },
        {
            "user_id": "21604380",
            "session_id": "21604380_1475235890387",
            "timestamp": 1475224775960,
            "sequence_id": 1,
            "section_id": 2,
            "activity_id": 5,
            "activity_kind": "pipette",
            "data": {
                "kind": "Input",
                "user_input": [
                    199682,
                    3,
                    0.11,
                    33
                ]
            }
        },
        {
            "user_id": "21604380",
            "session_id": "21604380_1475235890387",
            "timestamp": 1475225283727,
            "sequence_id": 1,
            "section_id": 2,
            "activity_id": 5,
            "activity_kind": "pipette",
            "data": {
                "kind": "Input",
                "user_input": [
                    199682,
                    3,
                    0.11,
                    33
                ]
            }
        },
        {
            "user_id": "21604380",
            "session_id": "21604380_1475235890387",
            "timestamp": 1475225349741,
            "sequence_id": 1,
            "section_id": 4,
            "activity_id": 0,
            "activity_kind": "dragdrop",
            "data": {
                "kind": "Input",
                "user_input": [
                    {
                        "slot": 0,
                        "stickers": [
                            "0"
                        ]
                    },
                    {
                        "slot": 1,
                        "stickers": [
                            "4"
                        ]
                    },
                    {
                        "slot": 2,
                        "stickers": [
                            "1"
                        ]
                    },
                    {
                        "slot": 3,
                        "stickers": [
                            "2"
                        ]
                    },
                    {
                        "slot": 4,
                        "stickers": [
                            "5"
                        ]
                    },
                    {
                        "slot": 5,
                        "stickers": [
                            "3"
                        ]
                    }
                ]
            }
        },
        {
            "user_id": "21604380",
            "session_id": "21604380_1475235890387",
            "timestamp": 1475225354843,
            "sequence_id": 1,
            "section_id": 4,
            "activity_id": 1,
            "activity_kind": "curvestar",
            "data": {
                "kind": "Input",
                "user_input": [
                    933.6734693877551,
                    1454.0816326530612,
                    2020.408163265306,
                    2969.387755102041,
                    4010.204081632653,
                    5984.693877551021
                ]
            }
        },
        {
            "user_id": "21604380",
            "session_id": "21604380_1475235890387",
            "timestamp": 1475225366370,
            "sequence_id": 1,
            "section_id": 4,
            "activity_id": 1,
            "activity_kind": "curvestar",
            "data": {
                "kind": "Input",
                "user_input": [
                    933.6734693877551,
                    520.4081632653061,
                    2020.408163265306,
                    2969.387755102041,
                    4010.204081632653,
                    5984.693877551021
                ]
            }
        },
        {
            "user_id": "21604380",
            "session_id": "21604380_1475235890387",
            "timestamp": 1475225367634,
            "sequence_id": 1,
            "section_id": 4,
            "activity_id": 1,
            "activity_kind": "curvestar",
            "data": {
                "kind": "Input",
                "user_input": [
                    933.6734693877551,
                    3107.142857142857,
                    2020.408163265306,
                    2969.387755102041,
                    4010.204081632653,
                    5984.693877551021
                ]
            }
        },
        {
            "user_id": "21604380",
            "session_id": "21604380_1475235890387",
            "timestamp": 1475225371177,
            "sequence_id": 1,
            "section_id": 4,
            "activity_id": 1,
            "activity_kind": "curvestar",
            "data": {
                "kind": "Input",
                "user_input": [
                    933.6734693877551,
                    1469.3877551020407,
                    2020.408163265306,
                    2969.387755102041,
                    4010.204081632653,
                    5984.693877551021
                ]
            }
        },
        {
            "user_id": "21604380",
            "session_id": "21604380_1475235890387",
            "timestamp": 1475225376073,
            "sequence_id": 1,
            "section_id": 4,
            "activity_id": 1,
            "activity_kind": "curvestar",
            "data": {
                "kind": "Input",
                "user_input": [
                    933.6734693877551,
                    948.9795918367347,
                    2020.408163265306,
                    2969.387755102041,
                    4010.204081632653,
                    5984.693877551021
                ]
            }
        },
        {
            "user_id": "21604380",
            "session_id": "21604380_1475235890387",
            "timestamp": 1475225377697,
            "sequence_id": 1,
            "section_id": 4,
            "activity_id": 1,
            "activity_kind": "curvestar",
            "data": {
                "kind": "Input",
                "user_input": [
                    933.6734693877551,
                    948.9795918367347,
                    1500,
                    2969.387755102041,
                    4010.204081632653,
                    5984.693877551021
                ]
            }
        },
        {
            "user_id": "21604380",
            "session_id": "21604380_1475235890387",
            "timestamp": 1475225382096,
            "sequence_id": 1,
            "section_id": 4,
            "activity_id": 1,
            "activity_kind": "curvestar",
            "data": {
                "kind": "Input",
                "user_input": [
                    933.6734693877551,
                    948.9795918367347,
                    1500,
                    1989.795918367347,
                    4010.204081632653,
                    5984.693877551021
                ]
            }
        },
        {
            "user_id": "21604380",
            "session_id": "21604380_1475235890387",
            "timestamp": 1475225383969,
            "sequence_id": 1,
            "section_id": 4,
            "activity_id": 1,
            "activity_kind": "curvestar",
            "data": {
                "kind": "Input",
                "user_input": [
                    933.6734693877551,
                    948.9795918367347,
                    1454.0816326530612,
                    1989.795918367347,
                    4010.204081632653,
                    5984.693877551021
                ]
            }
        },
        {
            "user_id": "21604380",
            "session_id": "21604380_1475235890387",
            "timestamp": 1475225387120,
            "sequence_id": 1,
            "section_id": 4,
            "activity_id": 1,
            "activity_kind": "curvestar",
            "data": {
                "kind": "Input",
                "user_input": [
                    933.6734693877551,
                    948.9795918367347,
                    1454.0816326530612,
                    1989.795918367347,
                    3045.918367346939,
                    5984.693877551021
                ]
            }
        },
        {
            "user_id": "21604380",
            "session_id": "21604380_1475235890387",
            "timestamp": 1475225391088,
            "sequence_id": 1,
            "section_id": 4,
            "activity_id": 1,
            "activity_kind": "curvestar",
            "data": {
                "kind": "Input",
                "user_input": [
                    933.6734693877551,
                    948.9795918367347,
                    1454.0816326530612,
                    1989.795918367347,
                    3045.918367346939,
                    3045.918367346939
                ]
            }
        },
        {
            "user_id": "21604380",
            "session_id": "21604380_1475235890387",
            "timestamp": 1475225464999,
            "sequence_id": 1,
            "section_id": 4,
            "activity_id": 2,
            "activity_kind": "dragdrop",
            "data": {
                "kind": "Input",
                "user_input": [
                    {
                        "slot": 0,
                        "stickers": [
                            "3"
                        ]
                    },
                    {
                        "slot": 1,
                        "stickers": [
                            "4"
                        ]
                    },
                    {
                        "slot": 2,
                        "stickers": [
                            "2"
                        ]
                    }
                ]
            }
        },
        {
            "user_id": "21604380",
            "session_id": "21604380_1475235890387",
            "timestamp": 1475225474777,
            "sequence_id": 1,
            "section_id": 4,
            "activity_id": 3,
            "activity_kind": "dragdrop",
            "data": {
                "kind": "Input",
                "user_input": [
                    {
                        "slot": 0,
                        "stickers": [
                            "4"
                        ]
                    },
                    {
                        "slot": 1,
                        "stickers": [
                            "2"
                        ]
                    },
                    {
                        "slot": 2,
                        "stickers": [
                            "2"
                        ]
                    },
                    {
                        "slot": 3,
                        "stickers": [
                            "0"
                        ]
                    }
                ]
            }
        },
        {
            "user_id": "21604380",
            "session_id": "21604380_1475235890387",
            "timestamp": 1475225583922,
            "sequence_id": 1,
            "section_id": 5,
            "activity_id": 0,
            "activity_kind": "synthesis",
            "data": {
                "kind": "Input",
                "user_input": [
                    "latence",
                    "exponentielle",
                    "la courbe de croissance",
                    "une phase stationnaire",
                    "l'inhibition de contact",
                    "asynchrone",
                    "le profil de cytométrie de flux",
                    "G1",
                    "ordonnées",
                    "G1, S, G2, M"
                ]
            }
        }
    ]
}