{
    "inputs": [
        {
            "user_id": "21604809",
            "session_id": "21604809_1474560902531",
            "timestamp": 1474548051096,
            "sequence_id": 1,
            "section_id": 0,
            "activity_id": 0,
            "activity_kind": "dragdrop",
            "data": {
                "kind": "Input",
                "user_input": [
                    {
                        "slot": 0,
                        "stickers": [
                            "0"
                        ]
                    },
                    {
                        "slot": 1,
                        "stickers": [
                            "1"
                        ]
                    },
                    {
                        "slot": 2,
                        "stickers": [
                            "2"
                        ]
                    },
                    {
                        "slot": 3,
                        "stickers": [
                            "3"
                        ]
                    },
                    {
                        "slot": 4,
                        "stickers": [
                            "4"
                        ]
                    },
                    {
                        "slot": 5,
                        "stickers": [
                            "9"
                        ]
                    },
                    {
                        "slot": 6,
                        "stickers": [
                            "12"
                        ]
                    },
                    {
                        "slot": 7,
                        "stickers": [
                            "10"
                        ]
                    },
                    {
                        "slot": 8,
                        "stickers": [
                            "11"
                        ]
                    }
                ]
            }
        },
        {
            "user_id": "21604809",
            "session_id": "21604809_1474560902531",
            "timestamp": 1474548070372,
            "sequence_id": 1,
            "section_id": 1,
            "activity_id": 0,
            "activity_kind": "dragdrop",
            "data": {
                "kind": "Input",
                "user_input": [
                    {
                        "slot": 0,
                        "stickers": [
                            "4"
                        ]
                    },
                    {
                        "slot": 1,
                        "stickers": [
                            "2"
                        ]
                    },
                    {
                        "slot": 2,
                        "stickers": [
                            "2"
                        ]
                    },
                    {
                        "slot": 3,
                        "stickers": [
                            "0"
                        ]
                    }
                ]
            }
        },
        {
            "user_id": "21604809",
            "session_id": "21604809_1474560902531",
            "timestamp": 1474548105375,
            "sequence_id": 1,
            "section_id": 1,
            "activity_id": 1,
            "activity_kind": "curvetest",
            "data": {
                "kind": "Input",
                "user_input": [
                    1010.204081632653,
                    1530.612244897959,
                    2020.408163265306,
                    2020.408163265306,
                    2020.408163265306,
                    2020.408163265306
                ]
            }
        },
        {
            "user_id": "21604809",
            "session_id": "21604809_1474560902531",
            "timestamp": 1474548303031,
            "sequence_id": 1,
            "section_id": 2,
            "activity_id": 2,
            "activity_kind": "counttest",
            "data": {
                "kind": "Input",
                "user_input": [
                    12,
                    8,
                    12,
                    12
                ]
            }
        },
        {
            "user_id": "21604809",
            "session_id": "21604809_1474560902531",
            "timestamp": 1474548909006,
            "sequence_id": 1,
            "section_id": 2,
            "activity_id": 3,
            "activity_kind": "input",
            "data": {
                "kind": "Input",
                "user_input": "1150000"
            }
        },
        {
            "user_id": "21604809",
            "session_id": "21604809_1474560902531",
            "timestamp": 1474549388247,
            "sequence_id": 1,
            "section_id": 2,
            "activity_id": 5,
            "activity_kind": "pipette",
            "data": {
                "kind": "Input",
                "user_input": [
                    17773,
                    0.27,
                    0.1,
                    3
                ]
            }
        },
        {
            "user_id": "21604809",
            "session_id": "21604809_1474560902531",
            "timestamp": 1474549754091,
            "sequence_id": 1,
            "section_id": 2,
            "activity_id": 5,
            "activity_kind": "pipette",
            "data": {
                "kind": "Input",
                "user_input": [
                    17773,
                    0.27,
                    0.11,
                    3.0199999999999996
                ]
            }
        },
        {
            "user_id": "21604809",
            "session_id": "21604809_1474560902531",
            "timestamp": 1474549922473,
            "sequence_id": 1,
            "section_id": 2,
            "activity_id": 5,
            "activity_kind": "pipette",
            "data": {
                "kind": "Input",
                "user_input": [
                    17773,
                    0.28,
                    0.1,
                    3.05
                ]
            }
        },
        {
            "user_id": "21604809",
            "session_id": "21604809_1474560902531",
            "timestamp": 1474550011397,
            "sequence_id": 1,
            "section_id": 4,
            "activity_id": 0,
            "activity_kind": "dragdrop",
            "data": {
                "kind": "Input",
                "user_input": [
                    {
                        "slot": 0,
                        "stickers": [
                            "4"
                        ]
                    },
                    {
                        "slot": 1,
                        "stickers": [
                            "0"
                        ]
                    },
                    {
                        "slot": 2,
                        "stickers": [
                            "1"
                        ]
                    },
                    {
                        "slot": 3,
                        "stickers": [
                            "2"
                        ]
                    },
                    {
                        "slot": 4,
                        "stickers": [
                            "5"
                        ]
                    },
                    {
                        "slot": 5,
                        "stickers": [
                            "3"
                        ]
                    }
                ]
            }
        },
        {
            "user_id": "21604809",
            "session_id": "21604809_1474560902531",
            "timestamp": 1474550016626,
            "sequence_id": 1,
            "section_id": 4,
            "activity_id": 1,
            "activity_kind": "curvestar",
            "data": {
                "kind": "Input",
                "user_input": [
                    1010.204081632653,
                    1530.612244897959,
                    2020.408163265306,
                    2020.408163265306,
                    2020.408163265306,
                    2020.408163265306
                ]
            }
        },
        {
            "user_id": "21604809",
            "session_id": "21604809_1474560902531",
            "timestamp": 1474550030651,
            "sequence_id": 1,
            "section_id": 4,
            "activity_id": 1,
            "activity_kind": "curvestar",
            "data": {
                "kind": "Input",
                "user_input": [
                    1010.204081632653,
                    964.2857142857142,
                    2020.408163265306,
                    2020.408163265306,
                    2020.408163265306,
                    2020.408163265306
                ]
            }
        },
        {
            "user_id": "21604809",
            "session_id": "21604809_1474560902531",
            "timestamp": 1474550033419,
            "sequence_id": 1,
            "section_id": 4,
            "activity_id": 1,
            "activity_kind": "curvestar",
            "data": {
                "kind": "Input",
                "user_input": [
                    1010.204081632653,
                    964.2857142857142,
                    1438.7755102040817,
                    2020.408163265306,
                    2020.408163265306,
                    2020.408163265306
                ]
            }
        },
        {
            "user_id": "21604809",
            "session_id": "21604809_1474560902531",
            "timestamp": 1474550038443,
            "sequence_id": 1,
            "section_id": 4,
            "activity_id": 1,
            "activity_kind": "curvestar",
            "data": {
                "kind": "Input",
                "user_input": [
                    1010.204081632653,
                    964.2857142857142,
                    1438.7755102040817,
                    2020.408163265306,
                    3030.612244897959,
                    2020.408163265306
                ]
            }
        },
        {
            "user_id": "21604809",
            "session_id": "21604809_1474560902531",
            "timestamp": 1474550042770,
            "sequence_id": 1,
            "section_id": 4,
            "activity_id": 1,
            "activity_kind": "curvestar",
            "data": {
                "kind": "Input",
                "user_input": [
                    1010.204081632653,
                    964.2857142857142,
                    1438.7755102040817,
                    2020.408163265306,
                    3030.612244897959,
                    3030.612244897959
                ]
            }
        },
        {
            "user_id": "21604809",
            "session_id": "21604809_1474560902531",
            "timestamp": 1474550099681,
            "sequence_id": 1,
            "section_id": 4,
            "activity_id": 2,
            "activity_kind": "dragdrop",
            "data": {
                "kind": "Input",
                "user_input": [
                    {
                        "slot": 0,
                        "stickers": [
                            "3"
                        ]
                    },
                    {
                        "slot": 1,
                        "stickers": [
                            "4"
                        ]
                    },
                    {
                        "slot": 2,
                        "stickers": [
                            "2"
                        ]
                    }
                ]
            }
        },
        {
            "user_id": "21604809",
            "session_id": "21604809_1474560902531",
            "timestamp": 1474550102366,
            "sequence_id": 1,
            "section_id": 4,
            "activity_id": 3,
            "activity_kind": "dragdrop",
            "data": {
                "kind": "Input",
                "user_input": [
                    {
                        "slot": 0,
                        "stickers": [
                            "4"
                        ]
                    },
                    {
                        "slot": 1,
                        "stickers": [
                            "2"
                        ]
                    },
                    {
                        "slot": 2,
                        "stickers": [
                            "2"
                        ]
                    },
                    {
                        "slot": 3,
                        "stickers": [
                            "0"
                        ]
                    }
                ]
            }
        },
        {
            "user_id": "21604809",
            "session_id": "21604809_1474560902531",
            "timestamp": 1474550248112,
            "sequence_id": 1,
            "section_id": 5,
            "activity_id": 0,
            "activity_kind": "synthesis",
            "data": {
                "kind": "Input",
                "user_input": [
                    "latence",
                    "exponentielle",
                    "la courbe de croissance",
                    "une phase stationnaire",
                    "l'inhibition de contact",
                    "asynchrone",
                    "le profil de cytométrie de flux",
                    "G1",
                    "ordonnées",
                    "G1, S, G2, M"
                ]
            }
        },
        {
            "user_id": "21604809",
            "session_id": "21604809_1474560902531",
            "timestamp": 1474550322782,
            "sequence_id": 2,
            "section_id": 0,
            "activity_id": 0,
            "activity_kind": "dragdrop",
            "data": {
                "kind": "Input",
                "user_input": [
                    {
                        "slot": 0,
                        "stickers": []
                    },
                    {
                        "slot": 1,
                        "stickers": [
                            "5"
                        ]
                    },
                    {
                        "slot": 2,
                        "stickers": [
                            "1"
                        ]
                    },
                    {
                        "slot": 3,
                        "stickers": []
                    },
                    {
                        "slot": 4,
                        "stickers": []
                    },
                    {
                        "slot": 5,
                        "stickers": [
                            "3"
                        ]
                    },
                    {
                        "slot": 6,
                        "stickers": []
                    },
                    {
                        "slot": 7,
                        "stickers": []
                    }
                ]
            }
        },
        {
            "user_id": "21604809",
            "session_id": "21604809_1474560902531",
            "timestamp": 1474550330997,
            "sequence_id": 2,
            "section_id": 0,
            "activity_id": 0,
            "activity_kind": "dragdrop",
            "data": {
                "kind": "Input",
                "user_input": [
                    {
                        "slot": 0,
                        "stickers": []
                    },
                    {
                        "slot": 1,
                        "stickers": [
                            "2"
                        ]
                    },
                    {
                        "slot": 2,
                        "stickers": [
                            "1"
                        ]
                    },
                    {
                        "slot": 3,
                        "stickers": []
                    },
                    {
                        "slot": 4,
                        "stickers": [
                            "0"
                        ]
                    },
                    {
                        "slot": 5,
                        "stickers": [
                            "3"
                        ]
                    },
                    {
                        "slot": 6,
                        "stickers": []
                    },
                    {
                        "slot": 7,
                        "stickers": []
                    }
                ]
            }
        },
        {
            "user_id": "21604809",
            "session_id": "21604809_1474560902531",
            "timestamp": 1474550369187,
            "sequence_id": 2,
            "section_id": 0,
            "activity_id": 1,
            "activity_kind": "dragdrop",
            "data": {
                "kind": "Input",
                "user_input": [
                    {
                        "slot": 0,
                        "stickers": [
                            "0"
                        ]
                    },
                    {
                        "slot": 1,
                        "stickers": [
                            "3"
                        ]
                    },
                    {
                        "slot": 2,
                        "stickers": [
                            "1",
                            "2"
                        ]
                    }
                ]
            }
        },
        {
            "user_id": "21604809",
            "session_id": "21604809_1474560902531",
            "timestamp": 1474550416637,
            "sequence_id": 2,
            "section_id": 1,
            "activity_id": 0,
            "activity_kind": "dragdrop",
            "data": {
                "kind": "Input",
                "user_input": [
                    {
                        "slot": 0,
                        "stickers": []
                    },
                    {
                        "slot": 1,
                        "stickers": []
                    },
                    {
                        "slot": 2,
                        "stickers": []
                    },
                    {
                        "slot": 3,
                        "stickers": [
                            "0"
                        ]
                    }
                ]
            }
        },
        {
            "user_id": "21604809",
            "session_id": "21604809_1474560902531",
            "timestamp": 1474550480071,
            "sequence_id": 2,
            "section_id": 1,
            "activity_id": 1,
            "activity_kind": "curvetest",
            "data": {
                "kind": "Input",
                "user_input": [
                    0.29743589743589743,
                    0.6717948717948717,
                    1,
                    1,
                    1,
                    1,
                    1
                ]
            }
        },
        {
            "user_id": "21604809",
            "session_id": "21604809_1474560902531",
            "timestamp": 1474550690833,
            "sequence_id": 2,
            "section_id": 2,
            "activity_id": 0,
            "activity_kind": "planif",
            "data": {
                "kind": "Input",
                "user_input": {
                    "protocol": [
                        "-36",
                        "132",
                        "24"
                    ],
                    "temoincheck": true,
                    "culture": [
                        {
                            "condition": "- glucose",
                            "time": "0"
                        },
                        {
                            "condition": "- oxygène",
                            "time": "0"
                        },
                        {
                            "condition": "+ sérum",
                            "time": "0"
                        }
                    ],
                    "temoin": [
                        {
                            "condition": "+ sérum",
                            "time": "0"
                        }
                    ]
                }
            }
        },
        {
            "user_id": "21604809",
            "session_id": "21604809_1474560902531",
            "timestamp": 1474550747326,
            "sequence_id": 2,
            "section_id": 2,
            "activity_id": 0,
            "activity_kind": "planif",
            "data": {
                "kind": "Input",
                "user_input": {
                    "protocol": [
                        "-36",
                        "132",
                        "12"
                    ],
                    "temoincheck": true,
                    "culture": [
                        {
                            "condition": "- glucose",
                            "time": "72"
                        },
                        {
                            "condition": "- oxygène",
                            "time": "72"
                        },
                        {
                            "condition": "+ sérum",
                            "time": "0"
                        }
                    ],
                    "temoin": [
                        {
                            "condition": "+ sérum",
                            "time": "0"
                        }
                    ]
                }
            }
        },
        {
            "user_id": "21604809",
            "session_id": "21604809_1474560902531",
            "timestamp": 1474550779613,
            "sequence_id": 2,
            "section_id": 2,
            "activity_id": 0,
            "activity_kind": "planif",
            "data": {
                "kind": "Input",
                "user_input": {
                    "protocol": [
                        "-36",
                        "72",
                        "12"
                    ],
                    "temoincheck": true,
                    "culture": [
                        {
                            "condition": "- glucose",
                            "time": "36"
                        },
                        {
                            "condition": "- oxygène",
                            "time": "36"
                        },
                        {
                            "condition": "+ sérum",
                            "time": "0"
                        }
                    ],
                    "temoin": [
                        {
                            "condition": "+ sérum",
                            "time": "0"
                        }
                    ]
                }
            }
        },
        {
            "user_id": "21604809",
            "session_id": "21604809_1474560902531",
            "timestamp": 1474550815603,
            "sequence_id": 2,
            "section_id": 2,
            "activity_id": 1,
            "activity_kind": "dragdrop",
            "data": {
                "kind": "Input",
                "user_input": [
                    {
                        "slot": 0,
                        "stickers": [
                            "10"
                        ]
                    }
                ]
            }
        },
        {
            "user_id": "21604809",
            "session_id": "21604809_1474560902531",
            "timestamp": 1474550834674,
            "sequence_id": 2,
            "section_id": 2,
            "activity_id": 1,
            "activity_kind": "dragdrop",
            "data": {
                "kind": "Input",
                "user_input": [
                    {
                        "slot": 0,
                        "stickers": [
                            "3"
                        ]
                    }
                ]
            }
        },
        {
            "user_id": "21604809",
            "session_id": "21604809_1474560902531",
            "timestamp": 1474550850689,
            "sequence_id": 2,
            "section_id": 2,
            "activity_id": 1,
            "activity_kind": "dragdrop",
            "data": {
                "kind": "Input",
                "user_input": [
                    {
                        "slot": 0,
                        "stickers": [
                            "11"
                        ]
                    }
                ]
            }
        },
        {
            "user_id": "21604809",
            "session_id": "21604809_1474560902531",
            "timestamp": 1474551569473,
            "sequence_id": 2,
            "section_id": 2,
            "activity_id": 5,
            "activity_kind": "doublepipette",
            "data": {
                "kind": "Input",
                "user_input": [
                    3,
                    0.005,
                    18,
                    3,
                    0.1,
                    21
                ]
            }
        },
        {
            "user_id": "21604809",
            "session_id": "21604809_1474560902531",
            "timestamp": 1474551594730,
            "sequence_id": 2,
            "section_id": 4,
            "activity_id": 0,
            "activity_kind": "dragdrop",
            "data": {
                "kind": "Input",
                "user_input": [
                    {
                        "slot": 0,
                        "stickers": [
                            "0"
                        ]
                    },
                    {
                        "slot": 1,
                        "stickers": [
                            "1"
                        ]
                    },
                    {
                        "slot": 2,
                        "stickers": [
                            "2"
                        ]
                    },
                    {
                        "slot": 3,
                        "stickers": [
                            "3"
                        ]
                    },
                    {
                        "slot": 4,
                        "stickers": [
                            "4"
                        ]
                    }
                ]
            }
        },
        {
            "user_id": "21604809",
            "session_id": "21604809_1474560902531",
            "timestamp": 1474551596567,
            "sequence_id": 2,
            "section_id": 4,
            "activity_id": 1,
            "activity_kind": "dragdrop",
            "data": {
                "kind": "Input",
                "user_input": [
                    {
                        "slot": 0,
                        "stickers": []
                    },
                    {
                        "slot": 1,
                        "stickers": []
                    },
                    {
                        "slot": 2,
                        "stickers": []
                    },
                    {
                        "slot": 3,
                        "stickers": [
                            "0"
                        ]
                    }
                ]
            }
        },
        {
            "user_id": "21604809",
            "session_id": "21604809_1474560902531",
            "timestamp": 1474551646640,
            "sequence_id": 2,
            "section_id": 4,
            "activity_id": 2,
            "activity_kind": "curvestar",
            "data": {
                "kind": "Input",
                "user_input": [
                    0.29743589743589743,
                    0.6717948717948717,
                    1,
                    1,
                    1,
                    1,
                    1
                ]
            }
        },
        {
            "user_id": "21604809",
            "session_id": "21604809_1474560902531",
            "timestamp": 1474551658595,
            "sequence_id": 2,
            "section_id": 4,
            "activity_id": 2,
            "activity_kind": "curvestar",
            "data": {
                "kind": "Input",
                "user_input": [
                    0.29743589743589743,
                    0.6717948717948717,
                    0.7282051282051282,
                    1,
                    1,
                    1,
                    1
                ]
            }
        },
        {
            "user_id": "21604809",
            "session_id": "21604809_1474560902531",
            "timestamp": 1474551660148,
            "sequence_id": 2,
            "section_id": 4,
            "activity_id": 2,
            "activity_kind": "curvestar",
            "data": {
                "kind": "Input",
                "user_input": [
                    0.29743589743589743,
                    0.5076923076923077,
                    0.7282051282051282,
                    1,
                    1,
                    1,
                    1
                ]
            }
        },
        {
            "user_id": "21604809",
            "session_id": "21604809_1474560902531",
            "timestamp": 1474551662300,
            "sequence_id": 2,
            "section_id": 4,
            "activity_id": 2,
            "activity_kind": "curvestar",
            "data": {
                "kind": "Input",
                "user_input": [
                    0.29743589743589743,
                    0.5076923076923077,
                    0.7435897435897436,
                    1,
                    1,
                    1,
                    1
                ]
            }
        },
        {
            "user_id": "21604809",
            "session_id": "21604809_1474560902531",
            "timestamp": 1474551663611,
            "sequence_id": 2,
            "section_id": 4,
            "activity_id": 2,
            "activity_kind": "curvestar",
            "data": {
                "kind": "Input",
                "user_input": [
                    0.29743589743589743,
                    0.5076923076923077,
                    0.6666666666666666,
                    1,
                    1,
                    1,
                    1
                ]
            }
        },
        {
            "user_id": "21604809",
            "session_id": "21604809_1474560902531",
            "timestamp": 1474551665179,
            "sequence_id": 2,
            "section_id": 4,
            "activity_id": 2,
            "activity_kind": "curvestar",
            "data": {
                "kind": "Input",
                "user_input": [
                    0.29743589743589743,
                    0.5076923076923077,
                    0.6256410256410256,
                    1,
                    1,
                    1,
                    1
                ]
            }
        },
        {
            "user_id": "21604809",
            "session_id": "21604809_1474560902531",
            "timestamp": 1474551667498,
            "sequence_id": 2,
            "section_id": 4,
            "activity_id": 2,
            "activity_kind": "curvestar",
            "data": {
                "kind": "Input",
                "user_input": [
                    0.29743589743589743,
                    0.4461538461538462,
                    0.6256410256410256,
                    1,
                    1,
                    1,
                    1
                ]
            }
        },
        {
            "user_id": "21604809",
            "session_id": "21604809_1474560902531",
            "timestamp": 1474551670938,
            "sequence_id": 2,
            "section_id": 4,
            "activity_id": 2,
            "activity_kind": "curvestar",
            "data": {
                "kind": "Input",
                "user_input": [
                    0.10256410256410256,
                    0.4461538461538462,
                    0.6256410256410256,
                    1,
                    1,
                    1,
                    1
                ]
            }
        },
        {
            "user_id": "21604809",
            "session_id": "21604809_1474560902531",
            "timestamp": 1474551676346,
            "sequence_id": 2,
            "section_id": 4,
            "activity_id": 2,
            "activity_kind": "curvestar",
            "data": {
                "kind": "Input",
                "user_input": [
                    0.10256410256410256,
                    0.4461538461538462,
                    0.7230769230769231,
                    1,
                    1,
                    1,
                    1
                ]
            }
        },
        {
            "user_id": "21604809",
            "session_id": "21604809_1474560902531",
            "timestamp": 1474551679450,
            "sequence_id": 2,
            "section_id": 4,
            "activity_id": 2,
            "activity_kind": "curvestar",
            "data": {
                "kind": "Input",
                "user_input": [
                    0.29743589743589743,
                    0.4461538461538462,
                    0.7230769230769231,
                    1,
                    1,
                    1,
                    1
                ]
            }
        },
        {
            "user_id": "21604809",
            "session_id": "21604809_1474560902531",
            "timestamp": 1474551681098,
            "sequence_id": 2,
            "section_id": 4,
            "activity_id": 2,
            "activity_kind": "curvestar",
            "data": {
                "kind": "Input",
                "user_input": [
                    0.29743589743589743,
                    0.5333333333333333,
                    0.7230769230769231,
                    1,
                    1,
                    1,
                    1
                ]
            }
        },
        {
            "user_id": "21604809",
            "session_id": "21604809_1474560902531",
            "timestamp": 1474551682618,
            "sequence_id": 2,
            "section_id": 4,
            "activity_id": 2,
            "activity_kind": "curvestar",
            "data": {
                "kind": "Input",
                "user_input": [
                    0.29743589743589743,
                    0.5333333333333333,
                    0.7743589743589744,
                    1,
                    1,
                    1,
                    1
                ]
            }
        },
        {
            "user_id": "21604809",
            "session_id": "21604809_1474560902531",
            "timestamp": 1474551686185,
            "sequence_id": 2,
            "section_id": 4,
            "activity_id": 2,
            "activity_kind": "curvestar",
            "data": {
                "kind": "Input",
                "user_input": [
                    0.29743589743589743,
                    0.5333333333333333,
                    0.7743589743589744,
                    0.8358974358974359,
                    1,
                    1,
                    1
                ]
            }
        },
        {
            "user_id": "21604809",
            "session_id": "21604809_1474560902531",
            "timestamp": 1474551688916,
            "sequence_id": 2,
            "section_id": 4,
            "activity_id": 2,
            "activity_kind": "curvestar",
            "data": {
                "kind": "Input",
                "user_input": [
                    0.29743589743589743,
                    0.5333333333333333,
                    0.6,
                    0.8358974358974359,
                    1,
                    1,
                    1
                ]
            }
        },
        {
            "user_id": "21604809",
            "session_id": "21604809_1474560902531",
            "timestamp": 1474551690857,
            "sequence_id": 2,
            "section_id": 4,
            "activity_id": 2,
            "activity_kind": "curvestar",
            "data": {
                "kind": "Input",
                "user_input": [
                    0.29743589743589743,
                    0.45384615384615384,
                    0.6,
                    0.8358974358974359,
                    1,
                    1,
                    1
                ]
            }
        },
        {
            "user_id": "21604809",
            "session_id": "21604809_1474560902531",
            "timestamp": 1474551693481,
            "sequence_id": 2,
            "section_id": 4,
            "activity_id": 2,
            "activity_kind": "curvestar",
            "data": {
                "kind": "Input",
                "user_input": [
                    0.29743589743589743,
                    0.45384615384615384,
                    0.6333333333333333,
                    0.8358974358974359,
                    1,
                    1,
                    1
                ]
            }
        },
        {
            "user_id": "21604809",
            "session_id": "21604809_1474560902531",
            "timestamp": 1474551695193,
            "sequence_id": 2,
            "section_id": 4,
            "activity_id": 2,
            "activity_kind": "curvestar",
            "data": {
                "kind": "Input",
                "user_input": [
                    0.29743589743589743,
                    0.45384615384615384,
                    0.6333333333333333,
                    0.8153846153846154,
                    1,
                    1,
                    1
                ]
            }
        },
        {
            "user_id": "21604809",
            "session_id": "21604809_1474560902531",
            "timestamp": 1474551696785,
            "sequence_id": 2,
            "section_id": 4,
            "activity_id": 2,
            "activity_kind": "curvestar",
            "data": {
                "kind": "Input",
                "user_input": [
                    0.29743589743589743,
                    0.45384615384615384,
                    0.6333333333333333,
                    0.8153846153846154,
                    1,
                    1,
                    1
                ]
            }
        },
        {
            "user_id": "21604809",
            "session_id": "21604809_1474560902531",
            "timestamp": 1474551698961,
            "sequence_id": 2,
            "section_id": 4,
            "activity_id": 2,
            "activity_kind": "curvestar",
            "data": {
                "kind": "Input",
                "user_input": [
                    0.29743589743589743,
                    0.45384615384615384,
                    0.6333333333333333,
                    0.8153846153846154,
                    1,
                    1,
                    1
                ]
            }
        },
        {
            "user_id": "21604809",
            "session_id": "21604809_1474560902531",
            "timestamp": 1474551711688,
            "sequence_id": 2,
            "section_id": 4,
            "activity_id": 2,
            "activity_kind": "curvestar",
            "data": {
                "kind": "Input",
                "user_input": [
                    0.29743589743589743,
                    0.45384615384615384,
                    0.5897435897435898,
                    0.8153846153846154,
                    1,
                    1,
                    1
                ]
            }
        },
        {
            "user_id": "21604809",
            "session_id": "21604809_1474560902531",
            "timestamp": 1474551752974,
            "sequence_id": 2,
            "section_id": 4,
            "activity_id": 2,
            "activity_kind": "curvestar",
            "data": {
                "kind": "Input",
                "user_input": [
                    0.5461538461538461,
                    0.45384615384615384,
                    0.5897435897435898,
                    0.8153846153846154,
                    1,
                    1,
                    1
                ]
            }
        },
        {
            "user_id": "21604809",
            "session_id": "21604809_1474560902531",
            "timestamp": 1474551754334,
            "sequence_id": 2,
            "section_id": 4,
            "activity_id": 2,
            "activity_kind": "curvestar",
            "data": {
                "kind": "Input",
                "user_input": [
                    0.5461538461538461,
                    0.6512820512820513,
                    0.5897435897435898,
                    0.8153846153846154,
                    1,
                    1,
                    1
                ]
            }
        },
        {
            "user_id": "21604809",
            "session_id": "21604809_1474560902531",
            "timestamp": 1474551755934,
            "sequence_id": 2,
            "section_id": 4,
            "activity_id": 2,
            "activity_kind": "curvestar",
            "data": {
                "kind": "Input",
                "user_input": [
                    0.5461538461538461,
                    0.6512820512820513,
                    0.7538461538461538,
                    0.8153846153846154,
                    1,
                    1,
                    1
                ]
            }
        },
        {
            "user_id": "21604809",
            "session_id": "21604809_1474560902531",
            "timestamp": 1474551756950,
            "sequence_id": 2,
            "section_id": 4,
            "activity_id": 2,
            "activity_kind": "curvestar",
            "data": {
                "kind": "Input",
                "user_input": [
                    0.5461538461538461,
                    0.6512820512820513,
                    0.7538461538461538,
                    0.8589743589743589,
                    1,
                    1,
                    1
                ]
            }
        },
        {
            "user_id": "21604809",
            "session_id": "21604809_1474560902531",
            "timestamp": 1474551758741,
            "sequence_id": 2,
            "section_id": 4,
            "activity_id": 2,
            "activity_kind": "curvestar",
            "data": {
                "kind": "Input",
                "user_input": [
                    0.5461538461538461,
                    0.6512820512820513,
                    0.7538461538461538,
                    0.8871794871794871,
                    1,
                    1,
                    1
                ]
            }
        },
        {
            "user_id": "21604809",
            "session_id": "21604809_1474560902531",
            "timestamp": 1474551760989,
            "sequence_id": 2,
            "section_id": 4,
            "activity_id": 2,
            "activity_kind": "curvestar",
            "data": {
                "kind": "Input",
                "user_input": [
                    0.5461538461538461,
                    0.6512820512820513,
                    0.7769230769230769,
                    0.8871794871794871,
                    1,
                    1,
                    1
                ]
            }
        },
        {
            "user_id": "21604809",
            "session_id": "21604809_1474560902531",
            "timestamp": 1474551765661,
            "sequence_id": 2,
            "section_id": 4,
            "activity_id": 2,
            "activity_kind": "curvestar",
            "data": {
                "kind": "Input",
                "user_input": [
                    0.5615384615384615,
                    0.6512820512820513,
                    0.7769230769230769,
                    0.8871794871794871,
                    1,
                    1,
                    1
                ]
            }
        },
        {
            "user_id": "21604809",
            "session_id": "21604809_1474560902531",
            "timestamp": 1474551767085,
            "sequence_id": 2,
            "section_id": 4,
            "activity_id": 2,
            "activity_kind": "curvestar",
            "data": {
                "kind": "Input",
                "user_input": [
                    0.5743589743589743,
                    0.6512820512820513,
                    0.7769230769230769,
                    0.8871794871794871,
                    1,
                    1,
                    1
                ]
            }
        },
        {
            "user_id": "21604809",
            "session_id": "21604809_1474560902531",
            "timestamp": 1474551769485,
            "sequence_id": 2,
            "section_id": 4,
            "activity_id": 2,
            "activity_kind": "curvestar",
            "data": {
                "kind": "Input",
                "user_input": [
                    0.5743589743589743,
                    0.6666666666666666,
                    0.7769230769230769,
                    0.8871794871794871,
                    1,
                    1,
                    1
                ]
            }
        },
        {
            "user_id": "21604809",
            "session_id": "21604809_1474560902531",
            "timestamp": 1474551771469,
            "sequence_id": 2,
            "section_id": 4,
            "activity_id": 2,
            "activity_kind": "curvestar",
            "data": {
                "kind": "Input",
                "user_input": [
                    0.5743589743589743,
                    0.6666666666666666,
                    0.7769230769230769,
                    0.9051282051282051,
                    1,
                    1,
                    1
                ]
            }
        },
        {
            "user_id": "21604809",
            "session_id": "21604809_1474560902531",
            "timestamp": 1474551776701,
            "sequence_id": 2,
            "section_id": 4,
            "activity_id": 2,
            "activity_kind": "curvestar",
            "data": {
                "kind": "Input",
                "user_input": [
                    0.5743589743589743,
                    0.6461538461538462,
                    0.7769230769230769,
                    0.9051282051282051,
                    1,
                    1,
                    1
                ]
            }
        },
        {
            "user_id": "21604809",
            "session_id": "21604809_1474560902531",
            "timestamp": 1474551778063,
            "sequence_id": 2,
            "section_id": 4,
            "activity_id": 2,
            "activity_kind": "curvestar",
            "data": {
                "kind": "Input",
                "user_input": [
                    0.5743589743589743,
                    0.6461538461538462,
                    0.6974358974358974,
                    0.9051282051282051,
                    1,
                    1,
                    1
                ]
            }
        },
        {
            "user_id": "21604809",
            "session_id": "21604809_1474560902531",
            "timestamp": 1474551779796,
            "sequence_id": 2,
            "section_id": 4,
            "activity_id": 2,
            "activity_kind": "curvestar",
            "data": {
                "kind": "Input",
                "user_input": [
                    0.5743589743589743,
                    0.6461538461538462,
                    0.6974358974358974,
                    0.823076923076923,
                    1,
                    1,
                    1
                ]
            }
        },
        {
            "user_id": "21604809",
            "session_id": "21604809_1474560902531",
            "timestamp": 1474551781420,
            "sequence_id": 2,
            "section_id": 4,
            "activity_id": 2,
            "activity_kind": "curvestar",
            "data": {
                "kind": "Input",
                "user_input": [
                    0.5743589743589743,
                    0.6461538461538462,
                    0.6974358974358974,
                    0.7717948717948718,
                    1,
                    1,
                    1
                ]
            }
        },
        {
            "user_id": "21604809",
            "session_id": "21604809_1474560902531",
            "timestamp": 1474551784428,
            "sequence_id": 2,
            "section_id": 4,
            "activity_id": 2,
            "activity_kind": "curvestar",
            "data": {
                "kind": "Input",
                "user_input": [
                    0.5743589743589743,
                    0.6461538461538462,
                    0.6974358974358974,
                    0.7717948717948718,
                    1,
                    1,
                    1
                ]
            }
        },
        {
            "user_id": "21604809",
            "session_id": "21604809_1474560902531",
            "timestamp": 1474551785916,
            "sequence_id": 2,
            "section_id": 4,
            "activity_id": 2,
            "activity_kind": "curvestar",
            "data": {
                "kind": "Input",
                "user_input": [
                    0.5743589743589743,
                    0.6461538461538462,
                    0.6974358974358974,
                    0.7717948717948718,
                    0.9076923076923077,
                    1,
                    1
                ]
            }
        },
        {
            "user_id": "21604809",
            "session_id": "21604809_1474560902531",
            "timestamp": 1474551787260,
            "sequence_id": 2,
            "section_id": 4,
            "activity_id": 2,
            "activity_kind": "curvestar",
            "data": {
                "kind": "Input",
                "user_input": [
                    0.5743589743589743,
                    0.6461538461538462,
                    0.6974358974358974,
                    0.7717948717948718,
                    0.8794871794871795,
                    1,
                    1
                ]
            }
        },
        {
            "user_id": "21604809",
            "session_id": "21604809_1474560902531",
            "timestamp": 1474551879904,
            "sequence_id": 2,
            "section_id": 5,
            "activity_id": 0,
            "activity_kind": "synthesis",
            "data": {
                "kind": "Input",
                "user_input": [
                    "prolifération",
                    "facteurs de croissance",
                    "G1/S",
                    "G1",
                    "synchronisées",
                    "G0"
                ]
            }
        },
        {
            "user_id": "21604809",
            "session_id": "21604809_1474560902531",
            "timestamp": 1474551883928,
            "sequence_id": 2,
            "section_id": 5,
            "activity_id": 0,
            "activity_kind": "synthesis",
            "data": {
                "kind": "Input",
                "user_input": [
                    "prolifération",
                    "facteurs de croissance",
                    "le point de restriction",
                    "G1",
                    "synchronisées",
                    "G0"
                ]
            }
        }
    ]
}