{
    "inputs": [
        {
            "user_id": "Cecyle",
            "session_id": "Cecyle_1480349713702",
            "timestamp": 1480337216700,
            "sequence_id": 1,
            "section_id": 0,
            "activity_id": 0,
            "activity_kind": "dragdrop",
            "data": {
                "kind": "Input",
                "user_input": [
                    {
                        "slot": 0,
                        "stickers": [
                            "0"
                        ]
                    },
                    {
                        "slot": 1,
                        "stickers": [
                            "1"
                        ]
                    },
                    {
                        "slot": 2,
                        "stickers": [
                            "2"
                        ]
                    },
                    {
                        "slot": 3,
                        "stickers": [
                            "3"
                        ]
                    },
                    {
                        "slot": 4,
                        "stickers": [
                            "4"
                        ]
                    },
                    {
                        "slot": 5,
                        "stickers": [
                            "10"
                        ]
                    },
                    {
                        "slot": 6,
                        "stickers": [
                            "12"
                        ]
                    },
                    {
                        "slot": 7,
                        "stickers": [
                            "9"
                        ]
                    },
                    {
                        "slot": 8,
                        "stickers": [
                            "11"
                        ]
                    }
                ]
            }
        },
        {
            "user_id": "Cecyle",
            "session_id": "Cecyle_1480349713702",
            "timestamp": 1480337299451,
            "sequence_id": 1,
            "section_id": 0,
            "activity_id": 0,
            "activity_kind": "dragdrop",
            "data": {
                "kind": "Input",
                "user_input": [
                    {
                        "slot": 0,
                        "stickers": [
                            "0"
                        ]
                    },
                    {
                        "slot": 1,
                        "stickers": [
                            "1"
                        ]
                    },
                    {
                        "slot": 2,
                        "stickers": [
                            "2"
                        ]
                    },
                    {
                        "slot": 3,
                        "stickers": [
                            "3"
                        ]
                    },
                    {
                        "slot": 4,
                        "stickers": [
                            "4"
                        ]
                    },
                    {
                        "slot": 5,
                        "stickers": [
                            "9"
                        ]
                    },
                    {
                        "slot": 6,
                        "stickers": [
                            "12"
                        ]
                    },
                    {
                        "slot": 7,
                        "stickers": [
                            "10"
                        ]
                    },
                    {
                        "slot": 8,
                        "stickers": [
                            "11"
                        ]
                    }
                ]
            }
        },
        {
            "user_id": "Cecyle",
            "session_id": "Cecyle_1480349713702",
            "timestamp": 1480337765443,
            "sequence_id": 1,
            "section_id": 1,
            "activity_id": 0,
            "activity_kind": "dragdrop",
            "data": {
                "kind": "Input",
                "user_input": [
                    {
                        "slot": 0,
                        "stickers": [
                            "4"
                        ]
                    },
                    {
                        "slot": 1,
                        "stickers": [
                            "2"
                        ]
                    },
                    {
                        "slot": 2,
                        "stickers": [
                            "2"
                        ]
                    },
                    {
                        "slot": 3,
                        "stickers": [
                            "0"
                        ]
                    }
                ]
            }
        },
        {
            "user_id": "Cecyle",
            "session_id": "Cecyle_1480349713702",
            "timestamp": 1480338038657,
            "sequence_id": 1,
            "section_id": 1,
            "activity_id": 1,
            "activity_kind": "curvetest",
            "data": {
                "kind": "Input",
                "user_input": [
                    1025.5102040816325,
                    1591.8367346938776,
                    2020.408163265306,
                    3091.8367346938776,
                    3918.3673469387754,
                    4974.489795918367
                ]
            }
        },
        {
            "user_id": "Cecyle",
            "session_id": "Cecyle_1480349713702",
            "timestamp": 1480338742972,
            "sequence_id": 1,
            "section_id": 2,
            "activity_id": 2,
            "activity_kind": "counttest",
            "data": {
                "kind": "Input",
                "user_input": [
                    11,
                    10,
                    10,
                    10
                ]
            }
        },
        {
            "user_id": "Cecyle",
            "session_id": "Cecyle_1480349713702",
            "timestamp": 1480338779972,
            "sequence_id": 1,
            "section_id": 2,
            "activity_id": 2,
            "activity_kind": "counttest",
            "data": {
                "kind": "Input",
                "user_input": [
                    11,
                    8,
                    12,
                    10
                ]
            }
        },
        {
            "user_id": "Cecyle",
            "session_id": "Cecyle_1480349713702",
            "timestamp": 1480339690455,
            "sequence_id": 1,
            "section_id": 2,
            "activity_id": 3,
            "activity_kind": "input",
            "data": {
                "kind": "Input",
                "user_input": "1150000"
            }
        },
        {
            "user_id": "Cecyle",
            "session_id": "Cecyle_1480349713702",
            "timestamp": 1480340510741,
            "sequence_id": 1,
            "section_id": 2,
            "activity_id": 5,
            "activity_kind": "pipette",
            "data": {
                "kind": "Input",
                "user_input": [
                    0,
                    3.64,
                    0.25,
                    40
                ]
            }
        },
        {
            "user_id": "Cecyle",
            "session_id": "Cecyle_1480349713702",
            "timestamp": 1480340607571,
            "sequence_id": 1,
            "section_id": 2,
            "activity_id": 5,
            "activity_kind": "pipette",
            "data": {
                "kind": "Input",
                "user_input": [
                    0,
                    3.64,
                    0.25,
                    40
                ]
            }
        },
        {
            "user_id": "Cecyle",
            "session_id": "Cecyle_1480349713702",
            "timestamp": 1480340611690,
            "sequence_id": 1,
            "section_id": 2,
            "activity_id": 5,
            "activity_kind": "pipette",
            "data": {
                "kind": "Input",
                "user_input": [
                    0,
                    3.64,
                    0.25,
                    40
                ]
            }
        },
        {
            "user_id": "Cecyle",
            "session_id": "Cecyle_1480349713702",
            "timestamp": 1480341086979,
            "sequence_id": 1,
            "section_id": 4,
            "activity_id": 0,
            "activity_kind": "dragdrop",
            "data": {
                "kind": "Input",
                "user_input": [
                    {
                        "slot": 0,
                        "stickers": [
                            "0"
                        ]
                    },
                    {
                        "slot": 1,
                        "stickers": [
                            "4"
                        ]
                    },
                    {
                        "slot": 2,
                        "stickers": [
                            "1"
                        ]
                    },
                    {
                        "slot": 3,
                        "stickers": [
                            "2"
                        ]
                    },
                    {
                        "slot": 4,
                        "stickers": [
                            "5"
                        ]
                    },
                    {
                        "slot": 5,
                        "stickers": [
                            "3"
                        ]
                    }
                ]
            }
        },
        {
            "user_id": "Cecyle",
            "session_id": "Cecyle_1480349713702",
            "timestamp": 1480341097842,
            "sequence_id": 1,
            "section_id": 4,
            "activity_id": 1,
            "activity_kind": "curvestar",
            "data": {
                "kind": "Input",
                "user_input": [
                    1025.5102040816325,
                    1591.8367346938776,
                    2020.408163265306,
                    3091.8367346938776,
                    3918.3673469387754,
                    4974.489795918367
                ]
            }
        },
        {
            "user_id": "Cecyle",
            "session_id": "Cecyle_1480349713702",
            "timestamp": 1480341114016,
            "sequence_id": 1,
            "section_id": 4,
            "activity_id": 1,
            "activity_kind": "curvestar",
            "data": {
                "kind": "Input",
                "user_input": [
                    1025.5102040816325,
                    1591.8367346938776,
                    2020.408163265306,
                    3091.8367346938776,
                    3918.3673469387754,
                    4974.489795918367
                ]
            }
        },
        {
            "user_id": "Cecyle",
            "session_id": "Cecyle_1480349713702",
            "timestamp": 1480341131035,
            "sequence_id": 1,
            "section_id": 4,
            "activity_id": 1,
            "activity_kind": "curvestar",
            "data": {
                "kind": "Input",
                "user_input": [
                    1025.5102040816325,
                    1025.5102040816325,
                    2020.408163265306,
                    3091.8367346938776,
                    3918.3673469387754,
                    4974.489795918367
                ]
            }
        },
        {
            "user_id": "Cecyle",
            "session_id": "Cecyle_1480349713702",
            "timestamp": 1480341136923,
            "sequence_id": 1,
            "section_id": 4,
            "activity_id": 1,
            "activity_kind": "curvestar",
            "data": {
                "kind": "Input",
                "user_input": [
                    1025.5102040816325,
                    1025.5102040816325,
                    1500,
                    3091.8367346938776,
                    3918.3673469387754,
                    4974.489795918367
                ]
            }
        },
        {
            "user_id": "Cecyle",
            "session_id": "Cecyle_1480349713702",
            "timestamp": 1480341141755,
            "sequence_id": 1,
            "section_id": 4,
            "activity_id": 1,
            "activity_kind": "curvestar",
            "data": {
                "kind": "Input",
                "user_input": [
                    1025.5102040816325,
                    1025.5102040816325,
                    1500,
                    1989.795918367347,
                    3918.3673469387754,
                    4974.489795918367
                ]
            }
        },
        {
            "user_id": "Cecyle",
            "session_id": "Cecyle_1480349713702",
            "timestamp": 1480341144707,
            "sequence_id": 1,
            "section_id": 4,
            "activity_id": 1,
            "activity_kind": "curvestar",
            "data": {
                "kind": "Input",
                "user_input": [
                    1025.5102040816325,
                    1025.5102040816325,
                    1500,
                    1989.795918367347,
                    3076.530612244898,
                    4974.489795918367
                ]
            }
        },
        {
            "user_id": "Cecyle",
            "session_id": "Cecyle_1480349713702",
            "timestamp": 1480341148491,
            "sequence_id": 1,
            "section_id": 4,
            "activity_id": 1,
            "activity_kind": "curvestar",
            "data": {
                "kind": "Input",
                "user_input": [
                    1025.5102040816325,
                    1025.5102040816325,
                    1500,
                    1989.795918367347,
                    3076.530612244898,
                    3076.530612244898
                ]
            }
        },
        {
            "user_id": "Cecyle",
            "session_id": "Cecyle_1480349713702",
            "timestamp": 1480341236067,
            "sequence_id": 1,
            "section_id": 4,
            "activity_id": 2,
            "activity_kind": "dragdrop",
            "data": {
                "kind": "Input",
                "user_input": [
                    {
                        "slot": 0,
                        "stickers": [
                            "3"
                        ]
                    },
                    {
                        "slot": 1,
                        "stickers": [
                            "4"
                        ]
                    },
                    {
                        "slot": 2,
                        "stickers": [
                            "2"
                        ]
                    }
                ]
            }
        },
        {
            "user_id": "Cecyle",
            "session_id": "Cecyle_1480349713702",
            "timestamp": 1480341300524,
            "sequence_id": 1,
            "section_id": 4,
            "activity_id": 3,
            "activity_kind": "dragdrop",
            "data": {
                "kind": "Input",
                "user_input": [
                    {
                        "slot": 0,
                        "stickers": [
                            "4"
                        ]
                    },
                    {
                        "slot": 1,
                        "stickers": [
                            "2"
                        ]
                    },
                    {
                        "slot": 2,
                        "stickers": [
                            "2"
                        ]
                    },
                    {
                        "slot": 3,
                        "stickers": [
                            "0"
                        ]
                    }
                ]
            }
        },
        {
            "user_id": "Cecyle",
            "session_id": "Cecyle_1480349713702",
            "timestamp": 1480341634406,
            "sequence_id": 1,
            "section_id": 5,
            "activity_id": 0,
            "activity_kind": "synthesis",
            "data": {
                "kind": "Input",
                "user_input": [
                    "latence",
                    "exponentielle",
                    "la courbe de croissance",
                    "une phase stationnaire",
                    "l'inhibition de contact",
                    "asynchrone",
                    "la droite",
                    "G1",
                    "désordonnées",
                    "G1, S, G2, M"
                ]
            }
        },
        {
            "user_id": "Cecyle",
            "session_id": "Cecyle_1480349713702",
            "timestamp": 1480341640503,
            "sequence_id": 1,
            "section_id": 5,
            "activity_id": 0,
            "activity_kind": "synthesis",
            "data": {
                "kind": "Input",
                "user_input": [
                    "latence",
                    "exponentielle",
                    "la courbe de croissance",
                    "une phase stationnaire",
                    "l'inhibition de contact",
                    "asynchrone",
                    "l'image",
                    "G1",
                    "ordonnées",
                    "G1, S, G2, M"
                ]
            }
        },
        {
            "user_id": "Cecyle",
            "session_id": "Cecyle_1480349713702",
            "timestamp": 1480341645013,
            "sequence_id": 1,
            "section_id": 5,
            "activity_id": 0,
            "activity_kind": "synthesis",
            "data": {
                "kind": "Input",
                "user_input": [
                    "latence",
                    "exponentielle",
                    "la courbe de croissance",
                    "une phase stationnaire",
                    "l'inhibition de contact",
                    "asynchrone",
                    "l'image",
                    "G1",
                    "ordonnées",
                    "G1, S, G2, M"
                ]
            }
        }
    ]
}