{
    "inputs": [
        {
            "user_id": "cecyle",
            "session_id": "cecyle_1480332650792",
            "timestamp": 1480319782165,
            "sequence_id": 2,
            "section_id": 0,
            "activity_id": 0,
            "activity_kind": "dragdrop",
            "data": {
                "kind": "Input",
                "user_input": [
                    {
                        "slot": 0,
                        "stickers": []
                    },
                    {
                        "slot": 1,
                        "stickers": []
                    },
                    {
                        "slot": 2,
                        "stickers": []
                    },
                    {
                        "slot": 3,
                        "stickers": []
                    },
                    {
                        "slot": 4,
                        "stickers": []
                    },
                    {
                        "slot": 5,
                        "stickers": []
                    },
                    {
                        "slot": 6,
                        "stickers": []
                    },
                    {
                        "slot": 7,
                        "stickers": []
                    }
                ]
            }
        },
        {
            "user_id": "cecyle",
            "session_id": "cecyle_1480332650792",
            "timestamp": 1480319782351,
            "sequence_id": 2,
            "section_id": 0,
            "activity_id": 0,
            "activity_kind": "dragdrop",
            "data": {
                "kind": "Input",
                "user_input": [
                    {
                        "slot": 0,
                        "stickers": []
                    },
                    {
                        "slot": 1,
                        "stickers": []
                    },
                    {
                        "slot": 2,
                        "stickers": []
                    },
                    {
                        "slot": 3,
                        "stickers": []
                    },
                    {
                        "slot": 4,
                        "stickers": []
                    },
                    {
                        "slot": 5,
                        "stickers": []
                    },
                    {
                        "slot": 6,
                        "stickers": []
                    },
                    {
                        "slot": 7,
                        "stickers": []
                    }
                ]
            }
        },
        {
            "user_id": "cecyle",
            "session_id": "cecyle_1480332650792",
            "timestamp": 1480319782590,
            "sequence_id": 2,
            "section_id": 0,
            "activity_id": 0,
            "activity_kind": "dragdrop",
            "data": {
                "kind": "Input",
                "user_input": [
                    {
                        "slot": 0,
                        "stickers": []
                    },
                    {
                        "slot": 1,
                        "stickers": []
                    },
                    {
                        "slot": 2,
                        "stickers": []
                    },
                    {
                        "slot": 3,
                        "stickers": []
                    },
                    {
                        "slot": 4,
                        "stickers": []
                    },
                    {
                        "slot": 5,
                        "stickers": []
                    },
                    {
                        "slot": 6,
                        "stickers": []
                    },
                    {
                        "slot": 7,
                        "stickers": []
                    }
                ]
            }
        },
        {
            "user_id": "cecyle",
            "session_id": "cecyle_1480332650792",
            "timestamp": 1480319832245,
            "sequence_id": 2,
            "section_id": 0,
            "activity_id": 1,
            "activity_kind": "dragdrop",
            "data": {
                "kind": "Input",
                "user_input": [
                    {
                        "slot": 0,
                        "stickers": [
                            "0"
                        ]
                    },
                    {
                        "slot": 1,
                        "stickers": [
                            "3"
                        ]
                    },
                    {
                        "slot": 2,
                        "stickers": [
                            "1",
                            "2"
                        ]
                    }
                ]
            }
        },
        {
            "user_id": "cecyle",
            "session_id": "cecyle_1480332650792",
            "timestamp": 1480319881142,
            "sequence_id": 2,
            "section_id": 1,
            "activity_id": 0,
            "activity_kind": "dragdrop",
            "data": {
                "kind": "Input",
                "user_input": [
                    {
                        "slot": 0,
                        "stickers": []
                    },
                    {
                        "slot": 1,
                        "stickers": []
                    },
                    {
                        "slot": 2,
                        "stickers": []
                    },
                    {
                        "slot": 3,
                        "stickers": [
                            "0"
                        ]
                    }
                ]
            }
        },
        {
            "user_id": "cecyle",
            "session_id": "cecyle_1480332650792",
            "timestamp": 1480319895139,
            "sequence_id": 2,
            "section_id": 1,
            "activity_id": 1,
            "activity_kind": "curvetest",
            "data": {
                "kind": "Input",
                "user_input": [
                    0.29743589743589743,
                    0.29743589743589743,
                    0.29743589743589743,
                    0.29743589743589743,
                    0.29743589743589743,
                    0.29743589743589743,
                    0.29743589743589743
                ]
            }
        },
        {
            "user_id": "cecyle",
            "session_id": "cecyle_1480332650792",
            "timestamp": 1480319900933,
            "sequence_id": 2,
            "section_id": 2,
            "activity_id": 0,
            "activity_kind": "planif",
            "data": {
                "kind": "Input",
                "user_input": {
                    "protocol": [
                        "-36",
                        "132",
                        "24"
                    ],
                    "temoincheck": false,
                    "culture": [],
                    "temoin": []
                }
            }
        },
        {
            "user_id": "cecyle",
            "session_id": "cecyle_1480332650792",
            "timestamp": 1480319901267,
            "sequence_id": 2,
            "section_id": 2,
            "activity_id": 0,
            "activity_kind": "planif",
            "data": {
                "kind": "Input",
                "user_input": {
                    "protocol": [
                        "-36",
                        "132",
                        "24"
                    ],
                    "temoincheck": false,
                    "culture": [],
                    "temoin": []
                }
            }
        },
        {
            "user_id": "cecyle",
            "session_id": "cecyle_1480332650792",
            "timestamp": 1480319901712,
            "sequence_id": 2,
            "section_id": 2,
            "activity_id": 0,
            "activity_kind": "planif",
            "data": {
                "kind": "Input",
                "user_input": {
                    "protocol": [
                        "-36",
                        "132",
                        "24"
                    ],
                    "temoincheck": false,
                    "culture": [],
                    "temoin": []
                }
            }
        },
        {
            "user_id": "cecyle",
            "session_id": "cecyle_1480332650792",
            "timestamp": 1480319973650,
            "sequence_id": 2,
            "section_id": 2,
            "activity_id": 1,
            "activity_kind": "dragdrop",
            "data": {
                "kind": "Input",
                "user_input": [
                    {
                        "slot": 0,
                        "stickers": [
                            "8"
                        ]
                    }
                ]
            }
        },
        {
            "user_id": "cecyle",
            "session_id": "cecyle_1480332650792",
            "timestamp": 1480320053205,
            "sequence_id": 2,
            "section_id": 2,
            "activity_id": 5,
            "activity_kind": "doublepipette",
            "data": {
                "kind": "Input",
                "user_input": [
                    0,
                    0,
                    0,
                    0,
                    0,
                    0
                ]
            }
        },
        {
            "user_id": "cecyle",
            "session_id": "cecyle_1480332650792",
            "timestamp": 1480320054395,
            "sequence_id": 2,
            "section_id": 2,
            "activity_id": 5,
            "activity_kind": "doublepipette",
            "data": {
                "kind": "Input",
                "user_input": [
                    0,
                    0,
                    0,
                    0,
                    0,
                    0
                ]
            }
        },
        {
            "user_id": "cecyle",
            "session_id": "cecyle_1480332650792",
            "timestamp": 1480320054947,
            "sequence_id": 2,
            "section_id": 2,
            "activity_id": 5,
            "activity_kind": "doublepipette",
            "data": {
                "kind": "Input",
                "user_input": [
                    0,
                    0,
                    0,
                    0,
                    0,
                    0
                ]
            }
        },
        {
            "user_id": "cecyle",
            "session_id": "cecyle_1480332650792",
            "timestamp": 1480320143191,
            "sequence_id": 2,
            "section_id": 4,
            "activity_id": 0,
            "activity_kind": "dragdrop",
            "data": {
                "kind": "Input",
                "user_input": [
                    {
                        "slot": 0,
                        "stickers": [
                            "1"
                        ]
                    },
                    {
                        "slot": 1,
                        "stickers": [
                            "0"
                        ]
                    },
                    {
                        "slot": 2,
                        "stickers": [
                            "2"
                        ]
                    },
                    {
                        "slot": 3,
                        "stickers": [
                            "3"
                        ]
                    },
                    {
                        "slot": 4,
                        "stickers": [
                            "4"
                        ]
                    }
                ]
            }
        },
        {
            "user_id": "cecyle",
            "session_id": "cecyle_1480332650792",
            "timestamp": 1480320156360,
            "sequence_id": 2,
            "section_id": 4,
            "activity_id": 0,
            "activity_kind": "dragdrop",
            "data": {
                "kind": "Input",
                "user_input": [
                    {
                        "slot": 0,
                        "stickers": [
                            "0"
                        ]
                    },
                    {
                        "slot": 1,
                        "stickers": [
                            "1"
                        ]
                    },
                    {
                        "slot": 2,
                        "stickers": [
                            "2"
                        ]
                    },
                    {
                        "slot": 3,
                        "stickers": [
                            "3"
                        ]
                    },
                    {
                        "slot": 4,
                        "stickers": [
                            "4"
                        ]
                    }
                ]
            }
        },
        {
            "user_id": "cecyle",
            "session_id": "cecyle_1480332650792",
            "timestamp": 1480320213597,
            "sequence_id": 2,
            "section_id": 4,
            "activity_id": 1,
            "activity_kind": "dragdrop",
            "data": {
                "kind": "Input",
                "user_input": [
                    {
                        "slot": 0,
                        "stickers": []
                    },
                    {
                        "slot": 1,
                        "stickers": []
                    },
                    {
                        "slot": 2,
                        "stickers": []
                    },
                    {
                        "slot": 3,
                        "stickers": [
                            "0"
                        ]
                    }
                ]
            }
        },
        {
            "user_id": "cecyle",
            "session_id": "cecyle_1480332650792",
            "timestamp": 1480320218703,
            "sequence_id": 2,
            "section_id": 4,
            "activity_id": 2,
            "activity_kind": "curvestar",
            "data": {
                "kind": "Input",
                "user_input": [
                    0.29743589743589743,
                    0.29743589743589743,
                    0.29743589743589743,
                    0.29743589743589743,
                    0.29743589743589743,
                    0.29743589743589743,
                    0.29743589743589743
                ]
            }
        },
        {
            "user_id": "cecyle",
            "session_id": "cecyle_1480332650792",
            "timestamp": 1480320226920,
            "sequence_id": 2,
            "section_id": 4,
            "activity_id": 2,
            "activity_kind": "curvestar",
            "data": {
                "kind": "Input",
                "user_input": [
                    0.5641025641025641,
                    0.29743589743589743,
                    0.29743589743589743,
                    0.29743589743589743,
                    0.29743589743589743,
                    0.29743589743589743,
                    0.29743589743589743
                ]
            }
        },
        {
            "user_id": "cecyle",
            "session_id": "cecyle_1480332650792",
            "timestamp": 1480320232479,
            "sequence_id": 2,
            "section_id": 4,
            "activity_id": 2,
            "activity_kind": "curvestar",
            "data": {
                "kind": "Input",
                "user_input": [
                    0.5641025641025641,
                    0.5974358974358974,
                    0.29743589743589743,
                    0.29743589743589743,
                    0.29743589743589743,
                    0.29743589743589743,
                    0.29743589743589743
                ]
            }
        },
        {
            "user_id": "cecyle",
            "session_id": "cecyle_1480332650792",
            "timestamp": 1480320236871,
            "sequence_id": 2,
            "section_id": 4,
            "activity_id": 2,
            "activity_kind": "curvestar",
            "data": {
                "kind": "Input",
                "user_input": [
                    0.5641025641025641,
                    0.5974358974358974,
                    0.8641025641025641,
                    0.29743589743589743,
                    0.29743589743589743,
                    0.29743589743589743,
                    0.29743589743589743
                ]
            }
        },
        {
            "user_id": "cecyle",
            "session_id": "cecyle_1480332650792",
            "timestamp": 1480320240342,
            "sequence_id": 2,
            "section_id": 4,
            "activity_id": 2,
            "activity_kind": "curvestar",
            "data": {
                "kind": "Input",
                "user_input": [
                    0.5641025641025641,
                    0.5974358974358974,
                    0.8641025641025641,
                    0.8717948717948718,
                    0.29743589743589743,
                    0.29743589743589743,
                    0.29743589743589743
                ]
            }
        },
        {
            "user_id": "cecyle",
            "session_id": "cecyle_1480332650792",
            "timestamp": 1480320248095,
            "sequence_id": 2,
            "section_id": 4,
            "activity_id": 2,
            "activity_kind": "curvestar",
            "data": {
                "kind": "Input",
                "user_input": [
                    0.5641025641025641,
                    0.5974358974358974,
                    0.7282051282051282,
                    0.8717948717948718,
                    0.29743589743589743,
                    0.29743589743589743,
                    0.29743589743589743
                ]
            }
        },
        {
            "user_id": "cecyle",
            "session_id": "cecyle_1480332650792",
            "timestamp": 1480320253247,
            "sequence_id": 2,
            "section_id": 4,
            "activity_id": 2,
            "activity_kind": "curvestar",
            "data": {
                "kind": "Input",
                "user_input": [
                    0.5641025641025641,
                    0.5974358974358974,
                    0.7282051282051282,
                    0.8717948717948718,
                    0.8692307692307693,
                    0.29743589743589743,
                    0.29743589743589743
                ]
            }
        },
        {
            "user_id": "cecyle",
            "session_id": "cecyle_1480332650792",
            "timestamp": 1480320255267,
            "sequence_id": 2,
            "section_id": 4,
            "activity_id": 2,
            "activity_kind": "curvestar",
            "data": {
                "kind": "Input",
                "user_input": [
                    0.5641025641025641,
                    0.5974358974358974,
                    0.7282051282051282,
                    0.8205128205128205,
                    0.8692307692307693,
                    0.29743589743589743,
                    0.29743589743589743
                ]
            }
        },
        {
            "user_id": "cecyle",
            "session_id": "cecyle_1480332650792",
            "timestamp": 1480320258687,
            "sequence_id": 2,
            "section_id": 4,
            "activity_id": 2,
            "activity_kind": "curvestar",
            "data": {
                "kind": "Input",
                "user_input": [
                    0.5641025641025641,
                    0.5974358974358974,
                    0.7282051282051282,
                    0.8205128205128205,
                    0.8692307692307693,
                    0.9,
                    0.29743589743589743
                ]
            }
        },
        {
            "user_id": "cecyle",
            "session_id": "cecyle_1480332650792",
            "timestamp": 1480320260081,
            "sequence_id": 2,
            "section_id": 4,
            "activity_id": 2,
            "activity_kind": "curvestar",
            "data": {
                "kind": "Input",
                "user_input": [
                    0.5641025641025641,
                    0.5974358974358974,
                    0.7282051282051282,
                    0.8205128205128205,
                    0.8692307692307693,
                    0.9,
                    0.29743589743589743
                ]
            }
        },
        {
            "user_id": "cecyle",
            "session_id": "cecyle_1480332650792",
            "timestamp": 1480320261282,
            "sequence_id": 2,
            "section_id": 4,
            "activity_id": 2,
            "activity_kind": "curvestar",
            "data": {
                "kind": "Input",
                "user_input": [
                    0.5641025641025641,
                    0.5974358974358974,
                    0.7282051282051282,
                    0.8205128205128205,
                    0.8692307692307693,
                    0.9,
                    0.29743589743589743
                ]
            }
        },
        {
            "user_id": "cecyle",
            "session_id": "cecyle_1480332650792",
            "timestamp": 1480320263383,
            "sequence_id": 2,
            "section_id": 4,
            "activity_id": 2,
            "activity_kind": "curvestar",
            "data": {
                "kind": "Input",
                "user_input": [
                    0.5641025641025641,
                    0.5974358974358974,
                    0.7282051282051282,
                    0.8205128205128205,
                    0.8692307692307693,
                    0.9,
                    0.9974358974358974
                ]
            }
        },
        {
            "user_id": "cecyle",
            "session_id": "cecyle_1480332650792",
            "timestamp": 1480320266743,
            "sequence_id": 2,
            "section_id": 4,
            "activity_id": 2,
            "activity_kind": "curvestar",
            "data": {
                "kind": "Input",
                "user_input": [
                    0.5641025641025641,
                    0.5974358974358974,
                    0.7282051282051282,
                    0.8205128205128205,
                    0.8692307692307693,
                    0.941025641025641,
                    0.9974358974358974
                ]
            }
        },
        {
            "user_id": "cecyle",
            "session_id": "cecyle_1480332650792",
            "timestamp": 1480320268719,
            "sequence_id": 2,
            "section_id": 4,
            "activity_id": 2,
            "activity_kind": "curvestar",
            "data": {
                "kind": "Input",
                "user_input": [
                    0.5641025641025641,
                    0.5974358974358974,
                    0.7282051282051282,
                    0.8205128205128205,
                    0.8871794871794871,
                    0.941025641025641,
                    0.9974358974358974
                ]
            }
        },
        {
            "user_id": "cecyle",
            "session_id": "cecyle_1480332650792",
            "timestamp": 1480320270887,
            "sequence_id": 2,
            "section_id": 4,
            "activity_id": 2,
            "activity_kind": "curvestar",
            "data": {
                "kind": "Input",
                "user_input": [
                    0.5641025641025641,
                    0.5974358974358974,
                    0.7282051282051282,
                    0.8205128205128205,
                    0.8871794871794871,
                    0.941025641025641,
                    0.9974358974358974
                ]
            }
        },
        {
            "user_id": "cecyle",
            "session_id": "cecyle_1480332650792",
            "timestamp": 1480320278100,
            "sequence_id": 2,
            "section_id": 4,
            "activity_id": 2,
            "activity_kind": "curvestar",
            "data": {
                "kind": "Input",
                "user_input": [
                    0.5641025641025641,
                    0.5974358974358974,
                    0.6,
                    0.8205128205128205,
                    0.8871794871794871,
                    0.941025641025641,
                    0.9974358974358974
                ]
            }
        },
        {
            "user_id": "cecyle",
            "session_id": "cecyle_1480332650792",
            "timestamp": 1480320279529,
            "sequence_id": 2,
            "section_id": 4,
            "activity_id": 2,
            "activity_kind": "curvestar",
            "data": {
                "kind": "Input",
                "user_input": [
                    0.5641025641025641,
                    0.5974358974358974,
                    0.6,
                    0.8205128205128205,
                    0.8871794871794871,
                    0.941025641025641,
                    0.9974358974358974
                ]
            }
        },
        {
            "user_id": "cecyle",
            "session_id": "cecyle_1480332650792",
            "timestamp": 1480320325814,
            "sequence_id": 2,
            "section_id": 5,
            "activity_id": 0,
            "activity_kind": "synthesis",
            "data": {
                "kind": "Input",
                "user_input": [
                    "none",
                    "none",
                    "none",
                    "none",
                    "none",
                    "none"
                ]
            }
        },
        {
            "user_id": "cecyle",
            "session_id": "cecyle_1480332650792",
            "timestamp": 1480320326162,
            "sequence_id": 2,
            "section_id": 5,
            "activity_id": 0,
            "activity_kind": "synthesis",
            "data": {
                "kind": "Input",
                "user_input": [
                    "none",
                    "none",
                    "none",
                    "none",
                    "none",
                    "none"
                ]
            }
        },
        {
            "user_id": "cecyle",
            "session_id": "cecyle_1480332650792",
            "timestamp": 1480320326348,
            "sequence_id": 2,
            "section_id": 5,
            "activity_id": 0,
            "activity_kind": "synthesis",
            "data": {
                "kind": "Input",
                "user_input": [
                    "none",
                    "none",
                    "none",
                    "none",
                    "none",
                    "none"
                ]
            }
        }
    ]
}