{
    "inputs": [
        {
            "user_id": "cecyle",
            "session_id": "cecyle_1480349646861",
            "timestamp": 1480337047371,
            "sequence_id": 1,
            "section_id": 0,
            "activity_id": 0,
            "activity_kind": "dragdrop",
            "data": {
                "kind": "Input",
                "user_input": [
                    {
                        "slot": 0,
                        "stickers": [
                            "0"
                        ]
                    },
                    {
                        "slot": 1,
                        "stickers": [
                            "1"
                        ]
                    },
                    {
                        "slot": 2,
                        "stickers": [
                            "2"
                        ]
                    },
                    {
                        "slot": 3,
                        "stickers": [
                            "3"
                        ]
                    },
                    {
                        "slot": 4,
                        "stickers": [
                            "4"
                        ]
                    },
                    {
                        "slot": 5,
                        "stickers": [
                            "9"
                        ]
                    },
                    {
                        "slot": 6,
                        "stickers": [
                            "12"
                        ]
                    },
                    {
                        "slot": 7,
                        "stickers": [
                            "10"
                        ]
                    },
                    {
                        "slot": 8,
                        "stickers": [
                            "11"
                        ]
                    }
                ]
            }
        },
        {
            "user_id": "cecyle",
            "session_id": "cecyle_1480349646861",
            "timestamp": 1480337881895,
            "sequence_id": 1,
            "section_id": 1,
            "activity_id": 0,
            "activity_kind": "dragdrop",
            "data": {
                "kind": "Input",
                "user_input": [
                    {
                        "slot": 0,
                        "stickers": [
                            "4"
                        ]
                    },
                    {
                        "slot": 1,
                        "stickers": [
                            "2"
                        ]
                    },
                    {
                        "slot": 2,
                        "stickers": [
                            "2"
                        ]
                    },
                    {
                        "slot": 3,
                        "stickers": [
                            "0"
                        ]
                    }
                ]
            }
        },
        {
            "user_id": "cecyle",
            "session_id": "cecyle_1480349646861",
            "timestamp": 1480338216664,
            "sequence_id": 1,
            "section_id": 1,
            "activity_id": 1,
            "activity_kind": "curvetest",
            "data": {
                "kind": "Input",
                "user_input": [
                    979.5918367346939,
                    1469.3877551020407,
                    2005.1020408163265,
                    2816.326530612245,
                    3994.8979591836733,
                    6000
                ]
            }
        },
        {
            "user_id": "cecyle",
            "session_id": "cecyle_1480349646861",
            "timestamp": 1480338537797,
            "sequence_id": 1,
            "section_id": 2,
            "activity_id": 2,
            "activity_kind": "counttest",
            "data": {
                "kind": "Input",
                "user_input": [
                    11,
                    11,
                    0,
                    0
                ]
            }
        },
        {
            "user_id": "cecyle",
            "session_id": "cecyle_1480349646861",
            "timestamp": 1480338717410,
            "sequence_id": 1,
            "section_id": 2,
            "activity_id": 2,
            "activity_kind": "counttest",
            "data": {
                "kind": "Input",
                "user_input": [
                    11,
                    11,
                    12,
                    12
                ]
            }
        },
        {
            "user_id": "cecyle",
            "session_id": "cecyle_1480349646861",
            "timestamp": 1480339286510,
            "sequence_id": 1,
            "section_id": 2,
            "activity_id": 3,
            "activity_kind": "input",
            "data": {
                "kind": "Input",
                "user_input": "1150000"
            }
        },
        {
            "user_id": "cecyle",
            "session_id": "cecyle_1480349646861",
            "timestamp": 1480340199416,
            "sequence_id": 1,
            "section_id": 2,
            "activity_id": 5,
            "activity_kind": "pipette",
            "data": {
                "kind": "Input",
                "user_input": [
                    17773,
                    3.02,
                    0.1,
                    33.17
                ]
            }
        },
        {
            "user_id": "cecyle",
            "session_id": "cecyle_1480349646861",
            "timestamp": 1480340947641,
            "sequence_id": 1,
            "section_id": 2,
            "activity_id": 5,
            "activity_kind": "pipette",
            "data": {
                "kind": "Input",
                "user_input": [
                    199682,
                    3,
                    0.1,
                    33
                ]
            }
        },
        {
            "user_id": "cecyle",
            "session_id": "cecyle_1480349646861",
            "timestamp": 1480341200349,
            "sequence_id": 1,
            "section_id": 4,
            "activity_id": 0,
            "activity_kind": "dragdrop",
            "data": {
                "kind": "Input",
                "user_input": [
                    {
                        "slot": 0,
                        "stickers": [
                            "0"
                        ]
                    },
                    {
                        "slot": 1,
                        "stickers": [
                            "0"
                        ]
                    },
                    {
                        "slot": 2,
                        "stickers": [
                            "1"
                        ]
                    },
                    {
                        "slot": 3,
                        "stickers": [
                            "2"
                        ]
                    },
                    {
                        "slot": 4,
                        "stickers": [
                            "3"
                        ]
                    },
                    {
                        "slot": 5,
                        "stickers": [
                            "5"
                        ]
                    }
                ]
            }
        },
        {
            "user_id": "cecyle",
            "session_id": "cecyle_1480349646861",
            "timestamp": 1480341207800,
            "sequence_id": 1,
            "section_id": 4,
            "activity_id": 1,
            "activity_kind": "curvestar",
            "data": {
                "kind": "Input",
                "user_input": [
                    979.5918367346939,
                    1469.3877551020407,
                    2005.1020408163265,
                    2816.326530612245,
                    3994.8979591836733,
                    6000
                ]
            }
        },
        {
            "user_id": "cecyle",
            "session_id": "cecyle_1480349646861",
            "timestamp": 1480341222811,
            "sequence_id": 1,
            "section_id": 4,
            "activity_id": 1,
            "activity_kind": "curvestar",
            "data": {
                "kind": "Input",
                "user_input": [
                    979.5918367346939,
                    1469.3877551020407,
                    2005.1020408163265,
                    2816.326530612245,
                    3994.8979591836733,
                    5188.775510204082
                ]
            }
        },
        {
            "user_id": "cecyle",
            "session_id": "cecyle_1480349646861",
            "timestamp": 1480341224793,
            "sequence_id": 1,
            "section_id": 4,
            "activity_id": 1,
            "activity_kind": "curvestar",
            "data": {
                "kind": "Input",
                "user_input": [
                    979.5918367346939,
                    1469.3877551020407,
                    2005.1020408163265,
                    2816.326530612245,
                    3994.8979591836733,
                    3872.4489795918366
                ]
            }
        },
        {
            "user_id": "cecyle",
            "session_id": "cecyle_1480349646861",
            "timestamp": 1480341226441,
            "sequence_id": 1,
            "section_id": 4,
            "activity_id": 1,
            "activity_kind": "curvestar",
            "data": {
                "kind": "Input",
                "user_input": [
                    979.5918367346939,
                    1469.3877551020407,
                    2005.1020408163265,
                    2816.326530612245,
                    3994.8979591836733,
                    2984.6938775510203
                ]
            }
        },
        {
            "user_id": "cecyle",
            "session_id": "cecyle_1480349646861",
            "timestamp": 1480341228501,
            "sequence_id": 1,
            "section_id": 4,
            "activity_id": 1,
            "activity_kind": "curvestar",
            "data": {
                "kind": "Input",
                "user_input": [
                    979.5918367346939,
                    1469.3877551020407,
                    2005.1020408163265,
                    2816.326530612245,
                    3994.8979591836733,
                    1974.4897959183672
                ]
            }
        },
        {
            "user_id": "cecyle",
            "session_id": "cecyle_1480349646861",
            "timestamp": 1480341230250,
            "sequence_id": 1,
            "section_id": 4,
            "activity_id": 1,
            "activity_kind": "curvestar",
            "data": {
                "kind": "Input",
                "user_input": [
                    979.5918367346939,
                    1469.3877551020407,
                    2005.1020408163265,
                    2816.326530612245,
                    3994.8979591836733,
                    2602.0408163265306
                ]
            }
        },
        {
            "user_id": "cecyle",
            "session_id": "cecyle_1480349646861",
            "timestamp": 1480341232362,
            "sequence_id": 1,
            "section_id": 4,
            "activity_id": 1,
            "activity_kind": "curvestar",
            "data": {
                "kind": "Input",
                "user_input": [
                    979.5918367346939,
                    1469.3877551020407,
                    2005.1020408163265,
                    2816.326530612245,
                    3994.8979591836733,
                    3015.3061224489797
                ]
            }
        },
        {
            "user_id": "cecyle",
            "session_id": "cecyle_1480349646861",
            "timestamp": 1480341233786,
            "sequence_id": 1,
            "section_id": 4,
            "activity_id": 1,
            "activity_kind": "curvestar",
            "data": {
                "kind": "Input",
                "user_input": [
                    979.5918367346939,
                    1469.3877551020407,
                    2005.1020408163265,
                    2816.326530612245,
                    3994.8979591836733,
                    3198.9795918367345
                ]
            }
        },
        {
            "user_id": "cecyle",
            "session_id": "cecyle_1480349646861",
            "timestamp": 1480341234689,
            "sequence_id": 1,
            "section_id": 4,
            "activity_id": 1,
            "activity_kind": "curvestar",
            "data": {
                "kind": "Input",
                "user_input": [
                    979.5918367346939,
                    1469.3877551020407,
                    2005.1020408163265,
                    2816.326530612245,
                    3994.8979591836733,
                    3321.4285714285716
                ]
            }
        },
        {
            "user_id": "cecyle",
            "session_id": "cecyle_1480349646861",
            "timestamp": 1480341236298,
            "sequence_id": 1,
            "section_id": 4,
            "activity_id": 1,
            "activity_kind": "curvestar",
            "data": {
                "kind": "Input",
                "user_input": [
                    979.5918367346939,
                    1469.3877551020407,
                    2005.1020408163265,
                    2816.326530612245,
                    3994.8979591836733,
                    3153.0612244897957
                ]
            }
        },
        {
            "user_id": "cecyle",
            "session_id": "cecyle_1480349646861",
            "timestamp": 1480341237185,
            "sequence_id": 1,
            "section_id": 4,
            "activity_id": 1,
            "activity_kind": "curvestar",
            "data": {
                "kind": "Input",
                "user_input": [
                    979.5918367346939,
                    1469.3877551020407,
                    2005.1020408163265,
                    2816.326530612245,
                    3994.8979591836733,
                    3030.612244897959
                ]
            }
        },
        {
            "user_id": "cecyle",
            "session_id": "cecyle_1480349646861",
            "timestamp": 1480341256773,
            "sequence_id": 1,
            "section_id": 4,
            "activity_id": 1,
            "activity_kind": "curvestar",
            "data": {
                "kind": "Input",
                "user_input": [
                    979.5918367346939,
                    1469.3877551020407,
                    2005.1020408163265,
                    2816.326530612245,
                    3000,
                    3030.612244897959
                ]
            }
        },
        {
            "user_id": "cecyle",
            "session_id": "cecyle_1480349646861",
            "timestamp": 1480341260850,
            "sequence_id": 1,
            "section_id": 4,
            "activity_id": 1,
            "activity_kind": "curvestar",
            "data": {
                "kind": "Input",
                "user_input": [
                    979.5918367346939,
                    1469.3877551020407,
                    2005.1020408163265,
                    2020.408163265306,
                    3000,
                    3030.612244897959
                ]
            }
        },
        {
            "user_id": "cecyle",
            "session_id": "cecyle_1480349646861",
            "timestamp": 1480341266381,
            "sequence_id": 1,
            "section_id": 4,
            "activity_id": 1,
            "activity_kind": "curvestar",
            "data": {
                "kind": "Input",
                "user_input": [
                    979.5918367346939,
                    1469.3877551020407,
                    1454.0816326530612,
                    2020.408163265306,
                    3000,
                    3030.612244897959
                ]
            }
        },
        {
            "user_id": "cecyle",
            "session_id": "cecyle_1480349646861",
            "timestamp": 1480341268314,
            "sequence_id": 1,
            "section_id": 4,
            "activity_id": 1,
            "activity_kind": "curvestar",
            "data": {
                "kind": "Input",
                "user_input": [
                    979.5918367346939,
                    964.2857142857142,
                    1454.0816326530612,
                    2020.408163265306,
                    3000,
                    3030.612244897959
                ]
            }
        },
        {
            "user_id": "cecyle",
            "session_id": "cecyle_1480349646861",
            "timestamp": 1480341350455,
            "sequence_id": 1,
            "section_id": 4,
            "activity_id": 2,
            "activity_kind": "dragdrop",
            "data": {
                "kind": "Input",
                "user_input": [
                    {
                        "slot": 0,
                        "stickers": [
                            "3"
                        ]
                    },
                    {
                        "slot": 1,
                        "stickers": [
                            "4"
                        ]
                    },
                    {
                        "slot": 2,
                        "stickers": [
                            "2"
                        ]
                    }
                ]
            }
        },
        {
            "user_id": "cecyle",
            "session_id": "cecyle_1480349646861",
            "timestamp": 1480341355028,
            "sequence_id": 1,
            "section_id": 4,
            "activity_id": 3,
            "activity_kind": "dragdrop",
            "data": {
                "kind": "Input",
                "user_input": [
                    {
                        "slot": 0,
                        "stickers": [
                            "4"
                        ]
                    },
                    {
                        "slot": 1,
                        "stickers": [
                            "2"
                        ]
                    },
                    {
                        "slot": 2,
                        "stickers": [
                            "2"
                        ]
                    },
                    {
                        "slot": 3,
                        "stickers": [
                            "0"
                        ]
                    }
                ]
            }
        },
        {
            "user_id": "cecyle",
            "session_id": "cecyle_1480349646861",
            "timestamp": 1480341549524,
            "sequence_id": 1,
            "section_id": 5,
            "activity_id": 0,
            "activity_kind": "synthesis",
            "data": {
                "kind": "Input",
                "user_input": [
                    "latence",
                    "exponentielle",
                    "la courbe de croissance",
                    "une phase stationnaire",
                    "l'inhibition de contact",
                    "asynchrone",
                    "le profil de cytométrie de flux",
                    "G1",
                    "ordonnées",
                    "G1, S, G2, M"
                ]
            }
        }
    ]
}