{
    "inputs": [
        {
            "user_id": "cecyle",
            "session_id": "cecyle_1481136678506",
            "timestamp": 1481123914599,
            "sequence_id": 1,
            "section_id": 0,
            "activity_id": 0,
            "activity_kind": "dragdrop",
            "data": {
                "kind": "Input",
                "user_input": [
                    {
                        "slot": 0,
                        "stickers": [
                            "0"
                        ]
                    },
                    {
                        "slot": 1,
                        "stickers": [
                            "1"
                        ]
                    },
                    {
                        "slot": 2,
                        "stickers": [
                            "2"
                        ]
                    },
                    {
                        "slot": 3,
                        "stickers": [
                            "3"
                        ]
                    },
                    {
                        "slot": 4,
                        "stickers": [
                            "4"
                        ]
                    },
                    {
                        "slot": 5,
                        "stickers": [
                            "9"
                        ]
                    },
                    {
                        "slot": 6,
                        "stickers": [
                            "12"
                        ]
                    },
                    {
                        "slot": 7,
                        "stickers": [
                            "10"
                        ]
                    },
                    {
                        "slot": 8,
                        "stickers": [
                            "11"
                        ]
                    }
                ]
            }
        },
        {
            "user_id": "cecyle",
            "session_id": "cecyle_1481136678506",
            "timestamp": 1481124010322,
            "sequence_id": 1,
            "section_id": 1,
            "activity_id": 0,
            "activity_kind": "dragdrop",
            "data": {
                "kind": "Input",
                "user_input": [
                    {
                        "slot": 0,
                        "stickers": [
                            "4"
                        ]
                    },
                    {
                        "slot": 1,
                        "stickers": [
                            "2"
                        ]
                    },
                    {
                        "slot": 2,
                        "stickers": [
                            "2"
                        ]
                    },
                    {
                        "slot": 3,
                        "stickers": [
                            "1"
                        ]
                    }
                ]
            }
        },
        {
            "user_id": "cecyle",
            "session_id": "cecyle_1481136678506",
            "timestamp": 1481124084176,
            "sequence_id": 1,
            "section_id": 1,
            "activity_id": 1,
            "activity_kind": "curvetest",
            "data": {
                "kind": "Input",
                "user_input": [
                    1040.8163265306123,
                    1301.0204081632653,
                    1989.795918367347,
                    2923.469387755102,
                    4010.204081632653,
                    4040.816326530612
                ]
            }
        },
        {
            "user_id": "cecyle",
            "session_id": "cecyle_1481136678506",
            "timestamp": 1481124157211,
            "sequence_id": 1,
            "section_id": 2,
            "activity_id": 2,
            "activity_kind": "counttest",
            "data": {
                "kind": "Input",
                "user_input": [
                    13,
                    12,
                    0,
                    0
                ]
            }
        },
        {
            "user_id": "cecyle",
            "session_id": "cecyle_1481136678506",
            "timestamp": 1481124167991,
            "sequence_id": 1,
            "section_id": 2,
            "activity_id": 2,
            "activity_kind": "counttest",
            "data": {
                "kind": "Input",
                "user_input": [
                    13,
                    8,
                    0,
                    0
                ]
            }
        },
        {
            "user_id": "cecyle",
            "session_id": "cecyle_1481136678506",
            "timestamp": 1481124196781,
            "sequence_id": 1,
            "section_id": 2,
            "activity_id": 2,
            "activity_kind": "counttest",
            "data": {
                "kind": "Input",
                "user_input": [
                    13,
                    8,
                    11,
                    10
                ]
            }
        },
        {
            "user_id": "cecyle",
            "session_id": "cecyle_1481136678506",
            "timestamp": 1481124288702,
            "sequence_id": 1,
            "section_id": 2,
            "activity_id": 3,
            "activity_kind": "input",
            "data": {
                "kind": "Input",
                "user_input": "111.5"
            }
        },
        {
            "user_id": "cecyle",
            "session_id": "cecyle_1481136678506",
            "timestamp": 1481124293096,
            "sequence_id": 1,
            "section_id": 2,
            "activity_id": 3,
            "activity_kind": "input",
            "data": {
                "kind": "Input",
                "user_input": "11.5"
            }
        },
        {
            "user_id": "cecyle",
            "session_id": "cecyle_1481136678506",
            "timestamp": 1481124299806,
            "sequence_id": 1,
            "section_id": 2,
            "activity_id": 3,
            "activity_kind": "input",
            "data": {
                "kind": "Input",
                "user_input": "11.5"
            }
        },
        {
            "user_id": "cecyle",
            "session_id": "cecyle_1481136678506",
            "timestamp": 1481124308449,
            "sequence_id": 1,
            "section_id": 2,
            "activity_id": 5,
            "activity_kind": "pipette",
            "data": {
                "kind": "Input",
                "user_input": [
                    0,
                    0,
                    0,
                    0
                ]
            }
        },
        {
            "user_id": "cecyle",
            "session_id": "cecyle_1481136678506",
            "timestamp": 1481124310535,
            "sequence_id": 1,
            "section_id": 2,
            "activity_id": 5,
            "activity_kind": "pipette",
            "data": {
                "kind": "Input",
                "user_input": [
                    0,
                    0,
                    0,
                    0
                ]
            }
        },
        {
            "user_id": "cecyle",
            "session_id": "cecyle_1481136678506",
            "timestamp": 1481124310984,
            "sequence_id": 1,
            "section_id": 2,
            "activity_id": 5,
            "activity_kind": "pipette",
            "data": {
                "kind": "Input",
                "user_input": [
                    0,
                    0,
                    0,
                    0
                ]
            }
        },
        {
            "user_id": "cecyle",
            "session_id": "cecyle_1481136678506",
            "timestamp": 1481124340492,
            "sequence_id": 1,
            "section_id": 4,
            "activity_id": 0,
            "activity_kind": "dragdrop",
            "data": {
                "kind": "Input",
                "user_input": [
                    {
                        "slot": 0,
                        "stickers": [
                            "0"
                        ]
                    },
                    {
                        "slot": 1,
                        "stickers": [
                            "4"
                        ]
                    },
                    {
                        "slot": 2,
                        "stickers": [
                            "1"
                        ]
                    },
                    {
                        "slot": 3,
                        "stickers": [
                            "2"
                        ]
                    },
                    {
                        "slot": 4,
                        "stickers": [
                            "5"
                        ]
                    },
                    {
                        "slot": 5,
                        "stickers": [
                            "3"
                        ]
                    }
                ]
            }
        },
        {
            "user_id": "cecyle",
            "session_id": "cecyle_1481136678506",
            "timestamp": 1481124343413,
            "sequence_id": 1,
            "section_id": 4,
            "activity_id": 1,
            "activity_kind": "curvestar",
            "data": {
                "kind": "Input",
                "user_input": [
                    1040.8163265306123,
                    1301.0204081632653,
                    1989.795918367347,
                    2923.469387755102,
                    4010.204081632653,
                    4040.816326530612
                ]
            }
        },
        {
            "user_id": "cecyle",
            "session_id": "cecyle_1481136678506",
            "timestamp": 1481124348734,
            "sequence_id": 1,
            "section_id": 4,
            "activity_id": 1,
            "activity_kind": "curvestar",
            "data": {
                "kind": "Input",
                "user_input": [
                    1040.8163265306123,
                    1301.0204081632653,
                    1989.795918367347,
                    2923.469387755102,
                    4010.204081632653,
                    4515.306122448979
                ]
            }
        },
        {
            "user_id": "cecyle",
            "session_id": "cecyle_1481136678506",
            "timestamp": 1481124351764,
            "sequence_id": 1,
            "section_id": 4,
            "activity_id": 1,
            "activity_kind": "curvestar",
            "data": {
                "kind": "Input",
                "user_input": [
                    1040.8163265306123,
                    1301.0204081632653,
                    1989.795918367347,
                    2923.469387755102,
                    4010.204081632653,
                    4056.122448979592
                ]
            }
        },
        {
            "user_id": "cecyle",
            "session_id": "cecyle_1481136678506",
            "timestamp": 1481124353760,
            "sequence_id": 1,
            "section_id": 4,
            "activity_id": 1,
            "activity_kind": "curvestar",
            "data": {
                "kind": "Input",
                "user_input": [
                    1040.8163265306123,
                    1301.0204081632653,
                    1989.795918367347,
                    2923.469387755102,
                    4010.204081632653,
                    4010.204081632653
                ]
            }
        },
        {
            "user_id": "cecyle",
            "session_id": "cecyle_1481136678506",
            "timestamp": 1481124356296,
            "sequence_id": 1,
            "section_id": 4,
            "activity_id": 1,
            "activity_kind": "curvestar",
            "data": {
                "kind": "Input",
                "user_input": [
                    1040.8163265306123,
                    1545.9183673469388,
                    1989.795918367347,
                    2923.469387755102,
                    4010.204081632653,
                    4010.204081632653
                ]
            }
        },
        {
            "user_id": "cecyle",
            "session_id": "cecyle_1481136678506",
            "timestamp": 1481124357802,
            "sequence_id": 1,
            "section_id": 4,
            "activity_id": 1,
            "activity_kind": "curvestar",
            "data": {
                "kind": "Input",
                "user_input": [
                    1040.8163265306123,
                    1362.2448979591836,
                    1989.795918367347,
                    2923.469387755102,
                    4010.204081632653,
                    4010.204081632653
                ]
            }
        },
        {
            "user_id": "cecyle",
            "session_id": "cecyle_1481136678506",
            "timestamp": 1481124358890,
            "sequence_id": 1,
            "section_id": 4,
            "activity_id": 1,
            "activity_kind": "curvestar",
            "data": {
                "kind": "Input",
                "user_input": [
                    1040.8163265306123,
                    1010.204081632653,
                    1989.795918367347,
                    2923.469387755102,
                    4010.204081632653,
                    4010.204081632653
                ]
            }
        },
        {
            "user_id": "cecyle",
            "session_id": "cecyle_1481136678506",
            "timestamp": 1481124360763,
            "sequence_id": 1,
            "section_id": 4,
            "activity_id": 1,
            "activity_kind": "curvestar",
            "data": {
                "kind": "Input",
                "user_input": [
                    1040.8163265306123,
                    1056.1224489795918,
                    1989.795918367347,
                    2923.469387755102,
                    4010.204081632653,
                    4010.204081632653
                ]
            }
        },
        {
            "user_id": "cecyle",
            "session_id": "cecyle_1481136678506",
            "timestamp": 1481124362980,
            "sequence_id": 1,
            "section_id": 4,
            "activity_id": 1,
            "activity_kind": "curvestar",
            "data": {
                "kind": "Input",
                "user_input": [
                    994.8979591836735,
                    1056.1224489795918,
                    1989.795918367347,
                    2923.469387755102,
                    4010.204081632653,
                    4010.204081632653
                ]
            }
        },
        {
            "user_id": "cecyle",
            "session_id": "cecyle_1481136678506",
            "timestamp": 1481124365124,
            "sequence_id": 1,
            "section_id": 4,
            "activity_id": 1,
            "activity_kind": "curvestar",
            "data": {
                "kind": "Input",
                "user_input": [
                    994.8979591836735,
                    994.8979591836735,
                    1989.795918367347,
                    2923.469387755102,
                    4010.204081632653,
                    4010.204081632653
                ]
            }
        },
        {
            "user_id": "cecyle",
            "session_id": "cecyle_1481136678506",
            "timestamp": 1481124368565,
            "sequence_id": 1,
            "section_id": 4,
            "activity_id": 1,
            "activity_kind": "curvestar",
            "data": {
                "kind": "Input",
                "user_input": [
                    994.8979591836735,
                    994.8979591836735,
                    1989.795918367347,
                    3015.3061224489797,
                    4010.204081632653,
                    4010.204081632653
                ]
            }
        },
        {
            "user_id": "cecyle",
            "session_id": "cecyle_1481136678506",
            "timestamp": 1481124371089,
            "sequence_id": 1,
            "section_id": 4,
            "activity_id": 1,
            "activity_kind": "curvestar",
            "data": {
                "kind": "Input",
                "user_input": [
                    994.8979591836735,
                    994.8979591836735,
                    1989.795918367347,
                    2250,
                    4010.204081632653,
                    4010.204081632653
                ]
            }
        },
        {
            "user_id": "cecyle",
            "session_id": "cecyle_1481136678506",
            "timestamp": 1481124373299,
            "sequence_id": 1,
            "section_id": 4,
            "activity_id": 1,
            "activity_kind": "curvestar",
            "data": {
                "kind": "Input",
                "user_input": [
                    994.8979591836735,
                    994.8979591836735,
                    1989.795918367347,
                    2020.408163265306,
                    4010.204081632653,
                    4010.204081632653
                ]
            }
        },
        {
            "user_id": "cecyle",
            "session_id": "cecyle_1481136678506",
            "timestamp": 1481124374900,
            "sequence_id": 1,
            "section_id": 4,
            "activity_id": 1,
            "activity_kind": "curvestar",
            "data": {
                "kind": "Input",
                "user_input": [
                    994.8979591836735,
                    994.8979591836735,
                    1989.795918367347,
                    1989.795918367347,
                    4010.204081632653,
                    4010.204081632653
                ]
            }
        },
        {
            "user_id": "cecyle",
            "session_id": "cecyle_1481136678506",
            "timestamp": 1481124378725,
            "sequence_id": 1,
            "section_id": 4,
            "activity_id": 1,
            "activity_kind": "curvestar",
            "data": {
                "kind": "Input",
                "user_input": [
                    994.8979591836735,
                    994.8979591836735,
                    1989.795918367347,
                    1989.795918367347,
                    2984.6938775510203,
                    4010.204081632653
                ]
            }
        },
        {
            "user_id": "cecyle",
            "session_id": "cecyle_1481136678506",
            "timestamp": 1481124382083,
            "sequence_id": 1,
            "section_id": 4,
            "activity_id": 1,
            "activity_kind": "curvestar",
            "data": {
                "kind": "Input",
                "user_input": [
                    994.8979591836735,
                    994.8979591836735,
                    1989.795918367347,
                    1989.795918367347,
                    2984.6938775510203,
                    2984.6938775510203
                ]
            }
        },
        {
            "user_id": "cecyle",
            "session_id": "cecyle_1481136678506",
            "timestamp": 1481124387457,
            "sequence_id": 1,
            "section_id": 4,
            "activity_id": 1,
            "activity_kind": "curvestar",
            "data": {
                "kind": "Input",
                "user_input": [
                    994.8979591836735,
                    994.8979591836735,
                    1989.795918367347,
                    1989.795918367347,
                    2984.6938775510203,
                    2984.6938775510203
                ]
            }
        },
        {
            "user_id": "cecyle",
            "session_id": "cecyle_1481136678506",
            "timestamp": 1481124401768,
            "sequence_id": 1,
            "section_id": 4,
            "activity_id": 1,
            "activity_kind": "curvestar",
            "data": {
                "kind": "Input",
                "user_input": [
                    994.8979591836735,
                    994.8979591836735,
                    1989.795918367347,
                    1989.795918367347,
                    2984.6938775510203,
                    2984.6938775510203
                ]
            }
        },
        {
            "user_id": "cecyle",
            "session_id": "cecyle_1481136678506",
            "timestamp": 1481124403096,
            "sequence_id": 1,
            "section_id": 4,
            "activity_id": 1,
            "activity_kind": "curvestar",
            "data": {
                "kind": "Input",
                "user_input": [
                    994.8979591836735,
                    994.8979591836735,
                    1989.795918367347,
                    1989.795918367347,
                    2984.6938775510203,
                    2984.6938775510203
                ]
            }
        },
        {
            "user_id": "cecyle",
            "session_id": "cecyle_1481136678506",
            "timestamp": 1481124404263,
            "sequence_id": 1,
            "section_id": 4,
            "activity_id": 1,
            "activity_kind": "curvestar",
            "data": {
                "kind": "Input",
                "user_input": [
                    994.8979591836735,
                    994.8979591836735,
                    1989.795918367347,
                    1989.795918367347,
                    2984.6938775510203,
                    2984.6938775510203
                ]
            }
        },
        {
            "user_id": "cecyle",
            "session_id": "cecyle_1481136678506",
            "timestamp": 1481124405395,
            "sequence_id": 1,
            "section_id": 4,
            "activity_id": 1,
            "activity_kind": "curvestar",
            "data": {
                "kind": "Input",
                "user_input": [
                    994.8979591836735,
                    994.8979591836735,
                    1989.795918367347,
                    1989.795918367347,
                    2984.6938775510203,
                    2984.6938775510203
                ]
            }
        },
        {
            "user_id": "cecyle",
            "session_id": "cecyle_1481136678506",
            "timestamp": 1481124406951,
            "sequence_id": 1,
            "section_id": 4,
            "activity_id": 1,
            "activity_kind": "curvestar",
            "data": {
                "kind": "Input",
                "user_input": [
                    994.8979591836735,
                    994.8979591836735,
                    1989.795918367347,
                    1989.795918367347,
                    2984.6938775510203,
                    2984.6938775510203
                ]
            }
        },
        {
            "user_id": "cecyle",
            "session_id": "cecyle_1481136678506",
            "timestamp": 1481124408252,
            "sequence_id": 1,
            "section_id": 4,
            "activity_id": 1,
            "activity_kind": "curvestar",
            "data": {
                "kind": "Input",
                "user_input": [
                    994.8979591836735,
                    994.8979591836735,
                    1989.795918367347,
                    1989.795918367347,
                    2984.6938775510203,
                    2984.6938775510203
                ]
            }
        },
        {
            "user_id": "cecyle",
            "session_id": "cecyle_1481136678506",
            "timestamp": 1481124484872,
            "sequence_id": 1,
            "section_id": 4,
            "activity_id": 2,
            "activity_kind": "dragdrop",
            "data": {
                "kind": "Input",
                "user_input": [
                    {
                        "slot": 0,
                        "stickers": [
                            "3"
                        ]
                    },
                    {
                        "slot": 1,
                        "stickers": [
                            "4"
                        ]
                    },
                    {
                        "slot": 2,
                        "stickers": [
                            "2"
                        ]
                    }
                ]
            }
        },
        {
            "user_id": "cecyle",
            "session_id": "cecyle_1481136678506",
            "timestamp": 1481124512956,
            "sequence_id": 1,
            "section_id": 4,
            "activity_id": 3,
            "activity_kind": "dragdrop",
            "data": {
                "kind": "Input",
                "user_input": [
                    {
                        "slot": 0,
                        "stickers": [
                            "4"
                        ]
                    },
                    {
                        "slot": 1,
                        "stickers": [
                            "2"
                        ]
                    },
                    {
                        "slot": 2,
                        "stickers": [
                            "2"
                        ]
                    },
                    {
                        "slot": 3,
                        "stickers": [
                            "1"
                        ]
                    }
                ]
            }
        },
        {
            "user_id": "cecyle",
            "session_id": "cecyle_1481136678506",
            "timestamp": 1481124519883,
            "sequence_id": 1,
            "section_id": 4,
            "activity_id": 3,
            "activity_kind": "dragdrop",
            "data": {
                "kind": "Input",
                "user_input": [
                    {
                        "slot": 0,
                        "stickers": [
                            "4"
                        ]
                    },
                    {
                        "slot": 1,
                        "stickers": [
                            "2"
                        ]
                    },
                    {
                        "slot": 2,
                        "stickers": [
                            "2"
                        ]
                    },
                    {
                        "slot": 3,
                        "stickers": [
                            "1"
                        ]
                    }
                ]
            }
        },
        {
            "user_id": "cecyle",
            "session_id": "cecyle_1481136678506",
            "timestamp": 1481124519891,
            "sequence_id": 1,
            "section_id": 4,
            "activity_id": 3,
            "activity_kind": "dragdrop",
            "data": {
                "kind": "Input",
                "user_input": [
                    {
                        "slot": 0,
                        "stickers": [
                            "3"
                        ]
                    },
                    {
                        "slot": 1,
                        "stickers": [
                            "2"
                        ]
                    },
                    {
                        "slot": 2,
                        "stickers": [
                            "2"
                        ]
                    },
                    {
                        "slot": 3,
                        "stickers": [
                            "1"
                        ]
                    }
                ]
            }
        },
        {
            "user_id": "cecyle",
            "session_id": "cecyle_1481136678506",
            "timestamp": 1481124524784,
            "sequence_id": 1,
            "section_id": 4,
            "activity_id": 3,
            "activity_kind": "dragdrop",
            "data": {
                "kind": "Input",
                "user_input": [
                    {
                        "slot": 0,
                        "stickers": [
                            "3"
                        ]
                    },
                    {
                        "slot": 1,
                        "stickers": [
                            "2"
                        ]
                    },
                    {
                        "slot": 2,
                        "stickers": [
                            "2"
                        ]
                    },
                    {
                        "slot": 3,
                        "stickers": [
                            "1"
                        ]
                    }
                ]
            }
        },
        {
            "user_id": "cecyle",
            "session_id": "cecyle_1481136678506",
            "timestamp": 1481124524813,
            "sequence_id": 1,
            "section_id": 4,
            "activity_id": 3,
            "activity_kind": "dragdrop",
            "data": {
                "kind": "Input",
                "user_input": [
                    {
                        "slot": 0,
                        "stickers": [
                            "4"
                        ]
                    },
                    {
                        "slot": 1,
                        "stickers": [
                            "2"
                        ]
                    },
                    {
                        "slot": 2,
                        "stickers": [
                            "2"
                        ]
                    },
                    {
                        "slot": 3,
                        "stickers": [
                            "1"
                        ]
                    }
                ]
            }
        },
        {
            "user_id": "cecyle",
            "session_id": "cecyle_1481136678506",
            "timestamp": 1481124528902,
            "sequence_id": 1,
            "section_id": 4,
            "activity_id": 3,
            "activity_kind": "dragdrop",
            "data": {
                "kind": "Input",
                "user_input": [
                    {
                        "slot": 0,
                        "stickers": [
                            "4"
                        ]
                    },
                    {
                        "slot": 1,
                        "stickers": [
                            "2"
                        ]
                    },
                    {
                        "slot": 2,
                        "stickers": [
                            "2"
                        ]
                    },
                    {
                        "slot": 3,
                        "stickers": [
                            "0"
                        ]
                    }
                ]
            }
        },
        {
            "user_id": "cecyle",
            "session_id": "cecyle_1481136678506",
            "timestamp": 1481124528893,
            "sequence_id": 1,
            "section_id": 4,
            "activity_id": 3,
            "activity_kind": "dragdrop",
            "data": {
                "kind": "Input",
                "user_input": [
                    {
                        "slot": 0,
                        "stickers": [
                            "4"
                        ]
                    },
                    {
                        "slot": 1,
                        "stickers": [
                            "2"
                        ]
                    },
                    {
                        "slot": 2,
                        "stickers": [
                            "2"
                        ]
                    },
                    {
                        "slot": 3,
                        "stickers": [
                            "1"
                        ]
                    }
                ]
            }
        },
        {
            "user_id": "cecyle",
            "session_id": "cecyle_1481136678506",
            "timestamp": 1481124596979,
            "sequence_id": 1,
            "section_id": 5,
            "activity_id": 0,
            "activity_kind": "synthesis",
            "data": {
                "kind": "Input",
                "user_input": [
                    "latence",
                    "exponentielle",
                    "la courbe de croissance",
                    "une phase stationnaire",
                    "l'inhibition de contact",
                    "asynchrone",
                    "le profil de cytométrie de flux",
                    "G1",
                    "désordonnées",
                    "G1, S, G2, M"
                ]
            }
        },
        {
            "user_id": "cecyle",
            "session_id": "cecyle_1481136678506",
            "timestamp": 1481124603316,
            "sequence_id": 1,
            "section_id": 5,
            "activity_id": 0,
            "activity_kind": "synthesis",
            "data": {
                "kind": "Input",
                "user_input": [
                    "latence",
                    "exponentielle",
                    "la courbe de croissance",
                    "une phase stationnaire",
                    "l'inhibition de contact",
                    "asynchrone",
                    "le profil de cytométrie de flux",
                    "G1",
                    "ordonnées",
                    "G1, S, G2, M"
                ]
            }
        }
    ]
}